Startfile from command line: /home/lum/5ly6/refine12_weight_0.1_stpmax_8/ase/50/50_capping.sp


       ***********************************************************
       *                    TeraChem v1.93P                      *
       *                 Hg Version: 79b87f121f2d                *
       *                   Production Version                    *
       *                Compiled without textures                *
       *           Chemistry at the Speed of Graphics!           *
       ***********************************************************
       * This program may only be used in connection with        *
       * a valid license from PetaChem, LLC. Use of this program *
       * or results thereof indicates acceptance of all terms    *
       * and conditions stated in the license and that a valid   *
       * license agreement between the user and PetaChem, LLC    *
       * exists. PetaChem, LLC does not warrant the correctness  *
       * of results or their suitability for any purpose.        *
       * Please email bugs, suggestions, and comments to         *
       *                  help@petachem.com                      *
       *                                                         *
       ***********************************************************


       ***********************************************************
       *  Compiled by toddmtz      Wed Aug 16 03:32:31 PDT 2017  *
       *  Supported architectures: sm_20 sm_30 sm_50 sm_60       *
       *  Cuda compilation tools, release 8.0, V8.0.44           *
       ***********************************************************


 Job started   Fri May 31 08:32:54 2019
 On cu33 (available memory: 49487 MB)

######################################### RUNTIME INFO ##########################################
/public/qmsoft/TeraChem/bin/terachem /home/lum/5ly6/refine12_weight_0.1_stpmax_8/ase/50/50_capping.sp 

NVRM version: NVIDIA UNIX x86_64 Kernel Module  396.26  Mon Apr 30 18:01:39 PDT 2018
GCC version:  gcc version 4.8.5 20150623 (Red Hat 4.8.5-4) (GCC) 

	linux-vdso.so.1 (0x00007ffee9eb5000)
	libcurl.so.4 => /lib64/libcurl.so.4 (0x00002b12a2d6e000)
	libintbox.so.1 => /public/qmsoft/TeraChem/lib/libintbox.so.1 (0x00002b12a2fd6000)
	libthcbox.so.1 => /public/qmsoft/TeraChem/lib/libthcbox.so.1 (0x00002b12c2be4000)
	libgridbox.so.1 => /public/qmsoft/TeraChem/lib/libgridbox.so.1 (0x00002b12c474e000)
	libdftbox.so.1 => /public/qmsoft/TeraChem/lib/libdftbox.so.1 (0x00002b12c4c3f000)
	libcublas.so.8.0 => /public/qmsoft/TeraChem/lib/libcublas.so.8.0 (0x00002b12c4f50000)
	libcufft.so.8.0 => /public/qmsoft/TeraChem/lib/libcufft.so.8.0 (0x00002b12c7900000)
	libcuda.so.1 => /public/qmsoft/TeraChem/lib/libcuda.so.1 (0x00002b12d074e000)
	libcudart.so.8.0 => /public/qmsoft/TeraChem/lib/libcudart.so.8.0 (0x00002b12d16ce000)
	libcrypto.so.10 => /lib64/libcrypto.so.10 (0x00002b12d1934000)
	libssl.so.10 => /lib64/libssl.so.10 (0x00002b12d1d1b000)
	libm.so.6 => /lib64/libm.so.6 (0x00002b12d1f88000)
	libcilkrts.so.5 => /public/qmsoft/TeraChem/lib/libcilkrts.so.5 (0x00002b12d228a000)
	libstdc++.so.6 => /lib64/libstdc++.so.6 (0x00002b12d24cb000)
	libgcc_s.so.1 => /lib64/libgcc_s.so.1 (0x00002b12d27d3000)
	libpthread.so.0 => /lib64/libpthread.so.0 (0x00002b12d29e9000)
	libdl.so.2 => /lib64/libdl.so.2 (0x00002b12d2c07000)
	libc.so.6 => /lib64/libc.so.6 (0x00002b12d2e0b000)
	/lib64/ld-linux-x86-64.so.2 (0x00002b12a2b4b000)
	libidn.so.11 => /lib64/libidn.so.11 (0x00002b12d31b8000)
	libssh2.so.1 => /lib64/libssh2.so.1 (0x00002b12d33eb000)
	libssl3.so => /lib64/libssl3.so (0x00002b12d3615000)
	libsmime3.so => /lib64/libsmime3.so (0x00002b12d3857000)
	libnss3.so => /lib64/libnss3.so (0x00002b12d3a7e000)
	libnssutil3.so => /lib64/libnssutil3.so (0x00002b12d3da4000)
	libplds4.so => /lib64/libplds4.so (0x00002b12d3fd0000)
	libplc4.so => /lib64/libplc4.so (0x00002b12d41d4000)
	libnspr4.so => /lib64/libnspr4.so (0x00002b12d43d9000)
	libgssapi_krb5.so.2 => /lib64/libgssapi_krb5.so.2 (0x00002b12d4617000)
	libkrb5.so.3 => /lib64/libkrb5.so.3 (0x00002b12d4863000)
	libk5crypto.so.3 => /lib64/libk5crypto.so.3 (0x00002b12d4b48000)
	libcom_err.so.2 => /lib64/libcom_err.so.2 (0x00002b12d4d7a000)
	liblber-2.4.so.2 => /lib64/liblber-2.4.so.2 (0x00002b12d4f7e000)
	libldap-2.4.so.2 => /lib64/libldap-2.4.so.2 (0x00002b12d518d000)
	libz.so.1 => /lib64/libz.so.1 (0x00002b12d53e0000)
	librt.so.1 => /lib64/librt.so.1 (0x00002b12d55f6000)
	libnvidia-fatbinaryloader.so.396.26 => /lib64/libnvidia-fatbinaryloader.so.396.26 (0x00002b12d57fe000)
	libkrb5support.so.0 => /lib64/libkrb5support.so.0 (0x00002b12d5a4a000)
	libkeyutils.so.1 => /lib64/libkeyutils.so.1 (0x00002b12d5c59000)
	libresolv.so.2 => /lib64/libresolv.so.2 (0x00002b12d5e5d000)
	libsasl2.so.3 => /lib64/libsasl2.so.3 (0x00002b12d6074000)
	libselinux.so.1 => /lib64/libselinux.so.1 (0x00002b12d6291000)
	libcrypt.so.1 => /lib64/libcrypt.so.1 (0x00002b12d64b6000)
	libpcre.so.1 => /lib64/libpcre.so.1 (0x00002b12d66ed000)
	liblzma.so.5 => /lib64/liblzma.so.5 (0x00002b12d694e000)
#################################################################################################

       ********************** License Check **********************
       * Use license from: /public/qmsoft/TeraChem/license.dat
       * Available Host id: AC1F6B20BA82
       * Available Host id: AC1F6B20BA83
       * Available Host id: 52540000F6B3
       * Available Host id: 52540000F6B3
       * License Host id: AC1F6B20BA82
       * License expires: 2019-10-21
       ********************** License OK *************************
  _________________________________
 |         DFTD3 V3.0 Rev 2        |
 | S.Grimme, University Bonn       |
 |           Aug  2013             |
  _________________________________
 
 Please cite DFT-D3 work done with this code as:
 S. Grimme, J. Antony, S. Ehrlich and H. Krieg,
 J. Chem. Phys. 132 (2010), 154104
 If used with BJ-damping cite also
 S. Grimme, S. Ehrlich and L. Goerigk,
 J. Comput. Chem. 32 (2011), 1456-1465
 For DFT-D2 the reference is
 S. Grimme, J. Comput. Chem., 27 (2006), 1787-1799
 
Scratch directory: /tmp/lum/5ly6/refine12_weight_0.1_stpmax_8/ase/50/scr
Random number seed: 1697821161

XYZ coordinates /home/lum/5ly6/refine12_weight_0.1_stpmax_8/ase/50/50_capping.xyz
Molden File Output: /tmp/lum/5ly6/refine12_weight_0.1_stpmax_8/ase/50/scr/50_capping.molden
Using basis set: 6-31g
Spin multiplicity: 1
DIIS will use up to 10 vectors.
WF convergence threshold: 3.00e-05
Using DIIS algorithm to converge WF
Maximum number of SCF iterations: 300
Incremental fock with rebuild every 8 iterations
Will switch to conventional Fock if diffuse functions are detected
X-matrix tolerance: 1.00e-04
PRECISION: DYNAMIC
DFT Functional requested: hf
Method: Hartree-Fock  with dispersion correction
Wavefunction: RESTRICTED
Initial guess generated by maximum overlap

********************************************
**** SINGLE POINT GRADIENT CALCULATIONS ****
********************************************
SCF:   Initial guess is taken from previous step
COSMO model for polarizable continuum model enabled

using 4 out of 4 CUDA devices
   Device 0:  GeForce GTX 1080 Ti, 11178MB, CC 6.1 -- CPU THREAD 0
   Device 1:  GeForce GTX 1080 Ti, 11178MB, CC 6.1 -- CPU THREAD 1
   Device 2:  GeForce GTX 1080 Ti, 11178MB, CC 6.1 -- CPU THREAD 2
   Device 3:  GeForce GTX 1080 Ti, 11178MB, CC 6.1 -- CPU THREAD 3
-------------------------------------------------------------------
Compiled with MAGMA support.  MAGMA parameters:
    Matrices larger than 5000 square will be treated with MAGMA
       (Change by setting the MagmaMinN environment variable)
    Magma will use 1 out of 4 GPUs
       (Change by setting the MagmaNGPUs environment variable)
-------------------------------------------------------------------
 CPU Memory Available: 8018.12 MegaWords 
 GPU Memory Available: 1141.31 MegaWords 
 Maximum recommended basis set size: 12200 basis functions
 (limited by GPU memory)
-------------------------------------------------------------------
Not using d-functions. Configuring GPUs accordingly.
0: CUBLAS initialized, available GPU memory: 8168MB
1: CUBLAS initialized, available GPU memory: 8164MB
2: CUBLAS initialized, available GPU memory: 8170MB
3: CUBLAS initialized, available GPU memory: 8170MB


Basis set:       6-31g
Total atoms:     148
Total charge:    -1
Total electrons: 580 (290-alpha, 290-beta)
Number electrons modeled by ECPs: 0
Total orbitals:  835
Total AO shells: 527 (373 S-shells; 154 P-shells; 0 D-shells; 0 F-shells; 0 G-shells)
Spin multiplicity: 1
Nuclear repulsion energy (QM atoms): 13185.722903800026 a.u.

DFTD Energy:    -1.1958153 hartree
=COSMO= Number of H atoms in QM atoms:71
=COSMO= Number of Heavy atoms in QM atoms:77
reached first line of InitCosmoSwigNoMatrix
q is allocated
B is allocated
Bz is allocated
z is allocated
c is allocated
=COSMO= No Matrix Cosmo Initialization finished.
=COSMO= ++++++++++++++++++++++++++++++ COSMO parameters ++++++++++++++++++++++++++++++
=COSMO= I. Cavity Information:
=COSMO= SAS(Solvent accesible surface) initialization finished
=COSMO= Time for initializing Molecular Surface:0.07255100 (sec)
=COSMO= Time for initializing cosmo calculation:0.02102700 (sec)
=COSMO= Cavity effective radius(Angstrom) (r_solv+r_vdw-dsc) was written into /tmp/lum/5ly6/refine12_weight_0.1_stpmax_8/ase/50/scr/ratom.txt
=COSMO= Solvent Dielectric Constant:78.390000
=COSMO= Cosmo Solvent radius:0.000000
=COSMO= Cosmo charge scaling method:0
=COSMO= Cavity built with Lebedev Grid
=COSMO= Grid points/QM Hydrogen: 110
=COSMO= Grid points/QM Heavy atom: 110
=COSMO= Herbert Switching-Gaussian method turned on
=COSMO= After removing points inside of SAS:
=COSMO= Total number of segments on molecular surface:7915
=COSMO= Number of segments belonging to QM atoms:7915
=COSMO= Total surface area of cavity: 1150.4989(Angstrom^2)
=COSMO= Total volume of cavity: 659.1684 (Angstrom^3)
=COSMO= II. COSMO integral options:
=COSMO= Building COMSO c vector with original algorithm
=COSMO= COSMO one-electron integral threshold: 1e-12 
=COSMO= III. Linear solver options:
=COSMO= Initialize COSMO for A matrix in no matrix storage form
=COSMO= CG precondtioner:Jacobi
=COSMO= Tight CG convergence threshold:1e-06
=COSMO= CG dynamic threshold: on
=COSMO= Adjust CG convergence threshold dynamically
=COSMO= IV. PCM field read/write options:
=COSMO= PCM field is not written to files
=COSMO= No PCM field file is read in
=COSMO= ++++++++++++++++++++++++++++++++++++++++++++++++++++++++++++++++++++++++++++++++

                      *** Start SCF Iterations ***

 Iter     DIIS Error       Energy change         Energy              E_PCM      Time(s)
---------------------------------------------------------------------------------------
         >>> Purifying P... IDMP = 2.68e-14 <<<
THRESPDP set to 1.00e+00
   1     0.2630823177   -3759.5700035049   -3759.5700035049     -0.5551308994    1.90  
   2     0.2143236623     -18.1261148130   -3777.6961183179     -0.3345257823    1.28  
   3     0.0748221620      -2.8083156925   -3780.5044340104     -0.4376275317    1.84  
   4     0.0240957004      -0.3604633687   -3780.8648973791     -0.3908748076    1.48  
   5     0.0067136574      -0.0465714031   -3780.9114687822     -0.4131363103    1.49  
THRESPDP set to 2.82e-04
   6     0.0026679245      -0.0050389099   -3780.9165076921     -0.4163890940    1.87  
   7     0.0014763983      -0.0010372779   -3780.9175449700     -0.4182953655    1.36  
   8     0.0009840547      -0.0001907745   -3780.9177357445     -0.4191833596    1.68  
   9     0.0006128650      -0.0000307648   -3780.9177665093     -0.4193595089    1.07  
  10     0.0003199301      -0.0000057449   -3780.9177722542     -0.4194370543    1.48  
  11     0.0001842370      -0.0000012925   -3780.9177735467     -0.4194616428    1.49  
  12     0.0000858863      -0.0000006884   -3780.9177742350     -0.4194713438    1.02  
  13     0.0000412211      -0.0000000137   -3780.9177742487     -0.4194742456    0.82  
  14     0.0000168843      -0.0000012054   -3780.9177754542     -0.4194730997    0.98  
---------------------------------------------------------------------------------------
FINAL ENERGY: -3780.9177754542 a.u.
DISPERSION CONTRIBUTION TO ENERGY: -1.1958153015 a.u.
C-PCM contribution to final energy:-0.4194730997 a.u. ( already included in final energy )
Computing C-PCM contribution to gradient...
CENTER OF MASS: {62.278455, 59.944485, 48.866102} ANGS
DIPOLE MOMENT: {-5.485049, -2.130662, -15.701333} (|D| = 16.767747) DEBYE
Cannot open /tmp/lum/5ly6/refine12_weight_0.1_stpmax_8/ase/50/scr
Writing out molden info

Gradient units are Hartree/Bohr
---------------------------------------------------
        dE/dX            dE/dY            dE/dZ
   -0.0944891120    -0.0949462602    -0.0247751664
    0.0068802446    -0.0078400350    -0.0623221538
   -0.0098443177     0.0401061531     0.0349900364
    0.0274271701    -0.0304430041    -0.0403097541
    0.0018328019     0.0164064946     0.0260082214
    0.0361599216     0.0249592877    -0.0327669959
    0.0025548599    -0.0243554918     0.0065895707
    0.0000500231     0.0188123491     0.0137143964
   -0.0068673129    -0.0072975121    -0.0003071303
   -0.0066301539     0.0075035258     0.0122552442
   -0.0027568565    -0.0010189805    -0.0009355963
   -0.0134026310     0.0004985188     0.0088945402
   -0.0074896628    -0.0165128617     0.0178962688
    0.0022297486     0.0065949178    -0.0004172162
   -0.0054970260    -0.0078923561    -0.0052827446
   -0.0021020076     0.0080587362    -0.0003674711
   -0.0077316379    -0.0001035062    -0.0037758702
    0.0088556443    -0.0086627171    -0.0181984059
   -0.0044065832    -0.0141221014     0.0129873688
   -0.0117002433     0.0201831558     0.0350796338
   -0.0574705751     0.0396029322    -0.0447050274
   -0.0050186276     0.0214506627     0.0148889166
   -0.0007231219     0.0074852055    -0.0013230125
    0.0868825324    -0.0138291430     0.0101571802
   -0.0709848776     0.0557284663     0.0372624765
   -0.0131580976     0.0254210662    -0.0436815488
   -0.0080815457    -0.0294829908     0.0214061858
    0.0175423549     0.0710439320    -0.0949508109
    0.0111282545    -0.0185429601    -0.0217044733
    0.0360983821    -0.0260094981     0.0013271865
   -0.0058363177    -0.0034625125    -0.0007982957
   -0.0088340053    -0.0024387370     0.0107840721
    0.0039212636    -0.0259260270     0.0059372698
    0.0146610306    -0.0115374500    -0.0310342570
   -0.0121451339    -0.0018994865     0.0155251945
    0.0279451486    -0.0129799096     0.0090446358
    0.0085925367     0.0011707726    -0.0053865491
   -0.0097081234     0.0052406001    -0.0018943576
   -0.0006987118    -0.0561830552     0.0423221327
   -0.0192236250     0.0042975418     0.0396225723
    0.0101653291    -0.0069905677     0.0074609481
    0.0184789653    -0.0892076393    -0.0102894142
   -0.0278875817     0.0752194786     0.0076928157
    0.0727939341    -0.1030381214    -0.0491375140
   -0.0446027658     0.0433774768     0.0247916175
    0.0066400876     0.0126158955     0.0025656958
   -0.0140056278     0.0090769794    -0.0731699970
    0.0331628282    -0.0491382314     0.0205122959
   -0.0370346814     0.0148835736    -0.0004134911
    0.0171117119     0.0172408439    -0.0119002858
   -0.0197395958     0.0276879149     0.0151895831
    0.0217379176    -0.0098412096     0.0063648683
   -0.0045056143    -0.0056830968     0.0045949007
    0.0014249734    -0.0068595674    -0.0032589487
    0.0122342810     0.0142683750     0.0326761632
   -0.0171377663    -0.0092067882     0.0254911262
   -0.0411451857     0.0885972990     0.0253451994
   -0.0684250838    -0.0705442902     0.0133154562
    0.0055047152     0.1173102612    -0.1188926494
    0.0011825872    -0.0515976893     0.0810684998
    0.0237795619    -0.0239479548    -0.0127828744
    0.0396384774     0.0193712972    -0.0160785635
    0.0224400890    -0.0078459384     0.0151039897
   -0.0022145368    -0.0693273232     0.0946023168
   -0.0506204024    -0.0633878374    -0.0063100270
    0.0681425275     0.1175641915     0.0037075959
   -0.0859676290    -0.0904073671    -0.0108896549
    0.0531889609    -0.0090588804     0.0081320125
    0.1282872067    -0.0337459733    -0.0216708812
   -0.0471232676     0.0208899192     0.0310992458
   -0.0684811962     0.0002895379    -0.0397438476
    0.0008106345     0.0206484799    -0.0451743134
    0.0238947853     0.0192275862    -0.0278633498
   -0.0171666805     0.0347580917     0.0042520200
   -0.0145635453    -0.0088349506     0.0153138478
    0.0063925165     0.0013087504     0.0100271401
   -0.0137995949     0.0020553798     0.0031600288
    0.0335947905     0.0162074985    -0.0029485289
    0.0170642388     0.0375319415     0.0609751318
   -0.0319570943    -0.0834839521    -0.0749716991
   -0.0075438763     0.0171588423     0.0168571901
   -0.0173864654    -0.0451261488    -0.0412361901
    0.0891166127     0.1088126080     0.0448402475
   -0.0923212687    -0.1150775537    -0.1512054751
    0.0544067964     0.0129271641     0.0719996576
    0.0554019984     0.0664127897     0.0813455425
   -0.0127253689    -0.0144955346     0.0022226077
   -0.0042841136    -0.0201123165    -0.0155574082
    0.0176915154     0.0101408537     0.0116595242
    0.0014763811     0.0010541728     0.0022938765
   -0.0024574816    -0.0047252203     0.0165162157
   -0.0548433637    -0.0087226685    -0.0011557568
   -0.0295451058    -0.0087378424    -0.0358253252
   -0.0159015970    -0.0251452911    -0.0223295235
   -0.1031504930    -0.0516529184    -0.0030358107
   -0.0183695824     0.0360679979    -0.0296628607
    0.1114878603    -0.0497218932    -0.0005982742
   -0.0138821343     0.0196421540    -0.0006787358
    0.0134474406    -0.0399366300     0.0528959962
    0.0111401227     0.1340524847    -0.0687637249
    0.0020747529    -0.0572428088     0.0189774748
   -0.0022889120    -0.1092972006     0.0434767650
    0.0006296594     0.1474676415    -0.0714668670
   -0.0231286918     0.0455981831     0.0303663890
    0.0169714585    -0.1938080039     0.0334340790
   -0.0051463554     0.0486336914    -0.0114524530
    0.0055609395    -0.0442079412    -0.0080384571
    0.0149131448    -0.0233093706    -0.0060135007
   -0.0018929377     0.0046521320    -0.0006266330
   -0.0072142005     0.0096741276     0.0012056750
    0.0004213284     0.0045099008    -0.0005707396
   -0.0034015245     0.0144115839     0.0016618799
    0.0025372705    -0.0024074199     0.0045498740
    0.0020237345     0.0138928679    -0.0067737074
    0.0035795727    -0.0318842990     0.0041135302
   -0.1225609786     0.0096768488    -0.0090825293
    0.0052964253     0.0584952939     0.0475817684
   -0.0324106085    -0.0651165694     0.0203924806
   -0.0064998864    -0.0038767515    -0.0286298488
    0.0275075538    -0.0094628066    -0.0202390387
    0.0025304318    -0.0071720344    -0.0171695764
   -0.0156010105     0.0115593161     0.0226639604
    0.0065277075    -0.0003577333    -0.0045487740
    0.0063270798     0.0040712797    -0.0013755853
    0.0092833559    -0.0226999123    -0.0334073823
   -0.0019475394     0.0061531393     0.0072304946
   -0.0048215871    -0.0029504179     0.0048285182
    0.0287316872     0.0417909217     0.0753148666
    0.0190018025     0.0138017631     0.0130474044
    0.0490579173    -0.0384608357    -0.0615996530
    0.0098644331    -0.0281115066     0.0647441819
   -0.0439457791     0.0132248604     0.0299057936
   -0.0112518062    -0.0263853379    -0.0722006061
   -0.0226322365     0.0130785153    -0.0025709593
    0.0080503293     0.0152493452     0.0452966768
    0.1180693183    -0.0575037545    -0.0170054845
   -0.0497514712     0.0177785949    -0.0082512648
   -0.0071092697    -0.0087116893    -0.0314063794
   -0.0164000808     0.0108460268    -0.0110458393
    0.0265925695    -0.0134388196     0.0018395998
   -0.0005349334     0.0140420179    -0.0120713617
    0.0022977087    -0.0025728791    -0.0014911679
   -0.0415490277     0.0233610003     0.0238795290
    0.0042787156    -0.0010543216     0.0059997871
    0.0836688056     0.0910388209     0.0481511762
    0.0194845409     0.0550389541     0.0423350381
    0.0863898482     0.1057750997     0.0122059276
   -0.0425960124     0.0563343217    -0.0264495638
---------------------------------------------------
Net gradient: -1.162540e-09 -5.434463e-10 -3.615061e-09
Net torque:    8.465135e-04 -1.591295e-03 -6.543115e-03

Total processing time: 23.33 sec 

 Job finished: Fri May 31 08:33:29 2019

