Startfile from command line: /home/lum/5ly6/refine10_weight_0.1_stpmax_0.8_d2/ase/47/47_capping.sp


       ***********************************************************
       *                    TeraChem v1.93P                      *
       *                 Hg Version: 79b87f121f2d                *
       *                   Production Version                    *
       *                Compiled without textures                *
       *           Chemistry at the Speed of Graphics!           *
       ***********************************************************
       * This program may only be used in connection with        *
       * a valid license from PetaChem, LLC. Use of this program *
       * or results thereof indicates acceptance of all terms    *
       * and conditions stated in the license and that a valid   *
       * license agreement between the user and PetaChem, LLC    *
       * exists. PetaChem, LLC does not warrant the correctness  *
       * of results or their suitability for any purpose.        *
       * Please email bugs, suggestions, and comments to         *
       *                  help@petachem.com                      *
       *                                                         *
       ***********************************************************


       ***********************************************************
       *  Compiled by toddmtz      Wed Aug 16 03:32:31 PDT 2017  *
       *  Supported architectures: sm_20 sm_30 sm_50 sm_60       *
       *  Cuda compilation tools, release 8.0, V8.0.44           *
       ***********************************************************


 Job started   Mon May 20 14:12:45 2019
 On cu31 (available memory: 18312 MB)

######################################### RUNTIME INFO ##########################################
/public/qmsoft/TeraChem/bin/terachem /home/lum/5ly6/refine10_weight_0.1_stpmax_0.8_d2/ase/47/47_capping.sp 

NVRM version: NVIDIA UNIX x86_64 Kernel Module  396.26  Mon Apr 30 18:01:39 PDT 2018
GCC version:  gcc version 4.8.5 20150623 (Red Hat 4.8.5-4) (GCC) 

	linux-vdso.so.1 (0x00007ffc80727000)
	libcurl.so.4 => /lib64/libcurl.so.4 (0x00002ae446f45000)
	libintbox.so.1 => /public/qmsoft/TeraChem/lib/libintbox.so.1 (0x00002ae4471ae000)
	libthcbox.so.1 => /public/qmsoft/TeraChem/lib/libthcbox.so.1 (0x00002ae466dbc000)
	libgridbox.so.1 => /public/qmsoft/TeraChem/lib/libgridbox.so.1 (0x00002ae468926000)
	libdftbox.so.1 => /public/qmsoft/TeraChem/lib/libdftbox.so.1 (0x00002ae468e17000)
	libcublas.so.8.0 => /public/qmsoft/TeraChem/lib/libcublas.so.8.0 (0x00002ae469128000)
	libcufft.so.8.0 => /public/qmsoft/TeraChem/lib/libcufft.so.8.0 (0x00002ae46bad8000)
	libcuda.so.1 => /public/qmsoft/TeraChem/lib/libcuda.so.1 (0x00002ae474926000)
	libcudart.so.8.0 => /public/qmsoft/TeraChem/lib/libcudart.so.8.0 (0x00002ae4758a6000)
	libcrypto.so.10 => /lib64/libcrypto.so.10 (0x00002ae475b0c000)
	libssl.so.10 => /lib64/libssl.so.10 (0x00002ae475f6d000)
	libm.so.6 => /lib64/libm.so.6 (0x00002ae4761df000)
	libcilkrts.so.5 => /public/qmsoft/TeraChem/lib/libcilkrts.so.5 (0x00002ae4764e1000)
	libstdc++.so.6 => /lib64/libstdc++.so.6 (0x00002ae476722000)
	libgcc_s.so.1 => /lib64/libgcc_s.so.1 (0x00002ae476a29000)
	libpthread.so.0 => /lib64/libpthread.so.0 (0x00002ae476c3f000)
	libdl.so.2 => /lib64/libdl.so.2 (0x00002ae476e5d000)
	libc.so.6 => /lib64/libc.so.6 (0x00002ae477061000)
	/lib64/ld-linux-x86-64.so.2 (0x00002ae446d22000)
	libidn.so.11 => /lib64/libidn.so.11 (0x00002ae47740e000)
	libssh2.so.1 => /lib64/libssh2.so.1 (0x00002ae477641000)
	libssl3.so => /lib64/libssl3.so (0x00002ae47786b000)
	libsmime3.so => /lib64/libsmime3.so (0x00002ae477abd000)
	libnss3.so => /lib64/libnss3.so (0x00002ae477ce4000)
	libnssutil3.so => /lib64/libnssutil3.so (0x00002ae478011000)
	libplds4.so => /lib64/libplds4.so (0x00002ae478240000)
	libplc4.so => /lib64/libplc4.so (0x00002ae478444000)
	libnspr4.so => /lib64/libnspr4.so (0x00002ae478649000)
	libgssapi_krb5.so.2 => /lib64/libgssapi_krb5.so.2 (0x00002ae478887000)
	libkrb5.so.3 => /lib64/libkrb5.so.3 (0x00002ae478ad4000)
	libk5crypto.so.3 => /lib64/libk5crypto.so.3 (0x00002ae478dbc000)
	libcom_err.so.2 => /lib64/libcom_err.so.2 (0x00002ae478fef000)
	liblber-2.4.so.2 => /lib64/liblber-2.4.so.2 (0x00002ae4791f3000)
	libldap-2.4.so.2 => /lib64/libldap-2.4.so.2 (0x00002ae479402000)
	libz.so.1 => /lib64/libz.so.1 (0x00002ae479655000)
	librt.so.1 => /lib64/librt.so.1 (0x00002ae47986b000)
	libnvidia-fatbinaryloader.so.396.26 => /lib64/libnvidia-fatbinaryloader.so.396.26 (0x00002ae479a73000)
	libkrb5support.so.0 => /lib64/libkrb5support.so.0 (0x00002ae479cbf000)
	libkeyutils.so.1 => /lib64/libkeyutils.so.1 (0x00002ae479ecd000)
	libresolv.so.2 => /lib64/libresolv.so.2 (0x00002ae47a0d1000)
	libsasl2.so.3 => /lib64/libsasl2.so.3 (0x00002ae47a2e8000)
	libselinux.so.1 => /lib64/libselinux.so.1 (0x00002ae47a505000)
	libcrypt.so.1 => /lib64/libcrypt.so.1 (0x00002ae47a72c000)
	libpcre.so.1 => /lib64/libpcre.so.1 (0x00002ae47a963000)
#################################################################################################

       ********************** License Check **********************
       * Use license from: /public/qmsoft/TeraChem/license.dat
       * Available Host id: AC1F6B20BA08
       * Available Host id: AC1F6B20BA09
       * Available Host id: 5254003CDB46
       * Available Host id: 5254003CDB46
       * License Host id: AC1F6B20BA08
       * License expires: 2019-10-21
       ********************** License OK *************************
Scratch directory: /tmp/lum/5ly6/refine10_weight_0.1_stpmax_0.8_d2/ase/47/scr
Random number seed: 99498802

XYZ coordinates /home/lum/5ly6/refine10_weight_0.1_stpmax_0.8_d2/ase/47/47_capping.xyz
Molden File Output: /tmp/lum/5ly6/refine10_weight_0.1_stpmax_0.8_d2/ase/47/scr/47_capping.molden
Using basis set: 6-31g
Spin multiplicity: 1
DIIS will use up to 10 vectors.
WF convergence threshold: 3.00e-05
Using DIIS algorithm to converge WF
Maximum number of SCF iterations: 300
Incremental fock with rebuild every 8 iterations
Will switch to conventional Fock if diffuse functions are detected
X-matrix tolerance: 1.00e-04
PRECISION: DYNAMIC
DFT Functional requested: hf
Method: Hartree-Fock  with dispersion correction

*********************************************************
*                     WARNING                           *
* Dispersion correction is not supported for hf         *
*         Disabling dispersion correction               *
*********************************************************

Wavefunction: RESTRICTED
Initial guess generated by maximum overlap

********************************************
**** SINGLE POINT GRADIENT CALCULATIONS ****
********************************************
SCF:   Initial guess is taken from previous step
COSMO model for polarizable continuum model enabled

using 4 out of 4 CUDA devices
   Device 0:  GeForce GTX 1080 Ti, 11178MB, CC 6.1 -- CPU THREAD 0
   Device 1:  GeForce GTX 1080 Ti, 11178MB, CC 6.1 -- CPU THREAD 1
   Device 2:  GeForce GTX 1080 Ti, 11178MB, CC 6.1 -- CPU THREAD 2
   Device 3:  GeForce GTX 1080 Ti, 11178MB, CC 6.1 -- CPU THREAD 3
-------------------------------------------------------------------
Compiled with MAGMA support.  MAGMA parameters:
    Matrices larger than 5000 square will be treated with MAGMA
       (Change by setting the MagmaMinN environment variable)
    Magma will use 1 out of 4 GPUs
       (Change by setting the MagmaNGPUs environment variable)
-------------------------------------------------------------------
 CPU Memory Available: 8018.12 MegaWords 
 GPU Memory Available: 1141.31 MegaWords 
 Maximum recommended basis set size: 12200 basis functions
 (limited by GPU memory)
-------------------------------------------------------------------
Not using d-functions. Configuring GPUs accordingly.
0: CUBLAS initialized, available GPU memory: 8168MB
1: CUBLAS initialized, available GPU memory: 8158MB
2: CUBLAS initialized, available GPU memory: 8154MB
3: CUBLAS initialized, available GPU memory: 8164MB


Basis set:       6-31g
Total atoms:     372
Total charge:    2
Total electrons: 1356 (678-alpha, 678-beta)
Number electrons modeled by ECPs: 0
Total orbitals:  1983
Total AO shells: 1275 (921 S-shells; 354 P-shells; 0 D-shells; 0 F-shells; 0 G-shells)
Spin multiplicity: 1
Nuclear repulsion energy (QM atoms): 55266.639205305022 a.u.

=COSMO= Number of H atoms in QM atoms:195
=COSMO= Number of Heavy atoms in QM atoms:177
reached first line of InitCosmoSwigNoMatrix
q is allocated
B is allocated
Bz is allocated
z is allocated
c is allocated
=COSMO= No Matrix Cosmo Initialization finished.
=COSMO= ++++++++++++++++++++++++++++++ COSMO parameters ++++++++++++++++++++++++++++++
=COSMO= I. Cavity Information:
=COSMO= SAS(Solvent accesible surface) initialization finished
=COSMO= Time for initializing Molecular Surface:0.40659900 (sec)
=COSMO= Time for initializing cosmo calculation:0.13573599 (sec)
=COSMO= Cavity effective radius(Angstrom) (r_solv+r_vdw-dsc) was written into /tmp/lum/5ly6/refine10_weight_0.1_stpmax_0.8_d2/ase/47/scr/ratom.txt
=COSMO= Solvent Dielectric Constant:78.390000
=COSMO= Cosmo Solvent radius:0.000000
=COSMO= Cosmo charge scaling method:0
=COSMO= Cavity built with Lebedev Grid
=COSMO= Grid points/QM Hydrogen: 110
=COSMO= Grid points/QM Heavy atom: 110
=COSMO= Herbert Switching-Gaussian method turned on
=COSMO= After removing points inside of SAS:
=COSMO= Total number of segments on molecular surface:20522
=COSMO= Number of segments belonging to QM atoms:20522
=COSMO= Total surface area of cavity: 2866.5240(Angstrom^2)
=COSMO= Total volume of cavity: 1634.9913 (Angstrom^3)
=COSMO= II. COSMO integral options:
=COSMO= Building COMSO c vector with original algorithm
=COSMO= COSMO one-electron integral threshold: 1e-12 
=COSMO= III. Linear solver options:
=COSMO= Initialize COSMO for A matrix in no matrix storage form
=COSMO= CG precondtioner:Jacobi
=COSMO= Tight CG convergence threshold:1e-06
=COSMO= CG dynamic threshold: on
=COSMO= Adjust CG convergence threshold dynamically
=COSMO= IV. PCM field read/write options:
=COSMO= PCM field is not written to files
=COSMO= No PCM field file is read in
=COSMO= ++++++++++++++++++++++++++++++++++++++++++++++++++++++++++++++++++++++++++++++++

                      *** Start SCF Iterations ***

 Iter     DIIS Error       Energy change         Energy              E_PCM      Time(s)
---------------------------------------------------------------------------------------
         >>> Purifying P... IDMP = 3.03e-14 <<<
THRESPDP set to 1.00e+00
   1     0.4361957012   -8567.7499590582   -8567.7499590582     -0.9714254175    8.70  
   2     0.2351544905     -43.2272424716   -8610.9772015298     -0.6529124108   10.04  
   3     0.0711861721      -5.8136816947   -8616.7908832245     -0.7796344590    6.95  
   4     0.0399339116      -0.7001649650   -8617.4910481895     -0.7077062369    8.79  
   5     0.0068667412      -0.1040487167   -8617.5950969062     -0.7467236228    6.53  
THRESPDP set to 8.34e-05
   6     0.0042056874      -0.0102190261   -8617.6053159322     -0.7508845389    9.42  
   7     0.0024499026      -0.0020646915   -8617.6073806237     -0.7544420787    5.31  
   8     0.0013449049      -0.0004043815   -8617.6077850052     -0.7556206419    4.92  
   9     0.0008283107      -0.0000613116   -8617.6078463168     -0.7560293316    4.71  
  10     0.0004237080      -0.0000177040   -8617.6078640207     -0.7562152550    4.56  
  11     0.0002380070      -0.0000033863   -8617.6078674071     -0.7562724374    6.45  
  12     0.0001006361      -0.0000013959   -8617.6078688030     -0.7562962694    6.95  
  13     0.0000413152      -0.0000005155   -8617.6078693186     -0.7562942239    6.92  
  14     0.0000127183      -0.0000003987   -8617.6078697173     -0.7562888102    7.28  
---------------------------------------------------------------------------------------
FINAL ENERGY: -8617.6078697173 a.u.
C-PCM contribution to final energy:-0.7562888102 a.u. ( already included in final energy )
Computing C-PCM contribution to gradient...
CENTER OF MASS: {29.760177, 23.779145, 38.251705} ANGS
DIPOLE MOMENT: {-49.741334, -35.910901, 53.147808} (|D| = 81.169468) DEBYE
Cannot open /tmp/lum/5ly6/refine10_weight_0.1_stpmax_0.8_d2/ase/47/scr
Writing out molden info

Gradient units are Hartree/Bohr
---------------------------------------------------
        dE/dX            dE/dY            dE/dZ
    0.0008704667     0.1186327082     0.0049929849
   -0.0164533851     0.0125889111    -0.0070008880
    0.0129670026    -0.0210899400    -0.0127181982
   -0.0029222250     0.0101934645     0.0049605650
    0.0023759945     0.0039608033     0.0099024075
    0.0011475653     0.0087272245     0.0031039559
   -0.0113765455    -0.0099206461    -0.0014298297
   -0.0043072839    -0.0390099306    -0.0187497212
    0.0083386977     0.0132541873     0.0101684865
   -0.0089913878    -0.0091196881     0.0310741785
   -0.0137437585    -0.0131347874    -0.0294489344
    0.0056311488     0.0070339428    -0.0071395840
    0.0041797171     0.0018431662     0.0017704855
    0.0021833643     0.0001148487     0.0006980388
    0.0030517232    -0.0061442250    -0.0066361609
    0.0008715431    -0.0028661564    -0.0001988878
    0.0043995699    -0.0021713745    -0.0025379644
    0.0016010790     0.0076212484     0.0023698741
    0.0079912985     0.0015712007    -0.0046973220
    0.0013948132     0.0241444779     0.0105798870
    0.0028972203     0.0112647846    -0.0085290343
    0.0058518244    -0.0011138866    -0.0172133249
    0.0030685358     0.0066046111     0.0071280033
    0.0037596772     0.0003758105     0.0141835291
   -0.0217787906     0.0265483997     0.0380414187
    0.0025817956     0.0004650557     0.0046561611
    0.0177864451     0.0163552961     0.1220288772
   -0.0403043842    -0.0130963375    -0.0503485145
   -0.0016064959    -0.0010675714    -0.0095745168
    0.0204899593    -0.0301378792     0.0222212782
    0.0137520791    -0.0142777786    -0.0280995476
   -0.0012028942    -0.0031258612    -0.0052749208
   -0.0002828109     0.0003638841     0.0002209866
    0.0020663078    -0.0004409808     0.0048494683
   -0.0185947646     0.0273643454    -0.0205534816
    0.0237486246     0.1105768240    -0.0067387790
    0.0018899490    -0.0004397094     0.0041656516
    0.0407282609     0.0655422776    -0.0417456641
    0.0033108595    -0.0012222207     0.0042079262
   -0.0070139752     0.0024564800    -0.0023950925
    0.0131178164    -0.0002320230     0.0108843522
   -0.0037848674    -0.0029859248    -0.0030244993
   -0.0060976821    -0.0232970944    -0.0064040753
    0.0010747009     0.0098425151    -0.0020976460
    0.0047194157     0.0064336372     0.0061032651
   -0.0018242659    -0.0016380029     0.0001973409
    0.0028641629     0.0019409391     0.0005810214
   -0.0031582207     0.0159475958    -0.0046391808
    0.0040236367     0.0054034378     0.0070711818
    0.0525550167     0.0807242650     0.0754962330
    0.0000827425     0.0128687414     0.0041758663
   -0.0253919453     0.0561108544    -0.0965116549
    0.0033232901    -0.0474778683     0.0188937310
   -0.0048098300    -0.0105220821     0.0135368412
    0.0060461591    -0.0032585515    -0.0114886764
    0.0001078505     0.0067453395    -0.0111461893
   -0.0015742133    -0.0000570344     0.0063937932
    0.0099210237    -0.0202350674     0.0028673418
    0.0023724701     0.0062028035     0.0125958282
   -0.0005358828     0.0012196423     0.0027020955
   -0.0002795468    -0.0011787318    -0.0011534671
   -0.0017532476     0.0080491181    -0.0025456712
   -0.0017080784     0.0081572922     0.0067258623
    0.0010730022    -0.0019614549     0.0010067141
   -0.0055887177    -0.0036792790     0.0101897500
    0.0011668408    -0.0039825572    -0.0022069308
    0.0030454761     0.0016206357    -0.0044785847
   -0.0001746720     0.0021469598     0.0014451571
   -0.0088406738     0.0105347523    -0.0053141439
    0.0001022770     0.0022725105    -0.0002818549
   -0.0015266989     0.0042724902     0.0030314897
    0.0621989772     0.0821246187     0.0583597024
   -0.0060699185     0.0252576344     0.0170346494
   -0.0050910386     0.0444641932    -0.0898584412
   -0.0060643671    -0.0247138841     0.0093732765
   -0.0084065813    -0.0015620312    -0.0026899416
    0.0010659814     0.0078623597     0.0130515981
    0.0130603656    -0.0111256460     0.0069888171
    0.0028652788    -0.0073744546    -0.0118960775
    0.0022263140    -0.0061594361     0.0195983518
    0.0016197635    -0.0042211087     0.0042902160
    0.0027710558    -0.0051481782     0.0041359998
    0.0016298333     0.0025746839    -0.0060184349
   -0.0019111063    -0.0021592417    -0.0011926880
   -0.0093658013     0.0019104384    -0.0006047003
   -0.0011670281     0.0017713995     0.0000460427
   -0.0017309979     0.0059251119    -0.0049737644
    0.0006920621     0.0054344496     0.0017831315
   -0.0029468087    -0.0030239176     0.0056005745
   -0.0020434556     0.0024070822     0.0027313411
    0.0712390953     0.0834338835    -0.0424661549
    0.0198004049     0.0093995327     0.0208982979
   -0.0047894252    -0.0069374102    -0.0059322232
    0.0043732704     0.0072243142     0.0053489336
   -0.0127726590    -0.0115953698    -0.0129703404
    0.0103747415     0.0015192665     0.0058366504
   -0.0123263677     0.0088520132    -0.0070340771
    0.0036245445    -0.0092676661    -0.0252548356
   -0.0054164523    -0.0044268753    -0.0162336407
    0.0104628533     0.0030512932    -0.0025298087
   -0.0019477451     0.0014748188     0.0016926308
    0.0014217945     0.0014495186     0.0022295937
   -0.0048321185    -0.0027489692     0.0017469492
    0.0011844586    -0.0063560893     0.0023468263
    0.0041705637    -0.0003988942    -0.0002946970
    0.0056375270    -0.0000191403     0.0092516760
    0.0003168894    -0.0047381694    -0.0070583793
   -0.0017161614     0.0016683122     0.0059249178
    0.0106626783     0.0315689186     0.0175684453
   -0.0112891457    -0.0285890635    -0.0174078117
    0.0147226647     0.0030708930     0.0001234269
    0.0012504446     0.0012783373     0.0009012480
   -0.0017934818    -0.0026014182    -0.0042246495
   -0.0066538863    -0.0030814165     0.0016613129
   -0.0030343365     0.0026926400     0.0006563880
   -0.0030538019    -0.0024098250    -0.0042259236
    0.0086266952     0.0063956979     0.0054920890
   -0.0035624405    -0.0140648652    -0.0087706893
    0.0005155488    -0.0322141663     0.0034150236
    0.0007211653     0.0187551904    -0.0033646683
   -0.0077386600     0.0041752914    -0.0022842911
   -0.0035066843    -0.0024965653    -0.0016371019
   -0.0066672291     0.0200477124    -0.0228620978
    0.0199192545     0.0011530310     0.0021771529
   -0.0098643477    -0.0158976868     0.0182084324
   -0.0207662754    -0.0022058870    -0.0001028887
    0.0125114342    -0.0067589182     0.0123453537
    0.0174037121     0.0069625447    -0.0105883077
   -0.0034591424    -0.0103075214    -0.0066392432
    0.0065588054     0.0135495592     0.0061439203
    0.0020976012     0.0043764758     0.0035994838
    0.0030854498    -0.0014697818    -0.0008784091
    0.0070753672    -0.0040335139     0.0042330144
   -0.0063527305    -0.0007959138     0.0000689948
    0.0077604369     0.0026740798    -0.0035711817
    0.0013945737     0.0001859285     0.0007228930
   -0.0171168489    -0.0017706327     0.0019547086
   -0.0049922408     0.0284852352     0.0006394623
    0.0088699933    -0.0168543667     0.0171274482
    0.0048066821     0.0099898599    -0.0235386122
   -0.0020196049     0.0041350304    -0.0014544884
   -0.0015021555    -0.0134296224     0.0000246242
   -0.0018635626     0.0021194700    -0.0016758656
   -0.0069680871     0.0091096366    -0.0081064486
    0.0030925749    -0.0325678802     0.0344102185
    0.0026634280     0.0083504868    -0.0087201450
   -0.0022073129     0.0020797480     0.0035722013
    0.0010422879     0.0022744226     0.0033632289
    0.0023569413    -0.0042218035     0.0271023476
    0.0070851836     0.0062384853     0.0091040759
    0.0063848833    -0.0077279378    -0.0032501967
   -0.0042794505    -0.0154965818     0.0136085194
    0.0124762893     0.0367157839    -0.0242947357
   -0.0139342371    -0.0274321322     0.0173809847
   -0.0120400519    -0.0281860642     0.0169466018
   -0.0057564781     0.0184295002    -0.0088075930
   -0.0024512555    -0.0024116148     0.0021925880
    0.0017471899    -0.0066355291    -0.0096144113
   -0.0052888956     0.0041238678    -0.0131065316
   -0.0023183212    -0.0018750909    -0.0030046176
   -0.0023848270     0.0013498501    -0.0033147366
    0.0009792965    -0.0002394086     0.0013966100
   -0.0045307617     0.0069655960    -0.0014577543
   -0.0020328189     0.0009302796    -0.0033371611
   -0.0002117814    -0.0020856397    -0.0019318774
    0.0043115178     0.0176477465    -0.0136148483
    0.0065769105     0.0075484937     0.0001240818
    0.0060172473     0.0106098522    -0.0060888466
    0.0052749869    -0.0179405934     0.0028926410
    0.0051870641     0.0053886837    -0.0116207888
   -0.0212660007    -0.0811790617     0.0802216836
   -0.0121445241     0.0526404311    -0.0157384682
    0.0153311300    -0.0026524906    -0.0107386417
   -0.0035722664     0.0026503521    -0.0009815199
   -0.0088956713     0.0328375017    -0.0359759250
    0.0176045052    -0.0165167194     0.0214424625
   -0.0384608204    -0.0106600122    -0.0017818101
   -0.0036206008     0.0099610491    -0.0012429282
    0.0009140916    -0.0037645005    -0.0003720500
   -0.0062143672     0.0046079952     0.0083834564
   -0.0010035030    -0.0016373205     0.0006986639
   -0.0004625078     0.0008069840     0.0019753951
   -0.0012988499    -0.0080170816     0.0010241623
    0.0088742796    -0.0071812824     0.0094176066
    0.0198600990     0.0047496253     0.0020359750
    0.0053649758     0.0845775218     0.0636311378
   -0.0006580990     0.0393847837     0.0031965291
   -0.0625397338    -0.0610504626    -0.0212719040
    0.0025278333    -0.0017301434     0.0125055477
    0.0005456568    -0.0171366402    -0.0040676014
   -0.0084001710     0.0062970957     0.0136006177
    0.0003885464    -0.0040300162    -0.0025284021
    0.0104405846    -0.0034204962    -0.0129841631
   -0.0050081068     0.0142963139     0.0181076286
   -0.0004954513    -0.0131279138    -0.0009447356
    0.0021377530     0.0026748953     0.0073622159
    0.0020698285     0.0041925783     0.0007359396
   -0.0019777108    -0.0029568035    -0.0097134138
    0.0007854428     0.0011677787    -0.0003398765
   -0.0016146892     0.0011101493    -0.0009198791
    0.0017020356     0.0012205369     0.0027427352
   -0.0053543343    -0.0010235346     0.0040445082
    0.0010086240     0.0032154153     0.0093635749
   -0.0015964600    -0.0008735093     0.0002571530
   -0.1182682518     0.0647941449    -0.0194713301
    0.0037665501    -0.0078566775     0.0284481675
   -0.0326168715    -0.0257253050     0.0138882420
    0.0006531950     0.0094730208    -0.0044032469
    0.0025982460    -0.0028060221    -0.0056335035
   -0.0050940537     0.0029297136    -0.0108470490
    0.0046577164     0.0099791116     0.0038870016
   -0.0050020083    -0.0142245433     0.0144687909
   -0.0059713365    -0.0169426912     0.0129513324
   -0.0042907528     0.0102865824    -0.0222515008
   -0.0040051012    -0.0030422483    -0.0016348942
    0.0011483900    -0.0017408273    -0.0016137513
    0.0017356727    -0.0014366443    -0.0014765113
   -0.0001828284    -0.0062514859    -0.0008336224
   -0.0000672393    -0.0008695580     0.0023647190
   -0.0015302736    -0.0005808340    -0.0011349845
   -0.0015203426     0.0127874288     0.0009287388
    0.0073826011    -0.0012265805    -0.0060542638
   -0.0012827635    -0.0003673864    -0.0010792644
    0.0281513928     0.0182140418    -0.0144321600
    0.0025945601    -0.0098753529    -0.0040180697
   -0.0155283153     0.0460131002     0.0631377891
    0.0112667780    -0.0337715780    -0.0421749261
   -0.0126110157     0.0102488369     0.0034145409
   -0.0036417701    -0.0052344404     0.0097934623
    0.0173506236     0.0084100352     0.0135525141
   -0.0011112683     0.0032545461    -0.0008195429
    0.0000135255    -0.0026562940    -0.0029959076
    0.0062369319    -0.0031543871    -0.0025976152
   -0.0023316961    -0.0013428844    -0.0005884783
   -0.0007132693     0.0020586004     0.0003212865
   -0.0006845765    -0.0060909538    -0.0030746817
   -0.0085727705    -0.0031833536    -0.0074755181
    0.0040207243    -0.0264981123    -0.0416574663
   -0.0047376350     0.0175186321     0.0118993415
   -0.0006424439    -0.0199164833    -0.0047581537
    0.0038603136     0.0078188828     0.0012653066
   -0.0046281359     0.0018203254    -0.0038122626
    0.0080286097    -0.0010840213     0.0067094501
   -0.0110031864     0.0192720525     0.0165085080
   -0.0038178867     0.0055183582     0.0051954289
   -0.0002814463     0.0131722619     0.0181318005
    0.0005068076    -0.0062552740    -0.0012421709
    0.0007437042    -0.0037549402    -0.0028061032
   -0.0014121256     0.0002814851    -0.0047518575
   -0.0008245426    -0.0008108526    -0.0012014583
   -0.0012292912    -0.0036826252    -0.0001651968
    0.0079480517    -0.0022004696    -0.0011244983
    0.0031296256    -0.0128231996    -0.0106120086
   -0.0003545855    -0.0004766801    -0.0008611091
    0.0005791882    -0.0011583733    -0.0027732270
    0.0004354414    -0.0016759580    -0.0008356438
    0.0151794181     0.0209188081     0.0021531445
   -0.0078418099    -0.0025687272     0.0116339021
   -0.0053592443    -0.0018060831    -0.0346592302
    0.0046525536     0.0016598231     0.0164819344
    0.0167704186    -0.0016903689    -0.0097079308
   -0.0106914392     0.0182904886    -0.0098795275
   -0.0080976171    -0.0110896449    -0.0016233578
   -0.0012081206     0.0001337571    -0.0000671223
   -0.0019284848    -0.0006048347     0.0023168980
   -0.0129619921     0.0014838150     0.0058588743
    0.0117065481    -0.0166711076     0.0062034791
    0.0033187615     0.0002720540     0.0397685112
   -0.0092149699     0.0029365277    -0.0328760719
    0.0367950473    -0.0190724693    -0.0732744015
    0.0106215085    -0.0058201857     0.0175786008
   -0.0036592908    -0.0046978227     0.0012914238
   -0.0043349593     0.0039766003     0.0334060323
   -0.0039996115     0.0044946864    -0.0379631068
    0.0040374056    -0.0031383977    -0.0167601374
   -0.0070121342     0.0030305415     0.0502439378
   -0.0081464343     0.0055819593     0.0266100032
    0.0159596675    -0.0123872929    -0.0436347479
   -0.0027041049    -0.0045221033     0.0152079720
   -0.0040924119    -0.0016157518    -0.0151410382
    0.0044777777     0.0045737118     0.0101746114
    0.0002917737     0.0040020292     0.0020309935
    0.0024422221    -0.0004254611    -0.0013929430
   -0.0035698527     0.0027649860     0.0061139356
    0.0008719889    -0.0002952107     0.0029471478
   -0.0010206772     0.0019013686    -0.0183493652
    0.0047089769    -0.0042892925    -0.0044766325
    0.0047289873     0.0044259820    -0.0098136245
    0.1067114500     0.0053362896    -0.0160954728
    0.0032148519    -0.0008528991     0.0079093985
   -0.0139708731     0.0019694174     0.0043969560
    0.0085491625    -0.0005246429    -0.0041598871
   -0.0034908476     0.0036134994    -0.0095166820
    0.0081110413    -0.0099801850    -0.0109998099
    0.0024519024    -0.0285004650     0.0135968534
   -0.0008059543     0.0069232200    -0.0018552939
    0.0063415429     0.0411538196    -0.0373780076
    0.0202688208    -0.0005686631     0.0023687199
    0.0031917991    -0.0007338952     0.0032957607
    0.0012261896    -0.0073517989     0.0003572163
    0.0044240764    -0.0004520775     0.0002252347
   -0.0034065562     0.0100404828     0.0070476541
   -0.0040652139     0.0001865049     0.0018361391
   -0.0061321721    -0.0030484830     0.0189203170
   -0.0034090382    -0.0190277315     0.0140966195
    0.0191658997     0.0162837134    -0.0124879387
   -0.0205917475    -0.0066813385     0.0081877836
    0.0315646342     0.0340272331    -0.0459029243
   -0.0157462248    -0.0304931694     0.0352567503
    0.0081177684     0.0084116721     0.0076852848
    0.0162512701    -0.0054585187    -0.0147381463
   -0.0137275953     0.0053608124     0.0130399091
   -0.0028267162    -0.0252600370     0.0045127583
   -0.0060530277    -0.0138111003     0.0040636550
    0.0033390424     0.0041169321     0.0007127025
   -0.0107006796    -0.0002661342    -0.0021118915
    0.0033427894    -0.0048147023    -0.0047393417
    0.0072571180     0.0168329474    -0.0073750101
   -0.0035653709     0.0041769932     0.0035126527
   -0.0114919523    -0.0046350069     0.0090475985
   -0.0014734986    -0.0161128057     0.0059560686
   -0.0317412537     0.0527049012    -0.0091870757
    0.0222953355    -0.0314747555     0.0075727438
   -0.0026564785     0.0116686807     0.0083496939
    0.0133012962     0.0060293214    -0.0108940842
   -0.0000520759     0.0031275534    -0.0029269079
    0.0008649736     0.0024710563    -0.0068541212
    0.0026579170    -0.0029849605     0.0004924244
    0.0009108662    -0.0056741115    -0.0026369444
   -0.0115261104    -0.0045426720     0.0042323840
    0.0208642673    -0.0312735316     0.0072110060
   -0.0103554087     0.0074637890    -0.0104900738
    0.0042250645     0.0099197919    -0.0026084804
    0.0058384253    -0.0103138151     0.0045571999
   -0.0001875005     0.0005523480     0.0149701778
    0.0008930480     0.0027602437    -0.0047872943
    0.0080074539    -0.0000392680    -0.0157429533
   -0.0102114457     0.0169883354    -0.0028890965
    0.0052800063    -0.0040408141     0.0033994865
   -0.0019290800     0.0017257686    -0.0021424102
   -0.0011300229    -0.0034896319     0.0029806808
   -0.0031224643    -0.0051498429     0.0082641427
   -0.0010572310    -0.0008407673     0.0004119551
   -0.0024534327     0.0023147496    -0.0003040271
   -0.0246194165     0.0144862777    -0.0077618087
    0.0131205128    -0.0220269732    -0.0127221444
    0.1012764550     0.0525530273    -0.0254056394
   -0.0303869547    -0.0037968091     0.0348535564
   -0.0063286973    -0.0024631187    -0.0083553011
    0.0054921433     0.0246002979     0.0004133381
   -0.0030160478    -0.0187600564     0.0030314958
    0.0004303712    -0.0035946086     0.0000853442
    0.0133287367    -0.0082146455     0.0045393825
   -0.0094477032     0.0090501158     0.0031140221
   -0.0028937573    -0.0013692620    -0.0008350317
    0.0026075521     0.0017927957     0.0045729218
   -0.0085708777    -0.1373145952     0.0023159465
    0.0209596706    -0.0011132323    -0.0705015272
   -0.0260674504    -0.1361335299     0.0090052054
   -0.0496537809    -0.0512204264     0.0255738263
   -0.0466906258    -0.0901819132    -0.0931640354
    0.0185478499    -0.0165035899     0.0685148304
   -0.0480524565    -0.0854091444    -0.0961164958
    0.0069368590    -0.0259913908     0.0683594220
   -0.0900777290    -0.0755839722     0.0720387460
    0.0239636834     0.0320474816    -0.0601429857
    0.0120721923    -0.1122962385    -0.0799762226
    0.0504911069     0.0554571369    -0.0061196222
    0.1297235212    -0.0412060483     0.0110672318
   -0.0366843884     0.0192365500     0.0618344328
   -0.1378617620     0.0025077593     0.0120312433
   -0.0625086888    -0.0392518324     0.0030818798
---------------------------------------------------
Net gradient: -1.579182e-10  4.926475e-10  3.829269e-09
Net torque:   -7.179706e-04 -3.348460e-03  3.856190e-03

Total processing time: 123.28 sec 

 Job finished: Mon May 20 14:15:01 2019

