Startfile from command line: /home/lum/6i5a/refine6/ase/8/8_capping.sp


       ***********************************************************
       *                    TeraChem v1.93P                      *
       *                 Hg Version: 79b87f121f2d                *
       *                   Production Version                    *
       *                Compiled without textures                *
       *           Chemistry at the Speed of Graphics!           *
       ***********************************************************
       * This program may only be used in connection with        *
       * a valid license from PetaChem, LLC. Use of this program *
       * or results thereof indicates acceptance of all terms    *
       * and conditions stated in the license and that a valid   *
       * license agreement between the user and PetaChem, LLC    *
       * exists. PetaChem, LLC does not warrant the correctness  *
       * of results or their suitability for any purpose.        *
       * Please email bugs, suggestions, and comments to         *
       *                  help@petachem.com                      *
       *                                                         *
       ***********************************************************


       ***********************************************************
       *  Compiled by toddmtz      Wed Aug 16 03:32:31 PDT 2017  *
       *  Supported architectures: sm_20 sm_30 sm_50 sm_60       *
       *  Cuda compilation tools, release 8.0, V8.0.44           *
       ***********************************************************


 Job started   Mon May 27 13:00:48 2019
 On cu37 (available memory: 53296 MB)

######################################### RUNTIME INFO ##########################################
/public/qmsoft/TeraChem/bin/terachem /home/lum/6i5a/refine6/ase/8/8_capping.sp 

NVRM version: NVIDIA UNIX x86_64 Kernel Module  396.26  Mon Apr 30 18:01:39 PDT 2018
GCC version:  gcc version 4.8.5 20150623 (Red Hat 4.8.5-4) (GCC) 

	linux-vdso.so.1 (0x00007fffb935f000)
	libcurl.so.4 => /lib64/libcurl.so.4 (0x00002b381b158000)
	libintbox.so.1 => /public/qmsoft/TeraChem/lib/libintbox.so.1 (0x00002b381b3c0000)
	libthcbox.so.1 => /public/qmsoft/TeraChem/lib/libthcbox.so.1 (0x00002b383afce000)
	libgridbox.so.1 => /public/qmsoft/TeraChem/lib/libgridbox.so.1 (0x00002b383cb38000)
	libdftbox.so.1 => /public/qmsoft/TeraChem/lib/libdftbox.so.1 (0x00002b383d029000)
	libcublas.so.8.0 => /public/qmsoft/TeraChem/lib/libcublas.so.8.0 (0x00002b383d33a000)
	libcufft.so.8.0 => /public/qmsoft/TeraChem/lib/libcufft.so.8.0 (0x00002b383fcea000)
	libcuda.so.1 => /public/qmsoft/TeraChem/lib/libcuda.so.1 (0x00002b3848b38000)
	libcudart.so.8.0 => /public/qmsoft/TeraChem/lib/libcudart.so.8.0 (0x00002b3849ab8000)
	libcrypto.so.10 => /lib64/libcrypto.so.10 (0x00002b3849d1e000)
	libssl.so.10 => /lib64/libssl.so.10 (0x00002b384a105000)
	libm.so.6 => /lib64/libm.so.6 (0x00002b384a372000)
	libcilkrts.so.5 => /public/qmsoft/TeraChem/lib/libcilkrts.so.5 (0x00002b384a674000)
	libstdc++.so.6 => /lib64/libstdc++.so.6 (0x00002b384a8b5000)
	libgcc_s.so.1 => /lib64/libgcc_s.so.1 (0x00002b384abbd000)
	libpthread.so.0 => /lib64/libpthread.so.0 (0x00002b384add3000)
	libdl.so.2 => /lib64/libdl.so.2 (0x00002b384aff1000)
	libc.so.6 => /lib64/libc.so.6 (0x00002b384b1f5000)
	/lib64/ld-linux-x86-64.so.2 (0x00002b381af35000)
	libidn.so.11 => /lib64/libidn.so.11 (0x00002b384b5a2000)
	libssh2.so.1 => /lib64/libssh2.so.1 (0x00002b384b7d5000)
	libssl3.so => /lib64/libssl3.so (0x00002b384b9ff000)
	libsmime3.so => /lib64/libsmime3.so (0x00002b384bc41000)
	libnss3.so => /lib64/libnss3.so (0x00002b384be68000)
	libnssutil3.so => /lib64/libnssutil3.so (0x00002b384c18e000)
	libplds4.so => /lib64/libplds4.so (0x00002b384c3ba000)
	libplc4.so => /lib64/libplc4.so (0x00002b384c5be000)
	libnspr4.so => /lib64/libnspr4.so (0x00002b384c7c3000)
	libgssapi_krb5.so.2 => /lib64/libgssapi_krb5.so.2 (0x00002b384ca01000)
	libkrb5.so.3 => /lib64/libkrb5.so.3 (0x00002b384cc4d000)
	libk5crypto.so.3 => /lib64/libk5crypto.so.3 (0x00002b384cf32000)
	libcom_err.so.2 => /lib64/libcom_err.so.2 (0x00002b384d164000)
	liblber-2.4.so.2 => /lib64/liblber-2.4.so.2 (0x00002b384d368000)
	libldap-2.4.so.2 => /lib64/libldap-2.4.so.2 (0x00002b384d577000)
	libz.so.1 => /lib64/libz.so.1 (0x00002b384d7ca000)
	librt.so.1 => /lib64/librt.so.1 (0x00002b384d9e0000)
	libnvidia-fatbinaryloader.so.396.26 => /lib64/libnvidia-fatbinaryloader.so.396.26 (0x00002b384dbe8000)
	libkrb5support.so.0 => /lib64/libkrb5support.so.0 (0x00002b384de34000)
	libkeyutils.so.1 => /lib64/libkeyutils.so.1 (0x00002b384e043000)
	libresolv.so.2 => /lib64/libresolv.so.2 (0x00002b384e247000)
	libsasl2.so.3 => /lib64/libsasl2.so.3 (0x00002b384e45e000)
	libselinux.so.1 => /lib64/libselinux.so.1 (0x00002b384e67b000)
	libcrypt.so.1 => /lib64/libcrypt.so.1 (0x00002b384e8a0000)
	libpcre.so.1 => /lib64/libpcre.so.1 (0x00002b384ead7000)
	liblzma.so.5 => /lib64/liblzma.so.5 (0x00002b384ed38000)
#################################################################################################

       ********************** License Check **********************
       * Use license from: /public/qmsoft/TeraChem/license.dat
       * Available Host id: AC1F6B20F5BC
       * Available Host id: AC1F6B20F5BD
       * Available Host id: 525400A418C3
       * Available Host id: 525400A418C3
       * License Host id: AC1F6B20F5BC
       * License expires: 2019-10-21
       ********************** License OK *************************
  _________________________________
 |         DFTD3 V3.0 Rev 2        |
 | S.Grimme, University Bonn       |
 |           Aug  2013             |
  _________________________________
 
 Please cite DFT-D3 work done with this code as:
 S. Grimme, J. Antony, S. Ehrlich and H. Krieg,
 J. Chem. Phys. 132 (2010), 154104
 If used with BJ-damping cite also
 S. Grimme, S. Ehrlich and L. Goerigk,
 J. Comput. Chem. 32 (2011), 1456-1465
 For DFT-D2 the reference is
 S. Grimme, J. Comput. Chem., 27 (2006), 1787-1799
 
Scratch directory: /tmp/lum/6i5a/refine6/ase/8/scr
Random number seed: 329650101

XYZ coordinates /home/lum/6i5a/refine6/ase/8/8_capping.xyz
Molden File Output: /tmp/lum/6i5a/refine6/ase/8/scr/8_capping.molden
Using basis set: 6-31g
Spin multiplicity: 1
DIIS will use up to 10 vectors.
WF convergence threshold: 3.00e-05
Using DIIS algorithm to converge WF
Maximum number of SCF iterations: 300
Incremental fock with rebuild every 8 iterations
Will switch to conventional Fock if diffuse functions are detected
X-matrix tolerance: 1.00e-04
PRECISION: DYNAMIC
DFT Functional requested: hf
Method: Hartree-Fock  with dispersion correction
Wavefunction: RESTRICTED
Initial guess generated by maximum overlap

********************************************
**** SINGLE POINT GRADIENT CALCULATIONS ****
********************************************
SCF:   Initial guess is taken from previous step
COSMO model for polarizable continuum model enabled

using 4 out of 4 CUDA devices
   Device 0:  GeForce GTX 1080 Ti, 11178MB, CC 6.1 -- CPU THREAD 0
   Device 1:  GeForce GTX 1080 Ti, 11178MB, CC 6.1 -- CPU THREAD 1
   Device 2:  GeForce GTX 1080 Ti, 11178MB, CC 6.1 -- CPU THREAD 2
   Device 3:  GeForce GTX 1080 Ti, 11178MB, CC 6.1 -- CPU THREAD 3
-------------------------------------------------------------------
Compiled with MAGMA support.  MAGMA parameters:
    Matrices larger than 5000 square will be treated with MAGMA
       (Change by setting the MagmaMinN environment variable)
    Magma will use 1 out of 4 GPUs
       (Change by setting the MagmaNGPUs environment variable)
-------------------------------------------------------------------
 CPU Memory Available: 8018.12 MegaWords 
 GPU Memory Available: 1141.31 MegaWords 
 Maximum recommended basis set size: 12200 basis functions
 (limited by GPU memory)
-------------------------------------------------------------------
Not using d-functions. Configuring GPUs accordingly.
0: CUBLAS initialized, available GPU memory: 8170MB
1: CUBLAS initialized, available GPU memory: 8170MB
2: CUBLAS initialized, available GPU memory: 8170MB
3: CUBLAS initialized, available GPU memory: 8170MB


Basis set:       6-31g
Total atoms:     457
Total charge:    -1
Total electrons: 1766 (883-alpha, 883-beta)
Number electrons modeled by ECPs: 0
Total orbitals:  2573
Total AO shells: 1625 (1151 S-shells; 474 P-shells; 0 D-shells; 0 F-shells; 0 G-shells)
Spin multiplicity: 1
Nuclear repulsion energy (QM atoms): 96766.417434936418 a.u.

 --------------------------------------------------
 !! SOME DISTANCES VERY SHORT. CHECK COORDINATES !!
 --------------------------------------------------
    Atom1     Atom2       Rij      Threshold
 ---------- ---------- ---------- ----------
        1         2     2.13219    2.20720
        5         6     2.24738    2.26767
        6         7     2.09964    2.26767
       10        20     1.61687    1.61761
       22        31     1.12095    1.55713
       23        24     2.19217    2.26767
       23        32     1.51559    1.61761
       28        29     1.98325    2.08626
       39        40     1.75124    2.20720
       44        46     2.18040    2.26767
       47        56     1.57180    1.61761
       48        57     0.92722    1.61761
       59        67     1.23826    1.55713
       66        76     1.52697    1.61761
       79        93     1.46084    1.61761
       82        95     1.26286    1.61761
       83        84     2.16522    2.26767
       85        87     2.23057    2.26767
       86        97     1.36058    1.55713
       88        90     2.15963    2.26767
       91       101     1.54313    1.61761
      103       109     1.48055    1.61761
      104       105     1.67522    2.08626
      107       113     1.35410    1.61761
      116       127     0.80306    1.55713
      117       118     2.26358    2.26767
      122       134     1.52853    1.61761
      123       124     0.79193    2.20720
      125       137     1.10706    1.55713
      140       141     1.60159    2.20720
      142       160     2.15008    2.20720
      146       148     2.08478    2.26767
      147       149     1.79457    2.26767
      148       150     1.80529    2.26767
      149       150     2.10030    2.26767
      161       167     1.25190    1.61761
      165       171     1.12203    1.61761
      166       172     1.19106    1.61761
      175       183     1.34760    1.61761
      176       177     1.73686    2.08626
      179       181     0.92756    2.08626
      186       192     1.53146    1.55713
      187       193     1.29665    1.61761
      188       197     2.08962    2.20720
      190       195     1.52212    1.61761
      199       200     0.98984    2.08626
      202       204     1.96489    2.08626
      209       220     0.60715    1.55713
      211       212     1.53625    2.08626
      214       216     2.06128    2.26767
      215       217     1.44476    2.26767
      216       218     2.15491    2.26767
      229       230     1.89826    2.20720
      231       250     1.69959    2.20720
      233       234     2.24441    2.26767
      233       244     1.60656    1.61761
      235       237     1.54546    2.26767
      236       238     1.67350    2.26767
      238       239     2.24828    2.26767
      251       259     1.22716    1.61761
      252       264     1.58845    2.20720
      257       262     1.07934    1.55713
      265       276     1.50967    1.61761
      268       278     0.65272    1.61761
      269       280     1.21062    1.61761
      273       284     1.49529    1.55713
      273       285     1.39102    1.55713
      274       287     0.86622    1.55713
      288       294     1.55349    1.55713
      290       299     1.11512    2.20720
      316       318     1.88643    2.26767
      316       325     1.56816    1.61761
      319       320     1.57849    2.26767
      332       333     1.03720    2.08626
      335       336     2.13277    2.26767
      335       344     1.56498    1.61761
      345       351     1.47608    1.55713
      347       356     1.82512    2.20720
      358       359     0.38170    2.08626
      361       366     1.35578    1.43619
      369       378     2.14995    2.20720
      371       376     1.52555    1.61761
      380       381     1.08935    2.08626
      385       386     2.14652    2.20720
      387       404     2.00479    2.20720
      409       416     1.41134    1.61761
      410       418     1.61462    1.61761
      421       435     1.25876    1.61761
      422       423     1.92236    2.08626
      426       438     1.29984    1.61761
      427       429     1.79145    2.26767
      428       439     1.02607    1.55713
 --------------------------------------------------
DFTD Energy:    -4.2844050 hartree
=COSMO= Number of H atoms in QM atoms:220
=COSMO= Number of Heavy atoms in QM atoms:237
reached first line of InitCosmoSwigNoMatrix
q is allocated
B is allocated
Bz is allocated
z is allocated
c is allocated
=COSMO= No Matrix Cosmo Initialization finished.
=COSMO= ++++++++++++++++++++++++++++++ COSMO parameters ++++++++++++++++++++++++++++++
=COSMO= I. Cavity Information:
=COSMO= SAS(Solvent accesible surface) initialization finished
=COSMO= Time for initializing Molecular Surface:0.60119000 (sec)
=COSMO= Time for initializing cosmo calculation:0.18187300 (sec)
=COSMO= Cavity effective radius(Angstrom) (r_solv+r_vdw-dsc) was written into /tmp/lum/6i5a/refine6/ase/8/scr/ratom.txt
=COSMO= Solvent Dielectric Constant:78.390000
=COSMO= Cosmo Solvent radius:0.000000
=COSMO= Cosmo charge scaling method:0
=COSMO= Cavity built with Lebedev Grid
=COSMO= Grid points/QM Hydrogen: 110
=COSMO= Grid points/QM Heavy atom: 110
=COSMO= Herbert Switching-Gaussian method turned on
=COSMO= After removing points inside of SAS:
=COSMO= Total number of segments on molecular surface:22691
=COSMO= Number of segments belonging to QM atoms:22691
=COSMO= Total surface area of cavity: 2873.7134(Angstrom^2)
=COSMO= Total volume of cavity: 1685.6853 (Angstrom^3)
=COSMO= II. COSMO integral options:
=COSMO= Building COMSO c vector with original algorithm
=COSMO= COSMO one-electron integral threshold: 1e-12 
=COSMO= III. Linear solver options:
=COSMO= Initialize COSMO for A matrix in no matrix storage form
=COSMO= CG precondtioner:Jacobi
=COSMO= Tight CG convergence threshold:1e-06
=COSMO= CG dynamic threshold: on
=COSMO= Adjust CG convergence threshold dynamically
=COSMO= IV. PCM field read/write options:
=COSMO= PCM field is not written to files
=COSMO= No PCM field file is read in
=COSMO= ++++++++++++++++++++++++++++++++++++++++++++++++++++++++++++++++++++++++++++++++

************************************* WARNING *************************************
 1 out of 2573 eigenvalues of the overlap matrix are smaller than xtol = 1.0e-04
 and will be flushed to zero. In many cases this is caused by bad geometry of the
 molecule or the use of diffuse basis functions. If the SCF procedure does not
 converge, increase the threshold by setting 'xtol' to 1.0e-03 or 1.0e-02 and/or
 decrease the coulomb and exchange integral screening thresholds 'threall' 
 up to 1.0e-13 or 1.0e-14. In addition, you can try to loosen the the WF 
 convergence threshold, perform several geometry optimization steps, and run the 
 calculations again with the new geometry. You can also try to switch to double
 precision instead of mixed (default) or single precision.
***********************************************************************************


                      *** Start SCF Iterations ***

 Iter     DIIS Error       Energy change         Energy              E_PCM      Time(s)
---------------------------------------------------------------------------------------
         >>> Purifying P... IDMP = 7.39e-09 <<<
         >>> Purifying P... IDMP = 6.22e-15 <<<
THRESPDP set to 1.00e+00
   1     1.3661144568  -11076.9716743538  -11076.9716743538     -6.0924443646   18.60  
   2     0.5310156859     -14.1540071939  -11091.1256815477    -24.4790148539   20.27  
   3     0.5018925180     -35.5156885107  -11126.6413700584    -25.9900273317   20.66  
   4     0.2985005485     -49.8853995175  -11176.5267695759     -2.8648182612   19.92  
   5     0.3167937301      +8.0933895997  -11168.4333799762     -7.1231000930   20.44  
   6     0.1562869490     -13.0019172327  -11181.4352972089     -2.0894867247   19.10  
   7     0.0928758192      -1.9016983513  -11183.3369955602     -1.9043087314   18.33  
   8     0.0523284062      -0.5408689365  -11183.8778644967     -1.4127171858   18.33  
THRESPDP set to 5.67e-05
   9     0.0440699311      -0.4663251419  -11184.3441896386     -1.1710850591   21.95  
  10     0.0151971772      -0.1869914779  -11184.5311811165     -1.1230062000   16.71  
  11     0.0145526181      -0.0605450094  -11184.5917261259     -1.1015816618   16.82  
  12     0.0053983383      -0.0214591066  -11184.6131852325     -1.0902869206   15.60  
  13     0.0049788321      -0.0103240624  -11184.6235092948     -1.0889728794   15.69  
  14     0.0056652976      -0.0026176745  -11184.6261269693     -1.0887657657   15.22  
  15     0.0062360606      -0.0011354298  -11184.6272623991     -1.0895469242   14.65  
  16     0.0069917530      -0.0011956318  -11184.6284580309     -1.0893190788   14.84  
  17     0.0076737429      -0.0009565434  -11184.6294145743     -1.0893524607   20.61  
  18     0.0080544723      -0.0005897986  -11184.6300043729     -1.0891011037   13.88  
  19     0.0079427301      +0.0001673070  -11184.6298370659     -1.0891738757   13.14  
  20     0.0067320688      +0.0013717785  -11184.6284652874     -1.0898149968   14.65  
  21     0.0045414232      +0.0015182748  -11184.6269470126     -1.0903194413   14.26  
  22     0.0037577545      +0.0002513150  -11184.6266956977     -1.0903745050   13.86  
  23     0.0018257782      +0.0004196245  -11184.6262760732     -1.0898879930   14.38  
  24     0.0007494830      -0.0000162447  -11184.6262923179     -1.0895983926   13.84  
  25     0.0004914043      -0.0000424995  -11184.6263348174     -1.0892254270   19.87  
  26     0.0003765061      -0.0000314442  -11184.6263662616     -1.0891762796   13.06  
  27     0.0003106712      -0.0000174115  -11184.6263836730     -1.0891491700   12.27  
  28     0.0002431978      -0.0000101476  -11184.6263938206     -1.0891958997    9.02  
  29     0.0001963132      -0.0000047878  -11184.6263986084     -1.0892520929   12.74  
  30     0.0001424326      -0.0000042659  -11184.6264028743     -1.0893486843   13.91  
  31     0.0000840422      -0.0000032383  -11184.6264061126     -1.0894533587    9.31  
  32     0.0000812224      -0.0000009077  -11184.6264070203     -1.0894901828    9.02  
  33     0.0000693138      -0.0000015799  -11184.6264086002     -1.0895118750   13.22  
  34     0.0000657123      -0.0000017504  -11184.6264103507     -1.0895155539    8.72  
  35     0.0000519704      -0.0000015248  -11184.6264118755     -1.0895122339    8.20  
  36     0.0000514727      -0.0000013651  -11184.6264132406     -1.0895078010    8.08  
  37     0.0000517267      -0.0000017731  -11184.6264150137     -1.0895087602    7.91  
  38     0.0000533728      -0.0000015499  -11184.6264165636     -1.0895063378    7.63  
  39     0.0000559379      -0.0000020680  -11184.6264186315     -1.0895056200    7.45  
  40     0.0000523818      +0.0000011811  -11184.6264174505     -1.0895071756    7.66  
  41     0.0000493250      +0.0000089027  -11184.6264085478     -1.0895096290   12.73  
  42     0.0000495157      +0.0000028715  -11184.6264056763     -1.0895094087    7.65  
  43     0.0000484744      +0.0000012425  -11184.6264044338     -1.0895098829    8.30  
  44     0.0000474928      +0.0000030301  -11184.6264014037     -1.0895104317    7.75  
  45     0.0000487615      -0.0000028887  -11184.6264042924     -1.0895111181    7.36  
  46     0.0000474787      +0.0000015572  -11184.6264027352     -1.0895101954    7.67  
  47     0.0000404240      +0.0000012538  -11184.6264014814     -1.0895053159    8.35  
  48     0.0000349195      +0.0000000089  -11184.6264014725     -1.0895043742    7.83  
  49     0.0000270791      -0.0000069601  -11184.6264084326     -1.0895023508   10.59  
 --------------------------------------------------
 !! SOME DISTANCES VERY SHORT. CHECK COORDINATES !!
 --------------------------------------------------
    Atom1     Atom2       Rij      Threshold
 ---------- ---------- ---------- ----------
        1         2     2.13219    2.20720
        5         6     2.24738    2.26767
        6         7     2.09964    2.26767
       10        20     1.61687    1.61761
       22        31     1.12095    1.55713
       23        24     2.19217    2.26767
       23        32     1.51559    1.61761
       28        29     1.98325    2.08626
       39        40     1.75124    2.20720
       44        46     2.18040    2.26767
       47        56     1.57180    1.61761
       48        57     0.92722    1.61761
       59        67     1.23826    1.55713
       66        76     1.52697    1.61761
       79        93     1.46084    1.61761
       82        95     1.26286    1.61761
       83        84     2.16522    2.26767
       85        87     2.23057    2.26767
       86        97     1.36058    1.55713
       88        90     2.15963    2.26767
       91       101     1.54313    1.61761
      103       109     1.48055    1.61761
      104       105     1.67522    2.08626
      107       113     1.35410    1.61761
      116       127     0.80306    1.55713
      117       118     2.26358    2.26767
      122       134     1.52853    1.61761
      123       124     0.79193    2.20720
      125       137     1.10706    1.55713
      140       141     1.60159    2.20720
      142       160     2.15008    2.20720
      146       148     2.08478    2.26767
      147       149     1.79457    2.26767
      148       150     1.80529    2.26767
      149       150     2.10030    2.26767
      161       167     1.25190    1.61761
      165       171     1.12203    1.61761
      166       172     1.19106    1.61761
      175       183     1.34760    1.61761
      176       177     1.73686    2.08626
      179       181     0.92756    2.08626
      186       192     1.53146    1.55713
      187       193     1.29665    1.61761
      188       197     2.08962    2.20720
      190       195     1.52212    1.61761
      199       200     0.98984    2.08626
      202       204     1.96489    2.08626
      209       220     0.60715    1.55713
      211       212     1.53625    2.08626
      214       216     2.06128    2.26767
      215       217     1.44476    2.26767
      216       218     2.15491    2.26767
      229       230     1.89826    2.20720
      231       250     1.69959    2.20720
      233       234     2.24441    2.26767
      233       244     1.60656    1.61761
      235       237     1.54546    2.26767
      236       238     1.67350    2.26767
      238       239     2.24828    2.26767
      251       259     1.22716    1.61761
      252       264     1.58845    2.20720
      257       262     1.07934    1.55713
      265       276     1.50967    1.61761
      268       278     0.65272    1.61761
      269       280     1.21062    1.61761
      273       284     1.49529    1.55713
      273       285     1.39102    1.55713
      274       287     0.86622    1.55713
      288       294     1.55349    1.55713
      290       299     1.11512    2.20720
      316       318     1.88643    2.26767
      316       325     1.56816    1.61761
      319       320     1.57849    2.26767
      332       333     1.03720    2.08626
      335       336     2.13277    2.26767
      335       344     1.56498    1.61761
      345       351     1.47608    1.55713
      347       356     1.82512    2.20720
      358       359     0.38170    2.08626
      361       366     1.35578    1.43619
      369       378     2.14995    2.20720
      371       376     1.52555    1.61761
      380       381     1.08935    2.08626
      385       386     2.14652    2.20720
      387       404     2.00479    2.20720
      409       416     1.41134    1.61761
      410       418     1.61462    1.61761
      421       435     1.25876    1.61761
      422       423     1.92236    2.08626
      426       438     1.29984    1.61761
      427       429     1.79145    2.26767
      428       439     1.02607    1.55713
 --------------------------------------------------
---------------------------------------------------------------------------------------
FINAL ENERGY: -11184.6264084326 a.u.
WARNING: Final energy is higher than the lowest energy by    0.0035959.
DISPERSION CONTRIBUTION TO ENERGY: -4.2844050168 a.u.
C-PCM contribution to final energy:-1.0895023508 a.u. ( already included in final energy )
Computing C-PCM contribution to gradient...
CENTER OF MASS: {19.781377, 13.293497, 28.984377} ANGS
DIPOLE MOMENT: {-36.850246, 9.871510, 33.864792} (|D| = 51.011876) DEBYE
Cannot open /tmp/lum/6i5a/refine6/ase/8/scr
Writing out molden info

Gradient units are Hartree/Bohr
---------------------------------------------------
        dE/dX            dE/dY            dE/dZ
    0.0256962773     0.1783703233     0.6629557935
    0.0654640443    -0.0689493384    -0.5092361851
    0.0542325479    -0.0403406329     0.2037210987
   -0.0805160159     0.0408056047    -0.1379176130
    0.4847316346    -0.2960759546    -0.0361168197
   -0.0517281004    -0.2438952630     0.2654594796
   -0.3076561584     0.4477354400    -0.6366062648
   -0.1890556546    -0.1622855024     0.2083008135
    0.2352614028    -0.1641132006     0.2525543527
    0.3171553084     0.0405741740    -0.0910759596
   -0.2337029261     0.0747494597    -0.1181755555
    0.0980170152    -0.2730941682     0.3130449734
    0.0287005470     0.0186342080    -0.1148452725
    0.0323200996    -0.0262245398     0.0321203546
   -0.0353100407     0.0605245453    -0.0352151555
   -0.0302660127     0.0336011884     0.0310338785
   -0.0411951428    -0.0210705536     0.0716535740
   -0.0050217368     0.0521414781    -0.0628774367
   -0.0523349924     0.1432811381    -0.1857380247
   -0.1114255606    -0.1532389420     0.2513455688
   -0.1182809490     0.2502832404    -0.2840228549
   -1.3394467296    -1.1462072646     0.1479658960
    0.2998488699     0.1330466493    -0.0348712697
    0.0051538986    -0.0815533731     0.3591408652
    0.0504023016    -0.0184490608    -0.0325944319
    0.1361100117    -0.0290183404    -0.0202057299
   -0.1195447462    -0.1978079481    -0.0678123850
   -0.4138344766     0.0025835069    -0.2224811271
    0.4866113516     0.0728556329     0.2081909246
   -0.0396114875    -0.1686219975     0.0679281915
    1.3480103383     1.2064152067    -0.0724621587
   -0.3567041043     0.0068975862    -0.3109588717
   -0.0893962979    -0.0087789331    -0.0081553128
   -0.0436512054     0.0449979688     0.0730034568
    0.0474597913     0.0246424548     0.0163995628
   -0.0156632158     0.0574429631     0.0489739478
   -0.0823436615    -0.0258462441    -0.0260775520
    0.1162789544     0.2083112148    -0.0401281402
    1.3625183924    -1.0932006073    -0.5287842295
   -1.2639802414     0.9785605559     0.3316468516
   -0.0414309616     0.1446586724     0.3502048065
    0.1261879873    -0.0523962907    -0.0745492235
    0.1481601763     0.1184318821     0.1868263558
   -0.3685982441     0.0200414368     0.0771294625
   -0.0511016765    -0.0313702958    -0.0678264232
    0.5045232346    -0.0952968924    -0.3153385138
    0.4639158311     0.0614928194     0.1644088073
   -2.6848002697     0.4489416835     2.6841684757
    0.1177189244    -0.0731629596    -0.1070554796
   -0.0700690177     0.0372991108     0.0646246516
    0.0183472823     0.0179461208     0.0366647434
   -0.0456410960    -0.0109384693     0.0018236722
   -0.0351193526     0.0204736502    -0.0160718972
   -0.0189024521     0.0118200237     0.0391678486
   -0.0654746116     0.0009583958    -0.0033834213
   -0.3518199928    -0.0304626336    -0.1546573442
    2.3951934998    -0.3869558255    -2.5436743361
   -0.0187410300     0.0278707528     0.0532229549
   -1.0119965475     0.4832262520     0.5677646467
   -0.2161385729    -0.0763152282    -0.1119236712
    0.0802824291     0.1396035919    -0.0952092179
    0.0088297050    -0.0271809814     0.1424700608
   -0.0763053992     0.1371123132    -0.0493864293
   -0.2777632884    -0.2200384303    -0.1637685035
    0.1385879928     0.2813620914    -0.0041315737
    0.0686481042    -0.2427552992    -0.4126099209
    0.8934500167    -0.4446119363    -0.6150574516
    0.0735501794    -0.0463978960    -0.0113951112
    0.1517083572    -0.0999271632    -0.0141522488
    0.0115140467     0.0384116279     0.1172057911
   -0.0037977809     0.0411571321     0.0656460993
   -0.0030644856    -0.0476038014     0.0503765486
    0.0741894177    -0.0611063250     0.0045322166
    0.0305341424    -0.0170810220     0.0004616911
    0.0038792754     0.0458037428    -0.0210866341
   -0.0744222542     0.1397730514     0.4395126051
    0.0540614711     0.0454490197     0.0282655757
   -0.2600249017    -0.0047113274    -0.2526952630
    0.0774075131     0.0652811467     0.6270929407
    0.0175012657    -0.0401086172     0.1817806894
   -0.0011767281     0.0425923885    -0.1660387097
    0.8989128068    -0.7476262672     0.0886376931
   -0.4709841605     0.0382408501    -0.1265444338
    0.4347075662    -0.0572458141     0.2827732549
   -0.3794246092    -0.0409788583     0.0946307801
   -0.7229862339    -0.1134206950     0.0690369054
    0.2797949826     0.0106510669    -0.0199328650
    0.0421454608    -0.1077546486     0.4140377710
    0.0664929560     0.0712251275    -0.2337301144
   -0.0487179481     0.1289434653    -0.4598852081
    0.0523965567    -0.1618091017     0.5497462088
    0.1359984329     0.0552814059     0.2961600396
   -0.0409824868    -0.2569485418    -0.5271082097
   -0.0566861895    -0.0198024431    -0.0605463519
   -0.6852985257     0.9412244115    -0.0269494769
   -0.0187624219     0.0037827131    -0.0113658563
    0.6760087309     0.1488555750    -0.2232143610
   -0.0615334298    -0.0048698781     0.0100579334
   -0.0615271405    -0.0098069421     0.0328043030
    0.0291070503    -0.0113798180     0.0173148046
    0.0822903464     0.1186164006    -0.4009041889
    0.1642577192     0.1306130296     0.1483508562
    0.0623930419    -0.6250006895    -0.2469989353
   -0.5875107313     1.6118784963     0.1913201086
    0.5496783662    -1.7210998327    -0.2835840926
    0.0060087194     0.0395412700    -0.0232265145
    0.6848195365    -0.6553533284    -0.0032928452
   -0.1034385479    -0.2119617494    -0.2293203711
   -0.0568007951     0.4940561211     0.2245474816
   -0.0393883308     0.0121959933     0.0137661239
    0.0014515573    -0.0056458430     0.0043956115
   -0.0251556599     0.0416078465     0.0540066207
   -0.6063367026     0.6012878334    -0.0312928899
   -0.0216551761     0.0648708433    -0.0193344720
    0.0274809554     0.0174258865     0.0084017137
    1.6949303969    -5.3862536274    -0.5484440396
    0.4058486144     0.1625978998     0.0546003071
   -0.5055360325    -0.3142622278     0.0485678474
    0.0870423758     0.0357269453    -0.1049215170
   -0.2639825000    -0.0293432193    -0.0471825372
   -0.0417418130     0.1975017561     0.1281620727
    0.4771875379    -0.3696148454     0.0030011342
    1.5046507701   -26.4312710201     2.2333315245
   -1.5005957479    26.4492408483    -2.1815395095
    0.0492323250    -1.2591174446     1.6080605188
    0.0055802052    -0.0719730828    -0.1131360471
   -1.8490811549     5.4005396215     0.4968553335
   -0.0332617996     0.0042359292     0.0296591832
    0.1442513953     0.0845229655     0.0482683819
    0.0630640898    -0.0186385287    -0.0266729801
   -0.1003337123    -0.0592781977    -0.0226726975
    0.1168731974    -0.0521298173    -0.0717590469
   -0.0580309604    -0.0166974009    -0.0028545917
   -0.3743920308     0.2802349609     0.0286601120
   -0.0011295493    -0.0171324846     0.0039881424
   -0.0002026915     0.0862802767    -0.0524688174
   -0.0519234992     1.1339917728    -1.5088985312
    0.0022156861     0.0750191501     0.0235396727
   -0.0020941334     0.0664008313    -0.0582647404
    2.5557399657     1.1102257016     0.8509264390
   -2.3209957888    -0.9977054805    -0.7032462900
    0.2695505169     0.1436454848    -0.1668073004
   -0.0215746729    -0.0087132021     0.0311811781
   -0.2180178305     0.0551970746    -0.1865210627
    0.3472506738     0.0812303859     0.1408019149
    0.2568413494     0.6794298697     0.1762447303
    1.3784447443     0.7043298079     0.2848154489
   -1.0156937085     0.9050905556    -0.0268814196
   -0.6978131223    -1.1477421929    -0.3797100381
   -0.2004738722    -1.2226744069    -0.1688420001
   -0.0493248646    -0.0257460703     0.0033263966
   -0.0088149992     0.0020038985     0.0002674269
    0.0662826384    -0.0339670609    -0.0177704202
    0.0336674363    -0.0472589166     0.0423413267
   -0.0059460067    -0.0947964256    -0.0070406410
   -0.0871243723     0.0206776099     0.0121978304
    0.0670190545    -0.0303055217    -0.0166139420
   -0.0179181664     0.0759415215     0.0205866348
    0.0554766195     0.0407118288     0.0189537086
   -0.2102072749    -0.0915499069     0.1315068418
   -0.2355534644    -0.5575817811    -1.1084997770
   -0.1210037225     0.2826800504     0.0108302270
    0.0286772686    -0.0689164760    -0.0640634961
   -0.1093912058    -0.0190468461    -0.0205752987
   -0.4451701202    -0.4632324846    -1.9559392099
    0.0346318969     0.9993383838     1.3230017700
    0.2585652976     0.3560897206     1.1282929710
    0.0562434522     0.0207016149     0.0601846352
    0.0286484474     0.0105495868    -0.0009999420
    0.0324523227     0.0757468366     0.0401291614
    0.3947823300     0.3859483537     1.7768093816
    0.0661162830    -0.9305570462    -1.1586803096
   -0.0554541768     0.0017267035    -0.0583544226
    0.0648310187    -0.0982871592     0.0401572424
   -0.7199875238     0.0095111503     0.7817039041
    0.0725363241     0.0195174450     1.3305038786
   -0.0014801637    -0.0447942375    -1.2843889104
    0.3004182772    -0.0610139865    -0.3345487674
    3.2316785214   -21.2496010653    -4.3137407551
   -0.0391472269    -0.0066560538     0.1008543096
   -3.3442934450    21.3272428226     4.4676282305
   -0.0040480250     0.0246705769    -0.1015863883
    0.5690154502    -0.0075681842    -0.6667467678
   -0.0221891931    -0.0005871243     0.0280899031
   -0.0602178446     0.0047847029     0.0181278254
   -0.0903876234    -0.1381085169    -0.5096646784
    0.0228853742     0.0572629522     1.2624917764
   -0.1365431117     0.1816521561    -0.1581749474
   -0.1047040787     0.0318878541    -0.1014629868
    0.4998825505     0.0651588474     0.2275110476
   -0.0170633007    -0.0486104926    -0.0602898535
    0.1020526276     0.1459606968     0.3219138489
   -0.0458461953    -0.0257862468    -1.0410540737
   -0.0237221161     0.0241300164    -0.0891954681
   -0.4260254774    -0.0800869585    -0.1849666709
   -0.0238827112     0.0272305929     0.0292047279
    0.3163045889    -0.0694912756     0.3084917983
   -0.1390548467    -0.1669525276    -0.0012129670
  -15.6880991325    -2.8875060428     8.3882778125
   15.6218170505     2.9306278191    -8.3010975923
    0.1989985669    -0.0355509047    -0.0865716284
   -0.1961106022    -0.3368428054    -0.2667219534
   -0.2955826731     0.0255385519     0.0647700833
    0.4237750128     0.3514728537     0.2441645129
   -0.0479490469     0.0040661906    -0.0702478961
    0.0855544311    -0.0120371974    -0.0177338804
   -0.0567023485     0.0065990791     0.0053758143
   -0.0275646106    -0.0073076234     0.0039104471
    8.9863031587    -1.6026885077    -8.3651405228
   -0.1932491243     0.0855085403     0.0244804212
    0.8479391542     0.8766034301    -2.5416783776
   -0.9612770845    -0.7666036886     2.7605272916
    0.1366504437     0.0751230580    -0.0134948317
   -0.1476472648    -0.0647942143     0.5851094807
   -1.1740491278    -1.3596647149     3.6748886066
    0.1499098745    -0.2068398936    -0.2146118978
    1.0209405022     1.4031051619    -3.2187080725
    0.0263872360     0.1014129236    -0.2231564632
    0.0626362193     0.1275304414    -0.3971089781
   -8.8711331850     1.5913700641     8.2824343148
   -0.0155050388    -0.0182790928     0.0437701978
   -0.0578909422     0.0123949977     0.0291733438
    0.0108313643    -0.0919268698    -0.0348099139
    0.0169251421    -0.0034313340    -0.1012494497
   -0.0368181084     0.0590833371     0.0037709569
    0.0336229543    -0.0252878173    -0.0410008131
    0.0399239036     0.0008792175    -0.1337168566
   -0.0026350217    -0.0381146995     0.0944277915
   -0.6617569549    -0.7111997663    -0.0804957670
    0.6141372575     0.8879407867     0.1275537853
   -0.0460450610    -1.6409345926     0.5727610302
   -0.1385210243    -0.1214569135     0.3305759396
   -0.2190150458    -0.0333695581     0.2235675378
    0.1749210040    -0.3159618003    -0.2652769681
   -1.1307263740     1.1939748625     2.5321178103
   -0.2867440200     1.9322806776     1.3112872169
    1.1367329221    -1.3060084214    -2.5484920648
    0.3139299065    -1.4406272137    -1.3423457177
   -0.1104656625    -0.3735551314     0.1461439805
    0.0447136627     0.1085658158    -0.0641600945
    0.0105334125    -0.0036408660    -0.0369823868
    0.0102845414     0.0286315674     0.0272739630
   -0.0037047505     0.0080186328    -0.0494433240
    0.1773362431     0.2857132778     0.0104507368
    0.0031134822    -0.0285714139     0.0180420118
    0.0038080349    -0.0778872604    -0.0032445133
    0.0140784401     0.0571427382    -0.0161229719
   -0.0297701318     0.0007788171     0.0210560789
   -0.0369305839    -0.0449398321     0.0451101100
    0.1813458652     1.8090023700    -0.9033137019
   -0.0314416643     0.3432608854    -1.3983620642
    0.8384671283    -1.5132563682    -1.5439114985
    0.0705981750    -0.0358869605    -0.0762728679
   -0.1322022001    -0.1106187944     0.2019072966
    0.0782126503     0.0120193558    -0.0479559542
   -0.0467006435     0.0039543936    -0.0372704621
   -0.7401685267    -0.7960774269     1.9392854494
   -0.0448621944    -0.0317694442     0.0706945183
   -0.0465663955    -0.3222018530     1.2712614442
    0.0072148318    -0.0275253451    -0.0779029717
    0.0524365178     0.0605226517    -0.0260401295
    0.7577098109     0.7362722750    -1.8236124671
    0.0502285307     0.0124243966    -0.0918376316
   -0.8952504724     1.5852426005     1.6474735907
   -0.2555063233     0.4955759320    -0.2375510668
   -0.1612986914     0.0123982191    -0.1153980795
    0.1090113381    -0.0047800316    -0.0353489996
    4.1657060401    -7.0739969875     4.5407817213
   -0.9036628399     0.8815177940    -0.7321263213
    0.1973621954    -0.0327574109    -0.0011062471
   -0.0150458758    -0.2430071269     0.3021367425
   -0.0255374194     0.1889499059    -0.1294261601
    0.0007633383    -0.4710302969    -0.0379243975
    0.1686035218    -2.0580257450    -4.1978000993
    0.0314578201    -0.0625594350    -0.0422586011
    0.1970429469    -0.3281305376     0.3116038773
   -0.0285393429     0.0490638982    -0.0957342555
   -4.0133192747     6.8851588031    -4.4204879278
    0.0411506057     0.0127174589    -0.1185403677
    0.7612959060    -0.7992853203     0.8423824321
   -0.1014554601     0.0591993517    -0.0875534339
   -0.0255409900    -0.0076363458    -0.0462064737
   -0.0010470791     0.0503202000    -0.0002000543
    0.0331010793     0.0766596411    -0.3867091241
   -0.0281346627     0.4088347552     0.4876826511
    0.0015540800     0.0501439582    -0.0116610310
   -0.1481680603     1.8678892879     4.1212921268
    0.4164669362    -0.0186964162    -0.0155630338
    0.0355112576    -0.2993472653     0.2720622118
    3.8831519062     9.0670753430     4.7974182879
    0.0160713227    -0.0037139610    -0.0072383451
   -0.1441526924     0.2220780611     0.0265066772
   -0.0885813325     0.0783091414    -0.2841420689
   -0.2993268490     0.0210279084     0.0845805061
    0.0493917324     0.0272314579    -0.0139628750
   -0.0092230027    -0.0553280381    -0.0148433707
   -0.0167092384    -0.0297562330    -0.0082442766
    0.0913984814    -0.0380378829     0.0624412374
   -3.8070156529    -9.0595562225    -4.8160414292
    0.0819546523     0.0390243746    -0.2105149595
    0.0999696524    -0.0137134509     0.1252394575
   -0.0899834224     0.0536223124     0.0175352800
    0.1489597269     0.0280897958     0.3091046810
   -0.1003808596    -0.0373373502    -0.0912573000
   -0.1249551701    -0.0037888269     0.0532330025
   -0.0250954159    -0.0008475536     0.0591702320
    0.0560655812    -0.1232396591    -0.0661681406
   -0.1707417939     0.1483519892    -0.1180124364
    0.0441075228     0.0120481672     0.0454500196
   -0.2665781426     0.1293363145    -0.1214836382
    0.2843373828    -0.2005371848    -0.1202672194
   -0.0477660820    -0.1518992550     0.0235395289
   -0.0566127400     0.0495928873     0.0159038130
    0.0429091733     0.1149382628     0.0555574186
    0.1414862741     0.0408301248     0.0362351615
   -0.6328187255     0.3814561761    -0.5433626180
   -0.2457375124     0.1240939194    -0.1649200561
    0.9363334618    -0.1949966076     0.7141527002
   -0.7697334639     2.5045531234    -0.1184939597
    0.9856601990    -2.7273012358     0.3009677714
    0.0466956302    -0.0301358679    -0.0382251789
   -0.0277316815     0.0576903484     0.0217609221
   -0.1377741944    -0.0690853214     0.0537488651
    0.0054014588    -0.0153527458     0.0086884631
   -0.2646425659    -0.2308422333    -0.1704847024
    0.0114399991     0.0141253262     0.0305544163
   -0.0301587686     0.0716595420     0.0067495637
   -0.0109280325    -0.0229748434    -0.0157735014
   -0.0643976403     0.0450085078    -0.0472579097
    0.0759704245     0.1337077288     0.0196341946
   -0.0119236654    -0.0532413475    -0.0296572732
  -14.7830431347     4.4591849532     0.1952384949
   14.6389044489    -4.4550515395    -0.1901540922
    0.0924628961     0.0691545647    -0.0466031921
    0.2380911394    -0.1666864418    -0.3208517989
   -0.0662306320     0.6446760449     0.3193717204
    0.0127335292    -0.0985198317     0.0143072151
   -0.0138509489     0.0062671022    -0.1350473525
   -0.0025035130    -0.0424680075    -0.0199870453
   -0.0139303356     0.0038255551     0.0178267785
    0.0050505667    -0.0200371461     0.0325725069
   -0.0518529519    -0.0293601634     0.0388229783
    0.0822535035    -0.0511394192     0.0135195664
   -0.2924988653    -0.2486761416     0.1044177927
    0.6288713914    -0.1876137089    -0.2214633069
   -0.2096383341    -0.1626451617     0.0348488572
    0.4275523533     0.9198440464    -0.6156367375
    0.0346693218     0.0223481852    -0.0468276268
   -0.0359312238     0.0831754488     0.1040828423
   -0.0028781273    -0.0425524163     0.1215829544
   -0.4325317854     0.1688002155     0.1555463231
    0.1127214776     0.0830065241    -0.0395952866
    0.0436654059     0.0244177695    -0.1016350844
    0.0256339609    -0.0675832402    -0.0234520288
    0.0041364865     0.0211924089    -0.0843421117
   -0.5139269161    -0.9533598981     0.7403060778
   -0.0986887043     0.0895175796     0.1823408225
 -152.6332279154   149.1280130306   107.6687110767
  152.6947450095  -149.1727701354  -107.7151663021
    0.0615078147    -0.0642190734    -0.1831588605
    0.2602469690    -0.5284380616    -0.2207704488
    0.0596604475     0.0017562111    -0.0553301512
   -0.0208443176    -0.0149013056    -0.2393882694
    0.0031660267     0.0235548069     0.1298988766
   -0.0295942046     0.0537146382     0.0118696892
   -0.2927268567     0.5110446568     0.2181296020
   -0.1162558847     0.0741788753     0.0096880082
    0.1821983570    -0.1192685603    -0.0930578207
    0.1426562653    -0.3597739177     0.2196797949
   -0.1267829926     0.0556920938    -0.0306800343
    0.4524064153     0.2812160399    -0.0261939016
    0.0592931445    -0.0828607836     0.0088965747
   -0.0102108255    -0.0016803438    -0.0066971876
   -0.0081168992     0.0573001574     0.0229043991
   -0.0696099902     0.0089552893    -0.0388810144
   -0.3499752087    -0.2156445411     0.2119977610
   -0.0865144345     0.0323547514    -0.0087819895
    0.2068997475     0.2046787094    -0.1077178307
    0.0372399994     0.1228507408    -0.0855968568
   -9.0303423426    -9.3324417324    -0.2104420711
    8.9428357141     9.2858092449     0.1798975762
   -0.1820448910     0.0903942366    -0.0078377891
    0.0185482300    -0.0624604516     0.0564429823
   -0.0236722817    -0.0256268229    -0.0006086937
   -0.1132547045    -0.1608066498    -0.3460004018
    0.1244469692     0.1460003861     0.2966803268
   -0.4559941720    -0.3182633064    -0.3237323995
    0.0960587534    -0.0256622811     0.0257262290
    0.2410619747     0.1673449989     0.0846831866
   -0.0976469977    -0.1288527497     0.0206774083
   -0.0563768109     0.0730787901    -0.0724783266
   -0.1028980148     0.0885551387     0.1411721682
   -0.0546151289    -0.0357654588     0.0157329056
    0.0336048539    -0.0227248297    -0.0060369793
   -0.1065764564    -0.0017872247    -0.0216274050
   -0.0387417083    -0.0479706345    -0.0184141376
    0.0058156393     0.0110805783     0.0139730605
    0.0317162861    -0.0764589568     0.0225216455
    0.0541565264     0.0093778520     0.0152793452
    0.0050551658    -0.0035596109     0.0056538653
    0.0226379219    -0.0611740472     0.0126777308
    0.0078680846    -0.0389263470    -0.0427908193
    0.0918801135     0.0538215658    -0.0992832529
    0.4459435783     0.4023032318     0.3304104245
    0.0480785457    -0.0993883462     0.0174098855
    0.0247852780     0.0462286451     0.2319189543
   -0.0864229038     0.0293295495    -0.0937137965
    0.0715839007    -0.1532238918    -0.0178602750
    0.5623829201    -0.2065739311     0.2992683521
    0.3826256450    -0.1312850847     0.0929984180
   -0.0800094705     0.0325242549    -0.0263010119
   -0.1097696684     0.0263463560    -0.0429610242
   -0.0697940908     0.0435067229    -0.0201113484
   -0.0517694866    -0.0178668483     0.0450132882
   -0.0018552023     0.0320208043     0.0598072924
   -0.4845360731     0.3132211245    -0.4110663399
   -0.0614515248     0.0036431405     0.0297190246
   -0.2959923708     0.0638055020    -0.1279042503
   -0.0163160133     0.0706623245     0.0097700009
    0.0942398568    -0.2035847338    -0.1260367884
   -0.4831178529     1.0586087121    -0.4835467793
   -0.1008498502    -0.6163715521     0.2192262946
    0.2574135095     0.9297880428    -0.0894477699
   -0.1575066831    -0.1013525132     0.0527056058
   -0.0421130556     0.1875992253     0.1386609188
    0.1597952037    -0.9567902310     0.6940960876
    0.0682902065    -0.8112535697    -1.2856230566
    0.2010312643    -1.9906344083    -1.8148352874
   -0.1220815165     1.1948235797     0.9567025598
    0.0429580256    -0.3306780445    -0.0684631647
    0.0312548462    -0.1384308096     0.3161461478
    0.0079742975     0.0247152184    -0.1338106176
   -0.0494649042     0.2093149363     0.1838748217
   -0.0008699744     0.0120980925     0.0597048432
    0.4497410306    -1.0363100095     0.3789400291
    0.0565331303     0.0564551016    -0.0079069305
    0.0603692205    -0.0321881413     0.0225023696
   -0.1527499323     0.8270381163    -0.6068827855
   -0.1723698703     1.8973552983     1.6813096210
   -0.0120992304     0.0714576527     0.0464786376
   -0.0020857628    -0.0060932345    -0.0623202661
    0.0230339976    -0.1250422391     0.0064015016
   -0.0010760810    -0.0045688686    -0.0156570264
   -0.1135516865     0.0703069615     0.0294616549
    0.0251159749    -0.0089594012    -0.0624170541
   -0.0362045732    -0.0535208302    -0.1192483740
    0.0562760596    -0.0292826980     0.0311625320
   -0.0093715074    -0.1154077593    -0.0845137713
   -0.0387401906    -0.0578518678    -0.0115571201
    0.0773687563    -0.0397958887    -0.1312719377
   -0.0685464774    -0.0113707990    -0.0234468107
   -0.0902332057     0.0420516223     0.0875598364
    0.0339747560     0.1687358700     0.1042243251
    0.1113002308    -0.0302409710    -0.0149849028
    0.1735039600    -0.1746055775    -0.2455872047
    0.0330503896    -0.1443864000    -0.0757528762
   -0.1069961824    -0.1834526557    -0.1339277245
---------------------------------------------------
Net gradient:  2.550826e-09 -2.922368e-09  1.165316e-09
Net torque:    4.987503e-03 -1.506026e-02 -2.167061e-03

Total processing time: 695.14 sec 

 Job finished: Mon May 27 13:12:38 2019

