Startfile from command line: /home/lum/3j63/opt3_x10/ase/2/2_capping.sp


       ***********************************************************
       *                    TeraChem v1.93P                      *
       *                 Hg Version: 79b87f121f2d                *
       *                   Production Version                    *
       *                Compiled without textures                *
       *           Chemistry at the Speed of Graphics!           *
       ***********************************************************
       * This program may only be used in connection with        *
       * a valid license from PetaChem, LLC. Use of this program *
       * or results thereof indicates acceptance of all terms    *
       * and conditions stated in the license and that a valid   *
       * license agreement between the user and PetaChem, LLC    *
       * exists. PetaChem, LLC does not warrant the correctness  *
       * of results or their suitability for any purpose.        *
       * Please email bugs, suggestions, and comments to         *
       *                  help@petachem.com                      *
       *                                                         *
       ***********************************************************


       ***********************************************************
       *  Compiled by toddmtz      Wed Aug 16 03:32:31 PDT 2017  *
       *  Supported architectures: sm_20 sm_30 sm_50 sm_60       *
       *  Cuda compilation tools, release 8.0, V8.0.44           *
       ***********************************************************


 Job started   Mon Apr 29 01:11:28 2019
 On cu34 (available memory: 61736 MB)

######################################### RUNTIME INFO ##########################################
/public/qmsoft/TeraChem/bin/terachem /home/lum/3j63/opt3_x10/ase/2/2_capping.sp 

NVRM version: NVIDIA UNIX x86_64 Kernel Module  396.26  Mon Apr 30 18:01:39 PDT 2018
GCC version:  gcc version 4.8.5 20150623 (Red Hat 4.8.5-4) (GCC) 

	linux-vdso.so.1 (0x00007fff2c984000)
	libcurl.so.4 => /lib64/libcurl.so.4 (0x00002b3f00c81000)
	libintbox.so.1 => /public/qmsoft/TeraChem/lib/libintbox.so.1 (0x00002b3f00ee9000)
	libthcbox.so.1 => /public/qmsoft/TeraChem/lib/libthcbox.so.1 (0x00002b3f20af7000)
	libgridbox.so.1 => /public/qmsoft/TeraChem/lib/libgridbox.so.1 (0x00002b3f22661000)
	libdftbox.so.1 => /public/qmsoft/TeraChem/lib/libdftbox.so.1 (0x00002b3f22b52000)
	libcublas.so.8.0 => /public/qmsoft/TeraChem/lib/libcublas.so.8.0 (0x00002b3f22e63000)
	libcufft.so.8.0 => /public/qmsoft/TeraChem/lib/libcufft.so.8.0 (0x00002b3f25813000)
	libcuda.so.1 => /public/qmsoft/TeraChem/lib/libcuda.so.1 (0x00002b3f2e661000)
	libcudart.so.8.0 => /public/qmsoft/TeraChem/lib/libcudart.so.8.0 (0x00002b3f2f5e1000)
	libcrypto.so.10 => /lib64/libcrypto.so.10 (0x00002b3f2f847000)
	libssl.so.10 => /lib64/libssl.so.10 (0x00002b3f2fc2e000)
	libm.so.6 => /lib64/libm.so.6 (0x00002b3f2fe9b000)
	libcilkrts.so.5 => /public/qmsoft/TeraChem/lib/libcilkrts.so.5 (0x00002b3f3019d000)
	libstdc++.so.6 => /lib64/libstdc++.so.6 (0x00002b3f303de000)
	libgcc_s.so.1 => /lib64/libgcc_s.so.1 (0x00002b3f306e6000)
	libpthread.so.0 => /lib64/libpthread.so.0 (0x00002b3f308fc000)
	libdl.so.2 => /lib64/libdl.so.2 (0x00002b3f30b1a000)
	libc.so.6 => /lib64/libc.so.6 (0x00002b3f30d1e000)
	/lib64/ld-linux-x86-64.so.2 (0x00002b3f00a5e000)
	libidn.so.11 => /lib64/libidn.so.11 (0x00002b3f310cb000)
	libssh2.so.1 => /lib64/libssh2.so.1 (0x00002b3f312fe000)
	libssl3.so => /lib64/libssl3.so (0x00002b3f31528000)
	libsmime3.so => /lib64/libsmime3.so (0x00002b3f3176a000)
	libnss3.so => /lib64/libnss3.so (0x00002b3f31991000)
	libnssutil3.so => /lib64/libnssutil3.so (0x00002b3f31cb7000)
	libplds4.so => /lib64/libplds4.so (0x00002b3f31ee3000)
	libplc4.so => /lib64/libplc4.so (0x00002b3f320e7000)
	libnspr4.so => /lib64/libnspr4.so (0x00002b3f322ec000)
	libgssapi_krb5.so.2 => /lib64/libgssapi_krb5.so.2 (0x00002b3f3252a000)
	libkrb5.so.3 => /lib64/libkrb5.so.3 (0x00002b3f32776000)
	libk5crypto.so.3 => /lib64/libk5crypto.so.3 (0x00002b3f32a5b000)
	libcom_err.so.2 => /lib64/libcom_err.so.2 (0x00002b3f32c8d000)
	liblber-2.4.so.2 => /lib64/liblber-2.4.so.2 (0x00002b3f32e91000)
	libldap-2.4.so.2 => /lib64/libldap-2.4.so.2 (0x00002b3f330a0000)
	libz.so.1 => /lib64/libz.so.1 (0x00002b3f332f3000)
	librt.so.1 => /lib64/librt.so.1 (0x00002b3f33509000)
	libnvidia-fatbinaryloader.so.396.26 => /lib64/libnvidia-fatbinaryloader.so.396.26 (0x00002b3f33711000)
	libkrb5support.so.0 => /lib64/libkrb5support.so.0 (0x00002b3f3395d000)
	libkeyutils.so.1 => /lib64/libkeyutils.so.1 (0x00002b3f33b6c000)
	libresolv.so.2 => /lib64/libresolv.so.2 (0x00002b3f33d70000)
	libsasl2.so.3 => /lib64/libsasl2.so.3 (0x00002b3f33f87000)
	libselinux.so.1 => /lib64/libselinux.so.1 (0x00002b3f341a4000)
	libcrypt.so.1 => /lib64/libcrypt.so.1 (0x00002b3f343c9000)
	libpcre.so.1 => /lib64/libpcre.so.1 (0x00002b3f34600000)
	liblzma.so.5 => /lib64/liblzma.so.5 (0x00002b3f34861000)
#################################################################################################

       ********************** License Check **********************
       * Use license from: /public/qmsoft/TeraChem/license.dat
       * Available Host id: AC1F6B20BAE2
       * Available Host id: AC1F6B20BAE3
       * Available Host id: 52540093B9B0
       * Available Host id: 52540093B9B0
       * License Host id: AC1F6B20BAE2
       * License expires: 2019-10-21
       ********************** License OK *************************
Scratch directory: /tmp/lum/3j63/opt3_x10/ase/2/scr
Random number seed: 1235055063

XYZ coordinates /home/lum/3j63/opt3_x10/ase/2/2_capping.xyz
Molden File Output: /tmp/lum/3j63/opt3_x10/ase/2/scr/2_capping.molden
Using basis set: 6-31g
Spin multiplicity: 1
DIIS will use up to 10 vectors.
WF convergence threshold: 3.00e-05
Using DIIS algorithm to converge WF
Maximum number of SCF iterations: 200
Incremental fock with rebuild every 8 iterations
Will switch to conventional Fock if diffuse functions are detected
X-matrix tolerance: 1.00e-04
PRECISION: DYNAMIC
DFT Functional requested: hf
Method: Hartree-Fock 
Wavefunction: RESTRICTED
Initial guess generated by maximum overlap

********************************************
**** SINGLE POINT GRADIENT CALCULATIONS ****
********************************************
SCF:   Initial guess is taken from previous step
COSMO model for polarizable continuum model enabled

using 4 out of 4 CUDA devices
   Device 0:  GeForce GTX 1080 Ti, 11178MB, CC 6.1 -- CPU THREAD 0
   Device 1:  GeForce GTX 1080 Ti, 11178MB, CC 6.1 -- CPU THREAD 1
   Device 2:  GeForce GTX 1080 Ti, 11178MB, CC 6.1 -- CPU THREAD 2
   Device 3:  GeForce GTX 1080 Ti, 11178MB, CC 6.1 -- CPU THREAD 3
-------------------------------------------------------------------
Compiled with MAGMA support.  MAGMA parameters:
    Matrices larger than 5000 square will be treated with MAGMA
       (Change by setting the MagmaMinN environment variable)
    Magma will use 1 out of 4 GPUs
       (Change by setting the MagmaNGPUs environment variable)
-------------------------------------------------------------------
 CPU Memory Available: 8018.12 MegaWords 
 GPU Memory Available: 1141.31 MegaWords 
 Maximum recommended basis set size: 12200 basis functions
 (limited by GPU memory)
-------------------------------------------------------------------
Not using d-functions. Configuring GPUs accordingly.
0: CUBLAS initialized, available GPU memory: 9669MB
1: CUBLAS initialized, available GPU memory: 9669MB
2: CUBLAS initialized, available GPU memory: 9669MB
3: CUBLAS initialized, available GPU memory: 9669MB


Basis set:       6-31g
Total atoms:     465
Total charge:    1
Total electrons: 1628 (814-alpha, 814-beta)
Number electrons modeled by ECPs: 0
Total orbitals:  2404
Total AO shells: 1562 (1141 S-shells; 421 P-shells; 0 D-shells; 0 F-shells; 0 G-shells)
Spin multiplicity: 1
Nuclear repulsion energy (QM atoms): 77885.170350082859 a.u.

=COSMO= Number of H atoms in QM atoms:255
=COSMO= Number of Heavy atoms in QM atoms:210
reached first line of InitCosmoSwigNoMatrix
q is allocated
B is allocated
Bz is allocated
z is allocated
c is allocated
=COSMO= No Matrix Cosmo Initialization finished.
=COSMO= ++++++++++++++++++++++++++++++ COSMO parameters ++++++++++++++++++++++++++++++
=COSMO= I. Cavity Information:
=COSMO= SAS(Solvent accesible surface) initialization finished
=COSMO= Time for initializing Molecular Surface:0.62114801 (sec)
=COSMO= Time for initializing cosmo calculation:0.20838901 (sec)
=COSMO= Cavity effective radius(Angstrom) (r_solv+r_vdw-dsc) was written into /tmp/lum/3j63/opt3_x10/ase/2/scr/ratom.txt
=COSMO= Solvent Dielectric Constant:78.390000
=COSMO= Cosmo Solvent radius:0.000000
=COSMO= Cosmo charge scaling method:0
=COSMO= Cavity built with Lebedev Grid
=COSMO= Grid points/QM Hydrogen: 110
=COSMO= Grid points/QM Heavy atom: 110
=COSMO= Herbert Switching-Gaussian method turned on
=COSMO= After removing points inside of SAS:
=COSMO= Total number of segments on molecular surface:24917
=COSMO= Number of segments belonging to QM atoms:24917
=COSMO= Total surface area of cavity: 3241.9204(Angstrom^2)
=COSMO= Total volume of cavity: 1829.3846 (Angstrom^3)
=COSMO= II. COSMO integral options:
=COSMO= Building COMSO c vector with original algorithm
=COSMO= COSMO one-electron integral threshold: 1e-12 
=COSMO= III. Linear solver options:
=COSMO= Initialize COSMO for A matrix in no matrix storage form
=COSMO= CG precondtioner:Jacobi
=COSMO= Tight CG convergence threshold:1e-06
=COSMO= CG dynamic threshold: on
=COSMO= Adjust CG convergence threshold dynamically
=COSMO= IV. PCM field read/write options:
=COSMO= PCM field is not written to files
=COSMO= No PCM field file is read in
=COSMO= ++++++++++++++++++++++++++++++++++++++++++++++++++++++++++++++++++++++++++++++++

                      *** Start SCF Iterations ***

 Iter     DIIS Error       Energy change         Energy              E_PCM      Time(s)
---------------------------------------------------------------------------------------
         >>> Purifying P... IDMP = 4.02e-14 <<<
THRESPDP set to 1.00e+00
   1     0.2127763488  -10260.5264207535  -10260.5264207535     -1.2449855135    8.54  
   2     0.1337722647     -50.0833800574  -10310.6098008109     -0.7730857312    8.88  
   3     0.0444307627      -7.4634592328  -10318.0732600437     -0.9167697058    8.76  
   4     0.0212056755      -0.8222221652  -10318.8954822089     -0.8364409264    8.58  
   5     0.0076362662      -0.1230664123  -10319.0185486212     -0.8725368764    8.29  
THRESPDP set to 6.39e-05
   6     0.0051327961      -0.0119059322  -10319.0304545534     -0.8789500703    9.53  
   7     0.0032068308      -0.0021687378  -10319.0326232912     -0.8822580744    7.20  
   8     0.0018084397      -0.0004389213  -10319.0330622125     -0.8840756620    7.16  
   9     0.0011385262      -0.0000633744  -10319.0331255869     -0.8844678937    6.89  
  10     0.0006032621      -0.0000196526  -10319.0331452395     -0.8846677323    6.97  
  11     0.0003490266      -0.0000021754  -10319.0331474149     -0.8846982143    6.61  
  12     0.0001633826      -0.0000032364  -10319.0331506513     -0.8847121302    6.25  
  13     0.0000723537      -0.0000057413  -10319.0331563926     -0.8847084542    6.14  
  14     0.0000254371      +0.0000031623  -10319.0331532303     -0.8847047452    7.19  
---------------------------------------------------------------------------------------
FINAL ENERGY: -10319.0331532303 a.u.
C-PCM contribution to final energy:-0.8847047452 a.u. ( already included in final energy )
Computing C-PCM contribution to gradient...
CENTER OF MASS: {27.212554, 19.210679, 14.598441} ANGS
DIPOLE MOMENT: {78.876170, -36.918145, 28.434262} (|D| = 91.612810) DEBYE
Cannot open /tmp/lum/3j63/opt3_x10/ase/2/scr
Writing out molden info

Gradient units are Hartree/Bohr
---------------------------------------------------
        dE/dX            dE/dY            dE/dZ
   -0.0129704285     0.1086312568     0.0202255926
   -0.0032740857     0.0188749540    -0.0057087652
   -0.0860382606    -0.0545922407    -0.0272876682
    0.0302333641    -0.0003765221     0.0000742173
   -0.0067955603    -0.0003107749     0.0045963912
   -0.0017535928     0.0016601131    -0.0003552847
   -0.0001338392    -0.0007896525    -0.0011787678
    0.0004901480    -0.0004591809    -0.0024902576
   -0.0111704493     0.0164427791     0.0017547126
    0.0004983152    -0.0021809665     0.0019376891
    0.0012069879     0.0008174247    -0.0003470312
   -0.0015264983    -0.0003344576    -0.0021605403
    0.0008919186    -0.0003608439    -0.0004618022
    0.0000857809     0.0010667223     0.0004841664
    0.0002825527     0.0007473543    -0.0000613935
    0.0002474318     0.0000924211     0.0004869115
    0.0011298829     0.0004391961     0.0007468151
    0.0022265925    -0.0018794023     0.0005175138
    0.0001484687     0.0010289085    -0.0014825396
   -0.0856461153     0.0473356379    -0.0327755671
   -0.0079289186     0.0026672607    -0.0180335280
    0.0087368114    -0.0042804580    -0.0014866011
   -0.0053753543     0.0023078417    -0.0007781720
   -0.0102708890    -0.0027577755     0.0043720506
    0.0017885902     0.0006692519     0.0014167941
   -0.0002766351    -0.0008677548    -0.0009571366
   -0.0015146233     0.0006646026    -0.0005903324
   -0.0148088835     0.0061402827    -0.0093223458
    0.0008206480     0.0008974119     0.0011163309
   -0.0004696673    -0.0032638620    -0.0009915733
    0.0010434552    -0.0006652059     0.0004652816
   -0.0004808416    -0.0004149053     0.0011245744
   -0.0000144676     0.0000077511     0.0003020189
    0.0001704394    -0.0000610958     0.0003907412
    0.0001360738     0.0005065773    -0.0000289054
    0.0001723808    -0.0001789705    -0.0007831159
    0.0008254728    -0.0001465063    -0.0000165099
    0.0021626249    -0.0004457128     0.0010253822
   -0.0001131250    -0.0002759000     0.0001827134
   -0.0002591978     0.0000802982     0.0004639090
    0.0005341886     0.0006300313     0.0003239389
   -0.0003221990    -0.0003265373    -0.0001347741
   -0.0000454281    -0.0001496899    -0.0004568004
   -0.0002131344    -0.0001256603     0.0006928263
   -0.0001048917    -0.0004791501     0.0010532418
   -0.0000427481     0.0004936530    -0.0001823492
   -0.0001869391    -0.0000761228    -0.0000786125
   -0.0003229743     0.0000010452     0.0000667134
    0.0001547214     0.0001794312    -0.0005184651
    0.0000749112     0.0001021489    -0.0006280042
   -0.0002274706     0.0005976163    -0.0000655036
   -0.0002845051     0.0004630236    -0.0000261629
   -0.0005348748    -0.0015440498    -0.0007925595
   -0.0005206792     0.0010975741     0.0003416548
   -0.0003777314    -0.0004509697    -0.0001874520
   -0.0000930870     0.0001252137    -0.0002281705
    0.0002155619    -0.0010030696     0.0003638076
   -0.0000527365     0.0010669728     0.0006875533
    0.0000273430    -0.0000132929    -0.0003491020
   -0.0003408625     0.0000564271     0.0000937270
   -0.0000930166     0.0004113696     0.0001027774
   -0.0001234211     0.0000945743     0.0002095753
    0.0003115556    -0.0000782251     0.0012361463
   -0.0010686206     0.0006749948    -0.0004389579
    0.0008273514    -0.0013728250    -0.0004396078
   -0.0001847809     0.0004489974     0.0000979378
    0.0000372345     0.0001215767     0.0008441961
   -0.0002598672     0.0004562557     0.0001692887
   -0.0006885854     0.0003600201    -0.0011071612
    0.0003435789     0.0004041577     0.0008410916
    0.0000327837    -0.0007180592     0.0001387595
   -0.0002147383    -0.0001753930    -0.0001942090
    0.0003435949     0.0000065992     0.0002725175
    0.0001188941    -0.0001190366    -0.0000550254
   -0.0001495120    -0.0000812935    -0.0001403045
   -0.0000889453     0.0000688100    -0.0000217219
    0.0001932291    -0.0005296315    -0.0000107245
   -0.0012182453     0.0003515737     0.0000482704
   -0.0001337514    -0.0009794501     0.0002844222
   -0.0001861180     0.0012521620    -0.0000770132
   -0.0000188820    -0.0003535458    -0.0001696855
   -0.0000264196    -0.0004964021     0.0002981061
    0.0001487488     0.0006697520     0.0002815036
   -0.0004151000     0.0000820432    -0.0007237553
    0.0004071672    -0.0005420796     0.0012268363
    0.0001431801    -0.0001743268     0.0005875010
    0.0001644330     0.0001148403     0.0000892832
   -0.0001158419     0.0002670284    -0.0003278199
   -0.0002990612    -0.0002539389     0.0002241678
   -0.0000286108    -0.0002467408     0.0000576765
   -0.0006583221    -0.0007569526     0.0004439758
   -0.0005820808    -0.0004217528     0.0005605329
   -0.0000082122    -0.0012985265     0.0004581993
   -0.0006913063     0.0003196300    -0.0004013355
   -0.0004096914     0.0003454821     0.0006855305
    0.0001172289    -0.0003752311    -0.0005665756
    0.0013839127     0.0001256255     0.0008475249
   -0.0008402898     0.0003863941    -0.0000790599
    0.0002438204     0.0003431057    -0.0003471887
    0.0001002336     0.0005318724     0.0003535590
   -0.0000225776     0.0002026812     0.0002160045
    0.0001306618    -0.0000826786    -0.0000712868
   -0.0007667782    -0.0004359405    -0.0001456930
   -0.0004212666     0.0000491137     0.0000212496
    0.0000449871    -0.0001843552     0.0000995780
    0.0000114895    -0.0000802238     0.0001757687
   -0.0002241880     0.0003408467     0.0000645806
   -0.0002918171     0.0003445846     0.0001043550
   -0.0000909031     0.0000853948    -0.0002286126
   -0.0002191114    -0.0003776594     0.0000098679
   -0.0000311290    -0.0001499598     0.0001768199
   -0.0003688671     0.0003906332     0.0004084074
    0.0005610696     0.0001892823     0.0002271463
   -0.0000500827    -0.0005586368     0.0007032212
   -0.0001735586     0.0000243224    -0.0001082179
   -0.0007192570     0.0005703627    -0.0001628099
   -0.0002310164    -0.0002393217     0.0000541335
   -0.0007502786     0.0002550604     0.0008090505
   -0.0004415286    -0.0009373138    -0.0008137752
   -0.0010307471    -0.0004050921     0.0017416578
   -0.0000007985    -0.0003716781    -0.0002168214
   -0.0001704954    -0.0000188436    -0.0002246602
    0.0001375690    -0.0003371811     0.0000121670
   -0.0001525192    -0.0000401104    -0.0000348826
   -0.0002207009     0.0001254196    -0.0003952785
   -0.0001906777     0.0000788788    -0.0005115407
   -0.0000546244    -0.0001110212    -0.0002736704
    0.0001321207     0.0004105393    -0.0003841442
   -0.0003083609     0.0008694867     0.0003370920
   -0.0000205554     0.0005204469    -0.0001810436
   -0.0004721326     0.0002506209    -0.0007386538
   -0.0001611758     0.0000773685     0.0000413287
    0.0004453939     0.0009049178    -0.0004173100
   -0.0006303754     0.0001103996    -0.0009604581
   -0.0015594070     0.0001902090     0.0002503189
    0.0008029223    -0.0002383275    -0.0009672554
   -0.0003492909    -0.0003336405     0.0000824210
    0.0007275637    -0.0003136551     0.0010580618
   -0.0009800426    -0.0003791499    -0.0008728183
   -0.0005799792     0.0005303943     0.0004097082
   -0.0008495518    -0.0011136467     0.0001061150
    0.0002799371    -0.0006841612     0.0006074351
    0.0000875838     0.0000926769     0.0004094335
    0.0003839444     0.0002977094    -0.0000846472
   -0.0001259802    -0.0001562204    -0.0001446314
   -0.0003278062     0.0000774372    -0.0001352123
    0.0001560780    -0.0002187699     0.0001945426
    0.0004456590     0.0001314031     0.0004560998
   -0.0000104405    -0.0001340014     0.0000114251
    0.0001295250    -0.0001475548    -0.0002783763
    0.0000307524    -0.0001665645    -0.0000478135
    0.0002580841     0.0004026256    -0.0001719863
   -0.0004433015     0.0003169556    -0.0001094132
   -0.0002542826     0.0001019373     0.0001821236
    0.0001298339     0.0001267048    -0.0000248069
   -0.0008559181     0.0006941478     0.0008408932
    0.0002081110    -0.0002370093    -0.0002359236
    0.0004908644    -0.0014454893    -0.0005013349
   -0.0010977540     0.0017446689     0.0007740687
    0.0001140867    -0.0003586810    -0.0004755753
   -0.0002790915     0.0003413639     0.0001894381
   -0.0003545263     0.0002746553     0.0008004531
   -0.0001314498    -0.0002709171     0.0010528888
   -0.0004033058     0.0000866309     0.0000047675
   -0.0004434243    -0.0001486560    -0.0010861495
    0.0012110713    -0.0000576388    -0.0008811513
    0.0000177330    -0.0004183755    -0.0001079486
   -0.0002544538     0.0000779904    -0.0001148186
   -0.0000979267     0.0000447875     0.0001796961
   -0.0002870091     0.0000246767    -0.0000966358
   -0.0001188194     0.0003845895    -0.0003565687
   -0.0007170631    -0.0000514390    -0.0005383182
    0.0002127446     0.0004007797     0.0001696981
   -0.0001192194    -0.0001783568     0.0006201294
   -0.0007515664     0.0002406705     0.0003882711
    0.0003400188    -0.0014681415    -0.0016886553
    0.0001368523     0.0003492701     0.0004985360
   -0.0004127656    -0.0004465073    -0.0000004963
   -0.0001100234     0.0005116084     0.0000751645
    0.0002339719     0.0000552704    -0.0010579387
    0.0001857069     0.0008001515     0.0005687544
   -0.0010794818    -0.0011158056    -0.0009573452
   -0.0001201525    -0.0033830502    -0.0001044477
   -0.0061662169     0.0034619501    -0.0068963892
   -0.0005527523     0.0010468694     0.0010655154
    0.0000642888     0.0000635405    -0.0001396927
   -0.0003430830     0.0004500273     0.0003395127
   -0.0001935926     0.0002056224     0.0000923319
   -0.0001394502    -0.0001124708    -0.0005234602
   -0.0001410608     0.0002870138    -0.0001500126
    0.0005992015    -0.0002054876     0.0000998098
    0.0004914484     0.0003521799    -0.0003936827
   -0.0045632013     0.0011124711     0.0012598723
    0.0032989064    -0.0013863180    -0.0037873185
    0.0063712224    -0.0019111774     0.0079621067
    0.0011850989     0.0006622936    -0.0012959403
   -0.0008699674     0.0004906687     0.0002482181
   -0.0000110549     0.0003681550    -0.0000127068
   -0.0005816457    -0.0000268554    -0.0004070985
    0.0005998758    -0.0001941662     0.0003391062
    0.0000737601     0.0004241545    -0.0000592377
    0.0002942595    -0.0002967866     0.0000928974
   -0.0001904553     0.0005886413     0.0004261415
   -0.0002229341    -0.0005529942     0.0001012887
   -0.0007040275    -0.0005368032    -0.0001841259
   -0.0000268864    -0.0002127585    -0.0002686911
    0.0000520094     0.0002333321     0.0000171743
   -0.0000565805    -0.0000457193    -0.0000409963
   -0.0001372095     0.0002861854    -0.0002776213
    0.0000624535     0.0001038832    -0.0001507494
    0.0001684110     0.0002212692    -0.0000301189
    0.0001947796     0.0002876966     0.0000552475
   -0.0000521372     0.0004882617    -0.0003361868
    0.0002203407     0.0002816939    -0.0000639291
   -0.0001550148     0.0005797132    -0.0001941311
   -0.0001433011     0.0002081695     0.0000138865
   -0.0005138888     0.0001019134    -0.0001371299
   -0.0000130036    -0.0001894037     0.0006280481
    0.0001537203     0.0000268330    -0.0002714098
   -0.0005190058    -0.0000687437     0.0001549021
   -0.0006384934    -0.0004644052     0.0003447735
   -0.0006833239    -0.0003140470     0.0004945288
    0.0010873416     0.0008188604    -0.0000931858
   -0.0009025722     0.0006139802     0.0008466898
   -0.0003489441    -0.0006094074     0.0002218862
   -0.0001746236    -0.0003658605    -0.0000642355
   -0.0002922523    -0.0000112252     0.0001585005
    0.0000878029    -0.0001088417    -0.0002175793
    0.0004136910     0.0006522718    -0.0004422941
    0.0001057965     0.0001071108    -0.0003394440
    0.0002213635    -0.0000208360    -0.0004603617
   -0.0001209287    -0.0002429566    -0.0000827311
    0.0001848416    -0.0001686258    -0.0002316110
    0.0001914918     0.0000460423    -0.0000169114
    0.0012515968     0.0000957534    -0.0003433462
    0.0004050101     0.0002709684    -0.0003005018
    0.0008293473     0.0001140608    -0.0002673457
    0.0007264139    -0.0000681335    -0.0008185819
    0.0001094681    -0.0000980192    -0.0007362207
    0.0002747778     0.0004250130     0.0000775190
   -0.0006435774     0.0005804461     0.0007508035
    0.0007579099    -0.0005574098    -0.0004898829
   -0.0003712819     0.0005067650     0.0011438684
    0.0006218799    -0.0004635191    -0.0002163721
   -0.0001357921     0.0011442334     0.0002236627
   -0.0000060447     0.0005857141     0.0001243200
    0.0000582584    -0.0001480518     0.0000684488
   -0.0002617111    -0.0001329002     0.0001193981
   -0.0001161616    -0.0006334442    -0.0002685228
    0.0000352534     0.0000012305     0.0001111683
   -0.0000274297    -0.0000513324     0.0001491030
   -0.0002073176     0.0000843416     0.0001899655
   -0.0003136165    -0.0000118438     0.0000586590
    0.0001180360    -0.0006971458     0.0002883897
   -0.0000496219    -0.0000729088     0.0001285175
   -0.0000805374    -0.0005732689     0.0002527995
   -0.0000973104    -0.0003746773    -0.0000438080
   -0.0001222724     0.0000324795     0.0001234581
   -0.0002639622    -0.0005319019     0.0001160436
    0.0002106867     0.0000417533     0.0000264299
   -0.0005266453    -0.0002272707    -0.0010985857
    0.0001494118    -0.0000069291    -0.0012216146
   -0.0005688755     0.0007052981    -0.0005195640
   -0.0005523357    -0.0004232476     0.0009934643
   -0.0008799509     0.0000582513     0.0002689358
   -0.0000720743    -0.0000586074     0.0001457416
   -0.0002926925    -0.0001807666     0.0000665866
   -0.0000507336    -0.0002188602     0.0009108274
   -0.0001400672     0.0000854236     0.0010684283
    0.0002608469     0.0001143248    -0.0004336382
    0.0001579095     0.0006699074    -0.0002649332
    0.0002708410     0.0007547939    -0.0007455235
    0.0001487463     0.0000004349    -0.0001643880
    0.0000381464    -0.0000286598    -0.0004177161
   -0.0000364438    -0.0005964208    -0.0005285610
    0.0001629838    -0.0002875761     0.0000832784
   -0.0001086965     0.0006554990     0.0004532022
    0.0000776696    -0.0005340440     0.0003696642
    0.0000223152     0.0006517328    -0.0007699665
    0.0002420957    -0.0003514597     0.0003983198
   -0.0003019110    -0.0003733768     0.0002760880
    0.0004962913     0.0006016889    -0.0003488877
    0.0001017907    -0.0006954265    -0.0003751125
    0.0001577900    -0.0000430150     0.0001608359
    0.0000149989     0.0002869553    -0.0001949913
    0.0002352790    -0.0000609564     0.0001243106
   -0.0003252664    -0.0006443931     0.0004949519
    0.0001362158    -0.0002343614     0.0002084304
   -0.0007319521    -0.0002328551     0.0004711904
   -0.0002246373    -0.0000774894     0.0001135842
    0.0018017723    -0.0003700362    -0.0014272669
    0.0004300112    -0.0005410264     0.0000388292
   -0.0001735253     0.0010402156    -0.0004301098
    0.0003912823     0.0004685300     0.0010318641
   -0.0000102425    -0.0002767513     0.0000073964
    0.0001301175    -0.0001703886     0.0000044177
   -0.0001044775     0.0000783428     0.0002641502
    0.0000732232    -0.0002931189     0.0002504389
   -0.0001490949     0.0001042826     0.0001925857
    0.0008654496    -0.0006432561    -0.0012736360
   -0.0001140378    -0.0004053031     0.0002062141
    0.0002232463    -0.0004285969    -0.0000942188
   -0.0000840267    -0.0001042990    -0.0004677962
    0.0004794469     0.0011579860     0.0014836769
    0.0020761960     0.0011126649    -0.0055812375
    0.0252437192     0.0487579518     0.0818211432
   -0.0174463145    -0.0239671854    -0.0077399862
    0.0004969779    -0.0002096557     0.0005768022
    0.0000832636    -0.0008949926    -0.0000868045
   -0.0004848970     0.0004644303    -0.0002332917
    0.0005534767     0.0004578308    -0.0017290604
    0.0002174837    -0.0001288909     0.0000827407
    0.0001789059    -0.0009374876    -0.0002189761
   -0.0000239457    -0.0001046314    -0.0002872776
   -0.0000499811     0.0000017306    -0.0002032005
    0.0003868126    -0.0000709726     0.0001019238
   -0.0000051161    -0.0001644787     0.0002664733
    0.0529583319     0.0900240170    -0.0026686620
    0.0028384173     0.0201027219    -0.0029112456
    0.0355525365    -0.0821690457     0.0427971403
   -0.0176143980     0.0187643189     0.0066327116
    0.0087854105    -0.0038460724    -0.0022911250
    0.0110127509     0.0141284116     0.0024592036
    0.0007543714    -0.0017725414     0.0022823891
    0.0015137543     0.0020663832     0.0019934660
   -0.0008289866     0.0002513441    -0.0001550822
   -0.0008405305     0.0018345321    -0.0008431931
    0.0734260836     0.0265590965     0.0690076279
    0.0123506797     0.0072007567     0.0101908502
   -0.0464263450    -0.0912495144    -0.0153440584
    0.0013221610     0.0215782401     0.0079914008
    0.0056763603    -0.0091448481    -0.0013479613
   -0.0007419282     0.0017347320     0.0036148388
    0.0006113334     0.0005551510    -0.0003928978
    0.0014918576    -0.0003341356    -0.0011946571
    0.0140812902    -0.0020427145     0.0092627534
   -0.0028642032    -0.0003381774     0.0004074775
   -0.0011833937     0.0005332025    -0.0003160029
    0.0011003565     0.0020878327     0.0000589651
   -0.0004091961     0.0001105504    -0.0004216320
   -0.0000881988    -0.0000131646    -0.0003688920
   -0.0000128204     0.0004053374    -0.0002189888
   -0.0003686238     0.0003297584    -0.0004387334
    0.0004028981    -0.0004000279     0.0005040340
   -0.0006502186     0.0000503503     0.0003038308
    0.0001779625    -0.0000407305    -0.0002493743
   -0.0018508994     0.1051049013     0.0022661167
    0.0058109329     0.0124873561    -0.0088345350
   -0.0015260098    -0.0062342126    -0.0071624088
    0.0013395866     0.0012235105     0.0025532747
   -0.0077236816    -0.0014099025     0.0065451415
   -0.0007557073     0.0010432833    -0.0034817004
   -0.0023786761     0.0006908744     0.0017540843
   -0.0069946873     0.0202489181     0.0029167939
    0.0004157581    -0.0012176733     0.0005606023
    0.0006261016     0.0013005982    -0.0003815014
   -0.0012658141     0.0000811550     0.0003304615
    0.0004067876     0.0005507521     0.0007133863
    0.0001732596     0.0002563470     0.0004499157
    0.0003026246    -0.0003564216    -0.0002964045
    0.0002325714    -0.0002587350     0.0000140932
    0.0019752969    -0.0003122480    -0.0009968944
    0.0033801802     0.0030716193     0.0021385411
   -0.0009820613     0.0014775978     0.0068381471
   -0.0714886156     0.0711276303     0.0164773312
    0.0203246167    -0.0154005143    -0.0266145172
    0.0003951844    -0.0000740350     0.0024567148
    0.0014058488     0.0007361309     0.0011069065
    0.0005978407     0.0002078822    -0.0024310820
   -0.0011290028    -0.0006336470     0.0005282704
   -0.0022154045    -0.0040900040     0.0048284287
   -0.0010368573     0.0016284020    -0.0014886872
    0.0016551717    -0.0005095715    -0.0004524680
    0.0007566646     0.0002138109    -0.0003430499
   -0.0010392598    -0.0010100466    -0.0019022395
   -0.0002908116     0.0002109009    -0.0006050557
    0.0002054664    -0.0002803286    -0.0007061430
    0.0006454046     0.0016335352     0.0013732442
    0.0000950562     0.0003999105     0.0002300430
    0.0005420541    -0.0005187215     0.0001198410
    0.0005563165     0.0005682306     0.0003490840
   -0.0995783360     0.0378282678    -0.0176898152
   -0.0093034915     0.0066865582    -0.0118139013
    0.0056068718    -0.0024136028    -0.0048168383
   -0.0025030532     0.0002103792     0.0035946329
   -0.0061121788    -0.0067411338     0.0062582501
    0.0005397562    -0.0008290481    -0.0030237359
   -0.0010561715    -0.0002447267    -0.0008347055
   -0.0010616391    -0.0009605864     0.0011706971
   -0.0187735156    -0.0004124598    -0.0026314947
    0.0009299945     0.0003733298     0.0006661254
    0.0017746420    -0.0007410887    -0.0001747038
   -0.0002763217     0.0007033871    -0.0003043097
    0.0008533840    -0.0006363401    -0.0003514399
   -0.0003715385    -0.0003105034     0.0003576600
    0.0004819758    -0.0013155758    -0.0007855135
   -0.0004075258     0.0003608596     0.0007135847
   -0.0000448342    -0.0002677796     0.0002392051
    0.0007747852     0.0007122435     0.0000138658
   -0.0000964538    -0.0003188047     0.0000077005
    0.0001457215    -0.0000479732     0.0013404591
   -0.0003173757    -0.0005156155     0.0004115717
    0.0001215589    -0.0001836882    -0.0000020111
    0.0001313106    -0.0000972957    -0.0000414360
   -0.0000220752    -0.0003571751     0.0001265819
   -0.0001323038    -0.0008040728    -0.0000691379
   -0.0003073224    -0.0008113811     0.0000746907
   -0.0002560582     0.0001504150    -0.0000004423
    0.0002709687    -0.0001793067     0.0000570289
    0.0001540678    -0.0005562065    -0.0003551229
    0.0000024140     0.0000969932     0.0002930577
    0.0002001546     0.0003679454    -0.0003031023
    0.0008440670    -0.0013791982    -0.0007141960
   -0.0003460634     0.0008937264     0.0008191404
    0.0001930142    -0.0003970795     0.0002692094
    0.0001136576    -0.0004471222     0.0000852015
   -0.0000391568    -0.0003562726     0.0004104433
    0.0004432960    -0.0001599645     0.0003030544
   -0.0001845575     0.0007438665     0.0001791671
    0.0000541439    -0.0012425063    -0.0014096836
   -0.0002618795     0.0006754160     0.0019211191
    0.0005197772    -0.0000599039     0.0014538930
    0.0000809300     0.0003362220    -0.0014109158
   -0.0004261416    -0.0000469622     0.0003895479
   -0.0008074865    -0.0029743043     0.0016828772
   -0.0003610750     0.0001686918     0.0020190772
    0.0003542192    -0.0001534093     0.0003308659
   -0.0002591842    -0.0000008782     0.0000301491
   -0.0005943060     0.0002141508    -0.0002658319
    0.0001465662    -0.0002415193     0.0002982305
    0.0002292759    -0.0000546277     0.0002268522
    0.0001148048    -0.0002387814    -0.0001827280
   -0.0001177076    -0.0000717866     0.0004460320
    0.0001096346     0.0003002182     0.0009087511
    0.0002738951     0.0001088650    -0.0002358237
    0.0020796246     0.0011678203    -0.0017933119
   -0.0023231338    -0.0013512620    -0.0009497459
    0.0070472733     0.0026796931    -0.0001269646
   -0.0299627291    -0.0678183609    -0.0649090147
   -0.0147062659     0.0178926115     0.0235134114
   -0.0028061568     0.0012958542     0.0017123034
    0.0013613968     0.0025682859    -0.0052510168
   -0.0010393119     0.0000047184    -0.0005859418
    0.0004898976    -0.0011888461     0.0003505295
    0.0021305014     0.0002728957     0.0028399183
   -0.0003343257    -0.0001323196     0.0005794456
    0.0019062314     0.0005202851    -0.0007940196
    0.0005513110     0.0003259397    -0.0006089914
    0.0027489257     0.0026089455    -0.0011975547
   -0.0000786645     0.0018390723     0.0029954537
   -0.0012977347    -0.0024039085     0.0020229824
   -0.0007771991    -0.0012641563     0.0004890601
   -0.0015063767     0.0008705072    -0.0014601636
    0.0342070634    -0.1311744214    -0.0152057650
    0.0570983660     0.0431630044     0.0201587961
    0.1184966055    -0.0440749847     0.0555939931
   -0.0122666144    -0.0262546334    -0.0673019800
   -0.0731977409    -0.1164427924    -0.0099981018
   -0.0223818953     0.0603854808    -0.0379371943
   -0.0979333641    -0.0203745406    -0.0946262847
    0.0392480557     0.0619206055     0.0106704199
    0.0140794343    -0.1370840417     0.0013690873
    0.0499101858    -0.0528742540     0.0005912630
    0.1298637014    -0.0363431219     0.0294094384
    0.0395963090     0.0464976101     0.0417841645
---------------------------------------------------
Net gradient:  3.400442e-09  1.386541e-09  1.515744e-09
Net torque:    3.247948e-03 -1.391080e-03  2.414512e-03

Total processing time: 138.05 sec 

 Job finished: Mon Apr 29 01:13:59 2019

