Startfile from command line: /home/lum/5ly6/refine10_weight_0.1_stpmax_0.8_d2/ase/4/4_capping.sp


       ***********************************************************
       *                    TeraChem v1.93P                      *
       *                 Hg Version: 79b87f121f2d                *
       *                   Production Version                    *
       *                Compiled without textures                *
       *           Chemistry at the Speed of Graphics!           *
       ***********************************************************
       * This program may only be used in connection with        *
       * a valid license from PetaChem, LLC. Use of this program *
       * or results thereof indicates acceptance of all terms    *
       * and conditions stated in the license and that a valid   *
       * license agreement between the user and PetaChem, LLC    *
       * exists. PetaChem, LLC does not warrant the correctness  *
       * of results or their suitability for any purpose.        *
       * Please email bugs, suggestions, and comments to         *
       *                  help@petachem.com                      *
       *                                                         *
       ***********************************************************


       ***********************************************************
       *  Compiled by toddmtz      Wed Aug 16 03:32:31 PDT 2017  *
       *  Supported architectures: sm_20 sm_30 sm_50 sm_60       *
       *  Cuda compilation tools, release 8.0, V8.0.44           *
       ***********************************************************


 Job started   Mon May 20 13:57:21 2019
 On cu34 (available memory: 54968 MB)

######################################### RUNTIME INFO ##########################################
/public/qmsoft/TeraChem/bin/terachem /home/lum/5ly6/refine10_weight_0.1_stpmax_0.8_d2/ase/4/4_capping.sp 

NVRM version: NVIDIA UNIX x86_64 Kernel Module  396.26  Mon Apr 30 18:01:39 PDT 2018
GCC version:  gcc version 4.8.5 20150623 (Red Hat 4.8.5-4) (GCC) 

	linux-vdso.so.1 (0x00007ffea89fb000)
	libcurl.so.4 => /lib64/libcurl.so.4 (0x00002b6fa0205000)
	libintbox.so.1 => /public/qmsoft/TeraChem/lib/libintbox.so.1 (0x00002b6fa046d000)
	libthcbox.so.1 => /public/qmsoft/TeraChem/lib/libthcbox.so.1 (0x00002b6fc007b000)
	libgridbox.so.1 => /public/qmsoft/TeraChem/lib/libgridbox.so.1 (0x00002b6fc1be5000)
	libdftbox.so.1 => /public/qmsoft/TeraChem/lib/libdftbox.so.1 (0x00002b6fc20d6000)
	libcublas.so.8.0 => /public/qmsoft/TeraChem/lib/libcublas.so.8.0 (0x00002b6fc23e7000)
	libcufft.so.8.0 => /public/qmsoft/TeraChem/lib/libcufft.so.8.0 (0x00002b6fc4d97000)
	libcuda.so.1 => /public/qmsoft/TeraChem/lib/libcuda.so.1 (0x00002b6fcdbe5000)
	libcudart.so.8.0 => /public/qmsoft/TeraChem/lib/libcudart.so.8.0 (0x00002b6fceb65000)
	libcrypto.so.10 => /lib64/libcrypto.so.10 (0x00002b6fcedcb000)
	libssl.so.10 => /lib64/libssl.so.10 (0x00002b6fcf1b2000)
	libm.so.6 => /lib64/libm.so.6 (0x00002b6fcf41f000)
	libcilkrts.so.5 => /public/qmsoft/TeraChem/lib/libcilkrts.so.5 (0x00002b6fcf721000)
	libstdc++.so.6 => /lib64/libstdc++.so.6 (0x00002b6fcf962000)
	libgcc_s.so.1 => /lib64/libgcc_s.so.1 (0x00002b6fcfc6a000)
	libpthread.so.0 => /lib64/libpthread.so.0 (0x00002b6fcfe80000)
	libdl.so.2 => /lib64/libdl.so.2 (0x00002b6fd009e000)
	libc.so.6 => /lib64/libc.so.6 (0x00002b6fd02a2000)
	/lib64/ld-linux-x86-64.so.2 (0x00002b6f9ffe2000)
	libidn.so.11 => /lib64/libidn.so.11 (0x00002b6fd064f000)
	libssh2.so.1 => /lib64/libssh2.so.1 (0x00002b6fd0882000)
	libssl3.so => /lib64/libssl3.so (0x00002b6fd0aac000)
	libsmime3.so => /lib64/libsmime3.so (0x00002b6fd0cee000)
	libnss3.so => /lib64/libnss3.so (0x00002b6fd0f15000)
	libnssutil3.so => /lib64/libnssutil3.so (0x00002b6fd123b000)
	libplds4.so => /lib64/libplds4.so (0x00002b6fd1467000)
	libplc4.so => /lib64/libplc4.so (0x00002b6fd166b000)
	libnspr4.so => /lib64/libnspr4.so (0x00002b6fd1870000)
	libgssapi_krb5.so.2 => /lib64/libgssapi_krb5.so.2 (0x00002b6fd1aae000)
	libkrb5.so.3 => /lib64/libkrb5.so.3 (0x00002b6fd1cfa000)
	libk5crypto.so.3 => /lib64/libk5crypto.so.3 (0x00002b6fd1fdf000)
	libcom_err.so.2 => /lib64/libcom_err.so.2 (0x00002b6fd2211000)
	liblber-2.4.so.2 => /lib64/liblber-2.4.so.2 (0x00002b6fd2415000)
	libldap-2.4.so.2 => /lib64/libldap-2.4.so.2 (0x00002b6fd2624000)
	libz.so.1 => /lib64/libz.so.1 (0x00002b6fd2877000)
	librt.so.1 => /lib64/librt.so.1 (0x00002b6fd2a8d000)
	libnvidia-fatbinaryloader.so.396.26 => /lib64/libnvidia-fatbinaryloader.so.396.26 (0x00002b6fd2c95000)
	libkrb5support.so.0 => /lib64/libkrb5support.so.0 (0x00002b6fd2ee1000)
	libkeyutils.so.1 => /lib64/libkeyutils.so.1 (0x00002b6fd30f0000)
	libresolv.so.2 => /lib64/libresolv.so.2 (0x00002b6fd32f4000)
	libsasl2.so.3 => /lib64/libsasl2.so.3 (0x00002b6fd350b000)
	libselinux.so.1 => /lib64/libselinux.so.1 (0x00002b6fd3728000)
	libcrypt.so.1 => /lib64/libcrypt.so.1 (0x00002b6fd394d000)
	libpcre.so.1 => /lib64/libpcre.so.1 (0x00002b6fd3b84000)
	liblzma.so.5 => /lib64/liblzma.so.5 (0x00002b6fd3de5000)
#################################################################################################

       ********************** License Check **********************
       * Use license from: /public/qmsoft/TeraChem/license.dat
       * Available Host id: AC1F6B20BAE2
       * Available Host id: AC1F6B20BAE3
       * Available Host id: 52540093B9B0
       * Available Host id: 52540093B9B0
       * License Host id: AC1F6B20BAE2
       * License expires: 2019-10-21
       ********************** License OK *************************
Scratch directory: /tmp/lum/5ly6/refine10_weight_0.1_stpmax_0.8_d2/ase/4/scr
Random number seed: 194335127

XYZ coordinates /home/lum/5ly6/refine10_weight_0.1_stpmax_0.8_d2/ase/4/4_capping.xyz
Molden File Output: /tmp/lum/5ly6/refine10_weight_0.1_stpmax_0.8_d2/ase/4/scr/4_capping.molden
Using basis set: 6-31g
Spin multiplicity: 1
DIIS will use up to 10 vectors.
WF convergence threshold: 3.00e-05
Using DIIS algorithm to converge WF
Maximum number of SCF iterations: 300
Incremental fock with rebuild every 8 iterations
Will switch to conventional Fock if diffuse functions are detected
X-matrix tolerance: 1.00e-04
PRECISION: DYNAMIC
DFT Functional requested: hf
Method: Hartree-Fock  with dispersion correction

*********************************************************
*                     WARNING                           *
* Dispersion correction is not supported for hf         *
*         Disabling dispersion correction               *
*********************************************************

Wavefunction: RESTRICTED
Initial guess generated by maximum overlap

********************************************
**** SINGLE POINT GRADIENT CALCULATIONS ****
********************************************
SCF:   Initial guess is taken from previous step
COSMO model for polarizable continuum model enabled

using 4 out of 4 CUDA devices
   Device 0:  GeForce GTX 1080 Ti, 11178MB, CC 6.1 -- CPU THREAD 0
   Device 1:  GeForce GTX 1080 Ti, 11178MB, CC 6.1 -- CPU THREAD 1
   Device 2:  GeForce GTX 1080 Ti, 11178MB, CC 6.1 -- CPU THREAD 2
   Device 3:  GeForce GTX 1080 Ti, 11178MB, CC 6.1 -- CPU THREAD 3
-------------------------------------------------------------------
Compiled with MAGMA support.  MAGMA parameters:
    Matrices larger than 5000 square will be treated with MAGMA
       (Change by setting the MagmaMinN environment variable)
    Magma will use 1 out of 4 GPUs
       (Change by setting the MagmaNGPUs environment variable)
-------------------------------------------------------------------
 CPU Memory Available: 8018.12 MegaWords 
 GPU Memory Available: 1141.31 MegaWords 
 Maximum recommended basis set size: 12200 basis functions
 (limited by GPU memory)
-------------------------------------------------------------------
Not using d-functions. Configuring GPUs accordingly.
0: CUBLAS initialized, available GPU memory: 8348MB
1: CUBLAS initialized, available GPU memory: 8342MB
2: CUBLAS initialized, available GPU memory: 8346MB
3: CUBLAS initialized, available GPU memory: 8348MB


Basis set:       6-31g
Total atoms:     585
Total charge:    1
Total electrons: 2134 (1067-alpha, 1067-beta)
Number electrons modeled by ECPs: 0
Total orbitals:  3127
Total AO shells: 2009 (1450 S-shells; 559 P-shells; 0 D-shells; 0 F-shells; 0 G-shells)
Spin multiplicity: 1
Nuclear repulsion energy (QM atoms): 124848.696609328646 a.u.

=COSMO= Number of H atoms in QM atoms:306
=COSMO= Number of Heavy atoms in QM atoms:279
reached first line of InitCosmoSwigNoMatrix
q is allocated
B is allocated
Bz is allocated
z is allocated
c is allocated
=COSMO= No Matrix Cosmo Initialization finished.
=COSMO= ++++++++++++++++++++++++++++++ COSMO parameters ++++++++++++++++++++++++++++++
=COSMO= I. Cavity Information:
=COSMO= SAS(Solvent accesible surface) initialization finished
=COSMO= Time for initializing Molecular Surface:0.98476202 (sec)
=COSMO= Time for initializing cosmo calculation:0.33803699 (sec)
=COSMO= Cavity effective radius(Angstrom) (r_solv+r_vdw-dsc) was written into /tmp/lum/5ly6/refine10_weight_0.1_stpmax_0.8_d2/ase/4/scr/ratom.txt
=COSMO= Solvent Dielectric Constant:78.390000
=COSMO= Cosmo Solvent radius:0.000000
=COSMO= Cosmo charge scaling method:0
=COSMO= Cavity built with Lebedev Grid
=COSMO= Grid points/QM Hydrogen: 110
=COSMO= Grid points/QM Heavy atom: 110
=COSMO= Herbert Switching-Gaussian method turned on
=COSMO= After removing points inside of SAS:
=COSMO= Total number of segments on molecular surface:31081
=COSMO= Number of segments belonging to QM atoms:31081
=COSMO= Total surface area of cavity: 4084.7466(Angstrom^2)
=COSMO= Total volume of cavity: 2328.0609 (Angstrom^3)
=COSMO= II. COSMO integral options:
=COSMO= Building COMSO c vector with original algorithm
=COSMO= COSMO one-electron integral threshold: 1e-12 
=COSMO= III. Linear solver options:
=COSMO= Initialize COSMO for A matrix in no matrix storage form
=COSMO= CG precondtioner:Jacobi
=COSMO= Tight CG convergence threshold:1e-06
=COSMO= CG dynamic threshold: on
=COSMO= Adjust CG convergence threshold dynamically
=COSMO= IV. PCM field read/write options:
=COSMO= PCM field is not written to files
=COSMO= No PCM field file is read in
=COSMO= ++++++++++++++++++++++++++++++++++++++++++++++++++++++++++++++++++++++++++++++++

                      *** Start SCF Iterations ***

 Iter     DIIS Error       Energy change         Energy              E_PCM      Time(s)
---------------------------------------------------------------------------------------
         >>> Purifying P... IDMP = 4.54e-14 <<<
THRESPDP set to 1.00e+00
   1     0.2379595906  -13613.3246198341  -13613.3246198341     -1.8494455302   23.09  
   2     0.1926164239     -65.8948693513  -13679.2194891853     -0.9563334996   23.67  
   3     0.0541052487      -9.5202673088  -13688.7397564942     -1.3171627748   23.58  
   4     0.0298648389      -1.1760595727  -13689.9158160668     -1.1456632640   22.03  
   5     0.0084121650      -0.1673013968  -13690.0831174636     -1.2132857955   20.85  
THRESPDP set to 4.21e-05
   6     0.0055798480      -0.0173190106  -13690.1004364742     -1.2199756484   22.65  
   7     0.0037035086      -0.0033376479  -13690.1037741221     -1.2255434828   19.29  
   8     0.0021386417      -0.0006672151  -13690.1044413372     -1.2276976999   17.75  
   9     0.0013703639      -0.0001175764  -13690.1045589136     -1.2283623774   13.27  
  10     0.0007043658      -0.0000293223  -13690.1045882359     -1.2285817618   18.59  
  11     0.0004111364      -0.0000062915  -13690.1045945274     -1.2286486257   12.51  
  12     0.0001792177      -0.0000023286  -13690.1045968561     -1.2286517978   12.92  
  13     0.0000782219      -0.0000002895  -13690.1045971455     -1.2286467520   15.20  
  14     0.0000261828      -0.0000008014  -13690.1045979469     -1.2286365769   19.06  
---------------------------------------------------------------------------------------
FINAL ENERGY: -13690.1045979469 a.u.
C-PCM contribution to final energy:-1.2286365769 a.u. ( already included in final energy )
Computing C-PCM contribution to gradient...
CENTER OF MASS: {51.033856, 24.352170, 31.900324} ANGS
DIPOLE MOMENT: {32.220384, -41.100837, 33.570409} (|D| = 62.083849) DEBYE
Cannot open /tmp/lum/5ly6/refine10_weight_0.1_stpmax_0.8_d2/ase/4/scr
Writing out molden info

Gradient units are Hartree/Bohr
---------------------------------------------------
        dE/dX            dE/dY            dE/dZ
    0.0696633903     0.0751036920    -0.0243586974
   -0.0045742663    -0.0044681371    -0.0052990099
    0.0083307301     0.0117112018    -0.0053854824
   -0.0067776561    -0.0117469054    -0.0006185872
    0.0054840244    -0.0117189248    -0.0082150423
    0.0083165251     0.0034602555    -0.0205216036
    0.0019628128    -0.0058859543     0.0044075377
   -0.0035197269     0.0035072811    -0.0076102097
   -0.0030511096     0.0090963042    -0.0222539945
    0.0094347945     0.0128154956     0.0020256970
    0.0021826830     0.0040690214     0.0006061139
    0.0026234023     0.0002699401     0.0030208743
   -0.0015694600     0.0030253707     0.0110620281
   -0.0078981213     0.0004997074     0.0036197443
   -0.0007883346    -0.0028067627     0.0004331954
   -0.0000858866     0.0008790145     0.0041264318
    0.0001523517    -0.0001443837     0.0000846195
   -0.0056502559     0.0000486447     0.0017438595
    0.0086270643    -0.0037582421    -0.0030178894
   -0.0081315193     0.0084531046     0.0282860537
   -0.0076172069    -0.0162383319    -0.0074887369
   -0.0030733960     0.0085828286     0.0091405966
    0.0328801427     0.0047790456    -0.0084016729
   -0.0270820228    -0.0128100237     0.0105277501
    0.0038078347     0.0351273042    -0.0243855664
    0.0024324853     0.0008706984    -0.0000369496
    0.0006247448     0.0020283471     0.0000860224
    0.0013569061    -0.0016782896    -0.0028260437
   -0.0049630345    -0.0058077890    -0.0027195105
    0.0032709933    -0.0160993158     0.0122384629
   -0.0135363049    -0.0127745698     0.0088147700
    0.0240899783     0.0154217797    -0.0215324114
    0.0033613784     0.0048590111     0.0152016151
    0.0003195570     0.0052622930    -0.0141786468
   -0.0007962696    -0.0007472313     0.0020751300
   -0.0120904165    -0.0147025769     0.0022992253
    0.0139716501     0.0121567773    -0.0028854969
    0.0067874116     0.0021646074    -0.0108277049
   -0.0138057622    -0.0168484366    -0.0122157770
   -0.0040413648     0.0059617556     0.0187237113
    0.0179879986     0.0174425580     0.0006282939
    0.0042591511     0.0062163951    -0.0010136178
   -0.0042901832    -0.0050803875    -0.0011371937
   -0.0054336988    -0.0076647097    -0.0001813425
   -0.0041711218    -0.0068619315    -0.0042361231
    0.0026917346     0.0018264274    -0.0019837971
    0.0007995767     0.0059007442    -0.0039791745
   -0.0086885759    -0.0047112840     0.0071927645
   -0.0018746261     0.0020831735     0.0080397259
    0.0015871569    -0.0019919156    -0.0078832102
   -0.0082402286    -0.0057661885     0.0051429662
   -0.0000009813    -0.0008706043    -0.0015268052
   -0.0017390421    -0.0089270176     0.0074801205
    0.0006913608     0.0146898955     0.0070269462
   -0.0083873436     0.0114258164     0.0060118085
    0.0088744224    -0.0098040910    -0.0059021068
   -0.0086017871     0.0145798655    -0.0143917033
    0.0023902469    -0.0247858530     0.0283399333
    0.0020002232     0.0172502296    -0.0167155863
   -0.0053418722     0.0029368238    -0.0083790783
    0.0020422761     0.0030696235     0.0013819116
    0.0011980474    -0.0047746761    -0.0027367093
    0.0026854629    -0.0035808842    -0.0020029412
    0.0047723466    -0.0096309222     0.0071439680
   -0.0028055512     0.0008311864    -0.0002264636
   -0.0003477410    -0.0100277775     0.0033182069
   -0.0316317668     0.0242556710     0.0017176214
    0.0282077904    -0.0190924555    -0.0027075893
    0.0140760756     0.0060285680     0.0018755883
   -0.0071797089     0.0107291690     0.0237537285
    0.0040393264    -0.0025715657    -0.0032348307
    0.0012798472    -0.0158088724     0.0011618737
    0.0054324228     0.0062633451     0.0127138267
    0.0023648181    -0.0047607297    -0.0019935019
   -0.0029307755     0.0040962062    -0.0024301703
   -0.0000020619    -0.0010571011    -0.0060346096
   -0.0048246191     0.0017796231    -0.0009854730
   -0.0009795858    -0.0062120714    -0.0027019314
    0.0011527711    -0.0035231801    -0.0142589713
    0.0008774687     0.0002817554    -0.0001331358
   -0.0029333041     0.0026961190     0.0018890016
   -0.0008514983     0.0006203754    -0.0006923871
   -0.0016060731     0.0120115333    -0.0052593219
    0.0030300956     0.0033375167    -0.0026146348
   -0.0096329281    -0.0019266812    -0.0117472157
   -0.0001944248    -0.0041657951     0.0024654477
   -0.0019678052    -0.0041623445     0.0038590077
    0.0115965593     0.0067415547    -0.0068342827
   -0.0186072179     0.0160877237     0.0226009027
    0.0169940831    -0.0099265034    -0.0209119363
   -0.0077394030    -0.0103620790    -0.0012363880
    0.0007584793    -0.0109792437     0.0305541189
   -0.0165012791     0.0183164491    -0.0043464242
    0.0098375889     0.0207189623     0.0061924082
   -0.0116704493    -0.0210493224    -0.0096402796
   -0.0001575163    -0.0005204782     0.0006231811
   -0.0058659021    -0.0021668919    -0.0003071461
    0.0019184487    -0.0005633656    -0.0009775467
    0.0041132002     0.0045310855     0.0013560068
   -0.0027316438     0.0133121307    -0.0113881677
    0.0031436766    -0.0028449327    -0.0133508809
    0.0117260249    -0.0181876751    -0.0020000819
    0.0013525842    -0.0012837279     0.0004789454
    0.0005324302    -0.0022960564     0.0004690693
   -0.0065892758    -0.0104676102    -0.0038800721
    0.0020155306     0.0012112096     0.0005679223
    0.0031291199     0.0030162634     0.0035108906
    0.0069363808     0.0123353633     0.0018117856
   -0.0074217352     0.0002535678     0.0081383006
   -0.0062231835     0.0003458111     0.0052929590
    0.0044429318    -0.0046484285    -0.0174810437
   -0.0049855246     0.0082214354     0.0118624135
    0.0009067633     0.0033329653    -0.0024829966
    0.0147395151     0.0084958466    -0.0028670179
   -0.0085729416     0.0105264033     0.0064417335
    0.0010851676    -0.0122867344     0.0013407534
    0.0150879122    -0.0189363389     0.0160629435
    0.0071162098    -0.0042348976    -0.0093762074
    0.0015927848    -0.0021665620    -0.0009367871
    0.0005007742    -0.0003502585    -0.0003936143
   -0.0002897351    -0.0014725292     0.0005994724
   -0.0061891762    -0.0096872979     0.0062683666
   -0.0022330349     0.0000582974     0.0002657558
    0.0013234944    -0.0052483558    -0.0071181210
    0.0015532667    -0.0016082756    -0.0000585716
    0.0002681162     0.0056221328     0.0006459448
   -0.0035993465     0.0036977284    -0.0062461304
   -0.0062872313     0.0010231445    -0.0010019893
   -0.0008977327     0.0099573321     0.0000708462
   -0.0068828671     0.0079223919    -0.0124576438
   -0.0032478008    -0.0013344285    -0.0042868198
    0.0033975777    -0.0167768088     0.0067422544
    0.0123941591    -0.0328868472    -0.0007539559
   -0.0186086831     0.0286818476     0.0033250756
    0.0042031287     0.0027119400    -0.0018584450
   -0.0137971840     0.0011159432     0.0059008428
    0.0054766403    -0.0014994279     0.0115014952
    0.0178326047     0.0000209351     0.0105507501
   -0.0007334379     0.0015234630     0.0005481297
    0.0012601277     0.0109403382     0.0007240727
   -0.0003217961     0.0000856788     0.0004693949
   -0.0008096296    -0.0025552454     0.0000619943
    0.0037363428     0.0000601172    -0.0053490373
   -0.0033409555     0.0029807862    -0.0059279242
   -0.0005337339    -0.0027783565    -0.0015656552
    0.0035152104     0.0001141319    -0.0047985718
   -0.0054250663     0.0045478847    -0.0074286346
   -0.0007344180    -0.0015197025    -0.0013106276
   -0.0087051376    -0.0030340424    -0.0014518279
    0.0141618771     0.0059146595    -0.0059175406
   -0.0001484604    -0.0023637034     0.0059990305
   -0.0075951580    -0.0002878306    -0.0087772969
   -0.0042557245     0.0031459169     0.0019070920
    0.0040744708    -0.0016181363     0.0094786793
   -0.0084744934    -0.0029053235    -0.0102191833
    0.0001800555     0.0191689397    -0.0024683033
    0.0124184838     0.0002097341     0.0115628392
   -0.0027528779     0.0010167456    -0.0000466271
   -0.0024831296     0.0016706943    -0.0001704632
    0.0009094952    -0.0013047976    -0.0036264770
   -0.0020574176     0.0031231767    -0.0040998436
    0.0009600143     0.0023641355     0.0004386094
   -0.0057382280    -0.0034916129    -0.0009787314
    0.0042631552    -0.0054612703     0.0064073817
    0.0006344691    -0.0066839656    -0.0019324666
   -0.0081796953    -0.0026879346    -0.0011977306
   -0.0009978750     0.0010137188    -0.0009765982
    0.0003672717    -0.0003552936    -0.0038822093
    0.0347469946    -0.0180208285    -0.0060182346
   -0.0130934761     0.0000034700    -0.0012291571
    0.0025920745     0.0115129657     0.0006601258
   -0.0043745496    -0.0005361727    -0.0027273317
    0.0081835446    -0.0096928017    -0.0006551466
   -0.0102661256     0.0114704715     0.0100094630
    0.0117795997    -0.0092568445    -0.0015681976
   -0.0213450061     0.0124470982     0.0063475910
    0.0015391582     0.0012766657     0.0009087158
   -0.0036142015    -0.0000606500     0.0012327174
    0.0090829891    -0.0026242965    -0.0066878618
   -0.0054762973     0.0064198616    -0.0046873612
   -0.0011148799     0.0020973087     0.0018304971
   -0.0044002051     0.0001944853     0.0011876124
    0.0116823520    -0.0124660012     0.0067313537
   -0.0000782494     0.0007141418    -0.0193935881
    0.0150169800    -0.0349056199     0.1135460509
   -0.0327377983     0.0311559744    -0.0358409662
   -0.0189870309     0.0039186816     0.0112207782
    0.0084426307     0.0037405729    -0.0009539097
   -0.0025102598    -0.0072913503     0.0028304005
   -0.0091535148    -0.0038242706    -0.0037731183
    0.0032850040     0.0022964281     0.0020563920
    0.0042461457     0.0024775318     0.0018075519
   -0.0057896557    -0.0001859399    -0.0043777525
    0.0078521132     0.0001268296     0.0055563829
    0.0089125450    -0.0052312517    -0.0031006291
    0.0044271191     0.0004597468     0.0027218775
    0.0000788380     0.0010267797    -0.0012094517
   -0.0027166753     0.0029332759    -0.0038015955
   -0.0005317903    -0.0002989312    -0.0000956603
   -0.0993054032     0.0076561609    -0.0371463588
   -0.0048516361     0.0193549360    -0.0002613343
    0.0065660737    -0.0009661882    -0.0003958258
   -0.0025369186     0.0044533048     0.0022833555
   -0.0088771450    -0.0233864020    -0.0116433152
    0.0046043239    -0.0101189117    -0.0005370155
   -0.0011821552    -0.0009426944    -0.0037061405
    0.0079320070     0.0047333273    -0.0034368947
   -0.0134672630    -0.0041023850    -0.0055894436
   -0.0024791407     0.0015953646     0.0005031633
   -0.0035823201     0.0114360118     0.0023218668
    0.0044269653     0.0037667422     0.0019379911
   -0.0014385193     0.0063524942     0.0006461269
    0.0016928105     0.0003527572     0.0007943146
    0.0023678564    -0.0017486888     0.0009076490
    0.0013856793     0.0034712696     0.0031199845
   -0.0067777615     0.0005194265     0.0011618080
    0.0016032465    -0.0034590453    -0.0023472542
    0.0007367378    -0.0010763847     0.0009299402
    0.0120722205    -0.0192756000    -0.0091459393
    0.0085900681    -0.0124115599    -0.0039937905
   -0.0284520284     0.0235895425     0.0094259806
    0.0146244419    -0.0105792834    -0.0111327526
    0.0121478925    -0.0006409449     0.0099680606
   -0.0030022833    -0.0006834261     0.0085372261
   -0.0003517993     0.0139843751    -0.0017924121
   -0.0171936559     0.0148959371     0.0081660813
   -0.0024032612     0.0029331962     0.0000753938
   -0.0030445712     0.0000786618    -0.0072994807
    0.0010895981     0.0031697781    -0.0013742356
    0.0022206174     0.0005341735     0.0003637926
   -0.0007696002    -0.0008471926    -0.0078890011
   -0.0031634208    -0.0079695262     0.0026901133
   -0.0012755207    -0.0010971039    -0.0002946074
    0.0010941637    -0.0033214152    -0.0015513143
    0.0161506916    -0.0100362388    -0.0045968057
   -0.0030748324     0.0051236810     0.0015373445
    0.0074113049    -0.0110844358    -0.0127838876
   -0.0087053806     0.0015512337     0.0032194195
   -0.0074253818    -0.0122875207     0.0107669255
    0.0056157951     0.0126095656    -0.0150043125
    0.0063734527     0.0093105965    -0.0010363843
   -0.0056244561     0.0035783970     0.0068125417
    0.0027370523    -0.0016041042    -0.0011153895
    0.0027215106     0.0026366543    -0.0010993680
    0.0010763635    -0.0052718904     0.0038624781
    0.0024738370    -0.0010294572     0.0061565148
   -0.0046281479    -0.0034093037    -0.0005437734
   -0.0027006648    -0.0128925021    -0.0022100903
    0.0016653767     0.0019522343     0.0003268498
   -0.0021799291     0.0022544766     0.0015139923
   -0.0108000829     0.0093993869     0.0097137239
    0.0054266060     0.0137575883    -0.0105522981
   -0.0462549187     0.0730300066     0.0208047744
    0.0042686418    -0.0133950006     0.0079977732
    0.0130964153    -0.0178238339     0.0061227021
   -0.0071216886     0.0044204011    -0.0082273887
    0.0074952825    -0.0076041205     0.0042408991
   -0.0021873315     0.0019785753     0.0010645273
    0.0099416404    -0.0024336602    -0.0019448956
    0.0002887792    -0.0000674556    -0.0000958188
   -0.0035007219     0.0019661724     0.0018183163
   -0.0048256833     0.0035475080    -0.0068185900
   -0.0555832469     0.0734934654    -0.0535525136
   -0.0229429079     0.0014714542    -0.0200199899
    0.0076791170    -0.0115530609     0.0276693917
    0.0050894120     0.0057448622    -0.0062051935
    0.0012842698    -0.0026822570     0.0102933188
   -0.0078382991     0.0050140777    -0.0045157157
    0.0016455391     0.0142682265    -0.0164592848
    0.0182073082     0.0048497892     0.0119881639
   -0.0048501902     0.0184698986    -0.0077454862
    0.0074856649    -0.0024704408     0.0029583043
    0.0046486082     0.0018561973    -0.0024081672
   -0.0009698304     0.0055811763    -0.0020113772
    0.0033940188    -0.0042079648     0.0017297717
    0.0019888266     0.0016894433     0.0050513569
   -0.0062332333    -0.0057061537     0.0041966119
    0.0050833976    -0.0100098203     0.0048785593
   -0.0085106895    -0.0040089622    -0.0119321959
   -0.0013509484    -0.0005876686    -0.0005992221
   -0.0045371398     0.0014629685     0.0022318082
    0.0041846325     0.0155810817    -0.0398380806
    0.0139880808    -0.0072230653     0.0074946643
   -0.0490165097     0.0607132382     0.0154555113
    0.0163631892     0.0141571921    -0.0324909490
    0.0022433742    -0.0113190990    -0.0038996939
   -0.0042007880     0.0067304932    -0.0096014879
   -0.0031888462     0.0039502858     0.0179484242
   -0.0194828456     0.0065270864    -0.0015469947
   -0.0088887071    -0.0113812486     0.0073660712
   -0.0027756447    -0.0000552536     0.0021176462
    0.0017670420     0.0054446160    -0.0013417962
   -0.0022713478     0.0008382644     0.0026985131
    0.0026161805    -0.0000130057     0.0035663844
    0.0042014346    -0.0048465692    -0.0018738106
    0.0024560189    -0.0008202368    -0.0080766113
   -0.0040370754    -0.0009085916    -0.0046068759
    0.0108729101    -0.0092085966    -0.0005486933
    0.0057520008     0.0008260327     0.0046154598
    0.0020296010     0.0018030866    -0.0004522002
   -0.0744240502    -0.0290798456    -0.0916271577
   -0.0067141889    -0.0170613803    -0.0105729272
   -0.0045855918     0.0029767281    -0.0056873243
    0.0013545215    -0.0076318617     0.0024143158
   -0.0005973379     0.0090277838     0.0028905165
    0.0088038015     0.0104658154    -0.0153279296
    0.0024321437     0.0095601243     0.0055765482
   -0.0021084651     0.0025806402    -0.0021250284
    0.0023692375    -0.0001206289    -0.0027923885
   -0.0010017462    -0.0044770232    -0.0031437704
    0.0010017987     0.0032484591     0.0040829747
    0.0076552122     0.0140697337    -0.0106319602
   -0.0426039813    -0.0043437406     0.0366198665
    0.0275731073     0.0022165073    -0.0359379428
   -0.0146247973    -0.0035274026     0.0124104333
   -0.0047113417    -0.0002827921     0.0127375406
   -0.0270620741    -0.0092049134    -0.0025110370
    0.0123909163     0.0098570599    -0.0075886771
    0.0146963920     0.0008812312     0.0055799333
    0.0010409763    -0.0004228132     0.0073034878
    0.0023644604    -0.0072921571     0.0050377845
    0.0008590187     0.0028502705    -0.0058908318
    0.0080623979    -0.0010963805    -0.0075119222
    0.0066982997    -0.0013081331    -0.0056846987
    0.0005117635    -0.0001996100    -0.0020319013
    0.0022798397     0.0018133855     0.0120652146
   -0.0016907420    -0.0000405271     0.0043617257
    0.0095093206    -0.0259261460     0.0293347301
   -0.0089964143     0.0196626041    -0.0281757650
   -0.0123695679    -0.0053728408     0.0013672694
    0.0122621535    -0.0046275766     0.0001755387
   -0.0127198993     0.0004331337     0.0019017037
    0.0007568725    -0.0183199859    -0.0132030176
   -0.0057199062     0.0157009263     0.0087777564
   -0.0107524566    -0.0095281211    -0.0266217028
    0.0073350108    -0.0048443825     0.0073731683
    0.0025141287    -0.0035133383    -0.0112343764
    0.0023979617     0.0018400490    -0.0046806232
    0.0004079812     0.0016330048     0.0004323489
    0.0074639639    -0.0000435131     0.0004769285
   -0.0013323265     0.0010049265     0.0006974861
   -0.0032097618     0.0008605645     0.0003855953
    0.0008085473     0.0016492316    -0.0006169686
    0.0083706884     0.0033951417     0.0009555819
    0.0044743439     0.0009212360     0.0078234829
    0.0027161789     0.0107196129     0.0142856010
    0.0034905368    -0.0040827480     0.0021993238
   -0.0010612173     0.0010730538    -0.0030374448
   -0.0037356697     0.0050663683    -0.0010819088
    0.0025004651     0.0048998042     0.0016208035
    0.0119405278     0.0003118211     0.0051243868
   -0.0020892842    -0.0071151274    -0.0048466584
   -0.0025381888     0.0006665072    -0.0010515545
   -0.0097138352     0.0028865853     0.0095033718
   -0.0049637062     0.0051971401    -0.0184861669
   -0.0114773635     0.0045105962     0.0199321447
   -0.0006894973    -0.0013332330    -0.0015628243
   -0.0072597223    -0.0077355853    -0.0032453844
    0.0165426959     0.0014943106    -0.0060402628
    0.0004227894     0.0008605992     0.0037880055
    0.0037251088    -0.0044526570     0.0027676522
    0.0016507158    -0.0009956349    -0.0051206596
    0.0064937124     0.0001431355    -0.0044245273
   -0.0247627839     0.0117488389     0.0040663237
    0.0063327393    -0.0124126302    -0.0032757382
    0.0408978193    -0.0195902877    -0.0109314451
   -0.0105591133     0.0158159978     0.0018621080
   -0.0034609660     0.0043198083    -0.0122769832
    0.0059258459     0.0031305428     0.0104673755
   -0.0106519693     0.0000996026    -0.0011348676
   -0.0010816358     0.0066031938    -0.0098013374
    0.0059776850    -0.0059291338    -0.0035731285
    0.0002561252     0.0078306383     0.0051691667
    0.0059766852     0.0026111080     0.0052770382
   -0.0017143353    -0.0098279930     0.0027878985
   -0.0009034223    -0.0046372687     0.0023857525
    0.0015791133    -0.0007313858     0.0003081770
    0.0047501740     0.0017921113    -0.0007734065
    0.0017317850    -0.0012887134    -0.0006452184
    0.0023199312    -0.0043567260    -0.0005116316
   -0.0006711528    -0.0003582434    -0.0006175312
   -0.0002531859     0.0007141748     0.0082585473
   -0.0253800358     0.0160906595     0.0080935622
    0.0013985360    -0.0031701727    -0.0016290541
    0.0144683351    -0.0058741386     0.0091850873
   -0.0069154863     0.0194092794    -0.0018233542
    0.0066312060     0.0083227711     0.0006606889
   -0.0114551762     0.0126782566     0.0136774233
   -0.0026410848    -0.0063258296    -0.0037214806
    0.0012932407    -0.0062484292    -0.0018289834
   -0.0023169411    -0.0018770910    -0.0010141535
   -0.0022453829    -0.0003980241     0.0007019517
    0.0010960071    -0.0039276535    -0.0157935940
    0.0098981476     0.0003137514     0.0037306507
    0.0028356043    -0.0086174390    -0.0002954195
   -0.0006744403     0.0012387448     0.0020162409
    0.0009512128     0.0017180115     0.0008876228
   -0.0003829282     0.0001872979    -0.0000229808
    0.0049011105    -0.0225092730     0.0067745519
   -0.0125216064     0.0112841999    -0.0123323741
   -0.0842934527     0.0618712751    -0.0185893386
    0.0183545293    -0.0402479295     0.0260206799
   -0.0094939826    -0.0073116518     0.0031043750
   -0.0220908411    -0.0100625740    -0.0147054000
    0.0030803261     0.0009900401    -0.0006339240
    0.0205747560     0.0342708147     0.0185618338
   -0.0069219289    -0.0013139265    -0.0032076211
   -0.0160443251    -0.0185711495    -0.0136044906
    0.0193194106    -0.0037288729     0.0097654604
    0.0046424585    -0.0205879957     0.0265554859
   -0.0056786829     0.0133902796    -0.0048352812
    0.0047856693    -0.0095316723     0.0005798712
    0.0066104891    -0.0016637778     0.0042922173
    0.0073846233     0.0041674089    -0.0030018193
    0.0014473264    -0.0009039916     0.0011592225
    0.0002364596    -0.0024160528    -0.0003282556
   -0.0014394660    -0.0005369533    -0.0013266187
    0.0074794823     0.0042814529     0.0050194975
   -0.0072610420     0.0197514351    -0.0268561506
   -0.0810043812    -0.0590498614     0.0491002765
    0.0176519005    -0.0285012208     0.0212257986
   -0.0207175296    -0.0005461094    -0.0001263499
   -0.0006027587     0.0072303474    -0.0049618440
   -0.0159440490     0.0118991222    -0.0128744730
    0.0108137763    -0.0043720748     0.0045419637
   -0.0168583677    -0.0048286244     0.0061398233
   -0.0065177320     0.0094304637    -0.0098521041
    0.0027597978    -0.0032571808     0.0043586523
   -0.0003354466     0.0018255914     0.0055058410
   -0.0056823750     0.0022729528    -0.0036252367
    0.0422319252    -0.0264996630     0.0223455060
   -0.0168288037     0.0005658106    -0.0090087370
   -0.0001141999    -0.0104970448    -0.0024342414
   -0.0000727571     0.0038361431     0.0027213376
   -0.0058283576    -0.0055530120     0.0115068103
    0.0202135194     0.0155214682     0.0106304241
   -0.0046085927    -0.0078385336    -0.0095572292
   -0.0257657955    -0.0119831160    -0.0001888545
    0.0044451556     0.0072767633     0.0081502143
    0.0040124298    -0.0097347876    -0.0137182094
   -0.0164102791    -0.0076570457    -0.0041616182
   -0.0126811857     0.0205798369    -0.0152861087
    0.0025030065     0.0016445678     0.0005730971
    0.0018976154    -0.0011615293    -0.0001855057
    0.0059276644     0.0046401783    -0.0042832712
    0.0042661140     0.0037803907     0.0029001090
    0.0063912682     0.0023477579    -0.0025785950
    0.0012369110    -0.0002830172    -0.0002572307
    0.0089547926     0.0088187249     0.0049353168
    0.0007443682     0.0015367520     0.0034981742
    0.0002548762     0.0162815845    -0.0117026112
    0.0074216545    -0.0104836678     0.0041633340
   -0.0083621088    -0.0309069675    -0.0046546740
    0.0085920710     0.0191754323     0.0014623789
   -0.0237894084    -0.0089589147     0.0080976925
   -0.0001205690    -0.0020081809     0.0000507385
   -0.0066722731     0.0137981753     0.0013949530
   -0.0137829663     0.0132395284    -0.0076931635
   -0.0005180564    -0.0085022791    -0.0000772313
    0.0005973709     0.0084661258     0.0008824797
    0.0125803557     0.0007850725    -0.0062651993
    0.0052625249     0.0105701523    -0.0004723883
    0.0057921194    -0.0078591150     0.0052268088
    0.0004218693    -0.0032619088    -0.0043525801
    0.0003212447    -0.0027733452    -0.0001622742
    0.0043727669    -0.0061135909     0.0031859663
    0.0031119356     0.0020330507     0.0046579271
    0.0068312065    -0.0083505830     0.0068842162
    0.0040351886    -0.0003236989    -0.0006179484
    0.0057721756     0.0284593814     0.0029138066
   -0.0035175681    -0.0005058003     0.0085058538
   -0.0091406627     0.0204728822     0.0229061482
    0.0083176971    -0.0137641337    -0.0248415420
    0.0091430764    -0.0189396346    -0.0024317459
    0.0149654261     0.0034943617    -0.0010291382
   -0.0081662124     0.0181612142    -0.0009373892
    0.0105348811    -0.0027200202     0.0191372339
    0.0058727543     0.0042941282    -0.0047672098
    0.0087148579     0.0211796454    -0.0426292309
   -0.0540439873    -0.0256043119    -0.0280504679
   -0.0086008921    -0.0164648450    -0.0006711247
   -0.0004018516    -0.0005721617    -0.0024556492
    0.0012584188     0.0013548226    -0.0050914671
   -0.0127307073     0.0086833685     0.0033591678
   -0.0059045860    -0.0007391789     0.0082058035
   -0.0064800427     0.0032771795    -0.0015978393
    0.0047703836    -0.0045883325     0.0006402227
   -0.0003159457    -0.0084077042    -0.0006773985
   -0.0066615632    -0.0001005207    -0.0025410997
   -0.0109197496    -0.0105632082     0.0141525288
    0.0052148387    -0.0063682166     0.0194200822
    0.0293883095     0.0174267007     0.0108893476
    0.0093754458     0.0029695542     0.0179887962
    0.0020121475    -0.0073662152     0.0003060790
   -0.0098409900     0.0050726924     0.0084243714
    0.0143606790     0.0149246780    -0.0048750899
    0.0034941528    -0.0177645105     0.0008859876
   -0.0032408612     0.0181144430     0.0051400755
   -0.0103008073    -0.0094107897     0.0170723306
    0.0070357789     0.0044715001    -0.0208581963
    0.0007628134     0.0014289290     0.0009842672
    0.0013413380    -0.0010765308    -0.0022684587
    0.0016732739    -0.0020003964    -0.0046854626
    0.0013068045    -0.0020038491    -0.0059733164
    0.0044606066    -0.0116744365     0.0017226391
   -0.0198881848     0.0264009428     0.0014004873
   -0.0026100646     0.0020493995    -0.0040803781
    0.0050256029    -0.0047322467     0.0291333116
    0.0050823771     0.0081136866    -0.0059761367
    0.0232807655    -0.0145126352    -0.0025286525
   -0.0109684474     0.0355954634    -0.0269480815
    0.0073149002     0.0000378343     0.0054256878
   -0.0005530023    -0.0360697515     0.0302017979
    0.0057872565    -0.0211093984     0.0001110000
    0.0018475105    -0.0003792371     0.0004319056
   -0.0165998126     0.0044945012     0.0074666480
    0.0010666948     0.0014426629    -0.0008723025
   -0.0088333962     0.0026290868    -0.0151346138
    0.0054088951     0.0040408330     0.0009643755
   -0.0138721592    -0.0039255823    -0.0235726335
    0.0152392362     0.0016461094    -0.0033931891
   -0.0006394784     0.0149850668     0.0039265812
   -0.0003628095     0.0017719180    -0.0011689039
   -0.0028961595     0.0092119172     0.0040457717
   -0.0015126204    -0.0098407658    -0.0140758059
    0.0044800110     0.0149670915     0.0166656506
    0.0013548131     0.0003558417     0.0018356796
   -0.0071459275    -0.0073125182    -0.0003291932
    0.0000307667     0.0008352372     0.0026767548
    0.0009608942     0.0011782861     0.0020359565
   -0.0015114865    -0.0005407072     0.0026735481
    0.0002395789     0.0009508411     0.0058933342
   -0.0058364201     0.0004613288    -0.0031552355
    0.0007772506    -0.0014367795    -0.0104228016
    0.0012799996    -0.0105376388    -0.0036436810
   -0.0033856302    -0.0238753520     0.0083836003
   -0.0004171481    -0.0005712804     0.0136817553
    0.0013389534    -0.0046663092     0.0179431333
   -0.0045601885     0.0028191531    -0.0075166288
    0.0035302303    -0.0100179946     0.0067273216
   -0.0089303883     0.0021003189    -0.0000680438
    0.0024946720    -0.0015220994    -0.0063465018
    0.0042399129     0.0070810823    -0.0117784214
   -0.0019398656     0.0056066263    -0.0098262706
   -0.0032921265     0.0068928114    -0.0064842338
    0.0022912659     0.0030823831     0.0003374463
    0.0050035991    -0.0011435934    -0.0007489761
    0.0008692233    -0.0012250989     0.0008270778
    0.0006937150     0.0002894151    -0.0000898815
   -0.0010264554     0.0012624119    -0.0000644031
   -0.0007116155     0.0026941531     0.0049073621
   -0.0044485776     0.0033745332    -0.0304697128
    0.0032930079     0.0097672930     0.0073281493
   -0.0081334910     0.0052302109     0.0080179934
   -0.0049505790     0.0010365795    -0.0080203773
   -0.0036550717    -0.0077365676     0.0027353468
    0.0089086279    -0.0036337620     0.0149378841
    0.0012101158    -0.0027206850     0.0006000965
    0.0026650631    -0.0001268989    -0.0002904805
   -0.0010907058    -0.0002413028     0.0001610499
   -0.0014004966     0.0034897271    -0.0039388014
    0.0258084239    -0.0154077662     0.0022284257
   -0.0127652569     0.0003510686     0.0107188191
    0.0064047090    -0.0142505637     0.0827506717
   -0.0211772610     0.0021034094    -0.0162360740
   -0.0079585750     0.0124668068     0.0086415547
    0.0027062963    -0.0158893226    -0.0046362783
    0.0176905377    -0.0108477819    -0.0052581056
   -0.0113074228     0.0028599505    -0.0110409476
    0.0022801048     0.0021245111    -0.0047288515
    0.0042868300     0.0012729012    -0.0035586254
   -0.0010650671     0.0119894379     0.0001301269
    0.0003179173     0.0041283833     0.0027461544
   -0.0030021839     0.0022403864     0.0011301793
   -0.0101273289    -0.0008626096     0.0022106494
   -0.0835131215    -0.0876324039     0.0652352170
    0.0117099651     0.0086912380    -0.0717234156
    0.1179302564    -0.0260905045     0.0570493915
    0.0352421927    -0.0621719901    -0.0216481620
    0.0721007173    -0.0970414870     0.0671321912
    0.0202678207    -0.0684917363     0.0255811531
    0.0742369650     0.0182476620     0.1140305462
    0.0681861156    -0.0278213945     0.0032447586
    0.0922315343     0.0767428343    -0.0699294045
    0.0194137504     0.0141047029    -0.0692407860
---------------------------------------------------
Net gradient:  9.282666e-09  7.072311e-10  1.883399e-09
Net torque:    7.080056e-03 -1.227105e-03 -1.428980e-04

Total processing time: 327.53 sec 

 Job finished: Mon May 20 14:03:05 2019

