Startfile from command line: /home/lum/5ly6/refine11+10/ase/55/55_capping.sp


       ***********************************************************
       *                    TeraChem v1.93P                      *
       *                 Hg Version: 79b87f121f2d                *
       *                   Production Version                    *
       *                Compiled without textures                *
       *           Chemistry at the Speed of Graphics!           *
       ***********************************************************
       * This program may only be used in connection with        *
       * a valid license from PetaChem, LLC. Use of this program *
       * or results thereof indicates acceptance of all terms    *
       * and conditions stated in the license and that a valid   *
       * license agreement between the user and PetaChem, LLC    *
       * exists. PetaChem, LLC does not warrant the correctness  *
       * of results or their suitability for any purpose.        *
       * Please email bugs, suggestions, and comments to         *
       *                  help@petachem.com                      *
       *                                                         *
       ***********************************************************


       ***********************************************************
       *  Compiled by toddmtz      Wed Aug 16 03:32:31 PDT 2017  *
       *  Supported architectures: sm_20 sm_30 sm_50 sm_60       *
       *  Cuda compilation tools, release 8.0, V8.0.44           *
       ***********************************************************


 Job started   Fri May 24 13:15:47 2019
 On cu37 (available memory: 49324 MB)

######################################### RUNTIME INFO ##########################################
/public/qmsoft/TeraChem/bin/terachem /home/lum/5ly6/refine11+10/ase/55/55_capping.sp 

NVRM version: NVIDIA UNIX x86_64 Kernel Module  396.26  Mon Apr 30 18:01:39 PDT 2018
GCC version:  gcc version 4.8.5 20150623 (Red Hat 4.8.5-4) (GCC) 

	linux-vdso.so.1 (0x00007ffd9d5e9000)
	libcurl.so.4 => /lib64/libcurl.so.4 (0x00002ab2d6be0000)
	libintbox.so.1 => /public/qmsoft/TeraChem/lib/libintbox.so.1 (0x00002ab2d6e48000)
	libthcbox.so.1 => /public/qmsoft/TeraChem/lib/libthcbox.so.1 (0x00002ab2f6a56000)
	libgridbox.so.1 => /public/qmsoft/TeraChem/lib/libgridbox.so.1 (0x00002ab2f85c0000)
	libdftbox.so.1 => /public/qmsoft/TeraChem/lib/libdftbox.so.1 (0x00002ab2f8ab1000)
	libcublas.so.8.0 => /public/qmsoft/TeraChem/lib/libcublas.so.8.0 (0x00002ab2f8dc2000)
	libcufft.so.8.0 => /public/qmsoft/TeraChem/lib/libcufft.so.8.0 (0x00002ab2fb772000)
	libcuda.so.1 => /public/qmsoft/TeraChem/lib/libcuda.so.1 (0x00002ab3045c0000)
	libcudart.so.8.0 => /public/qmsoft/TeraChem/lib/libcudart.so.8.0 (0x00002ab305540000)
	libcrypto.so.10 => /lib64/libcrypto.so.10 (0x00002ab3057a6000)
	libssl.so.10 => /lib64/libssl.so.10 (0x00002ab305b8d000)
	libm.so.6 => /lib64/libm.so.6 (0x00002ab305dfa000)
	libcilkrts.so.5 => /public/qmsoft/TeraChem/lib/libcilkrts.so.5 (0x00002ab3060fc000)
	libstdc++.so.6 => /lib64/libstdc++.so.6 (0x00002ab30633d000)
	libgcc_s.so.1 => /lib64/libgcc_s.so.1 (0x00002ab306645000)
	libpthread.so.0 => /lib64/libpthread.so.0 (0x00002ab30685b000)
	libdl.so.2 => /lib64/libdl.so.2 (0x00002ab306a79000)
	libc.so.6 => /lib64/libc.so.6 (0x00002ab306c7d000)
	/lib64/ld-linux-x86-64.so.2 (0x00002ab2d69bd000)
	libidn.so.11 => /lib64/libidn.so.11 (0x00002ab30702a000)
	libssh2.so.1 => /lib64/libssh2.so.1 (0x00002ab30725d000)
	libssl3.so => /lib64/libssl3.so (0x00002ab307487000)
	libsmime3.so => /lib64/libsmime3.so (0x00002ab3076c9000)
	libnss3.so => /lib64/libnss3.so (0x00002ab3078f0000)
	libnssutil3.so => /lib64/libnssutil3.so (0x00002ab307c16000)
	libplds4.so => /lib64/libplds4.so (0x00002ab307e42000)
	libplc4.so => /lib64/libplc4.so (0x00002ab308046000)
	libnspr4.so => /lib64/libnspr4.so (0x00002ab30824b000)
	libgssapi_krb5.so.2 => /lib64/libgssapi_krb5.so.2 (0x00002ab308489000)
	libkrb5.so.3 => /lib64/libkrb5.so.3 (0x00002ab3086d5000)
	libk5crypto.so.3 => /lib64/libk5crypto.so.3 (0x00002ab3089ba000)
	libcom_err.so.2 => /lib64/libcom_err.so.2 (0x00002ab308bec000)
	liblber-2.4.so.2 => /lib64/liblber-2.4.so.2 (0x00002ab308df0000)
	libldap-2.4.so.2 => /lib64/libldap-2.4.so.2 (0x00002ab308fff000)
	libz.so.1 => /lib64/libz.so.1 (0x00002ab309252000)
	librt.so.1 => /lib64/librt.so.1 (0x00002ab309468000)
	libnvidia-fatbinaryloader.so.396.26 => /lib64/libnvidia-fatbinaryloader.so.396.26 (0x00002ab309670000)
	libkrb5support.so.0 => /lib64/libkrb5support.so.0 (0x00002ab3098bc000)
	libkeyutils.so.1 => /lib64/libkeyutils.so.1 (0x00002ab309acb000)
	libresolv.so.2 => /lib64/libresolv.so.2 (0x00002ab309ccf000)
	libsasl2.so.3 => /lib64/libsasl2.so.3 (0x00002ab309ee6000)
	libselinux.so.1 => /lib64/libselinux.so.1 (0x00002ab30a103000)
	libcrypt.so.1 => /lib64/libcrypt.so.1 (0x00002ab30a328000)
	libpcre.so.1 => /lib64/libpcre.so.1 (0x00002ab30a55f000)
	liblzma.so.5 => /lib64/liblzma.so.5 (0x00002ab30a7c0000)
#################################################################################################

       ********************** License Check **********************
       * Use license from: /public/qmsoft/TeraChem/license.dat
       * Available Host id: AC1F6B20F5BC
       * Available Host id: AC1F6B20F5BD
       * Available Host id: 525400A418C3
       * Available Host id: 525400A418C3
       * License Host id: AC1F6B20F5BC
       * License expires: 2019-10-21
       ********************** License OK *************************
Scratch directory: /tmp/lum/5ly6/refine11+10/ase/55/scr
Random number seed: 1595670665

XYZ coordinates /home/lum/5ly6/refine11+10/ase/55/55_capping.xyz
Molden File Output: /tmp/lum/5ly6/refine11+10/ase/55/scr/55_capping.molden
Using basis set: 6-31g
Spin multiplicity: 1
DIIS will use up to 10 vectors.
WF convergence threshold: 3.00e-05
Using DIIS algorithm to converge WF
Maximum number of SCF iterations: 300
Incremental fock with rebuild every 8 iterations
Will switch to conventional Fock if diffuse functions are detected
X-matrix tolerance: 1.00e-04
PRECISION: DYNAMIC
DFT Functional requested: hf
Method: Hartree-Fock  with dispersion correction

*********************************************************
*                     WARNING                           *
* Dispersion correction is not supported for hf         *
*         Disabling dispersion correction               *
*********************************************************

Wavefunction: RESTRICTED
Initial guess generated by maximum overlap

********************************************
**** SINGLE POINT GRADIENT CALCULATIONS ****
********************************************
SCF:   Initial guess is taken from previous step
COSMO model for polarizable continuum model enabled

using 4 out of 4 CUDA devices
   Device 0:  GeForce GTX 1080 Ti, 11178MB, CC 6.1 -- CPU THREAD 0
   Device 1:  GeForce GTX 1080 Ti, 11178MB, CC 6.1 -- CPU THREAD 1
   Device 2:  GeForce GTX 1080 Ti, 11178MB, CC 6.1 -- CPU THREAD 2
   Device 3:  GeForce GTX 1080 Ti, 11178MB, CC 6.1 -- CPU THREAD 3
-------------------------------------------------------------------
Compiled with MAGMA support.  MAGMA parameters:
    Matrices larger than 5000 square will be treated with MAGMA
       (Change by setting the MagmaMinN environment variable)
    Magma will use 1 out of 4 GPUs
       (Change by setting the MagmaNGPUs environment variable)
-------------------------------------------------------------------
 CPU Memory Available: 8018.12 MegaWords 
 GPU Memory Available: 1141.31 MegaWords 
 Maximum recommended basis set size: 12200 basis functions
 (limited by GPU memory)
-------------------------------------------------------------------
Not using d-functions. Configuring GPUs accordingly.
0: CUBLAS initialized, available GPU memory: 8168MB
1: CUBLAS initialized, available GPU memory: 8170MB
2: CUBLAS initialized, available GPU memory: 8170MB
3: CUBLAS initialized, available GPU memory: 8170MB


Basis set:       6-31g
Total atoms:     188
Total charge:    -3
Total electrons: 738 (369-alpha, 369-beta)
Number electrons modeled by ECPs: 0
Total orbitals:  1048
Total AO shells: 664 (472 S-shells; 192 P-shells; 0 D-shells; 0 F-shells; 0 G-shells)
Spin multiplicity: 1
Nuclear repulsion energy (QM atoms): 21340.397329931850 a.u.

=COSMO= Number of H atoms in QM atoms:92
=COSMO= Number of Heavy atoms in QM atoms:96
reached first line of InitCosmoSwigNoMatrix
q is allocated
B is allocated
Bz is allocated
z is allocated
c is allocated
=COSMO= No Matrix Cosmo Initialization finished.
=COSMO= ++++++++++++++++++++++++++++++ COSMO parameters ++++++++++++++++++++++++++++++
=COSMO= I. Cavity Information:
=COSMO= SAS(Solvent accesible surface) initialization finished
=COSMO= Time for initializing Molecular Surface:0.15158000 (sec)
=COSMO= Time for initializing cosmo calculation:0.03358300 (sec)
=COSMO= Cavity effective radius(Angstrom) (r_solv+r_vdw-dsc) was written into /tmp/lum/5ly6/refine11+10/ase/55/scr/ratom.txt
=COSMO= Solvent Dielectric Constant:78.390000
=COSMO= Cosmo Solvent radius:0.000000
=COSMO= Cosmo charge scaling method:0
=COSMO= Cavity built with Lebedev Grid
=COSMO= Grid points/QM Hydrogen: 110
=COSMO= Grid points/QM Heavy atom: 110
=COSMO= Herbert Switching-Gaussian method turned on
=COSMO= After removing points inside of SAS:
=COSMO= Total number of segments on molecular surface:10226
=COSMO= Number of segments belonging to QM atoms:10226
=COSMO= Total surface area of cavity: 1458.2541(Angstrom^2)
=COSMO= Total volume of cavity: 837.4181 (Angstrom^3)
=COSMO= II. COSMO integral options:
=COSMO= Building COMSO c vector with original algorithm
=COSMO= COSMO one-electron integral threshold: 1e-12 
=COSMO= III. Linear solver options:
=COSMO= Initialize COSMO for A matrix in no matrix storage form
=COSMO= CG precondtioner:Jacobi
=COSMO= Tight CG convergence threshold:1e-06
=COSMO= CG dynamic threshold: on
=COSMO= Adjust CG convergence threshold dynamically
=COSMO= IV. PCM field read/write options:
=COSMO= PCM field is not written to files
=COSMO= No PCM field file is read in
=COSMO= ++++++++++++++++++++++++++++++++++++++++++++++++++++++++++++++++++++++++++++++++

                      *** Start SCF Iterations ***

 Iter     DIIS Error       Energy change         Energy              E_PCM      Time(s)
---------------------------------------------------------------------------------------
         >>> Purifying P... IDMP = 2.73e-14 <<<
THRESPDP set to 1.00e+00
   1     0.3125654051   -4871.2162159394   -4871.2162159394     -0.9710730890    2.81  
   2     0.1470557028     -23.0150372475   -4894.2312531869     -0.8020397515    2.35  
   3     0.0472320117      -3.2752734062   -4897.5065265932     -0.8697785196    2.46  
   4     0.0160079271      -0.4401098248   -4897.9466364180     -0.8397716384    2.66  
   5     0.0048064860      -0.0593887961   -4898.0060252141     -0.8585747908    1.92  
THRESPDP set to 1.92e-04
   6     0.0029888998      -0.0067670561   -4898.0127922702     -0.8621542290    2.63  
   7     0.0017764402      -0.0013306894   -4898.0141229596     -0.8642202083    2.35  
   8     0.0010288276      -0.0002716791   -4898.0143946388     -0.8651148452    1.64  
   9     0.0006214734      -0.0000421081   -4898.0144367469     -0.8653245592    2.03  
  10     0.0003111624      -0.0000095905   -4898.0144463373     -0.8653882405    1.97  
  11     0.0001853147      -0.0000011310   -4898.0144474683     -0.8654053986    1.50  
  12     0.0000837854      -0.0000023898   -4898.0144498581     -0.8654062911    1.94  
  13     0.0000407442      +0.0000005942   -4898.0144492639     -0.8654050438    1.51  
  14     0.0000132787      -0.0000007378   -4898.0144500017     -0.8654020174    2.50  
---------------------------------------------------------------------------------------
FINAL ENERGY: -4898.0144500017 a.u.
C-PCM contribution to final energy:-0.8654020174 a.u. ( already included in final energy )
Computing C-PCM contribution to gradient...
CENTER OF MASS: {18.716264, 29.960784, 65.051759} ANGS
DIPOLE MOMENT: {26.994171, -28.917409, 23.863006} (|D| = 46.198970) DEBYE
Cannot open /tmp/lum/5ly6/refine11+10/ase/55/scr
Writing out molden info

Gradient units are Hartree/Bohr
---------------------------------------------------
        dE/dX            dE/dY            dE/dZ
   -0.0735701548    -0.0453838408     0.0724834970
   -0.0262669635    -0.0080624156     0.0041840981
    0.0072927735     0.0296684128    -0.0112190433
   -0.0015308707    -0.0164862436     0.0081113852
    0.0128522553     0.0029730764    -0.0076444223
    0.0065702396     0.0059024846    -0.0025359412
   -0.0224928259     0.0096961913    -0.0248713882
    0.0170678823    -0.0051676457     0.0178035382
    0.0009795663    -0.0043425859     0.0071507199
   -0.0096547658     0.0193269274     0.0073315450
    0.0025817167     0.0013759796     0.0046977016
    0.0005734493     0.0039653750     0.0029443462
   -0.0022030385    -0.0022881022     0.0065657491
   -0.0009204951    -0.0035203834    -0.0020345737
   -0.0016833550    -0.0024811973     0.0063835866
   -0.0025047321    -0.0115831995     0.0045043536
   -0.0154432126     0.0234327494    -0.0044240922
    0.0107655683    -0.0108282209     0.0151739302
   -0.0045963480     0.0070663912    -0.0044225465
    0.0200590959     0.0017797183    -0.0203387439
   -0.0061126684     0.0005804287     0.0125016104
   -0.0133326294     0.0007157752    -0.0110085552
    0.0037216740     0.0058125419     0.0245158648
   -0.0048391455     0.0133594851    -0.0227508483
   -0.0007355242    -0.0025805713     0.0016085834
    0.0059389234    -0.0104638731     0.0040451934
   -0.0011078223     0.0014423016     0.0012182395
   -0.0078953407    -0.0056539404     0.0124777992
    0.0030448211    -0.0027911779     0.0001461629
    0.0029087099     0.0032581702    -0.0037558248
    0.0017835401     0.0019168560     0.0033423168
    0.0038349606    -0.0025714414     0.0005736611
   -0.0005810417    -0.0034098510    -0.0128972358
    0.0022016891    -0.0038780478    -0.0015652863
   -0.0019936351    -0.0066126774     0.0066163310
    0.0008135127     0.0020794434     0.0110521339
    0.0044665674    -0.0069508071    -0.0000044579
    0.0005186534    -0.0164847086    -0.0035617930
    0.0051537435    -0.0095934345    -0.0109207812
    0.0515532594    -0.1027709493    -0.0122760518
   -0.0130718639     0.0554475544    -0.0207142200
   -0.0061903098     0.0036739182     0.0034140237
    0.0154752585    -0.0006045297    -0.0040589263
   -0.0039073279     0.0012024464    -0.0092055327
    0.0007961728    -0.0009160833    -0.0093949753
    0.0394070573    -0.0021696865     0.0685343835
   -0.0037166279     0.0137513298    -0.0012698972
   -0.0020021432     0.0079613459     0.0006638004
    0.0016050925     0.0005941996    -0.0017772626
    0.0006630604    -0.0012633504     0.0003926444
   -0.0053916506    -0.0009564191     0.0066276691
   -0.0013217063     0.0016491624    -0.0004176651
   -0.0152924310     0.0006624564    -0.0441319751
   -0.0245807631     0.0027844166    -0.0085292376
   -0.0666417943     0.0112860874    -0.0825038604
   -0.0066777471    -0.0228980237    -0.0045587211
   -0.0085101130     0.0272692849    -0.0008820919
    0.0032279306    -0.0065626642     0.0018646947
    0.0159318452    -0.0036976821    -0.0038645896
   -0.0253156705     0.0053005663     0.0003352069
    0.0141270832     0.0011809927     0.0031146139
    0.0248324197    -0.0164579808    -0.0012442111
   -0.0023640688    -0.0093819828    -0.0175182409
    0.0039288374     0.0109730435    -0.0038096929
   -0.0029933525     0.0038964091     0.0026897568
   -0.0002208471    -0.0007231050    -0.0009476251
    0.0054379034    -0.0035649773    -0.0007549618
   -0.0008208843    -0.0015498954     0.0000852214
   -0.0059310038    -0.0016716753    -0.0027597905
   -0.0021601118     0.0022647255    -0.0014202341
   -0.0002234038     0.0022214348    -0.0004079648
   -0.0107156726     0.0119499173    -0.0012948331
   -0.0039434741     0.0021451791     0.0056769168
    0.0076573387    -0.0416740895    -0.0041815269
    0.0059586618     0.0046530785    -0.0037212015
   -0.0069722271    -0.0478226006     0.0570646893
   -0.0087418470     0.0335012812    -0.0163186641
    0.0036466140    -0.0238831049     0.0226262305
    0.0081180032     0.0193165591     0.0200382252
   -0.0242384180    -0.0281490938    -0.0111929248
    0.0103204505     0.0274390632     0.0100103883
    0.0063913842    -0.0042850900    -0.0013438700
   -0.0053524885     0.0163085245    -0.0081067257
   -0.0009307553     0.0038713838     0.0004337823
   -0.0030950488     0.0056647374    -0.0200324764
   -0.0055084100     0.0069319561     0.0020615357
   -0.0029779929     0.0027445804    -0.0123374389
    0.0037570027    -0.0078161895    -0.0073062161
    0.0277728997    -0.0024665576    -0.0497570739
   -0.0028115907    -0.0117799582     0.0293735487
   -0.0111293673     0.0220058244    -0.0138928658
    0.0008417827     0.0073911074     0.0043943583
    0.0079254476     0.0337479089    -0.0117435465
   -0.0043704007    -0.0069335286     0.0060204948
    0.0017983731    -0.0092917581     0.0081778355
   -0.0048206903     0.0097300354     0.0000559237
   -0.0027695474     0.0062035031    -0.0024869966
   -0.0004799636    -0.0174636726     0.0028938957
    0.0015597068     0.0019517749    -0.0018046491
   -0.0032169642     0.0001810936     0.0002415464
   -0.0015309287     0.0013291628    -0.0042992578
    0.0009539185     0.0035560179    -0.0022302625
    0.0144125519    -0.0689063310     0.0174843089
    0.0081024129     0.0222921579    -0.0080228476
   -0.0071069868     0.0080598101    -0.0099998112
    0.0034624410    -0.0025634075    -0.0004418830
   -0.0023575412    -0.0128700170     0.0171342090
    0.0299733248     0.0304677408     0.0040921192
   -0.0042617752    -0.0135916409     0.0043124857
   -0.0105766205     0.0320048051    -0.0139808648
   -0.0012300602    -0.0084426706    -0.0009705732
   -0.0017986696     0.0007818193    -0.0097716841
   -0.0310282773    -0.0188466248    -0.0069460920
    0.0054923776     0.0037468015     0.0008919871
   -0.0005233798     0.0071979719    -0.0013515173
   -0.0002872897     0.0012339831    -0.0054108170
    0.0076708881    -0.0187652062     0.0305040479
    0.0114008232    -0.0184538326    -0.0083469040
   -0.0146847013     0.0906669785     0.0359208262
    0.0121760644    -0.0326719095     0.0064660786
   -0.0124674783     0.0298148933     0.0074613147
    0.0021532005     0.0018211885    -0.0140785746
   -0.0107625062     0.0183085207    -0.0060635038
   -0.0042696304     0.0099658062    -0.0028404288
    0.0001010619    -0.0017411926    -0.0020036221
    0.0021905829    -0.0155262024     0.0049229002
    0.0052092983    -0.0114617030     0.0052641498
   -0.0710520738    -0.0221962631     0.0817693038
   -0.0006750833    -0.0194516730     0.0095479306
   -0.0000486877    -0.0092838062     0.0040126919
    0.0007350928     0.0112802598    -0.0021713731
    0.0029837692     0.0121109258     0.0097529025
    0.0215199977    -0.0131003904    -0.0084175957
   -0.0013234258    -0.0030193798     0.0019734908
   -0.0186540693     0.0150270171     0.0060233229
   -0.0034739437    -0.0132579036     0.0195332244
   -0.0000216140     0.0016747303    -0.0006789749
   -0.0007864809    -0.0007395061    -0.0009993562
    0.0019711106    -0.0011645223    -0.0007091579
    0.0034761290     0.0128279138    -0.0053009617
   -0.0058052708    -0.0080808054    -0.0039153222
   -0.0077705562     0.0125563999    -0.0332838742
    0.0005842026    -0.0051264001     0.0062033521
    0.0066727461    -0.0088570417     0.0077195287
   -0.0288651486     0.0255333236    -0.0190571796
    0.0083806894    -0.0181797047     0.0075194686
    0.0558796000     0.0284153248     0.0181142031
   -0.0004471964    -0.0083332906     0.0036824041
   -0.0002456289     0.0006989965     0.0008007784
   -0.0030850282     0.0030763127    -0.0053330755
   -0.0016763378     0.0002611393     0.0005148129
   -0.0248695143    -0.0391928337    -0.0025713401
   -0.0088485653     0.0093688352    -0.0059819922
    0.0084680124     0.0029119842     0.0294758431
   -0.0023506177    -0.0128812447     0.0018641528
   -0.0060108236    -0.0173945760     0.0112151388
   -0.0018311874     0.0216158038    -0.0083781762
    0.0117880570     0.0154017804    -0.0002814413
   -0.0146308210    -0.0000658706     0.0031899133
   -0.0020304048    -0.0144324712    -0.0053598378
   -0.0001497473    -0.0029162783    -0.0000679256
   -0.0017503233     0.0077359734    -0.0024922252
   -0.0004244330    -0.0040351928     0.0009861795
    0.0106331761    -0.0022679036     0.0003098477
    0.0009166221     0.0003663346    -0.0003707504
   -0.0007114709     0.0009050772     0.0032410808
   -0.0021176658     0.0063471590    -0.0012457379
    0.0157095641    -0.0018126505    -0.0278516832
   -0.0035700385     0.0172944223     0.0260505465
   -0.0326667378     0.0433103182    -0.0964950048
    0.0090919851    -0.0441339439     0.0205766002
   -0.0018795185    -0.0168191784    -0.0091437892
    0.0179476965    -0.0010865306     0.0196920246
   -0.0168317718     0.0043976341     0.0007196882
    0.0037539100    -0.0030572061    -0.0020624548
    0.0020592176    -0.0020750525    -0.0021453912
   -0.0018690116    -0.0019697575     0.0033296649
    0.0006148059    -0.0031371480     0.0013647193
   -0.0007955934     0.0053416699     0.0023628535
   -0.0011709747     0.0052226652    -0.0029855043
   -0.0020617842    -0.0047539617    -0.0038244690
   -0.0031343981     0.0068397175    -0.0063580606
    0.0950439817     0.0226267440    -0.0989568616
   -0.0432078503     0.0456418401     0.0360535920
    0.0659697795     0.0106411531     0.1210862248
    0.0025526489    -0.0570090761    -0.0440441791
    0.0672683037     0.0395555409    -0.1139958025
    0.0234199204    -0.0108825323     0.0677987674
---------------------------------------------------
Net gradient: -4.703934e-10 -2.689551e-09 -7.792466e-10
Net torque:    2.575084e-04  9.190730e-04  6.133695e-04

Total processing time: 36.42 sec 

 Job finished: Fri May 24 13:16:34 2019

