Startfile from command line: /home/lum/c/refine5_0.7_250/ase/13/13_capping.sp


       ***********************************************************
       *                    TeraChem v1.93P                      *
       *                 Hg Version: 79b87f121f2d                *
       *                   Production Version                    *
       *                Compiled without textures                *
       *           Chemistry at the Speed of Graphics!           *
       ***********************************************************
       * This program may only be used in connection with        *
       * a valid license from PetaChem, LLC. Use of this program *
       * or results thereof indicates acceptance of all terms    *
       * and conditions stated in the license and that a valid   *
       * license agreement between the user and PetaChem, LLC    *
       * exists. PetaChem, LLC does not warrant the correctness  *
       * of results or their suitability for any purpose.        *
       * Please email bugs, suggestions, and comments to         *
       *                  help@petachem.com                      *
       *                                                         *
       ***********************************************************


       ***********************************************************
       *  Compiled by toddmtz      Wed Aug 16 03:32:31 PDT 2017  *
       *  Supported architectures: sm_20 sm_30 sm_50 sm_60       *
       *  Cuda compilation tools, release 8.0, V8.0.44           *
       ***********************************************************


 Job started   Wed May 29 15:11:30 2019
 On cu33 (available memory: 49523 MB)

######################################### RUNTIME INFO ##########################################
/public/qmsoft/TeraChem/bin/terachem /home/lum/c/refine5_0.7_250/ase/13/13_capping.sp 

NVRM version: NVIDIA UNIX x86_64 Kernel Module  396.26  Mon Apr 30 18:01:39 PDT 2018
GCC version:  gcc version 4.8.5 20150623 (Red Hat 4.8.5-4) (GCC) 

	linux-vdso.so.1 (0x00007ffdbb73c000)
	libcurl.so.4 => /lib64/libcurl.so.4 (0x00002b0aa3434000)
	libintbox.so.1 => /public/qmsoft/TeraChem/lib/libintbox.so.1 (0x00002b0aa369c000)
	libthcbox.so.1 => /public/qmsoft/TeraChem/lib/libthcbox.so.1 (0x00002b0ac32aa000)
	libgridbox.so.1 => /public/qmsoft/TeraChem/lib/libgridbox.so.1 (0x00002b0ac4e14000)
	libdftbox.so.1 => /public/qmsoft/TeraChem/lib/libdftbox.so.1 (0x00002b0ac5305000)
	libcublas.so.8.0 => /public/qmsoft/TeraChem/lib/libcublas.so.8.0 (0x00002b0ac5616000)
	libcufft.so.8.0 => /public/qmsoft/TeraChem/lib/libcufft.so.8.0 (0x00002b0ac7fc6000)
	libcuda.so.1 => /public/qmsoft/TeraChem/lib/libcuda.so.1 (0x00002b0ad0e14000)
	libcudart.so.8.0 => /public/qmsoft/TeraChem/lib/libcudart.so.8.0 (0x00002b0ad1d94000)
	libcrypto.so.10 => /lib64/libcrypto.so.10 (0x00002b0ad1ffa000)
	libssl.so.10 => /lib64/libssl.so.10 (0x00002b0ad23e1000)
	libm.so.6 => /lib64/libm.so.6 (0x00002b0ad264e000)
	libcilkrts.so.5 => /public/qmsoft/TeraChem/lib/libcilkrts.so.5 (0x00002b0ad2950000)
	libstdc++.so.6 => /lib64/libstdc++.so.6 (0x00002b0ad2b91000)
	libgcc_s.so.1 => /lib64/libgcc_s.so.1 (0x00002b0ad2e99000)
	libpthread.so.0 => /lib64/libpthread.so.0 (0x00002b0ad30af000)
	libdl.so.2 => /lib64/libdl.so.2 (0x00002b0ad32cd000)
	libc.so.6 => /lib64/libc.so.6 (0x00002b0ad34d1000)
	/lib64/ld-linux-x86-64.so.2 (0x00002b0aa3211000)
	libidn.so.11 => /lib64/libidn.so.11 (0x00002b0ad387e000)
	libssh2.so.1 => /lib64/libssh2.so.1 (0x00002b0ad3ab1000)
	libssl3.so => /lib64/libssl3.so (0x00002b0ad3cdb000)
	libsmime3.so => /lib64/libsmime3.so (0x00002b0ad3f1d000)
	libnss3.so => /lib64/libnss3.so (0x00002b0ad4144000)
	libnssutil3.so => /lib64/libnssutil3.so (0x00002b0ad446a000)
	libplds4.so => /lib64/libplds4.so (0x00002b0ad4696000)
	libplc4.so => /lib64/libplc4.so (0x00002b0ad489a000)
	libnspr4.so => /lib64/libnspr4.so (0x00002b0ad4a9f000)
	libgssapi_krb5.so.2 => /lib64/libgssapi_krb5.so.2 (0x00002b0ad4cdd000)
	libkrb5.so.3 => /lib64/libkrb5.so.3 (0x00002b0ad4f29000)
	libk5crypto.so.3 => /lib64/libk5crypto.so.3 (0x00002b0ad520e000)
	libcom_err.so.2 => /lib64/libcom_err.so.2 (0x00002b0ad5440000)
	liblber-2.4.so.2 => /lib64/liblber-2.4.so.2 (0x00002b0ad5644000)
	libldap-2.4.so.2 => /lib64/libldap-2.4.so.2 (0x00002b0ad5853000)
	libz.so.1 => /lib64/libz.so.1 (0x00002b0ad5aa6000)
	librt.so.1 => /lib64/librt.so.1 (0x00002b0ad5cbc000)
	libnvidia-fatbinaryloader.so.396.26 => /lib64/libnvidia-fatbinaryloader.so.396.26 (0x00002b0ad5ec4000)
	libkrb5support.so.0 => /lib64/libkrb5support.so.0 (0x00002b0ad6110000)
	libkeyutils.so.1 => /lib64/libkeyutils.so.1 (0x00002b0ad631f000)
	libresolv.so.2 => /lib64/libresolv.so.2 (0x00002b0ad6523000)
	libsasl2.so.3 => /lib64/libsasl2.so.3 (0x00002b0ad673a000)
	libselinux.so.1 => /lib64/libselinux.so.1 (0x00002b0ad6957000)
	libcrypt.so.1 => /lib64/libcrypt.so.1 (0x00002b0ad6b7c000)
	libpcre.so.1 => /lib64/libpcre.so.1 (0x00002b0ad6db3000)
	liblzma.so.5 => /lib64/liblzma.so.5 (0x00002b0ad7014000)
#################################################################################################

       ********************** License Check **********************
       * Use license from: /public/qmsoft/TeraChem/license.dat
       * Available Host id: AC1F6B20BA82
       * Available Host id: AC1F6B20BA83
       * Available Host id: 52540000F6B3
       * Available Host id: 52540000F6B3
       * License Host id: AC1F6B20BA82
       * License expires: 2019-10-21
       ********************** License OK *************************
  _________________________________
 |         DFTD3 V3.0 Rev 2        |
 | S.Grimme, University Bonn       |
 |           Aug  2013             |
  _________________________________
 
 Please cite DFT-D3 work done with this code as:
 S. Grimme, J. Antony, S. Ehrlich and H. Krieg,
 J. Chem. Phys. 132 (2010), 154104
 If used with BJ-damping cite also
 S. Grimme, S. Ehrlich and L. Goerigk,
 J. Comput. Chem. 32 (2011), 1456-1465
 For DFT-D2 the reference is
 S. Grimme, J. Comput. Chem., 27 (2006), 1787-1799
 
Scratch directory: /tmp/lum/c/refine5_0.7_250/ase/13/scr
Random number seed: 1668619384

XYZ coordinates /home/lum/c/refine5_0.7_250/ase/13/13_capping.xyz
Molden File Output: /tmp/lum/c/refine5_0.7_250/ase/13/scr/13_capping.molden
Using basis set: 6-31g
Spin multiplicity: 1
DIIS will use up to 10 vectors.
WF convergence threshold: 3.00e-05
Using DIIS algorithm to converge WF
Maximum number of SCF iterations: 300
Incremental fock with rebuild every 8 iterations
Will switch to conventional Fock if diffuse functions are detected
X-matrix tolerance: 1.00e-04
PRECISION: DYNAMIC
DFT Functional requested: hf
Method: Hartree-Fock  with dispersion correction
Wavefunction: RESTRICTED
Initial guess generated by maximum overlap

********************************************
**** SINGLE POINT GRADIENT CALCULATIONS ****
********************************************
SCF:   Initial guess is taken from previous step
COSMO model for polarizable continuum model enabled

using 4 out of 4 CUDA devices
   Device 0:  GeForce GTX 1080 Ti, 11178MB, CC 6.1 -- CPU THREAD 0
   Device 1:  GeForce GTX 1080 Ti, 11178MB, CC 6.1 -- CPU THREAD 1
   Device 2:  GeForce GTX 1080 Ti, 11178MB, CC 6.1 -- CPU THREAD 2
   Device 3:  GeForce GTX 1080 Ti, 11178MB, CC 6.1 -- CPU THREAD 3
-------------------------------------------------------------------
Compiled with MAGMA support.  MAGMA parameters:
    Matrices larger than 5000 square will be treated with MAGMA
       (Change by setting the MagmaMinN environment variable)
    Magma will use 1 out of 4 GPUs
       (Change by setting the MagmaNGPUs environment variable)
-------------------------------------------------------------------
 CPU Memory Available: 8018.12 MegaWords 
 GPU Memory Available: 1141.31 MegaWords 
 Maximum recommended basis set size: 12200 basis functions
 (limited by GPU memory)
-------------------------------------------------------------------
Not using d-functions. Configuring GPUs accordingly.
0: CUBLAS initialized, available GPU memory: 8374MB
1: CUBLAS initialized, available GPU memory: 8372MB
2: CUBLAS initialized, available GPU memory: 8372MB
3: CUBLAS initialized, available GPU memory: 8372MB


Basis set:       6-31g
Total atoms:     205
Total charge:    1
Total electrons: 742 (371-alpha, 371-beta)
Number electrons modeled by ECPs: 0
Total orbitals:  1089
Total AO shells: 701 (507 S-shells; 194 P-shells; 0 D-shells; 0 F-shells; 0 G-shells)
Spin multiplicity: 1
Nuclear repulsion energy (QM atoms): 21797.361363404318 a.u.

 --------------------------------------------------
 !! SOME DISTANCES VERY SHORT. CHECK COORDINATES !!
 --------------------------------------------------
    Atom1     Atom2       Rij      Threshold
 ---------- ---------- ---------- ----------
        6         7     1.21515    2.26767
        9        18     0.67449    1.61761
       10        11     2.11206    2.26767
       11        20     1.51558    1.61761
       21        22     2.10877    2.20720
       22        26     1.39632    1.61761
       23        24     1.43672    2.08626
       30        31     1.99897    2.08626
       32        37     1.45733    1.61761
       39        40     1.76463    2.20720
       40        41     2.09637    2.26767
       45        53     1.29048    1.61761
       65        77     1.18139    1.55713
       67        79     1.28224    1.55713
       68        80     0.86970    1.55713
       83        89     1.20717    1.61761
       84        85     1.95601    2.08626
       84        93     2.13403    2.20720
       95        96     2.08289    2.08626
      100       110     1.38681    1.61761
      114       115     1.99530    2.08626
      120       128     1.46199    1.55713
      129       140     1.45947    1.55713
      131       132     1.66433    2.08626
      133       143     1.34552    1.61761
      135       147     1.51913    1.61761
      137       138     1.95863    2.20720
      138       150     1.38113    1.55713
      139       151     1.00674    1.55713
      155       156     1.47904    2.08626
      164       172     1.42787    1.55713
      166       167     1.78174    2.08626
      168       175     1.13928    1.61761
      187       194     1.52434    1.61761
      189       198     1.48038    1.61761
 --------------------------------------------------
DFTD Energy:    -1.6975741 hartree
=COSMO= Number of H atoms in QM atoms:108
=COSMO= Number of Heavy atoms in QM atoms:97
reached first line of InitCosmoSwigNoMatrix
q is allocated
B is allocated
Bz is allocated
z is allocated
c is allocated
=COSMO= No Matrix Cosmo Initialization finished.
=COSMO= ++++++++++++++++++++++++++++++ COSMO parameters ++++++++++++++++++++++++++++++
=COSMO= I. Cavity Information:
=COSMO= SAS(Solvent accesible surface) initialization finished
=COSMO= Time for initializing Molecular Surface:0.12427400 (sec)
=COSMO= Time for initializing cosmo calculation:0.03642800 (sec)
=COSMO= Cavity effective radius(Angstrom) (r_solv+r_vdw-dsc) was written into /tmp/lum/c/refine5_0.7_250/ase/13/scr/ratom.txt
=COSMO= Solvent Dielectric Constant:78.390000
=COSMO= Cosmo Solvent radius:0.000000
=COSMO= Cosmo charge scaling method:0
=COSMO= Cavity built with Lebedev Grid
=COSMO= Grid points/QM Hydrogen: 110
=COSMO= Grid points/QM Heavy atom: 110
=COSMO= Herbert Switching-Gaussian method turned on
=COSMO= After removing points inside of SAS:
=COSMO= Total number of segments on molecular surface:10238
=COSMO= Number of segments belonging to QM atoms:10238
=COSMO= Total surface area of cavity: 1382.9118(Angstrom^2)
=COSMO= Total volume of cavity: 798.4336 (Angstrom^3)
=COSMO= II. COSMO integral options:
=COSMO= Building COMSO c vector with original algorithm
=COSMO= COSMO one-electron integral threshold: 1e-12 
=COSMO= III. Linear solver options:
=COSMO= Initialize COSMO for A matrix in no matrix storage form
=COSMO= CG precondtioner:Jacobi
=COSMO= Tight CG convergence threshold:1e-06
=COSMO= CG dynamic threshold: on
=COSMO= Adjust CG convergence threshold dynamically
=COSMO= IV. PCM field read/write options:
=COSMO= PCM field is not written to files
=COSMO= No PCM field file is read in
=COSMO= ++++++++++++++++++++++++++++++++++++++++++++++++++++++++++++++++++++++++++++++++

************************************* WARNING *************************************
 1 out of 1089 eigenvalues of the overlap matrix are smaller than xtol = 1.0e-04
 and will be flushed to zero. In many cases this is caused by bad geometry of the
 molecule or the use of diffuse basis functions. If the SCF procedure does not
 converge, increase the threshold by setting 'xtol' to 1.0e-03 or 1.0e-02 and/or
 decrease the coulomb and exchange integral screening thresholds 'threall' 
 up to 1.0e-13 or 1.0e-14. In addition, you can try to loosen the the WF 
 convergence threshold, perform several geometry optimization steps, and run the 
 calculations again with the new geometry. You can also try to switch to double
 precision instead of mixed (default) or single precision.
***********************************************************************************


                      *** Start SCF Iterations ***

 Iter     DIIS Error       Energy change         Energy              E_PCM      Time(s)
---------------------------------------------------------------------------------------
         >>> Purifying P... IDMP = 7.38e-10 <<<
         >>> Purifying P... IDMP = 2.66e-15 <<<
THRESPDP set to 1.00e+00
   1     0.4631440365   -4626.1975597780   -4626.1975597780     -1.2945392714    2.19  
   2     0.5278975788     -15.0643209734   -4641.2618807514     -3.8634214239    2.39  
   3     0.4546591848     -11.6564364608   -4652.9183172122     -2.4529529029    2.35  
   4     0.1329741612      -6.8689956998   -4659.7873129120     -1.1685978947    2.12  
   5     0.1816324834      -0.4423354151   -4660.2296483272     -0.7911758855    2.57  
   6     0.0534707145      -0.5033337422   -4660.7329820694     -0.9892497852    3.24  
   7     0.0229226295      -0.1545863691   -4660.8875684385     -0.8600438515    3.49  
   8     0.0195221410      -0.0722074987   -4660.9597759372     -0.6975180102    3.44  
THRESPDP set to 2.07e-04
   9     0.0183728648      -0.0367698351   -4660.9965457723     -0.6232924039    3.90  
  10     0.0167105042      -0.0319857166   -4661.0285314889     -0.5890833178    2.27  
  11     0.0175148355      +0.0462602732   -4660.9822712157     -0.6499251176    2.06  
  12     0.0224132230      +0.0396898589   -4660.9425813568     -0.7508380787    3.34  
  13     0.0291930184      +0.0347420271   -4660.9078393297     -0.8127755736    3.48  
  14     0.0199939624      -0.0392974204   -4660.9471367500     -0.7484906465    3.24  
  15     0.0155718584      -0.0128988916   -4660.9600356416     -0.7156869428    3.17  
  16     0.0156445158      -0.0005816940   -4660.9606173356     -0.7148035472    2.70  
  17     0.0155576751      +0.0010803709   -4660.9595369647     -0.7177072432    2.32  
  18     0.0150616160      +0.0006952964   -4660.9588416683     -0.7186003942    1.74  
  19     0.0147428714      +0.0010125836   -4660.9578290848     -0.7174320416    2.72  
  20     0.0147581017      -0.0007678359   -4660.9585969207     -0.7158048705    2.62  
  21     0.0171506856      -0.0237456990   -4660.9823426196     -0.6443658975    3.72  
  22     0.0180263304      +0.0072833785   -4660.9750592411     -0.6587804859    3.12  
  23     0.0184355377      +0.0146333700   -4660.9604258711     -0.7017508426    3.05  
  24     0.0280173627      +0.0531978013   -4660.9072280699     -0.8200794441    3.42  
  25     0.0262483492      -0.0291389204   -4660.9363669902     -0.7308781141    2.46  
  26     0.0258541035      -0.0037769807   -4660.9401439710     -0.7026992280    1.93  
  27     0.0169960647      -0.0077641336   -4660.9479081046     -0.7328390544    2.68  
  28     0.0155481250      -0.0019179971   -4660.9498261017     -0.7352534794    2.95  
  29     0.0166683068      -0.0026641460   -4660.9524902477     -0.7341624127    2.82  
  30     0.0170745013      -0.0016974755   -4660.9541877232     -0.7279953144    2.90  
  31     0.0163520231      +0.0015953675   -4660.9525923557     -0.7306114565    2.88  
  32     0.0158145404      -0.0026007220   -4660.9551930777     -0.7106593924    2.11  
  33     0.0214043475      -0.0221416011   -4660.9773346788     -0.6233681558    2.55  
  34     0.0180651026      +0.0249519190   -4660.9523827598     -0.7095143616    3.04  
  35     0.0201852251      +0.0309371245   -4660.9214456353     -0.7877115082    3.55  
  36     0.0195592788      -0.0264083520   -4660.9478539873     -0.7079304068    3.45  
  37     0.0207434051      +0.0019099488   -4660.9459440385     -0.7080663607    2.89  
  38     0.0243344869      +0.0137233794   -4660.9322206592     -0.7349354362    3.19  
  39     0.0229280091      -0.0105230324   -4660.9427436916     -0.7180407407    2.21  
  40     0.0196700145      +0.0019249740   -4660.9408187176     -0.7351404358    1.84  
  41     0.0286504287      +0.0103582729   -4660.9304604447     -0.7008013468    3.41  
  42     0.0186376879      -0.0135992704   -4660.9440597151     -0.7469174475    3.43  
  43     0.0201036034      -0.0105980678   -4660.9546577829     -0.6970972437    3.08  
  44     0.0220902651      -0.0398615552   -4660.9945193380     -0.6061848205    3.51  
  45     0.0271373333      +0.0387365717   -4660.9557827664     -0.6818130059    3.35  
  46     0.0296260942      +0.0158716924   -4660.9399110740     -0.7315963796    2.05  
  47     0.0265330671      +0.0067118567   -4660.9331992173     -0.7754497414    1.89  
  48     0.0246878353      +0.0014268704   -4660.9317723469     -0.7879907208    2.21  
  49     0.0235941243      +0.0082170957   -4660.9235552512     -0.8149839351    4.00  
  50     0.0211642909      -0.0033013985   -4660.9268566497     -0.7832860765    3.01  
  51     0.0219116825      -0.0026772474   -4660.9295338972     -0.7599965733    3.60  
  52     0.0119936227      +0.0043431718   -4660.9251907254     -0.8749713726    3.21  
  53     0.0150270410      +0.0042662301   -4660.9209244953     -0.8723540881    2.31  
  54     0.0133768853      -0.0081674535   -4660.9290919488     -0.8688514561    3.07  
  55     0.0144028346      +0.0027430357   -4660.9263489131     -0.8568484286    3.99  
  56     0.0139478341      -0.0111412293   -4660.9374901424     -0.8132327991    3.92  
  57     0.0158775143      -0.0065993116   -4660.9440894539     -0.7697333723    3.96  
  58     0.0168167171      +0.0090625928   -4660.9350268611     -0.7979548676    2.51  
  59     0.0133393177      -0.0020531517   -4660.9370800129     -0.8185878156    2.37  
  60     0.0111146758      -0.0093104523   -4660.9463904652     -0.7946412342    3.26  
  61     0.0120243651      -0.0050782176   -4660.9514686827     -0.7674254097    4.04  
  62     0.0119473313      -0.0021265364   -4660.9535952192     -0.7502849594    2.97  
  63     0.0117004201      +0.0103216701   -4660.9432735491     -0.8151652950    3.30  
  64     0.0117043779      +0.0127996792   -4660.9304738699     -0.8645004373    2.72  
  65     0.0145315235      -0.0012662211   -4660.9317400910     -0.8290509826    1.93  
  66     0.0154675286      -0.0003207921   -4660.9320608831     -0.8132540639    1.83  
  67     0.0142805263      -0.0058121975   -4660.9378730806     -0.8049171912    2.64  
  68     0.0145712385      -0.0025647835   -4660.9404378641     -0.7839147052    3.16  
  69     0.0142501952      +0.0064558473   -4660.9339820168     -0.8200706108    3.72  
  70     0.0165064552      +0.0058691524   -4660.9281128645     -0.8323508490    3.03  
  71     0.0135911010      -0.0024295168   -4660.9305423813     -0.8486192993    2.08  
  72     0.0114743258      -0.0063775602   -4660.9369199415     -0.8461511909    1.91  
  73     0.0073834983      -0.0120377432   -4660.9489576847     -0.8209350119    2.74  
  74     0.0074369627      +0.0034888018   -4660.9454688829     -0.8424175105    3.27  
  75     0.0051223797      +0.0043422871   -4660.9411265958     -0.8689770661    3.15  
  76     0.0048554693      +0.0003362282   -4660.9407903676     -0.8535328419    3.02  
  77     0.0055810085      -0.0000995000   -4660.9408898676     -0.8407590240    3.08  
  78     0.0081340116      +0.0022060740   -4660.9386837936     -0.8589745933    1.99  
  79     0.0060571422      -0.0025122632   -4660.9411960568     -0.8566923820    2.44  
  80     0.0065939311      -0.0047755437   -4660.9459716005     -0.7966911442    3.40  
  81     0.0062939223      -0.0012248658   -4660.9471964663     -0.7940781277    2.74  
  82     0.0066782602      -0.0006206379   -4660.9478171042     -0.7873326618    2.70  
  83     0.0063267038      +0.0001516455   -4660.9476654587     -0.7939672096    2.96  
  84     0.0052506448      +0.0007977996   -4660.9468676591     -0.8085442774    2.10  
  85     0.0040484193      +0.0020341405   -4660.9448335186     -0.8353131333    2.46  
  86     0.0035080880      +0.0007201287   -4660.9441133899     -0.8471146284    2.42  
  87     0.0045231039      -0.0002670725   -4660.9443804625     -0.8384981806    3.28  
  88     0.0041096362      +0.0001466190   -4660.9442338435     -0.8421997565    2.78  
  89     0.0045428212      +0.0021598919   -4660.9420739516     -0.8744183648    3.51  
  90     0.0047135067      -0.0001080704   -4660.9421820219     -0.8736454505    1.89  
  91     0.0046471059      -0.0000797919   -4660.9422618139     -0.8724560649    1.66  
  92     0.0039616766      -0.0009600870   -4660.9432219009     -0.8622409913    2.44  
  93     0.0038744930      -0.0003453041   -4660.9435672050     -0.8592012615    3.64  
  94     0.0045040268      -0.0008469076   -4660.9444141126     -0.8478182032    3.01  
  95     0.0035220622      +0.0005372130   -4660.9438768995     -0.8598575721    3.03  
  96     0.0030052022      +0.0003935527   -4660.9434833468     -0.8675971810    2.10  
  97     0.0057185364      +0.0020173879   -4660.9414659588     -0.8806118193    2.02  
  98     0.0062375378      -0.0001813652   -4660.9416473241     -0.8812251951    2.16  
  99     0.0058077270      -0.0006595581   -4660.9423068821     -0.8801482495    3.02  
 100     0.0058134471      -0.0000391551   -4660.9423460373     -0.8810147926    2.86  
 101     0.0045452695      -0.0015102897   -4660.9438563269     -0.8663578303    3.93  
 102     0.0043513245      -0.0003516958   -4660.9442080227     -0.8605063642    1.94  
 103     0.0046632482      +0.0015788832   -4660.9426291395     -0.8786121553    1.85  
 104     0.0076976395      +0.0018771305   -4660.9407520090     -0.8825756500    2.38  
 105     0.0029984816      -0.0025338583   -4660.9432858674     -0.8706379499    3.15  
 106     0.0031235021      -0.0002831290   -4660.9435689964     -0.8674915643    2.95  
 107     0.0031477806      -0.0005562725   -4660.9441252689     -0.8588680977    2.91  
 108     0.0030713045      +0.0005614135   -4660.9435638554     -0.8678767010    2.03  
 109     0.0030878735      +0.0003298802   -4660.9432339752     -0.8720865782    2.31  
 110     0.0031693040      -0.0004499305   -4660.9436839057     -0.8667849990    2.80  
 111     0.0031070865      +0.0000377172   -4660.9436461885     -0.8676472947    2.48  
 112     0.0032967630      +0.0006315381   -4660.9430146504     -0.8735418355    3.20  
 113     0.0029010593      -0.0005117183   -4660.9435263687     -0.8683137683    3.82  
 114     0.0029464049      +0.0004368292   -4660.9430895395     -0.8729918312    3.93  
 115     0.0026589497      -0.0006642182   -4660.9437537577     -0.8673940795    2.67  
 116     0.0026714928      -0.0000539432   -4660.9438077009     -0.8669192916    2.20  
 117     0.0037291025      -0.0012359147   -4660.9450436156     -0.8469790414    3.92  
 118     0.0033437305      +0.0017873980   -4660.9432562175     -0.8716253082    3.98  
 119     0.0044096856      +0.0008737270   -4660.9423824905     -0.8769895876    3.99  
 120     0.0048700692      +0.0002600585   -4660.9421224321     -0.8791245503    2.48  
 121     0.0047812718      -0.0001347309   -4660.9422571629     -0.8786623917    2.22  
 122     0.0034686065      -0.0008124991   -4660.9430696621     -0.8730191291    3.63  
 123     0.0037146633      +0.0002480335   -4660.9428216286     -0.8756043830    3.74  
 124     0.0037190734      -0.0000598595   -4660.9428814881     -0.8746520283    2.72  
 125     0.0034940101      -0.0003606788   -4660.9432421669     -0.8700410492    2.02  
 126     0.0035043030      -0.0003601825   -4660.9436023494     -0.8650092557    1.80  
 127     0.0049719093      -0.0021486864   -4660.9457510358     -0.8275630938    2.61  
 128     0.0032513787      +0.0020278616   -4660.9437231743     -0.8610789979    3.34  
 129     0.0041261465      +0.0008273148   -4660.9428958595     -0.8692366261    2.98  
 130     0.0040441096      -0.0002300902   -4660.9431259497     -0.8670428788    2.41  
 131     0.0040491876      -0.0000925059   -4660.9432184557     -0.8665892380    2.30  
 132     0.0041296354      +0.0000072943   -4660.9432111614     -0.8666296110    1.61  
 133     0.0042203048      -0.0001096496   -4660.9433208109     -0.8657823068    2.35  
 134     0.0042447658      +0.0001116616   -4660.9432091493     -0.8666791880    2.52  
 135     0.0042291308      +0.0001310167   -4660.9430781326     -0.8690813615    2.72  
 136     0.0041970148      +0.0004466572   -4660.9426314754     -0.8744829790    2.51  
 137     0.0040935080      -0.0005246211   -4660.9431560965     -0.8705965540    1.81  
 138     0.0128939343      -0.0063513180   -4660.9495074144     -0.7758458780    2.17  
 139     0.0058563718      +0.0064372356   -4660.9430701789     -0.8670793347    3.80  
 140     0.0059991918      +0.0003423650   -4660.9427278138     -0.8698045544    2.89  
 141     0.0059427431      -0.0004203292   -4660.9431481430     -0.8636923427    2.83  
 142     0.0062872554      -0.0004628499   -4660.9436109929     -0.8548023687    2.07  
 143     0.0062944756      -0.0000148712   -4660.9436258641     -0.8552597767    1.67  
 144     0.0066055112      +0.0002791038   -4660.9433467603     -0.8582897458    2.02  
 145     0.0065793579      +0.0000282101   -4660.9433185502     -0.8589410811    2.52  
 146     0.0070919665      +0.0015075866   -4660.9418109636     -0.8746187916    3.09  
 147     0.0059328398      -0.0007680548   -4660.9425790184     -0.8713007085    3.64  
 148     0.0058023828      -0.0012933268   -4660.9438723452     -0.8535137017    2.18  
 149     0.0067724213      -0.0023810579   -4660.9462534032     -0.8219618587    1.97  
 150     0.0058069171      +0.0017242968   -4660.9445291063     -0.8455135681    2.39  
 151     0.0060003242      -0.0002465480   -4660.9447756544     -0.8444372987    2.82  
 152     0.0058905777      +0.0002601703   -4660.9445154840     -0.8367074340    2.86  
 153     0.0055353060      -0.0004857325   -4660.9450012166     -0.8317699548    2.83  
 154     0.0055768708      +0.0000700513   -4660.9449311652     -0.8332197782    1.84  
 155     0.0056870652      -0.0001195331   -4660.9450506983     -0.8327985336    2.28  
 156     0.0055752895      +0.0001090643   -4660.9449416341     -0.8348671592    1.85  
 157     0.0096810979      +0.0055633981   -4660.9393782359     -0.8793528450    3.12  
 158     0.0063589483      -0.0032466547   -4660.9426248907     -0.8676889763    3.49  
 159     0.0053726628      -0.0019481108   -4660.9445730015     -0.8437265829    3.19  
 160     0.0055376603      -0.0004658187   -4660.9450388202     -0.8367912896    2.86  
 161     0.0061371205      -0.0004219000   -4660.9454607202     -0.8300159616    2.45  
 162     0.0062575271      -0.0000592314   -4660.9455199516     -0.8296229225    1.61  
 163     0.0059433331      +0.0003022959   -4660.9452176557     -0.8336935296    2.32  
 164     0.0059255405      +0.0000720018   -4660.9451456539     -0.8346852292    1.98  
 165     0.0062587665      -0.0007871171   -4660.9459327710     -0.8230215656    2.85  
 166     0.0078648170      -0.0012231404   -4660.9471559114     -0.8044241456    2.98  
 167     0.0057998238      +0.0020082545   -4660.9451476569     -0.8357096418    3.21  
 168     0.0051526210      +0.0019657899   -4660.9431818670     -0.8640376806    2.06  
 169     0.0052159252      +0.0001392458   -4660.9430426212     -0.8640748541    1.64  
 170     0.0048699357      -0.0000480175   -4660.9430906387     -0.8649005411    1.84  
 171     0.0044774139      +0.0000964858   -4660.9429941529     -0.8690302241    3.74  
 172     0.0046176501      -0.0000533404   -4660.9430474933     -0.8680954149    2.56  
 173     0.0048725656      +0.0004036274   -4660.9426438659     -0.8745278342    2.89  
 174     0.0042616997      -0.0005400313   -4660.9431838972     -0.8676698701    2.02  
 175     0.0043674738      -0.0000900602   -4660.9432739574     -0.8636514621    2.26  
 176     0.0037961358      -0.0001530286   -4660.9434269860     -0.8633964248    2.85  
 177     0.0037831956      -0.0007723396   -4660.9441993256     -0.8541306883    3.73  
 178     0.0057493270      -0.0019038521   -4660.9461031777     -0.8257127795    4.08  
 179     0.0049078183      +0.0012534937   -4660.9448496840     -0.8446267076    2.71  
 180     0.0042097279      +0.0013938224   -4660.9434558616     -0.8642456538    2.39  
 181     0.0049731662      -0.0006912003   -4660.9441470619     -0.8533308310    3.56  
 182     0.0045968241      +0.0003671614   -4660.9437799005     -0.8596069781    3.76  
 183     0.0052587746      +0.0011026182   -4660.9426772823     -0.8712179265    3.96  
 184     0.0054573397      +0.0002595379   -4660.9424177444     -0.8743150952    2.71  
 185     0.0050345030      -0.0002598928   -4660.9426776373     -0.8711450851    2.36  
 186     0.0041223424      -0.0006137276   -4660.9432913649     -0.8650370089    2.72  
 187     0.0037488854      -0.0003587888   -4660.9436501537     -0.8599352792    3.08  
 188     0.0032499622      +0.0002246736   -4660.9434254801     -0.8626831005    2.95  
 189     0.0034431722      -0.0016868255   -4660.9451123055     -0.8403664106    2.17  
 190     0.0034670776      +0.0001214166   -4660.9449908890     -0.8423195241    1.71  
 191     0.0026249079      +0.0009226502   -4660.9440682387     -0.8540261185    2.20  
 192     0.0063133489      -0.0029807992   -4660.9470490380     -0.8125712450    3.33  
 193     0.0041266908      +0.0029397789   -4660.9441092590     -0.8540408191    3.85  
 194     0.0051885984      +0.0009855362   -4660.9431237228     -0.8651317299    2.15  
 195     0.0049344839      -0.0003441726   -4660.9434678954     -0.8608488651    1.74  
 196     0.0056710120      +0.0002412057   -4660.9432266897     -0.8622217656    2.04  
 197     0.0056934372      -0.0000443698   -4660.9432710595     -0.8617959690    2.36  
 198     0.0055178775      +0.0000617644   -4660.9432092951     -0.8640164795    2.64  
 199     0.0047379800      -0.0000154575   -4660.9432247526     -0.8658237224    2.84  
 200     0.0046043946      +0.0000528803   -4660.9431718723     -0.8662730376    1.68  
 201     0.0046337112      +0.0005059876   -4660.9426658847     -0.8707556035    2.24  
 202     0.0045133234      -0.0005617063   -4660.9432275910     -0.8683179979    1.84  
 203     0.0039346659      -0.0017872686   -4660.9450148596     -0.8473535363    1.90  
 204     0.0045667908      -0.0010361116   -4660.9460509712     -0.8324949237    1.90  
 205     0.0046519494      +0.0031867140   -4660.9428642572     -0.8717068971    2.02  
 206     0.0072289891      +0.0017066249   -4660.9411576322     -0.8763107430    1.90  
 207     0.0051471989      -0.0015424038   -4660.9427000360     -0.8720731218    1.81  
 208     0.0042985237      -0.0005614402   -4660.9432614762     -0.8667942923    1.75  
 209     0.0044589493      -0.0002872329   -4660.9435487091     -0.8630390363    2.19  
 210     0.0042649346      +0.0000547091   -4660.9434940000     -0.8631692599    2.23  
 211     0.0043454547      -0.0001472147   -4660.9436412146     -0.8611243431    2.56  
 212     0.0042435500      +0.0000689909   -4660.9435722237     -0.8622479298    1.99  
 213     0.0039052954      +0.0003488071   -4660.9432234167     -0.8681995980    3.04  
 214     0.0030086575      -0.0001334016   -4660.9433568182     -0.8676165899    2.88  
 215     0.0030644195      -0.0000346304   -4660.9433914486     -0.8673033352    2.69  
 216     0.0032738393      +0.0001156268   -4660.9432758218     -0.8686268137    2.53  
 217     0.0063965811      -0.0030876383   -4660.9463634601     -0.8236800835    3.77  
 218     0.0053664228      +0.0041323438   -4660.9422311163     -0.8764952779    2.57  
 219     0.0078855103      +0.0017886828   -4660.9404424335     -0.8771703017    3.21  
 220     0.0044300833      -0.0022940280   -4660.9427364616     -0.8730036815    1.87  
 221     0.0048050077      +0.0001783979   -4660.9425580637     -0.8733860836    1.60  
 222     0.0050107689      -0.0000428190   -4660.9426008827     -0.8723047820    1.65  
 223     0.0049537412      -0.0002579180   -4660.9428588007     -0.8696396330    1.70  
 224     0.0049503267      +0.0000717481   -4660.9427870526     -0.8704203864    1.58  
 225     0.0048834824      +0.0001259918   -4660.9426610608     -0.8719426834    2.16  
 226     0.0049768880      -0.0000793155   -4660.9427403763     -0.8716562775    1.48  
 227     0.0051854525      +0.0002324988   -4660.9425078775     -0.8734303372    1.55  
 228     0.0047665543      -0.0022705117   -4660.9447783891     -0.8452254876    1.85  
 229     0.0041436644      +0.0014813714   -4660.9432970178     -0.8645142582    1.94  
 230     0.0039031711      -0.0014663692   -4660.9447633869     -0.8440569341    1.93  
 231     0.0069608509      -0.0028359550   -4660.9475993419     -0.7942453914    2.13  
 232     0.0067095004      +0.0003603652   -4660.9472389767     -0.7999988328    1.83  
 233     0.0053586635      +0.0005018996   -4660.9467370771     -0.8141097977    2.38  
 234     0.0054433819      -0.0003221103   -4660.9470591874     -0.8122161576    2.13  
 235     0.0072918012      -0.0006006196   -4660.9476598070     -0.8004210658    2.72  
 236     0.0050777836      +0.0014037011   -4660.9462561059     -0.8200359702    2.88  
 237     0.0069230911      +0.0009777868   -4660.9452783191     -0.8304759248    3.40  
 238     0.0053824951      +0.0014143453   -4660.9438639738     -0.8552185318    3.20  
 239     0.0059104202      +0.0017704898   -4660.9420934840     -0.8717578686    3.05  
 240     0.0052042280      -0.0019406398   -4660.9440341238     -0.8528120654    3.36  
 241     0.0055413220      -0.0001763108   -4660.9442104347     -0.8494962136    3.35  
 242     0.0055038260      -0.0001322379   -4660.9443426726     -0.8469975716    3.14  
 243     0.0051217191      +0.0000645204   -4660.9442781522     -0.8493827079    3.13  
 244     0.0046190861      +0.0001081086   -4660.9441700436     -0.8536984314    3.26  
 245     0.0045771227      -0.0001248166   -4660.9442948602     -0.8529574037    2.76  
 246     0.0045112900      +0.0003655319   -4660.9439293283     -0.8557933411    2.72  
 247     0.0045019106      +0.0001117488   -4660.9438175795     -0.8574683481    2.92  
 248     0.0083242476      -0.0033014150   -4660.9471189945     -0.8068509317    2.86  
 249     0.0058814162      +0.0032494571   -4660.9438695374     -0.8539768307    2.74  
 250     0.0091773689      +0.0039290590   -4660.9399404784     -0.8815956461    3.03  
 251     0.0062153082      -0.0034641743   -4660.9434046527     -0.8631842713    2.94  
 252     0.0055161462      -0.0000143761   -4660.9434190289     -0.8639740303    2.44  
 253     0.0056287995      +0.0002282955   -4660.9431907334     -0.8673337645    2.35  
 254     0.0056939323      -0.0002289397   -4660.9434196731     -0.8632581701    2.17  
 255     0.0057814714      -0.0000347959   -4660.9434544690     -0.8621650894    2.97  
 256     0.0057646769      -0.0000037478   -4660.9434582168     -0.8622752901    2.04  
 257     0.0053027393      -0.0002756720   -4660.9437338887     -0.8609923190    1.79  
 258     0.0051511328      -0.0003676538   -4660.9441015426     -0.8545125414    1.81  
 259     0.0067314215      -0.0020725934   -4660.9461741359     -0.8239129363    3.08  
 260     0.0055514722      +0.0023282595   -4660.9438458765     -0.8586283009    2.02  
 261     0.0077080608      +0.0022205307   -4660.9416253458     -0.8756046806    1.96  
 262     0.0058658600      -0.0023689418   -4660.9439942876     -0.8606239199    1.95  
 263     0.0054841401      +0.0008358197   -4660.9431584679     -0.8682689737    2.35  
 264     0.0057903138      +0.0003222899   -4660.9428361780     -0.8700622804    1.70  
 265     0.0056352504      -0.0001466613   -4660.9429828394     -0.8685665349    1.62  
 266     0.0054098942      -0.0001615575   -4660.9431443969     -0.8667850024    1.67  
 267     0.0058708010      +0.0002947997   -4660.9428495972     -0.8689027901    1.81  
 268     0.0059716358      -0.0001496226   -4660.9429992198     -0.8684761802    1.77  
 269     0.0054271360      -0.0003318301   -4660.9433310498     -0.8630446704    1.76  
 270     0.0072440270      -0.0030224007   -4660.9463534505     -0.8190532203    2.16  
 271     0.0053115819      +0.0031419633   -4660.9432114872     -0.8676853301    2.50  
 272     0.0062741137      +0.0011426364   -4660.9420688509     -0.8757027871    1.94  
 273     0.0052898113      -0.0014767578   -4660.9435456087     -0.8646958627    1.90  
 274     0.0052903147      +0.0000274680   -4660.9435181407     -0.8650353273    1.67  
 275     0.0064823740      +0.0014433788   -4660.9420747619     -0.8760029793    1.89  
 276     0.0052808141      -0.0016913885   -4660.9437661503     -0.8591239500    1.91  
 277     0.0057408324      -0.0002996311   -4660.9440657814     -0.8499700835    1.84  
 278     0.0057847529      -0.0000225727   -4660.9440883541     -0.8496039839    1.49  
 279     0.0059420444      -0.0001641661   -4660.9442525202     -0.8460732345    2.28  
 280     0.0048946147      +0.0003600319   -4660.9438924883     -0.8563136171    1.90  
 281     0.0061514102      -0.0022759143   -4660.9461684027     -0.8212445862    2.03  
 282     0.0053057792      +0.0017589830   -4660.9444094197     -0.8431861881    1.99  
 283     0.0047544927      +0.0013730998   -4660.9430363199     -0.8662238000    1.94  
 284     0.0051439434      -0.0006463315   -4660.9436826513     -0.8562878608    1.88  
 285     0.0054721249      +0.0000459332   -4660.9436367182     -0.8561975044    1.63  
 286     0.0075516819      +0.0025911505   -4660.9410455676     -0.8815245837    2.03  
 287     0.0057187672      -0.0027057962   -4660.9437513639     -0.8536788929    2.37  
 288     0.0052803436      -0.0002577752   -4660.9440091391     -0.8496805479    1.81  
 289     0.0053524101      +0.0000294158   -4660.9439797233     -0.8500942980    1.58  
 290     0.0048852714      +0.0000165147   -4660.9439632085     -0.8514864653    1.72  
 291     0.0042267571      -0.0014536191   -4660.9454168276     -0.8213711485    2.02  
 292     0.0036569600      +0.0020947698   -4660.9433220578     -0.8608078529    2.01  
 293     0.0038701263      -0.0005817990   -4660.9439038568     -0.8518878489    1.86  
 294     0.0055443572      -0.0016940387   -4660.9455978956     -0.8242911060    2.05  
 295     0.0053081232      +0.0019189946   -4660.9436789010     -0.8508276290    2.39  
 296     0.0056488641      -0.0005256258   -4660.9442045268     -0.8422532222    1.77  
 297     0.0095152698      +0.0054774362   -4660.9387270906     -0.8804959710    2.11  
 298     0.0049780116      -0.0047857106   -4660.9435128012     -0.8592912115    2.01  
 299     0.0042948217      +0.0002916792   -4660.9432211220     -0.8659695746    2.29  
 300     0.0042222719      +0.0002334649   -4660.9429876571     -0.8694857993    2.27  
 301     0.0043692994      +0.0002489652   -4660.9427386919     -0.8719436102    1.99  
Reached max number of SCF iterations (maxit = 300)
SCF did not converge
Try to decrease the coulomb and exchange integral screening thresholds by setting
'threall' to 1.0e-13 or even 1.0e-14. If it does not help, try pure double precision
instead of mixed (default) or single precision
Also try 'scf diis+a' convergence algorithm if you're using the default.
Writing out molden info
/public/qmsoft/TeraChem/bin/terachem(_Z12DoEnergyDIISd+0x42bf)[0x6c81df]
/public/qmsoft/TeraChem/bin/terachem(_Z8DoEnergydb+0x114)[0x6c3e54]
/public/qmsoft/TeraChem/bin/terachem(_Z14DoGradient_NEWbb+0x408)[0x733428]
/public/qmsoft/TeraChem/bin/terachem(_Z8Gradientb+0xce)[0x732ffe]
/public/qmsoft/TeraChem/bin/terachem(main+0x34c7)[0x73e517]
/lib64/libc.so.6(__libc_start_main+0xf5)[0x2b0f412cab05]
/public/qmsoft/TeraChem/bin/terachem[0x54d829]
---------------------------------------------------------------------------------------
FINAL ENERGY: -4660.9427386919 a.u.
WARNING: Final energy is higher than the lowest energy by     0.085793.
DISPERSION CONTRIBUTION TO ENERGY: -1.6975741348 a.u.
C-PCM contribution to final energy:-0.8719436102 a.u. ( already included in final energy )
Computing C-PCM contribution to gradient...
CENTER OF MASS: {41.862826, 10.734002, 41.401737} ANGS
DIPOLE MOMENT: {-101.878248, -102.592316, 19.805039} (|D| = 145.933548) DEBYE

 Job terminated: Wed May 29 15:25:23 2019

