Startfile from command line: /home/lum/3j63/opt4_d2/ase/2/2_capping.sp


       ***********************************************************
       *                    TeraChem v1.93P                      *
       *                 Hg Version: 79b87f121f2d                *
       *                   Production Version                    *
       *                Compiled without textures                *
       *           Chemistry at the Speed of Graphics!           *
       ***********************************************************
       * This program may only be used in connection with        *
       * a valid license from PetaChem, LLC. Use of this program *
       * or results thereof indicates acceptance of all terms    *
       * and conditions stated in the license and that a valid   *
       * license agreement between the user and PetaChem, LLC    *
       * exists. PetaChem, LLC does not warrant the correctness  *
       * of results or their suitability for any purpose.        *
       * Please email bugs, suggestions, and comments to         *
       *                  help@petachem.com                      *
       *                                                         *
       ***********************************************************


       ***********************************************************
       *  Compiled by toddmtz      Wed Aug 16 03:32:31 PDT 2017  *
       *  Supported architectures: sm_20 sm_30 sm_50 sm_60       *
       *  Cuda compilation tools, release 8.0, V8.0.44           *
       ***********************************************************


 Job started   Fri May 17 02:53:16 2019
 On cu31 (available memory: 28325 MB)

######################################### RUNTIME INFO ##########################################
/public/qmsoft/TeraChem/bin/terachem /home/lum/3j63/opt4_d2/ase/2/2_capping.sp 

NVRM version: NVIDIA UNIX x86_64 Kernel Module  396.26  Mon Apr 30 18:01:39 PDT 2018
GCC version:  gcc version 4.8.5 20150623 (Red Hat 4.8.5-4) (GCC) 

	linux-vdso.so.1 (0x00007fff2f9f1000)
	libcurl.so.4 => /lib64/libcurl.so.4 (0x00002aafaf69a000)
	libintbox.so.1 => /public/qmsoft/TeraChem/lib/libintbox.so.1 (0x00002aafaf903000)
	libthcbox.so.1 => /public/qmsoft/TeraChem/lib/libthcbox.so.1 (0x00002aafcf511000)
	libgridbox.so.1 => /public/qmsoft/TeraChem/lib/libgridbox.so.1 (0x00002aafd107b000)
	libdftbox.so.1 => /public/qmsoft/TeraChem/lib/libdftbox.so.1 (0x00002aafd156c000)
	libcublas.so.8.0 => /public/qmsoft/TeraChem/lib/libcublas.so.8.0 (0x00002aafd187d000)
	libcufft.so.8.0 => /public/qmsoft/TeraChem/lib/libcufft.so.8.0 (0x00002aafd422d000)
	libcuda.so.1 => /public/qmsoft/TeraChem/lib/libcuda.so.1 (0x00002aafdd07b000)
	libcudart.so.8.0 => /public/qmsoft/TeraChem/lib/libcudart.so.8.0 (0x00002aafddffb000)
	libcrypto.so.10 => /lib64/libcrypto.so.10 (0x00002aafde261000)
	libssl.so.10 => /lib64/libssl.so.10 (0x00002aafde6c2000)
	libm.so.6 => /lib64/libm.so.6 (0x00002aafde934000)
	libcilkrts.so.5 => /public/qmsoft/TeraChem/lib/libcilkrts.so.5 (0x00002aafdec36000)
	libstdc++.so.6 => /lib64/libstdc++.so.6 (0x00002aafdee77000)
	libgcc_s.so.1 => /lib64/libgcc_s.so.1 (0x00002aafdf17e000)
	libpthread.so.0 => /lib64/libpthread.so.0 (0x00002aafdf394000)
	libdl.so.2 => /lib64/libdl.so.2 (0x00002aafdf5b2000)
	libc.so.6 => /lib64/libc.so.6 (0x00002aafdf7b6000)
	/lib64/ld-linux-x86-64.so.2 (0x00002aafaf477000)
	libidn.so.11 => /lib64/libidn.so.11 (0x00002aafdfb63000)
	libssh2.so.1 => /lib64/libssh2.so.1 (0x00002aafdfd96000)
	libssl3.so => /lib64/libssl3.so (0x00002aafdffc0000)
	libsmime3.so => /lib64/libsmime3.so (0x00002aafe0212000)
	libnss3.so => /lib64/libnss3.so (0x00002aafe0439000)
	libnssutil3.so => /lib64/libnssutil3.so (0x00002aafe0766000)
	libplds4.so => /lib64/libplds4.so (0x00002aafe0995000)
	libplc4.so => /lib64/libplc4.so (0x00002aafe0b99000)
	libnspr4.so => /lib64/libnspr4.so (0x00002aafe0d9e000)
	libgssapi_krb5.so.2 => /lib64/libgssapi_krb5.so.2 (0x00002aafe0fdc000)
	libkrb5.so.3 => /lib64/libkrb5.so.3 (0x00002aafe1229000)
	libk5crypto.so.3 => /lib64/libk5crypto.so.3 (0x00002aafe1511000)
	libcom_err.so.2 => /lib64/libcom_err.so.2 (0x00002aafe1744000)
	liblber-2.4.so.2 => /lib64/liblber-2.4.so.2 (0x00002aafe1948000)
	libldap-2.4.so.2 => /lib64/libldap-2.4.so.2 (0x00002aafe1b57000)
	libz.so.1 => /lib64/libz.so.1 (0x00002aafe1daa000)
	librt.so.1 => /lib64/librt.so.1 (0x00002aafe1fc0000)
	libnvidia-fatbinaryloader.so.396.26 => /lib64/libnvidia-fatbinaryloader.so.396.26 (0x00002aafe21c8000)
	libkrb5support.so.0 => /lib64/libkrb5support.so.0 (0x00002aafe2414000)
	libkeyutils.so.1 => /lib64/libkeyutils.so.1 (0x00002aafe2622000)
	libresolv.so.2 => /lib64/libresolv.so.2 (0x00002aafe2826000)
	libsasl2.so.3 => /lib64/libsasl2.so.3 (0x00002aafe2a3d000)
	libselinux.so.1 => /lib64/libselinux.so.1 (0x00002aafe2c5a000)
	libcrypt.so.1 => /lib64/libcrypt.so.1 (0x00002aafe2e81000)
	libpcre.so.1 => /lib64/libpcre.so.1 (0x00002aafe30b8000)
#################################################################################################

       ********************** License Check **********************
       * Use license from: /public/qmsoft/TeraChem/license.dat
       * Available Host id: AC1F6B20BA08
       * Available Host id: AC1F6B20BA09
       * Available Host id: 5254003CDB46
       * Available Host id: 5254003CDB46
       * License Host id: AC1F6B20BA08
       * License expires: 2019-10-21
       ********************** License OK *************************
Scratch directory: /tmp/lum/3j63/opt4_d2/ase/2/scr
Random number seed: 1581204187

XYZ coordinates /home/lum/3j63/opt4_d2/ase/2/2_capping.xyz
Molden File Output: /tmp/lum/3j63/opt4_d2/ase/2/scr/2_capping.molden
Using basis set: 6-31g
Spin multiplicity: 1
DIIS will use up to 10 vectors.
WF convergence threshold: 3.00e-05
Using DIIS algorithm to converge WF
Maximum number of SCF iterations: 200
Incremental fock with rebuild every 8 iterations
Will switch to conventional Fock if diffuse functions are detected
X-matrix tolerance: 1.00e-04
PRECISION: DYNAMIC
DFT Functional requested: hf
Method: Hartree-Fock  with dispersion correction

*********************************************************
*                     WARNING                           *
* Dispersion correction is not supported for hf         *
*         Disabling dispersion correction               *
*********************************************************

Wavefunction: RESTRICTED
Initial guess generated by maximum overlap

********************************************
**** SINGLE POINT GRADIENT CALCULATIONS ****
********************************************
SCF:   Initial guess is taken from previous step
COSMO model for polarizable continuum model enabled

using 4 out of 4 CUDA devices
   Device 0:  GeForce GTX 1080 Ti, 11178MB, CC 6.1 -- CPU THREAD 0
   Device 1:  GeForce GTX 1080 Ti, 11178MB, CC 6.1 -- CPU THREAD 1
   Device 2:  GeForce GTX 1080 Ti, 11178MB, CC 6.1 -- CPU THREAD 2
   Device 3:  GeForce GTX 1080 Ti, 11178MB, CC 6.1 -- CPU THREAD 3
-------------------------------------------------------------------
Compiled with MAGMA support.  MAGMA parameters:
    Matrices larger than 5000 square will be treated with MAGMA
       (Change by setting the MagmaMinN environment variable)
    Magma will use 1 out of 4 GPUs
       (Change by setting the MagmaNGPUs environment variable)
-------------------------------------------------------------------
 CPU Memory Available: 8018.12 MegaWords 
 GPU Memory Available: 1141.31 MegaWords 
 Maximum recommended basis set size: 12200 basis functions
 (limited by GPU memory)
-------------------------------------------------------------------
Not using d-functions. Configuring GPUs accordingly.
0: CUBLAS initialized, available GPU memory: 8170MB
1: CUBLAS initialized, available GPU memory: 8170MB
2: CUBLAS initialized, available GPU memory: 8170MB
3: CUBLAS initialized, available GPU memory: 8170MB


Basis set:       6-31g
Total atoms:     465
Total charge:    1
Total electrons: 1628 (814-alpha, 814-beta)
Number electrons modeled by ECPs: 0
Total orbitals:  2404
Total AO shells: 1562 (1141 S-shells; 421 P-shells; 0 D-shells; 0 F-shells; 0 G-shells)
Spin multiplicity: 1
Nuclear repulsion energy (QM atoms): 77639.355927085358 a.u.

=COSMO= Number of H atoms in QM atoms:255
=COSMO= Number of Heavy atoms in QM atoms:210
reached first line of InitCosmoSwigNoMatrix
q is allocated
B is allocated
Bz is allocated
z is allocated
c is allocated
=COSMO= No Matrix Cosmo Initialization finished.
=COSMO= ++++++++++++++++++++++++++++++ COSMO parameters ++++++++++++++++++++++++++++++
=COSMO= I. Cavity Information:
=COSMO= SAS(Solvent accesible surface) initialization finished
=COSMO= Time for initializing Molecular Surface:0.62730701 (sec)
=COSMO= Time for initializing cosmo calculation:0.21207899 (sec)
=COSMO= Cavity effective radius(Angstrom) (r_solv+r_vdw-dsc) was written into /tmp/lum/3j63/opt4_d2/ase/2/scr/ratom.txt
=COSMO= Solvent Dielectric Constant:78.390000
=COSMO= Cosmo Solvent radius:0.000000
=COSMO= Cosmo charge scaling method:0
=COSMO= Cavity built with Lebedev Grid
=COSMO= Grid points/QM Hydrogen: 110
=COSMO= Grid points/QM Heavy atom: 110
=COSMO= Herbert Switching-Gaussian method turned on
=COSMO= After removing points inside of SAS:
=COSMO= Total number of segments on molecular surface:24951
=COSMO= Number of segments belonging to QM atoms:24951
=COSMO= Total surface area of cavity: 3268.8899(Angstrom^2)
=COSMO= Total volume of cavity: 1845.0899 (Angstrom^3)
=COSMO= II. COSMO integral options:
=COSMO= Building COMSO c vector with original algorithm
=COSMO= COSMO one-electron integral threshold: 1e-12 
=COSMO= III. Linear solver options:
=COSMO= Initialize COSMO for A matrix in no matrix storage form
=COSMO= CG precondtioner:Jacobi
=COSMO= Tight CG convergence threshold:1e-06
=COSMO= CG dynamic threshold: on
=COSMO= Adjust CG convergence threshold dynamically
=COSMO= IV. PCM field read/write options:
=COSMO= PCM field is not written to files
=COSMO= No PCM field file is read in
=COSMO= ++++++++++++++++++++++++++++++++++++++++++++++++++++++++++++++++++++++++++++++++

                      *** Start SCF Iterations ***

 Iter     DIIS Error       Energy change         Energy              E_PCM      Time(s)
---------------------------------------------------------------------------------------
         >>> Purifying P... IDMP = 4.11e-14 <<<
THRESPDP set to 1.00e+00
   1     0.2281109064  -10260.5322236435  -10260.5322236435     -1.2369842819   12.38  
   2     0.1706692209     -50.0982860596  -10310.6305097031     -0.7701679294   11.95  
   3     0.0477990145      -7.4595212035  -10318.0900309066     -0.9103623592   10.37  
   4     0.0272780896      -0.8203432398  -10318.9103741464     -0.8316337392   10.13  
   5     0.0075938600      -0.1229357118  -10319.0333098583     -0.8672980536   11.72  
THRESPDP set to 6.39e-05
   6     0.0051003688      -0.0118771762  -10319.0451870345     -0.8737117534   13.42  
   7     0.0031838414      -0.0021616842  -10319.0473487187     -0.8770231793    9.99  
   8     0.0017947393      -0.0004334837  -10319.0477822024     -0.8788317254    9.14  
   9     0.0011305521      -0.0000623820  -10319.0478445844     -0.8792219533    7.72  
  10     0.0005989163      -0.0000170786  -10319.0478616630     -0.8794195745    9.60  
  11     0.0003470305      -0.0000022288  -10319.0478638918     -0.8794485867    8.93  
  12     0.0001628822      -0.0000021507  -10319.0478660424     -0.8794633264    9.09  
  13     0.0000722566      +0.0000006809  -10319.0478653615     -0.8794595708    8.48  
  14     0.0000257654      -0.0000008176  -10319.0478661791     -0.8794562483    9.43  
---------------------------------------------------------------------------------------
FINAL ENERGY: -10319.0478661791 a.u.
C-PCM contribution to final energy:-0.8794562483 a.u. ( already included in final energy )
Computing C-PCM contribution to gradient...
CENTER OF MASS: {27.226935, 19.208675, 14.582714} ANGS
DIPOLE MOMENT: {78.481517, -37.027398, 28.742779} (|D| = 91.414026) DEBYE
Cannot open /tmp/lum/3j63/opt4_d2/ase/2/scr
Writing out molden info

Gradient units are Hartree/Bohr
---------------------------------------------------
        dE/dX            dE/dY            dE/dZ
   -0.0139827003     0.1086880477     0.0242696200
   -0.0024654464     0.0188650804    -0.0050992995
   -0.0856002750    -0.0555202440    -0.0278455028
    0.0313886419     0.0006796639     0.0005676009
   -0.0064000368    -0.0009404934     0.0039234782
   -0.0016578160     0.0014660448    -0.0006614723
   -0.0004181844     0.0001651309    -0.0006036151
    0.0000223479    -0.0002548520    -0.0014633601
   -0.0114158164     0.0157366491     0.0025934970
    0.0002648567    -0.0021156187     0.0019867211
    0.0011460150     0.0008815701    -0.0005124077
   -0.0020674168    -0.0003343952    -0.0018619548
    0.0009602177    -0.0004345022    -0.0003541628
    0.0000137767     0.0002729910     0.0001664543
    0.0005873759     0.0004593167    -0.0002029517
    0.0001483146    -0.0001061625     0.0004422618
    0.0010417524     0.0001341128     0.0003520549
    0.0019557504    -0.0020167383     0.0005472293
    0.0004988116     0.0012190229    -0.0018424878
   -0.0867653431     0.0439556615    -0.0357060735
   -0.0070390226     0.0021470344    -0.0182994696
    0.0086080297    -0.0043472878    -0.0013346945
   -0.0051318094     0.0026618880    -0.0014781755
   -0.0099007685    -0.0035191872     0.0050902213
    0.0002174521     0.0000552196     0.0009897176
    0.0003887733    -0.0008517103    -0.0007832776
   -0.0007652676     0.0017011909    -0.0013860886
   -0.0151539459     0.0056281519    -0.0080525608
    0.0009763233     0.0004746048     0.0015342292
   -0.0001144485    -0.0031009405    -0.0012651790
    0.0005309220    -0.0003216837     0.0003205687
   -0.0001575453    -0.0003230289     0.0009055435
   -0.0000826022    -0.0000992051    -0.0000134069
    0.0000595767     0.0002249696     0.0003318223
    0.0000686909     0.0003831730    -0.0000422966
    0.0001039062    -0.0004048302    -0.0001585476
    0.0003345721    -0.0007204545     0.0002865258
    0.0019405543    -0.0006853631     0.0008238664
    0.0002159400    -0.0004631111     0.0006053986
   -0.0001331614    -0.0001014545    -0.0006677136
   -0.0012760731     0.0022337442     0.0011420590
    0.0000809076    -0.0010527542    -0.0005990732
    0.0004706986    -0.0003876506     0.0002193573
   -0.0001102391     0.0000916256     0.0002183900
   -0.0006223210     0.0000863000     0.0007586007
   -0.0001816381     0.0002134171    -0.0002416584
   -0.0004812258     0.0003983885     0.0001159328
   -0.0003956432    -0.0000183967     0.0002155016
    0.0000375033    -0.0000058999    -0.0001555216
    0.0002340403     0.0001278599    -0.0004584822
   -0.0002503205    -0.0000685694     0.0000080580
   -0.0002389384     0.0002575257    -0.0000203740
    0.0003633189    -0.0021052258    -0.0009093589
    0.0004596942    -0.0001008180    -0.0004562386
   -0.0000829931     0.0001538353     0.0004756630
   -0.0002415648    -0.0002218865    -0.0003742219
   -0.0007329800    -0.0002380601    -0.0008618596
   -0.0000718434     0.0010246800     0.0006381526
   -0.0003423588     0.0002269662     0.0005824027
    0.0002112487     0.0001409473     0.0005361047
   -0.0000992914     0.0001925352     0.0001558242
   -0.0002192109     0.0000291477     0.0004944200
   -0.0006439697    -0.0011092662     0.0001908577
   -0.0002362937     0.0005627194    -0.0005493065
    0.0001044882    -0.0002519872    -0.0001344383
   -0.0004406435    -0.0001117855    -0.0000116358
    0.0007020318     0.0004214531     0.0005197714
   -0.0006382838    -0.0008902279    -0.0009184074
    0.0004563474     0.0006019909    -0.0002072101
   -0.0001240326     0.0003411785     0.0005200029
   -0.0002709104    -0.0010087110    -0.0001482367
    0.0002959265     0.0005007244     0.0004104442
   -0.0000911108    -0.0000147181     0.0001335349
   -0.0000821557     0.0001253810     0.0000882604
   -0.0004333931    -0.0000813038    -0.0001643187
    0.0000604430     0.0000809154     0.0007208640
   -0.0002823087     0.0001619837     0.0001452705
    0.0005092557     0.0000947166     0.0003054693
   -0.0000065753     0.0012108602    -0.0010227391
    0.0002895964    -0.0003971968     0.0013795426
   -0.0001325096    -0.0005143094    -0.0002476376
   -0.0009741295    -0.0002297585     0.0014543414
    0.0003089131    -0.0001091656     0.0000898554
    0.0000187073    -0.0002711536     0.0007441790
    0.0000728433     0.0000084429    -0.0000528037
    0.0003522770     0.0000216537     0.0004224773
   -0.0001889517    -0.0002146396    -0.0000720400
   -0.0004339079    -0.0007883708     0.0005917445
   -0.0001046924    -0.0003890934    -0.0003401136
    0.0001123028     0.0001976498    -0.0002298444
   -0.0004490605    -0.0002519329     0.0001270589
   -0.0002934287    -0.0003020359     0.0004561495
   -0.0001845588     0.0008799881    -0.0011408459
   -0.0000875496    -0.0004088510     0.0003805317
   -0.0003995542    -0.0007679142    -0.0001664439
   -0.0001189785     0.0006739511     0.0005109243
   -0.0001477178     0.0002677557     0.0000957754
   -0.0004717708     0.0001669057    -0.0004252190
    0.0002277309    -0.0006270095     0.0002201688
    0.0005434677    -0.0001939795     0.0007380633
   -0.0001640713    -0.0000714798     0.0002467188
   -0.0000172857    -0.0000086048     0.0000571293
   -0.0001117341    -0.0000143769     0.0000840809
    0.0000788299    -0.0000626059    -0.0000166304
   -0.0000168361     0.0001571453     0.0001473606
   -0.0000110756     0.0002090755     0.0000583345
   -0.0002171178     0.0003293247     0.0001411848
   -0.0002059555     0.0005824324    -0.0000526560
   -0.0001344626     0.0001583820    -0.0001878985
   -0.0002096576     0.0001733857    -0.0000634780
   -0.0003732893    -0.0001782914    -0.0001586869
    0.0003014997     0.0005232975     0.0003504871
    0.0001028559    -0.0008961997     0.0008221502
    0.0003390992     0.0014947835     0.0003674430
   -0.0003910801    -0.0008095940    -0.0002845129
   -0.0002643844     0.0005983682     0.0000905279
   -0.0003497056    -0.0006448336    -0.0006487256
    0.0002895880     0.0005960306     0.0005815494
   -0.0009023592    -0.0001827532    -0.0009611118
   -0.0006971810    -0.0008032957     0.0008726695
   -0.0000450940    -0.0005237821    -0.0003682407
   -0.0001675775     0.0000185991    -0.0005873007
    0.0000334504    -0.0001071929     0.0000695730
   -0.0002073387    -0.0000752863    -0.0004044188
   -0.0002236708     0.0000469186    -0.0003337073
   -0.0001262808     0.0003669843     0.0002008342
   -0.0000810306    -0.0000490373    -0.0001623350
   -0.0003332921    -0.0001768653    -0.0000880611
   -0.0001062581     0.0006416535     0.0002584899
   -0.0000241458     0.0001897607     0.0000550659
   -0.0001705166     0.0004064257    -0.0001497006
   -0.0001420852     0.0002660284     0.0000841965
    0.0004388294     0.0007742342    -0.0002140860
   -0.0004554973    -0.0000139029    -0.0001110075
   -0.0002618895     0.0002367427    -0.0000320481
    0.0001491907    -0.0010096714    -0.0002215395
   -0.0001612225     0.0009180103     0.0002600465
    0.0000840104    -0.0012546130    -0.0001153390
   -0.0000203208     0.0011791325     0.0001148018
   -0.0006003457    -0.0004125366     0.0011970871
   -0.0004038784     0.0004292845    -0.0000546933
    0.0010471275     0.0002846249    -0.0000605274
   -0.0001585891    -0.0003286232    -0.0001547959
    0.0000559262     0.0000529308     0.0000381309
    0.0001060455     0.0001509229     0.0000310035
   -0.0003115461     0.0005313458    -0.0001104040
    0.0003344616    -0.0005220207     0.0002786283
   -0.0003151766    -0.0001106916    -0.0002538466
   -0.0002872200    -0.0001867798    -0.0002396431
    0.0002182859    -0.0002225204    -0.0004165299
    0.0001455298    -0.0004154354    -0.0001888773
   -0.0002769890    -0.0001625175    -0.0000070094
   -0.0003598155     0.0001388024    -0.0000292475
   -0.0002624662    -0.0000846843     0.0000961571
   -0.0008742597    -0.0006032877     0.0003137252
   -0.0003228208    -0.0001741442    -0.0001204656
    0.0007168178    -0.0007555858     0.0008561754
   -0.0001530326     0.0009615769     0.0001136297
    0.0001035353    -0.0004150530    -0.0001272815
    0.0000088546    -0.0000535935    -0.0003492243
    0.0000807262    -0.0002879011     0.0005043741
   -0.0008901515     0.0006964994    -0.0000455516
    0.0004342905    -0.0000656022     0.0002255229
    0.0006750619    -0.0001145409     0.0001515493
    0.0006890395    -0.0002639137     0.0004895833
   -0.0007697214     0.0001642016    -0.0005841034
   -0.0001516712    -0.0000013103     0.0000531728
   -0.0005843852     0.0005789152    -0.0002507643
   -0.0002026432     0.0000904597     0.0001241889
   -0.0002241087     0.0002046140    -0.0000128002
    0.0000821362     0.0001599936    -0.0002377790
   -0.0007568339     0.0000215782    -0.0001936375
   -0.0000273598     0.0003025717    -0.0001150863
   -0.0003544002    -0.0000455022    -0.0001438565
   -0.0002366282     0.0002340512     0.0001328476
   -0.0004103148     0.0000641834    -0.0011778115
   -0.0008179253     0.0005312759     0.0017661628
    0.0000336863    -0.0000488517     0.0004328801
   -0.0003371861     0.0001393258    -0.0000266951
    0.0008509699     0.0000793553     0.0002629657
   -0.0008926395     0.0001572130     0.0003751630
    0.0006136500    -0.0008560241    -0.0005153445
    0.0031013431    -0.0049981448    -0.0012506362
   -0.0081837290     0.0035230073    -0.0076250044
    0.0000076050    -0.0003786985     0.0003979657
    0.0006514739    -0.0001301367    -0.0009196123
    0.0001777679     0.0001487396    -0.0005189093
   -0.0003866002    -0.0001429897    -0.0006263592
    0.0001439543     0.0001173111     0.0000079337
    0.0001206885     0.0001430842    -0.0000859291
    0.0003564558    -0.0000688432    -0.0001242762
   -0.0009057652     0.0008368193    -0.0005974509
   -0.0056321385     0.0017304143     0.0007693948
    0.0022119845    -0.0005071852    -0.0015714085
    0.0070848382    -0.0026940394     0.0080211929
    0.0016304067     0.0004840474    -0.0008791170
   -0.0008223228     0.0010211469     0.0005352300
   -0.0000835957    -0.0006744793    -0.0008690153
   -0.0000216269     0.0005323755     0.0004199611
   -0.0003152928    -0.0006965967    -0.0006417351
    0.0000991051     0.0002063891     0.0001491940
   -0.0004870758     0.0004800796    -0.0004331951
   -0.0002446971     0.0007512914    -0.0000094190
   -0.0002619191     0.0006400811    -0.0001593699
    0.0005461434    -0.0009050363    -0.0004152151
   -0.0003862729     0.0005071090     0.0006209173
   -0.0000601105    -0.0000019867    -0.0001859244
   -0.0000294433    -0.0000627186    -0.0001200282
    0.0000429127    -0.0004494930     0.0001304621
    0.0000958875     0.0000420072     0.0002203191
    0.0002781476     0.0000996715    -0.0000547083
   -0.0000311454     0.0000557878    -0.0000925899
   -0.0000480905    -0.0001134100     0.0000898738
   -0.0004493901     0.0004854494    -0.0000415235
   -0.0002122299     0.0004774342    -0.0002800979
   -0.0003653797     0.0004237977     0.0004073762
    0.0001298845     0.0003276009     0.0002665591
    0.0004018525    -0.0001934821     0.0002331148
    0.0001810984    -0.0000516899    -0.0006232641
   -0.0000480709    -0.0000959354     0.0003173324
   -0.0012606800     0.0001654574     0.0006200991
    0.0001323183    -0.0003996420    -0.0000394311
   -0.0007915599     0.0000179180     0.0003170555
    0.0006465488     0.0008126293     0.0004042032
    0.0006058675    -0.0008064194     0.0012863222
   -0.0000817715    -0.0001560023    -0.0000731938
   -0.0002951560     0.0001156567     0.0001393431
    0.0001682517    -0.0001405055    -0.0002202142
    0.0002793994     0.0004496062    -0.0002870222
    0.0002502245     0.0002442032     0.0000012975
    0.0000738682     0.0001787618     0.0000463657
    0.0003747659     0.0000628825     0.0003713335
    0.0003044842    -0.0002017019    -0.0003826294
   -0.0000736098    -0.0000781139    -0.0004192815
    0.0004342927     0.0001234041     0.0000786081
    0.0001972366     0.0005547465    -0.0004479025
    0.0002386657     0.0000252325    -0.0009880959
    0.0003988124    -0.0001800188    -0.0003849288
   -0.0007712066     0.0009833544     0.0010438205
    0.0000124956    -0.0001250812    -0.0005212234
    0.0003231081     0.0000019236    -0.0001661259
   -0.0005724684     0.0001924308     0.0002901052
   -0.0008901618     0.0001587999     0.0000545137
    0.0000702795     0.0003671697     0.0000724513
    0.0006515763    -0.0001837529     0.0001153949
   -0.0003516085    -0.0003219476    -0.0004795019
    0.0001985511    -0.0007030534    -0.0000982678
    0.0003500102    -0.0002024736     0.0001866555
   -0.0000524942    -0.0002094086    -0.0000289297
    0.0007621486    -0.0001097048     0.0002075215
    0.0001006260    -0.0005437660     0.0002946539
   -0.0002187260     0.0001415223     0.0000925448
   -0.0004466099     0.0001576965    -0.0000685562
   -0.0002721350     0.0001362777    -0.0000171027
    0.0000921168    -0.0000520045     0.0000309115
    0.0000852213    -0.0003331945     0.0001301263
    0.0000798974     0.0001805459     0.0004324719
    0.0004864153    -0.0005977633    -0.0002786960
   -0.0008249460     0.0003320509    -0.0000239041
    0.0003818869    -0.0010299112    -0.0004097626
   -0.0001660032     0.0006877666    -0.0004728034
    0.0004591933    -0.0006938314    -0.0002254399
    0.0004918698    -0.0005405518    -0.0007200938
   -0.0003799031     0.0002101366    -0.0003269341
   -0.0007107077    -0.0004146290    -0.0003025405
   -0.0003344877     0.0003505147     0.0002827414
   -0.0001397602    -0.0000250972     0.0001590911
   -0.0002132959     0.0002975153     0.0001058327
   -0.0001868643     0.0000383307     0.0006046286
   -0.0001576202     0.0004428204    -0.0000717069
    0.0000055533     0.0004633582    -0.0001371509
   -0.0000767740     0.0001459421     0.0000491581
   -0.0003426389     0.0001423314     0.0000216079
    0.0001016713     0.0002838714    -0.0001378948
   -0.0000967303    -0.0002869133    -0.0001282649
    0.0001288345    -0.0002635112    -0.0000366766
    0.0003436752    -0.0005801911    -0.0003437466
   -0.0000267804     0.0007944157    -0.0002615199
   -0.0000041809     0.0006718593    -0.0001161970
    0.0002163189    -0.0011609039     0.0003714576
    0.0004168420    -0.0007540039     0.0006065937
    0.0000926173     0.0003505466    -0.0000849900
    0.0002759633     0.0006743463     0.0004952182
   -0.0001169586    -0.0001950070    -0.0001618098
    0.0000194615     0.0003122873    -0.0001236974
   -0.0002632945    -0.0001794530    -0.0001500833
    0.0001063121    -0.0003479646    -0.0000355447
   -0.0001975725    -0.0003362429     0.0000862431
   -0.0000902576     0.0000513569    -0.0000959559
   -0.0005137560    -0.0005041985     0.0007440545
    0.0011689453    -0.0002760426    -0.0025390178
    0.0007233888    -0.0003683572     0.0006209104
    0.0000130880     0.0006839781    -0.0003591280
   -0.0006094596    -0.0004620111    -0.0010637622
   -0.0002532077     0.0001316752     0.0000317158
   -0.0000020091    -0.0001201929    -0.0000364417
   -0.0000842468    -0.0000249999     0.0000584329
    0.0000480353    -0.0001762416     0.0001885211
    0.0000891104     0.0000615209     0.0000928536
    0.0006889756    -0.0004932640    -0.0010272082
    0.0003169904     0.0003660242     0.0003109803
    0.0000195321    -0.0000711273     0.0000250028
    0.0000518991    -0.0003460347     0.0007721876
    0.0009015835     0.0018326883     0.0028865757
    0.0013154964     0.0015761799    -0.0069095338
    0.0228727962     0.0495402618     0.0813392301
   -0.0161358483    -0.0234042858    -0.0067847670
    0.0017227682    -0.0018994636    -0.0008906842
   -0.0001249876    -0.0002830672     0.0010455830
   -0.0001577719    -0.0007533687    -0.0002793334
    0.0010546465     0.0004029500    -0.0017258665
   -0.0004784834    -0.0003988693     0.0001438499
    0.0001909819     0.0003992855     0.0003795100
   -0.0002491633     0.0000090984    -0.0004778613
    0.0000252895     0.0000972521    -0.0001471593
    0.0001940627     0.0002000109     0.0000042942
   -0.0001644158    -0.0000889660     0.0002005285
    0.0538083711     0.0905055132    -0.0022148792
    0.0028369630     0.0180501717    -0.0019806895
    0.0353957557    -0.0829926449     0.0400139843
   -0.0184422004     0.0192190580     0.0072304728
    0.0093587220    -0.0022907812    -0.0010041377
    0.0109050485     0.0141827527     0.0025970543
    0.0009385018    -0.0014947525     0.0023258741
    0.0012300826     0.0019091899     0.0021787156
   -0.0008861109     0.0003039870    -0.0005427988
   -0.0007358461     0.0007374628    -0.0004571041
    0.0742195248     0.0226392486     0.0703051081
    0.0126179980     0.0061112537     0.0113595589
   -0.0478737034    -0.0877156793    -0.0204322834
    0.0000874174     0.0218810999     0.0093866280
    0.0066529373    -0.0080765176    -0.0015728285
   -0.0014227205     0.0012888381     0.0029284397
    0.0008981514     0.0002917052     0.0000746035
    0.0007602476    -0.0005773485     0.0006982429
    0.0138356367    -0.0024482502     0.0097349952
   -0.0025817189    -0.0004556567     0.0005681788
   -0.0017560851     0.0003651273    -0.0000672085
    0.0005034391     0.0012061451    -0.0003001203
   -0.0002500104     0.0000431071    -0.0003444395
   -0.0003085194    -0.0000914115    -0.0002691334
   -0.0000319453     0.0003545036    -0.0003563137
   -0.0004934962    -0.0000932518    -0.0000207999
    0.0001279217    -0.0000396991     0.0002941390
    0.0000444909     0.0000997582    -0.0000933169
    0.0000227092    -0.0003019577    -0.0003971052
   -0.0034346623     0.1051819583     0.0050253090
    0.0061952562     0.0133602512    -0.0091808684
   -0.0018560966    -0.0073631459    -0.0084881379
    0.0012927083     0.0016446722     0.0029871806
   -0.0070108856    -0.0011148933     0.0062409074
   -0.0015080115     0.0019131379    -0.0028788146
   -0.0023947549    -0.0001539473     0.0021672793
   -0.0067719289     0.0206164629     0.0018529918
    0.0002445916    -0.0013319738     0.0007571495
    0.0005112354     0.0009066784    -0.0002989891
   -0.0012888374     0.0001914321     0.0003465157
    0.0005747262     0.0000983687    -0.0000142057
    0.0000061591    -0.0004091791     0.0003533385
    0.0001050301    -0.0001412713    -0.0005428704
    0.0002143269     0.0004978635    -0.0002906136
    0.0018993300    -0.0003056090    -0.0010416881
    0.0038435242     0.0031747207     0.0017269129
   -0.0005833687     0.0017010489     0.0065727258
   -0.0715082589     0.0697323841     0.0185139345
    0.0204613221    -0.0145350451    -0.0264265467
    0.0001610888    -0.0008469299     0.0006935524
    0.0015765524     0.0011579738     0.0017723006
   -0.0000753520     0.0005477491    -0.0024666016
   -0.0006784463    -0.0000853384     0.0000379748
   -0.0025518351    -0.0040560037     0.0053338148
   -0.0011174298     0.0015861637    -0.0013288496
    0.0013694847    -0.0003664936    -0.0002605608
    0.0006919609     0.0006797782     0.0003350601
   -0.0010712173    -0.0012809243    -0.0019838863
   -0.0002060939    -0.0000409225    -0.0002890432
    0.0004345684    -0.0004074184    -0.0006426200
    0.0006061386     0.0014050421     0.0014419313
    0.0000996248    -0.0000518026     0.0003063869
    0.0005302590    -0.0003443182     0.0000452111
    0.0002091833     0.0001402693     0.0003705679
   -0.0983768016     0.0346584538    -0.0210798740
   -0.0094795448     0.0072727156    -0.0115929141
    0.0055769048    -0.0029036929    -0.0043744601
   -0.0020110042     0.0002158595     0.0036303119
   -0.0059960744    -0.0072845772     0.0051583212
    0.0008654985    -0.0001632598    -0.0031966354
   -0.0006351331    -0.0004534765    -0.0000791299
   -0.0021159707    -0.0012391142     0.0004704818
   -0.0193245729    -0.0002438830    -0.0026781460
    0.0010138940     0.0002388389     0.0006652414
    0.0015259861    -0.0005216346     0.0003536388
    0.0001508436     0.0007139340     0.0000656992
    0.0005448436    -0.0000703270    -0.0010166030
   -0.0005987569     0.0005773075     0.0001163657
   -0.0002238303    -0.0008623141     0.0006322925
   -0.0001666539    -0.0003155780     0.0000286897
    0.0002591760    -0.0000938983     0.0002928062
   -0.0002337371     0.0000392644    -0.0004745988
    0.0002034102    -0.0000361690     0.0003096577
   -0.0000027464    -0.0002783686    -0.0001692841
   -0.0001695902    -0.0003912333     0.0003521507
    0.0001029892    -0.0002561337     0.0000066550
    0.0000117189    -0.0004583894    -0.0001205631
    0.0000125536    -0.0000282636     0.0001480006
    0.0001968293    -0.0000990846     0.0003664828
    0.0000775442    -0.0004057544     0.0000877544
    0.0000731341    -0.0001792445     0.0002158713
   -0.0000632259    -0.0001562907     0.0001461480
    0.0000833678    -0.0000073588     0.0004272720
    0.0007199186    -0.0006566679    -0.0012779807
    0.0007777109    -0.0002186827     0.0012417621
    0.0011426609    -0.0018293990    -0.0003107156
   -0.0002869019     0.0009668171     0.0010498566
   -0.0002987194     0.0002642760     0.0008386187
   -0.0009571346     0.0003539546    -0.0005092228
   -0.0000394390    -0.0000139990    -0.0001123072
   -0.0001621339     0.0002092611     0.0002604470
   -0.0004707476    -0.0006111449    -0.0013184213
   -0.0004133645     0.0004656094     0.0018182465
   -0.0000012457    -0.0003731222    -0.0009987527
    0.0009364068     0.0003777220    -0.0003978545
    0.0002410946     0.0000478552    -0.0011488222
    0.0002084024    -0.0014994664     0.0006379837
   -0.0015909552    -0.0011283546     0.0020644043
    0.0002909485    -0.0002615129     0.0012164116
   -0.0001022555     0.0001387525     0.0004724048
   -0.0008819053     0.0001825125     0.0003887834
    0.0000070589     0.0001628333     0.0007505810
    0.0002059376    -0.0000360618     0.0003221676
    0.0001668115     0.0003862376     0.0002233388
   -0.0002863844     0.0003015758    -0.0001999293
   -0.0002954720     0.0001437958     0.0000018584
   -0.0001566370    -0.0004650745     0.0005218950
    0.0003974219     0.0000028825    -0.0002787677
    0.0022469360     0.0011624175    -0.0017372703
   -0.0023717952    -0.0019091534    -0.0001597537
    0.0065369720     0.0027454132    -0.0022931859
   -0.0322142670    -0.0662117211    -0.0622402750
   -0.0143785271     0.0166526216     0.0223053875
    0.0001657010     0.0010720791     0.0010579986
   -0.0005605457     0.0006767224    -0.0002266513
   -0.0001318776    -0.0002947164     0.0004581145
    0.0003354207     0.0006633736    -0.0002367556
   -0.0006483660    -0.0014057922     0.0006493964
   -0.0000227877    -0.0001076304     0.0002017319
    0.0017587880     0.0006916062     0.0002950342
    0.0005961491    -0.0000056581    -0.0005775592
    0.0020517620     0.0019012663    -0.0011928830
   -0.0001783967    -0.0000135678     0.0004718990
    0.0001226092    -0.0000106232     0.0003916334
   -0.0000329198     0.0008930260     0.0001182791
   -0.0004839499    -0.0000041605     0.0001527619
    0.0341575725    -0.1304607390    -0.0200754456
    0.0558902503     0.0441156548     0.0211118078
    0.1190409908    -0.0400496936     0.0573915182
   -0.0114324784    -0.0276027354    -0.0670751601
   -0.0734502907    -0.1160473584    -0.0110021925
   -0.0219308535     0.0609436258    -0.0373527274
   -0.0973558034    -0.0162225970    -0.0959438906
    0.0415304812     0.0604614452     0.0120210881
    0.0146588736    -0.1370235973     0.0003355790
    0.0504487212    -0.0523800180     0.0000087464
    0.1296467740    -0.0335993177     0.0333051574
    0.0402713825     0.0468853060     0.0409763891
---------------------------------------------------
Net gradient:  7.846506e-10  4.722513e-11  1.016355e-09
Net torque:    4.422750e-03  1.742155e-03  2.921089e-03

Total processing time: 179.48 sec 

 Job finished: Fri May 17 02:56:27 2019

