Startfile from command line: /home/lum/5ly6/refine10_weight_0.1_stpmax_0.8_d2/ase/59/59_capping.sp


       ***********************************************************
       *                    TeraChem v1.93P                      *
       *                 Hg Version: 79b87f121f2d                *
       *                   Production Version                    *
       *                Compiled without textures                *
       *           Chemistry at the Speed of Graphics!           *
       ***********************************************************
       * This program may only be used in connection with        *
       * a valid license from PetaChem, LLC. Use of this program *
       * or results thereof indicates acceptance of all terms    *
       * and conditions stated in the license and that a valid   *
       * license agreement between the user and PetaChem, LLC    *
       * exists. PetaChem, LLC does not warrant the correctness  *
       * of results or their suitability for any purpose.        *
       * Please email bugs, suggestions, and comments to         *
       *                  help@petachem.com                      *
       *                                                         *
       ***********************************************************


       ***********************************************************
       *  Compiled by toddmtz      Wed Aug 16 03:32:31 PDT 2017  *
       *  Supported architectures: sm_20 sm_30 sm_50 sm_60       *
       *  Cuda compilation tools, release 8.0, V8.0.44           *
       ***********************************************************


 Job started   Mon May 20 14:11:15 2019
 On cu33 (available memory: 49127 MB)

######################################### RUNTIME INFO ##########################################
/public/qmsoft/TeraChem/bin/terachem /home/lum/5ly6/refine10_weight_0.1_stpmax_0.8_d2/ase/59/59_capping.sp 

NVRM version: NVIDIA UNIX x86_64 Kernel Module  396.26  Mon Apr 30 18:01:39 PDT 2018
GCC version:  gcc version 4.8.5 20150623 (Red Hat 4.8.5-4) (GCC) 

	linux-vdso.so.1 (0x00007ffd755c7000)
	libcurl.so.4 => /lib64/libcurl.so.4 (0x00002b7c44c44000)
	libintbox.so.1 => /public/qmsoft/TeraChem/lib/libintbox.so.1 (0x00002b7c44eac000)
	libthcbox.so.1 => /public/qmsoft/TeraChem/lib/libthcbox.so.1 (0x00002b7c64aba000)
	libgridbox.so.1 => /public/qmsoft/TeraChem/lib/libgridbox.so.1 (0x00002b7c66624000)
	libdftbox.so.1 => /public/qmsoft/TeraChem/lib/libdftbox.so.1 (0x00002b7c66b15000)
	libcublas.so.8.0 => /public/qmsoft/TeraChem/lib/libcublas.so.8.0 (0x00002b7c66e26000)
	libcufft.so.8.0 => /public/qmsoft/TeraChem/lib/libcufft.so.8.0 (0x00002b7c697d6000)
	libcuda.so.1 => /public/qmsoft/TeraChem/lib/libcuda.so.1 (0x00002b7c72624000)
	libcudart.so.8.0 => /public/qmsoft/TeraChem/lib/libcudart.so.8.0 (0x00002b7c735a4000)
	libcrypto.so.10 => /lib64/libcrypto.so.10 (0x00002b7c7380a000)
	libssl.so.10 => /lib64/libssl.so.10 (0x00002b7c73bf1000)
	libm.so.6 => /lib64/libm.so.6 (0x00002b7c73e5e000)
	libcilkrts.so.5 => /public/qmsoft/TeraChem/lib/libcilkrts.so.5 (0x00002b7c74160000)
	libstdc++.so.6 => /lib64/libstdc++.so.6 (0x00002b7c743a1000)
	libgcc_s.so.1 => /lib64/libgcc_s.so.1 (0x00002b7c746a9000)
	libpthread.so.0 => /lib64/libpthread.so.0 (0x00002b7c748bf000)
	libdl.so.2 => /lib64/libdl.so.2 (0x00002b7c74add000)
	libc.so.6 => /lib64/libc.so.6 (0x00002b7c74ce1000)
	/lib64/ld-linux-x86-64.so.2 (0x00002b7c44a21000)
	libidn.so.11 => /lib64/libidn.so.11 (0x00002b7c7508e000)
	libssh2.so.1 => /lib64/libssh2.so.1 (0x00002b7c752c1000)
	libssl3.so => /lib64/libssl3.so (0x00002b7c754eb000)
	libsmime3.so => /lib64/libsmime3.so (0x00002b7c7572d000)
	libnss3.so => /lib64/libnss3.so (0x00002b7c75954000)
	libnssutil3.so => /lib64/libnssutil3.so (0x00002b7c75c7a000)
	libplds4.so => /lib64/libplds4.so (0x00002b7c75ea6000)
	libplc4.so => /lib64/libplc4.so (0x00002b7c760aa000)
	libnspr4.so => /lib64/libnspr4.so (0x00002b7c762af000)
	libgssapi_krb5.so.2 => /lib64/libgssapi_krb5.so.2 (0x00002b7c764ed000)
	libkrb5.so.3 => /lib64/libkrb5.so.3 (0x00002b7c76739000)
	libk5crypto.so.3 => /lib64/libk5crypto.so.3 (0x00002b7c76a1e000)
	libcom_err.so.2 => /lib64/libcom_err.so.2 (0x00002b7c76c50000)
	liblber-2.4.so.2 => /lib64/liblber-2.4.so.2 (0x00002b7c76e54000)
	libldap-2.4.so.2 => /lib64/libldap-2.4.so.2 (0x00002b7c77063000)
	libz.so.1 => /lib64/libz.so.1 (0x00002b7c772b6000)
	librt.so.1 => /lib64/librt.so.1 (0x00002b7c774cc000)
	libnvidia-fatbinaryloader.so.396.26 => /lib64/libnvidia-fatbinaryloader.so.396.26 (0x00002b7c776d4000)
	libkrb5support.so.0 => /lib64/libkrb5support.so.0 (0x00002b7c77920000)
	libkeyutils.so.1 => /lib64/libkeyutils.so.1 (0x00002b7c77b2f000)
	libresolv.so.2 => /lib64/libresolv.so.2 (0x00002b7c77d33000)
	libsasl2.so.3 => /lib64/libsasl2.so.3 (0x00002b7c77f4a000)
	libselinux.so.1 => /lib64/libselinux.so.1 (0x00002b7c78167000)
	libcrypt.so.1 => /lib64/libcrypt.so.1 (0x00002b7c7838c000)
	libpcre.so.1 => /lib64/libpcre.so.1 (0x00002b7c785c3000)
	liblzma.so.5 => /lib64/liblzma.so.5 (0x00002b7c78824000)
#################################################################################################

       ********************** License Check **********************
       * Use license from: /public/qmsoft/TeraChem/license.dat
       * Available Host id: AC1F6B20BA82
       * Available Host id: AC1F6B20BA83
       * Available Host id: 52540000F6B3
       * Available Host id: 52540000F6B3
       * License Host id: AC1F6B20BA82
       * License expires: 2019-10-21
       ********************** License OK *************************
Scratch directory: /tmp/lum/5ly6/refine10_weight_0.1_stpmax_0.8_d2/ase/59/scr
Random number seed: 1898280197

XYZ coordinates /home/lum/5ly6/refine10_weight_0.1_stpmax_0.8_d2/ase/59/59_capping.xyz
Molden File Output: /tmp/lum/5ly6/refine10_weight_0.1_stpmax_0.8_d2/ase/59/scr/59_capping.molden
Using basis set: 6-31g
Spin multiplicity: 1
DIIS will use up to 10 vectors.
WF convergence threshold: 3.00e-05
Using DIIS algorithm to converge WF
Maximum number of SCF iterations: 300
Incremental fock with rebuild every 8 iterations
Will switch to conventional Fock if diffuse functions are detected
X-matrix tolerance: 1.00e-04
PRECISION: DYNAMIC
DFT Functional requested: hf
Method: Hartree-Fock  with dispersion correction

*********************************************************
*                     WARNING                           *
* Dispersion correction is not supported for hf         *
*         Disabling dispersion correction               *
*********************************************************

Wavefunction: RESTRICTED
Initial guess generated by maximum overlap

********************************************
**** SINGLE POINT GRADIENT CALCULATIONS ****
********************************************
SCF:   Initial guess is taken from previous step
COSMO model for polarizable continuum model enabled

using 4 out of 4 CUDA devices
   Device 0:  GeForce GTX 1080 Ti, 11178MB, CC 6.1 -- CPU THREAD 0
   Device 1:  GeForce GTX 1080 Ti, 11178MB, CC 6.1 -- CPU THREAD 1
   Device 2:  GeForce GTX 1080 Ti, 11178MB, CC 6.1 -- CPU THREAD 2
   Device 3:  GeForce GTX 1080 Ti, 11178MB, CC 6.1 -- CPU THREAD 3
-------------------------------------------------------------------
Compiled with MAGMA support.  MAGMA parameters:
    Matrices larger than 5000 square will be treated with MAGMA
       (Change by setting the MagmaMinN environment variable)
    Magma will use 1 out of 4 GPUs
       (Change by setting the MagmaNGPUs environment variable)
-------------------------------------------------------------------
 CPU Memory Available: 8018.12 MegaWords 
 GPU Memory Available: 1141.31 MegaWords 
 Maximum recommended basis set size: 12200 basis functions
 (limited by GPU memory)
-------------------------------------------------------------------
Not using d-functions. Configuring GPUs accordingly.
0: CUBLAS initialized, available GPU memory: 8170MB
1: CUBLAS initialized, available GPU memory: 8170MB
2: CUBLAS initialized, available GPU memory: 8170MB
3: CUBLAS initialized, available GPU memory: 8170MB


Basis set:       6-31g
Total atoms:     66
Total charge:    0
Total electrons: 244 (122-alpha, 122-beta)
Number electrons modeled by ECPs: 0
Total orbitals:  356
Total AO shells: 228 (164 S-shells; 64 P-shells; 0 D-shells; 0 F-shells; 0 G-shells)
Spin multiplicity: 1
Nuclear repulsion energy (QM atoms): 3454.036660522367 a.u.

=COSMO= Number of H atoms in QM atoms:34
=COSMO= Number of Heavy atoms in QM atoms:32
reached first line of InitCosmoSwigNoMatrix
q is allocated
B is allocated
Bz is allocated
z is allocated
c is allocated
=COSMO= No Matrix Cosmo Initialization finished.
=COSMO= ++++++++++++++++++++++++++++++ COSMO parameters ++++++++++++++++++++++++++++++
=COSMO= I. Cavity Information:
=COSMO= SAS(Solvent accesible surface) initialization finished
=COSMO= Time for initializing Molecular Surface:0.01425000 (sec)
=COSMO= Time for initializing cosmo calculation:0.00379100 (sec)
=COSMO= Cavity effective radius(Angstrom) (r_solv+r_vdw-dsc) was written into /tmp/lum/5ly6/refine10_weight_0.1_stpmax_0.8_d2/ase/59/scr/ratom.txt
=COSMO= Solvent Dielectric Constant:78.390000
=COSMO= Cosmo Solvent radius:0.000000
=COSMO= Cosmo charge scaling method:0
=COSMO= Cavity built with Lebedev Grid
=COSMO= Grid points/QM Hydrogen: 110
=COSMO= Grid points/QM Heavy atom: 110
=COSMO= Herbert Switching-Gaussian method turned on
=COSMO= After removing points inside of SAS:
=COSMO= Total number of segments on molecular surface:3606
=COSMO= Number of segments belonging to QM atoms:3606
=COSMO= Total surface area of cavity: 531.1884(Angstrom^2)
=COSMO= Total volume of cavity: 301.4611 (Angstrom^3)
=COSMO= II. COSMO integral options:
=COSMO= Building COMSO c vector with original algorithm
=COSMO= COSMO one-electron integral threshold: 1e-12 
=COSMO= III. Linear solver options:
=COSMO= Initialize COSMO for A matrix in no matrix storage form
=COSMO= CG precondtioner:Jacobi
=COSMO= Tight CG convergence threshold:1e-06
=COSMO= CG dynamic threshold: on
=COSMO= Adjust CG convergence threshold dynamically
=COSMO= IV. PCM field read/write options:
=COSMO= PCM field is not written to files
=COSMO= No PCM field file is read in
=COSMO= ++++++++++++++++++++++++++++++++++++++++++++++++++++++++++++++++++++++++++++++++

                      *** Start SCF Iterations ***

 Iter     DIIS Error       Energy change         Energy              E_PCM      Time(s)
---------------------------------------------------------------------------------------
         >>> Purifying P... IDMP = 1.95e-14 <<<
THRESPDP set to 1.00e+00
   1     0.2882918863   -1543.6050847009   -1543.6050847009     -0.1856352679    0.43  
   2     0.1780617832      -7.4792878599   -1551.0843725608     -0.0752889257    0.38  
   3     0.0658767911      -1.2033997979   -1552.2877723587     -0.1317251606    0.35  
   4     0.0194101006      -0.1540770828   -1552.4418494415     -0.1076629185    0.33  
   5     0.0051707807      -0.0195587749   -1552.4614082164     -0.1187332874    0.32  
   6     0.0020208951      -0.0020383738   -1552.4634465902     -0.1208772387    0.36  
THRESPDP set to 1.05e-03
   7     0.0017290345      -0.0004949955   -1552.4639415857     -0.1219618580    0.38  
   8     0.0006152508      -0.0000823896   -1552.4640239753     -0.1225298049    0.30  
   9     0.0003601099      -0.0000135611   -1552.4640375363     -0.1226709151    0.81  
  10     0.0001884950      -0.0000038064   -1552.4640413427     -0.1227338874    0.54  
  11     0.0001050438      -0.0000004576   -1552.4640418003     -0.1227467150    0.54  
  12     0.0000543751      +0.0000001438   -1552.4640416566     -0.1227521963    0.79  
  13     0.0000209734      -0.0000002411   -1552.4640418976     -0.1227515579    0.61  
---------------------------------------------------------------------------------------
FINAL ENERGY: -1552.4640418976 a.u.
C-PCM contribution to final energy:-0.1227515579 a.u. ( already included in final energy )
Computing C-PCM contribution to gradient...
CENTER OF MASS: {57.958536, 64.774401, 46.929665} ANGS
DIPOLE MOMENT: {-5.887547, -3.140079, -10.220314} (|D| = 12.205660) DEBYE
Cannot open /tmp/lum/5ly6/refine10_weight_0.1_stpmax_0.8_d2/ase/59/scr
Writing out molden info

Gradient units are Hartree/Bohr
---------------------------------------------------
        dE/dX            dE/dY            dE/dZ
    0.0623404819    -0.0987509453     0.0165967818
    0.0089645248     0.0008559525     0.0039628728
   -0.0119683821    -0.0376552035     0.0018695225
    0.0197506444     0.0236213925     0.0020849617
    0.0086802655    -0.0132066338    -0.0068501056
   -0.0531638398     0.0006927593     0.0009638326
    0.0113192834    -0.0035899018    -0.0095671452
    0.0877812942    -0.0098883419    -0.0278515710
    0.0061803565    -0.0109503401    -0.0050646933
   -0.0025238893    -0.0014051276    -0.0001519572
   -0.0029157782     0.0106792371    -0.0007259892
   -0.0022339836    -0.0021271570     0.0009321886
   -0.0050905705     0.0028097440     0.0088649713
   -0.0474718259     0.0096006220     0.0263575912
   -0.0194393501     0.0308714087    -0.0140833036
    0.0135329651    -0.0144712772     0.0022463254
    0.0108630479    -0.0240093278    -0.0142824743
   -0.0161705887     0.0207113212     0.0123784155
    0.0064851000    -0.0068617793     0.0021430533
    0.0025625293    -0.0079040927    -0.0055615384
   -0.0095440815     0.0519780912    -0.0008947106
   -0.0058731831    -0.0051369742    -0.0041188620
    0.0237431231    -0.0619979737     0.0057508483
    0.0005524595    -0.0061122550     0.0021384785
    0.0006915404     0.0039864374     0.0042794683
   -0.0008483012     0.0015472156     0.0012345509
   -0.0034997311    -0.0022668928    -0.0030577431
   -0.0000916322     0.0009827363     0.0029111411
   -0.0058750145     0.0015809758    -0.0004588764
   -0.0128250467     0.0025888411    -0.0108079897
    0.0063671803     0.0218089815     0.0114234333
   -0.0033119387     0.0038925388     0.0041726829
    0.0158098017     0.0028098993    -0.0056791124
   -0.0266390829    -0.0013650694    -0.0118405276
    0.0088582426    -0.0021720819     0.0097571590
   -0.0139869648    -0.0093608806     0.0029541321
    0.0145842780     0.0202220523     0.0081518835
   -0.0123851811    -0.0042123770    -0.0071566720
    0.0122520957     0.0017898134    -0.0036821368
    0.0001764199     0.0002529827    -0.0000182854
   -0.0034852728     0.0029474231     0.0010561270
    0.0051408229    -0.0016163976     0.0000276452
    0.0050874845     0.0019684468     0.0004229157
   -0.0088030264    -0.0040096187    -0.0026632912
    0.0014256332     0.0010968860     0.0004058731
    0.0047303013    -0.0025333389     0.0007496321
    0.0031055656     0.0014970656     0.0003364722
   -0.0002112617    -0.0007051287     0.0003560883
   -0.0097858255    -0.0043705736    -0.0027471422
   -0.0008550856     0.0006900654     0.0031020922
    0.0117964683    -0.0037893088     0.0233104477
    0.0085901137    -0.0065289400    -0.0197790665
   -0.0139432535     0.0132716572     0.1235045902
    0.0086290112    -0.0353077997    -0.0459140571
   -0.0104876664    -0.0014348538     0.0066969370
   -0.0252599818    -0.0108278248    -0.0031053035
    0.0095188753     0.0035120558    -0.0095019311
    0.0020444053     0.0032235130     0.0025376184
    0.0054926045     0.0065774482    -0.0069812721
    0.0001939710    -0.0017080035    -0.0002824460
    0.0023945022     0.0088653954     0.0023815247
    0.0107342999    -0.0051714436     0.0029760049
   -0.0028487630     0.0029939162     0.0027993114
   -0.0002839498    -0.0021320879    -0.0016445373
   -0.0700337219     0.1195447974    -0.0078810837
    0.0014764842     0.0241082845    -0.0694837484
---------------------------------------------------
Net gradient:  2.941751e-09  5.287516e-09  1.933070e-09
Net torque:    8.860357e-04 -1.570014e-04  2.450103e-04

Total processing time: 7.26 sec 

 Job finished: Mon May 20 14:11:32 2019

