Startfile from command line: /home/lum/5ly6/refine4_normalize_0.5_0.3_50/ase/27/27_capping.sp


       ***********************************************************
       *                    TeraChem v1.93P                      *
       *                 Hg Version: 79b87f121f2d                *
       *                   Production Version                    *
       *                Compiled without textures                *
       *           Chemistry at the Speed of Graphics!           *
       ***********************************************************
       * This program may only be used in connection with        *
       * a valid license from PetaChem, LLC. Use of this program *
       * or results thereof indicates acceptance of all terms    *
       * and conditions stated in the license and that a valid   *
       * license agreement between the user and PetaChem, LLC    *
       * exists. PetaChem, LLC does not warrant the correctness  *
       * of results or their suitability for any purpose.        *
       * Please email bugs, suggestions, and comments to         *
       *                  help@petachem.com                      *
       *                                                         *
       ***********************************************************


       ***********************************************************
       *  Compiled by toddmtz      Wed Aug 16 03:32:31 PDT 2017  *
       *  Supported architectures: sm_20 sm_30 sm_50 sm_60       *
       *  Cuda compilation tools, release 8.0, V8.0.44           *
       ***********************************************************


 Job started   Tue Apr  9 22:52:26 2019
 On cu33 (available memory: 52986 MB)

######################################### RUNTIME INFO ##########################################
/public/qmsoft/TeraChem/bin/terachem /home/lum/5ly6/refine4_normalize_0.5_0.3_50/ase/27/27_capping.sp 

NVRM version: NVIDIA UNIX x86_64 Kernel Module  396.26  Mon Apr 30 18:01:39 PDT 2018
GCC version:  gcc version 4.8.5 20150623 (Red Hat 4.8.5-4) (GCC) 

	linux-vdso.so.1 (0x00007ffe793f6000)
	libcurl.so.4 => /lib64/libcurl.so.4 (0x00002b80b67db000)
	libintbox.so.1 => /public/qmsoft/TeraChem/lib/libintbox.so.1 (0x00002b80b6a43000)
	libthcbox.so.1 => /public/qmsoft/TeraChem/lib/libthcbox.so.1 (0x00002b80d6651000)
	libgridbox.so.1 => /public/qmsoft/TeraChem/lib/libgridbox.so.1 (0x00002b80d81bb000)
	libdftbox.so.1 => /public/qmsoft/TeraChem/lib/libdftbox.so.1 (0x00002b80d86ac000)
	libcublas.so.8.0 => /public/qmsoft/TeraChem/lib/libcublas.so.8.0 (0x00002b80d89bd000)
	libcufft.so.8.0 => /public/qmsoft/TeraChem/lib/libcufft.so.8.0 (0x00002b80db36d000)
	libcuda.so.1 => /public/qmsoft/TeraChem/lib/libcuda.so.1 (0x00002b80e41bb000)
	libcudart.so.8.0 => /public/qmsoft/TeraChem/lib/libcudart.so.8.0 (0x00002b80e513b000)
	libcrypto.so.10 => /lib64/libcrypto.so.10 (0x00002b80e53a1000)
	libssl.so.10 => /lib64/libssl.so.10 (0x00002b80e5788000)
	libm.so.6 => /lib64/libm.so.6 (0x00002b80e59f5000)
	libcilkrts.so.5 => /public/qmsoft/TeraChem/lib/libcilkrts.so.5 (0x00002b80e5cf7000)
	libstdc++.so.6 => /lib64/libstdc++.so.6 (0x00002b80e5f38000)
	libgcc_s.so.1 => /lib64/libgcc_s.so.1 (0x00002b80e6240000)
	libpthread.so.0 => /lib64/libpthread.so.0 (0x00002b80e6456000)
	libdl.so.2 => /lib64/libdl.so.2 (0x00002b80e6674000)
	libc.so.6 => /lib64/libc.so.6 (0x00002b80e6878000)
	/lib64/ld-linux-x86-64.so.2 (0x00002b80b65b8000)
	libidn.so.11 => /lib64/libidn.so.11 (0x00002b80e6c25000)
	libssh2.so.1 => /lib64/libssh2.so.1 (0x00002b80e6e58000)
	libssl3.so => /lib64/libssl3.so (0x00002b80e7082000)
	libsmime3.so => /lib64/libsmime3.so (0x00002b80e72c4000)
	libnss3.so => /lib64/libnss3.so (0x00002b80e74eb000)
	libnssutil3.so => /lib64/libnssutil3.so (0x00002b80e7811000)
	libplds4.so => /lib64/libplds4.so (0x00002b80e7a3d000)
	libplc4.so => /lib64/libplc4.so (0x00002b80e7c41000)
	libnspr4.so => /lib64/libnspr4.so (0x00002b80e7e46000)
	libgssapi_krb5.so.2 => /lib64/libgssapi_krb5.so.2 (0x00002b80e8084000)
	libkrb5.so.3 => /lib64/libkrb5.so.3 (0x00002b80e82d0000)
	libk5crypto.so.3 => /lib64/libk5crypto.so.3 (0x00002b80e85b5000)
	libcom_err.so.2 => /lib64/libcom_err.so.2 (0x00002b80e87e7000)
	liblber-2.4.so.2 => /lib64/liblber-2.4.so.2 (0x00002b80e89eb000)
	libldap-2.4.so.2 => /lib64/libldap-2.4.so.2 (0x00002b80e8bfa000)
	libz.so.1 => /lib64/libz.so.1 (0x00002b80e8e4d000)
	librt.so.1 => /lib64/librt.so.1 (0x00002b80e9063000)
	libnvidia-fatbinaryloader.so.396.26 => /lib64/libnvidia-fatbinaryloader.so.396.26 (0x00002b80e926b000)
	libkrb5support.so.0 => /lib64/libkrb5support.so.0 (0x00002b80e94b7000)
	libkeyutils.so.1 => /lib64/libkeyutils.so.1 (0x00002b80e96c6000)
	libresolv.so.2 => /lib64/libresolv.so.2 (0x00002b80e98ca000)
	libsasl2.so.3 => /lib64/libsasl2.so.3 (0x00002b80e9ae1000)
	libselinux.so.1 => /lib64/libselinux.so.1 (0x00002b80e9cfe000)
	libcrypt.so.1 => /lib64/libcrypt.so.1 (0x00002b80e9f23000)
	libpcre.so.1 => /lib64/libpcre.so.1 (0x00002b80ea15a000)
	liblzma.so.5 => /lib64/liblzma.so.5 (0x00002b80ea3bb000)
#################################################################################################

       ********************** License Check **********************
       * Use license from: /public/qmsoft/TeraChem/license.dat
       * Available Host id: AC1F6B20BA82
       * Available Host id: AC1F6B20BA83
       * Available Host id: 52540000F6B3
       * Available Host id: 52540000F6B3
       * License Host id: AC1F6B20BA82
       * License expires: 2019-10-21
       ********************** License OK *************************
  _________________________________
 |         DFTD3 V3.0 Rev 2        |
 | S.Grimme, University Bonn       |
 |           Aug  2013             |
  _________________________________
 
 Please cite DFT-D3 work done with this code as:
 S. Grimme, J. Antony, S. Ehrlich and H. Krieg,
 J. Chem. Phys. 132 (2010), 154104
 If used with BJ-damping cite also
 S. Grimme, S. Ehrlich and L. Goerigk,
 J. Comput. Chem. 32 (2011), 1456-1465
 For DFT-D2 the reference is
 S. Grimme, J. Comput. Chem., 27 (2006), 1787-1799
 
Scratch directory: /tmp/lum/5ly6/refine4_normalize_0.5_0.3_50/ase/27/scr
Random number seed: 1351351

XYZ coordinates /home/lum/5ly6/refine4_normalize_0.5_0.3_50/ase/27/27_capping.xyz
Molden File Output: /tmp/lum/5ly6/refine4_normalize_0.5_0.3_50/ase/27/scr/27_capping.molden
Using basis set: 6-31g
Spin multiplicity: 1
DIIS will use up to 10 vectors.
WF convergence threshold: 3.00e-05
Using DIIS algorithm to converge WF
Maximum number of SCF iterations: 200
Incremental fock with rebuild every 8 iterations
Will switch to conventional Fock if diffuse functions are detected
X-matrix tolerance: 1.00e-04
PRECISION: DYNAMIC
DFT Functional requested: hf
Method: Hartree-Fock  with dispersion correction
Wavefunction: RESTRICTED
Initial guess generated by maximum overlap

********************************************
**** SINGLE POINT GRADIENT CALCULATIONS ****
********************************************
SCF:   Initial guess is taken from previous step
COSMO model for polarizable continuum model enabled
*************WARNING***************
Unrecognized or unnecessary keywords:
These are being ignored.
   multibasis se
   Cl lanl2dz_ecp
   Cd lanl2dz_ecp
   Zn lanl2dz_ecp
   Mg lanl2dz_ecp
***********************************

using 4 out of 4 CUDA devices
   Device 0:  GeForce GTX 1080 Ti, 11178MB, CC 6.1 -- CPU THREAD 0
   Device 1:  GeForce GTX 1080 Ti, 11178MB, CC 6.1 -- CPU THREAD 1
   Device 2:  GeForce GTX 1080 Ti, 11178MB, CC 6.1 -- CPU THREAD 2
   Device 3:  GeForce GTX 1080 Ti, 11178MB, CC 6.1 -- CPU THREAD 3
-------------------------------------------------------------------
Compiled with MAGMA support.  MAGMA parameters:
    Matrices larger than 5000 square will be treated with MAGMA
       (Change by setting the MagmaMinN environment variable)
    Magma will use 1 out of 4 GPUs
       (Change by setting the MagmaNGPUs environment variable)
-------------------------------------------------------------------
 CPU Memory Available: 8018.12 MegaWords 
 GPU Memory Available: 1141.31 MegaWords 
 Maximum recommended basis set size: 12200 basis functions
 (limited by GPU memory)
-------------------------------------------------------------------
Not using d-functions. Configuring GPUs accordingly.
0: CUBLAS initialized, available GPU memory: 9669MB
1: CUBLAS initialized, available GPU memory: 9669MB
2: CUBLAS initialized, available GPU memory: 9669MB
3: CUBLAS initialized, available GPU memory: 9669MB


Basis set:       6-31g
Total atoms:     379
Total charge:    -1
Total electrons: 1428 (714-alpha, 714-beta)
Number electrons modeled by ECPs: 0
Total orbitals:  2081
Total AO shells: 1325 (947 S-shells; 378 P-shells; 0 D-shells; 0 F-shells; 0 G-shells)
Spin multiplicity: 1
Nuclear repulsion energy (QM atoms): 62541.515560481414 a.u.

DFTD Energy:    -3.1368539 hartree
=COSMO= Number of H atoms in QM atoms:190
=COSMO= Number of Heavy atoms in QM atoms:189
=COSMO= size of A matrix:3177958088 bytes
=COSMO= ++++++++++++++++++++++++++++++ COSMO parameters ++++++++++++++++++++++++++++++
=COSMO= I. Cavity Information:
=COSMO= SAS(Solvent accesible surface) initialization finished
=COSMO= Time for initializing Molecular Surface:0.41546500 (sec)
=COSMO= Time for initializing cosmo calculation:12.60864941 (sec)
=COSMO= Cavity effective radius(Angstrom) (r_solv+r_vdw-dsc) was written into /tmp/lum/5ly6/refine4_normalize_0.5_0.3_50/ase/27/scr/ratom.txt
=COSMO= Solvent Dielectric Constant:78.390000
=COSMO= Cosmo Solvent radius:0.000000
=COSMO= Cosmo charge scaling method:0
=COSMO= Cavity built with Lebedev Grid
=COSMO= Grid points/QM Hydrogen: 110
=COSMO= Grid points/QM Heavy atom: 110
=COSMO= Herbert Switching-Gaussian method turned on
=COSMO= After removing points inside of SAS:
=COSMO= Total number of segments on molecular surface:19931
=COSMO= Number of segments belonging to QM atoms:19931
=COSMO= Total surface area of cavity: 2682.8421(Angstrom^2)
=COSMO= Total volume of cavity: 1537.4806 (Angstrom^3)
=COSMO= II. COSMO integral options:
=COSMO= Building COMSO c vector with original algorithm
=COSMO= COSMO one-electron integral threshold: 1e-12 
=COSMO= III. Linear solver options:
=COSMO= Initialize COSMO for A matrix in full storage form
=COSMO= CG precondtioner:Jacobi
=COSMO= Tight CG convergence threshold:1e-06
=COSMO= CG dynamic threshold: on
=COSMO= Adjust CG convergence threshold dynamically
=COSMO= IV. PCM field read/write options:
=COSMO= PCM field is not written to files
=COSMO= No PCM field file is read in
=COSMO= ++++++++++++++++++++++++++++++++++++++++++++++++++++++++++++++++++++++++++++++++

                      *** Start SCF Iterations ***

 Iter     DIIS Error       Energy change         Energy              E_PCM      Time(s)
---------------------------------------------------------------------------------------
         >>> Purifying P... IDMP = 3.72e-14 <<<
THRESPDP set to 1.00e+00
   1     0.2692576093   -9065.4472185715   -9065.4472185715     -0.9864405731    7.36  
   2     0.2003825514     -44.6467963955   -9110.0940149670     -0.6585753833    8.25  
   3     0.0448301571      -6.2002908809   -9116.2943058479     -0.7702404538    8.01  
   4     0.0176680853      -0.7789624577   -9117.0732683056     -0.6974770689    7.66  
THRESPDP set to 7.67e-05
   5     0.0054386136      -0.1079911684   -9117.1812594740     -0.7332558093    8.30  
   6     0.0033526266      -0.0100104782   -9117.1912699521     -0.7384809374    6.79  
   7     0.0020926552      -0.0018323281   -9117.1931022802     -0.7412870043    6.62  
   8     0.0012152134      -0.0003518468   -9117.1934541270     -0.7424789953    6.15  
   9     0.0007536184      -0.0000550884   -9117.1935092155     -0.7427740498    6.03  
  10     0.0003911731      -0.0000132407   -9117.1935224562     -0.7428892413    5.77  
  11     0.0002239368      -0.0000027121   -9117.1935251683     -0.7429086932    5.47  
  12     0.0001024157      -0.0000009250   -9117.1935260933     -0.7429186224    5.33  
  13     0.0000452729      -0.0000008596   -9117.1935269529     -0.7429170901    7.24  
  14     0.0000158360      -0.0000001240   -9117.1935270769     -0.7429145236    4.13  
---------------------------------------------------------------------------------------
FINAL ENERGY: -9117.1935270769 a.u.
DISPERSION CONTRIBUTION TO ENERGY: -3.1368538591 a.u.
C-PCM contribution to final energy:-0.7429145236 a.u. ( already included in final energy )
Computing C-PCM contribution to gradient...
CENTER OF MASS: {42.175411, 34.486242, 75.086143} ANGS
DIPOLE MOMENT: {-8.994169, -41.722057, 60.752702} (|D| = 74.246319) DEBYE

Running Mulliken population analysis...

Writing out molden info

Gradient units are Hartree/Bohr
---------------------------------------------------
        dE/dX            dE/dY            dE/dZ
   -0.0361961710     0.0960366912    -0.0525400506
   -0.0026130497     0.0072727241     0.0017722178
    0.0026474047    -0.0064399495    -0.0003731869
    0.0001448264     0.0031347580     0.0005168943
    0.0025255869     0.0045605692    -0.0047396639
    0.0017226215     0.0010431996     0.0007862741
    0.0050007802     0.0158586748    -0.0082115653
    0.0023673601     0.0009366909    -0.0021479744
    0.0021159371    -0.0000439319     0.0001081130
    0.0007764807    -0.0006850983     0.0003384068
   -0.0011651781    -0.0007359686    -0.0005742535
   -0.0007186488    -0.0000965129    -0.0001268312
   -0.0003895739    -0.0001052436    -0.0015097734
    0.0014512064    -0.0012543770     0.0052129984
   -0.0005888450    -0.0033773403    -0.0009014696
    0.0014387867     0.0003379656     0.0001370287
   -0.0000932851     0.0013745390     0.0005769631
   -0.0004923232     0.0008840674     0.0003503376
   -0.0001938613     0.0011372352     0.0017717544
    0.0003642755     0.0008429538    -0.0011635763
    0.0004589878     0.0002346331     0.0001234229
   -0.0000269943     0.0003597691     0.0016100034
    0.0009102333     0.0015475722     0.0008260685
   -0.0000401678     0.0003590348    -0.0000505271
   -0.0000883425     0.0004032026     0.0007499546
   -0.0013501878    -0.0007020278    -0.0004512927
   -0.0011463847    -0.0000731925     0.0001693899
   -0.0009700752    -0.0002691320     0.0003515651
    0.0001161906    -0.0006334646    -0.0015796288
   -0.0062068196    -0.0065355954     0.0043596927
    0.0909427767    -0.0168704212     0.0207551107
   -0.0092235996     0.0227790062    -0.0075845340
   -0.0016860226    -0.0011282027    -0.0002870665
    0.0018572660     0.0019268186     0.0004216763
    0.0027775300     0.0027907424    -0.0002404743
    0.0013891548     0.0015597616    -0.0003767290
    0.0004615940     0.0005496587    -0.0007315513
   -0.0025399902    -0.0006794374     0.0004637849
    0.0012170803    -0.0000796340     0.0006873497
    0.0018740299    -0.0009650012     0.0038969912
   -0.0001614885     0.0011151517     0.0019784490
   -0.0012591274     0.0000889589    -0.0014183459
   -0.0023574587    -0.0006661853    -0.0011945935
    0.0002446989     0.0006770300    -0.0007674355
   -0.0052864321    -0.0048234231    -0.0047300445
    0.0027490831     0.0002177629    -0.0016402993
   -0.0031000841    -0.0015428397     0.0010804081
    0.0022495048     0.0000557188     0.0002932735
   -0.0000379425    -0.0005776147    -0.0012820626
   -0.0558847310     0.0546083767    -0.0736712104
   -0.0007647144     0.0180813655     0.0006207931
   -0.0216002589     0.0604122473     0.0687589939
    0.0229042273    -0.0329244153    -0.0055985222
    0.0060825159     0.0004272369    -0.0103107363
    0.0041292148     0.0012828892     0.0020982001
   -0.0022559843    -0.0006863685    -0.0035627285
   -0.0006513744     0.0026113851     0.0034085047
    0.0030462508    -0.0002510576     0.0002133279
   -0.0008081917     0.0010309236    -0.0199304383
    0.0010368526    -0.0002033930    -0.0027830943
    0.0007528365     0.0005179659     0.0004225053
   -0.0012680026     0.0006277359    -0.0014946291
   -0.0000842338     0.0001187589    -0.0014468071
    0.0010457613    -0.0014055881    -0.0010095995
    0.0174017877    -0.0809576659     0.0919427832
    0.0131266248    -0.0108666387    -0.0017568285
    0.0477044940    -0.0445709104    -0.0681532139
   -0.0244552472     0.0363386747     0.0071157587
   -0.0007421189     0.0043467167     0.0096215491
    0.0024195683     0.0000494209    -0.0035745957
   -0.0022448188     0.0037290868     0.0014692230
   -0.0003530743     0.0048662097    -0.0001836515
    0.0063540465    -0.0076646343     0.0044315710
   -0.0072050826     0.0020822305    -0.0029546466
   -0.0060069723     0.0039315063    -0.0107471348
    0.0033264499     0.0032717375     0.0184915548
   -0.0027557644     0.0037939237     0.0043621897
   -0.0005361957     0.0017082232    -0.0045831584
    0.0006094264     0.0001456262    -0.0002197987
    0.0001889557    -0.0000434728     0.0024980719
    0.0003563723     0.0011679401     0.0012352169
    0.0021063826    -0.0004663487     0.0003236267
    0.0003972848     0.0004146107     0.0004161285
   -0.0012167989    -0.0029061959    -0.0031147463
   -0.0019477343     0.0004577677    -0.0023671394
    0.0126804701    -0.0044647065     0.0012281781
   -0.0024790160     0.0014640803    -0.0026104967
   -0.0005093437    -0.0015552730     0.0161562261
    0.0137902354    -0.0610509375     0.0929231327
   -0.0013897927    -0.0149396454    -0.0020399199
    0.0001135662     0.0019341328    -0.0053032233
   -0.0005643340    -0.0011047588     0.0017209175
    0.0072182492     0.0066012836     0.0052748658
    0.0022524501    -0.0027135592    -0.0033333565
   -0.0016846339     0.0007996498     0.0011051298
    0.0105445510    -0.0102082395     0.0134093639
    0.0003597632     0.0026856140     0.0003025743
   -0.0010574807    -0.0014357143     0.0003854354
    0.0003794511     0.0005346741    -0.0003555295
    0.0001814576    -0.0005861568    -0.0000837617
   -0.0000684741     0.0009273120    -0.0005341719
    0.0008786055    -0.0004711609    -0.0017785514
    0.0000519581     0.0009159108    -0.0003355732
   -0.0000517359    -0.0002590095    -0.0007094078
    0.0005165496    -0.0001869682    -0.0031376328
   -0.0064999731     0.0007164429     0.0015500255
    0.0152302406    -0.0483343201    -0.0773246428
    0.0170258786     0.0284687899     0.0194427306
    0.0013976801    -0.0003099809    -0.0003491516
   -0.0014871717    -0.0023421929     0.0000303747
   -0.0001107055     0.0008663338    -0.0035312444
    0.0009600721     0.0017168352     0.0007560921
    0.0005758878     0.0002611828     0.0022001859
   -0.0015075266    -0.0011572781    -0.0007859947
    0.0006843755     0.0009929523    -0.0002118945
   -0.0000196645     0.0027784105    -0.0013167127
    0.0019182946     0.0028888172     0.0024112962
   -0.0005945594     0.0007495890     0.0014632853
    0.0003222703     0.0005639692    -0.0008137454
    0.0003088317    -0.0010178064    -0.0000284569
    0.0003944084    -0.0005719544    -0.0014502848
   -0.0000064757     0.0009723905    -0.0002248042
   -0.0016614711    -0.0023166202     0.0020060817
   -0.0003167078     0.0011277543     0.0004273770
   -0.0000101880    -0.0038628466     0.0012513364
    0.0505586855    -0.0212194449    -0.0947180045
    0.0024252613    -0.0105086156    -0.0057692003
   -0.0063181497    -0.0064481289     0.0027718740
   -0.0004029636     0.0049329676     0.0042021719
    0.0022312399     0.0095668468    -0.0040458416
   -0.0018904573    -0.0025827694    -0.0013657634
   -0.0051784782    -0.0017809400     0.0001884335
   -0.0006526346     0.0025086494    -0.0003387564
    0.0036907537     0.0130908207    -0.0177779116
    0.0002824807     0.0034208644     0.0009068301
   -0.0008701433    -0.0041103739    -0.0019289186
    0.0007061149     0.0028750191     0.0005610731
   -0.0010009840     0.0008302200     0.0011607412
   -0.0001844692     0.0009385346     0.0001910801
   -0.0004058614     0.0004577171     0.0005896497
    0.0011766692     0.0026403597     0.0005792658
    0.0006021796    -0.0001754309    -0.0012424364
   -0.0001815342    -0.0013763218    -0.0006072184
    0.0010127024     0.0000404822     0.0002425316
    0.0042759056     0.0037708704    -0.0041362984
   -0.0006161760     0.0017706665     0.0029601350
    0.0013682476     0.0009834057    -0.0006871463
    0.0008686572     0.0021115431     0.0008395625
    0.0012647680     0.0019043292     0.0003990862
    0.0000798313    -0.0044659792     0.0000691865
    0.0001696249     0.0006988428    -0.0007179068
   -0.0013104438    -0.0007977944    -0.0002334658
   -0.0001079994    -0.0006448783    -0.0005524883
    0.0007460061     0.0002227707     0.0007219011
    0.0005929327     0.0028145466    -0.0004843306
    0.0010211922    -0.0029233209    -0.0010724148
   -0.0004944499    -0.0006306569    -0.0000150698
    0.0016804266    -0.0020137648    -0.0040948551
   -0.0019504933     0.0038986350     0.0036312309
    0.0004204219     0.0004414994     0.0010481295
    0.0004409794    -0.0000435395    -0.0023873191
   -0.0015411937    -0.0021360278    -0.0018295308
    0.0014825952     0.0011002269    -0.0016790209
    0.0019499726     0.0076730960     0.0015251221
    0.0001515297    -0.0011871405    -0.0004817296
   -0.0002565759    -0.0000061662    -0.0002707340
   -0.0013634855    -0.0022213686     0.0022923710
    0.0019942075    -0.0012246469    -0.0044138970
    0.0002228614     0.0004936101    -0.0001103101
    0.0003938528     0.0020098127     0.0011238583
   -0.0011550800     0.0000462930     0.0006628614
   -0.0005181169    -0.0021184741    -0.0023225386
   -0.0003590600     0.0006480944    -0.0005441052
   -0.0007325529     0.0000397171     0.0007666874
   -0.0012193423    -0.0009277458     0.0010399379
   -0.0011766787    -0.0016750740    -0.0003552671
   -0.0001482342    -0.0007689592    -0.0011087938
    0.0004464257    -0.0001730553    -0.0002641820
    0.0009373456    -0.0002080860    -0.0013396916
   -0.0004570896     0.0005559887    -0.0000213167
   -0.0008217531    -0.0006813746     0.0005556891
   -0.0013680788    -0.0020289387     0.0004240377
   -0.0014819814    -0.0010840626     0.0017324360
    0.0011232098     0.0023185166    -0.0012168079
   -0.0007031896    -0.0014914985    -0.0002760162
   -0.0009422122    -0.0013146969     0.0003500855
    0.0002940742     0.0008207363    -0.0000003922
   -0.0009580186    -0.0007861883    -0.0000851932
    0.0005792627    -0.0003187321    -0.0001611850
   -0.0000762639     0.0018795505     0.0001574824
   -0.0005230674     0.0006071265    -0.0002482959
   -0.0003575826    -0.0006033365     0.0002963411
   -0.0007784823    -0.0003007962    -0.0015289398
    0.0000943941     0.0014189749    -0.0004782891
   -0.0003779733    -0.0009722428    -0.0000836312
   -0.0000761025     0.0007317212    -0.0004954557
   -0.0007032215    -0.0004806993     0.0000814343
   -0.0002898642     0.0004741984     0.0006125560
   -0.0030068461     0.0034111328     0.0018308899
   -0.0005811284    -0.0016021377     0.0013959673
    0.0003118287    -0.0009445480    -0.0007721939
   -0.0000543425     0.0010793285    -0.0001214164
    0.0013595348    -0.0018986970     0.0003322827
    0.0020326452     0.0004575495    -0.0005566026
   -0.0000554725     0.0006058390     0.0000433728
    0.0000425411     0.0017422838     0.0014266271
    0.0011421218    -0.0003249550    -0.0020072904
   -0.0015868851    -0.0000712884     0.0028932424
    0.0008652701     0.0002821622    -0.0008212626
    0.0009200807     0.0005881239     0.0003707852
   -0.0007805192    -0.0005418229     0.0002381261
   -0.0006286384     0.0007947199    -0.0000042297
   -0.0003068610    -0.0019470925    -0.0007471083
    0.0000312695     0.0014143995     0.0005276207
    0.0000610254     0.0002748336     0.0003192170
    0.0011561654     0.0011707531    -0.0010425986
    0.0001285359     0.0008627936    -0.0005031584
    0.0001579183    -0.0002704668    -0.0001832548
    0.0001789475     0.0007167754     0.0001055394
    0.0035665341    -0.0002219215    -0.0008519440
   -0.0042106889     0.0011677028    -0.0001512102
   -0.0003377938    -0.0008866170    -0.0006625029
   -0.0011281293     0.0004998619    -0.0027313043
    0.0008996295    -0.0005059385     0.0007007569
   -0.0000998925    -0.0001503814    -0.0002591487
   -0.0013006055    -0.0012448018    -0.0001798750
   -0.0003976975     0.0004615393    -0.0002024940
    0.0011565843     0.0010986657    -0.0003572763
   -0.0002241370     0.0009472118     0.0003414057
   -0.0004554739     0.0002511521    -0.0003903165
   -0.0006058536     0.0004908579    -0.0001588808
   -0.0009407984     0.0009412539    -0.0007454086
    0.0000638905     0.0000309729     0.0000863258
   -0.0031455555     0.0026814554     0.0008214659
    0.0004871316    -0.0004293551    -0.0014166437
    0.0008211624    -0.0006273943     0.0017777561
   -0.0004301017     0.0002328631     0.0005649883
    0.0005300390    -0.0012915552     0.0003212820
   -0.0010706511    -0.0000661838    -0.0002470653
    0.0007042558    -0.0000705326    -0.0000360268
    0.0005162386    -0.0004309060    -0.0000328106
    0.0041061241    -0.0007505006     0.0020376288
   -0.0019387295     0.0004277068    -0.0004656440
    0.0003278184    -0.0008281004    -0.0009836059
    0.0010894655     0.0008319693     0.0004695798
    0.0000624267    -0.0002464216     0.0000377893
   -0.0000118090    -0.0002739289    -0.0010651135
    0.0004826742     0.0004649812    -0.0002641244
    0.0003229640    -0.0003594070     0.0004024004
   -0.0003623727     0.0006645437    -0.0003072085
   -0.0006753117    -0.0007205336     0.0007486062
    0.0004147604    -0.0006118703     0.0003136170
    0.0000480029     0.0000599073    -0.0012785664
   -0.0045834335     0.0006384055    -0.0015045768
    0.0016363734    -0.0051919927     0.0021929510
   -0.0013036295     0.0009951278    -0.0011939007
    0.0037277445     0.0018503235     0.0009348703
   -0.0014258750    -0.0026074102     0.0036809610
    0.0022744312    -0.0004095220    -0.0038267983
   -0.0025702907     0.0012061933     0.0009653609
   -0.0005771916     0.0008927459     0.0009641444
    0.0005029486     0.0012777547    -0.0013328344
    0.0004952934    -0.0018293693    -0.0000409361
    0.0003734079     0.0012730134    -0.0014348977
    0.0003739869     0.0007998545    -0.0000823025
    0.0010277200    -0.0007606416     0.0001118730
    0.0008332711    -0.0007401052    -0.0009174403
    0.0001620353    -0.0001501833    -0.0006797392
    0.0004665346    -0.0004196980    -0.0000762654
   -0.0001226487    -0.0010629800    -0.0001859918
    0.0002059330    -0.0000247947    -0.0000741833
   -0.0005293383    -0.0012783198     0.0002136473
   -0.0003829515    -0.0002506281     0.0006072904
    0.0021346128     0.0010636632    -0.0014231964
    0.0005666586    -0.0022683393    -0.0018080791
   -0.0005325246     0.0027757333     0.0039033935
    0.0002114574    -0.0008034504    -0.0016331500
   -0.0002370090    -0.0022045901     0.0017226512
    0.0001557040     0.0009159644    -0.0010257967
   -0.0008886163     0.0000220250    -0.0018497398
    0.0000871818     0.0001765691     0.0000759509
    0.0000396329    -0.0000907959     0.0001281842
    0.0003595507     0.0003144808    -0.0008550296
    0.0004369745    -0.0001724166     0.0004637969
   -0.0001855501    -0.0006531605    -0.0001716102
   -0.0002018535     0.0008546238     0.0013567586
   -0.0000786576    -0.0005107393    -0.0006048451
   -0.0002369674    -0.0017746174    -0.0035114487
   -0.0004262313     0.0020499589     0.0025946518
    0.0036703125    -0.0018088212    -0.0020663081
   -0.0005770575     0.0001949657     0.0004650292
    0.0010035669    -0.0018936127    -0.0007629024
   -0.0006436839     0.0008959466     0.0008795940
   -0.0030332169    -0.0026910972    -0.0006498888
    0.0034746565     0.0012016489    -0.0011089869
   -0.0012495880    -0.0003318525     0.0014703217
   -0.0001550173     0.0006057783     0.0012083233
    0.0001048762    -0.0011086122    -0.0006735189
   -0.0006982909     0.0004879458     0.0001297642
   -0.0002812586    -0.0000722841     0.0001605992
    0.0007464633     0.0000587317    -0.0005422652
    0.0010626554    -0.0007602800    -0.0011917974
    0.0004249731    -0.0003799224    -0.0004471441
    0.0008051683     0.0000532060     0.0004624253
   -0.0002006403    -0.0015025133     0.0007206105
    0.0001211261     0.0004518293    -0.0005285340
    0.0002550915     0.0006039172     0.0014129046
   -0.0009644733    -0.0013596595    -0.0002954251
    0.0007241165     0.0001551266     0.0008746103
   -0.0021630902    -0.0004983994    -0.0018477047
   -0.0006235533     0.0003143944     0.0009234375
   -0.0016333637     0.0004720578     0.0002690247
   -0.0001703501    -0.0008085673     0.0003280961
    0.0002175519    -0.0004359439     0.0001563589
    0.0005933490     0.0014174147     0.0000308764
    0.0003833281     0.0006938218     0.0006973824
   -0.0006951994    -0.0001159317    -0.0004665055
    0.0001838862    -0.0000187230     0.0007137474
    0.0002883776    -0.0011125851    -0.0004313159
    0.0003997530     0.0000290436    -0.0002589744
   -0.0002773460    -0.0015067733    -0.0006327850
   -0.0002686893    -0.0012260442    -0.0009348264
   -0.0000304719     0.0016023757     0.0021284001
    0.0000619562    -0.0014495050     0.0004353106
    0.0014719900     0.0004201457     0.0022072500
   -0.0015075912    -0.0031751556     0.0001070250
   -0.0017822783    -0.0000336356    -0.0023141275
    0.0021126913     0.0000319561     0.0033149700
    0.0007863567    -0.0004165877    -0.0002233254
    0.0008285470     0.0008598094     0.0012544791
    0.0001583555    -0.0002254739     0.0002932613
   -0.0001167714    -0.0004306556     0.0001697103
    0.0000445026    -0.0009537695     0.0002763236
    0.0001022338     0.0005670254    -0.0008122342
    0.0001759775    -0.0007862545     0.0008446927
    0.0020740080    -0.0077573945    -0.0036120920
   -0.0007047020     0.0055170207     0.0036202056
   -0.0058773200     0.0056108635    -0.0014598342
    0.0029106197    -0.0022673772    -0.0017304745
    0.0022976531     0.0002643477     0.0000274649
   -0.0166740218     0.0050337980    -0.0005296543
    0.0068995216    -0.0040903469    -0.0023265413
    0.0105733820    -0.0008931250    -0.0002505634
   -0.0006856079     0.0054656923     0.0029092057
   -0.0001899001    -0.0022864933    -0.0025602245
   -0.0001007589    -0.0007847823    -0.0010781821
    0.0001850644    -0.0008687420    -0.0004181721
   -0.0012120088    -0.0065370870    -0.0049852006
   -0.0022900476    -0.0039879831     0.0071591104
   -0.0184841716    -0.0346729055    -0.0801217470
    0.0177734081     0.0263745431     0.0098223365
    0.0012638460     0.0019038022     0.0008010377
   -0.0000478782    -0.0031294059    -0.0020871279
    0.0005884503     0.0018237960    -0.0004810280
   -0.0019815418    -0.0010976296     0.0002813134
    0.0008770992     0.0009046062     0.0043476717
    0.0038069389     0.0057097066     0.0030951168
   -0.0007863461    -0.0010144623    -0.0002769099
   -0.0009887333    -0.0022125261    -0.0017258355
    0.0003488976    -0.0004825184    -0.0004705318
    0.0007536469     0.0037835904     0.0010543066
    0.0000856854    -0.0002376029    -0.0004434629
   -0.0011457874    -0.0031860340    -0.0006433321
   -0.0007200379    -0.0006641457    -0.0002015783
   -0.0001477400     0.0014981951     0.0000965119
   -0.0004874035     0.0001767139     0.0001208862
    0.0008952698     0.0007111890    -0.0019684593
    0.0004071236    -0.0001297257    -0.0003820447
   -0.0010919550     0.0006471361    -0.0025285260
    0.0224014602    -0.1181832263     0.0661476153
   -0.0714109623     0.0035058708    -0.0139496641
    0.0482320811    -0.0839747681     0.0976782927
    0.0072181610    -0.0342240359    -0.0631212996
   -0.0326592955     0.0784569171    -0.1068496621
   -0.0336924008     0.0217486232     0.0595643477
   -0.0313406437     0.0780136451    -0.1066558980
   -0.0293333068     0.0188899469     0.0622720024
   -0.0501375386     0.0070325793     0.1269987273
    0.0028484268     0.0120974433     0.0712095433
---------------------------------------------------
Net gradient:  3.083209e-09  1.217288e-09  1.548125e-09
Net torque:   -1.705258e-03  7.230102e-03  3.705441e-03

Total processing time: 127.66 sec 

 Job finished: Tue Apr  9 22:54:46 2019

