Startfile from command line: /home/lum/5ly6/refine12_weight_0.1_stpmax_8/ase/47/47_capping.sp


       ***********************************************************
       *                    TeraChem v1.93P                      *
       *                 Hg Version: 79b87f121f2d                *
       *                   Production Version                    *
       *                Compiled without textures                *
       *           Chemistry at the Speed of Graphics!           *
       ***********************************************************
       * This program may only be used in connection with        *
       * a valid license from PetaChem, LLC. Use of this program *
       * or results thereof indicates acceptance of all terms    *
       * and conditions stated in the license and that a valid   *
       * license agreement between the user and PetaChem, LLC    *
       * exists. PetaChem, LLC does not warrant the correctness  *
       * of results or their suitability for any purpose.        *
       * Please email bugs, suggestions, and comments to         *
       *                  help@petachem.com                      *
       *                                                         *
       ***********************************************************


       ***********************************************************
       *  Compiled by toddmtz      Wed Aug 16 03:32:31 PDT 2017  *
       *  Supported architectures: sm_20 sm_30 sm_50 sm_60       *
       *  Cuda compilation tools, release 8.0, V8.0.44           *
       ***********************************************************


 Job started   Fri May 31 08:30:27 2019
 On cu36 (available memory: 49230 MB)

######################################### RUNTIME INFO ##########################################
/public/qmsoft/TeraChem/bin/terachem /home/lum/5ly6/refine12_weight_0.1_stpmax_8/ase/47/47_capping.sp 

NVRM version: NVIDIA UNIX x86_64 Kernel Module  396.26  Mon Apr 30 18:01:39 PDT 2018
GCC version:  gcc version 4.8.5 20150623 (Red Hat 4.8.5-4) (GCC) 

	linux-vdso.so.1 (0x00007ffce7d48000)
	libcurl.so.4 => /lib64/libcurl.so.4 (0x00002b9555552000)
	libintbox.so.1 => /public/qmsoft/TeraChem/lib/libintbox.so.1 (0x00002b95557ba000)
	libthcbox.so.1 => /public/qmsoft/TeraChem/lib/libthcbox.so.1 (0x00002b95753c8000)
	libgridbox.so.1 => /public/qmsoft/TeraChem/lib/libgridbox.so.1 (0x00002b9576f32000)
	libdftbox.so.1 => /public/qmsoft/TeraChem/lib/libdftbox.so.1 (0x00002b9577423000)
	libcublas.so.8.0 => /public/qmsoft/TeraChem/lib/libcublas.so.8.0 (0x00002b9577734000)
	libcufft.so.8.0 => /public/qmsoft/TeraChem/lib/libcufft.so.8.0 (0x00002b957a0e4000)
	libcuda.so.1 => /public/qmsoft/TeraChem/lib/libcuda.so.1 (0x00002b9582f32000)
	libcudart.so.8.0 => /public/qmsoft/TeraChem/lib/libcudart.so.8.0 (0x00002b9583eb2000)
	libcrypto.so.10 => /lib64/libcrypto.so.10 (0x00002b9584118000)
	libssl.so.10 => /lib64/libssl.so.10 (0x00002b95844ff000)
	libm.so.6 => /lib64/libm.so.6 (0x00002b958476c000)
	libcilkrts.so.5 => /public/qmsoft/TeraChem/lib/libcilkrts.so.5 (0x00002b9584a6e000)
	libstdc++.so.6 => /lib64/libstdc++.so.6 (0x00002b9584caf000)
	libgcc_s.so.1 => /lib64/libgcc_s.so.1 (0x00002b9584fb7000)
	libpthread.so.0 => /lib64/libpthread.so.0 (0x00002b95851cd000)
	libdl.so.2 => /lib64/libdl.so.2 (0x00002b95853eb000)
	libc.so.6 => /lib64/libc.so.6 (0x00002b95855ef000)
	/lib64/ld-linux-x86-64.so.2 (0x00002b955532f000)
	libidn.so.11 => /lib64/libidn.so.11 (0x00002b958599c000)
	libssh2.so.1 => /lib64/libssh2.so.1 (0x00002b9585bcf000)
	libssl3.so => /lib64/libssl3.so (0x00002b9585df9000)
	libsmime3.so => /lib64/libsmime3.so (0x00002b958603b000)
	libnss3.so => /lib64/libnss3.so (0x00002b9586262000)
	libnssutil3.so => /lib64/libnssutil3.so (0x00002b9586588000)
	libplds4.so => /lib64/libplds4.so (0x00002b95867b4000)
	libplc4.so => /lib64/libplc4.so (0x00002b95869b8000)
	libnspr4.so => /lib64/libnspr4.so (0x00002b9586bbd000)
	libgssapi_krb5.so.2 => /lib64/libgssapi_krb5.so.2 (0x00002b9586dfb000)
	libkrb5.so.3 => /lib64/libkrb5.so.3 (0x00002b9587047000)
	libk5crypto.so.3 => /lib64/libk5crypto.so.3 (0x00002b958732c000)
	libcom_err.so.2 => /lib64/libcom_err.so.2 (0x00002b958755e000)
	liblber-2.4.so.2 => /lib64/liblber-2.4.so.2 (0x00002b9587762000)
	libldap-2.4.so.2 => /lib64/libldap-2.4.so.2 (0x00002b9587971000)
	libz.so.1 => /lib64/libz.so.1 (0x00002b9587bc4000)
	librt.so.1 => /lib64/librt.so.1 (0x00002b9587dda000)
	libnvidia-fatbinaryloader.so.396.26 => /lib64/libnvidia-fatbinaryloader.so.396.26 (0x00002b9587fe2000)
	libkrb5support.so.0 => /lib64/libkrb5support.so.0 (0x00002b958822e000)
	libkeyutils.so.1 => /lib64/libkeyutils.so.1 (0x00002b958843d000)
	libresolv.so.2 => /lib64/libresolv.so.2 (0x00002b9588641000)
	libsasl2.so.3 => /lib64/libsasl2.so.3 (0x00002b9588858000)
	libselinux.so.1 => /lib64/libselinux.so.1 (0x00002b9588a75000)
	libcrypt.so.1 => /lib64/libcrypt.so.1 (0x00002b9588c9a000)
	libpcre.so.1 => /lib64/libpcre.so.1 (0x00002b9588ed1000)
	liblzma.so.5 => /lib64/liblzma.so.5 (0x00002b9589132000)
#################################################################################################

       ********************** License Check **********************
       * Use license from: /public/qmsoft/TeraChem/license.dat
       * Available Host id: AC1F6B20F5BA
       * Available Host id: AC1F6B20F5BB
       * Available Host id: 5254002FE74B
       * Available Host id: 5254002FE74B
       * License Host id: AC1F6B20F5BA
       * License expires: 2019-10-21
       ********************** License OK *************************
  _________________________________
 |         DFTD3 V3.0 Rev 2        |
 | S.Grimme, University Bonn       |
 |           Aug  2013             |
  _________________________________
 
 Please cite DFT-D3 work done with this code as:
 S. Grimme, J. Antony, S. Ehrlich and H. Krieg,
 J. Chem. Phys. 132 (2010), 154104
 If used with BJ-damping cite also
 S. Grimme, S. Ehrlich and L. Goerigk,
 J. Comput. Chem. 32 (2011), 1456-1465
 For DFT-D2 the reference is
 S. Grimme, J. Comput. Chem., 27 (2006), 1787-1799
 
Scratch directory: /tmp/lum/5ly6/refine12_weight_0.1_stpmax_8/ase/47/scr
Random number seed: 1703205370

XYZ coordinates /home/lum/5ly6/refine12_weight_0.1_stpmax_8/ase/47/47_capping.xyz
Molden File Output: /tmp/lum/5ly6/refine12_weight_0.1_stpmax_8/ase/47/scr/47_capping.molden
Using basis set: 6-31g
Spin multiplicity: 1
DIIS will use up to 10 vectors.
WF convergence threshold: 3.00e-05
Using DIIS algorithm to converge WF
Maximum number of SCF iterations: 300
Incremental fock with rebuild every 8 iterations
Will switch to conventional Fock if diffuse functions are detected
X-matrix tolerance: 1.00e-04
PRECISION: DYNAMIC
DFT Functional requested: hf
Method: Hartree-Fock  with dispersion correction
Wavefunction: RESTRICTED
Initial guess generated by maximum overlap

********************************************
**** SINGLE POINT GRADIENT CALCULATIONS ****
********************************************
SCF:   Initial guess is taken from previous step
COSMO model for polarizable continuum model enabled

using 4 out of 4 CUDA devices
   Device 0:  GeForce GTX 1080 Ti, 11178MB, CC 6.1 -- CPU THREAD 0
   Device 1:  GeForce GTX 1080 Ti, 11178MB, CC 6.1 -- CPU THREAD 1
   Device 2:  GeForce GTX 1080 Ti, 11178MB, CC 6.1 -- CPU THREAD 2
   Device 3:  GeForce GTX 1080 Ti, 11178MB, CC 6.1 -- CPU THREAD 3
-------------------------------------------------------------------
Compiled with MAGMA support.  MAGMA parameters:
    Matrices larger than 5000 square will be treated with MAGMA
       (Change by setting the MagmaMinN environment variable)
    Magma will use 1 out of 4 GPUs
       (Change by setting the MagmaNGPUs environment variable)
-------------------------------------------------------------------
 CPU Memory Available: 8018.12 MegaWords 
 GPU Memory Available: 1141.31 MegaWords 
 Maximum recommended basis set size: 12200 basis functions
 (limited by GPU memory)
-------------------------------------------------------------------
Not using d-functions. Configuring GPUs accordingly.
0: CUBLAS initialized, available GPU memory: 8170MB
1: CUBLAS initialized, available GPU memory: 8170MB
2: CUBLAS initialized, available GPU memory: 8166MB
3: CUBLAS initialized, available GPU memory: 8116MB


Basis set:       6-31g
Total atoms:     372
Total charge:    2
Total electrons: 1356 (678-alpha, 678-beta)
Number electrons modeled by ECPs: 0
Total orbitals:  1983
Total AO shells: 1275 (921 S-shells; 354 P-shells; 0 D-shells; 0 F-shells; 0 G-shells)
Spin multiplicity: 1
Nuclear repulsion energy (QM atoms): 56087.198213592965 a.u.

DFTD Energy:    -2.9506633 hartree
=COSMO= Number of H atoms in QM atoms:195
=COSMO= Number of Heavy atoms in QM atoms:177
reached first line of InitCosmoSwigNoMatrix
q is allocated
B is allocated
Bz is allocated
z is allocated
c is allocated
=COSMO= No Matrix Cosmo Initialization finished.
=COSMO= ++++++++++++++++++++++++++++++ COSMO parameters ++++++++++++++++++++++++++++++
=COSMO= I. Cavity Information:
=COSMO= SAS(Solvent accesible surface) initialization finished
=COSMO= Time for initializing Molecular Surface:0.40752701 (sec)
=COSMO= Time for initializing cosmo calculation:0.13182700 (sec)
=COSMO= Cavity effective radius(Angstrom) (r_solv+r_vdw-dsc) was written into /tmp/lum/5ly6/refine12_weight_0.1_stpmax_8/ase/47/scr/ratom.txt
=COSMO= Solvent Dielectric Constant:78.390000
=COSMO= Cosmo Solvent radius:0.000000
=COSMO= Cosmo charge scaling method:0
=COSMO= Cavity built with Lebedev Grid
=COSMO= Grid points/QM Hydrogen: 110
=COSMO= Grid points/QM Heavy atom: 110
=COSMO= Herbert Switching-Gaussian method turned on
=COSMO= After removing points inside of SAS:
=COSMO= Total number of segments on molecular surface:19734
=COSMO= Number of segments belonging to QM atoms:19734
=COSMO= Total surface area of cavity: 2654.6736(Angstrom^2)
=COSMO= Total volume of cavity: 1513.7755 (Angstrom^3)
=COSMO= II. COSMO integral options:
=COSMO= Building COMSO c vector with original algorithm
=COSMO= COSMO one-electron integral threshold: 1e-12 
=COSMO= III. Linear solver options:
=COSMO= Initialize COSMO for A matrix in no matrix storage form
=COSMO= CG precondtioner:Jacobi
=COSMO= Tight CG convergence threshold:1e-06
=COSMO= CG dynamic threshold: on
=COSMO= Adjust CG convergence threshold dynamically
=COSMO= IV. PCM field read/write options:
=COSMO= PCM field is not written to files
=COSMO= No PCM field file is read in
=COSMO= ++++++++++++++++++++++++++++++++++++++++++++++++++++++++++++++++++++++++++++++++

                      *** Start SCF Iterations ***

 Iter     DIIS Error       Energy change         Energy              E_PCM      Time(s)
---------------------------------------------------------------------------------------
         >>> Purifying P... IDMP = 3.41e-14 <<<
THRESPDP set to 1.00e+00
   1     0.2557997242   -8569.3486739124   -8569.3486739124     -0.9983391241    9.17  
   2     0.1871905993     -43.4151505033   -8612.7638244157     -0.6541727856    8.53  
   3     0.0848873263      -6.2078985689   -8618.9717229846     -0.7919075758    7.69  
   4     0.0284272370      -0.7649837771   -8619.7367067617     -0.7159886174    8.08  
   5     0.0061497347      -0.1112452613   -8619.8479520230     -0.7535259067    8.72  
THRESPDP set to 8.34e-05
   6     0.0033668728      -0.0113631045   -8619.8593151276     -0.7578672836    8.69  
   7     0.0019849523      -0.0021721353   -8619.8614872629     -0.7608761669    6.59  
   8     0.0011599517      -0.0004289563   -8619.8619162192     -0.7621836497    6.53  
   9     0.0007218837      -0.0000765096   -8619.8619927289     -0.7625583135    7.17  
  10     0.0003785919      -0.0000169520   -8619.8620096809     -0.7627550603    6.60  
  11     0.0002114499      -0.0000023348   -8619.8620120157     -0.7628094575    5.29  
  12     0.0000948090      -0.0000010469   -8619.8620130626     -0.7628352788    5.33  
  13     0.0000450938      -0.0000001765   -8619.8620132391     -0.7628384255    6.48  
  14     0.0000160126      -0.0000006754   -8619.8620139145     -0.7628347363    7.98  
---------------------------------------------------------------------------------------
FINAL ENERGY: -8619.8620139145 a.u.
DISPERSION CONTRIBUTION TO ENERGY: -2.9506632634 a.u.
C-PCM contribution to final energy:-0.7628347363 a.u. ( already included in final energy )
Computing C-PCM contribution to gradient...
CENTER OF MASS: {29.718870, 23.771701, 38.168571} ANGS
DIPOLE MOMENT: {-48.352678, -40.090330, 60.645992} (|D| = 87.310665) DEBYE
Cannot open /tmp/lum/5ly6/refine12_weight_0.1_stpmax_8/ase/47/scr
Writing out molden info

Gradient units are Hartree/Bohr
---------------------------------------------------
        dE/dX            dE/dY            dE/dZ
    0.1048991495    -0.0281012522    -0.1958462534
    0.0054646394     0.0273507650    -0.0279904306
   -0.0192213449     0.0344289235     0.0421027632
    0.0251180454    -0.0167279391    -0.0346386751
   -0.0209027609    -0.0787248668    -0.0717244501
    0.0025101299     0.0019890186     0.0423614668
   -0.0744613035     0.0061863650     0.0992078440
   -0.0192472570    -0.0207066766    -0.2308185470
    0.0171140438    -0.0478558877     0.1541000924
   -0.0067478267    -0.0230173169     0.0259281914
   -0.0367285078    -0.0086099535    -0.1345634324
   -0.1005173136     0.1348452436     0.1837040544
   -0.0061373471    -0.0004435054     0.0319544070
    0.0347063663     0.0198686721     0.0024354223
   -0.0015461978     0.0421817456     0.0231828381
   -0.0071185770    -0.0082402275    -0.0050732022
    0.0021371041     0.0001346708     0.0041735289
    0.0171183939    -0.0134791602    -0.0455305935
    0.0570814076     0.0255877497    -0.0197197883
    0.0006182561     0.0388167706     0.0538752908
    0.0072597100     0.0302165613    -0.0076210471
    0.0010826011     0.0002395952    -0.0041126199
    0.0193558272     0.0403049480     0.0467299069
    0.0142776755    -0.0163445218     0.0651721889
    0.0107981615    -0.0730459618    -0.0598851771
    0.0721535726     0.0532052505    -0.0325727237
   -0.0186606977     0.0000201064     0.1121550076
   -0.0291357151    -0.0085585155    -0.0308459663
    0.0068406239    -0.0123302508    -0.0983664244
    0.0034711989    -0.0144224129     0.0709863302
   -0.0278823079     0.0300781291     0.0482733180
   -0.0051601900    -0.0003983751     0.0465602128
   -0.0315304572     0.0010359072     0.0150173257
    0.0019005954    -0.0026993885     0.0419282311
    0.0026483433     0.0214530202    -0.0448050414
   -0.0812786658     0.1231168707    -0.0183644166
    0.0099616373     0.0211428001     0.0607954853
    0.0704965104     0.0588395443    -0.0237304339
   -0.0196060397     0.0009744845    -0.0036121368
    0.0470411374     0.0093719289    -0.0423514776
    0.0075327294     0.0632912613     0.0294931222
   -0.0210087091    -0.0549106281    -0.0283631669
    0.0184569087    -0.0415807140     0.0208059653
    0.0613298724    -0.0231687128    -0.0166540279
    0.0117879947    -0.0092566753    -0.0035679064
   -0.0073719865     0.0022021048     0.0108718702
   -0.0046827338     0.0003318036     0.0038518307
   -0.0068525191     0.0434311584    -0.0152966766
   -0.0026413406    -0.0085833365     0.0012309826
    0.0589520201     0.1134980017     0.0696113094
   -0.0360322207     0.1027472899    -0.0021639114
   -0.0072806771    -0.1425888630    -0.0387948099
   -0.0125845359     0.1398263633    -0.0570609886
    0.0055291290    -0.0193281025    -0.0123434362
   -0.0386741265     0.0028600514    -0.0295849148
    0.0271548995     0.0623280142     0.0851498994
    0.0068473120    -0.0571049105    -0.0730680591
    0.0746505406    -0.0201306204     0.0545530414
    0.0067288234    -0.0413181739     0.0229287744
    0.0260771771    -0.0532012986     0.0236057523
   -0.0027284703     0.0178463272     0.0123338085
    0.0084728318    -0.0104012752     0.0075533684
   -0.0031546798    -0.0010753692     0.0025863084
    0.0111761653    -0.0146224406     0.0104385099
    0.0048956258    -0.0002062912    -0.0256609873
   -0.0017906774    -0.0346067433    -0.0302562750
   -0.0128644159    -0.0013051713     0.0268588544
   -0.0080439103     0.0267697622     0.0230166873
   -0.0562902932     0.0575204009    -0.0457653250
   -0.0141760689    -0.0074236145     0.0148199897
    0.0048392229    -0.0134502344    -0.0132428789
    0.0490829461     0.0257172211     0.0865559900
    0.0259955832     0.1247180276     0.0210276935
   -0.0376594307    -0.0287129882    -0.1003231554
    0.0086374867     0.0285956049    -0.0040531438
   -0.0122333424    -0.0280872190     0.0185777387
   -0.0039043191    -0.0046886853     0.0685667547
   -0.0206939179     0.0312475900    -0.0116549232
   -0.0453301117     0.0606507116    -0.0189677303
    0.0027794611     0.0299126057     0.0118122194
    0.0079765983    -0.0718313852     0.0191319742
    0.0007588105     0.0246615742    -0.0153493127
    0.0060631163     0.0016540133    -0.0072039599
    0.0251664426    -0.0140082787    -0.0366630096
    0.0151115714    -0.0045266577     0.0003017039
    0.0006695860    -0.0065151964    -0.0064797488
    0.0053821033    -0.0238307696     0.0141514740
   -0.0059041944    -0.0239705984    -0.0078965145
    0.0030973753    -0.0118085481     0.0104597789
    0.0161854135    -0.0106583924    -0.0053276889
    0.0363390677     0.0211238120    -0.1019716222
   -0.0420940955     0.0240214196    -0.0221045730
   -0.0322159668     0.0360721179     0.1168320738
   -0.0021157640    -0.0021628476    -0.0103111133
    0.0467291834     0.0127328857    -0.0119132822
   -0.0498957504     0.0381541434     0.0024777473
    0.0518720115    -0.0522047996     0.0257651425
    0.0527836659     0.0509922895     0.0316658286
    0.0178213709    -0.0007099316     0.0195311057
   -0.0336523584    -0.0099854212     0.0091381862
    0.0099070059    -0.0432282135     0.0179980150
    0.0105921292    -0.0077204294    -0.0110322329
    0.0255665062     0.0091282455    -0.0064399130
   -0.0064939963     0.0384727180    -0.0198328736
   -0.0281909556    -0.0032369608     0.0015200731
   -0.0080539688     0.0020192136    -0.0086820409
    0.0303214605    -0.0717680199    -0.1277858531
   -0.0254834351     0.0646144052     0.0494765302
    0.0663484520    -0.1168788614    -0.0645072840
   -0.0069320555     0.0461299998     0.0274516018
    0.0153762253     0.0215030275    -0.0231392268
    0.0120988210     0.0201258645     0.0185192339
   -0.0006975274    -0.0060376995    -0.0116557532
   -0.0212100356    -0.0121709103     0.0066526731
    0.0035812654    -0.0083588532     0.0006375611
    0.0049009513     0.0004451862     0.0092944054
   -0.0623686605     0.0780208624     0.0473195094
    0.0242180930    -0.0415733501    -0.0154095941
   -0.0010615140    -0.0837040381    -0.0115031634
    0.0044810534     0.0576516461     0.0030666466
   -0.0136752682     0.0597267611    -0.0067613483
   -0.0732799021    -0.0238595425     0.0128791618
    0.0766811436    -0.0115101951     0.0508869447
   -0.0085558235    -0.0282652300     0.0401104164
    0.0485752355     0.0298136018    -0.0403799095
   -0.0811946662     0.0367601154    -0.0749410808
    0.0552844482     0.0009377880     0.0144145140
    0.0727964153     0.0141712540     0.0070239371
    0.0054324194    -0.0240228392    -0.0111445558
    0.0094832161     0.0130598818     0.0051495552
   -0.0094403955    -0.0115057256    -0.0040873244
    0.0230572957    -0.0214866718    -0.0186085878
   -0.0203213549     0.0069743399    -0.0199358076
    0.0029458333     0.0033907864    -0.0042410635
   -0.0432137349    -0.0093734830     0.0042521691
    0.0305569058    -0.0194622404     0.0365189777
   -0.0716382230    -0.0148798128    -0.0059933944
    0.0280029516     0.0562638507    -0.0194447776
   -0.0251630314     0.0582812150     0.0212030022
   -0.0022224519    -0.0338650146     0.0126986910
    0.0056392582    -0.0148063095     0.0048431176
   -0.0132054769    -0.0378918312     0.0058906940
   -0.0154168696    -0.0075036163    -0.0082912304
    0.0114559334    -0.0198571685     0.0194580031
   -0.0104899626     0.0575783625    -0.0479107196
    0.0101564811     0.0457686295    -0.0355411054
   -0.0277513291     0.0951632609     0.0361916131
    0.0176694555    -0.0289503259     0.0148151373
   -0.0227478856    -0.0070394014     0.0289415239
   -0.0034370426    -0.0218653897    -0.0263206831
    0.0191776686    -0.0085802227    -0.0465248216
    0.0347574833     0.0445837452     0.0043072302
    0.0361734664     0.0280895743     0.0536016020
   -0.1265334815    -0.1762525921     0.1004570360
   -0.0288220464    -0.0266940603    -0.0441009377
    0.0171397299    -0.0423925235     0.0116054136
   -0.0041286471    -0.0402410672     0.0159608994
    0.0085321716    -0.0033735123    -0.0052278835
    0.0052313644     0.0035601383    -0.0140569905
   -0.0148199817     0.0187888452     0.0260512807
    0.0034333039    -0.0019066348     0.0063847709
   -0.0078137900     0.0082664393     0.0156289352
    0.0003393587    -0.0096632050     0.0172930661
   -0.0059427452    -0.0011428320    -0.0150782328
    0.0086085002     0.0112474352    -0.0056979315
    0.0635837114     0.1082906239    -0.1042914696
    0.0289319650     0.0278732577     0.0114669605
   -0.0070890836    -0.0051021412     0.0057884931
    0.0182016811    -0.1063833760    -0.0209746969
   -0.0160375169     0.0586431517     0.0121841588
   -0.0116073067    -0.0562036725     0.0590854353
   -0.0035986947     0.0218600901    -0.0135014528
    0.0248476852     0.0103822089     0.0267546363
   -0.0309026707     0.0212157438    -0.0318088848
   -0.0207241755    -0.0144623582     0.0204159528
    0.0299252381    -0.0256072081     0.0310421704
   -0.1250445041     0.1089221641    -0.1491189690
   -0.0100867630     0.0307515726    -0.0087080987
    0.0007862224    -0.0272565382     0.0007911613
    0.0059417830    -0.0043949814    -0.0098719153
   -0.0029153462    -0.0109355468     0.0009506243
    0.0046623241    -0.0026203634    -0.0012771777
    0.0025566601    -0.0126394227     0.0049039363
    0.0902841177    -0.0676565839     0.0931558296
    0.0328046673    -0.0033582030     0.0126939020
    0.0117779462     0.1016093916     0.0386736692
   -0.0328307398    -0.0294131730     0.0198045257
   -0.0513680513    -0.1097403225     0.0935471577
    0.0183915169     0.0544252787    -0.0931663413
    0.0253275062    -0.0378177996    -0.0698815136
   -0.0064007702     0.0199428921     0.1069446321
   -0.0243244366    -0.0019229723     0.0580915077
   -0.0130972211     0.0402842160    -0.0171151942
   -0.0013992416    -0.0037134005     0.0319831299
    0.0041697053     0.0384090703    -0.0032922017
    0.0087548964     0.0130715561     0.0228605278
   -0.0003868895     0.0224782699     0.0023187712
   -0.0131214755    -0.0175634954    -0.0457372690
    0.0193010525     0.0113726638    -0.0159674387
    0.0112927897    -0.0014594327     0.0017082141
   -0.0064307075    -0.0234465150    -0.0496576203
    0.0000265459    -0.0073037663     0.0059431261
   -0.0027388545    -0.0020269688    -0.0030815627
    0.0014151665    -0.0214849423     0.0011757461
   -0.1228221708    -0.0771072724     0.0888653455
   -0.0058469000     0.1131457834    -0.0123088424
   -0.0445721931     0.0288383253    -0.0043332452
    0.0050878725    -0.0453781709     0.0277655789
    0.0719749840    -0.0465924313    -0.0441072896
   -0.0168689519     0.0194447506    -0.0464873119
    0.1002059811    -0.0633612757    -0.0880382920
   -0.0048075915     0.0219777385     0.0860985614
   -0.0303736907     0.0762078907    -0.1029370117
    0.0085394700    -0.0267572352     0.0422136364
   -0.0339528708    -0.0041792203    -0.0016180325
   -0.0029959898    -0.0014828695     0.0078156761
   -0.0131815504     0.0065499388     0.0050041286
   -0.0064834401     0.0080364695     0.0025504985
    0.0010296886    -0.0040713983     0.0200948592
   -0.0818104590     0.0540740196     0.0647740083
    0.0007503085    -0.0157676518    -0.0061347798
    0.0255341911    -0.0093071479    -0.0295634642
   -0.0153148370    -0.0079544041    -0.0119120505
    0.0387585707     0.0245330438    -0.0368996708
   -0.0014335211    -0.0139932611    -0.0385003463
   -0.0013858718     0.0012819442     0.0190636529
    0.0011297009     0.0032852734     0.0046468552
   -0.0680615501     0.0197403187     0.0019719186
   -0.0011120127     0.0379330024    -0.0075043354
    0.0446175642     0.0542155628     0.0660530939
   -0.0017559831     0.0161984588     0.0088032572
    0.0051159997    -0.0009254295    -0.0014195263
    0.0342382145    -0.0160038724    -0.0072237982
   -0.0141179582    -0.0452031164     0.0134512371
    0.0057990406     0.0046011023     0.0040158650
    0.0091164387    -0.0504109226    -0.0288891272
   -0.0235492404    -0.0112657477    -0.0225103777
    0.0292745319    -0.0175658376     0.0695121929
   -0.0312031871     0.0284545359    -0.0675768452
    0.0450850700     0.0552406434     0.0101299941
   -0.0262760705    -0.0181248920    -0.0014445571
    0.0021745792     0.0061935415     0.0048662442
   -0.0121681960    -0.0084377190     0.0032950144
   -0.0623801275    -0.0281594538    -0.0150808894
    0.0103034257    -0.0288679788     0.0088054950
   -0.0009777080    -0.0058108656    -0.0083402291
    0.0016327732    -0.0071262303    -0.0016538065
    0.0011822836     0.0001525792     0.0062297862
    0.0081101489    -0.0043905923     0.0175116064
    0.0044508167     0.0169660419    -0.0059784861
    0.0191343930     0.0215338790    -0.0048655345
    0.0258325661    -0.0031660163     0.0062280937
    0.0058640171     0.0011867597     0.0018699794
   -0.0108174778     0.0002359722    -0.0011884250
   -0.0014181280     0.0004776906    -0.0068311543
    0.0066864898     0.0212080886    -0.0073206316
   -0.0641065588    -0.1196953262    -0.0137868554
    0.0057041551    -0.0115103485     0.0089038005
    0.0048529031     0.0048899800     0.0077984941
   -0.0237261369    -0.0098001589    -0.0249329026
    0.0382390125     0.0255663334     0.0136359440
   -0.0060553867     0.0169275697    -0.0173343446
    0.0442233139     0.0739924532     0.0047876594
    0.0055498180     0.0050728735     0.0014433626
   -0.0062191142    -0.0150286982    -0.0094682533
   -0.0372589617    -0.0013804221    -0.0000759984
    0.0075180469    -0.0139697963     0.0068198102
    0.0462443847     0.0166077960     0.0322200280
   -0.0423676423    -0.0162304360    -0.0536993479
    0.0482094492    -0.0257248302    -0.0396885265
   -0.0001772065    -0.0011525502    -0.0148700262
   -0.0379553630    -0.0058182416    -0.0497340283
   -0.0614747731     0.0546092902     0.1508332837
    0.0269870135    -0.0319867933    -0.0356749945
    0.0453229659    -0.0382793440    -0.1237203188
   -0.0631840480     0.0614459444     0.0312770853
    0.0243955126    -0.0072034015     0.0136541056
    0.0279308622    -0.0327532260    -0.0523713574
   -0.0000877077    -0.0190817614     0.0673435175
   -0.0086821455    -0.0033666269    -0.0015419053
    0.0239361635     0.0182815939     0.0312487065
    0.0080422513     0.0119057029     0.0165843556
    0.0119879428    -0.0022162296     0.0072878276
    0.0039821493    -0.0017993055    -0.0059225711
    0.0061610158    -0.0031342023     0.0325530712
    0.0031491725    -0.0049415737     0.0011069165
   -0.0084387920     0.0058048275     0.0065194305
    0.0075774649     0.0173468694    -0.0599957587
    0.1174875309     0.0284800758    -0.0064897154
   -0.0348821597     0.0211326142    -0.0036327373
    0.0797328565    -0.0020404197    -0.0466304853
   -0.0186620617    -0.0445928116     0.0195770524
   -0.0227059564    -0.0432763762    -0.0274557282
    0.0387713809    -0.0702870622    -0.0488257679
    0.0001865054     0.0077275773    -0.0822957185
   -0.0086112706    -0.0051479149     0.0815614779
    0.0084086482     0.0872008160    -0.0247323180
    0.0002670650    -0.0097332631    -0.0237163759
    0.0108078221    -0.0092620124     0.0057622095
    0.0018100986     0.0334126257     0.0323698426
    0.0155243318     0.0003548622    -0.0048343612
   -0.0088092951     0.0367536337     0.0334125213
   -0.0165886446     0.0060634529     0.0098271076
    0.0011572690    -0.0013641725    -0.0043799019
   -0.0053989942    -0.0679317042     0.0356731475
   -0.0309285781     0.0443060801     0.0157310539
   -0.0353999495     0.0105877266    -0.0300176598
    0.0884365122    -0.0190713892    -0.0424816219
   -0.0154609165    -0.0240900017     0.0367448191
    0.0188749603     0.0966374480     0.0456232063
   -0.0103434690     0.0410007886     0.0221616112
    0.0137165584    -0.0104497320    -0.0135521480
   -0.0803919843    -0.1273092135     0.0253300832
   -0.0038716502    -0.0096681459     0.0017164814
    0.0068627359     0.0182254235     0.0023443965
   -0.0278322860     0.0026942155    -0.0034474904
    0.0188345617    -0.0782133588    -0.0360482500
    0.0642980287     0.0764821137    -0.0258357158
    0.0074966263     0.0067273970    -0.0035020267
   -0.0798062415     0.0228830559     0.0224011211
    0.0032341114    -0.0163610963     0.0150893418
    0.0239215103     0.0440908997     0.0389592660
    0.0508132770    -0.0375202785     0.0132540241
    0.0605478369    -0.0384284827     0.0260714142
    0.0096740653     0.0351056714    -0.0408675339
    0.0075271304     0.0032405592    -0.0073101885
   -0.0005054074     0.0035350207    -0.0072202691
   -0.0332906384     0.0225422484    -0.0005515990
   -0.0033439940     0.0048502626     0.0047379868
   -0.0130753627    -0.0246280991     0.0087556711
   -0.1260528299     0.0269513477    -0.0761848920
   -0.0235521984     0.0215959463    -0.0016911127
    0.1330504233    -0.1531533022     0.0542535588
   -0.0920376842     0.0602788089    -0.0163135855
   -0.0162057782     0.0214050529     0.0075478196
    0.0027552604     0.0020749294    -0.0124967595
    0.0065170881     0.0225540778    -0.0518086314
    0.0495093837    -0.0393450921     0.0108916735
    0.0053557601    -0.0144091336     0.0030814338
    0.0082379268    -0.0056554842     0.0050479657
    0.0009960760    -0.0037222330     0.0038987751
   -0.0096580391    -0.0146148570     0.0360965141
    0.0033829651     0.0042890784     0.0046435581
    0.0120319988    -0.0182944444     0.0036624309
   -0.2270551940     0.2008739730    -0.0362980290
    0.0673253394    -0.0033770999    -0.0495346879
    0.0499829664     0.0395254321    -0.0189210463
   -0.0055996603     0.0067743084     0.0195137428
   -0.0062117460     0.0386280175     0.0506396233
    0.0831054872    -0.0545862011    -0.0198608524
   -0.0072720502     0.0286203667    -0.0118265429
   -0.0571852137     0.0038604486     0.0315349016
    0.1637353758    -0.1090815283     0.0228061747
   -0.0040888595     0.0100811296     0.0047937268
   -0.0151013840    -0.0065008766     0.0015902343
   -0.0094588966    -0.0221986914    -0.0247702437
   -0.0175646379    -0.1373753600     0.0012115369
    0.0158092110     0.0011614797    -0.0712570505
   -0.0289572058    -0.1345323312     0.0027766767
   -0.0518457425    -0.0476887570     0.0219342274
   -0.0572933798    -0.0796166478    -0.0946956590
    0.0159235020    -0.0286228152     0.0710237247
   -0.0485633192    -0.0745031690    -0.1043121228
    0.0089335879    -0.0281170929     0.0664956779
   -0.0908496183    -0.0818894347     0.0618079035
    0.0185695662     0.0284762430    -0.0617244279
    0.0104627178    -0.1095571169    -0.0802404828
    0.0419055088     0.0584829257     0.0003204840
    0.1283929186    -0.0422038525     0.0254027345
   -0.0357615641     0.0180097735     0.0613358073
   -0.1289860113    -0.0051307406     0.0442061230
   -0.0556593424    -0.0509183108     0.0087806503
---------------------------------------------------
Net gradient:  2.130550e-09  1.582741e-09  3.278878e-10
Net torque:    7.356181e-04 -1.982616e-03  1.247146e-03

Total processing time: 125.43 sec 

 Job finished: Fri May 31 08:32:43 2019

