Startfile from command line: /home/lum/6i5a/ase/15/15_capping.sp


       ***********************************************************
       *                    TeraChem v1.93P                      *
       *                 Hg Version: 79b87f121f2d                *
       *                   Production Version                    *
       *                Compiled without textures                *
       *           Chemistry at the Speed of Graphics!           *
       ***********************************************************
       * This program may only be used in connection with        *
       * a valid license from PetaChem, LLC. Use of this program *
       * or results thereof indicates acceptance of all terms    *
       * and conditions stated in the license and that a valid   *
       * license agreement between the user and PetaChem, LLC    *
       * exists. PetaChem, LLC does not warrant the correctness  *
       * of results or their suitability for any purpose.        *
       * Please email bugs, suggestions, and comments to         *
       *                  help@petachem.com                      *
       *                                                         *
       ***********************************************************


       ***********************************************************
       *  Compiled by toddmtz      Wed Aug 16 03:32:31 PDT 2017  *
       *  Supported architectures: sm_20 sm_30 sm_50 sm_60       *
       *  Cuda compilation tools, release 8.0, V8.0.44           *
       ***********************************************************


 Job started   Wed May  1 15:36:47 2019
 On cu31 (available memory: 41464 MB)

######################################### RUNTIME INFO ##########################################
/public/qmsoft/TeraChem/bin/terachem /home/lum/6i5a/ase/15/15_capping.sp 

NVRM version: NVIDIA UNIX x86_64 Kernel Module  396.26  Mon Apr 30 18:01:39 PDT 2018
GCC version:  gcc version 4.8.5 20150623 (Red Hat 4.8.5-4) (GCC) 

	linux-vdso.so.1 (0x00007fff2aeef000)
	libcurl.so.4 => /lib64/libcurl.so.4 (0x00002b3280c06000)
	libintbox.so.1 => /public/qmsoft/TeraChem/lib/libintbox.so.1 (0x00002b3280e6f000)
	libthcbox.so.1 => /public/qmsoft/TeraChem/lib/libthcbox.so.1 (0x00002b32a0a7d000)
	libgridbox.so.1 => /public/qmsoft/TeraChem/lib/libgridbox.so.1 (0x00002b32a25e7000)
	libdftbox.so.1 => /public/qmsoft/TeraChem/lib/libdftbox.so.1 (0x00002b32a2ad8000)
	libcublas.so.8.0 => /public/qmsoft/TeraChem/lib/libcublas.so.8.0 (0x00002b32a2de9000)
	libcufft.so.8.0 => /public/qmsoft/TeraChem/lib/libcufft.so.8.0 (0x00002b32a5799000)
	libcuda.so.1 => /public/qmsoft/TeraChem/lib/libcuda.so.1 (0x00002b32ae5e7000)
	libcudart.so.8.0 => /public/qmsoft/TeraChem/lib/libcudart.so.8.0 (0x00002b32af567000)
	libcrypto.so.10 => /lib64/libcrypto.so.10 (0x00002b32af7cd000)
	libssl.so.10 => /lib64/libssl.so.10 (0x00002b32afc2e000)
	libm.so.6 => /lib64/libm.so.6 (0x00002b32afea0000)
	libcilkrts.so.5 => /public/qmsoft/TeraChem/lib/libcilkrts.so.5 (0x00002b32b01a2000)
	libstdc++.so.6 => /lib64/libstdc++.so.6 (0x00002b32b03e3000)
	libgcc_s.so.1 => /lib64/libgcc_s.so.1 (0x00002b32b06ea000)
	libpthread.so.0 => /lib64/libpthread.so.0 (0x00002b32b0900000)
	libdl.so.2 => /lib64/libdl.so.2 (0x00002b32b0b1e000)
	libc.so.6 => /lib64/libc.so.6 (0x00002b32b0d22000)
	/lib64/ld-linux-x86-64.so.2 (0x00002b32809e3000)
	libidn.so.11 => /lib64/libidn.so.11 (0x00002b32b10cf000)
	libssh2.so.1 => /lib64/libssh2.so.1 (0x00002b32b1302000)
	libssl3.so => /lib64/libssl3.so (0x00002b32b152c000)
	libsmime3.so => /lib64/libsmime3.so (0x00002b32b177e000)
	libnss3.so => /lib64/libnss3.so (0x00002b32b19a5000)
	libnssutil3.so => /lib64/libnssutil3.so (0x00002b32b1cd2000)
	libplds4.so => /lib64/libplds4.so (0x00002b32b1f01000)
	libplc4.so => /lib64/libplc4.so (0x00002b32b2105000)
	libnspr4.so => /lib64/libnspr4.so (0x00002b32b230a000)
	libgssapi_krb5.so.2 => /lib64/libgssapi_krb5.so.2 (0x00002b32b2548000)
	libkrb5.so.3 => /lib64/libkrb5.so.3 (0x00002b32b2795000)
	libk5crypto.so.3 => /lib64/libk5crypto.so.3 (0x00002b32b2a7d000)
	libcom_err.so.2 => /lib64/libcom_err.so.2 (0x00002b32b2cb0000)
	liblber-2.4.so.2 => /lib64/liblber-2.4.so.2 (0x00002b32b2eb4000)
	libldap-2.4.so.2 => /lib64/libldap-2.4.so.2 (0x00002b32b30c3000)
	libz.so.1 => /lib64/libz.so.1 (0x00002b32b3316000)
	librt.so.1 => /lib64/librt.so.1 (0x00002b32b352c000)
	libnvidia-fatbinaryloader.so.396.26 => /lib64/libnvidia-fatbinaryloader.so.396.26 (0x00002b32b3734000)
	libkrb5support.so.0 => /lib64/libkrb5support.so.0 (0x00002b32b3980000)
	libkeyutils.so.1 => /lib64/libkeyutils.so.1 (0x00002b32b3b8e000)
	libresolv.so.2 => /lib64/libresolv.so.2 (0x00002b32b3d92000)
	libsasl2.so.3 => /lib64/libsasl2.so.3 (0x00002b32b3fa9000)
	libselinux.so.1 => /lib64/libselinux.so.1 (0x00002b32b41c6000)
	libcrypt.so.1 => /lib64/libcrypt.so.1 (0x00002b32b43ed000)
	libpcre.so.1 => /lib64/libpcre.so.1 (0x00002b32b4624000)
#################################################################################################

       ********************** License Check **********************
       * Use license from: /public/qmsoft/TeraChem/license.dat
       * Available Host id: AC1F6B20BA08
       * Available Host id: AC1F6B20BA09
       * Available Host id: 5254003CDB46
       * Available Host id: 5254003CDB46
       * License Host id: AC1F6B20BA08
       * License expires: 2019-10-21
       ********************** License OK *************************
Scratch directory: /tmp/lum/6i5a/ase/15/scr
Random number seed: 354235160

XYZ coordinates /home/lum/6i5a/ase/15/15_capping.xyz
Molden File Output: /tmp/lum/6i5a/ase/15/scr/15_capping.molden
Using basis set: 6-31g
Spin multiplicity: 1
DIIS will use up to 10 vectors.
WF convergence threshold: 3.00e-05
Using DIIS algorithm to converge WF
Maximum number of SCF iterations: 500
Incremental fock with rebuild every 8 iterations
Will switch to conventional Fock if diffuse functions are detected
X-matrix tolerance: 1.00e-04
PRECISION: DYNAMIC
DFT Functional requested: hf
Method: Hartree-Fock 
Wavefunction: RESTRICTED
Initial guess generated by maximum overlap

********************************************
**** SINGLE POINT GRADIENT CALCULATIONS ****
********************************************
SCF:   Initial guess is taken from previous step
COSMO model for polarizable continuum model enabled

using 4 out of 4 CUDA devices
   Device 0:  GeForce GTX 1080 Ti, 11178MB, CC 6.1 -- CPU THREAD 0
   Device 1:  GeForce GTX 1080 Ti, 11178MB, CC 6.1 -- CPU THREAD 1
   Device 2:  GeForce GTX 1080 Ti, 11178MB, CC 6.1 -- CPU THREAD 2
   Device 3:  GeForce GTX 1080 Ti, 11178MB, CC 6.1 -- CPU THREAD 3
-------------------------------------------------------------------
Compiled with MAGMA support.  MAGMA parameters:
    Matrices larger than 5000 square will be treated with MAGMA
       (Change by setting the MagmaMinN environment variable)
    Magma will use 1 out of 4 GPUs
       (Change by setting the MagmaNGPUs environment variable)
-------------------------------------------------------------------
 CPU Memory Available: 8018.12 MegaWords 
 GPU Memory Available: 1141.31 MegaWords 
 Maximum recommended basis set size: 12200 basis functions
 (limited by GPU memory)
-------------------------------------------------------------------
Not using d-functions. Configuring GPUs accordingly.
0: CUBLAS initialized, available GPU memory: 8170MB
1: CUBLAS initialized, available GPU memory: 8170MB
2: CUBLAS initialized, available GPU memory: 8170MB
3: CUBLAS initialized, available GPU memory: 8076MB


Basis set:       6-31g
Total atoms:     357
Total charge:    -1
Total electrons: 1294 (647-alpha, 647-beta)
Number electrons modeled by ECPs: 0
Total orbitals:  1908
Total AO shells: 1226 (885 S-shells; 341 P-shells; 0 D-shells; 0 F-shells; 0 G-shells)
Spin multiplicity: 1
Nuclear repulsion energy (QM atoms): 54411.378957341287 a.u.

=COSMO= Number of H atoms in QM atoms:187
=COSMO= Number of Heavy atoms in QM atoms:170
reached first line of InitCosmoSwigNoMatrix
q is allocated
B is allocated
Bz is allocated
z is allocated
c is allocated
=COSMO= No Matrix Cosmo Initialization finished.
=COSMO= ++++++++++++++++++++++++++++++ COSMO parameters ++++++++++++++++++++++++++++++
=COSMO= I. Cavity Information:
=COSMO= SAS(Solvent accesible surface) initialization finished
=COSMO= Time for initializing Molecular Surface:0.37019601 (sec)
=COSMO= Time for initializing cosmo calculation:0.14971300 (sec)
=COSMO= Cavity effective radius(Angstrom) (r_solv+r_vdw-dsc) was written into /tmp/lum/6i5a/ase/15/scr/ratom.txt
=COSMO= Solvent Dielectric Constant:78.390000
=COSMO= Cosmo Solvent radius:0.000000
=COSMO= Cosmo charge scaling method:0
=COSMO= Cavity built with Lebedev Grid
=COSMO= Grid points/QM Hydrogen: 110
=COSMO= Grid points/QM Heavy atom: 110
=COSMO= Herbert Switching-Gaussian method turned on
=COSMO= After removing points inside of SAS:
=COSMO= Total number of segments on molecular surface:19346
=COSMO= Number of segments belonging to QM atoms:19346
=COSMO= Total surface area of cavity: 2580.5727(Angstrom^2)
=COSMO= Total volume of cavity: 1480.8972 (Angstrom^3)
=COSMO= II. COSMO integral options:
=COSMO= Building COMSO c vector with original algorithm
=COSMO= COSMO one-electron integral threshold: 1e-12 
=COSMO= III. Linear solver options:
=COSMO= Initialize COSMO for A matrix in no matrix storage form
=COSMO= CG precondtioner:Jacobi
=COSMO= Tight CG convergence threshold:1e-06
=COSMO= CG dynamic threshold: on
=COSMO= Adjust CG convergence threshold dynamically
=COSMO= IV. PCM field read/write options:
=COSMO= PCM field is not written to files
=COSMO= No PCM field file is read in
=COSMO= ++++++++++++++++++++++++++++++++++++++++++++++++++++++++++++++++++++++++++++++++

                      *** Start SCF Iterations ***

 Iter     DIIS Error       Energy change         Energy              E_PCM      Time(s)
---------------------------------------------------------------------------------------
         >>> Purifying P... IDMP = 3.31e-14 <<<
THRESPDP set to 1.00e+00
   1     0.3592901260   -8217.0209773669   -8217.0209773669     -0.6950025973    6.83  
   2     0.1297098467     -39.7559063697   -8256.7768837365     -0.4891474777    7.83  
   3     0.0529537126      -5.3355270140   -8262.1124107506     -0.5282106944    8.62  
   4     0.0212055340      -0.6187172309   -8262.7311279814     -0.4817644072    5.79  
   5     0.0064815356      -0.0987313524   -8262.8298593338     -0.5093393048    7.82  
THRESPDP set to 8.88e-05
   6     0.0033871638      -0.0099972354   -8262.8398565692     -0.5150495772    8.70  
   7     0.0019424264      -0.0022201450   -8262.8420767142     -0.5180363058    5.91  
   8     0.0011012027      -0.0004451517   -8262.8425218659     -0.5195757635    7.42  
   9     0.0006557567      -0.0000682035   -8262.8425900694     -0.5199500426    5.26  
  10     0.0003504590      -0.0000158210   -8262.8426058904     -0.5200798175    6.19  
  11     0.0002041718      -0.0000010685   -8262.8426069589     -0.5201059032    4.36  
  12     0.0000962201      +0.0000000824   -8262.8426068765     -0.5201098172    6.01  
  13     0.0000477184      -0.0000004310   -8262.8426073075     -0.5201100398    4.06  
  14     0.0000185458      -0.0000051689   -8262.8426124765     -0.5201073518    4.79  
---------------------------------------------------------------------------------------
FINAL ENERGY: -8262.8426124765 a.u.
C-PCM contribution to final energy:-0.5201073518 a.u. ( already included in final energy )
Computing C-PCM contribution to gradient...
CENTER OF MASS: {30.706009, 24.212438, 24.815047} ANGS
DIPOLE MOMENT: {-52.283491, -27.979665, 34.306203} (|D| = 68.507960) DEBYE
Cannot open /tmp/lum/6i5a/ase/15/scr
Writing out molden info

Gradient units are Hartree/Bohr
---------------------------------------------------
        dE/dX            dE/dY            dE/dZ
   -0.0833356344    -0.0260039434     0.0917467833
   -0.0022836675     0.0060933805    -0.0176990931
   -0.0128214956     0.0059947562    -0.0836730750
    0.0104934756    -0.0042213591     0.0796357475
   -0.0068049253     0.0105400892     0.0155301522
   -0.0497035736     0.0059590822    -0.0306712368
    0.0314793053     0.0082378469    -0.0127817596
    0.0220651563    -0.0071279865     0.0257000923
    0.0592540371     0.0038951766    -0.0015904343
   -0.0291012361    -0.0096104398     0.0359886646
   -0.0175865423    -0.0028838517     0.0000860135
    0.0518628023     0.0006700738    -0.0066225921
    0.0122704712     0.0047502470    -0.0057760788
   -0.0409577206     0.0087558454    -0.0389236352
   -0.0153108203     0.0011021258     0.0015452638
    0.0022024315     0.0017388686     0.0170233068
   -0.0024430166    -0.0000073536    -0.0052710230
    0.0055939098    -0.0004607397    -0.0013761131
    0.0047932307    -0.0034460741     0.0093276013
   -0.0398116236    -0.0051985483     0.0050711135
    0.0033936890     0.0006805502     0.0001018872
   -0.0074148854     0.0012677190    -0.0000718174
   -0.0001772588    -0.0006079383    -0.0021218862
    0.0013264549    -0.0028876840     0.0133323209
    0.0076906451     0.0023672046    -0.0048429482
   -0.0012682015    -0.0013874100     0.0058254504
    0.0389896897    -0.0520375920     0.0340705860
   -0.0075277331     0.0253717462    -0.0398281764
   -0.0217032647     0.0247814013    -0.0083882667
    0.0021117284    -0.0000748602     0.0097606191
   -0.0022632174     0.0008246567    -0.0050663369
    0.0069660169    -0.0018144708    -0.0036231487
    0.0114774250    -0.0123469352     0.0057575509
    0.0012891672    -0.0018312130     0.0047313675
   -0.0425381429     0.0380631020    -0.0161798284
    0.0125962542     0.0144095454    -0.0199122314
    0.0084691547    -0.0274251150     0.0309133904
    0.0016758624     0.0086086912    -0.0038345411
    0.0295519281     0.0032425226     0.0189908837
   -0.0893065406    -0.0022812448     0.0088043125
    0.0076891221    -0.0214327317     0.0112437775
    0.0632376333     0.0304902429    -0.0213311450
    0.0060146026    -0.0152145458     0.0219471957
   -0.0034829590    -0.0138702940     0.0087154153
   -0.0095072467    -0.0109463757    -0.0090106484
   -0.0034600434     0.0006910254     0.0000399543
   -0.0044077920     0.0190832345    -0.0189323786
    0.0042478918     0.0125742364    -0.0232069135
   -0.0308184170    -0.0054525740     0.0292519350
    0.0049775669     0.0026017584    -0.0051902223
    0.0107311078     0.0212974729     0.0560718325
   -0.0106469573    -0.0006490634    -0.0283264298
   -0.0355413748    -0.0008377283     0.0062564288
    0.0022301040    -0.0043287704     0.0006191959
    0.0023493426    -0.0030561300    -0.0034852902
   -0.0014686304    -0.0152635227    -0.0302441755
    0.0037508235    -0.0077664328     0.0068876278
   -0.0001044643     0.0018108600     0.0036578491
    0.0048720990    -0.0067006445    -0.0020805750
    0.0244200556     0.0025914291     0.0044749393
    0.0289913598     0.0242242063    -0.0097219898
   -0.0161836816    -0.0511516038    -0.0258817610
   -0.0480246147     0.0552482037    -0.0557392872
   -0.0135307805    -0.0284617721     0.0004421909
    0.0155092230     0.0218043056     0.0162739864
    0.0182574287     0.0227991424     0.0067870064
   -0.0146230917    -0.0348796501    -0.0033313880
   -0.0109252365    -0.0344705351     0.0111877997
   -0.0055252778    -0.0122658667    -0.0030836632
    0.0113771354     0.0087774688     0.0189021336
   -0.0101752303    -0.0017556539    -0.0114364004
   -0.0082986976    -0.0036800775     0.0039068966
    0.0010162199    -0.0087480196    -0.0048991584
   -0.0027188376     0.0099798406     0.0026087761
   -0.0004324031     0.0071201632    -0.0068968100
    0.0100818636     0.0110367914     0.0107410691
   -0.0006838388     0.0179388065    -0.0137558615
    0.0052967388     0.0022926123    -0.0044930494
   -0.0016165872     0.0073246101     0.0018398132
    0.0676504939    -0.0494783808     0.0768582250
   -0.0370301965     0.0297105624     0.0026177782
    0.0205657654    -0.0010400639    -0.0289751977
   -0.0148767771    -0.0200985346     0.0135776572
    0.0109938608     0.0120779525     0.0109121804
    0.0021475652    -0.0188290573    -0.0261013111
   -0.0488033382     0.0236233006     0.0261228792
    0.0458927343    -0.0111604830    -0.0028197032
    0.0053943434    -0.0056490226    -0.0110140205
   -0.0006653847     0.0120996321    -0.0069881757
    0.0144844073     0.0028800061    -0.0090716109
   -0.0003290861    -0.0048586423    -0.0063869578
   -0.0015389538    -0.0017161815     0.0014559715
   -0.0075657543     0.0073784351     0.0072931754
    0.0011761383     0.0026841721     0.0032197520
    0.0158298862     0.0397203494    -0.0040750904
   -0.0155357541    -0.0109669189     0.0257170076
   -0.0055550723    -0.0799466028    -0.0052598888
    0.0099602898     0.0702652654    -0.0002056587
    0.0148512870     0.0106770847    -0.0184225482
   -0.0226559146     0.0150043013     0.0064610085
   -0.0046762963    -0.0377872230    -0.0134205501
   -0.0006538718    -0.0276527799    -0.0183510087
   -0.0103910402    -0.0200160591     0.0067772983
   -0.0030020712     0.0043091772    -0.0091735437
   -0.0039905820    -0.0020010240    -0.0009862715
    0.0016829128    -0.0064200841     0.0051722508
    0.0089723209     0.0009751623     0.0034434852
   -0.0058047632     0.0147541102     0.0126962619
    0.0067566107     0.0073331836    -0.0054449384
    0.0082179817     0.0047553759     0.0070189726
   -0.0026713756     0.0119312582     0.0083290955
    0.0099945481     0.0055289310     0.0074481552
   -0.0027708992     0.0073004978    -0.0026805771
    0.0067182469    -0.0215340223     0.0088683793
   -0.0283442093     0.0368434766     0.0078431323
    0.0351890960    -0.0090807408    -0.0566856029
   -0.0094483670    -0.0044606331     0.0031719972
   -0.0063864601    -0.0494776716    -0.0175416824
    0.0244186588     0.0036358672     0.0126140665
    0.0052240576     0.0391279640     0.0173990016
    0.0055105066     0.0090421132    -0.0054330234
    0.0004344842     0.0182645974    -0.0025708687
    0.0049295321    -0.0149604482    -0.0101222718
   -0.0011531543     0.0200056001     0.0145229128
   -0.0032207784    -0.0036345045    -0.0022202477
   -0.0161783409     0.0008777713    -0.0056372258
    0.0006538760    -0.0071638268     0.0014702973
    0.0000443122    -0.0026273573    -0.0015913946
    0.0006558246    -0.0197531724    -0.0116746480
   -0.0039046107    -0.0016883213     0.0035437874
   -0.0007215687    -0.0034463615    -0.0021790448
   -0.0027941537     0.0004036673    -0.0013526165
   -0.0519520000    -0.0315812813     0.0547149724
    0.0195183665     0.0259673663     0.0020432689
   -0.0407489517     0.0112993904    -0.0121080038
    0.0019587104    -0.0029961532     0.0026280134
    0.0224622826    -0.0106198707    -0.0076329776
   -0.0189612040     0.0187914403    -0.0111178650
    0.0194903994     0.0013057909     0.0278801691
   -0.0481819822     0.0047234383    -0.0581327659
    0.0216781197     0.0341430283     0.0038854195
   -0.0061974221    -0.0039120746    -0.0054626123
   -0.0113427270    -0.0019550985    -0.0036420081
   -0.0040715638    -0.0019984852     0.0049128424
    0.0115833883    -0.0145056750     0.0048015191
    0.0297826427    -0.0016132523     0.0368999065
    0.0423253548    -0.0326008939     0.0126060566
   -0.0010630039     0.0109168615     0.0094050655
   -0.0070341997     0.0053442948    -0.0411484003
   -0.0005761452    -0.0081863987     0.0082488103
   -0.0200613874     0.0116124036     0.0256211209
    0.0242405536     0.0107699256     0.0382447681
    0.0094490236    -0.0212152265    -0.0303345210
   -0.0259567946     0.0045001893    -0.0206868140
    0.0000892295     0.0081069587    -0.0033197422
    0.0024633030     0.0025037894    -0.0019709623
   -0.0002257978    -0.0101327905    -0.0100170422
    0.0087028690     0.0070320056    -0.0168780356
   -0.0029626481    -0.0150092781    -0.0164549222
   -0.0042072701     0.0084424823     0.0009821027
   -0.0071647651    -0.0015111936     0.0028406623
    0.0023685223     0.0140027978     0.0174572137
    0.0074360697    -0.0119367585     0.0025880384
    0.0012245912     0.0061054582     0.0094109635
    0.0021577997    -0.0011677750     0.0032939224
    0.0015338000     0.0012096712     0.0189301001
   -0.0122487809    -0.0108450586     0.0194450165
    0.0875187103     0.0470740508     0.0035530792
   -0.0304481490    -0.1067835291    -0.0193369519
   -0.0090925802    -0.0114531748    -0.0164932069
    0.0073411565    -0.0068031476    -0.0002574095
   -0.0032453454    -0.0015341050     0.0004168384
    0.0006322462     0.0034827308    -0.0038510773
   -0.0010032744     0.0046302329     0.0004675347
    0.0035730883     0.0067210298     0.0031167174
   -0.0027409794     0.0052180164    -0.0035301884
    0.1036768103     0.0177090795    -0.0336502659
    0.0214501166    -0.0153661112     0.0187927132
   -0.0883069294     0.0526619948    -0.0479324574
    0.0089186178    -0.0149658025     0.0135193226
    0.0282840616    -0.0076387796    -0.0146740528
   -0.0044627021     0.0062715419    -0.0069075644
    0.0230463662    -0.0017749431     0.0146400083
   -0.0015524838    -0.0029595543     0.0059681127
    0.0126586889     0.0272764010    -0.0168601055
   -0.0044952789    -0.0611866738     0.0358464849
   -0.0577230834     0.0093714849    -0.0329416900
    0.0015912674    -0.0785522966    -0.0106491951
    0.0021745842    -0.0016512634     0.0038937370
   -0.0036363846     0.0091867664    -0.0019476701
   -0.0096372285    -0.0033269728     0.0039743988
   -0.0057817285    -0.0035070755    -0.0006152249
   -0.0032001625     0.0032869306    -0.0047835475
   -0.0009387474    -0.0045116572     0.0032879981
    0.0164579584     0.0223528741    -0.0063814409
    0.0213035228     0.0000584473     0.0095377084
    0.0322769816    -0.0218059211    -0.1170156656
   -0.0085340140    -0.0041961941     0.0019186645
    0.0276502666     0.0313877118    -0.0175098027
   -0.0010536988    -0.0313011838     0.0057399678
   -0.0029076297    -0.0384597094     0.0035732119
    0.0132283831     0.0222264086     0.0210567888
   -0.0034920301     0.0220860055    -0.0040302561
    0.0106096164     0.0298500171    -0.0045477568
    0.0005011069     0.0017844118    -0.0007807176
   -0.0081149206     0.0273168075    -0.0080412236
   -0.0096377444    -0.0007629795    -0.0078236942
    0.0014047781    -0.0085232844    -0.0110772893
    0.0021060584    -0.0058470508    -0.0005876313
    0.0006773587    -0.0009633462     0.0013920905
    0.0026165215    -0.0115439798     0.0043789874
    0.0008206171    -0.0011546232    -0.0006271586
   -0.0188603978     0.0121658479     0.0065568925
    0.0036983976    -0.0556250410     0.0160855917
    0.0303567679    -0.1055504114     0.0521950741
   -0.0366720350     0.0413694706    -0.0490247956
    0.0083323353     0.0236135475    -0.0051028900
   -0.0201976087     0.0117895222    -0.0276530677
    0.0398351931     0.0217920577     0.0334807050
   -0.0020388469     0.0251284084    -0.0114914323
   -0.0137127800    -0.0494800011     0.0090042896
    0.0007915669     0.0160488833    -0.0084739508
   -0.0199768005    -0.0267352707    -0.0125643347
    0.0023985653     0.0107516054    -0.0054009930
    0.0216231318    -0.0036987595     0.0232722856
   -0.0178097993    -0.0208314818    -0.0131648101
    0.0024761991     0.0020827954     0.0009756343
   -0.0123326007     0.0290759054    -0.0157642375
    0.0012923613    -0.0051773890     0.0067552322
   -0.0034948469    -0.0043932017     0.0002248085
   -0.0041244764    -0.0143463681     0.0025408313
   -0.0054440194     0.0079675115    -0.0095139435
    0.0106454826    -0.0020639919     0.0127201140
    0.0013976423    -0.0005343501     0.0018647841
   -0.0022013594     0.0112454814    -0.0061387341
    0.0070764216     0.0076884081     0.0021267278
    0.0401755870    -0.0773386432     0.0448798135
   -0.0121797493    -0.0191170925     0.0165841729
    0.0077284224     0.0111206804    -0.0195933031
   -0.0165120929    -0.0043865191     0.0245515565
    0.0109369083    -0.0081327594    -0.0283129074
   -0.0150574349     0.0156118800     0.0174407445
    0.0304228563    -0.0492313047    -0.0047343603
   -0.0036811347    -0.0087632861     0.0311668554
   -0.0530530497     0.0790475027     0.0274504219
    0.0223908844    -0.0040704414    -0.0583807556
    0.0126875819     0.0012832670    -0.0590911506
   -0.0298428444    -0.0233921905     0.0225364518
    0.0011591394     0.0029905118    -0.0003147560
   -0.0077576029     0.0003778099     0.0061985356
   -0.0016461461    -0.0012195337    -0.0001442823
   -0.0092241359     0.0068000457     0.0136235437
    0.0043146280    -0.0058753142    -0.0037564105
    0.0199493025    -0.0323720298    -0.0031796261
   -0.0133096038     0.0092205621     0.0246201771
    0.0022595966    -0.0124748695     0.0226347496
    0.0254786306     0.0115169473    -0.0505076179
   -0.0031779008     0.0277245466     0.0095124915
   -0.0033584271    -0.0324844399     0.0310536848
    0.0095096614     0.0148731159    -0.0388589974
   -0.0252352493    -0.0523384359     0.0255355760
   -0.0116311543     0.0234570412     0.0117251886
    0.0065966911    -0.0269816353    -0.0095392330
   -0.0414333329     0.0343290125     0.0031155841
    0.0458529112     0.0089831125    -0.0132992528
   -0.0179345824    -0.0140075240     0.0359429466
    0.0019704691    -0.0058093535     0.0027746064
    0.0237230508     0.0081843952    -0.0227836694
   -0.0018689126     0.0199675543    -0.0101962017
    0.0030394812    -0.0039888776     0.0010026852
    0.0050466263     0.0006060018     0.0004652907
    0.0068326489     0.0026164249     0.0026797377
    0.0009542893     0.0070165432     0.0036432253
    0.0201081690     0.0030986644     0.0060402926
    0.0013776231    -0.0214153337    -0.0064235835
   -0.0007752576    -0.0055030363     0.0083813966
   -0.0323660465    -0.0095414851    -0.0028034511
   -0.0019941684     0.0015121352     0.0014053276
   -0.0096754904     0.0149659199     0.0336581099
    0.0064314915    -0.0120657100    -0.0173912806
   -0.0646686924     0.0374523425     0.0025256204
    0.0193548580    -0.0107819826     0.0565515836
   -0.0034730842     0.0123605094     0.0021939252
   -0.0279487585     0.0045429397    -0.0155818811
   -0.0048581843    -0.0604708528     0.0124633638
    0.0053316341     0.0023710340    -0.0213497793
    0.0041554305    -0.0037285607     0.0080963573
   -0.0008741504     0.0008495528    -0.0014416558
    0.0083445740     0.0052632542    -0.0010638702
    0.0168123456    -0.0084912551     0.0039488552
    0.0016858523    -0.0027806055     0.0077235910
    0.0147853820     0.0195306493    -0.0054113552
   -0.0024078926     0.0099439686    -0.0217266663
   -0.0030803767     0.0219609340     0.0152972175
   -0.0705700591     0.0404182591     0.0869103827
   -0.0019871454    -0.0080450812    -0.0003080356
    0.0723648938    -0.0096652769    -0.0128999636
    0.0019690133     0.0225967968    -0.0083794169
    0.0215671136     0.0024256988    -0.0287871354
   -0.0014503543     0.0302002561     0.0096851394
    0.0045503210    -0.0064827847     0.0282402304
    0.0032124980     0.0095942590     0.0094514249
   -0.0084081481     0.0051196267     0.0138061552
   -0.0042773185    -0.0042213789     0.0062517955
   -0.0064026163     0.0031974211     0.0009793504
   -0.0182320408    -0.0092744943     0.0143849575
    0.0080464538    -0.0103862509    -0.0017865115
   -0.0062192412    -0.0073628534    -0.0067126068
   -0.0046158218     0.0069117922    -0.0159447570
    0.0020103564    -0.0005449177    -0.0033164765
   -0.0038150288    -0.0085766208    -0.0070711031
    0.0024352737    -0.0026959943     0.0002469910
    0.0003049259    -0.0003040443    -0.0008433047
   -0.1024329829    -0.0232241397     0.0120248145
    0.0075584161     0.0324008249    -0.0046131790
    0.0680738539     0.0815271757     0.0383977212
   -0.0040943560    -0.0544254238    -0.0038282009
    0.0051831868     0.0376868554     0.0358574540
   -0.0047725579    -0.0331762014    -0.0233344742
    0.0074910319     0.0376121685     0.0101077750
   -0.0194743922     0.0279713192    -0.0037268009
   -0.0168224615     0.0091631317     0.0070146875
   -0.0153835962    -0.0152869744     0.0040377286
   -0.0079866691    -0.0088303438     0.0007994175
    0.0003071519    -0.0161980693    -0.0098055640
    0.0002543453     0.0155629740     0.0092385225
    0.0040405463    -0.0054719423     0.0021116987
   -0.0107378423    -0.0077955150    -0.0004222976
   -0.0001020625    -0.0173402405    -0.0081816616
    0.0144947044    -0.0093433407     0.0082321282
    0.0038914537    -0.0102445961    -0.0048062243
   -0.0001449600    -0.0016484639     0.0030756883
    0.0256558359     0.1009311185    -0.0491110089
    0.0190220926     0.0083485900    -0.0306473096
   -0.0509320070    -0.0596028821    -0.0245942048
   -0.0018040257     0.0041448785    -0.0177858981
   -0.0175308698     0.0331974626    -0.0016900462
   -0.0191186681    -0.0098973401     0.0078764907
   -0.0000666107     0.0143432140    -0.0085166215
    0.0037774309     0.0008855404     0.0031466224
    0.0068749134    -0.0027724244     0.0085348435
   -0.0005685374    -0.0084745081    -0.0048867545
    0.0152373128    -0.0016835703    -0.0032935335
    0.0995228788     0.0065533618    -0.0932930409
   -0.0418738473     0.0646970463     0.0161170607
   -0.1039584117     0.0812301306     0.0412306233
    0.0475782330    -0.0447154045     0.0343527914
   -0.0399997612    -0.0150815171     0.1302282586
    0.0134970230     0.0721359153     0.0006223508
    0.0040616192     0.1210210493    -0.0677341131
    0.0387344159    -0.0191364793    -0.0617425026
    0.0789038793    -0.0340100085    -0.1067671935
   -0.0688420807    -0.0238497278     0.0205045008
    0.1285604989     0.0015976839    -0.0476203905
   -0.0583344611    -0.0357408473    -0.0294190443
   -0.0220977988    -0.1176080422     0.0683751977
    0.0406546683     0.0379585823     0.0501581505
---------------------------------------------------
Net gradient:  2.988919e-10 -5.256740e-10  3.091953e-09
Net torque:    1.209589e-03  1.210782e-03 -1.245002e-03

Total processing time: 112.71 sec 

 Job finished: Wed May  1 15:38:52 2019

