Startfile from command line: /home/lum/3j63/refine9_weight_1.0_stpmax_0.5_x30_dftd/ase/5/5_capping.sp


       ***********************************************************
       *                    TeraChem v1.93P                      *
       *                 Hg Version: 79b87f121f2d                *
       *                   Production Version                    *
       *                Compiled without textures                *
       *           Chemistry at the Speed of Graphics!           *
       ***********************************************************
       * This program may only be used in connection with        *
       * a valid license from PetaChem, LLC. Use of this program *
       * or results thereof indicates acceptance of all terms    *
       * and conditions stated in the license and that a valid   *
       * license agreement between the user and PetaChem, LLC    *
       * exists. PetaChem, LLC does not warrant the correctness  *
       * of results or their suitability for any purpose.        *
       * Please email bugs, suggestions, and comments to         *
       *                  help@petachem.com                      *
       *                                                         *
       ***********************************************************


       ***********************************************************
       *  Compiled by toddmtz      Wed Aug 16 03:32:31 PDT 2017  *
       *  Supported architectures: sm_20 sm_30 sm_50 sm_60       *
       *  Cuda compilation tools, release 8.0, V8.0.44           *
       ***********************************************************


 Job started   Tue May 14 21:40:25 2019
 On cu37 (available memory: 60731 MB)

######################################### RUNTIME INFO ##########################################
/public/qmsoft/TeraChem/bin/terachem /home/lum/3j63/refine9_weight_1.0_stpmax_0.5_x30_dftd/ase/5/5_capping.sp 

NVRM version: NVIDIA UNIX x86_64 Kernel Module  396.26  Mon Apr 30 18:01:39 PDT 2018
GCC version:  gcc version 4.8.5 20150623 (Red Hat 4.8.5-4) (GCC) 

	linux-vdso.so.1 (0x00007fff46eeb000)
	libcurl.so.4 => /lib64/libcurl.so.4 (0x00002b6e5ea96000)
	libintbox.so.1 => /public/qmsoft/TeraChem/lib/libintbox.so.1 (0x00002b6e5ecfe000)
	libthcbox.so.1 => /public/qmsoft/TeraChem/lib/libthcbox.so.1 (0x00002b6e7e90c000)
	libgridbox.so.1 => /public/qmsoft/TeraChem/lib/libgridbox.so.1 (0x00002b6e80476000)
	libdftbox.so.1 => /public/qmsoft/TeraChem/lib/libdftbox.so.1 (0x00002b6e80967000)
	libcublas.so.8.0 => /public/qmsoft/TeraChem/lib/libcublas.so.8.0 (0x00002b6e80c78000)
	libcufft.so.8.0 => /public/qmsoft/TeraChem/lib/libcufft.so.8.0 (0x00002b6e83628000)
	libcuda.so.1 => /public/qmsoft/TeraChem/lib/libcuda.so.1 (0x00002b6e8c476000)
	libcudart.so.8.0 => /public/qmsoft/TeraChem/lib/libcudart.so.8.0 (0x00002b6e8d3f6000)
	libcrypto.so.10 => /lib64/libcrypto.so.10 (0x00002b6e8d65c000)
	libssl.so.10 => /lib64/libssl.so.10 (0x00002b6e8da43000)
	libm.so.6 => /lib64/libm.so.6 (0x00002b6e8dcb0000)
	libcilkrts.so.5 => /public/qmsoft/TeraChem/lib/libcilkrts.so.5 (0x00002b6e8dfb2000)
	libstdc++.so.6 => /lib64/libstdc++.so.6 (0x00002b6e8e1f3000)
	libgcc_s.so.1 => /lib64/libgcc_s.so.1 (0x00002b6e8e4fb000)
	libpthread.so.0 => /lib64/libpthread.so.0 (0x00002b6e8e711000)
	libdl.so.2 => /lib64/libdl.so.2 (0x00002b6e8e92f000)
	libc.so.6 => /lib64/libc.so.6 (0x00002b6e8eb33000)
	/lib64/ld-linux-x86-64.so.2 (0x00002b6e5e873000)
	libidn.so.11 => /lib64/libidn.so.11 (0x00002b6e8eee0000)
	libssh2.so.1 => /lib64/libssh2.so.1 (0x00002b6e8f113000)
	libssl3.so => /lib64/libssl3.so (0x00002b6e8f33d000)
	libsmime3.so => /lib64/libsmime3.so (0x00002b6e8f57f000)
	libnss3.so => /lib64/libnss3.so (0x00002b6e8f7a6000)
	libnssutil3.so => /lib64/libnssutil3.so (0x00002b6e8facc000)
	libplds4.so => /lib64/libplds4.so (0x00002b6e8fcf8000)
	libplc4.so => /lib64/libplc4.so (0x00002b6e8fefc000)
	libnspr4.so => /lib64/libnspr4.so (0x00002b6e90101000)
	libgssapi_krb5.so.2 => /lib64/libgssapi_krb5.so.2 (0x00002b6e9033f000)
	libkrb5.so.3 => /lib64/libkrb5.so.3 (0x00002b6e9058b000)
	libk5crypto.so.3 => /lib64/libk5crypto.so.3 (0x00002b6e90870000)
	libcom_err.so.2 => /lib64/libcom_err.so.2 (0x00002b6e90aa2000)
	liblber-2.4.so.2 => /lib64/liblber-2.4.so.2 (0x00002b6e90ca6000)
	libldap-2.4.so.2 => /lib64/libldap-2.4.so.2 (0x00002b6e90eb5000)
	libz.so.1 => /lib64/libz.so.1 (0x00002b6e91108000)
	librt.so.1 => /lib64/librt.so.1 (0x00002b6e9131e000)
	libnvidia-fatbinaryloader.so.396.26 => /lib64/libnvidia-fatbinaryloader.so.396.26 (0x00002b6e91526000)
	libkrb5support.so.0 => /lib64/libkrb5support.so.0 (0x00002b6e91772000)
	libkeyutils.so.1 => /lib64/libkeyutils.so.1 (0x00002b6e91981000)
	libresolv.so.2 => /lib64/libresolv.so.2 (0x00002b6e91b85000)
	libsasl2.so.3 => /lib64/libsasl2.so.3 (0x00002b6e91d9c000)
	libselinux.so.1 => /lib64/libselinux.so.1 (0x00002b6e91fb9000)
	libcrypt.so.1 => /lib64/libcrypt.so.1 (0x00002b6e921de000)
	libpcre.so.1 => /lib64/libpcre.so.1 (0x00002b6e92415000)
	liblzma.so.5 => /lib64/liblzma.so.5 (0x00002b6e92676000)
#################################################################################################

       ********************** License Check **********************
       * Use license from: /public/qmsoft/TeraChem/license.dat
       * Available Host id: AC1F6B20F5BC
       * Available Host id: AC1F6B20F5BD
       * Available Host id: 525400A418C3
       * Available Host id: 525400A418C3
       * License Host id: AC1F6B20F5BC
       * License expires: 2019-10-21
       ********************** License OK *************************
  _________________________________
 |         DFTD3 V3.0 Rev 2        |
 | S.Grimme, University Bonn       |
 |           Aug  2013             |
  _________________________________
 
 Please cite DFT-D3 work done with this code as:
 S. Grimme, J. Antony, S. Ehrlich and H. Krieg,
 J. Chem. Phys. 132 (2010), 154104
 If used with BJ-damping cite also
 S. Grimme, S. Ehrlich and L. Goerigk,
 J. Comput. Chem. 32 (2011), 1456-1465
 For DFT-D2 the reference is
 S. Grimme, J. Comput. Chem., 27 (2006), 1787-1799
 
Scratch directory: /tmp/lum/3j63/refine9_weight_1.0_stpmax_0.5_x30_dftd/ase/5/scr
Random number seed: 809240562

XYZ coordinates /home/lum/3j63/refine9_weight_1.0_stpmax_0.5_x30_dftd/ase/5/5_capping.xyz
Molden File Output: /tmp/lum/3j63/refine9_weight_1.0_stpmax_0.5_x30_dftd/ase/5/scr/5_capping.molden
Using basis set: 6-31g
Spin multiplicity: 1
DIIS will use up to 10 vectors.
WF convergence threshold: 3.00e-05
Using DIIS algorithm to converge WF
Maximum number of SCF iterations: 200
Incremental fock with rebuild every 8 iterations
Will switch to conventional Fock if diffuse functions are detected
X-matrix tolerance: 1.00e-04
PRECISION: DYNAMIC
DFT Functional requested: hf
Method: Hartree-Fock  with dispersion correction
Wavefunction: RESTRICTED
Initial guess generated by maximum overlap

********************************************
**** SINGLE POINT GRADIENT CALCULATIONS ****
********************************************
SCF:   Initial guess is taken from previous step
COSMO model for polarizable continuum model enabled

using 4 out of 4 CUDA devices
   Device 0:  GeForce GTX 1080 Ti, 11178MB, CC 6.1 -- CPU THREAD 0
   Device 1:  GeForce GTX 1080 Ti, 11178MB, CC 6.1 -- CPU THREAD 1
   Device 2:  GeForce GTX 1080 Ti, 11178MB, CC 6.1 -- CPU THREAD 2
   Device 3:  GeForce GTX 1080 Ti, 11178MB, CC 6.1 -- CPU THREAD 3
-------------------------------------------------------------------
Compiled with MAGMA support.  MAGMA parameters:
    Matrices larger than 5000 square will be treated with MAGMA
       (Change by setting the MagmaMinN environment variable)
    Magma will use 1 out of 4 GPUs
       (Change by setting the MagmaNGPUs environment variable)
-------------------------------------------------------------------
 CPU Memory Available: 8018.12 MegaWords 
 GPU Memory Available: 1141.31 MegaWords 
 Maximum recommended basis set size: 12200 basis functions
 (limited by GPU memory)
-------------------------------------------------------------------
Not using d-functions. Configuring GPUs accordingly.
0: CUBLAS initialized, available GPU memory: 8344MB
1: CUBLAS initialized, available GPU memory: 8346MB
2: CUBLAS initialized, available GPU memory: 8344MB
3: CUBLAS initialized, available GPU memory: 8348MB


Basis set:       6-31g
Total atoms:     312
Total charge:    0
Total electrons: 1126 (563-alpha, 563-beta)
Number electrons modeled by ECPs: 0
Total orbitals:  1636
Total AO shells: 1058 (769 S-shells; 289 P-shells; 0 D-shells; 0 F-shells; 0 G-shells)
Spin multiplicity: 1
Nuclear repulsion energy (QM atoms): 42400.452335849986 a.u.

DFTD Energy:    -2.4237667 hartree
=COSMO= Number of H atoms in QM atoms:168
=COSMO= Number of Heavy atoms in QM atoms:144
reached first line of InitCosmoSwigNoMatrix
q is allocated
B is allocated
Bz is allocated
z is allocated
c is allocated
=COSMO= No Matrix Cosmo Initialization finished.
=COSMO= ++++++++++++++++++++++++++++++ COSMO parameters ++++++++++++++++++++++++++++++
=COSMO= I. Cavity Information:
=COSMO= SAS(Solvent accesible surface) initialization finished
=COSMO= Time for initializing Molecular Surface:0.28855701 (sec)
=COSMO= Time for initializing cosmo calculation:0.09092900 (sec)
=COSMO= Cavity effective radius(Angstrom) (r_solv+r_vdw-dsc) was written into /tmp/lum/3j63/refine9_weight_1.0_stpmax_0.5_x30_dftd/ase/5/scr/ratom.txt
=COSMO= Solvent Dielectric Constant:78.390000
=COSMO= Cosmo Solvent radius:0.000000
=COSMO= Cosmo charge scaling method:0
=COSMO= Cavity built with Lebedev Grid
=COSMO= Grid points/QM Hydrogen: 110
=COSMO= Grid points/QM Heavy atom: 110
=COSMO= Herbert Switching-Gaussian method turned on
=COSMO= After removing points inside of SAS:
=COSMO= Total number of segments on molecular surface:16395
=COSMO= Number of segments belonging to QM atoms:16395
=COSMO= Total surface area of cavity: 2204.4027(Angstrom^2)
=COSMO= Total volume of cavity: 1256.5855 (Angstrom^3)
=COSMO= II. COSMO integral options:
=COSMO= Building COMSO c vector with original algorithm
=COSMO= COSMO one-electron integral threshold: 1e-12 
=COSMO= III. Linear solver options:
=COSMO= Initialize COSMO for A matrix in no matrix storage form
=COSMO= CG precondtioner:Jacobi
=COSMO= Tight CG convergence threshold:1e-06
=COSMO= CG dynamic threshold: on
=COSMO= Adjust CG convergence threshold dynamically
=COSMO= IV. PCM field read/write options:
=COSMO= PCM field is not written to files
=COSMO= No PCM field file is read in
=COSMO= ++++++++++++++++++++++++++++++++++++++++++++++++++++++++++++++++++++++++++++++++

                      *** Start SCF Iterations ***

 Iter     DIIS Error       Energy change         Energy              E_PCM      Time(s)
---------------------------------------------------------------------------------------
         >>> Purifying P... IDMP = 3.26e-14 <<<
THRESPDP set to 1.00e+00
   1     0.3814736244   -7373.0597697025   -7373.0597697025     -0.9479255505    4.75  
   2     0.2062174603     -35.2841619887   -7408.3439316912     -0.6537661654    6.95  
   3     0.0473083792      -4.9606218785   -7413.3045535697     -0.7766246557    5.99  
   4     0.0168815702      -0.5715029440   -7413.8760565137     -0.7232235706    5.91  
   5     0.0049607464      -0.0865946291   -7413.9626511428     -0.7525189192    6.26  
THRESPDP set to 1.04e-04
   6     0.0032978763      -0.0080920411   -7413.9707431839     -0.7575941589    5.84  
   7     0.0019595850      -0.0014231811   -7413.9721663650     -0.7602599541    5.45  
   8     0.0011043208      -0.0002866283   -7413.9724529933     -0.7614616992    3.98  
   9     0.0006879051      -0.0000440289   -7413.9724970222     -0.7617609497    5.13  
  10     0.0003392086      -0.0000140149   -7413.9725110371     -0.7618644139    3.96  
  11     0.0001919332      -0.0000038348   -7413.9725148719     -0.7618719165    4.67  
  12     0.0000873845      -0.0000006982   -7413.9725155700     -0.7618688457    3.88  
  13     0.0000357448      +0.0000002781   -7413.9725152919     -0.7618629043    4.32  
  14     0.0000119453      -0.0000001502   -7413.9725154420     -0.7618592602    4.60  
---------------------------------------------------------------------------------------
FINAL ENERGY: -7413.9725154420 a.u.
DISPERSION CONTRIBUTION TO ENERGY: -2.4237667291 a.u.
C-PCM contribution to final energy:-0.7618592602 a.u. ( already included in final energy )
Computing C-PCM contribution to gradient...
CENTER OF MASS: {16.002045, 13.159229, 23.967022} ANGS
DIPOLE MOMENT: {-48.941242, 18.482232, 135.906255} (|D| = 145.627429) DEBYE
Cannot open /tmp/lum/3j63/refine9_weight_1.0_stpmax_0.5_x30_dftd/ase/5/scr
Writing out molden info

Gradient units are Hartree/Bohr
---------------------------------------------------
        dE/dX            dE/dY            dE/dZ
    0.0004303980     0.0000842876    -0.0000216731
   -0.0002255698    -0.0000044614     0.0000430803
    0.0001989311    -0.0001492591     0.0004893473
    0.0001650384     0.0002739163     0.0002737139
   -0.0010025462    -0.0008996729     0.0004566996
    0.0010854397    -0.0003848037    -0.0004963002
   -0.0001152620     0.0003963739    -0.0004766969
    0.0005387778    -0.0004653833     0.0007191309
   -0.0003323297    -0.0005523067     0.0006979896
    0.0000455059    -0.0002877925     0.0003945082
   -0.0006408711    -0.0004759511     0.0010924423
   -0.0000120679    -0.0003249741    -0.0000329359
    0.0003835918     0.0006204320     0.0000012391
    0.0002525418    -0.0000123174    -0.0000417409
   -0.0000037025    -0.0000427048    -0.0000540402
   -0.0002917189     0.0004890733     0.0002963153
   -0.0005118940    -0.0001066771    -0.0006768466
   -0.0003102160    -0.0004288236    -0.0001026469
   -0.0003367019    -0.0000257890     0.0000788791
    0.0001583562     0.0003899277     0.0001475938
   -0.0009150935    -0.0009932070     0.0001070995
   -0.0002632422    -0.0002217274     0.0004310526
    0.0004126593     0.0000168707    -0.0002386716
    0.0002224696    -0.0001319441    -0.0003886268
    0.0000336239     0.0008471048    -0.0002723357
    0.0004325482     0.0002428683     0.0002525703
    0.0001244255     0.0009241485     0.0003954630
   -0.0002024705    -0.0008522753     0.0000066596
   -0.0008003906     0.0008234886     0.0012962842
    0.0005803286    -0.0005835381    -0.0008190516
    0.0006860813     0.0009082449    -0.0006601287
    0.0011923671     0.0000870622     0.0005155070
    0.0007536916    -0.0001011050    -0.0002473805
    0.0001354149     0.0007283713    -0.0012325659
    0.0001278008    -0.0012263730     0.0010958611
   -0.0004201784     0.0008018836     0.0001359008
   -0.0006619487     0.0014038132     0.0002736448
    0.0003258073     0.0001002134    -0.0001592157
    0.0000461623     0.0001950333     0.0000740817
   -0.0003844297     0.0003851691     0.0003504106
   -0.0001119745     0.0000559195     0.0000982831
   -0.0002938294    -0.0000188258    -0.0003954328
   -0.0006064394    -0.0001471216     0.0001942242
    0.0000743686     0.0002099657     0.0001693730
   -0.0006836209     0.0000902082     0.0002688140
    0.0000521212     0.0000292459     0.0008035324
    0.0001379803     0.0001906282    -0.0003149294
   -0.0000678825    -0.0000910438    -0.0000331283
   -0.0000739691     0.0001810253    -0.0001777287
    0.0000304961    -0.0006653935    -0.0004469380
    0.0000165123     0.0007041663     0.0001930816
   -0.0009623770    -0.0000786116    -0.0001820739
   -0.0003593130    -0.0000112727     0.0004122052
   -0.0000773867     0.0000063131     0.0002275897
   -0.0006401425     0.0002471140    -0.0006790250
    0.0002213842    -0.0002216604    -0.0002774305
    0.0001640362    -0.0000111264     0.0001683809
   -0.0004703567    -0.0004880864     0.0001051391
   -0.0000168120    -0.0004420739    -0.0003074791
   -0.0004776041     0.0000630714    -0.0002098373
    0.0006539909     0.0004122030    -0.0016213218
   -0.0002481847     0.0006307027    -0.0005192614
    0.0001199054     0.0003979305    -0.0000884774
   -0.0002469886     0.0004082029     0.0000744928
   -0.0007020727     0.0004074706     0.0000663215
    0.0009472136     0.0003147081    -0.0001342554
   -0.0001333411     0.0011216737    -0.0005373837
    0.0009120477     0.0011007290     0.0010868365
   -0.0001274646    -0.0007237178    -0.0020312281
    0.0006833286     0.0011563167     0.0010355798
    0.0003683743     0.0019700373    -0.0003458318
   -0.0005809420     0.0006426831     0.0010131400
   -0.0002776397    -0.0000877337     0.0003244022
    0.0000749876     0.0003789094     0.0000104872
   -0.0001276953     0.0003245664     0.0001604781
   -0.0007457898    -0.0000533254    -0.0001935377
   -0.0001790083     0.0003270894    -0.0000441879
    0.0000656967     0.0001305047     0.0001344105
    0.0002113373    -0.0005269890    -0.0000877664
    0.0001563430    -0.0005051883    -0.0002260997
    0.0000763244    -0.0007030176    -0.0005948624
    0.0000737422     0.0000776548    -0.0005175610
    0.0001379694    -0.0007436307     0.0001516432
    0.0002580525     0.0001843318    -0.0004033921
   -0.0004215282    -0.0003694923     0.0001417294
   -0.0000907982     0.0004741794     0.0005900749
    0.0013271873    -0.0007257075    -0.0008464685
   -0.0007307480     0.0007558134     0.0010194173
   -0.0008431111     0.0001276510    -0.0002450792
   -0.0006199054     0.0006017420     0.0001559397
   -0.0003613070    -0.0001615873    -0.0004443638
    0.0002951428     0.0007823085     0.0000862355
    0.0001575094     0.0002102450     0.0000237231
    0.0002133839     0.0004026532     0.0001263401
    0.0007463823     0.0000422963     0.0005014909
    0.0010487154     0.0000711480     0.0006282036
   -0.0001985578     0.0001496270    -0.0003585494
    0.0005518488     0.0005522461    -0.0005203209
   -0.0001964054    -0.0004516719     0.0002289757
   -0.0001648802    -0.0001732909     0.0001574609
   -0.0009760409    -0.0009765981     0.0016106712
   -0.0003420001     0.0001961474     0.0002382649
    0.0000504063    -0.0004315350     0.0001158369
    0.0000869998    -0.0000323107    -0.0009171040
    0.0007627316     0.0004443038    -0.0002826794
    0.0001074053    -0.0001717830    -0.0002116753
    0.0002295870    -0.0002808849    -0.0002952401
    0.0008322014    -0.0004318730    -0.0003482331
   -0.0011782449     0.0013391113     0.0001805009
    0.0008039960    -0.0001828097    -0.0005762544
   -0.0001653740    -0.0009993809     0.0004009730
    0.0004281296     0.0001459741    -0.0001515481
    0.0010058415    -0.0003253095    -0.0004623910
    0.0009344867    -0.0002400964    -0.0007456366
    0.0001628713    -0.0002605820     0.0002521912
    0.0000817811    -0.0004251887    -0.0000306087
   -0.0000422119     0.0002556992    -0.0004995693
    0.0000480564    -0.0004361389     0.0000651187
   -0.0000329053    -0.0003720559    -0.0003325792
   -0.0000114389     0.0001557656    -0.0003186223
   -0.0005853376     0.0002029141    -0.0000856206
   -0.0003492669    -0.0000115274    -0.0006896001
   -0.0006390006    -0.0002464274     0.0001633290
   -0.0003887064    -0.0005272742     0.0003299770
    0.0001394099    -0.0001920638     0.0000473961
   -0.0006065139    -0.0012323247     0.0006059822
    0.0005595296    -0.0007248239    -0.0004726379
   -0.0005062277    -0.0001405077     0.0015510096
   -0.0006194222     0.0017961992    -0.0003074217
    0.0000143289    -0.0000785853     0.0007778253
    0.0004851762     0.0001064937     0.0013675717
    0.0004817656    -0.0025234115    -0.0006905450
   -0.0002546424    -0.0001613988    -0.0014185483
    0.0005308598    -0.0000886844    -0.0004189092
    0.0004771704    -0.0001271083     0.0002838134
   -0.0001264313    -0.0005107253    -0.0007980087
   -0.0000512789    -0.0003615801    -0.0002919820
    0.0005803873    -0.0004664268    -0.0006103842
   -0.0025535916     0.0022764569     0.0002229227
    0.0006781947    -0.0000598870     0.0000880005
    0.0000809840    -0.0002504225     0.0003515887
    0.0000961547    -0.0000801035     0.0002178682
   -0.0001583334     0.0000684784     0.0006412673
    0.0005227859    -0.0002549621     0.0000692044
    0.0018700579     0.0003698479    -0.0015452011
   -0.0002448847    -0.0018222448    -0.0008869011
   -0.0065665075     0.0051251046     0.0106787278
    0.0059290310     0.0006975320    -0.0041662829
    0.0011627495    -0.0006581979    -0.0007507654
    0.0007472662     0.0003401677    -0.0003349612
    0.0003092429     0.0000070863    -0.0005203703
   -0.0000100390     0.0001708248     0.0000972396
   -0.0005987625    -0.0002759073     0.0004500050
   -0.0003514988     0.0003948009    -0.0001321749
   -0.0005008907     0.0007189764     0.0001168023
   -0.0000875121     0.0000926030    -0.0001999063
    0.0013599591    -0.0042997053    -0.0024940566
   -0.0004145059     0.0007350280    -0.0019878166
    0.0015041372     0.0052896785    -0.0027099384
   -0.0024095567    -0.0033244145     0.0042841443
    0.0003783708    -0.0009413918     0.0016093911
   -0.0001505758    -0.0000164633     0.0006430180
    0.0002663865    -0.0005986221     0.0011253865
    0.0004959221     0.0005322904     0.0011416844
    0.0008358027     0.0000951146    -0.0001683923
    0.0004685845    -0.0000291418    -0.0007134088
    0.0029708098     0.0001117655    -0.0004371404
   -0.0014883411     0.0065875743     0.0008829124
   -0.0869807283    -0.0420147865    -0.0140027229
    0.0296446993    -0.0055648326    -0.0040685786
   -0.0000881548    -0.0007214644    -0.0015276488
   -0.0003692079    -0.0000514497    -0.0008034313
   -0.0003160350     0.0007917243     0.0011996427
    0.0000033902    -0.0008654018    -0.0009903755
   -0.0070420743    -0.0002395104    -0.0012310860
   -0.0005075994    -0.0025657729     0.0009861006
    0.0007281934    -0.0003498901    -0.0007111016
   -0.0005844755     0.0002949577    -0.0005315472
    0.0007648910     0.0003635537     0.0003956220
    0.0001980672     0.0006012890    -0.0000458957
    0.0000388026     0.0007269795     0.0004043134
    0.0008383083     0.0001487195     0.0004461356
    0.0005106190     0.0006428468     0.0005946164
    0.0005781780     0.0001027134     0.0000389353
    0.0002975429     0.0003168091    -0.0005881305
    0.0071696481     0.0878084557    -0.0594300212
   -0.0003492301     0.0113322616    -0.0051142129
    0.0642660301    -0.0561231042     0.0389304141
   -0.0238127567     0.0243495379     0.0135546350
    0.0073830379    -0.0093502108     0.0030771616
   -0.0119591062     0.0038876244    -0.0082200133
    0.0012356795     0.0002773093    -0.0032854621
    0.0107366589     0.0168929873    -0.0143832485
    0.0023393845     0.0005112307     0.0023832519
    0.0013097088     0.0034030682     0.0005187826
    0.0087131414    -0.0033338588     0.0037887602
    0.0002754747     0.0008803539     0.0011301497
   -0.0000945796    -0.0005848025     0.0006005395
   -0.0011102137     0.0002132769     0.0013308348
   -0.0143987289     0.0631158727    -0.0832640767
   -0.0060585152     0.0096961437    -0.0064329715
    0.0852271931    -0.0114500412     0.0325345099
   -0.0185512053     0.0050285781     0.0050534053
    0.0088696873    -0.0030270811    -0.0023022612
    0.0020115507    -0.0000243413    -0.0015124512
    0.0003282987     0.0035743787    -0.0001048339
    0.0087884662     0.0081386325    -0.0179952441
    0.0028163857     0.0004820711     0.0015515227
   -0.0001491207    -0.0007479648     0.0000165885
   -0.0006526901    -0.0004441706    -0.0005949521
   -0.0031080774     0.0001818225     0.0021166658
    0.0011479328    -0.0000988132    -0.0010144907
    0.0014120397    -0.0000695551    -0.0001812548
    0.0007604524     0.0000424615    -0.0001710707
   -0.0003361259    -0.0001242672     0.0005211200
    0.1021083045    -0.0151494148     0.0070717257
    0.0163153557    -0.0022868655    -0.0032460813
   -0.0624546942     0.0519057433     0.0416274040
    0.0037299632    -0.0036390375    -0.0276566416
    0.0029093121     0.0052221043     0.0082545684
    0.0035859283     0.0027187412    -0.0035198154
    0.0013963979    -0.0040108358     0.0010529364
    0.0008789978     0.0012807637     0.0000970141
   -0.0008956387     0.0032293435    -0.0008925736
    0.0215175335     0.0046928801     0.0005095392
   -0.0012425951     0.0020630816    -0.0000385621
   -0.0005951155    -0.0005283043    -0.0006882429
   -0.0000745508    -0.0012695383     0.0001024658
   -0.0005355072     0.0003519951    -0.0001316858
   -0.0008576027    -0.0000071158     0.0008129076
    0.0845303861    -0.0570285361     0.0182089407
    0.0105688148    -0.0150389776    -0.0045359853
   -0.0225428021     0.0828640836     0.0422761247
    0.0068927104    -0.0049516064    -0.0267982149
    0.0009701849     0.0039940562     0.0098443382
    0.0173396332    -0.0033835363     0.0110893800
    0.0001823684     0.0034793987     0.0010817007
    0.0037738165     0.0006420599    -0.0003116307
   -0.0009184014    -0.0005366972    -0.0004522510
    0.0010996805    -0.0013468483    -0.0002630521
    0.0838691830     0.0494089550     0.0262941615
    0.0197400077     0.0115517339     0.0049510194
   -0.0892727876     0.0214159017     0.0077914148
    0.0150533501    -0.0013979611    -0.0237986948
   -0.0022699568     0.0008576396     0.0114639143
    0.0031950014    -0.0031162080    -0.0080507345
    0.0004276713     0.0037425454    -0.0041256849
    0.0106160546     0.0116005195     0.0107128205
   -0.0020500189     0.0024306891    -0.0009796456
   -0.0002408609     0.0000415862    -0.0004079317
   -0.0038529107     0.0053857544     0.0038243385
   -0.0004687915     0.0009574054     0.0005094905
    0.0005773569     0.0000677747     0.0009642460
   -0.0008148848     0.0000722662    -0.0002717665
   -0.0211588109    -0.0974966119    -0.0071970373
   -0.0011930586    -0.0167222112     0.0016859587
   -0.0002305009     0.0692741014    -0.0639321286
   -0.0195823623    -0.0044749717     0.0278860861
    0.0029748325     0.0013528279    -0.0106424504
   -0.0031486314    -0.0023238725     0.0002852602
    0.0011104311     0.0002998811    -0.0001900754
    0.0003691176    -0.0006717072    -0.0018819408
   -0.0051419995    -0.0191385270    -0.0142822613
   -0.0021517663     0.0018760788    -0.0017404476
    0.0001829019     0.0002606548     0.0007543438
    0.0000913758    -0.0016422917     0.0009715589
   -0.0005952227     0.0001473841     0.0001295216
   -0.0001855832    -0.0005541760     0.0000060807
   -0.0010559067    -0.0002759939     0.0000398955
   -0.0004946262    -0.0001148720     0.0001176352
   -0.0002284496    -0.0004947811     0.0005795474
   -0.0002317339    -0.0001930808     0.0002269994
    0.0001729355    -0.0001407302     0.0004066344
   -0.0562947919    -0.0704311600    -0.0571361773
   -0.0171763836    -0.0049175189    -0.0005584422
    0.0011441005     0.0033014063     0.0072176176
    0.0008859476    -0.0019252450    -0.0054223781
    0.0022089014     0.0025925360    -0.0099329497
   -0.0093099835    -0.0060445143    -0.0177589907
    0.0018601444     0.0009520567    -0.0005352154
   -0.0019029079     0.0028977590    -0.0008883877
   -0.0004395509     0.0000332498     0.0002558662
    0.0001684983    -0.0013518796     0.0002781898
    0.0015670873    -0.0029094796     0.0002006240
    0.0017510661    -0.0049993590    -0.0033655179
   -0.0556771493     0.0209463414    -0.0698759775
   -0.0010137971     0.0009789106     0.0294596275
   -0.0024960366     0.0055626760    -0.0001188755
    0.0101570738     0.0006486238     0.0061584764
    0.0001545329    -0.0011511931    -0.0004995295
   -0.0000126388     0.0008318147     0.0011629657
   -0.0017600216    -0.0000727981    -0.0003315556
    0.0000187102    -0.0011510876     0.0004322618
   -0.0091937219    -0.0019877556    -0.0085800850
   -0.0003307146     0.0004306254    -0.0002760861
    0.0003853365     0.0000021045     0.0001546214
    0.0000529454    -0.0003015802    -0.0003571977
    0.0577670725     0.0414543430     0.0156929635
   -0.0229382109    -0.1151231419     0.0688765195
   -0.0462893610     0.0374336174    -0.0393215886
   -0.0021221530    -0.0880392625     0.1031365442
   -0.0645648316     0.0055074130    -0.0325915193
   -0.1361440397    -0.0007555853    -0.0007806674
    0.0517838157    -0.0445575766    -0.0259392847
   -0.1197567966     0.0604197342    -0.0240025534
    0.0157516946    -0.0675664796    -0.0234027545
   -0.1034345021    -0.0803010287    -0.0369370110
    0.0700027654    -0.0214818556     0.0062668908
    0.0384191577     0.1276579128     0.0296266836
    0.0112553722    -0.0586459997     0.0415624116
    0.0809282784     0.0724750623     0.0834770596
    0.0560672680    -0.0143836346     0.0425061806
---------------------------------------------------
Net gradient:  1.408776e-09 -1.538922e-10  1.531361e-09
Net torque:   -1.608102e-03  3.185950e-03  1.987365e-03

Total processing time: 88.93 sec 

 Job finished: Tue May 14 21:42:06 2019

