Startfile from command line: /home/lum/5ly6/refine10_weight_0.1_stpmax_0.8_d2/ase/20/20_capping.sp


       ***********************************************************
       *                    TeraChem v1.93P                      *
       *                 Hg Version: 79b87f121f2d                *
       *                   Production Version                    *
       *                Compiled without textures                *
       *           Chemistry at the Speed of Graphics!           *
       ***********************************************************
       * This program may only be used in connection with        *
       * a valid license from PetaChem, LLC. Use of this program *
       * or results thereof indicates acceptance of all terms    *
       * and conditions stated in the license and that a valid   *
       * license agreement between the user and PetaChem, LLC    *
       * exists. PetaChem, LLC does not warrant the correctness  *
       * of results or their suitability for any purpose.        *
       * Please email bugs, suggestions, and comments to         *
       *                  help@petachem.com                      *
       *                                                         *
       ***********************************************************


       ***********************************************************
       *  Compiled by toddmtz      Wed Aug 16 03:32:31 PDT 2017  *
       *  Supported architectures: sm_20 sm_30 sm_50 sm_60       *
       *  Cuda compilation tools, release 8.0, V8.0.44           *
       ***********************************************************


 Job started   Mon May 20 14:01:11 2019
 On cu37 (available memory: 47727 MB)

######################################### RUNTIME INFO ##########################################
/public/qmsoft/TeraChem/bin/terachem /home/lum/5ly6/refine10_weight_0.1_stpmax_0.8_d2/ase/20/20_capping.sp 

NVRM version: NVIDIA UNIX x86_64 Kernel Module  396.26  Mon Apr 30 18:01:39 PDT 2018
GCC version:  gcc version 4.8.5 20150623 (Red Hat 4.8.5-4) (GCC) 

	linux-vdso.so.1 (0x00007ffd4a1e3000)
	libcurl.so.4 => /lib64/libcurl.so.4 (0x00002b46f2fc3000)
	libintbox.so.1 => /public/qmsoft/TeraChem/lib/libintbox.so.1 (0x00002b46f322b000)
	libthcbox.so.1 => /public/qmsoft/TeraChem/lib/libthcbox.so.1 (0x00002b4712e39000)
	libgridbox.so.1 => /public/qmsoft/TeraChem/lib/libgridbox.so.1 (0x00002b47149a3000)
	libdftbox.so.1 => /public/qmsoft/TeraChem/lib/libdftbox.so.1 (0x00002b4714e94000)
	libcublas.so.8.0 => /public/qmsoft/TeraChem/lib/libcublas.so.8.0 (0x00002b47151a5000)
	libcufft.so.8.0 => /public/qmsoft/TeraChem/lib/libcufft.so.8.0 (0x00002b4717b55000)
	libcuda.so.1 => /public/qmsoft/TeraChem/lib/libcuda.so.1 (0x00002b47209a3000)
	libcudart.so.8.0 => /public/qmsoft/TeraChem/lib/libcudart.so.8.0 (0x00002b4721923000)
	libcrypto.so.10 => /lib64/libcrypto.so.10 (0x00002b4721b89000)
	libssl.so.10 => /lib64/libssl.so.10 (0x00002b4721f70000)
	libm.so.6 => /lib64/libm.so.6 (0x00002b47221dd000)
	libcilkrts.so.5 => /public/qmsoft/TeraChem/lib/libcilkrts.so.5 (0x00002b47224df000)
	libstdc++.so.6 => /lib64/libstdc++.so.6 (0x00002b4722720000)
	libgcc_s.so.1 => /lib64/libgcc_s.so.1 (0x00002b4722a28000)
	libpthread.so.0 => /lib64/libpthread.so.0 (0x00002b4722c3e000)
	libdl.so.2 => /lib64/libdl.so.2 (0x00002b4722e5c000)
	libc.so.6 => /lib64/libc.so.6 (0x00002b4723060000)
	/lib64/ld-linux-x86-64.so.2 (0x00002b46f2da0000)
	libidn.so.11 => /lib64/libidn.so.11 (0x00002b472340d000)
	libssh2.so.1 => /lib64/libssh2.so.1 (0x00002b4723640000)
	libssl3.so => /lib64/libssl3.so (0x00002b472386a000)
	libsmime3.so => /lib64/libsmime3.so (0x00002b4723aac000)
	libnss3.so => /lib64/libnss3.so (0x00002b4723cd3000)
	libnssutil3.so => /lib64/libnssutil3.so (0x00002b4723ff9000)
	libplds4.so => /lib64/libplds4.so (0x00002b4724225000)
	libplc4.so => /lib64/libplc4.so (0x00002b4724429000)
	libnspr4.so => /lib64/libnspr4.so (0x00002b472462e000)
	libgssapi_krb5.so.2 => /lib64/libgssapi_krb5.so.2 (0x00002b472486c000)
	libkrb5.so.3 => /lib64/libkrb5.so.3 (0x00002b4724ab8000)
	libk5crypto.so.3 => /lib64/libk5crypto.so.3 (0x00002b4724d9d000)
	libcom_err.so.2 => /lib64/libcom_err.so.2 (0x00002b4724fcf000)
	liblber-2.4.so.2 => /lib64/liblber-2.4.so.2 (0x00002b47251d3000)
	libldap-2.4.so.2 => /lib64/libldap-2.4.so.2 (0x00002b47253e2000)
	libz.so.1 => /lib64/libz.so.1 (0x00002b4725635000)
	librt.so.1 => /lib64/librt.so.1 (0x00002b472584b000)
	libnvidia-fatbinaryloader.so.396.26 => /lib64/libnvidia-fatbinaryloader.so.396.26 (0x00002b4725a53000)
	libkrb5support.so.0 => /lib64/libkrb5support.so.0 (0x00002b4725c9f000)
	libkeyutils.so.1 => /lib64/libkeyutils.so.1 (0x00002b4725eae000)
	libresolv.so.2 => /lib64/libresolv.so.2 (0x00002b47260b2000)
	libsasl2.so.3 => /lib64/libsasl2.so.3 (0x00002b47262c9000)
	libselinux.so.1 => /lib64/libselinux.so.1 (0x00002b47264e6000)
	libcrypt.so.1 => /lib64/libcrypt.so.1 (0x00002b472670b000)
	libpcre.so.1 => /lib64/libpcre.so.1 (0x00002b4726942000)
	liblzma.so.5 => /lib64/liblzma.so.5 (0x00002b4726ba3000)
#################################################################################################

       ********************** License Check **********************
       * Use license from: /public/qmsoft/TeraChem/license.dat
       * Available Host id: AC1F6B20F5BC
       * Available Host id: AC1F6B20F5BD
       * Available Host id: 525400A418C3
       * Available Host id: 525400A418C3
       * License Host id: AC1F6B20F5BC
       * License expires: 2019-10-21
       ********************** License OK *************************
Scratch directory: /tmp/lum/5ly6/refine10_weight_0.1_stpmax_0.8_d2/ase/20/scr
Random number seed: 1617552482

XYZ coordinates /home/lum/5ly6/refine10_weight_0.1_stpmax_0.8_d2/ase/20/20_capping.xyz
Molden File Output: /tmp/lum/5ly6/refine10_weight_0.1_stpmax_0.8_d2/ase/20/scr/20_capping.molden
Using basis set: 6-31g
Spin multiplicity: 1
DIIS will use up to 10 vectors.
WF convergence threshold: 3.00e-05
Using DIIS algorithm to converge WF
Maximum number of SCF iterations: 300
Incremental fock with rebuild every 8 iterations
Will switch to conventional Fock if diffuse functions are detected
X-matrix tolerance: 1.00e-04
PRECISION: DYNAMIC
DFT Functional requested: hf
Method: Hartree-Fock  with dispersion correction

*********************************************************
*                     WARNING                           *
* Dispersion correction is not supported for hf         *
*         Disabling dispersion correction               *
*********************************************************

Wavefunction: RESTRICTED
Initial guess generated by maximum overlap

********************************************
**** SINGLE POINT GRADIENT CALCULATIONS ****
********************************************
SCF:   Initial guess is taken from previous step
COSMO model for polarizable continuum model enabled

using 4 out of 4 CUDA devices
   Device 0:  GeForce GTX 1080 Ti, 11178MB, CC 6.1 -- CPU THREAD 0
   Device 1:  GeForce GTX 1080 Ti, 11178MB, CC 6.1 -- CPU THREAD 1
   Device 2:  GeForce GTX 1080 Ti, 11178MB, CC 6.1 -- CPU THREAD 2
   Device 3:  GeForce GTX 1080 Ti, 11178MB, CC 6.1 -- CPU THREAD 3
-------------------------------------------------------------------
Compiled with MAGMA support.  MAGMA parameters:
    Matrices larger than 5000 square will be treated with MAGMA
       (Change by setting the MagmaMinN environment variable)
    Magma will use 1 out of 4 GPUs
       (Change by setting the MagmaNGPUs environment variable)
-------------------------------------------------------------------
 CPU Memory Available: 8018.12 MegaWords 
 GPU Memory Available: 1141.31 MegaWords 
 Maximum recommended basis set size: 12200 basis functions
 (limited by GPU memory)
-------------------------------------------------------------------
Not using d-functions. Configuring GPUs accordingly.
0: CUBLAS initialized, available GPU memory: 8170MB
1: CUBLAS initialized, available GPU memory: 8170MB
2: CUBLAS initialized, available GPU memory: 8170MB
3: CUBLAS initialized, available GPU memory: 8170MB


Basis set:       6-31g
Total atoms:     600
Total charge:    -3
Total electrons: 2210 (1105-alpha, 1105-beta)
Number electrons modeled by ECPs: 0
Total orbitals:  3216
Total AO shells: 2064 (1488 S-shells; 576 P-shells; 0 D-shells; 0 F-shells; 0 G-shells)
Spin multiplicity: 1
Nuclear repulsion energy (QM atoms): 126683.357223362720 a.u.

=COSMO= Number of H atoms in QM atoms:312
=COSMO= Number of Heavy atoms in QM atoms:288
reached first line of InitCosmoSwigNoMatrix
q is allocated
B is allocated
Bz is allocated
z is allocated
c is allocated
=COSMO= No Matrix Cosmo Initialization finished.
=COSMO= ++++++++++++++++++++++++++++++ COSMO parameters ++++++++++++++++++++++++++++++
=COSMO= I. Cavity Information:
=COSMO= SAS(Solvent accesible surface) initialization finished
=COSMO= Time for initializing Molecular Surface:1.03231201 (sec)
=COSMO= Time for initializing cosmo calculation:0.33911301 (sec)
=COSMO= Cavity effective radius(Angstrom) (r_solv+r_vdw-dsc) was written into /tmp/lum/5ly6/refine10_weight_0.1_stpmax_0.8_d2/ase/20/scr/ratom.txt
=COSMO= Solvent Dielectric Constant:78.390000
=COSMO= Cosmo Solvent radius:0.000000
=COSMO= Cosmo charge scaling method:0
=COSMO= Cavity built with Lebedev Grid
=COSMO= Grid points/QM Hydrogen: 110
=COSMO= Grid points/QM Heavy atom: 110
=COSMO= Herbert Switching-Gaussian method turned on
=COSMO= After removing points inside of SAS:
=COSMO= Total number of segments on molecular surface:32676
=COSMO= Number of segments belonging to QM atoms:32676
=COSMO= Total surface area of cavity: 4427.7680(Angstrom^2)
=COSMO= Total volume of cavity: 2530.7147 (Angstrom^3)
=COSMO= II. COSMO integral options:
=COSMO= Building COMSO c vector with original algorithm
=COSMO= COSMO one-electron integral threshold: 1e-12 
=COSMO= III. Linear solver options:
=COSMO= Initialize COSMO for A matrix in no matrix storage form
=COSMO= CG precondtioner:Jacobi
=COSMO= Tight CG convergence threshold:1e-06
=COSMO= CG dynamic threshold: on
=COSMO= Adjust CG convergence threshold dynamically
=COSMO= IV. PCM field read/write options:
=COSMO= PCM field is not written to files
=COSMO= No PCM field file is read in
=COSMO= ++++++++++++++++++++++++++++++++++++++++++++++++++++++++++++++++++++++++++++++++

                      *** Start SCF Iterations ***

 Iter     DIIS Error       Energy change         Energy              E_PCM      Time(s)
---------------------------------------------------------------------------------------
         >>> Purifying P... IDMP = 4.79e-14 <<<
THRESPDP set to 1.00e+00
   1     0.3796814174  -13998.2393716537  -13998.2393716537     -1.8404907457   21.81  
   2     0.1713787467     -68.7494140431  -14066.9887856968     -1.3004993206   22.67  
   3     0.0537730240      -9.3468582243  -14076.3356439211     -1.5171495301   22.28  
   4     0.0162179096      -1.1958037790  -14077.5314477001     -1.3996087458   22.26  
THRESPDP set to 4.04e-05
   5     0.0086487465      -0.1739849131  -14077.7054326132     -1.4622829009   18.09  
   6     0.0052895974      -0.0187808295  -14077.7242134426     -1.4726904887   23.95  
   7     0.0032865283      -0.0036059359  -14077.7278193785     -1.4786046460   14.67  
   8     0.0018247175      -0.0007528448  -14077.7285722234     -1.4812447590   14.61  
   9     0.0010884374      -0.0001412678  -14077.7287134911     -1.4819679601   17.33  
  10     0.0005391529      -0.0000357196  -14077.7287492108     -1.4822508707   16.50  
  11     0.0002893127      -0.0000060013  -14077.7287552120     -1.4823121849   16.16  
  12     0.0001200070      -0.0000018992  -14077.7287571113     -1.4823206464   14.62  
  13     0.0000440210      -0.0000014846  -14077.7287585959     -1.4823108820   16.64  
  14     0.0000133226      -0.0000014155  -14077.7287600113     -1.4823018616   12.24  
---------------------------------------------------------------------------------------
FINAL ENERGY: -14077.7287600113 a.u.
C-PCM contribution to final energy:-1.4823018616 a.u. ( already included in final energy )
Computing C-PCM contribution to gradient...
CENTER OF MASS: {42.406005, 30.838367, 35.125931} ANGS
DIPOLE MOMENT: {33.210792, -49.770825, -24.890450} (|D| = 64.804523) DEBYE
Cannot open /tmp/lum/5ly6/refine10_weight_0.1_stpmax_0.8_d2/ase/20/scr
Writing out molden info

Gradient units are Hartree/Bohr
---------------------------------------------------
        dE/dX            dE/dY            dE/dZ
    0.0544566712     0.0492313692    -0.1002345580
    0.0042483844     0.0136596582    -0.0228115892
   -0.0677927909    -0.0223422771    -0.0423697804
    0.0003727427    -0.0056109534     0.0226140766
    0.0026550816     0.0047200393     0.0075336133
    0.0081612096     0.0084763539     0.0045188126
   -0.0056638499     0.0038899388    -0.0010840253
   -0.0001632232     0.0101217472    -0.0029003547
   -0.0181662186     0.0337524815     0.0036074327
    0.0107595577    -0.0029220026    -0.0084218190
    0.0033619897    -0.0270124525     0.0023759450
    0.0208706549     0.0004525144     0.0125782012
    0.0072795935     0.0003456475     0.0058589344
    0.0011229343    -0.0021415325     0.0006163292
   -0.0030837219     0.0004794171     0.0007234981
   -0.0013933857     0.0005791112    -0.0023344858
   -0.0049093081    -0.0040855849    -0.0010145364
    0.0029993098    -0.0042047364     0.0026486617
    0.0012681749    -0.0013070221     0.0000234930
    0.0056915897    -0.0159506383     0.0007965923
    0.0000315969    -0.0072394954     0.0021879967
   -0.0066172696     0.0047895930     0.0062110654
    0.0055837934     0.0066426564    -0.0048528713
   -0.0018789353    -0.0004176499     0.0016971107
   -0.0002093197     0.1181925187     0.0062951123
   -0.0129464959     0.0192790192    -0.0067674556
   -0.0516639999    -0.0527994049     0.0473835150
    0.0053690983    -0.0013590976    -0.0087684830
    0.0032227679     0.0033231640     0.0082709120
    0.0012855716     0.0095764020     0.0033059066
   -0.0114924970    -0.0098577593    -0.0012441945
   -0.0040303583    -0.0391244006    -0.0189149554
    0.0081718397     0.0139399185     0.0103179094
   -0.0081659361    -0.0094340552     0.0310652329
   -0.0122678641    -0.0125373791    -0.0302722533
    0.0051374364     0.0064045434    -0.0074963987
    0.0050799879     0.0036893330     0.0017781380
    0.0030075377     0.0004025019     0.0010342820
    0.0033513852    -0.0060159027    -0.0064974795
    0.0008707229    -0.0028200894    -0.0004011998
    0.0047024197    -0.0022638315    -0.0023554375
    0.0015136695     0.0075397163     0.0023332802
    0.0080038105     0.0015236688    -0.0047479576
    0.0014041547     0.0241590144     0.0105858014
    0.0026620356     0.0112678603    -0.0085671755
    0.0057256538    -0.0010900783    -0.0172402006
    0.0043477369     0.0086066100     0.0075910085
    0.0037372126     0.0003537619     0.0142494067
    0.0059759158     0.1097847189    -0.0142975392
    0.0192553947     0.0006275387    -0.0068588654
   -0.1095282374    -0.0465469195     0.0251293193
    0.0455076965    -0.0015776396    -0.0314913926
   -0.0082968900     0.0128986690     0.0041021377
    0.0041961987     0.0178361013    -0.0145743340
   -0.0012370288    -0.0003605838    -0.0000067133
    0.0012787589    -0.0008478738    -0.0052372830
   -0.0000299901    -0.0008751543     0.0001704901
   -0.0009508129    -0.0019989201     0.0001577140
   -0.0617316396     0.0574753361    -0.0424574348
   -0.0084246508     0.0096201889    -0.0221295686
    0.0442621118     0.0013138954    -0.0381495109
   -0.0218530620     0.0036063651     0.0218865879
   -0.0175670823     0.0017906057     0.0041958193
    0.0001720710     0.0098582475    -0.0100249830
    0.0017371588    -0.0040280301     0.0035218194
   -0.0013591370    -0.0046402666     0.0033298665
   -0.0178132830     0.0058276829    -0.0181847564
   -0.0007581578    -0.0037851157     0.0031499880
    0.0036036995    -0.0031794448    -0.0014303025
    0.0008466685    -0.0052738697     0.0051152999
   -0.0413580412     0.0002211422     0.0463306033
    0.0292954810     0.0107562298    -0.0113137327
   -0.0702791738     0.0218287848    -0.0628874885
    0.0078630350    -0.0066919995     0.0092401395
   -0.0217569954    -0.0109639911    -0.0072881960
    0.0068151593     0.0068688092     0.0036246581
    0.0226759915    -0.0031204519    -0.0231595150
   -0.0090536388    -0.0068462721     0.0117345016
    0.0026015972    -0.0020548971    -0.0010046295
    0.0079024239     0.0113066565     0.0076890680
   -0.0023533237    -0.0051130178    -0.0046206795
   -0.0228014982    -0.0164900467    -0.1061287189
    0.0156784949    -0.0193235887    -0.0022461827
   -0.0037991570     0.0273217761     0.0150126874
    0.0021812219    -0.0138031068    -0.0015894027
   -0.0072670461    -0.0050590644    -0.0035123912
    0.0063196143     0.0067076907     0.0115039163
   -0.0061565824    -0.0088470727    -0.0112197559
    0.0075619230    -0.0087159623    -0.0099644975
    0.0021554340    -0.0144938017    -0.0158665535
   -0.0054208989     0.0058219414    -0.0042634715
    0.0002713469    -0.0014226516     0.0004581384
    0.0033183081     0.0089036097     0.0001856699
   -0.0017837453    -0.0010260121    -0.0031228129
    0.0040307415     0.0003605344     0.0004826564
   -0.0016185280    -0.0004626361     0.0041857738
    0.0029517086     0.0025944331     0.0066003989
   -0.0047147763     0.0010349979     0.0014601893
   -0.0002359821     0.0003956501     0.0031762795
   -0.0007452951     0.0064349122     0.0026233743
    0.0000409375    -0.0085582020    -0.0195314430
    0.0025676734     0.0028686401     0.0030086401
   -0.0005868751    -0.0018890939    -0.0034207983
   -0.0012096030     0.0040988898     0.0038535263
   -0.0063329962    -0.0171532049    -0.0032808958
    0.0069729873    -0.0119805997    -0.0000335527
   -0.0026136982    -0.0012645784    -0.0029048557
    0.0060965975     0.0061091598    -0.0028455066
   -0.0006073381    -0.0045414033     0.0037193821
   -0.0022609474     0.0043882574     0.0002707638
   -0.0033306574     0.0121655151     0.0012329038
    0.0026492224     0.0030034342     0.0052331990
   -0.0028987790     0.0103037639     0.0039718028
    0.0020367734     0.0005214744     0.0001267517
    0.0002508534    -0.0004704035     0.0006267962
    0.0012280607     0.0028862718     0.0035118023
   -0.0068784622     0.0002956914     0.0011323518
    0.0017011057    -0.0038269058    -0.0021239222
    0.0012964995     0.0009886052     0.0026958876
    0.0147762106    -0.0177849563    -0.0078838628
    0.0078604423    -0.0120908868    -0.0040639527
   -0.0283631975     0.0236944480     0.0092790753
    0.0143736728    -0.0100895449    -0.0106011497
    0.0119057181    -0.0010810370     0.0097282793
   -0.0015813338     0.0004780717     0.0075751127
   -0.0001943822     0.0140640244    -0.0016676432
   -0.0168710498     0.0143479009     0.0083627785
   -0.0024396479     0.0029431280     0.0000744274
   -0.0029927825     0.0000765744    -0.0072452348
    0.0011621227     0.0031012561    -0.0012844873
   -0.0000349634     0.0001326623     0.0004251402
   -0.0014174451    -0.0008068615    -0.0080309278
   -0.0030531990    -0.0076554481     0.0026523236
   -0.0012377045    -0.0010820773    -0.0002768767
    0.0009617414    -0.0033632865    -0.0015564974
    0.0163006761    -0.0101636573    -0.0044815838
   -0.0031575168     0.0050975998     0.0015441600
    0.0070728755    -0.0111373083    -0.0130730429
   -0.0086174682     0.0016266419     0.0027376651
   -0.0074692037    -0.0122478612     0.0107497207
    0.0052297121     0.0127664706    -0.0153682443
    0.0062873591     0.0095264573    -0.0009918427
   -0.0056613808     0.0036104530     0.0068513610
    0.0026632104    -0.0016800350    -0.0010899211
    0.0027020138     0.0026631175    -0.0011041790
    0.0009355022    -0.0049139945     0.0037254032
    0.0023739089    -0.0009444749     0.0061348480
   -0.0048726376    -0.0034631473    -0.0006609474
   -0.0027221612    -0.0128451408    -0.0021731507
    0.0014482764     0.0019009043     0.0003886083
   -0.0022010413     0.0022485620     0.0014783857
   -0.0111524209     0.0084112623     0.0084194387
   -0.0012584144     0.0131947225    -0.0070543610
   -0.0107954067     0.0080802026     0.0207918041
   -0.0002203459     0.0085217497    -0.0081622956
    0.0109851992    -0.0168843461     0.0082350856
   -0.0120093886     0.0077031790    -0.0087320803
    0.0084812644    -0.0091372072     0.0064842883
   -0.0008016608     0.0006186869     0.0008931737
    0.0100264132    -0.0027541788    -0.0024196648
    0.0011450001    -0.0010415407    -0.0003301923
   -0.0028925167     0.0016704507     0.0018541551
   -0.0054795115     0.0035085726    -0.0035269012
    0.0151339226    -0.0132715558    -0.0172551103
    0.0033629218    -0.0136394926     0.0159516629
   -0.0077964044     0.0072526025    -0.0173448038
   -0.0003995795    -0.0037256771     0.0083485681
    0.0009239230     0.0022575789    -0.0206726769
   -0.0058151126    -0.0044599955     0.0155960174
   -0.0110743339    -0.0058310543    -0.0232198435
    0.0090330462     0.0003758888     0.0219971145
   -0.0013354705     0.0083545195    -0.0039363098
   -0.0015178883     0.0005354954     0.0000615507
   -0.0009416485     0.0051446636    -0.0031840315
   -0.0016451788     0.0012293912     0.0064010792
   -0.0008007640     0.0006610328     0.0023258036
    0.0043397228    -0.0002892620    -0.0052049902
    0.0059274176     0.0010516008     0.0017976295
    0.0124713622     0.0005295224    -0.0044223111
    0.0033125776     0.0048004375    -0.0088127456
   -0.0364220949    -0.0176667831     0.0029777855
    0.0303258862     0.0052309505    -0.0060424071
   -0.0177252516     0.0063331598     0.0046178328
    0.0035579338    -0.0045109569     0.0024438938
    0.0120710181    -0.0130252272     0.0035893925
   -0.0061343430    -0.0011539602     0.0092372842
   -0.0017009616     0.0022104377     0.0041043994
    0.0136308721    -0.0002256931     0.0018327162
   -0.0010562375     0.0015898963    -0.0039342719
   -0.0018940960     0.0038878954    -0.0041424851
   -0.0009997352     0.0012402969     0.0009118117
   -0.0091167408     0.0006767793    -0.0007995096
    0.0000847043     0.0100141490     0.0065094132
   -0.0068978816     0.0006285986    -0.0140653789
    0.0027727186    -0.0068533246     0.0248921001
    0.0057296784     0.0035136501    -0.0052571834
   -0.0047782914    -0.0089299915     0.0095086687
   -0.0055561266     0.0031285589    -0.0040181053
    0.0005750584     0.0141553236    -0.0171856132
    0.0177428432     0.0050320037     0.0118208713
    0.0062116797    -0.0010953903    -0.0017867241
    0.0061363557    -0.0013801988     0.0028410714
    0.0038936450     0.0021947189    -0.0019218530
   -0.0005852748     0.0038341206    -0.0025198520
    0.0017517144    -0.0022462816     0.0008647908
    0.0022216359     0.0014406691     0.0046511440
   -0.0061598229    -0.0056821752     0.0042329263
    0.0051030474    -0.0100104674     0.0049863205
   -0.0085863984    -0.0042486292    -0.0123336430
   -0.0013127296    -0.0006177895    -0.0005802573
   -0.0040594800     0.0015703168     0.0023377391
    0.0062284224     0.0156547427    -0.0362693696
    0.0082160530    -0.0031446785     0.0075287334
   -0.0366421539    -0.0345793398     0.0640742357
    0.0251995987     0.0198917560    -0.0441553729
    0.0019963772    -0.0114662826    -0.0041566374
   -0.0038450581     0.0063394727    -0.0091638408
   -0.0027332742     0.0024190554     0.0174645878
   -0.0188112389     0.0057207433    -0.0020712687
   -0.0121016065    -0.0093963649     0.0074000204
   -0.0018826041    -0.0014320470     0.0020968911
    0.0022138919     0.0054119978    -0.0011859429
   -0.0018976742     0.0006965525     0.0030789643
    0.0018214633    -0.0005149739     0.0027655057
    0.0032720057    -0.0028917416    -0.0016520727
    0.0019561577    -0.0005027112    -0.0078354504
   -0.0046594943    -0.0004816513    -0.0045574195
    0.0099587386    -0.0081808454    -0.0001472138
    0.0054863614     0.0011821411     0.0045989323
    0.0017054360     0.0021601811    -0.0005457800
    0.0196305230     0.0288989214    -0.0441562487
    0.0022461759     0.0015491261     0.0281748265
    0.0377880237    -0.0462132247    -0.0367792082
   -0.0370732653     0.0249071782     0.0134388113
    0.0036440525    -0.0019052455    -0.0134087043
    0.0125452270    -0.0075609129     0.0046576559
   -0.0232326443    -0.0013179349    -0.0326664253
    0.0084514927    -0.0080334278     0.0146214198
    0.0120781890     0.0082268913     0.0156201627
   -0.0147298331    -0.0115419843     0.0192318547
   -0.0018532245     0.0015183856    -0.0068062288
   -0.0000744932    -0.0002797839     0.0029180306
   -0.0052016067     0.0020022073     0.0021182720
    0.0003520731     0.0004469040    -0.0017812355
   -0.0081392355     0.0046831283     0.0023073014
    0.0072048310     0.0226720891     0.0251599137
    0.0076400219    -0.0126483667    -0.0032505583
   -0.0494619031     0.0018502883    -0.0084263572
    0.0281478558    -0.0014719453     0.0056744878
   -0.0064484416     0.0032954745    -0.0069436878
    0.0135010215     0.0038198678     0.0125678312
   -0.0037007322    -0.0043697121    -0.0039177620
   -0.0058108891    -0.0246565160    -0.0050070309
   -0.0022225322    -0.0009457920    -0.0017660067
   -0.0031512818     0.0024492101     0.0011050262
    0.0000917206     0.0001490168     0.0019240380
    0.0013737868     0.0008879856     0.0014084739
   -0.0033805879     0.0158548557    -0.0049324773
    0.0045437316     0.0080797740     0.0044929360
    0.0324176913     0.0007764465     0.0023975523
   -0.0127457652    -0.0017729904     0.0085687144
    0.0006055609     0.0125351611     0.0080685340
   -0.0013426494    -0.0108015399    -0.0034604518
    0.0054532216    -0.0023947995    -0.0216438021
    0.0013401676     0.0058066516     0.0037962081
    0.0010460450     0.0045637677    -0.0022117594
   -0.0017751613    -0.0167901502     0.0025819956
   -0.0142393834     0.0014043153    -0.0036913571
    0.0020645213     0.0030718182     0.0022726634
   -0.0006142771    -0.0032002970     0.0093714293
   -0.0021797533    -0.0014979387     0.0015098484
    0.0005789726     0.0020041730    -0.0009232022
   -0.0008751662     0.0064356163    -0.0019356653
    0.0062886588     0.0104776400    -0.0067706395
    0.0000372582    -0.0057428596    -0.0103277979
    0.0245719276    -0.0022003807    -0.0006397721
   -0.0175546594     0.0016742300    -0.0009054069
   -0.0196269109     0.0141963864    -0.0006471864
   -0.0042109488     0.0091492569    -0.0058579347
    0.0086950538    -0.0176375659     0.0119441003
    0.0004141653     0.0007747541     0.0023008550
    0.0033011655    -0.0010703600    -0.0027766945
    0.0089610239    -0.0044885078     0.0072156022
    0.0039245980    -0.0007338231     0.0035657037
    0.0009063293    -0.0071801672     0.0018689097
   -0.0017224889     0.0008611970    -0.0008928315
   -0.0043833933     0.0054621237    -0.0091655361
   -0.0095914306    -0.0052172002     0.0131846899
    0.0069877664     0.0032674884    -0.0076067426
    0.0058347432    -0.0125878566     0.0100908244
   -0.0015413809     0.0078474098    -0.0020333075
   -0.0194325347     0.0063238218    -0.0124313924
    0.0133902429     0.0008507671    -0.0052330315
    0.0167197996     0.0058840921     0.0044214930
    0.0041254685    -0.0008488514    -0.0005640214
   -0.0024843144     0.0021812527     0.0003106674
    0.0048676644    -0.0062949645     0.0099088799
   -0.0073443375    -0.0045322783     0.0035820791
   -0.0066044144    -0.0057308349     0.0037160652
   -0.0023828255    -0.0003346705    -0.0008001205
   -0.0019371346     0.0018231843    -0.0039901639
   -0.0081015525     0.0310341000    -0.0078511296
   -0.0144299945    -0.0053313876    -0.0113287414
    0.0127718259    -0.0001681234     0.0064787665
   -0.0063617479     0.0000936322    -0.0007653635
    0.0078476714     0.0058326918     0.0108243108
   -0.0039559571    -0.0090882715    -0.0130130235
    0.0166154816     0.0092728020     0.0161825996
    0.0033559928    -0.0020370241     0.0083240352
    0.0052247332    -0.0227167375     0.0043797900
    0.0025623406    -0.0024069212     0.0004280015
   -0.0004502130    -0.0019935485    -0.0040729209
   -0.0008042412     0.0001776916    -0.0012891877
    0.0052823832     0.0039226983     0.0012175528
   -0.0065076181     0.0029946695    -0.0011045196
   -0.0006634101    -0.0022539300    -0.0010436790
   -0.0096114796    -0.0077145627    -0.0046922706
   -0.0046598569     0.0040419769     0.0003862912
    0.0000862974     0.0004349996     0.0001792939
    0.0003252361    -0.0024049508    -0.0067970915
    0.0006997614     0.0025113736    -0.0043971008
   -0.0128745331     0.0020233614    -0.0069811483
   -0.0235663067    -0.0003040189    -0.0615110025
   -0.0026353264    -0.0023323502    -0.0047101770
   -0.0150628930    -0.0108126208     0.0013952430
    0.0073985023     0.0024790519    -0.0061569843
   -0.0017371821    -0.0044637399    -0.0009542675
   -0.0009293572    -0.0127448760    -0.0012866083
    0.0009732500    -0.0007422072     0.0051094837
    0.0013897300     0.0021503349     0.0050745321
    0.0003313577     0.0041140662     0.0022097553
    0.0056810187    -0.0014656955     0.0019043634
   -0.0006871608    -0.0001827382     0.0010922714
    0.0004294516     0.0000591374    -0.0012930115
   -0.0012287979     0.0001276218    -0.0005280291
    0.0005394222     0.0034675560     0.0035050089
    0.0010573169     0.0002071335    -0.0027123111
    0.0014236385     0.0051198628     0.0058726178
   -0.0019023831     0.0040938192    -0.0014193590
   -0.0953114611     0.0402880938    -0.0216735468
   -0.0221763803     0.0055950988     0.0054450826
    0.0572392149    -0.0335400594    -0.0692708379
   -0.0106176640    -0.0002012858     0.0127184319
   -0.0177027657     0.0156185309     0.0021736913
    0.0027115471     0.0051001536     0.0024924262
    0.0079322415    -0.0033845035    -0.0028459777
    0.0308492966     0.0843414966     0.0803502353
   -0.0035718026     0.0000946572     0.0126458167
    0.0095674321    -0.0281804612     0.0240055961
   -0.0087926329     0.0197757055    -0.0258361973
   -0.0068087677    -0.0032258523     0.0032982013
    0.0125441720    -0.0046532286     0.0009739138
   -0.0133651746     0.0001309228     0.0018625493
    0.0007416534    -0.0185055671    -0.0134207523
   -0.0057425300     0.0157015005     0.0087514533
   -0.0107831734    -0.0094509530    -0.0264874551
    0.0073145533    -0.0048529204     0.0073789917
    0.0121024299     0.0064494977     0.0054925077
    0.0039729367     0.0021627865    -0.0051552306
    0.0005021132     0.0018285045     0.0001309898
    0.0078602385    -0.0018981565     0.0003809743
   -0.0011556183     0.0012618445    -0.0002086094
   -0.0035772899    -0.0003174846     0.0000271629
    0.0010779963     0.0019221162    -0.0010272768
    0.0082479156     0.0035728935     0.0009417683
    0.0045010754     0.0008618423     0.0078201495
    0.0027075006     0.0107996135     0.0144321021
    0.0035089480    -0.0040744023     0.0021689401
   -0.0010595732     0.0010306804    -0.0030395087
   -0.0037031866     0.0050654396    -0.0011154775
    0.0029748949     0.0057609543     0.0022990449
    0.0113234005    -0.0000397648     0.0049275996
   -0.0025077252    -0.0066542810    -0.0045726231
   -0.0021717113     0.0005226178    -0.0011920925
   -0.0101238085     0.0058019894     0.0096911614
   -0.0045618293     0.0053888718    -0.0184606870
   -0.0123344513     0.0052501247     0.0201651806
   -0.0005681214    -0.0013337118    -0.0015444043
   -0.0078195361    -0.0041737051    -0.0024294879
    0.0150910773     0.0029316301    -0.0054474158
    0.0005380515     0.0010692083     0.0037578264
    0.0034221059    -0.0038285118     0.0028767588
    0.0013753561    -0.0012368761    -0.0053373738
    0.0076556653    -0.0005692430    -0.0047992516
   -0.0245813510     0.0114730900     0.0039976382
    0.0065824318    -0.0126142211    -0.0030469815
    0.0363458588    -0.0157717193    -0.0099585574
   -0.0111453005     0.0131890145     0.0022878861
   -0.0031226156     0.0052020201    -0.0126220022
    0.0060982684     0.0023655337     0.0110011024
   -0.0114368124     0.0010355468    -0.0011919706
   -0.0014172036     0.0069885078    -0.0098818831
    0.0059744128    -0.0059429292    -0.0037388900
    0.0000959552     0.0076899655     0.0052169308
    0.0028190646     0.0022396053     0.0035238425
   -0.0018827096    -0.0097526855     0.0028772091
   -0.0014596969    -0.0037549362     0.0014720742
    0.0013850598    -0.0007323778     0.0003813493
    0.0048102966     0.0024701652    -0.0007982431
    0.0015096400    -0.0006819584    -0.0007608809
    0.0023422583    -0.0044170451    -0.0005575711
   -0.0005258958    -0.0002728552    -0.0006272285
   -0.0002090099     0.0007652825     0.0082901542
   -0.0237319530     0.0138550686     0.0071810257
    0.0033059050    -0.0068790331     0.0033303345
   -0.0274757888    -0.1136895885    -0.0083426052
   -0.0146485159     0.0558058423    -0.0121782807
    0.0059594628     0.0094493180    -0.0007410363
   -0.0128611070     0.0110022450     0.0152053304
   -0.0026926679    -0.0063176858    -0.0035437974
    0.0004131880    -0.0058468010    -0.0020689888
   -0.0019775267    -0.0007559301    -0.0000128031
   -0.0021015917    -0.0004258256     0.0009330411
    0.0008803636    -0.0032901532    -0.0143184668
    0.0094028140    -0.0004553980     0.0043901458
    0.0023262508    -0.0075049269    -0.0002053363
   -0.0005496500     0.0012632100     0.0019526324
    0.0010353197     0.0016580491     0.0008723173
   -0.0003271449     0.0002391538    -0.0000087561
   -0.0848855804     0.0793981728     0.0097937114
   -0.0114440925     0.0065559683    -0.0310052508
    0.0137438056    -0.0060082377    -0.0883717018
    0.0155043754    -0.0093958194     0.0243932701
   -0.0098644810    -0.0029063231     0.0261010645
   -0.0002861455     0.0016115818    -0.0025044702
   -0.0003042405     0.0041732144     0.0051650132
   -0.0135057380     0.0075910994     0.0140650275
    0.0085153197     0.0023399138     0.0185131721
    0.0029901945    -0.0015574007    -0.0058524871
   -0.0002096762    -0.0004263919    -0.0005027471
    0.0012319127     0.0009713976    -0.0009489365
   -0.0020473065    -0.0012159360     0.0000039469
    0.0015972789    -0.0037158172    -0.0015062900
   -0.0410315930     0.0384242364     0.0723414691
   -0.0210585465     0.0143895917    -0.0019334097
    0.0085270251     0.0753408039    -0.0582687404
    0.0025118936    -0.0232715505    -0.0028752995
   -0.0125120061    -0.0155127929     0.0156858989
    0.0192685219     0.0172089920     0.0115512618
   -0.0058187242    -0.0078342126    -0.0104695890
   -0.0267695767    -0.0113799746    -0.0011639836
    0.0044724492     0.0074587458     0.0082238861
    0.0037628416    -0.0090201490    -0.0140699754
   -0.0163217832    -0.0069155059    -0.0045770296
   -0.0297456032     0.0255637992     0.0028377691
    0.0048983416    -0.0004106639     0.0028980265
    0.0001073360     0.0032825911    -0.0028282006
    0.0005284066     0.0037518892    -0.0061176841
    0.0029313245     0.0030058556    -0.0021701645
    0.0036156566     0.0033769159    -0.0003098295
    0.0009635427    -0.0010204275     0.0001287868
    0.0085081161     0.0086462763     0.0046362254
    0.0006632449     0.0017616322     0.0028116517
    0.1154599474     0.0362343304    -0.0199061912
   -0.0053396910     0.0038756573     0.0177421861
   -0.0011043997    -0.0152018302     0.0796567930
   -0.0172289246     0.0016006150    -0.0211667186
   -0.0010933754     0.0142001508     0.0036766994
    0.0019649431    -0.0189232753    -0.0074951604
    0.0138178649    -0.0096744988    -0.0043717408
    0.0043933092     0.0057917274    -0.0161629455
    0.0032963203     0.0018330354    -0.0087544064
    0.0018518967    -0.0000513039    -0.0041367146
   -0.0012524994     0.0121017496     0.0002521590
    0.0002992704     0.0033748006     0.0023001544
   -0.0016918254     0.0020607615    -0.0014733288
   -0.0100576578    -0.0005932092     0.0024607864
    0.1071449091     0.0051388303    -0.0167453446
    0.0032596122    -0.0010280697     0.0075260353
   -0.0140459775     0.0010289838     0.0039518234
    0.0083111316    -0.0001831721    -0.0035130961
   -0.0034967332     0.0036911165    -0.0095949551
    0.0085938042    -0.0094653372    -0.0105457965
    0.0030725098    -0.0287482662     0.0133091042
   -0.0007487755     0.0056818649    -0.0042271619
    0.0061498454     0.0413321891    -0.0375325012
    0.0190097666    -0.0004367980     0.0029058209
    0.0031586110    -0.0006678194     0.0033832491
    0.0012484606    -0.0072935790     0.0003565654
    0.0045186553    -0.0005104594     0.0002520028
   -0.0036286694     0.0105371395     0.0074496256
   -0.0016661688     0.0000269225     0.0023911479
   -0.0060363842    -0.0030242838     0.0190953834
   -0.0034101365    -0.0191038845     0.0141351181
    0.0182269191     0.0172056061    -0.0118049701
   -0.0137660360    -0.0117557089     0.0098726413
   -0.0576125944     0.0218789599     0.0036345541
   -0.0167068076    -0.0176353353     0.0251920830
    0.0097139262     0.0084485435     0.0081676261
    0.0190932560    -0.0078640916    -0.0144405673
   -0.0151532045     0.0062129907     0.0125715813
   -0.0032894866    -0.0245239420     0.0047250150
   -0.0064929189    -0.0134888980     0.0040500379
    0.0044463783     0.0046785254     0.0004323935
   -0.0107673260    -0.0006945137    -0.0019939437
    0.0045625651    -0.0054419999    -0.0049188500
    0.0072531487     0.0167785730    -0.0073251853
   -0.0033873529     0.0041462383     0.0034061449
   -0.0919097228    -0.0592982634     0.0031813433
   -0.0191630072     0.0171545005    -0.0172772838
    0.0095805759     0.0121903327    -0.0024483067
    0.0042088118    -0.0104961752     0.0042903441
   -0.0037781665    -0.0091790448     0.0096062056
    0.0026883117     0.0062905284    -0.0018992405
    0.0096355326     0.0018206300    -0.0177661950
   -0.0276243845     0.0098014806    -0.0129434197
    0.0059185806    -0.0053419228     0.0037062122
   -0.0021052822     0.0014868741    -0.0014786816
   -0.0007959134    -0.0038226745     0.0026053381
   -0.0031970964    -0.0057032466     0.0071819601
   -0.0011868913    -0.0008229785     0.0007391071
   -0.0024032347     0.0020854950    -0.0003172338
   -0.0270061302     0.0122854392    -0.0065014827
    0.0154826510    -0.0163871700    -0.0058772547
    0.0251859917     0.0119226948    -0.0062338377
   -0.0080537772    -0.0012823527     0.0116211882
   -0.0058996569    -0.0020915524    -0.0074956695
    0.0052063809     0.0257283455    -0.0002689190
   -0.0036142416    -0.0195645768     0.0029516986
    0.0004774454    -0.0038349543    -0.0004857062
    0.0128667113    -0.0078894221     0.0041345927
   -0.0079448675     0.0095051017     0.0031198252
   -0.0005392735    -0.0001642167     0.0007133612
    0.0027497662     0.0016132451     0.0046562845
   -0.0237810132    -0.0112800560     0.0028775758
    0.0052328872    -0.0048699690    -0.0003252291
    0.0267478453     0.0051074574    -0.0769837215
   -0.0212413819    -0.0111471315     0.0652069285
   -0.0075905324     0.0005922635     0.0088847495
   -0.0130804957     0.0186495859     0.0056087177
    0.0183829742    -0.0328772728    -0.0074242250
    0.0133778045    -0.0333631575    -0.0025350866
   -0.0326986201     0.0296581859     0.0125008711
   -0.0189301204     0.0303480291     0.0041516146
    0.0309642998    -0.0226231820    -0.0116346360
   -0.0079455481     0.0071406460     0.0039358842
    0.0055122306     0.0018381809    -0.0045141074
   -0.0022053831    -0.0010165615     0.0027958543
    0.0039582856     0.0023070705    -0.0027812578
    0.0011825900    -0.0040185470    -0.0055144470
   -0.0085488515     0.0045140858     0.0040285846
    0.0019355352     0.0043254137    -0.0023292891
    0.0058330190     0.0020392705    -0.0029676517
    0.0068130111    -0.0045031293    -0.0031413798
    0.0036190833     0.0008010883    -0.0032467721
   -0.0062448417     0.0139841966     0.0108550635
    0.0100571379     0.0017536034    -0.0030857413
   -0.0110147215     0.0012889426    -0.0248760777
    0.0083922001    -0.0037127002     0.0242172484
   -0.0034534991    -0.0119522620     0.0032537675
    0.0053312938     0.0056971712     0.0080665341
   -0.0088968655     0.0002211844     0.0045583374
   -0.0005034096    -0.0013364043     0.0010962792
   -0.0000045309     0.0006949551    -0.0029279232
   -0.0016554909     0.0006558566     0.0007654032
   -0.0007102579    -0.0003039165     0.0006097528
   -0.0055483580    -0.0025898389    -0.0053897318
    0.0006494501     0.0025705013    -0.0038270743
    0.0070331414    -0.0029241588    -0.0023550559
    0.0004166861     0.0004871270    -0.0033071454
    0.0007848041     0.0038536482     0.0008087465
    0.0047376000     0.0031518882     0.0056888386
    0.0064473385    -0.0121971808     0.0145025931
    0.0753931007     0.0236842288     0.0787754342
   -0.0457087934     0.0183387683    -0.0236388261
    0.0084820494    -0.0056492944    -0.0085024643
   -0.0193871467    -0.0018950066    -0.0092857657
   -0.0015150072     0.0020110251    -0.0080002911
   -0.0009454951    -0.0017199829     0.0062456947
    0.0054138468     0.0007886532     0.0017787448
   -0.0034487504     0.0000792310    -0.0040614313
   -0.0039773043     0.0033033988    -0.0083907754
   -0.0000587894    -0.0004415661    -0.0016378472
   -0.0005190966     0.0025047464     0.0015876404
    0.0048594162    -0.0011572887     0.0062166279
    0.0050121389     0.0054642049     0.0027629044
   -0.0833311292    -0.0686255571     0.0825452834
    0.0641139290     0.0244270052     0.0302120593
   -0.0088719543    -0.1375379037     0.0023311147
    0.0457857740     0.0433774492    -0.0390647362
   -0.0152434583    -0.1303748541     0.0407412790
    0.0605550826     0.0414409783     0.0012453182
    0.0965208847    -0.0604678466     0.0783743365
    0.0523314128    -0.0239533196     0.0460324662
    0.0199263688     0.0312894964     0.1328967442
    0.0383004077     0.0021126698     0.0639954414
    0.1212104789    -0.0615596517     0.0199041973
   -0.0432144409     0.0316485818     0.0514260007
   -0.0511843145    -0.0898780085    -0.0908943423
    0.0334537536     0.0627566295     0.0139307022
    0.1072271487    -0.0791598405    -0.0257255175
   -0.0234095263     0.0048200078     0.0705512818
    0.0976646556    -0.0646849654    -0.0677430184
   -0.0097827144    -0.0537234216     0.0504353603
   -0.1251211436    -0.0488302789     0.0333456997
    0.0207549560     0.0152962802    -0.0688832641
   -0.1373195901     0.0022920223     0.0121036920
    0.0671024288     0.0049086234    -0.0342413287
    0.1289025220     0.0427573872     0.0231667262
   -0.0348596857    -0.0360424408    -0.0540713455
---------------------------------------------------
Net gradient:  2.886540e-09 -1.377009e-10 -1.148495e-10
Net torque:    9.980828e-04  9.184488e-04  7.682141e-03

Total processing time: 324.22 sec 

 Job finished: Mon May 20 14:06:51 2019

