Startfile from command line: /home/lum/5ly6/refine11+10/ase/7/7_capping.sp


       ***********************************************************
       *                    TeraChem v1.93P                      *
       *                 Hg Version: 79b87f121f2d                *
       *                   Production Version                    *
       *                Compiled without textures                *
       *           Chemistry at the Speed of Graphics!           *
       ***********************************************************
       * This program may only be used in connection with        *
       * a valid license from PetaChem, LLC. Use of this program *
       * or results thereof indicates acceptance of all terms    *
       * and conditions stated in the license and that a valid   *
       * license agreement between the user and PetaChem, LLC    *
       * exists. PetaChem, LLC does not warrant the correctness  *
       * of results or their suitability for any purpose.        *
       * Please email bugs, suggestions, and comments to         *
       *                  help@petachem.com                      *
       *                                                         *
       ***********************************************************


       ***********************************************************
       *  Compiled by toddmtz      Wed Aug 16 03:32:31 PDT 2017  *
       *  Supported architectures: sm_20 sm_30 sm_50 sm_60       *
       *  Cuda compilation tools, release 8.0, V8.0.44           *
       ***********************************************************


 Job started   Fri May 24 13:18:46 2019
 On cu37 (available memory: 56499 MB)

######################################### RUNTIME INFO ##########################################
/public/qmsoft/TeraChem/bin/terachem /home/lum/5ly6/refine11+10/ase/7/7_capping.sp 

NVRM version: NVIDIA UNIX x86_64 Kernel Module  396.26  Mon Apr 30 18:01:39 PDT 2018
GCC version:  gcc version 4.8.5 20150623 (Red Hat 4.8.5-4) (GCC) 

	linux-vdso.so.1 (0x00007fff015d5000)
	libcurl.so.4 => /lib64/libcurl.so.4 (0x00002b88f72df000)
	libintbox.so.1 => /public/qmsoft/TeraChem/lib/libintbox.so.1 (0x00002b88f7547000)
	libthcbox.so.1 => /public/qmsoft/TeraChem/lib/libthcbox.so.1 (0x00002b8917155000)
	libgridbox.so.1 => /public/qmsoft/TeraChem/lib/libgridbox.so.1 (0x00002b8918cbf000)
	libdftbox.so.1 => /public/qmsoft/TeraChem/lib/libdftbox.so.1 (0x00002b89191b0000)
	libcublas.so.8.0 => /public/qmsoft/TeraChem/lib/libcublas.so.8.0 (0x00002b89194c1000)
	libcufft.so.8.0 => /public/qmsoft/TeraChem/lib/libcufft.so.8.0 (0x00002b891be71000)
	libcuda.so.1 => /public/qmsoft/TeraChem/lib/libcuda.so.1 (0x00002b8924cbf000)
	libcudart.so.8.0 => /public/qmsoft/TeraChem/lib/libcudart.so.8.0 (0x00002b8925c3f000)
	libcrypto.so.10 => /lib64/libcrypto.so.10 (0x00002b8925ea5000)
	libssl.so.10 => /lib64/libssl.so.10 (0x00002b892628c000)
	libm.so.6 => /lib64/libm.so.6 (0x00002b89264f9000)
	libcilkrts.so.5 => /public/qmsoft/TeraChem/lib/libcilkrts.so.5 (0x00002b89267fb000)
	libstdc++.so.6 => /lib64/libstdc++.so.6 (0x00002b8926a3c000)
	libgcc_s.so.1 => /lib64/libgcc_s.so.1 (0x00002b8926d44000)
	libpthread.so.0 => /lib64/libpthread.so.0 (0x00002b8926f5a000)
	libdl.so.2 => /lib64/libdl.so.2 (0x00002b8927178000)
	libc.so.6 => /lib64/libc.so.6 (0x00002b892737c000)
	/lib64/ld-linux-x86-64.so.2 (0x00002b88f70bc000)
	libidn.so.11 => /lib64/libidn.so.11 (0x00002b8927729000)
	libssh2.so.1 => /lib64/libssh2.so.1 (0x00002b892795c000)
	libssl3.so => /lib64/libssl3.so (0x00002b8927b86000)
	libsmime3.so => /lib64/libsmime3.so (0x00002b8927dc8000)
	libnss3.so => /lib64/libnss3.so (0x00002b8927fef000)
	libnssutil3.so => /lib64/libnssutil3.so (0x00002b8928315000)
	libplds4.so => /lib64/libplds4.so (0x00002b8928541000)
	libplc4.so => /lib64/libplc4.so (0x00002b8928745000)
	libnspr4.so => /lib64/libnspr4.so (0x00002b892894a000)
	libgssapi_krb5.so.2 => /lib64/libgssapi_krb5.so.2 (0x00002b8928b88000)
	libkrb5.so.3 => /lib64/libkrb5.so.3 (0x00002b8928dd4000)
	libk5crypto.so.3 => /lib64/libk5crypto.so.3 (0x00002b89290b9000)
	libcom_err.so.2 => /lib64/libcom_err.so.2 (0x00002b89292eb000)
	liblber-2.4.so.2 => /lib64/liblber-2.4.so.2 (0x00002b89294ef000)
	libldap-2.4.so.2 => /lib64/libldap-2.4.so.2 (0x00002b89296fe000)
	libz.so.1 => /lib64/libz.so.1 (0x00002b8929951000)
	librt.so.1 => /lib64/librt.so.1 (0x00002b8929b67000)
	libnvidia-fatbinaryloader.so.396.26 => /lib64/libnvidia-fatbinaryloader.so.396.26 (0x00002b8929d6f000)
	libkrb5support.so.0 => /lib64/libkrb5support.so.0 (0x00002b8929fbb000)
	libkeyutils.so.1 => /lib64/libkeyutils.so.1 (0x00002b892a1ca000)
	libresolv.so.2 => /lib64/libresolv.so.2 (0x00002b892a3ce000)
	libsasl2.so.3 => /lib64/libsasl2.so.3 (0x00002b892a5e5000)
	libselinux.so.1 => /lib64/libselinux.so.1 (0x00002b892a802000)
	libcrypt.so.1 => /lib64/libcrypt.so.1 (0x00002b892aa27000)
	libpcre.so.1 => /lib64/libpcre.so.1 (0x00002b892ac5e000)
	liblzma.so.5 => /lib64/liblzma.so.5 (0x00002b892aebf000)
#################################################################################################

       ********************** License Check **********************
       * Use license from: /public/qmsoft/TeraChem/license.dat
       * Available Host id: AC1F6B20F5BC
       * Available Host id: AC1F6B20F5BD
       * Available Host id: 525400A418C3
       * Available Host id: 525400A418C3
       * License Host id: AC1F6B20F5BC
       * License expires: 2019-10-21
       ********************** License OK *************************
Scratch directory: /tmp/lum/5ly6/refine11+10/ase/7/scr
Random number seed: 2106420201

XYZ coordinates /home/lum/5ly6/refine11+10/ase/7/7_capping.xyz
Molden File Output: /tmp/lum/5ly6/refine11+10/ase/7/scr/7_capping.molden
Using basis set: 6-31g
Spin multiplicity: 1
DIIS will use up to 10 vectors.
WF convergence threshold: 3.00e-05
Using DIIS algorithm to converge WF
Maximum number of SCF iterations: 300
Incremental fock with rebuild every 8 iterations
Will switch to conventional Fock if diffuse functions are detected
X-matrix tolerance: 1.00e-04
PRECISION: DYNAMIC
DFT Functional requested: hf
Method: Hartree-Fock  with dispersion correction

*********************************************************
*                     WARNING                           *
* Dispersion correction is not supported for hf         *
*         Disabling dispersion correction               *
*********************************************************

Wavefunction: RESTRICTED
Initial guess generated by maximum overlap

********************************************
**** SINGLE POINT GRADIENT CALCULATIONS ****
********************************************
SCF:   Initial guess is taken from previous step
COSMO model for polarizable continuum model enabled

using 4 out of 4 CUDA devices
   Device 0:  GeForce GTX 1080 Ti, 11178MB, CC 6.1 -- CPU THREAD 0
   Device 1:  GeForce GTX 1080 Ti, 11178MB, CC 6.1 -- CPU THREAD 1
   Device 2:  GeForce GTX 1080 Ti, 11178MB, CC 6.1 -- CPU THREAD 2
   Device 3:  GeForce GTX 1080 Ti, 11178MB, CC 6.1 -- CPU THREAD 3
-------------------------------------------------------------------
Compiled with MAGMA support.  MAGMA parameters:
    Matrices larger than 5000 square will be treated with MAGMA
       (Change by setting the MagmaMinN environment variable)
    Magma will use 1 out of 4 GPUs
       (Change by setting the MagmaNGPUs environment variable)
-------------------------------------------------------------------
 CPU Memory Available: 8018.12 MegaWords 
 GPU Memory Available: 1141.31 MegaWords 
 Maximum recommended basis set size: 12200 basis functions
 (limited by GPU memory)
-------------------------------------------------------------------
Not using d-functions. Configuring GPUs accordingly.
0: CUBLAS initialized, available GPU memory: 8350MB
1: CUBLAS initialized, available GPU memory: 8352MB
2: CUBLAS initialized, available GPU memory: 8354MB
3: CUBLAS initialized, available GPU memory: 8356MB


Basis set:       6-31g
Total atoms:     424
Total charge:    0
Total electrons: 1520 (760-alpha, 760-beta)
Number electrons modeled by ECPs: 0
Total orbitals:  2231
Total AO shells: 1441 (1046 S-shells; 395 P-shells; 0 D-shells; 0 F-shells; 0 G-shells)
Spin multiplicity: 1
Nuclear repulsion energy (QM atoms): 66738.637367210744 a.u.

=COSMO= Number of H atoms in QM atoms:227
=COSMO= Number of Heavy atoms in QM atoms:197
reached first line of InitCosmoSwigNoMatrix
q is allocated
B is allocated
Bz is allocated
z is allocated
c is allocated
=COSMO= No Matrix Cosmo Initialization finished.
=COSMO= ++++++++++++++++++++++++++++++ COSMO parameters ++++++++++++++++++++++++++++++
=COSMO= I. Cavity Information:
=COSMO= SAS(Solvent accesible surface) initialization finished
=COSMO= Time for initializing Molecular Surface:0.51887097 (sec)
=COSMO= Time for initializing cosmo calculation:0.16259300 (sec)
=COSMO= Cavity effective radius(Angstrom) (r_solv+r_vdw-dsc) was written into /tmp/lum/5ly6/refine11+10/ase/7/scr/ratom.txt
=COSMO= Solvent Dielectric Constant:78.390000
=COSMO= Cosmo Solvent radius:0.000000
=COSMO= Cosmo charge scaling method:0
=COSMO= Cavity built with Lebedev Grid
=COSMO= Grid points/QM Hydrogen: 110
=COSMO= Grid points/QM Heavy atom: 110
=COSMO= Herbert Switching-Gaussian method turned on
=COSMO= After removing points inside of SAS:
=COSMO= Total number of segments on molecular surface:23183
=COSMO= Number of segments belonging to QM atoms:23183
=COSMO= Total surface area of cavity: 3260.7484(Angstrom^2)
=COSMO= Total volume of cavity: 1863.4571 (Angstrom^3)
=COSMO= II. COSMO integral options:
=COSMO= Building COMSO c vector with original algorithm
=COSMO= COSMO one-electron integral threshold: 1e-12 
=COSMO= III. Linear solver options:
=COSMO= Initialize COSMO for A matrix in no matrix storage form
=COSMO= CG precondtioner:Jacobi
=COSMO= Tight CG convergence threshold:1e-06
=COSMO= CG dynamic threshold: on
=COSMO= Adjust CG convergence threshold dynamically
=COSMO= IV. PCM field read/write options:
=COSMO= PCM field is not written to files
=COSMO= No PCM field file is read in
=COSMO= ++++++++++++++++++++++++++++++++++++++++++++++++++++++++++++++++++++++++++++++++

************************************* WARNING *************************************
 1 out of 2231 eigenvalues of the overlap matrix are smaller than xtol = 1.0e-04
 and will be flushed to zero. In many cases this is caused by bad geometry of the
 molecule or the use of diffuse basis functions. If the SCF procedure does not
 converge, increase the threshold by setting 'xtol' to 1.0e-03 or 1.0e-02 and/or
 decrease the coulomb and exchange integral screening thresholds 'threall' 
 up to 1.0e-13 or 1.0e-14. In addition, you can try to loosen the the WF 
 convergence threshold, perform several geometry optimization steps, and run the 
 calculations again with the new geometry. You can also try to switch to double
 precision instead of mixed (default) or single precision.
***********************************************************************************


                      *** Start SCF Iterations ***

 Iter     DIIS Error       Energy change         Energy              E_PCM      Time(s)
---------------------------------------------------------------------------------------
         >>> Purifying P... IDMP = 6.00e-09 <<<
         >>> Purifying P... IDMP = 5.22e-15 <<<
THRESPDP set to 1.00e+00
   1     0.5659342318   -9652.7025464588   -9652.7025464588     -3.2830087598    8.28  
   2     0.4689035910     -15.8884415716   -9668.5909880304    -11.2198148634   12.46  
   3     0.5434748667     -29.7428262577   -9698.3338142880     -8.2018534158   11.91  
   4     0.2140952194     -19.5898419910   -9717.9236562790     -3.0982040224   11.85  
   5     0.1929878879      +1.5333603836   -9716.3902958954     -4.4732668429   13.06  
   6     0.1190039765      -5.2135105508   -9721.6038064462     -1.7846177904    9.18  
   7     0.0481176484      -0.7767715953   -9722.3805780414     -1.5862587213   12.34  
   8     0.0256926253      -0.2087651361   -9722.5893431775     -1.5204222277    9.37  
THRESPDP set to 6.98e-05
   9     0.0184167600      -0.0502901616   -9722.6396333391     -1.5070882212   12.29  
  10     0.0143440077      -0.0290983967   -9722.6687317358     -1.4910200138   11.60  
  11     0.0078223251      -0.0109130865   -9722.6796448222     -1.4829381761    8.16  
  12     0.0053159437      -0.0046107441   -9722.6842555663     -1.4792849029   10.96  
  13     0.0037364646      -0.0017869710   -9722.6860425373     -1.4756544026    8.97  
  14     0.0036856346      -0.0005976790   -9722.6866402162     -1.4739114890    8.52  
  15     0.0037215808      -0.0001592159   -9722.6867994321     -1.4735416521    9.34  
  16     0.0038180371      -0.0002279130   -9722.6870273451     -1.4731970082    6.51  
  17     0.0038821073      -0.0001169319   -9722.6871442771     -1.4730736959   11.28  
  18     0.0038632651      +0.0000180031   -9722.6871262739     -1.4731042906    8.09  
  19     0.0034687776      +0.0005641638   -9722.6865621102     -1.4734721017    7.73  
  20     0.0026815512      +0.0008421127   -9722.6857199974     -1.4738938354   10.30  
  21     0.0023761292      +0.0002400780   -9722.6854799194     -1.4740023469    7.01  
  22     0.0013005725      +0.0006533572   -9722.6848265623     -1.4741749040   10.95  
  23     0.0008522797      +0.0001343849   -9722.6846921774     -1.4741650535   10.61  
  24     0.0005406465      +0.0000859122   -9722.6846062652     -1.4740081272    7.32  
  25     0.0003271445      -0.0000107949   -9722.6846170601     -1.4738298856   13.43  
  26     0.0001863399      -0.0000005655   -9722.6846176255     -1.4738049553    7.09  
  27     0.0000785296      -0.0000009574   -9722.6846185830     -1.4737485931    8.22  
  28     0.0000323797      -0.0000001115   -9722.6846186945     -1.4737366795   10.23  
  29     0.0000178320      +0.0000003381   -9722.6846183564     -1.4737389712    5.09  
---------------------------------------------------------------------------------------
FINAL ENERGY: -9722.6846183564 a.u.
WARNING: Final energy is higher than the lowest energy by    0.0025259.
C-PCM contribution to final energy:-1.4737389712 a.u. ( already included in final energy )
Computing C-PCM contribution to gradient...
CENTER OF MASS: {53.447701, 31.541562, 20.838590} ANGS
DIPOLE MOMENT: {-105.081566, 19.964134, 187.988748} (|D| = 216.287937) DEBYE
Cannot open /tmp/lum/5ly6/refine11+10/ase/7/scr
Writing out molden info

Gradient units are Hartree/Bohr
---------------------------------------------------
        dE/dX            dE/dY            dE/dZ
    0.1867334259    -0.0405989998     0.1253314162
   -0.1129205601     0.3591983683    -0.1891607764
    1.0880822412     0.4755124263     2.0022937824
   -1.0921343511    -0.5851680195    -1.9365775155
    0.0553651330    -0.3544766047     0.0193794140
   -0.0389573863     0.0184230680    -0.0950784856
    0.0187568042    -0.0425348949     0.0017562351
    0.0070852522     0.0293010867     0.0424381690
   -0.0386171174     0.0104967801     0.0610305188
   -0.0633433206     0.0088309953     0.0051202702
    0.0879667766    -0.0013607728    -0.1733135652
   -0.4400827324     0.1335797008    -0.0026926471
    0.0137169932    -0.1155264347    -0.1802344634
    0.0120101998     0.0256983178     0.1150305968
    0.4147162370    -0.2020830101     0.2416567071
   -0.4915894183     0.2788213624    -0.0604583099
   -0.9704510991     0.5268822813    -0.1007390706
    0.0300273957     0.0250122721     0.0776971424
    0.0572148684     0.0567638575     0.0269218091
   -0.0037172024     0.0488720166    -0.0445816626
    0.3666642818    -0.2497807795     0.1415528603
    0.0417167777    -0.0343584302    -0.0700476204
    0.0340195650     0.0307257040    -0.0217564827
    0.8507113930    -0.5197184859    -0.1284197044
    0.0278450392    -0.0505740894     0.0398069846
    0.0633657416     0.0163426405     0.0342298163
    0.7210063700    -0.1389243284     0.4134121521
   -0.7428560863     0.1142856517    -0.2689493955
   -0.0119910804    -0.1265708131     0.0355721348
    0.0032272666     0.0161235059    -0.0137829452
   -0.0639633743    -0.0246427796    -0.3234805601
   -0.0120529289     0.3445560600     0.3125608763
   -0.0602809451    -0.1159400465    -0.0328046702
    0.0443980740    -0.0261086172    -0.1130843209
   -0.0267286435     0.0297979239    -0.1122933208
   -0.0090620459    -0.0182158081     0.0311556894
    0.0038708970    -0.1655202238     0.0753031696
    0.0659454931    -0.0060514876     0.0441273613
   -0.2085080468     0.0470918188    -0.3154462911
    0.0530190683     0.1950933330     0.0399912028
    0.3693076064     0.1357045485     0.9967099113
   -0.3043177682    -0.1136167299    -0.9076837518
    0.1531612696    -0.1972866388     0.0603423876
   -2.9539126815     1.6493552148     1.5142087078
    1.3560457705    -0.5675966972    -0.6822841012
    2.9603226805    -1.6091678255    -1.4833273096
   -1.9992583819     0.3655086949     0.7394940819
   -0.2112874666     0.0331723308     0.0680299407
    1.8994504477    -0.4050116607    -0.7549701759
    0.1690081569    -0.0515878383     0.1909766440
   -0.1042463305    -0.0159180429    -0.0197443864
    0.0271955142     0.0200556772    -0.0504260712
   -0.0611528338     0.0297399802    -0.0060814025
   -1.2567511874     0.5262743344     0.6207612627
   -0.0248794216    -0.0254233783    -0.0101301677
    0.0777370325     0.0091757697    -0.0001902087
    0.1185108055    -0.0221245277    -0.0345005106
   -0.0249868545     0.0587002873     0.0558041307
   -0.1830722884    -0.0234503030    -0.4675467169
   -0.2113887691     0.0058822321    -0.0638096516
    0.0638189748    -0.3254753095     1.9540711355
    0.0071432745     0.2735619537    -2.0526308908
    0.2728150040    -0.0008239453    -0.1108185310
   -0.1055409493    -0.0035456137     0.0570340051
   -0.3418236904     0.0598503377    -0.1736148194
    0.2140980412     0.1718657544    -1.0834496773
    0.1008956231    -0.0133414555     0.3529663462
    0.0263666924    -0.0287359841    -0.0018670879
   -0.0135858333    -0.0124768965     0.1810957674
    0.0197745028     0.0057783538     0.0130478237
    0.0052914637    -0.0031858812    -0.0068335100
    0.2095773460     0.0748150546     0.0934289543
    0.0527044597    -0.0437511460    -0.0089532209
    0.0248351641    -0.0317788364     0.0529970593
   -0.0484372472     0.0422452093     0.0478364000
   -0.0440245208    -0.1715037577     0.9605313411
   -0.0547684763    -0.0485603791     0.0445531204
   -0.0734763458    -0.0931501528    -0.0717339734
    0.3020023131    -0.2870683062     0.0561862854
   -0.1425818419    -0.0861832112    -0.3415008670
    0.0480862850     0.0111394889     0.0611977308
    0.0917649089     0.1041877052     0.1293645798
    0.0174675634    -0.0414940141     0.0559014802
   -0.1677039646     0.2662146325    -0.0315919898
   -0.1089986757    -0.0388297053    -0.0520460409
   -0.0061417894    -0.0332639176    -0.0468579530
    0.0002179309    -0.0044890774    -0.0137396997
    0.0749695766     0.1402965583     0.4562097207
   -0.0037089349     0.3011983068    -0.0596505154
    0.0654455706     0.1155763849     0.0276529905
   -0.0162519720    -0.1268850994    -0.0064001738
   -0.2266176531    -0.5579258051    -0.1394293097
    0.1309037550    -0.0184211642     0.0609266691
   -0.0656617148    -0.0092011633    -0.0345031520
    0.7784782298     1.5979877994    -0.1100271830
   -0.0337947437    -0.0134499300    -0.0650518051
   -0.1627821173    -0.2277159180    -0.0708078257
    0.3361866432     0.4077265693     0.1100305887
    0.0063872719     0.0270258312    -0.0009732659
   -0.0110921692     0.0010424440    -0.0374622331
   -0.0502934308     0.0221063883     0.0063724621
   -0.6678534973    -1.4550563275     0.1765700938
   -0.0264329917    -0.0618544230    -0.0692082685
   -0.0514182248    -0.0501316322     0.0158527688
   -0.1074891630     0.0896114682    -0.0588821382
    0.1961967091    -0.1913662541    -0.2015147981
   -1.1717417331     0.2197496346     0.7376599877
    1.2708786809    -0.2580427961    -0.6720830740
   -0.0484992280     0.2775521910     0.1359531536
    0.1115579575    -0.1513226807    -0.1654631014
   -0.0572645844    -0.1939988216    -0.2083805726
    0.0619992311    -0.0790014729    -0.0641235743
   -0.1335185913     0.1259775419     0.1125133928
    0.0397444920    -0.0268688193     0.0610504111
    0.0075408757    -0.0080957228    -0.0016390098
   -0.0320048872     0.0070964164     0.0165832998
   -0.0036739293     0.0062614378     0.0195631553
    0.0046918367     0.0274871985     0.0162935629
    0.0296964367    -0.0024416590     0.0617123772
   -0.0706550656     0.1135582758     0.0841763060
    0.1149160317     0.1346263359    -0.3056520706
   -0.1743866052    -0.1971708880     0.3484903633
   -0.0749767885     0.0792025347    -0.2920974039
    0.0626448331    -0.0781493760     0.1352997127
    0.0491159903     0.0402800223     0.1245808058
   -0.0951736889     0.2600157307     0.0042385564
    0.2977088483    -0.0133130403    -0.1806895437
    0.0524873165    -0.1630521086    -0.0484893827
   -0.0362572746     0.0216853686     0.0268126324
   -0.0401941573     0.0502516490    -0.0168204399
    0.0343135626    -0.0561372248    -0.0651930343
   -0.0327350284     0.0073952516    -0.0067862297
    0.0175367812    -0.0467146025    -0.0319906151
   -0.1390905228    -0.0939809898     0.1817918997
   -0.0763881068    -0.0139238532    -0.0173847437
   -0.0180345173     0.0072134270     0.0426304361
   -0.0379607902    -0.0083871494     0.0389087168
   -0.0135476632     0.0372197404     0.0263368928
   -0.0239709221     0.0773377248    -0.0282663028
    0.0188047301     0.1109960278     0.2511768627
    0.0040328775     0.0352029359    -0.0765231073
    0.0649465010    -0.9814236993    -0.2542718519
   -0.0930105438     1.0866567631     0.1834031679
   -0.0667816803     0.0275270546     0.0524870954
    0.4417225832    -0.4271148017     0.4609707127
   -2.4517109657     2.0358609465    -2.4961478528
   -0.2219259053     0.4356572917     0.0011329192
    0.8655615133    -1.1030718365     0.7355193714
   -0.2410207806     0.1993768845    -0.3031853890
   -0.7008141477     0.6632090090    -0.7966968323
    0.0430378857    -0.0874574981    -0.0677501249
    0.0191110075    -0.0410894485     0.0061731898
    0.0336551333    -0.0347338287    -0.0183432409
   -0.0079192569     0.0301250474    -0.0476183302
    2.2920546743    -1.8063974907     2.3442629103
    0.0036463819    -0.0670641945    -0.0345056989
   -0.0323447565     0.0762219835    -0.0097005204
    0.0512650472    -0.0651713616     0.0517445912
    0.0313048682     0.0251448635     0.0872530560
    0.3077384798     0.2079520088     1.4354604081
   -0.5123436654    -0.2143234252    -1.3301531581
   -0.0502104233    -0.1236645966    -0.0167551008
    0.0245989749     0.0427011948     0.0032658568
    0.1244449154    -0.0245792733     0.1687381718
   -0.0440850040     0.0577413581    -0.2526014091
   -0.2958991591     0.1065496233    -0.1011635743
    0.0677290130    -0.0492167394    -0.0741875344
    0.0213224536    -0.0096212001    -0.0485117747
   -0.0588392568     0.0266093265     0.0234251192
    0.0111451371    -0.0478089703     0.0012678013
    0.0333833286     0.0111684453     0.0315550870
   -0.0137336122    -0.0059261940     0.0342222780
    0.0302863958    -0.0387196739     0.0350974649
    0.2171935471    -0.0703383087    -0.0765223129
   -0.0051992123     0.0179069168     0.1035195974
    1.2435738800     0.7730821836     0.1348670585
   -0.9537100535    -0.6472231893    -0.2432634115
   -0.3641564929     0.4187066175     0.8579613605
    0.3034586715    -0.3993586492    -0.7498124533
    0.0952447310     0.0494445653    -0.0432808298
   -0.0767363743     0.0103290827    -0.1147583736
   -0.1338130044    -0.0133824146     0.1079214591
   -0.1082004723    -0.0591949604     0.0081186291
   -0.1116352627     0.0029565813     0.0970183670
   -0.0350999136    -0.0392120763    -0.0140355740
    0.0383820851    -0.0185367446     0.1051120569
    0.0238808015    -0.0471740342    -0.0076963313
    0.0580999087    -0.0004405942    -0.0297607661
    0.0268083342     0.0292189555     0.0006249959
    0.1075358619    -0.1338160757    -0.3030070649
   -0.3801088811    -0.0737409937     0.3065836992
   -0.3019887296     0.0028583100     2.8889374102
    0.3883545162    -0.0138512111    -2.9279267590
    0.3751048194     0.1272683624    -0.1800245585
    0.0743714371     0.1848482481     0.3927513126
   -0.2182986502     0.0390221154     0.1964776935
   -0.0308565016     0.0774082585     0.1595402009
    0.2144758095     0.1025206048    -0.1854081656
   -0.0718032680    -0.0456407999    -0.0241135116
    0.0236188720    -0.0640946475    -0.0345715063
   -0.0078214353     0.0065015181    -0.0736263045
   -0.2970493603    -0.1845223976    -0.1544382262
    0.0428241481    -0.0564222311    -0.0390634518
   -0.0228383671    -0.0183960047    -0.0433078878
    0.1420572012     0.0376396129    -0.0826439595
    0.1307813988     0.2407042718     0.2369296480
    0.1206557615     0.0860161825    -0.5237990309
    0.0957946521    -0.0418511955     0.1385671249
   -0.0084835295    -0.0078308242    -0.0388155276
   -0.2847740670    -0.4421917286     0.4574338082
   -0.1487199313    -0.5324662311    -0.4044767049
   -0.1979908986    -0.1091909838     0.2551213497
   -0.0026095915     0.0471066927    -0.0702089942
    0.1085761198    -0.0349793625    -0.0441129863
    0.0030568258     0.0033832349    -0.0981377915
   -0.0140854192     0.0095706839     0.0159838694
   -0.0246067248     0.0392250086    -0.0602824121
    0.0247780709     0.0972974119     0.0058663829
    0.0277800848     0.0085433505     0.0755960718
    0.2206622441     0.6291050071     0.1380608231
   -0.3799453213    -0.8771491681    -1.3082062994
    0.1865763194     0.2617545501     0.1695318871
   -0.6552804271     1.8054139791     2.3304830588
    0.6174843930    -1.7369311875    -2.1962694100
   -0.1219760995     0.3206378997     0.0824786688
    0.0142948414     0.1217847144     0.2618088050
   -0.1033660642    -0.2527445143    -0.0301081971
    0.0021155399    -0.0141449273    -0.0707239711
    0.2820912099     0.8486127617     1.1917350173
   -0.1620292016    -0.2402980335    -0.1643239397
   -0.0285875845    -0.0881821447    -0.0369441535
    0.2295460893    -0.1072793375    -0.1831690089
    0.8590312328    -1.8273136709    -2.8536976656
    0.2328181231     0.1875262922     0.4746921575
   -0.2635774896    -0.1698402560    -0.6125944507
   -0.0064643994    -0.0067592006     0.0770299219
    0.0151462473     0.0606346718    -0.0817170219
    0.0637197878    -0.0264118114     0.1160284744
   -0.2075726027    -0.1892934061    -0.1059567558
   -0.2809218459    -0.1067853325    -0.4822753814
   -0.8290796643     1.7126546982     2.7564031085
    0.0033619055     0.0106592424     0.0156418688
    0.0159118732     0.0042131524     0.0373870517
   -0.0074583960    -0.0015494155     0.0123071165
   -0.0109933548     0.0071189282    -0.0219929143
    0.0611683361     0.1210148982    -0.1254115437
    0.0027142017     0.0425835110     0.0204370755
    0.1045244981     0.0170579530     0.1930936049
    0.0022438354     0.0104114951     0.0219830687
    0.1876669811     0.0855864313     0.4130933356
    0.0638032242     0.0117570214     0.0142076762
    0.1817781346    -0.0739174361    -0.2674158438
   -1.7248605553    -2.3071567440     1.3530626159
   -0.0250035472     0.0728954088    -0.2788300222
    0.0252152743    -0.0037440923     0.0713366819
   -0.0686164811     0.0341147921    -0.1160718365
    0.0846493878    -0.0317267231    -0.0708706436
    0.1371245951     0.3390169837    -0.1459119811
    0.0183525047    -0.2331496928     0.1656964977
   -0.3524818655     0.2164202060     0.0479016083
   -0.0880169774     0.0595567025     0.2572562847
    1.6449670274     2.2608928073    -1.1408864026
   -0.0036842278     0.0016159058     0.0465719146
    0.0076855553    -0.0264511797    -0.0090677062
    0.0179137210    -0.0201114923     0.0506011659
    0.0024542286    -0.0137993787    -0.0054431177
    0.0200954422    -0.0459289916     0.0520108969
   -0.0245912334    -0.0732285354    -0.0245245671
   -0.0013302164     0.0006327364    -0.0370117360
   -0.0140938824    -0.0476111483    -0.0310305527
    0.0799908477     0.0071910506    -0.0311352060
    0.0587576767    -0.0384742813     0.0475517654
    0.0317063590    -0.0587429502    -0.0360576052
    0.0702119831     0.3569344715     0.3260207019
   -0.2185145683    -0.1757619264     0.0320442366
    0.2931760455    -0.1050472161    -0.2061636679
   -0.0472795253    -0.0111922974     0.0179348463
    0.1505385729    -0.1364261403    -0.2320128208
    0.0638962678     0.1738983691     0.3135568996
   -0.1948650494     0.1924878612    -0.0652122855
    0.0563093630    -0.0223309711    -0.0103779863
   -0.0140734147    -0.2039910136     0.2536666254
   -0.0211944739    -0.0475274238    -0.0563369643
   -0.0385153469    -0.0159461907    -0.0103183287
    0.0345201222     0.0301472824     0.0518150585
   -0.0120745724     0.0549974902     0.0532147163
   -0.2151872066    -0.0878983629    -0.1509385226
   -0.0124636795    -0.0360417754    -0.0282984187
    0.1239568482    -0.0391042437    -0.1017014930
    0.0217843287     0.0523190740    -0.0905398995
   -0.6239133602     0.1612799528     0.3756474002
    0.6840470043    -0.3317593993    -0.5453432111
   -0.0032274353    -0.0852418571     0.2262067853
    0.2343287475    -0.2172263507    -0.1895780376
   -1.2406222373     0.2887366023     0.9410007064
    0.1143443039    -0.0591140780     0.2327826563
   -0.0247417352    -0.0539970959    -0.6535466705
    0.1773171924     0.2860838943    -0.1891312608
   -0.2898658853     0.5056008998     0.3014006652
    0.1013754180    -0.7921140744    -0.0291112694
    0.2495830823     0.0418960611    -0.3026678839
   -0.0082286135     0.1077992636     0.1014963119
   -0.0252320566     0.0321893040     0.0083277605
    0.0247883431    -0.0675299004    -0.0106999918
    1.1308497048    -0.1284441575    -0.9776438134
   -0.0127086133     0.0015038810    -0.0232226575
   -0.0069819069    -0.0090661546    -0.0667763790
    0.0282557677     0.0892149482     0.5134616797
   -0.0341719790    -0.0523059747     0.0514404358
   -0.1642128504    -0.2569049760     0.2025875683
    0.0058682764     0.0561204816    -0.0122928523
   -0.0093349186    -0.0102592935     0.0088979285
   -0.0235954460     0.1460099275     0.0121014276
   -0.0538668896     0.0488504920     0.0541531743
   -0.3567132721     0.3714270298     0.1445491041
    0.0352081861    -1.0165506692    -0.0790105372
    0.0305097404     1.1356282364    -0.1129307173
   -0.0421474522    -0.0950898990     0.0759345776
    0.0573265204    -0.0590570252    -0.0496151503
    0.0294703959     0.0320942048     0.0179324193
   -0.0487691099     0.0230427853     0.0082397980
    0.1414410834    -0.1448849614    -0.1287106387
   -0.1461282002    -0.0079780472    -0.0569269507
    0.3746893939    -0.4464349113     1.0819940447
    0.0393792039     0.0432084649    -0.0935436973
   -0.2024634621     0.0627230603     0.0617482207
    0.2216707137     0.0074918602     0.0314915848
    0.0394836579    -0.3596219871     0.4960606707
    0.0400624404    -0.0695332726    -0.1020848667
   -0.0672152864    -0.0306723417     0.0959503840
    0.0428831301     0.0081398559    -0.0344002514
    0.0226727566     0.0307953530    -0.0571214995
   -0.0196048361     0.0046851438    -0.0068142099
   -0.0149692961     0.0046759453     0.0289558536
   -0.0290095447    -0.0176531082    -0.0662198602
   -0.2897344116     0.0227872205     0.0854426917
    0.3221037844     0.3254812588    -0.4798786777
   -0.0544647945     0.0141582351     0.0091323549
   -0.0030454882     0.0101344958     0.0094558760
    0.0064866122     0.0342629241     0.0615710382
   -0.3856928478     0.4485200457    -0.9724510767
    0.0152249612    -0.0709030958     0.0184192659
    0.1817651172     0.1470411856    -0.0607109466
   -0.1268414802    -0.1042330420     0.0432614358
   -0.0415543669     0.1020718405     0.1412750489
   -0.0089884880    -0.1474012243    -0.1222589802
    0.0000967332    -0.0050227073     0.0089116014
   -0.0077096431    -0.0095557337     0.0036189689
    0.0620807626    -0.0134391838    -0.0741006484
   -0.0144673048    -0.0122427630    -0.0124256382
    0.0103765666     0.0722033329     0.0931519051
    0.1748759481     0.1213912267    -0.0247010640
   -0.1658714002    -0.3045031961    -0.5480280653
    0.1022594710     0.3409619983     0.3024246465
    0.0552951090    -0.0341978151     0.0727757913
   -0.1338162104     0.0670638887     0.2056918833
   -0.2378410453    -0.1227084852     0.0922096537
    0.1173232114     0.2753709022     0.2558050433
    0.0453987804    -0.3054303674    -0.4715523694
   -0.0279843424     0.2915013952     0.0437081078
   -0.0469737539     0.1399679012    -0.1006927063
    0.2734714660    -1.0842456254     2.0739516461
   -0.1004311978     0.0100452301     0.1564091389
   -0.0363885365     0.0102407383     0.0688859920
    0.0482526810    -0.0075950888    -0.0621399030
    0.0751749843    -0.0130354715     0.0244562346
    0.1109715394     0.0464637947    -0.1846868772
    0.0701437497     0.0214566784     0.0058260047
   -0.0686094527    -0.0287898470     0.0735014885
   -0.0435602692    -0.0021505725     0.0089171664
    0.0001796872    -0.0058584610     0.0898487608
   -0.0050126460     0.0156167250     0.0076164302
    0.0606538142    -0.2340181015     0.0268322778
   -0.2541098192     0.8789403962    -1.9507825607
   -0.0052234128     0.0843291939    -0.0667239692
   -0.0045210275    -0.0330612415    -0.0770145012
   -0.0202147468     0.0113025297    -0.0448193268
  -15.9378735415     6.5831133451    -0.2174110302
   15.8761512606    -6.5896328193     0.2484881365
   -0.2078233156    -0.2641730019    -0.0601531289
   -0.0021957728     0.3260385326     0.0860514892
   -0.1114027178    -0.2996051583    -0.0813274390
    0.0578207947     0.0077111893    -0.0123009446
    0.1303711356     0.1875746567     0.0894813965
    0.0797076754    -0.0002501706    -0.0257867051
    0.0773707781     0.0106588944    -0.0459970214
    0.0278900726    -0.0499147499     0.0086889759
   -0.0039503825     0.0153240706     0.0389325487
    0.0255639899     0.0150613469     0.0072695259
   -0.4961668513     0.1972376272    -0.2702833428
    0.3156415315    -0.1991258838    -0.0229801476
    0.3650303820    -0.3061199023    -0.0455559540
   -0.3987433854     0.4382916231     0.0389359341
    0.0571605520    -0.0827582287     0.4149979281
    0.3205228443     0.2259099293    -0.1390144550
    0.0078012724     0.0426281326     0.0258275887
   -0.2439130657    -0.1883612798    -0.0913872601
    0.0992547103    -0.0492992868     0.0110089838
   -0.0028647666     0.0469939159     0.0221506551
   -0.0423769710     0.0014134436    -0.0304164601
    0.0130231948     0.0297956110    -0.0227344696
   -0.0188255060    -0.0414629068     0.0306780221
    0.0113499145    -0.0114718177    -0.0058149890
   -0.0303133948    -0.0256050998    -0.0139418254
    0.0104930981    -0.0195136711     0.0204337956
   -0.0467129316     0.0328840861     0.0377892560
   -0.0046528386    -0.0272377777     0.0248946957
    0.0316875693     0.0226190108     0.0693061418
   -0.0901657760     0.0849441133     0.0325556504
    0.0001720216     0.0615210379     0.0448832387
    0.1091515124     0.0921548022     0.0030749679
   -0.0565447191     0.0429289338     0.1336794175
    0.0069672238     0.1337431578     0.0400980462
   -0.0517232750    -0.0220560941    -0.0494823656
    0.0074761050     0.0123571748     0.1413259574
   -0.1025074656     0.0328335138    -0.0146238673
    0.1294955208    -0.0461607682    -0.0134836510
    0.0058518013     0.0041418214     0.0772812531
   -0.0715046338    -0.0328319975    -0.1157327187
    0.0226043161    -0.0778617400     0.0452372088
    0.1259909834     0.0668195061     0.0597708479
   -0.0637221009     0.0244877921    -0.0180448665
   -0.0170862130    -0.1139901542    -0.0697713745
    0.0733699599    -0.0536235477    -0.0085882868
---------------------------------------------------
Net gradient:  3.171080e-09  1.215718e-09  1.339023e-09
Net torque:    9.627737e-03  6.297375e-03 -1.161733e-03

Total processing time: 316.98 sec 

 Job finished: Fri May 24 13:24:16 2019

