Startfile from command line: /home/lum/5ly6/refine10_weight_0.1_stpmax_0.8_d2/ase/42/42_capping.sp


       ***********************************************************
       *                    TeraChem v1.93P                      *
       *                 Hg Version: 79b87f121f2d                *
       *                   Production Version                    *
       *                Compiled without textures                *
       *           Chemistry at the Speed of Graphics!           *
       ***********************************************************
       * This program may only be used in connection with        *
       * a valid license from PetaChem, LLC. Use of this program *
       * or results thereof indicates acceptance of all terms    *
       * and conditions stated in the license and that a valid   *
       * license agreement between the user and PetaChem, LLC    *
       * exists. PetaChem, LLC does not warrant the correctness  *
       * of results or their suitability for any purpose.        *
       * Please email bugs, suggestions, and comments to         *
       *                  help@petachem.com                      *
       *                                                         *
       ***********************************************************


       ***********************************************************
       *  Compiled by toddmtz      Wed Aug 16 03:32:31 PDT 2017  *
       *  Supported architectures: sm_20 sm_30 sm_50 sm_60       *
       *  Cuda compilation tools, release 8.0, V8.0.44           *
       ***********************************************************


 Job started   Mon May 20 14:08:38 2019
 On cu33 (available memory: 47423 MB)

######################################### RUNTIME INFO ##########################################
/public/qmsoft/TeraChem/bin/terachem /home/lum/5ly6/refine10_weight_0.1_stpmax_0.8_d2/ase/42/42_capping.sp 

NVRM version: NVIDIA UNIX x86_64 Kernel Module  396.26  Mon Apr 30 18:01:39 PDT 2018
GCC version:  gcc version 4.8.5 20150623 (Red Hat 4.8.5-4) (GCC) 

	linux-vdso.so.1 (0x00007fff99124000)
	libcurl.so.4 => /lib64/libcurl.so.4 (0x00002ac9ece16000)
	libintbox.so.1 => /public/qmsoft/TeraChem/lib/libintbox.so.1 (0x00002ac9ed07e000)
	libthcbox.so.1 => /public/qmsoft/TeraChem/lib/libthcbox.so.1 (0x00002aca0cc8c000)
	libgridbox.so.1 => /public/qmsoft/TeraChem/lib/libgridbox.so.1 (0x00002aca0e7f6000)
	libdftbox.so.1 => /public/qmsoft/TeraChem/lib/libdftbox.so.1 (0x00002aca0ece7000)
	libcublas.so.8.0 => /public/qmsoft/TeraChem/lib/libcublas.so.8.0 (0x00002aca0eff8000)
	libcufft.so.8.0 => /public/qmsoft/TeraChem/lib/libcufft.so.8.0 (0x00002aca119a8000)
	libcuda.so.1 => /public/qmsoft/TeraChem/lib/libcuda.so.1 (0x00002aca1a7f6000)
	libcudart.so.8.0 => /public/qmsoft/TeraChem/lib/libcudart.so.8.0 (0x00002aca1b776000)
	libcrypto.so.10 => /lib64/libcrypto.so.10 (0x00002aca1b9dc000)
	libssl.so.10 => /lib64/libssl.so.10 (0x00002aca1bdc3000)
	libm.so.6 => /lib64/libm.so.6 (0x00002aca1c030000)
	libcilkrts.so.5 => /public/qmsoft/TeraChem/lib/libcilkrts.so.5 (0x00002aca1c332000)
	libstdc++.so.6 => /lib64/libstdc++.so.6 (0x00002aca1c573000)
	libgcc_s.so.1 => /lib64/libgcc_s.so.1 (0x00002aca1c87b000)
	libpthread.so.0 => /lib64/libpthread.so.0 (0x00002aca1ca91000)
	libdl.so.2 => /lib64/libdl.so.2 (0x00002aca1ccaf000)
	libc.so.6 => /lib64/libc.so.6 (0x00002aca1ceb3000)
	/lib64/ld-linux-x86-64.so.2 (0x00002ac9ecbf3000)
	libidn.so.11 => /lib64/libidn.so.11 (0x00002aca1d260000)
	libssh2.so.1 => /lib64/libssh2.so.1 (0x00002aca1d493000)
	libssl3.so => /lib64/libssl3.so (0x00002aca1d6bd000)
	libsmime3.so => /lib64/libsmime3.so (0x00002aca1d8ff000)
	libnss3.so => /lib64/libnss3.so (0x00002aca1db26000)
	libnssutil3.so => /lib64/libnssutil3.so (0x00002aca1de4c000)
	libplds4.so => /lib64/libplds4.so (0x00002aca1e078000)
	libplc4.so => /lib64/libplc4.so (0x00002aca1e27c000)
	libnspr4.so => /lib64/libnspr4.so (0x00002aca1e481000)
	libgssapi_krb5.so.2 => /lib64/libgssapi_krb5.so.2 (0x00002aca1e6bf000)
	libkrb5.so.3 => /lib64/libkrb5.so.3 (0x00002aca1e90b000)
	libk5crypto.so.3 => /lib64/libk5crypto.so.3 (0x00002aca1ebf0000)
	libcom_err.so.2 => /lib64/libcom_err.so.2 (0x00002aca1ee22000)
	liblber-2.4.so.2 => /lib64/liblber-2.4.so.2 (0x00002aca1f026000)
	libldap-2.4.so.2 => /lib64/libldap-2.4.so.2 (0x00002aca1f235000)
	libz.so.1 => /lib64/libz.so.1 (0x00002aca1f488000)
	librt.so.1 => /lib64/librt.so.1 (0x00002aca1f69e000)
	libnvidia-fatbinaryloader.so.396.26 => /lib64/libnvidia-fatbinaryloader.so.396.26 (0x00002aca1f8a6000)
	libkrb5support.so.0 => /lib64/libkrb5support.so.0 (0x00002aca1faf2000)
	libkeyutils.so.1 => /lib64/libkeyutils.so.1 (0x00002aca1fd01000)
	libresolv.so.2 => /lib64/libresolv.so.2 (0x00002aca1ff05000)
	libsasl2.so.3 => /lib64/libsasl2.so.3 (0x00002aca2011c000)
	libselinux.so.1 => /lib64/libselinux.so.1 (0x00002aca20339000)
	libcrypt.so.1 => /lib64/libcrypt.so.1 (0x00002aca2055e000)
	libpcre.so.1 => /lib64/libpcre.so.1 (0x00002aca20795000)
	liblzma.so.5 => /lib64/liblzma.so.5 (0x00002aca209f6000)
#################################################################################################

       ********************** License Check **********************
       * Use license from: /public/qmsoft/TeraChem/license.dat
       * Available Host id: AC1F6B20BA82
       * Available Host id: AC1F6B20BA83
       * Available Host id: 52540000F6B3
       * Available Host id: 52540000F6B3
       * License Host id: AC1F6B20BA82
       * License expires: 2019-10-21
       ********************** License OK *************************
Scratch directory: /tmp/lum/5ly6/refine10_weight_0.1_stpmax_0.8_d2/ase/42/scr
Random number seed: 678139037

XYZ coordinates /home/lum/5ly6/refine10_weight_0.1_stpmax_0.8_d2/ase/42/42_capping.xyz
Molden File Output: /tmp/lum/5ly6/refine10_weight_0.1_stpmax_0.8_d2/ase/42/scr/42_capping.molden
Using basis set: 6-31g
Spin multiplicity: 1
DIIS will use up to 10 vectors.
WF convergence threshold: 3.00e-05
Using DIIS algorithm to converge WF
Maximum number of SCF iterations: 300
Incremental fock with rebuild every 8 iterations
Will switch to conventional Fock if diffuse functions are detected
X-matrix tolerance: 1.00e-04
PRECISION: DYNAMIC
DFT Functional requested: hf
Method: Hartree-Fock  with dispersion correction

*********************************************************
*                     WARNING                           *
* Dispersion correction is not supported for hf         *
*         Disabling dispersion correction               *
*********************************************************

Wavefunction: RESTRICTED
Initial guess generated by maximum overlap

********************************************
**** SINGLE POINT GRADIENT CALCULATIONS ****
********************************************
SCF:   Initial guess is taken from previous step
COSMO model for polarizable continuum model enabled

using 4 out of 4 CUDA devices
   Device 0:  GeForce GTX 1080 Ti, 11178MB, CC 6.1 -- CPU THREAD 0
   Device 1:  GeForce GTX 1080 Ti, 11178MB, CC 6.1 -- CPU THREAD 1
   Device 2:  GeForce GTX 1080 Ti, 11178MB, CC 6.1 -- CPU THREAD 2
   Device 3:  GeForce GTX 1080 Ti, 11178MB, CC 6.1 -- CPU THREAD 3
-------------------------------------------------------------------
Compiled with MAGMA support.  MAGMA parameters:
    Matrices larger than 5000 square will be treated with MAGMA
       (Change by setting the MagmaMinN environment variable)
    Magma will use 1 out of 4 GPUs
       (Change by setting the MagmaNGPUs environment variable)
-------------------------------------------------------------------
 CPU Memory Available: 8018.12 MegaWords 
 GPU Memory Available: 1141.31 MegaWords 
 Maximum recommended basis set size: 12200 basis functions
 (limited by GPU memory)
-------------------------------------------------------------------
Not using d-functions. Configuring GPUs accordingly.
0: CUBLAS initialized, available GPU memory: 8170MB
1: CUBLAS initialized, available GPU memory: 8170MB
2: CUBLAS initialized, available GPU memory: 8170MB
3: CUBLAS initialized, available GPU memory: 8068MB


Basis set:       6-31g
Total atoms:     431
Total charge:    1
Total electrons: 1470 (735-alpha, 735-beta)
Number electrons modeled by ECPs: 0
Total orbitals:  2185
Total AO shells: 1429 (1051 S-shells; 378 P-shells; 0 D-shells; 0 F-shells; 0 G-shells)
Spin multiplicity: 1
Nuclear repulsion energy (QM atoms): 64967.871459713555 a.u.

=COSMO= Number of H atoms in QM atoms:242
=COSMO= Number of Heavy atoms in QM atoms:189
reached first line of InitCosmoSwigNoMatrix
q is allocated
B is allocated
Bz is allocated
z is allocated
c is allocated
=COSMO= No Matrix Cosmo Initialization finished.
=COSMO= ++++++++++++++++++++++++++++++ COSMO parameters ++++++++++++++++++++++++++++++
=COSMO= I. Cavity Information:
=COSMO= SAS(Solvent accesible surface) initialization finished
=COSMO= Time for initializing Molecular Surface:0.53727100 (sec)
=COSMO= Time for initializing cosmo calculation:0.17718401 (sec)
=COSMO= Cavity effective radius(Angstrom) (r_solv+r_vdw-dsc) was written into /tmp/lum/5ly6/refine10_weight_0.1_stpmax_0.8_d2/ase/42/scr/ratom.txt
=COSMO= Solvent Dielectric Constant:78.390000
=COSMO= Cosmo Solvent radius:0.000000
=COSMO= Cosmo charge scaling method:0
=COSMO= Cavity built with Lebedev Grid
=COSMO= Grid points/QM Hydrogen: 110
=COSMO= Grid points/QM Heavy atom: 110
=COSMO= Herbert Switching-Gaussian method turned on
=COSMO= After removing points inside of SAS:
=COSMO= Total number of segments on molecular surface:23645
=COSMO= Number of segments belonging to QM atoms:23645
=COSMO= Total surface area of cavity: 3145.6767(Angstrom^2)
=COSMO= Total volume of cavity: 1783.3549 (Angstrom^3)
=COSMO= II. COSMO integral options:
=COSMO= Building COMSO c vector with original algorithm
=COSMO= COSMO one-electron integral threshold: 1e-12 
=COSMO= III. Linear solver options:
=COSMO= Initialize COSMO for A matrix in no matrix storage form
=COSMO= CG precondtioner:Jacobi
=COSMO= Tight CG convergence threshold:1e-06
=COSMO= CG dynamic threshold: on
=COSMO= Adjust CG convergence threshold dynamically
=COSMO= IV. PCM field read/write options:
=COSMO= PCM field is not written to files
=COSMO= No PCM field file is read in
=COSMO= ++++++++++++++++++++++++++++++++++++++++++++++++++++++++++++++++++++++++++++++++

                      *** Start SCF Iterations ***

 Iter     DIIS Error       Energy change         Energy              E_PCM      Time(s)
---------------------------------------------------------------------------------------
         >>> Purifying P... IDMP = 3.61e-14 <<<
THRESPDP set to 1.00e+00
   1     0.4344129955   -8938.6625374135   -8938.6625374135     -0.9503534614   10.41  
   2     0.1234513726     -46.2859211228   -8984.9484585362     -0.6411264144    7.94  
   3     0.0568954259      -6.1049778889   -8991.0534364251     -0.7638300694    7.72  
   4     0.0226961032      -0.6500438880   -8991.7034803131     -0.6986483793    7.27  
   5     0.0105705793      -0.1064886406   -8991.8099689537     -0.7397850308   10.73  
THRESPDP set to 7.83e-05
   6     0.0067326833      -0.0123350201   -8991.8223039739     -0.7445212026   11.34  
   7     0.0040216848      -0.0026880817   -8991.8249920556     -0.7486363037    6.63  
   8     0.0020555679      -0.0006634097   -8991.8256554653     -0.7503470330    6.36  
   9     0.0012142709      -0.0001029564   -8991.8257584217     -0.7507864458    6.26  
  10     0.0005302320      -0.0000321842   -8991.8257906059     -0.7510143661    6.02  
  11     0.0002706138      -0.0000055672   -8991.8257961731     -0.7510204383    7.94  
  12     0.0000970626      -0.0000021607   -8991.8257983337     -0.7510188499    7.62  
  13     0.0000274062      -0.0000004906   -8991.8257988244     -0.7509968894    6.20  
---------------------------------------------------------------------------------------
FINAL ENERGY: -8991.8257988244 a.u.
C-PCM contribution to final energy:-0.7509968894 a.u. ( already included in final energy )
Computing C-PCM contribution to gradient...
CENTER OF MASS: {42.406993, 29.186702, 26.150143} ANGS
DIPOLE MOMENT: {53.289760, 32.907446, -70.515766} (|D| = 94.314218) DEBYE
Cannot open /tmp/lum/5ly6/refine10_weight_0.1_stpmax_0.8_d2/ase/42/scr
Writing out molden info

Gradient units are Hartree/Bohr
---------------------------------------------------
        dE/dX            dE/dY            dE/dZ
   -0.0628420749     0.0586023206    -0.0428211146
   -0.0084388258     0.0096086542    -0.0221091194
    0.0438633795     0.0006636418    -0.0373823908
   -0.0214586794     0.0039246702     0.0214594812
   -0.0163859088     0.0009185451     0.0049268263
   -0.0012218834     0.0102184579    -0.0102165802
    0.0024093637    -0.0044276320     0.0031624687
   -0.0008856342    -0.0044371408     0.0031682719
   -0.0172908202     0.0052679828    -0.0190324381
   -0.0007735446    -0.0037663465     0.0030122198
    0.0035545349    -0.0029716417    -0.0015021970
    0.0004459428    -0.0042584585     0.0040629131
   -0.0416199514     0.0006085308     0.0456479910
    0.0297826665     0.0106797059    -0.0123611143
   -0.0686326452     0.0165313572    -0.0684907866
    0.0065137854    -0.0065169921     0.0060157688
   -0.0219557619    -0.0107715896    -0.0074953585
    0.0075160936     0.0053785487     0.0032988071
    0.0229942519    -0.0028310609    -0.0216465244
   -0.0089091510    -0.0068481411     0.0112852637
    0.0026033493    -0.0020451998    -0.0010156938
    0.0079301465     0.0113115971     0.0078217944
   -0.0023233888    -0.0049756190    -0.0048405302
   -0.0067809530     0.1098655207    -0.0287795981
   -0.0243521331     0.0193995960    -0.0308826983
   -0.0894508908    -0.0231184904    -0.0013642935
    0.0206390986    -0.0147697312     0.0068478739
    0.0151749769    -0.0077633827    -0.0091856518
   -0.0167080845     0.0094180014    -0.0031492625
    0.0019026553    -0.0098806342     0.0008247928
    0.0171560390    -0.0028782457     0.0142824426
   -0.0005824905     0.0161874687     0.0097097366
    0.0088880485    -0.0019326438     0.0135126039
    0.0015427211    -0.0004499810     0.0071814937
   -0.0105751914     0.0066651644     0.0084365488
    0.0012258762    -0.0007486219     0.0024181870
    0.0008852666     0.0046354182     0.0000120763
    0.0015160527     0.0002482384    -0.0002390717
    0.0010192749     0.0008567017     0.0014609330
    0.0005765734     0.0022745429    -0.0023621705
   -0.0103020258    -0.0034063447    -0.0044186487
   -0.0018241980    -0.0008475330    -0.0034067863
   -0.0300639633     0.0780390143     0.0585388133
    0.0113251869     0.0095744820     0.0360444083
   -0.0135436353    -0.0152924146    -0.0039794492
    0.0000186999     0.0144927334    -0.0077324657
   -0.0025371455    -0.0031248469     0.0171204019
   -0.0097462149    -0.0001766321     0.0056016351
   -0.0081549881    -0.0004722900    -0.0072856388
    0.0130743534    -0.0021832839     0.0082630370
   -0.0200109117     0.0067059841    -0.0040951207
    0.0340149027    -0.0000971327     0.0046412394
   -0.0126497227     0.0131277336     0.0055535645
    0.0156953892     0.0064853484     0.0103907825
   -0.0007217464    -0.0000634922    -0.0011159174
    0.0034931304    -0.0025390060     0.0018833339
   -0.0010322910    -0.0073801206    -0.0027971594
   -0.0036126830    -0.0017509640    -0.0017097124
   -0.0056444817     0.0020287641    -0.0036451138
   -0.0271012670    -0.0097064778    -0.0095387920
    0.0092208115    -0.0186285606     0.0098687895
    0.0006499910     0.0237906487     0.0100158035
    0.0024127449    -0.0112787249    -0.0002761360
   -0.0059513135    -0.0044099607     0.0009314315
    0.0059649623     0.0075013520     0.0099833008
   -0.0064839995    -0.0080600034    -0.0108042805
    0.0081397218    -0.0093678186    -0.0099716531
    0.0079487784    -0.0054443828    -0.0013945684
   -0.0024520798     0.0074832159    -0.0040474818
   -0.0001037389    -0.0017917427    -0.0025720473
    0.0029599635     0.0093123433    -0.0008602759
   -0.0021716785    -0.0010306836    -0.0031025977
    0.0038621172    -0.0003201301     0.0001308532
   -0.0016455910    -0.0009026099     0.0047753685
    0.0022549264     0.0022358280     0.0041733236
   -0.0044977200     0.0010405570     0.0013072137
   -0.0003332708     0.0001934859     0.0028206610
   -0.0008272698     0.0063334186     0.0025889999
   -0.0000177098    -0.0090030902    -0.0158212587
    0.0023124080     0.0020035810     0.0027845609
   -0.0009722921    -0.0012668942    -0.0030249832
   -0.0008882339     0.0035251819     0.0034559515
   -0.0062351493    -0.0167171552    -0.0032483516
    0.0073054296    -0.0126272893     0.0001250133
   -0.0048186972    -0.0009245550    -0.0053364994
    0.0058582321     0.0060659422    -0.0029161336
   -0.0006487731    -0.0002843887     0.0033552422
   -0.0022128497     0.0043378694     0.0002390200
   -0.0033511244     0.0121125493     0.0013502267
    0.0026138985     0.0029441347     0.0053943629
   -0.0030086168     0.0104285653     0.0037411149
    0.0017652471     0.0005252506    -0.0000077244
    0.0002578563    -0.0006643970     0.0007032386
    0.0007520768     0.0010262442     0.0014397752
   -0.0070948331     0.0001750684     0.0010924004
    0.0016459835    -0.0038499431    -0.0021097240
    0.0013558062     0.0009105286     0.0027541080
    0.0145164745    -0.0177004651    -0.0078470032
    0.0086200799    -0.0127481639    -0.0045473573
   -0.0262887208     0.0227295272     0.0090855287
    0.0135381222    -0.0099354946    -0.0096963952
    0.0118159364    -0.0009926584     0.0101405447
   -0.0015202350     0.0005008256     0.0074294093
   -0.0019016490     0.0133910334    -0.0026742783
   -0.0169718211     0.0142456206     0.0082732014
   -0.0023653947     0.0030370926     0.0006311991
   -0.0030200547     0.0001248454    -0.0073315817
    0.0011537727     0.0031869733    -0.0012707444
   -0.0001134177     0.0001491502     0.0004478720
   -0.0014204405    -0.0008042337    -0.0079213691
   -0.0030936390    -0.0078065128     0.0027184295
   -0.0021799461    -0.0010062986    -0.0005379641
    0.0001988169    -0.0023160033    -0.0009669506
    0.0163007542    -0.0109095647    -0.0039971772
   -0.0079051232     0.0049937485    -0.0044766503
   -0.0373288504     0.0551039155     0.0454099226
    0.0134853120    -0.0020617836     0.0007659187
   -0.0051731355    -0.0114767881     0.0118137193
    0.0033653570     0.0128548938    -0.0148745197
    0.0057357550     0.0099902309    -0.0007377037
   -0.0040502488     0.0014999261     0.0029086217
    0.0019136692    -0.0038070992    -0.0020470567
    0.0025454895     0.0031463209    -0.0011363216
    0.0001426764    -0.0013145572     0.0041249017
    0.0023249753    -0.0006609026     0.0090450753
   -0.0083737130    -0.0036169087     0.0004573282
   -0.0027227941    -0.0127250446    -0.0021915988
    0.0015487609     0.0022186675     0.0001422699
   -0.0019912509     0.0021404829     0.0012770589
   -0.0551280835     0.0747332387    -0.0585726520
   -0.0220733997     0.0037095725    -0.0255697151
    0.0796482711     0.0167057253     0.0657346789
   -0.0235633817    -0.0120598074    -0.0010882136
    0.0008271994    -0.0033783779     0.0100588009
   -0.0077449094     0.0048332492    -0.0042678893
    0.0015455091     0.0143604748    -0.0166381834
    0.0178664539     0.0049684562     0.0118386643
   -0.0046460183     0.0188321132    -0.0088323106
    0.0077636783    -0.0027171564     0.0043261298
    0.0045168582     0.0019473627    -0.0025583418
   -0.0015482910     0.0061088701    -0.0023105583
    0.0019116058    -0.0024045226     0.0008534862
    0.0020799613     0.0016963305     0.0051110906
   -0.0062298431    -0.0057457428     0.0042029634
    0.0050832737    -0.0100337977     0.0049261945
   -0.0083772811    -0.0039731491    -0.0119590682
   -0.0015104736    -0.0000613591    -0.0007323036
   -0.0042141713     0.0014874161     0.0022417831
    0.0194943212     0.0457048748     0.1189168438
    0.0097229540     0.0068674301    -0.0072874167
    0.0222911460     0.0019176366    -0.0048688892
   -0.0172417559    -0.0004015875     0.0035539271
   -0.0238369620     0.0122831851     0.0066483454
   -0.0057374309     0.0119143323    -0.0057859817
    0.0045221187    -0.0343421928     0.0037109955
   -0.0036945778    -0.0019178438    -0.0006783548
    0.0018219907     0.0011117181    -0.0018311102
    0.0087401277    -0.0039161718     0.0066182711
    0.0038997944    -0.0006262156     0.0040523116
    0.0003490319    -0.0064591242     0.0029603127
   -0.0010070289     0.0016636105    -0.0017034194
   -0.0038793658     0.0088679769    -0.0133527281
   -0.0098946210    -0.0080208592     0.0173636172
    0.0060644697     0.0036021254    -0.0085765334
    0.0056886909    -0.0131040648     0.0096433403
   -0.0014895677     0.0081455400    -0.0014356311
   -0.0189273091     0.0063842744    -0.0122957081
    0.0131274025     0.0008588569    -0.0050655773
    0.0166413458     0.0059521593     0.0044669309
    0.0047637672    -0.0004600497    -0.0006975634
   -0.0024241746     0.0022270848     0.0004093820
    0.0047087749    -0.0063879740     0.0100338279
   -0.0073291850    -0.0045381671     0.0035656008
   -0.0066312587    -0.0057876657     0.0037177565
   -0.0023624748    -0.0003453068    -0.0007993252
   -0.0018877058     0.0018367501    -0.0039396155
   -0.0079419962     0.0312613265    -0.0073643067
   -0.0145616631    -0.0053503664    -0.0113313611
    0.0132472625     0.0002354880     0.0070102580
   -0.0050245685    -0.0003746283    -0.0025638552
    0.0077164184     0.0056273604     0.0108305007
   -0.0037307164    -0.0091620165    -0.0129373439
    0.0165704436     0.0092569528     0.0162161430
    0.0032370708    -0.0020151503     0.0083255287
    0.0052125368    -0.0226814480     0.0043438721
    0.0026357963    -0.0024232068     0.0003086743
   -0.0004761853    -0.0020466173    -0.0040563308
   -0.0008248842     0.0001518495    -0.0013129642
    0.0043023313     0.0030243383     0.0009396129
   -0.0064883872     0.0029826414    -0.0010940409
   -0.0006757102    -0.0022401239    -0.0010615057
   -0.0096228946    -0.0077060356    -0.0047231157
   -0.0046320935     0.0040250189     0.0003702601
    0.0000742307     0.0004052373     0.0002132342
    0.0005375167    -0.0023574029    -0.0067076224
   -0.0008152640     0.0009588390    -0.0039035968
   -0.0061086218     0.0044281972    -0.0134961803
    0.0355544198    -0.0226195537     0.0341518064
   -0.0140591297     0.0137301988    -0.0057580001
   -0.0159284175    -0.0093921226     0.0031432969
    0.0072229626     0.0033786265    -0.0057067690
   -0.0013796108    -0.0042171082    -0.0010922307
   -0.0005799919    -0.0122768325    -0.0013790159
    0.0011940874    -0.0006869985     0.0051125996
    0.0012623716     0.0011515848     0.0037239317
    0.0010406024     0.0042898229     0.0024683483
    0.0058835508    -0.0016659296     0.0019885917
   -0.0006905411    -0.0004595032     0.0004599579
    0.0007223387     0.0001051592    -0.0014219073
   -0.0011963280     0.0002046284    -0.0005080688
    0.0008703761     0.0037366418     0.0036844535
    0.0018269338     0.0017736282    -0.0037898665
    0.0012880588     0.0050851889     0.0057580160
   -0.0019101524     0.0040681354    -0.0014226847
   -0.0332411210     0.0132524042    -0.0336107711
   -0.0027385155     0.0085554066     0.0157201131
    0.0819906704    -0.0229395023    -0.0631932341
   -0.0339284930     0.0168884235    -0.0022169774
    0.0012288848    -0.0104291735     0.0220039021
    0.0164200436    -0.0122818614     0.0022286708
    0.0051245136    -0.0026803748     0.0015664017
    0.0008895229    -0.0007269685    -0.0023847608
   -0.0025899007     0.0063120538    -0.0143451921
   -0.0004100882     0.0000116866    -0.0012342291
    0.0650121020     0.0664224049     0.0831974032
    0.0126018663     0.0168700494     0.0048975347
    0.0388660210    -0.1083502492     0.0136792611
   -0.0307042080     0.0214913473    -0.0284316728
   -0.0064057291     0.0135909907     0.0026793487
   -0.0216488070    -0.0009856327    -0.0056488731
    0.0060451961     0.0168301659     0.0048650954
    0.0099769987    -0.0235991778    -0.0082517320
   -0.0055782942     0.0083129321     0.0221755608
   -0.0145700810     0.0297711919     0.0027592462
    0.0181033319    -0.0337235687    -0.0114530059
    0.0109986442    -0.0004156305     0.0066231037
   -0.0026972185    -0.0002859205     0.0003766551
    0.0056913492     0.0024361244     0.0005039665
    0.0043628757    -0.0021019676     0.0010128336
    0.0117423373     0.0016776576     0.0033959504
    0.0055301690    -0.0067963476    -0.0011078394
   -0.0004606894    -0.0062479806    -0.0057875029
    0.0020888316    -0.0014899196    -0.0010941892
   -0.0032130762     0.0104755487     0.0079937773
    0.0069326147    -0.0143747958    -0.0094365922
    0.0002280808    -0.0008570461    -0.0026360404
   -0.0090941246     0.0146886953    -0.0053259412
   -0.0011424709     0.0017184248     0.0061470805
    0.1082039128    -0.0364427416    -0.0055293791
    0.0029191926     0.0027024062    -0.0087307954
   -0.0604671691     0.0341757359    -0.0678808259
   -0.0018454260    -0.0186163818     0.0284665738
   -0.0042945683    -0.0086569121    -0.0144579154
    0.0074324882     0.0258091696     0.0054923305
    0.0141188949    -0.0040403376    -0.0058159943
    0.0039780890    -0.0065775685     0.0066226241
    0.0019697925    -0.0005004277     0.0025591420
    0.0000353619    -0.0016853394     0.0003360320
   -0.0034100880    -0.0219144899    -0.0045180634
   -0.0358317884    -0.0746816904     0.0881505430
   -0.0097248471    -0.0159216025     0.0076400137
    0.0402943189    -0.0091931463    -0.0865833072
   -0.0108577388     0.0133203538     0.0111358526
    0.0040841309    -0.0082570175     0.0063472995
   -0.0024534183     0.0064618015    -0.0270779182
   -0.0088973663    -0.0015174404    -0.0094525370
   -0.0013186333    -0.0190060920     0.0008853580
   -0.0034184746     0.0018295412     0.0014281698
   -0.0014170959     0.0014105176     0.0013408359
    0.0080093929    -0.0014851253     0.0062445007
   -0.0006601496    -0.0074255292     0.0057099973
   -0.0098265912    -0.0001079368     0.0089731842
    0.0035921946     0.0002596633     0.0027098046
    0.0022445245    -0.0005702288    -0.0006314642
   -0.0008721997     0.0047077902     0.0041986346
    0.0143945048     0.0887294898    -0.0575306579
    0.0081606818     0.0027397937    -0.0157310953
    0.0284631532    -0.0899557603     0.0072877573
   -0.0058243509     0.0193174600     0.0223900461
    0.0147562094    -0.0154576965    -0.0101625543
   -0.0206724282     0.0003259685     0.0112687146
    0.0055389870    -0.0122025536    -0.0012497971
    0.0045169108     0.0155231402    -0.0177879533
   -0.0025902777     0.0014976060     0.0020038332
   -0.0097335463    -0.0020049477     0.0250780855
   -0.0065925258     0.0173239379     0.0144260157
    0.0092017613     0.0120304047    -0.0139060767
    0.0002854807     0.0069297905     0.0029987648
   -0.0009557892     0.0086253826    -0.0004574481
    0.0016466864     0.0026593778     0.0017148904
    0.0056460699     0.0074094114    -0.0023861476
    0.0042511716    -0.0046072367    -0.0047068591
   -0.0007335548     0.0006880237     0.0032789123
    0.0035807019     0.0027040891    -0.0023062981
   -0.0025219343    -0.0099945761     0.0107040455
    0.0025160923     0.0058643526    -0.0086634415
    0.0077833283    -0.0077776233    -0.0150675969
    0.0008460847    -0.0087954639     0.0000692775
    0.0052275333    -0.0068643792    -0.0103781286
    0.0389615180     0.1134600957    -0.0064779074
    0.0001420818     0.0002089898     0.0097293383
    0.0323713721    -0.0237791876    -0.0088650826
   -0.0090371386     0.0126615692     0.0007831644
    0.0052287786     0.0064944495    -0.0096468157
    0.0071218852     0.0032773251     0.0098901642
   -0.0115145852    -0.0000167717    -0.0011220266
   -0.0011395179     0.0071611906    -0.0095032342
    0.0097929933     0.0069444694    -0.0045424281
    0.0008333337     0.0074769404     0.0048276004
    0.0029949057     0.0012167737     0.0067034862
   -0.0017622710    -0.0106207851     0.0033788480
   -0.0009938263    -0.0053899823     0.0022710840
    0.0013187215    -0.0005047450     0.0005276265
    0.0042104246     0.0017755258    -0.0007400297
    0.0014946057    -0.0008245586    -0.0005744937
    0.0020737061    -0.0044762719    -0.0005564943
   -0.0006854935    -0.0005000083    -0.0005744088
   -0.0009470904     0.0007758202     0.0075672772
   -0.0200650488     0.0170114196     0.0070541613
   -0.0000637932    -0.0045393411    -0.0015390036
    0.0089629424    -0.0067334402     0.0048869021
   -0.0057006031     0.0185352015    -0.0042332693
    0.0069554610     0.0097709322     0.0008525539
   -0.0123146309     0.0095410726     0.0139345800
   -0.0022988208    -0.0066082076    -0.0047020041
    0.0003662469    -0.0053399770    -0.0019258593
   -0.0037391478     0.0007913326    -0.0012943511
   -0.0023926758    -0.0004017907     0.0003997940
    0.0005686759    -0.0034204530    -0.0144250891
    0.0080396223    -0.0004047953     0.0035466731
    0.0013969940    -0.0059975708    -0.0001678864
   -0.0005306581     0.0012347266     0.0017315405
   -0.0004903188     0.0039889544     0.0011556477
   -0.0007897407     0.0007320706     0.0001700608
    0.0080236532    -0.0164948079     0.0041244911
   -0.0127924926     0.0102116484    -0.0048769728
   -0.0079966957     0.0092119105    -0.0040645349
   -0.0028416628    -0.0070324870     0.0034930212
   -0.0092900219    -0.0067328994     0.0018047692
   -0.0226636386    -0.0106924240    -0.0155253486
    0.0065379762     0.0034201595    -0.0032877891
    0.0198174696     0.0341327875     0.0191747773
   -0.0074904655    -0.0013885188    -0.0048118843
   -0.0164710670    -0.0187787868    -0.0138520510
    0.0193034514    -0.0037111220     0.0099074164
    0.0045411091    -0.0208124925     0.0264973102
   -0.0049376233     0.0061017017    -0.0017134254
    0.0019684113    -0.0090095800     0.0013827520
    0.0049179467    -0.0014301769     0.0028804244
    0.0076783008     0.0043313516    -0.0026755653
   -0.0015135503    -0.0018975629     0.0003244716
    0.0000969033    -0.0023555327    -0.0005919093
   -0.0011273318    -0.0002713773    -0.0016266372
    0.0074739845     0.0042746172     0.0049773045
   -0.0072201746     0.0197957158    -0.0268833537
    0.0093344820     0.0035502354    -0.0024864332
   -0.0036057156     0.0141167665     0.0061335885
   -0.0101481682    -0.0653207098     0.0645148466
    0.0008439589    -0.0007748791    -0.0137890302
    0.0049260512    -0.0087935851    -0.0085846432
   -0.0032498080     0.0055076698     0.0042854709
   -0.0106836867    -0.0055968630     0.0115812181
    0.0140768987     0.0102265495     0.0008398584
   -0.0010820507    -0.0027177179     0.0017485268
   -0.0013096823     0.0027343086    -0.0057074717
   -0.0003771443     0.0014842977    -0.0009475869
    0.0026476706    -0.0003171356     0.0006023309
   -0.0011073630    -0.0005048207     0.0008150750
    0.0058422084    -0.0031380288    -0.0022609034
    0.0029113890     0.0092792371     0.0021137549
   -0.0002322454     0.0027978807    -0.0055459943
   -0.0021681735    -0.0068920078    -0.0016654545
   -0.0088516766    -0.0002936629    -0.0038247013
   -0.0008239640    -0.0035253155     0.0023700085
   -0.0846864162     0.0806358015     0.0095151386
   -0.0124437089     0.0061325501    -0.0297496266
    0.0120359134    -0.0048821597    -0.0883738748
    0.0161447763    -0.0090630845     0.0177423682
   -0.0115621496    -0.0030157375     0.0245232437
   -0.0010421095     0.0021927027    -0.0055397329
   -0.0005868643     0.0021223164     0.0042567899
   -0.0125381107     0.0053283118     0.0144135557
    0.0080268332     0.0030651015     0.0169865455
    0.0035807637    -0.0011005060    -0.0068781784
   -0.0003919583    -0.0005457595    -0.0001295759
    0.0010829402     0.0009853639    -0.0005059248
   -0.0037564595    -0.0020618462    -0.0052345779
    0.0026544422    -0.0017365706    -0.0039903809
   -0.0969478782    -0.0423390948     0.0059021461
    0.0017143766    -0.0240666154     0.0069887854
    0.0354877530    -0.1027591873    -0.0150130989
    0.0089762873     0.0484337493     0.0013693905
   -0.0253173028    -0.0035415462     0.0177755290
    0.0023266379    -0.0049966992    -0.0003865944
   -0.0059068059     0.0141524380     0.0001169024
   -0.0142140797     0.0133337709    -0.0075702797
   -0.0184846133    -0.0153752835     0.0087614914
   -0.0024324457     0.0111004627     0.0014402309
    0.0134633482     0.0006484367    -0.0061005835
    0.0048963213     0.0100264795    -0.0010540593
    0.0048362978    -0.0053078558     0.0039466869
   -0.0006619410    -0.0022394390    -0.0054101641
    0.0000296611    -0.0025078191    -0.0001636638
    0.0027895427    -0.0047495018     0.0013870059
    0.0032754500     0.0022418143     0.0049081128
    0.0069306059    -0.0084490809     0.0068762656
    0.0041395452    -0.0003630338    -0.0006234816
    0.0967882877    -0.0602163548     0.0781738241
    0.0521233767    -0.0239876111     0.0460363881
    0.0296970519    -0.1280607146     0.0269912416
    0.0704882786     0.0258757369     0.0046835142
    0.0443869741    -0.0840248743    -0.1021515230
    0.0228981283    -0.0557572445    -0.0455381766
    0.0721715916    -0.0971140943     0.0663662827
   -0.0547241747    -0.0099340337    -0.0496346984
   -0.0114582086    -0.0444645839    -0.1235721043
   -0.0480845725     0.0090615173     0.0540720748
   -0.0767703376    -0.0779269629    -0.0787739303
   -0.0183379073     0.0717922004     0.0022731982
   -0.1245538057     0.0525032177     0.0184582722
    0.0563611949    -0.0170867657     0.0453702173
    0.0492452153     0.0987314044    -0.0810303827
   -0.0298443852     0.0090476294     0.0680225985
   -0.0446614762    -0.1073660690     0.0734813480
   -0.0246559797     0.0696980809    -0.0133282422
   -0.0596645220    -0.1231434792    -0.0100823419
    0.0116438891     0.0530657081    -0.0495826259
    0.1069877547    -0.0786484207    -0.0269902890
   -0.0228797139     0.0042324621     0.0705152718
    0.1143749167     0.0697936977    -0.0358140707
   -0.0458971538     0.0562955135     0.0109174164
---------------------------------------------------
Net gradient:  3.952265e-09 -5.701404e-11  3.189231e-09
Net torque:    8.526652e-04  3.207743e-03  2.695030e-03

Total processing time: 134.53 sec 

 Job finished: Mon May 20 14:11:05 2019

