Startfile from command line: /home/lum/5ly6/refine12_weight_0.1_stpmax_8/ase/63/63_capping.sp


       ***********************************************************
       *                    TeraChem v1.93P                      *
       *                 Hg Version: 79b87f121f2d                *
       *                   Production Version                    *
       *                Compiled without textures                *
       *           Chemistry at the Speed of Graphics!           *
       ***********************************************************
       * This program may only be used in connection with        *
       * a valid license from PetaChem, LLC. Use of this program *
       * or results thereof indicates acceptance of all terms    *
       * and conditions stated in the license and that a valid   *
       * license agreement between the user and PetaChem, LLC    *
       * exists. PetaChem, LLC does not warrant the correctness  *
       * of results or their suitability for any purpose.        *
       * Please email bugs, suggestions, and comments to         *
       *                  help@petachem.com                      *
       *                                                         *
       ***********************************************************


       ***********************************************************
       *  Compiled by toddmtz      Wed Aug 16 03:32:31 PDT 2017  *
       *  Supported architectures: sm_20 sm_30 sm_50 sm_60       *
       *  Cuda compilation tools, release 8.0, V8.0.44           *
       ***********************************************************


 Job started   Fri May 31 08:34:36 2019
 On cu35 (available memory: 48882 MB)

######################################### RUNTIME INFO ##########################################
/public/qmsoft/TeraChem/bin/terachem /home/lum/5ly6/refine12_weight_0.1_stpmax_8/ase/63/63_capping.sp 

NVRM version: NVIDIA UNIX x86_64 Kernel Module  396.26  Mon Apr 30 18:01:39 PDT 2018
GCC version:  gcc version 4.8.5 20150623 (Red Hat 4.8.5-4) (GCC) 

	linux-vdso.so.1 (0x00007ffce6945000)
	libcurl.so.4 => /lib64/libcurl.so.4 (0x00002b01d35de000)
	libintbox.so.1 => /public/qmsoft/TeraChem/lib/libintbox.so.1 (0x00002b01d3846000)
	libthcbox.so.1 => /public/qmsoft/TeraChem/lib/libthcbox.so.1 (0x00002b01f3454000)
	libgridbox.so.1 => /public/qmsoft/TeraChem/lib/libgridbox.so.1 (0x00002b01f4fbe000)
	libdftbox.so.1 => /public/qmsoft/TeraChem/lib/libdftbox.so.1 (0x00002b01f54af000)
	libcublas.so.8.0 => /public/qmsoft/TeraChem/lib/libcublas.so.8.0 (0x00002b01f57c0000)
	libcufft.so.8.0 => /public/qmsoft/TeraChem/lib/libcufft.so.8.0 (0x00002b01f8170000)
	libcuda.so.1 => /public/qmsoft/TeraChem/lib/libcuda.so.1 (0x00002b0200fbe000)
	libcudart.so.8.0 => /public/qmsoft/TeraChem/lib/libcudart.so.8.0 (0x00002b0201f3e000)
	libcrypto.so.10 => /lib64/libcrypto.so.10 (0x00002b02021a4000)
	libssl.so.10 => /lib64/libssl.so.10 (0x00002b020258b000)
	libm.so.6 => /lib64/libm.so.6 (0x00002b02027f8000)
	libcilkrts.so.5 => /public/qmsoft/TeraChem/lib/libcilkrts.so.5 (0x00002b0202afa000)
	libstdc++.so.6 => /lib64/libstdc++.so.6 (0x00002b0202d3b000)
	libgcc_s.so.1 => /lib64/libgcc_s.so.1 (0x00002b0203043000)
	libpthread.so.0 => /lib64/libpthread.so.0 (0x00002b0203259000)
	libdl.so.2 => /lib64/libdl.so.2 (0x00002b0203477000)
	libc.so.6 => /lib64/libc.so.6 (0x00002b020367b000)
	/lib64/ld-linux-x86-64.so.2 (0x00002b01d33bb000)
	libidn.so.11 => /lib64/libidn.so.11 (0x00002b0203a28000)
	libssh2.so.1 => /lib64/libssh2.so.1 (0x00002b0203c5b000)
	libssl3.so => /lib64/libssl3.so (0x00002b0203e85000)
	libsmime3.so => /lib64/libsmime3.so (0x00002b02040c7000)
	libnss3.so => /lib64/libnss3.so (0x00002b02042ee000)
	libnssutil3.so => /lib64/libnssutil3.so (0x00002b0204614000)
	libplds4.so => /lib64/libplds4.so (0x00002b0204840000)
	libplc4.so => /lib64/libplc4.so (0x00002b0204a44000)
	libnspr4.so => /lib64/libnspr4.so (0x00002b0204c49000)
	libgssapi_krb5.so.2 => /lib64/libgssapi_krb5.so.2 (0x00002b0204e87000)
	libkrb5.so.3 => /lib64/libkrb5.so.3 (0x00002b02050d3000)
	libk5crypto.so.3 => /lib64/libk5crypto.so.3 (0x00002b02053b8000)
	libcom_err.so.2 => /lib64/libcom_err.so.2 (0x00002b02055ea000)
	liblber-2.4.so.2 => /lib64/liblber-2.4.so.2 (0x00002b02057ee000)
	libldap-2.4.so.2 => /lib64/libldap-2.4.so.2 (0x00002b02059fd000)
	libz.so.1 => /lib64/libz.so.1 (0x00002b0205c50000)
	librt.so.1 => /lib64/librt.so.1 (0x00002b0205e66000)
	libnvidia-fatbinaryloader.so.396.26 => /lib64/libnvidia-fatbinaryloader.so.396.26 (0x00002b020606e000)
	libkrb5support.so.0 => /lib64/libkrb5support.so.0 (0x00002b02062ba000)
	libkeyutils.so.1 => /lib64/libkeyutils.so.1 (0x00002b02064c9000)
	libresolv.so.2 => /lib64/libresolv.so.2 (0x00002b02066cd000)
	libsasl2.so.3 => /lib64/libsasl2.so.3 (0x00002b02068e4000)
	libselinux.so.1 => /lib64/libselinux.so.1 (0x00002b0206b01000)
	libcrypt.so.1 => /lib64/libcrypt.so.1 (0x00002b0206d26000)
	libpcre.so.1 => /lib64/libpcre.so.1 (0x00002b0206f5d000)
	liblzma.so.5 => /lib64/liblzma.so.5 (0x00002b02071be000)
#################################################################################################

       ********************** License Check **********************
       * Use license from: /public/qmsoft/TeraChem/license.dat
       * Available Host id: 0CC47AE5BB3E
       * Available Host id: 0CC47AE5BB3F
       * Available Host id: 5254009482E9
       * Available Host id: 5254009482E9
       * License Host id: 0CC47AE5BB3E
       * License expires: 2019-10-21
       ********************** License OK *************************
  _________________________________
 |         DFTD3 V3.0 Rev 2        |
 | S.Grimme, University Bonn       |
 |           Aug  2013             |
  _________________________________
 
 Please cite DFT-D3 work done with this code as:
 S. Grimme, J. Antony, S. Ehrlich and H. Krieg,
 J. Chem. Phys. 132 (2010), 154104
 If used with BJ-damping cite also
 S. Grimme, S. Ehrlich and L. Goerigk,
 J. Comput. Chem. 32 (2011), 1456-1465
 For DFT-D2 the reference is
 S. Grimme, J. Comput. Chem., 27 (2006), 1787-1799
 
Scratch directory: /tmp/lum/5ly6/refine12_weight_0.1_stpmax_8/ase/63/scr
Random number seed: 574701127

XYZ coordinates /home/lum/5ly6/refine12_weight_0.1_stpmax_8/ase/63/63_capping.xyz
Molden File Output: /tmp/lum/5ly6/refine12_weight_0.1_stpmax_8/ase/63/scr/63_capping.molden
Using basis set: 6-31g
Spin multiplicity: 1
DIIS will use up to 10 vectors.
WF convergence threshold: 3.00e-05
Using DIIS algorithm to converge WF
Maximum number of SCF iterations: 300
Incremental fock with rebuild every 8 iterations
Will switch to conventional Fock if diffuse functions are detected
X-matrix tolerance: 1.00e-04
PRECISION: DYNAMIC
DFT Functional requested: hf
Method: Hartree-Fock  with dispersion correction
Wavefunction: RESTRICTED
Initial guess generated by maximum overlap

********************************************
**** SINGLE POINT GRADIENT CALCULATIONS ****
********************************************
SCF:   Initial guess is taken from previous step
COSMO model for polarizable continuum model enabled

using 4 out of 4 CUDA devices
   Device 0:  GeForce GTX 1080 Ti, 11178MB, CC 6.1 -- CPU THREAD 0
   Device 1:  GeForce GTX 1080 Ti, 11178MB, CC 6.1 -- CPU THREAD 1
   Device 2:  GeForce GTX 1080 Ti, 11178MB, CC 6.1 -- CPU THREAD 2
   Device 3:  GeForce GTX 1080 Ti, 11178MB, CC 6.1 -- CPU THREAD 3
-------------------------------------------------------------------
Compiled with MAGMA support.  MAGMA parameters:
    Matrices larger than 5000 square will be treated with MAGMA
       (Change by setting the MagmaMinN environment variable)
    Magma will use 1 out of 4 GPUs
       (Change by setting the MagmaNGPUs environment variable)
-------------------------------------------------------------------
 CPU Memory Available: 8018.12 MegaWords 
 GPU Memory Available: 1141.31 MegaWords 
 Maximum recommended basis set size: 12200 basis functions
 (limited by GPU memory)
-------------------------------------------------------------------
Not using d-functions. Configuring GPUs accordingly.
0: CUBLAS initialized, available GPU memory: 8166MB
1: CUBLAS initialized, available GPU memory: 8166MB
2: CUBLAS initialized, available GPU memory: 8160MB
3: CUBLAS initialized, available GPU memory: 8160MB


Basis set:       6-31g
Total atoms:     108
Total charge:    0
Total electrons: 418 (209-alpha, 209-beta)
Number electrons modeled by ECPs: 0
Total orbitals:  608
Total AO shells: 384 (272 S-shells; 112 P-shells; 0 D-shells; 0 F-shells; 0 G-shells)
Spin multiplicity: 1
Nuclear repulsion energy (QM atoms): 8144.485746089359 a.u.

DFTD Energy:    -0.8662083 hartree
=COSMO= Number of H atoms in QM atoms:52
=COSMO= Number of Heavy atoms in QM atoms:56
reached first line of InitCosmoSwigNoMatrix
q is allocated
B is allocated
Bz is allocated
z is allocated
c is allocated
=COSMO= No Matrix Cosmo Initialization finished.
=COSMO= ++++++++++++++++++++++++++++++ COSMO parameters ++++++++++++++++++++++++++++++
=COSMO= I. Cavity Information:
=COSMO= SAS(Solvent accesible surface) initialization finished
=COSMO= Time for initializing Molecular Surface:0.03615200 (sec)
=COSMO= Time for initializing cosmo calculation:0.01045000 (sec)
=COSMO= Cavity effective radius(Angstrom) (r_solv+r_vdw-dsc) was written into /tmp/lum/5ly6/refine12_weight_0.1_stpmax_8/ase/63/scr/ratom.txt
=COSMO= Solvent Dielectric Constant:78.390000
=COSMO= Cosmo Solvent radius:0.000000
=COSMO= Cosmo charge scaling method:0
=COSMO= Cavity built with Lebedev Grid
=COSMO= Grid points/QM Hydrogen: 110
=COSMO= Grid points/QM Heavy atom: 110
=COSMO= Herbert Switching-Gaussian method turned on
=COSMO= After removing points inside of SAS:
=COSMO= Total number of segments on molecular surface:5913
=COSMO= Number of segments belonging to QM atoms:5913
=COSMO= Total surface area of cavity: 892.7148(Angstrom^2)
=COSMO= Total volume of cavity: 516.7040 (Angstrom^3)
=COSMO= II. COSMO integral options:
=COSMO= Building COMSO c vector with original algorithm
=COSMO= COSMO one-electron integral threshold: 1e-12 
=COSMO= III. Linear solver options:
=COSMO= Initialize COSMO for A matrix in no matrix storage form
=COSMO= CG precondtioner:Jacobi
=COSMO= Tight CG convergence threshold:1e-06
=COSMO= CG dynamic threshold: on
=COSMO= Adjust CG convergence threshold dynamically
=COSMO= IV. PCM field read/write options:
=COSMO= PCM field is not written to files
=COSMO= No PCM field file is read in
=COSMO= ++++++++++++++++++++++++++++++++++++++++++++++++++++++++++++++++++++++++++++++++

                      *** Start SCF Iterations ***

 Iter     DIIS Error       Energy change         Energy              E_PCM      Time(s)
---------------------------------------------------------------------------------------
         >>> Purifying P... IDMP = 1.89e-14 <<<
THRESPDP set to 1.00e+00
   1     0.3376826611   -2670.8054608320   -2670.8054608320     -0.4455052950    0.83  
   2     0.2696775657     -13.3348273647   -2684.1402881967     -0.2737918101    0.72  
   3     0.0789993807      -1.8643038268   -2686.0045920235     -0.3618343010    0.77  
   4     0.0278570885      -0.2514216351   -2686.2560136585     -0.3156827693    0.95  
   5     0.0115838693      -0.0366321212   -2686.2926457797     -0.3370213005    1.39  
   6     0.0058327546      -0.0041289800   -2686.2967747597     -0.3387607737    1.34  
   7     0.0038263014      -0.0009979555   -2686.2977727151     -0.3406714048    1.27  
THRESPDP set to 4.67e-04
   8     0.0014046956      -0.0001099906   -2686.2978827058     -0.3413261794    1.32  
   9     0.0007564877      -0.0000433481   -2686.2979260538     -0.3415595619    1.18  
  10     0.0002793414      -0.0000127704   -2686.2979388243     -0.3416681603    0.91  
  11     0.0001584870      -0.0000018013   -2686.2979406255     -0.3416938436    0.72  
  12     0.0000667110      -0.0000008387   -2686.2979414642     -0.3417094034    0.52  
  13     0.0000421434      +0.0000000235   -2686.2979414407     -0.3417116623    0.62  
  14     0.0000220978      -0.0000001728   -2686.2979416135     -0.3417101285    0.82  
---------------------------------------------------------------------------------------
FINAL ENERGY: -2686.2979416135 a.u.
DISPERSION CONTRIBUTION TO ENERGY: -0.8662082682 a.u.
C-PCM contribution to final energy:-0.3417101285 a.u. ( already included in final energy )
Computing C-PCM contribution to gradient...
CENTER OF MASS: {47.868389, 56.258630, 53.814212} ANGS
DIPOLE MOMENT: {-26.844310, 1.140542, 57.833738} (|D| = 63.770362) DEBYE
Cannot open /tmp/lum/5ly6/refine12_weight_0.1_stpmax_8/ase/63/scr
Writing out molden info

Gradient units are Hartree/Bohr
---------------------------------------------------
        dE/dX            dE/dY            dE/dZ
   -0.0395732888     0.1141789428    -0.0399792523
   -0.0513674966     0.0154182992    -0.0469564150
    0.0223084779    -0.0406411532     0.0227348158
   -0.0079993901     0.0086239676    -0.0060068681
    0.0058426775     0.0780140072     0.0190263850
    0.0537277753    -0.0671387027    -0.0005041534
   -0.0278939176     0.1016292352     0.0299776874
    0.0360138427    -0.0848246771    -0.0747333717
   -0.0172557133     0.0086326769     0.0443421008
    0.0176163076    -0.0083058418    -0.0207772449
    0.0048334370     0.0008897472     0.0160873852
   -0.0075531284    -0.0160335880     0.0026997371
    0.0122694936    -0.0421835916    -0.0086024479
   -0.0246696111     0.0212023452     0.0076771307
   -0.0125609313     0.0056024574    -0.0053520195
    0.0067296987     0.0410162314    -0.0043571576
   -0.0073059619     0.0082007670     0.0396231620
   -0.0725378829    -0.0794447909    -0.0425183228
    0.0610864332    -0.0133654373    -0.0007247627
    0.0403740411     0.0919608592     0.0144094751
    0.0038428132     0.0201729384     0.0177820766
   -0.0768317113    -0.1118326362     0.0394485735
    0.0450002177     0.0039011510    -0.0566219459
    0.0233347195    -0.0687015004    -0.0538392660
   -0.0581699548    -0.1457822062     0.0181048582
    0.0181700000     0.1468201106     0.0314410906
    0.0011043316    -0.0094312555    -0.0020927007
    0.0153990088    -0.0021226393    -0.0166424074
    0.0108898796    -0.0407584420    -0.0075845879
   -0.0523333342    -0.0366819827    -0.0140104302
    0.0258190689     0.0471344674    -0.0102175661
   -0.0132206000     0.0366615374     0.0297357103
   -0.0096392906     0.0112699881     0.0177510580
    0.0328585313     0.0637115232    -0.0146836166
    0.0129818425    -0.0107018145    -0.0184708711
   -0.0892616131    -0.0920790345     0.0023870095
   -0.0625335095     0.0166447186    -0.0076629524
    0.0276240737     0.0583039511     0.0160920901
   -0.0360247750     0.0102295998     0.0032919001
   -0.0257272942     0.1022386891     0.1035074518
    0.0167046536    -0.0183209828    -0.0073979892
    0.0390453491    -0.0222339641     0.0019646453
    0.0213032552    -0.0540676481    -0.0813657408
   -0.0154049357    -0.0297308648    -0.0087578298
    0.0227351172    -0.0155901090    -0.0046128297
    0.0768693998    -0.0884687739    -0.0238306017
    0.0212611161    -0.0170476840    -0.0060342691
   -0.0870400264     0.0078222762     0.0146036678
    0.0705057951    -0.0046698158    -0.0022691867
   -0.0341916255     0.0421721490    -0.0492690810
   -0.0350048837    -0.0321433890     0.0220727085
    0.1006364045     0.0708626792    -0.0395073181
   -0.0676264947    -0.0087906002     0.0715386283
   -0.0979741235     0.0082371176     0.1134718121
    0.0884471456     0.0156398569    -0.0907862888
   -0.0765736620    -0.1046629689    -0.0220632078
    0.0225821944     0.1327084565     0.1080414481
   -0.0488879389     0.0181557547     0.0078511121
   -0.0120071087    -0.0003931960     0.0066597914
    0.0255602269     0.0007234257     0.0428882022
    0.0047799299    -0.0025778805    -0.0003420299
   -0.0094404238    -0.0174504231    -0.0084649862
    0.0320173776    -0.0037738591    -0.0409584817
    0.0317594520    -0.0051331523    -0.0379253533
   -0.0083347591     0.0148645925     0.0256922206
    0.0110117239    -0.0871729903    -0.0973264198
   -0.0289274737    -0.0036659824    -0.0099962872
   -0.0392332385     0.0375121709     0.0100004660
    0.0548238515     0.0199883374    -0.1007734896
   -0.0090902213     0.0055583288     0.0705505247
    0.0765755101    -0.0097584970    -0.0376034674
   -0.0357057620    -0.0470031780     0.0232974389
   -0.0063541298     0.0791313460    -0.0364311258
    0.1020749799    -0.0647384649     0.0424918251
   -0.0747828702     0.0261423004    -0.0353525751
    0.1073837304    -0.1120872741     0.0070326062
   -0.0274519841     0.0190068349    -0.0086795325
    0.0395798632    -0.0063021097     0.0027725111
    0.0196729878    -0.0103303126     0.0026639893
   -0.0197804359    -0.0174084578     0.0287508744
   -0.0266345416     0.0109331625     0.0082454231
    0.0092263870     0.0215671065    -0.0215336752
    0.0043871691     0.0009887866    -0.0085272296
   -0.0100901998    -0.0389226619     0.0373700504
    0.0025651861    -0.0043580410    -0.0046330314
   -0.0595530687     0.0800461287     0.0011744207
   -0.0474163369     0.0075347004    -0.0255252484
    0.0008006041     0.0415023423     0.0245898142
    0.0081387627    -0.0043322369     0.0026933791
    0.0072659973    -0.0053459613     0.0009841749
   -0.0808011116    -0.0597989119     0.1007665782
   -0.0077187455     0.0127483194    -0.0861030651
   -0.1588874080    -0.0004148574     0.0866728596
    0.1287359429    -0.0381798067    -0.0367954647
    0.0426387427     0.0128306632     0.1021635586
    0.0154580650     0.0253733730    -0.0562202784
    0.0041827071    -0.0157680705     0.0046415808
   -0.0441977161    -0.0228373811     0.0388140778
    0.0108528861     0.0005726749    -0.0340403307
   -0.0003735599     0.0044662542     0.0063151331
   -0.0094805834     0.0226348514    -0.0310090787
   -0.0014897407    -0.0179881348    -0.0138101842
    0.0220827120    -0.0012518046    -0.0152340600
    0.0046584197     0.0107160418     0.0005918358
    0.0356263310    -0.1140289012     0.0650195205
   -0.0024619637     0.0649852198     0.0271982054
    0.0804246023     0.1111135819    -0.0022681754
    0.0351752280     0.0377815976    -0.0479185113
---------------------------------------------------
Net gradient: -1.094046e-10  2.426083e-10 -3.008391e-09
Net torque:    1.375010e-03 -1.780184e-03  1.632158e-03

Total processing time: 15.90 sec 

 Job finished: Fri May 31 08:35:03 2019

