Startfile from command line: /home/lum/3j63/opt3_x10/ase/1/1_capping.sp


       ***********************************************************
       *                    TeraChem v1.93P                      *
       *                 Hg Version: 79b87f121f2d                *
       *                   Production Version                    *
       *                Compiled without textures                *
       *           Chemistry at the Speed of Graphics!           *
       ***********************************************************
       * This program may only be used in connection with        *
       * a valid license from PetaChem, LLC. Use of this program *
       * or results thereof indicates acceptance of all terms    *
       * and conditions stated in the license and that a valid   *
       * license agreement between the user and PetaChem, LLC    *
       * exists. PetaChem, LLC does not warrant the correctness  *
       * of results or their suitability for any purpose.        *
       * Please email bugs, suggestions, and comments to         *
       *                  help@petachem.com                      *
       *                                                         *
       ***********************************************************


       ***********************************************************
       *  Compiled by toddmtz      Wed Aug 16 03:32:31 PDT 2017  *
       *  Supported architectures: sm_20 sm_30 sm_50 sm_60       *
       *  Cuda compilation tools, release 8.0, V8.0.44           *
       ***********************************************************


 Job started   Mon Apr 29 01:11:38 2019
 On cu36 (available memory: 61562 MB)

######################################### RUNTIME INFO ##########################################
/public/qmsoft/TeraChem/bin/terachem /home/lum/3j63/opt3_x10/ase/1/1_capping.sp 

NVRM version: NVIDIA UNIX x86_64 Kernel Module  396.26  Mon Apr 30 18:01:39 PDT 2018
GCC version:  gcc version 4.8.5 20150623 (Red Hat 4.8.5-4) (GCC) 

	linux-vdso.so.1 (0x00007fff1c55b000)
	libcurl.so.4 => /lib64/libcurl.so.4 (0x00002ab6ec9f7000)
	libintbox.so.1 => /public/qmsoft/TeraChem/lib/libintbox.so.1 (0x00002ab6ecc5f000)
	libthcbox.so.1 => /public/qmsoft/TeraChem/lib/libthcbox.so.1 (0x00002ab70c86d000)
	libgridbox.so.1 => /public/qmsoft/TeraChem/lib/libgridbox.so.1 (0x00002ab70e3d7000)
	libdftbox.so.1 => /public/qmsoft/TeraChem/lib/libdftbox.so.1 (0x00002ab70e8c8000)
	libcublas.so.8.0 => /public/qmsoft/TeraChem/lib/libcublas.so.8.0 (0x00002ab70ebd9000)
	libcufft.so.8.0 => /public/qmsoft/TeraChem/lib/libcufft.so.8.0 (0x00002ab711589000)
	libcuda.so.1 => /public/qmsoft/TeraChem/lib/libcuda.so.1 (0x00002ab71a3d7000)
	libcudart.so.8.0 => /public/qmsoft/TeraChem/lib/libcudart.so.8.0 (0x00002ab71b357000)
	libcrypto.so.10 => /lib64/libcrypto.so.10 (0x00002ab71b5bd000)
	libssl.so.10 => /lib64/libssl.so.10 (0x00002ab71b9a4000)
	libm.so.6 => /lib64/libm.so.6 (0x00002ab71bc11000)
	libcilkrts.so.5 => /public/qmsoft/TeraChem/lib/libcilkrts.so.5 (0x00002ab71bf13000)
	libstdc++.so.6 => /lib64/libstdc++.so.6 (0x00002ab71c154000)
	libgcc_s.so.1 => /lib64/libgcc_s.so.1 (0x00002ab71c45c000)
	libpthread.so.0 => /lib64/libpthread.so.0 (0x00002ab71c672000)
	libdl.so.2 => /lib64/libdl.so.2 (0x00002ab71c890000)
	libc.so.6 => /lib64/libc.so.6 (0x00002ab71ca94000)
	/lib64/ld-linux-x86-64.so.2 (0x00002ab6ec7d4000)
	libidn.so.11 => /lib64/libidn.so.11 (0x00002ab71ce41000)
	libssh2.so.1 => /lib64/libssh2.so.1 (0x00002ab71d074000)
	libssl3.so => /lib64/libssl3.so (0x00002ab71d29e000)
	libsmime3.so => /lib64/libsmime3.so (0x00002ab71d4e0000)
	libnss3.so => /lib64/libnss3.so (0x00002ab71d707000)
	libnssutil3.so => /lib64/libnssutil3.so (0x00002ab71da2d000)
	libplds4.so => /lib64/libplds4.so (0x00002ab71dc59000)
	libplc4.so => /lib64/libplc4.so (0x00002ab71de5d000)
	libnspr4.so => /lib64/libnspr4.so (0x00002ab71e062000)
	libgssapi_krb5.so.2 => /lib64/libgssapi_krb5.so.2 (0x00002ab71e2a0000)
	libkrb5.so.3 => /lib64/libkrb5.so.3 (0x00002ab71e4ec000)
	libk5crypto.so.3 => /lib64/libk5crypto.so.3 (0x00002ab71e7d1000)
	libcom_err.so.2 => /lib64/libcom_err.so.2 (0x00002ab71ea03000)
	liblber-2.4.so.2 => /lib64/liblber-2.4.so.2 (0x00002ab71ec07000)
	libldap-2.4.so.2 => /lib64/libldap-2.4.so.2 (0x00002ab71ee16000)
	libz.so.1 => /lib64/libz.so.1 (0x00002ab71f069000)
	librt.so.1 => /lib64/librt.so.1 (0x00002ab71f27f000)
	libnvidia-fatbinaryloader.so.396.26 => /lib64/libnvidia-fatbinaryloader.so.396.26 (0x00002ab71f487000)
	libkrb5support.so.0 => /lib64/libkrb5support.so.0 (0x00002ab71f6d3000)
	libkeyutils.so.1 => /lib64/libkeyutils.so.1 (0x00002ab71f8e2000)
	libresolv.so.2 => /lib64/libresolv.so.2 (0x00002ab71fae6000)
	libsasl2.so.3 => /lib64/libsasl2.so.3 (0x00002ab71fcfd000)
	libselinux.so.1 => /lib64/libselinux.so.1 (0x00002ab71ff1a000)
	libcrypt.so.1 => /lib64/libcrypt.so.1 (0x00002ab72013f000)
	libpcre.so.1 => /lib64/libpcre.so.1 (0x00002ab720376000)
	liblzma.so.5 => /lib64/liblzma.so.5 (0x00002ab7205d7000)
#################################################################################################

       ********************** License Check **********************
       * Use license from: /public/qmsoft/TeraChem/license.dat
       * Available Host id: AC1F6B20F5BA
       * Available Host id: AC1F6B20F5BB
       * Available Host id: 5254002FE74B
       * Available Host id: 5254002FE74B
       * License Host id: AC1F6B20F5BA
       * License expires: 2019-10-21
       ********************** License OK *************************
Scratch directory: /tmp/lum/3j63/opt3_x10/ase/1/scr
Random number seed: 335469282

XYZ coordinates /home/lum/3j63/opt3_x10/ase/1/1_capping.xyz
Molden File Output: /tmp/lum/3j63/opt3_x10/ase/1/scr/1_capping.molden
Using basis set: 6-31g
Spin multiplicity: 1
DIIS will use up to 10 vectors.
WF convergence threshold: 3.00e-05
Using DIIS algorithm to converge WF
Maximum number of SCF iterations: 200
Incremental fock with rebuild every 8 iterations
Will switch to conventional Fock if diffuse functions are detected
X-matrix tolerance: 1.00e-04
PRECISION: DYNAMIC
DFT Functional requested: hf
Method: Hartree-Fock 
Wavefunction: RESTRICTED
Initial guess generated by maximum overlap

********************************************
**** SINGLE POINT GRADIENT CALCULATIONS ****
********************************************
SCF:   Initial guess is taken from previous step
COSMO model for polarizable continuum model enabled

using 4 out of 4 CUDA devices
   Device 0:  GeForce GTX 1080 Ti, 11178MB, CC 6.1 -- CPU THREAD 0
   Device 1:  GeForce GTX 1080 Ti, 11178MB, CC 6.1 -- CPU THREAD 1
   Device 2:  GeForce GTX 1080 Ti, 11178MB, CC 6.1 -- CPU THREAD 2
   Device 3:  GeForce GTX 1080 Ti, 11178MB, CC 6.1 -- CPU THREAD 3
-------------------------------------------------------------------
Compiled with MAGMA support.  MAGMA parameters:
    Matrices larger than 5000 square will be treated with MAGMA
       (Change by setting the MagmaMinN environment variable)
    Magma will use 1 out of 4 GPUs
       (Change by setting the MagmaNGPUs environment variable)
-------------------------------------------------------------------
 CPU Memory Available: 8018.12 MegaWords 
 GPU Memory Available: 1141.31 MegaWords 
 Maximum recommended basis set size: 12200 basis functions
 (limited by GPU memory)
-------------------------------------------------------------------
Not using d-functions. Configuring GPUs accordingly.
0: CUBLAS initialized, available GPU memory: 9669MB
1: CUBLAS initialized, available GPU memory: 9669MB
2: CUBLAS initialized, available GPU memory: 9669MB
3: CUBLAS initialized, available GPU memory: 9669MB


Basis set:       6-31g
Total atoms:     600
Total charge:    -1
Total electrons: 2132 (1066-alpha, 1066-beta)
Number electrons modeled by ECPs: 0
Total orbitals:  3136
Total AO shells: 2030 (1477 S-shells; 553 P-shells; 0 D-shells; 0 F-shells; 0 G-shells)
Spin multiplicity: 1
Nuclear repulsion energy (QM atoms): 120254.045448790246 a.u.

=COSMO= Number of H atoms in QM atoms:324
=COSMO= Number of Heavy atoms in QM atoms:276
reached first line of InitCosmoSwigNoMatrix
q is allocated
B is allocated
Bz is allocated
z is allocated
c is allocated
=COSMO= No Matrix Cosmo Initialization finished.
=COSMO= ++++++++++++++++++++++++++++++ COSMO parameters ++++++++++++++++++++++++++++++
=COSMO= I. Cavity Information:
=COSMO= SAS(Solvent accesible surface) initialization finished
=COSMO= Time for initializing Molecular Surface:1.03864795 (sec)
=COSMO= Time for initializing cosmo calculation:0.34177200 (sec)
=COSMO= Cavity effective radius(Angstrom) (r_solv+r_vdw-dsc) was written into /tmp/lum/3j63/opt3_x10/ase/1/scr/ratom.txt
=COSMO= Solvent Dielectric Constant:78.390000
=COSMO= Cosmo Solvent radius:0.000000
=COSMO= Cosmo charge scaling method:0
=COSMO= Cavity built with Lebedev Grid
=COSMO= Grid points/QM Hydrogen: 110
=COSMO= Grid points/QM Heavy atom: 110
=COSMO= Herbert Switching-Gaussian method turned on
=COSMO= After removing points inside of SAS:
=COSMO= Total number of segments on molecular surface:32545
=COSMO= Number of segments belonging to QM atoms:32545
=COSMO= Total surface area of cavity: 4307.3290(Angstrom^2)
=COSMO= Total volume of cavity: 2448.8458 (Angstrom^3)
=COSMO= II. COSMO integral options:
=COSMO= Building COMSO c vector with original algorithm
=COSMO= COSMO one-electron integral threshold: 1e-12 
=COSMO= III. Linear solver options:
=COSMO= Initialize COSMO for A matrix in no matrix storage form
=COSMO= CG precondtioner:Jacobi
=COSMO= Tight CG convergence threshold:1e-06
=COSMO= CG dynamic threshold: on
=COSMO= Adjust CG convergence threshold dynamically
=COSMO= IV. PCM field read/write options:
=COSMO= PCM field is not written to files
=COSMO= No PCM field file is read in
=COSMO= ++++++++++++++++++++++++++++++++++++++++++++++++++++++++++++++++++++++++++++++++

                      *** Start SCF Iterations ***

 Iter     DIIS Error       Energy change         Energy              E_PCM      Time(s)
---------------------------------------------------------------------------------------
         >>> Purifying P... IDMP = 4.43e-14 <<<
THRESPDP set to 1.00e+00
   1     0.3003519749  -13444.0944530761  -13444.0944530761     -1.5420579004   14.79  
   2     0.1997488732     -66.3040284405  -13510.3984815166     -1.1190481125   15.53  
   3     0.0544397749      -8.9655388932  -13519.3640204098     -1.2648106797   15.07  
   4     0.0207490999      -1.0227939628  -13520.3868143726     -1.1868324109   14.64  
THRESPDP set to 4.29e-05
   5     0.0086974039      -0.1596953910  -13520.5465097636     -1.2365785836   16.35  
   6     0.0057055835      -0.0161529444  -13520.5626627079     -1.2473320548   13.65  
   7     0.0035195336      -0.0030283697  -13520.5656910776     -1.2527766996   13.10  
   8     0.0019545199      -0.0006259015  -13520.5663169792     -1.2554500116   12.40  
   9     0.0011934387      -0.0001011619  -13520.5664181411     -1.2560555145   11.76  
  10     0.0006020742      -0.0000258231  -13520.5664439642     -1.2563032053   11.64  
  11     0.0003365072      +0.0000018011  -13520.5664421631     -1.2563279147   11.10  
  12     0.0001540582      -0.0000020174  -13520.5664441806     -1.2563303639   10.93  
  13     0.0000632563      +0.0000036974  -13520.5664404831     -1.2563222196   14.87  
  14     0.0000230050      -0.0000414249  -13520.5664819080     -1.2563161240    7.84  
---------------------------------------------------------------------------------------
FINAL ENERGY: -13520.5664819080 a.u.
C-PCM contribution to final energy:-1.2563161240 a.u. ( already included in final energy )
Computing C-PCM contribution to gradient...
CENTER OF MASS: {25.602446, 16.774149, 24.322501} ANGS
DIPOLE MOMENT: {55.928701, 177.488523, 16.661764} (|D| = 186.836319) DEBYE
Cannot open /tmp/lum/3j63/opt3_x10/ase/1/scr
Writing out molden info

Gradient units are Hartree/Bohr
---------------------------------------------------
        dE/dX            dE/dY            dE/dZ
   -0.0405148916     0.0991467400    -0.0343922409
   -0.0007982043     0.0191285056    -0.0113460272
   -0.0655120005    -0.0745072617     0.0076705057
    0.0221007758     0.0058777413    -0.0140999922
   -0.0086503554    -0.0011817659     0.0025950107
   -0.0019329819    -0.0006038256     0.0018266221
   -0.0013112666    -0.0009304141     0.0010924147
    0.0012725064     0.0015284268    -0.0005173563
   -0.0003006815     0.0002896080    -0.0016571839
    0.0006465204     0.0000346537     0.0016164355
    0.0012586731     0.0002547320     0.0021104160
   -0.0089318795     0.0125211173    -0.0021617448
   -0.0002062574    -0.0019273265    -0.0005024964
   -0.0024487319     0.0003425841    -0.0033343185
    0.0009417985    -0.0004497865    -0.0002119499
    0.0017264453     0.0026276323     0.0015693922
    0.0001285371     0.0005979747    -0.0009443286
    0.0025157392     0.0009332836    -0.0022775063
    0.0016182480     0.0001584874    -0.0009068037
    0.0007296666    -0.0003129482     0.0002668931
   -0.0000028563     0.0001891281    -0.0006187126
   -0.0002165293     0.0004036450    -0.0010412904
    0.0000808454     0.0008317475    -0.0005062376
   -0.0002451265     0.0004375616    -0.0013948574
   -0.0746314306     0.0173648879    -0.0700283337
   -0.0027928136     0.0053310264    -0.0185058001
    0.0079193940    -0.0047451734    -0.0045303069
   -0.0040388920     0.0012452109     0.0026036936
   -0.0052874243    -0.0017167616     0.0051436553
   -0.0013653137    -0.0014547333     0.0008548161
   -0.0008406495    -0.0022281793    -0.0039498984
    0.0001589551    -0.0005662706     0.0004318909
   -0.0169305531     0.0008464098    -0.0120381335
    0.0006998671    -0.0005112533     0.0010250219
    0.0001596916     0.0000460178    -0.0004821084
    0.0008411113     0.0010447129    -0.0008300608
    0.0005486096    -0.0001278520    -0.0005230213
   -0.0009556245    -0.0003144325     0.0000635898
   -0.0000755667     0.0005879582    -0.0003538917
    0.0001913097    -0.0006219858     0.0008539718
   -0.0001226205    -0.0004909770     0.0003669136
   -0.0003482525    -0.0000963806     0.0002386346
    0.0007998971     0.0009111428     0.0020797931
   -0.0020933466     0.0049687408     0.0006556629
   -0.0004955251     0.0001502944     0.0070987377
   -0.0967424601    -0.0198401247    -0.0174542921
    0.0289011459     0.0003202362    -0.0210013154
   -0.0009219728    -0.0008113276     0.0004236401
    0.0011798886     0.0002895804    -0.0003669617
    0.0007073933     0.0002544097     0.0006318495
   -0.0004820232     0.0004508927     0.0000680477
    0.0032988537     0.0000295606     0.0027822853
   -0.0013914452     0.0000722606    -0.0017357827
    0.0007814523    -0.0000155905    -0.0003282903
    0.0024412328     0.0011579961     0.0002721454
    0.0000451013     0.0002031154    -0.0001541892
    0.0000942650     0.0000798358     0.0002066930
    0.0000537448    -0.0001465943     0.0001680635
   -0.0000802977    -0.0003409364    -0.0003964726
    0.0005297441    -0.0002771879    -0.0002195501
   -0.0001949789    -0.0002430064    -0.0005210581
    0.0004128847     0.0000162284     0.0001893080
   -0.0785064900    -0.0498770107    -0.0378511836
   -0.0053477543    -0.0056822675    -0.0182860888
    0.0073109263     0.0010008537    -0.0034172868
   -0.0031361811    -0.0027640098     0.0053655268
   -0.0033593297    -0.0089364568     0.0095632842
   -0.0157973920    -0.0119190292    -0.0006612156
    0.0005049451    -0.0003153160     0.0021823006
    0.0005990025    -0.0034689431     0.0008849956
    0.0036494583    -0.0011694579    -0.0003310688
    0.0006548582     0.0010708727     0.0000348872
    0.0009021017     0.0002309420    -0.0001740603
   -0.0004699913     0.0003612346    -0.0005672068
    0.0004853370     0.0006152343     0.0002199405
    0.0000352964    -0.0000400382    -0.0000613761
   -0.0001229486     0.0001340383     0.0003104991
   -0.0002752724     0.0004243701    -0.0000199462
   -0.0000859882    -0.0006229422    -0.0006328102
   -0.0001193036     0.0002127485    -0.0012524167
    0.0000968053     0.0001012490     0.0003662879
    0.0001528135    -0.0000426653    -0.0000324809
    0.0004610505     0.0003756227    -0.0002310194
    0.0007646120     0.0003373517    -0.0004827863
    0.0004030754     0.0002113431    -0.0000895388
    0.0000224623     0.0011259242     0.0004202518
    0.0000224172     0.0006372044     0.0000414261
    0.0001577598     0.0003107010     0.0001339737
    0.0002509071     0.0000911863     0.0003173887
    0.0005645734     0.0001030341     0.0003091767
    0.0000723620    -0.0002992417     0.0002163824
    0.0033921833    -0.0002557007     0.0022553012
   -0.0000241280     0.0048384390     0.0067937719
   -0.0573643993     0.0698269448    -0.0293308261
    0.0144726478    -0.0212927807    -0.0117326750
   -0.0015593270    -0.0010206157    -0.0015345167
    0.0014675555     0.0007945672    -0.0004952682
   -0.0013254792     0.0021272142     0.0017831738
    0.0008288946    -0.0014798719    -0.0007013673
    0.0000870441     0.0000338471    -0.0008830726
   -0.0049009987    -0.0012083000     0.0005571478
   -0.0014280650     0.0005615874    -0.0023185291
    0.0015077846     0.0003857923     0.0000303170
    0.0000533037     0.0003411785     0.0001939742
    0.0003075810    -0.0002508852    -0.0002292223
   -0.0007150299    -0.0001339147     0.0000289545
   -0.0851800045     0.0468500726    -0.0334762110
   -0.0149728943     0.0098802365    -0.0164152132
    0.0692740777     0.0368909798    -0.0567015331
   -0.0025043564    -0.0180365962     0.0119414751
   -0.0107186163    -0.0035434715     0.0052516733
    0.0011060190     0.0006906345     0.0023268640
    0.0000794186    -0.0007899979    -0.0008436411
   -0.0017701673     0.0024815970    -0.0014321177
   -0.0153113155     0.0040662070    -0.0077479765
   -0.0004185172     0.0004336597     0.0027160959
   -0.0026043863    -0.0035104153     0.0003642098
    0.0011575573    -0.0018720474     0.0012331318
   -0.0006505875    -0.0010623540     0.0006233949
   -0.0005986455     0.0001517729     0.0010694008
   -0.0000687351     0.0006894389     0.0003732384
   -0.0018573273    -0.0014446319     0.0012870063
    0.0000999425    -0.0006175735    -0.0000685628
   -0.0012218879    -0.0037301830     0.0029449835
   -0.0009983769    -0.0010529875     0.0010583978
   -0.0897673414     0.0480467383    -0.0361333290
   -0.0094915537     0.0085319104    -0.0021880670
    0.0799858505    -0.0105167855    -0.0544920841
   -0.0080358311     0.0168851575     0.0211406100
    0.0015687144    -0.0027312891    -0.0078610904
   -0.0020194636     0.0027925413     0.0004360928
    0.0007800151     0.0003547692    -0.0009189788
   -0.0002446018     0.0005899654     0.0003811695
   -0.0126550508     0.0068653121    -0.0096212151
    0.0024192268     0.0013668978    -0.0034076188
   -0.0007268299    -0.0012235749     0.0004523254
   -0.0020950619     0.0004153837     0.0009224444
   -0.0000083023     0.0001222867    -0.0008629610
   -0.0002480764    -0.0002360686     0.0001014040
   -0.0003733917     0.0003002964     0.0002513836
   -0.0006698199     0.0007572036    -0.0003037314
   -0.0000312836     0.0000327637    -0.0002925808
   -0.0001994597    -0.0004656280     0.0001120746
    0.0000350280    -0.0001852074     0.0002503431
   -0.0135036356     0.0585369691    -0.0856818406
   -0.0030527916     0.0152922480    -0.0042967309
    0.0021004460     0.0037283716     0.0055531788
   -0.0022977602    -0.0011538888    -0.0005676250
    0.0066414199    -0.0050798586    -0.0070378382
   -0.0002828071     0.0036065146    -0.0006716003
   -0.0000141766     0.0002524436     0.0000651447
    0.0007816251    -0.0006714716     0.0009393600
   -0.0003884979    -0.0012396877     0.0002058364
   -0.0005301898    -0.0003204804    -0.0011030374
    0.0015434497    -0.0008775052    -0.0008588537
    0.0017402483     0.0046069105    -0.0186443288
    0.0002839044     0.0001421729     0.0001383933
   -0.0004984890    -0.0012128356     0.0011849698
   -0.0006763633     0.0002490693    -0.0002059101
   -0.0001833744    -0.0005294761    -0.0003076284
   -0.0007312211     0.0000487690    -0.0004888417
    0.0018769532     0.0001290687     0.0011269478
   -0.0000339137    -0.0002257926     0.0005156139
   -0.0006548871     0.0001964621     0.0003843709
   -0.0026858091    -0.0038488012    -0.0028126264
   -0.0012994130    -0.0053393813    -0.0003161113
    0.0350458876     0.0036694843    -0.0920964475
   -0.0043436583     0.0192730488     0.0242928581
    0.0013891927    -0.0006365229    -0.0016024505
    0.0002880878     0.0008953032     0.0006469051
   -0.0005533935    -0.0004500234    -0.0012057843
   -0.0002138196     0.0001984912     0.0016014721
   -0.0003143131     0.0006743773    -0.0002817146
    0.0004645734    -0.0011078336     0.0035818502
    0.0003031213     0.0015479655    -0.0017208093
   -0.0019926876     0.0002318922     0.0019045478
   -0.0006429641     0.0006794250     0.0003024405
   -0.0000932165    -0.0000803141    -0.0004426093
   -0.0000664164     0.0003723203    -0.0002478113
    0.0006220420     0.0001427340     0.0004360427
    0.0006392443    -0.0001274706     0.0001714213
    0.0000883239    -0.0001690978    -0.0002453782
    0.0010314363    -0.0003786632    -0.0012756615
   -0.0005530397     0.0000050408     0.0001848728
    0.0002562819     0.0001789261    -0.0002720554
   -0.0002717666    -0.0003863158    -0.0001766211
   -0.0692089666     0.0174811812    -0.0879567944
   -0.0116612063     0.0063870887    -0.0061784505
    0.0955119288     0.0136247687     0.0010176815
   -0.0185443935     0.0111821750     0.0098296033
    0.0052562493    -0.0027116800    -0.0061089811
   -0.0015181577     0.0012504652    -0.0003078585
    0.0007025889     0.0015126643     0.0001292168
   -0.0002548774     0.0004567070    -0.0000868231
   -0.0052218911     0.0018041113    -0.0151824075
    0.0024273821     0.0016619141    -0.0013917485
   -0.0004077563    -0.0016677690     0.0000676053
   -0.0012987154    -0.0002208893     0.0000419237
    0.0004922442     0.0004568381    -0.0010516078
   -0.0001372257    -0.0002256185    -0.0002948117
   -0.0004040110    -0.0002295105     0.0001957248
    0.0000518850    -0.0004522176    -0.0002250187
    0.0002451104     0.0000075887    -0.0000486361
   -0.0001338665    -0.0006803364     0.0004690199
   -0.0000223787    -0.0004439964     0.0001055719
   -0.0163716429     0.0820834385     0.0797692355
   -0.0013543701     0.0115854994    -0.0030538987
    0.0004619083    -0.0057412475    -0.0032060236
   -0.0003952523     0.0004383852     0.0033027279
   -0.0073536747     0.0126678712     0.0093498911
   -0.0009615204    -0.0015122648     0.0018427421
   -0.0081361531    -0.0007548572     0.0026747128
    0.0012838027    -0.0001724753    -0.0003834933
   -0.0014294323    -0.0003996331    -0.0012494340
   -0.0001375491    -0.0007339559    -0.0003016772
   -0.0000441220    -0.0001719893     0.0002177573
   -0.0010593936     0.0009271323     0.0006308046
    0.0013071100    -0.0007836676    -0.0000022587
   -0.0018301733     0.0009621380     0.0002680683
    0.0008390927    -0.0003827705     0.0004902106
    0.0002749789     0.0005602220    -0.0000704908
   -0.0003497195    -0.0008139909    -0.0000281649
   -0.0006992483    -0.0005583887    -0.0002814200
   -0.0003577208    -0.0000177387    -0.0000204465
    0.0005889021     0.0003894512     0.0006387668
    0.0000542922    -0.0000599434     0.0000624438
    0.0004557343    -0.0008234538    -0.0004530682
    0.0010029122     0.0005685816     0.0004090236
    0.0007317486    -0.0005556340    -0.0001489866
   -0.0000445745    -0.0001640152    -0.0001608965
    0.0006785145    -0.0008721457     0.0002240638
   -0.0006352700     0.0001531310    -0.0001865742
    0.0002485024     0.0002745613     0.0002382814
   -0.0000803361     0.0000796240     0.0000702781
    0.0001160284    -0.0001820226    -0.0001300018
    0.0000528901    -0.0001369011    -0.0001028375
    0.0003319565     0.0002788264     0.0011284904
   -0.0001359723     0.0002962005    -0.0005981973
   -0.0004595412     0.0003441201    -0.0019318878
   -0.0005317949     0.0000815719     0.0011575111
   -0.0010922151     0.0005277586    -0.0008124542
    0.0004089300    -0.0003286750    -0.0015617851
    0.0005237410    -0.0006663374     0.0004347045
   -0.0016591762     0.0001367314     0.0010295588
   -0.0003286833    -0.0001377629    -0.0005235113
   -0.0002083749    -0.0000033615     0.0001272753
   -0.0001269279     0.0000012970     0.0004337463
   -0.0003814116    -0.0000081111     0.0007929954
   -0.0001327913    -0.0000807651    -0.0001337719
   -0.0001560569     0.0003104082     0.0002991973
   -0.0002990816    -0.0000116331    -0.0001894724
   -0.0001506960     0.0000301014     0.0000574201
    0.0011546308    -0.0002899774    -0.0003020309
    0.0001890789    -0.0002144951    -0.0003468186
   -0.0001034160    -0.0001354465     0.0002089135
    0.0027675479     0.0003907938    -0.0008772251
   -0.0025683886     0.0020609922     0.0075378439
    0.0722787556     0.0407155457    -0.0440937064
   -0.0105191486    -0.0199592109    -0.0059507202
   -0.0015923857    -0.0007164316    -0.0001119704
   -0.0002144787     0.0011742447     0.0014232894
   -0.0000849403    -0.0005417003    -0.0002090466
   -0.0013683688     0.0004970864     0.0012767267
   -0.0001716499    -0.0002637129    -0.0004253388
   -0.0002345869    -0.0002631036    -0.0000344301
   -0.0002105751    -0.0008896195    -0.0002750105
   -0.0002110210    -0.0001640968    -0.0000857943
    0.0002509586     0.0004148031     0.0000005457
   -0.0000031338    -0.0000464933     0.0000150161
    0.0855664598    -0.0281208070     0.0511494956
    0.0140823671    -0.0138920032     0.0035016318
   -0.0048612862    -0.0025409601    -0.0089964778
    0.0011968591     0.0012563513     0.0034245882
    0.0043354706     0.0080144259     0.0008311136
    0.0189554179    -0.0022429732     0.0052785106
   -0.0017410926     0.0000173521     0.0005055975
    0.0034068180     0.0010660892    -0.0025024871
   -0.0002579812    -0.0006357979    -0.0000240740
   -0.0005778574    -0.0007243060     0.0007859086
   -0.0010585312    -0.0021724496     0.0045280425
    0.0020711459     0.0030326971     0.0052931566
    0.0890403153     0.0429732495    -0.0070309148
   -0.0200770443    -0.0296184409    -0.0138865036
    0.0000360781     0.0013670944    -0.0006325694
   -0.0000761666    -0.0003249915    -0.0005550214
    0.0007385541    -0.0005192863     0.0014606180
   -0.0006095664    -0.0000563813     0.0003657876
   -0.0011839257    -0.0005987013    -0.0004595599
    0.0017566142    -0.0010961936    -0.0008200354
   -0.0019445633    -0.0019808432     0.0001419920
    0.0000669503    -0.0005778400     0.0007086955
    0.0001290994     0.0001559832     0.0005052412
    0.0001553354     0.0002524422     0.0004309076
    0.0000563511    -0.0001979884    -0.0000334459
   -0.0004230091    -0.0000353980    -0.0002354826
    0.0000008721     0.0000747489     0.0003417558
   -0.0001088069     0.0001624887     0.0005795937
   -0.0001543924     0.0000705666     0.0002922349
    0.0816724177     0.0307202353    -0.0540333132
    0.0082640031    -0.0049207307    -0.0168246508
   -0.0079927901    -0.0050081137     0.0000735595
    0.0019950502     0.0041769434     0.0002065977
    0.0016556064     0.0124154941    -0.0006999467
   -0.0011452255    -0.0014066805     0.0009856568
    0.0123584204     0.0102090646    -0.0109753274
   -0.0002879770     0.0000414304     0.0009964769
    0.0001975452    -0.0006327055     0.0006019771
   -0.0029192249     0.0013009966    -0.0029414223
   -0.0008111634     0.0000242523     0.0001139403
    0.0023765932    -0.0013635587    -0.0016084390
   -0.0014320373    -0.0009782904     0.0006113143
   -0.0005462206     0.0002535367     0.0001036283
   -0.0002558489     0.0003669137     0.0000570019
   -0.0004371365     0.0005668894     0.0005354237
    0.0009373317     0.0010081069     0.0006284457
    0.0004003030     0.0003913124     0.0003101104
   -0.0000874656    -0.0009266016     0.0007052910
   -0.0013400578     0.0005904439     0.0014099465
   -0.0000499835     0.0005946065    -0.0002186907
    0.0000939512     0.0003106716     0.0000477968
    0.0000350100    -0.0000296004     0.0001273877
   -0.0009336376    -0.0007893713     0.0003517723
    0.0003947971    -0.0000886750    -0.0001384598
   -0.0005367374     0.0006572323    -0.0003664308
    0.0000224093     0.0006089690     0.0003447802
   -0.0003475734     0.0004886189     0.0000479382
   -0.0000903346    -0.0005155248     0.0005238413
   -0.0004964307     0.0003913896    -0.0016346507
   -0.0011099747     0.0001177364     0.0000168352
    0.0001133592    -0.0002239910    -0.0009000173
   -0.0001812824     0.0000298913     0.0012072357
   -0.0015692002    -0.0003088356     0.0009799021
   -0.0000017497     0.0003843044    -0.0019134265
    0.0002066083     0.0001282302     0.0000251149
   -0.0001105799     0.0003077530     0.0000097582
   -0.0002899093     0.0000440266     0.0007028858
    0.0000016654     0.0003086648    -0.0004320368
   -0.0004838584     0.0001912176     0.0001307844
    0.0009427876     0.0010769175     0.0015030683
    0.0000573636     0.0019319313     0.0002767515
    0.0006328733    -0.0007333973    -0.0001550951
   -0.0004807503     0.0008907252     0.0000549412
   -0.0005464152    -0.0015566009    -0.0008607756
   -0.0000266182    -0.0000873363    -0.0005821546
   -0.0000582142    -0.0002624163    -0.0001639957
    0.0000721189     0.0002506619    -0.0000647760
   -0.0000348419     0.0001860891     0.0001037405
   -0.0001615937     0.0012842505    -0.0001931676
   -0.0002515185     0.0002918839     0.0003721055
   -0.0005959590     0.0008164460    -0.0008759739
    0.0000068180     0.0003661176     0.0007853261
    0.0002601520     0.0002099583    -0.0002172324
   -0.0004357205     0.0002346699    -0.0006013097
    0.0005275961     0.0002610897     0.0007860612
   -0.0006959734    -0.0004004191     0.0001031245
   -0.0003109276     0.0004080007     0.0001420608
   -0.0000258599     0.0004563097    -0.0001466997
    0.0004203288     0.0003390403     0.0001511585
    0.0001498296     0.0003613342     0.0002226701
   -0.0001738225     0.0003631548     0.0000795685
    0.0000881141     0.0005405725    -0.0000255783
   -0.0002788406     0.0006440700     0.0003482117
    0.0000456326     0.0005852305     0.0002928850
   -0.0000340135     0.0006315288    -0.0002425627
    0.0001872915     0.0004692111    -0.0003096584
    0.0000395594     0.0003141904    -0.0001176411
   -0.0000098544     0.0006563516    -0.0001849530
   -0.0003834893     0.0009744174     0.0005750961
    0.0005312293     0.0000296789     0.0000496093
   -0.0012040194     0.0020214383    -0.0007665969
    0.0003893297    -0.0002468012    -0.0004954600
   -0.0003816375    -0.0002665223    -0.0003175496
    0.0001251203     0.0007427790     0.0001654661
   -0.0000865949     0.0006183390     0.0004061837
   -0.0000252157     0.0004190365     0.0000673871
    0.0003549853     0.0003353741    -0.0003985680
   -0.0000389660     0.0003274811     0.0000528447
   -0.0000479841     0.0003653190    -0.0001372848
    0.0000314016     0.0009316714     0.0003937337
    0.0007508818    -0.0010275778     0.0006643351
   -0.0005743921     0.0008838665    -0.0002983729
    0.0000746000    -0.0008760214    -0.0008827389
   -0.0006478229     0.0013770656     0.0002942420
   -0.0003772024    -0.0005258430    -0.0005956367
    0.0006156288     0.0002896165     0.0003742694
    0.0001084612     0.0004737979    -0.0003936973
    0.0007113147     0.0009072632    -0.0013163313
   -0.0002100424     0.0006507485     0.0000305994
   -0.0000123649     0.0005944151     0.0001329526
   -0.0000246592     0.0004068673     0.0000233448
    0.0004167283     0.0009204190     0.0002017717
   -0.0003934380     0.0001289181    -0.0002617517
   -0.0001529131     0.0002897145    -0.0003800126
   -0.0002181425     0.0002598026    -0.0001106027
   -0.0002002410     0.0004167338    -0.0003577119
    0.0003987077    -0.0003024727    -0.0000795624
   -0.0005269525     0.0000630978     0.0002503370
    0.0001687001    -0.0001301144    -0.0002368513
   -0.0008104023    -0.0006532483     0.0000625369
    0.0003415241     0.0002772705    -0.0000255015
    0.0007992462    -0.0004783427     0.0005710864
    0.0002302215    -0.0000625245    -0.0000358655
    0.0004852111    -0.0005898695    -0.0001270476
    0.0001689144    -0.0000363816     0.0001689914
   -0.0002349221     0.0004567034    -0.0002018659
    0.0001187082     0.0001951726     0.0001047099
   -0.0000266740    -0.0002274443     0.0000582107
   -0.0002819745    -0.0000856840     0.0002922923
   -0.0000208420     0.0000377771     0.0002413167
    0.0001158205    -0.0003163275     0.0002268080
    0.0003313468    -0.0009238735     0.0004305542
    0.0000925629    -0.0000291730     0.0001818753
   -0.0006702442     0.0004991309     0.0006099430
   -0.0005195886    -0.0002898493     0.0000263462
   -0.0001455372    -0.0001081315    -0.0000961226
   -0.0000893309     0.0000786354     0.0004084222
   -0.0003468794    -0.0004694768    -0.0001923469
   -0.0007389371     0.0001649067     0.0005823432
    0.0007295911     0.0004499781     0.0002784394
    0.0007189671    -0.0001394330     0.0001972301
    0.0002179973    -0.0003550021    -0.0000422872
    0.0003677395     0.0002334111     0.0000478674
   -0.0001540944     0.0003442882     0.0005446183
    0.0001995205    -0.0003578313    -0.0000181568
    0.0004664248    -0.0003036514    -0.0001686303
    0.0001105290     0.0002165894    -0.0004215699
   -0.0000046545     0.0004320659    -0.0001034687
    0.0001844958    -0.0004995746    -0.0001842450
   -0.0001377741    -0.0004662255     0.0001153841
   -0.0000980171     0.0001526875     0.0003657612
    0.0006460733     0.0004053718    -0.0000989259
   -0.0004860527    -0.0005051690    -0.0003265140
   -0.0000434704     0.0003284583    -0.0000963192
    0.0000895716     0.0000146253     0.0000774014
    0.0001458521    -0.0001086948     0.0002020592
    0.0001868322    -0.0001306535     0.0002553744
    0.0001537122    -0.0003570939     0.0000343006
    0.0004009086    -0.0004126229    -0.0001849386
    0.0002077533     0.0002077535    -0.0004287737
    0.0001686101    -0.0001436364     0.0000526397
    0.0000769943    -0.0005215381    -0.0000166379
    0.0002458675     0.0004304728    -0.0002932866
    0.0001153127     0.0001818894    -0.0004266990
   -0.0001585213     0.0001946482    -0.0005895653
   -0.0001985721    -0.0001357189    -0.0004498271
    0.0002218894     0.0000366434    -0.0005203416
    0.0006408179    -0.0008551388    -0.0000113525
    0.0001096369    -0.0001379655    -0.0001542007
   -0.0002686981    -0.0005800223    -0.0001655981
   -0.0000393640     0.0002107096     0.0000687906
    0.0006615998     0.0004416148     0.0006304092
   -0.0005078722     0.0005627476    -0.0002496000
    0.0002943636    -0.0007391940     0.0007584522
   -0.0013242878     0.0000115576    -0.0007985781
   -0.0001620657     0.0005941354     0.0004403253
    0.0001837937    -0.0000120112     0.0001486941
    0.0003963811     0.0002268064    -0.0000470659
    0.0003677153    -0.0003285175    -0.0001094043
    0.0003043501    -0.0001962341    -0.0002360626
   -0.0000338481    -0.0000475959    -0.0004028125
    0.0004731661     0.0001029823    -0.0002726142
   -0.0000451702    -0.0001553327    -0.0001606686
    0.0001587728    -0.0002018288     0.0004111490
    0.0004963292     0.0004532848     0.0007186272
    0.0004511700     0.0001745849    -0.0005573560
    0.0000508449     0.0003741140     0.0000817303
    0.0003431226    -0.0004466209     0.0001523583
    0.0002949305     0.0005020949     0.0007620480
    0.0005717766    -0.0001066148    -0.0007169088
   -0.0001585506     0.0002983862    -0.0005482255
    0.0008435648    -0.0001877447     0.0001343820
    0.0011806448    -0.0001668827    -0.0000253648
    0.0002416594    -0.0000569834    -0.0001222200
   -0.0000002050    -0.0001250926    -0.0003676930
    0.0000752814    -0.0002067965     0.0002695210
    0.0005590993    -0.0000144662     0.0000970931
   -0.0000168383    -0.0000523545    -0.0000809274
    0.0005685620    -0.0000530793    -0.0002315992
   -0.0000725648    -0.0004853701     0.0002700249
    0.0001082500    -0.0001038387     0.0005919111
   -0.0000231342    -0.0000415491    -0.0000963795
   -0.0002688559    -0.0005863250    -0.0014577293
   -0.0005965666    -0.0002728789     0.0003237497
   -0.0003721898     0.0009313167     0.0011514598
    0.0003044279    -0.0006217255    -0.0007820004
    0.0001696382    -0.0000881178    -0.0002789470
   -0.0001517212    -0.0001493746     0.0003328966
   -0.0002432596    -0.0000576878     0.0002792049
    0.0001533127     0.0001706185    -0.0002042993
   -0.0001476898     0.0000583089    -0.0000312453
   -0.0004202096    -0.0001298681     0.0002333504
   -0.0005163814    -0.0000165820     0.0000213514
   -0.0000174643     0.0001604271    -0.0005589698
   -0.0000017211    -0.0000734426    -0.0006103800
    0.0012529909    -0.0007138806     0.0004641131
   -0.0002737015     0.0004788844     0.0000027688
   -0.0001948068     0.0000645869     0.0011658896
    0.0003541486     0.0006866833    -0.0007027676
   -0.0006928135    -0.0011636653    -0.0005614993
   -0.0007830933    -0.0010805822    -0.0005643295
   -0.0002598812     0.0005339543    -0.0010371873
    0.0011829367     0.0003940539     0.0004962554
   -0.0005836401    -0.0003506794    -0.0010578999
    0.0000101781    -0.0002969019    -0.0003615013
    0.0000969473    -0.0000086100    -0.0002381193
    0.0000193660    -0.0003032620    -0.0004183440
   -0.0003981568    -0.0004633408    -0.0011710697
    0.0001167101    -0.0001045174    -0.0004569751
    0.0000386802    -0.0002138724    -0.0002114936
    0.0002649597    -0.0001051103    -0.0004297323
   -0.0003905625    -0.0001246331    -0.0008008944
   -0.0002162207    -0.0004094512    -0.0006336677
   -0.0028778531     0.0019718905    -0.0016202154
    0.0060751436     0.0034210956    -0.0018624344
   -0.0628905312     0.0645652097    -0.0090061545
   -0.0001195271    -0.0249168382     0.0090953931
    0.0009907186    -0.0014066515    -0.0008047519
   -0.0000350959    -0.0007941393     0.0000333560
   -0.0003981428    -0.0004251520    -0.0003506746
   -0.0005013831     0.0003163802     0.0003706362
    0.0013843075    -0.0010534407    -0.0005671252
    0.0006984865    -0.0004691958    -0.0006321141
   -0.0008341993     0.0007052665    -0.0002909841
    0.0000300184    -0.0001008611    -0.0003634443
   -0.0003294376    -0.0002951611    -0.0005582093
    0.0014352924    -0.0003514724    -0.0006278276
   -0.0001831234     0.0002892956    -0.0001479934
    0.0010371834    -0.0004306477    -0.0002512320
    0.0000549378    -0.0000663353    -0.0000346358
    0.0015705760    -0.0016160463    -0.0005334082
   -0.0005818649     0.0000413062     0.0001101085
   -0.0001652552    -0.0003246572    -0.0005745473
   -0.0001419910    -0.0008022039    -0.0007574504
    0.1069337391    -0.0145107674     0.0091754398
    0.0168207302    -0.0034869181    -0.0043257747
   -0.0683097037     0.0577732174     0.0402266367
    0.0078634641    -0.0060988679    -0.0271505408
    0.0038749611     0.0047182146     0.0084448725
    0.0010649301     0.0025531344    -0.0045067921
   -0.0011189983     0.0006977740     0.0020635394
   -0.0002388121     0.0017760316     0.0019270925
    0.0025036349     0.0040754808    -0.0025098439
    0.0193586171     0.0023735771     0.0009677369
   -0.0024914613     0.0013535881     0.0003287106
   -0.0004383937    -0.0004595471    -0.0007334430
   -0.0003905083    -0.0011722066     0.0004939882
    0.0006515126    -0.0004088842     0.0002872426
   -0.0002425018     0.0000229916     0.0000155331
    0.0305871587     0.1027255178    -0.0139725329
    0.0094271345     0.0130627663     0.0003528813
   -0.1034739041    -0.0209216206     0.0202757781
    0.0253484054     0.0001565647    -0.0270327731
    0.0035274639     0.0119273667     0.0022001467
   -0.0035279636     0.0001409596    -0.0010976414
   -0.0049069684     0.0071494172     0.0039800457
   -0.0574148393     0.0810362502    -0.0373304361
   -0.0077642229     0.0148422481    -0.0096036151
   -0.0309955504    -0.0892212828     0.0318519400
    0.0165764204     0.0103063364    -0.0208854142
   -0.0096932025    -0.0028514128     0.0057450221
   -0.0000610206     0.0012577982    -0.0034239388
   -0.0010712509     0.0006102465     0.0007483595
   -0.0008936614    -0.0013967738     0.0005779876
   -0.0139697912     0.0099844915    -0.0003881083
   -0.0000445374    -0.0022864888    -0.0005963068
    0.0014013645    -0.0010246324    -0.0002554635
    0.0005289262     0.0019018199    -0.0001603086
    0.0000115022    -0.0002681170     0.0002556085
   -0.0007490300    -0.0005471871     0.0003284808
    0.0000236681    -0.0000161633     0.0001584886
    0.0006876236    -0.0008717341    -0.0009417461
   -0.0006753723     0.0001151565    -0.0000928725
   -0.0000141221    -0.0002853973     0.0000479813
    0.0000443154     0.0004292788     0.0000632589
    0.0579157273    -0.1139415065     0.0490130105
    0.0443075297     0.0591406091     0.0011870696
    0.0995953701    -0.0171334395     0.0935111417
    0.0661180955     0.0167923249     0.0263192135
    0.1010039261     0.0765036391     0.0540887694
    0.0424798790    -0.0498531934     0.0323193875
    0.1191375809    -0.0436980062     0.0550108122
   -0.0567296641    -0.0279340983     0.0404769606
    0.1033716072    -0.0727455504     0.0545158673
   -0.0633460036     0.0037065145     0.0388798943
    0.0073179329    -0.0765523483     0.1143385917
   -0.0249641682    -0.0166542018     0.0683094783
    0.0789189278    -0.0350227111     0.1069445870
   -0.0734201068    -0.0145984508    -0.0008683320
    0.0322309407    -0.1019930777    -0.0869613583
   -0.0568413052    -0.0236461710     0.0417383151
   -0.1231974992     0.0288624550    -0.0555593107
   -0.0690645971    -0.0164448342     0.0138437558
   -0.1029885485    -0.0401569443     0.0817639544
    0.0578261781    -0.0468668752     0.0043122925
   -0.1376607173     0.0005861119    -0.0018932351
    0.0528988271    -0.0469691694    -0.0240020434
   -0.0301090769    -0.1327765040     0.0152227603
    0.0712804154     0.0184364421    -0.0009115109
    0.0850245134    -0.0949492710     0.0514605570
    0.0197425982     0.0706629193    -0.0139229297
---------------------------------------------------
Net gradient:  1.773953e-09  1.446279e-09  3.695903e-09
Net torque:    3.941726e-03  4.915543e-03  1.311103e-03

Total processing time: 238.34 sec 

 Job finished: Mon Apr 29 01:15:52 2019

