Startfile from command line: /home/lum/5ly6/refine12_weight_0.1_stpmax_8/ase/59/59_capping.sp


       ***********************************************************
       *                    TeraChem v1.93P                      *
       *                 Hg Version: 79b87f121f2d                *
       *                   Production Version                    *
       *                Compiled without textures                *
       *           Chemistry at the Speed of Graphics!           *
       ***********************************************************
       * This program may only be used in connection with        *
       * a valid license from PetaChem, LLC. Use of this program *
       * or results thereof indicates acceptance of all terms    *
       * and conditions stated in the license and that a valid   *
       * license agreement between the user and PetaChem, LLC    *
       * exists. PetaChem, LLC does not warrant the correctness  *
       * of results or their suitability for any purpose.        *
       * Please email bugs, suggestions, and comments to         *
       *                  help@petachem.com                      *
       *                                                         *
       ***********************************************************


       ***********************************************************
       *  Compiled by toddmtz      Wed Aug 16 03:32:31 PDT 2017  *
       *  Supported architectures: sm_20 sm_30 sm_50 sm_60       *
       *  Cuda compilation tools, release 8.0, V8.0.44           *
       ***********************************************************


 Job started   Fri May 31 08:32:15 2019
 On cu34 (available memory: 50587 MB)

######################################### RUNTIME INFO ##########################################
/public/qmsoft/TeraChem/bin/terachem /home/lum/5ly6/refine12_weight_0.1_stpmax_8/ase/59/59_capping.sp 

NVRM version: NVIDIA UNIX x86_64 Kernel Module  396.26  Mon Apr 30 18:01:39 PDT 2018
GCC version:  gcc version 4.8.5 20150623 (Red Hat 4.8.5-4) (GCC) 

	linux-vdso.so.1 (0x00007ffc71759000)
	libcurl.so.4 => /lib64/libcurl.so.4 (0x00002ab0f0fd9000)
	libintbox.so.1 => /public/qmsoft/TeraChem/lib/libintbox.so.1 (0x00002ab0f1241000)
	libthcbox.so.1 => /public/qmsoft/TeraChem/lib/libthcbox.so.1 (0x00002ab110e4f000)
	libgridbox.so.1 => /public/qmsoft/TeraChem/lib/libgridbox.so.1 (0x00002ab1129b9000)
	libdftbox.so.1 => /public/qmsoft/TeraChem/lib/libdftbox.so.1 (0x00002ab112eaa000)
	libcublas.so.8.0 => /public/qmsoft/TeraChem/lib/libcublas.so.8.0 (0x00002ab1131bb000)
	libcufft.so.8.0 => /public/qmsoft/TeraChem/lib/libcufft.so.8.0 (0x00002ab115b6b000)
	libcuda.so.1 => /public/qmsoft/TeraChem/lib/libcuda.so.1 (0x00002ab11e9b9000)
	libcudart.so.8.0 => /public/qmsoft/TeraChem/lib/libcudart.so.8.0 (0x00002ab11f939000)
	libcrypto.so.10 => /lib64/libcrypto.so.10 (0x00002ab11fb9f000)
	libssl.so.10 => /lib64/libssl.so.10 (0x00002ab11ff86000)
	libm.so.6 => /lib64/libm.so.6 (0x00002ab1201f3000)
	libcilkrts.so.5 => /public/qmsoft/TeraChem/lib/libcilkrts.so.5 (0x00002ab1204f5000)
	libstdc++.so.6 => /lib64/libstdc++.so.6 (0x00002ab120736000)
	libgcc_s.so.1 => /lib64/libgcc_s.so.1 (0x00002ab120a3e000)
	libpthread.so.0 => /lib64/libpthread.so.0 (0x00002ab120c54000)
	libdl.so.2 => /lib64/libdl.so.2 (0x00002ab120e72000)
	libc.so.6 => /lib64/libc.so.6 (0x00002ab121076000)
	/lib64/ld-linux-x86-64.so.2 (0x00002ab0f0db6000)
	libidn.so.11 => /lib64/libidn.so.11 (0x00002ab121423000)
	libssh2.so.1 => /lib64/libssh2.so.1 (0x00002ab121656000)
	libssl3.so => /lib64/libssl3.so (0x00002ab121880000)
	libsmime3.so => /lib64/libsmime3.so (0x00002ab121ac2000)
	libnss3.so => /lib64/libnss3.so (0x00002ab121ce9000)
	libnssutil3.so => /lib64/libnssutil3.so (0x00002ab12200f000)
	libplds4.so => /lib64/libplds4.so (0x00002ab12223b000)
	libplc4.so => /lib64/libplc4.so (0x00002ab12243f000)
	libnspr4.so => /lib64/libnspr4.so (0x00002ab122644000)
	libgssapi_krb5.so.2 => /lib64/libgssapi_krb5.so.2 (0x00002ab122882000)
	libkrb5.so.3 => /lib64/libkrb5.so.3 (0x00002ab122ace000)
	libk5crypto.so.3 => /lib64/libk5crypto.so.3 (0x00002ab122db3000)
	libcom_err.so.2 => /lib64/libcom_err.so.2 (0x00002ab122fe5000)
	liblber-2.4.so.2 => /lib64/liblber-2.4.so.2 (0x00002ab1231e9000)
	libldap-2.4.so.2 => /lib64/libldap-2.4.so.2 (0x00002ab1233f8000)
	libz.so.1 => /lib64/libz.so.1 (0x00002ab12364b000)
	librt.so.1 => /lib64/librt.so.1 (0x00002ab123861000)
	libnvidia-fatbinaryloader.so.396.26 => /lib64/libnvidia-fatbinaryloader.so.396.26 (0x00002ab123a69000)
	libkrb5support.so.0 => /lib64/libkrb5support.so.0 (0x00002ab123cb5000)
	libkeyutils.so.1 => /lib64/libkeyutils.so.1 (0x00002ab123ec4000)
	libresolv.so.2 => /lib64/libresolv.so.2 (0x00002ab1240c8000)
	libsasl2.so.3 => /lib64/libsasl2.so.3 (0x00002ab1242df000)
	libselinux.so.1 => /lib64/libselinux.so.1 (0x00002ab1244fc000)
	libcrypt.so.1 => /lib64/libcrypt.so.1 (0x00002ab124721000)
	libpcre.so.1 => /lib64/libpcre.so.1 (0x00002ab124958000)
	liblzma.so.5 => /lib64/liblzma.so.5 (0x00002ab124bb9000)
#################################################################################################

       ********************** License Check **********************
       * Use license from: /public/qmsoft/TeraChem/license.dat
       * Available Host id: AC1F6B20BAE2
       * Available Host id: AC1F6B20BAE3
       * Available Host id: 52540093B9B0
       * Available Host id: 52540093B9B0
       * License Host id: AC1F6B20BAE2
       * License expires: 2019-10-21
       ********************** License OK *************************
  _________________________________
 |         DFTD3 V3.0 Rev 2        |
 | S.Grimme, University Bonn       |
 |           Aug  2013             |
  _________________________________
 
 Please cite DFT-D3 work done with this code as:
 S. Grimme, J. Antony, S. Ehrlich and H. Krieg,
 J. Chem. Phys. 132 (2010), 154104
 If used with BJ-damping cite also
 S. Grimme, S. Ehrlich and L. Goerigk,
 J. Comput. Chem. 32 (2011), 1456-1465
 For DFT-D2 the reference is
 S. Grimme, J. Comput. Chem., 27 (2006), 1787-1799
 
Scratch directory: /tmp/lum/5ly6/refine12_weight_0.1_stpmax_8/ase/59/scr
Random number seed: 283369066

XYZ coordinates /home/lum/5ly6/refine12_weight_0.1_stpmax_8/ase/59/59_capping.xyz
Molden File Output: /tmp/lum/5ly6/refine12_weight_0.1_stpmax_8/ase/59/scr/59_capping.molden
Using basis set: 6-31g
Spin multiplicity: 1
DIIS will use up to 10 vectors.
WF convergence threshold: 3.00e-05
Using DIIS algorithm to converge WF
Maximum number of SCF iterations: 300
Incremental fock with rebuild every 8 iterations
Will switch to conventional Fock if diffuse functions are detected
X-matrix tolerance: 1.00e-04
PRECISION: DYNAMIC
DFT Functional requested: hf
Method: Hartree-Fock  with dispersion correction
Wavefunction: RESTRICTED
Initial guess generated by maximum overlap

********************************************
**** SINGLE POINT GRADIENT CALCULATIONS ****
********************************************
SCF:   Initial guess is taken from previous step
COSMO model for polarizable continuum model enabled

using 4 out of 4 CUDA devices
   Device 0:  GeForce GTX 1080 Ti, 11178MB, CC 6.1 -- CPU THREAD 0
   Device 1:  GeForce GTX 1080 Ti, 11178MB, CC 6.1 -- CPU THREAD 1
   Device 2:  GeForce GTX 1080 Ti, 11178MB, CC 6.1 -- CPU THREAD 2
   Device 3:  GeForce GTX 1080 Ti, 11178MB, CC 6.1 -- CPU THREAD 3
-------------------------------------------------------------------
Compiled with MAGMA support.  MAGMA parameters:
    Matrices larger than 5000 square will be treated with MAGMA
       (Change by setting the MagmaMinN environment variable)
    Magma will use 1 out of 4 GPUs
       (Change by setting the MagmaNGPUs environment variable)
-------------------------------------------------------------------
 CPU Memory Available: 8018.12 MegaWords 
 GPU Memory Available: 1141.31 MegaWords 
 Maximum recommended basis set size: 12200 basis functions
 (limited by GPU memory)
-------------------------------------------------------------------
Not using d-functions. Configuring GPUs accordingly.
0: CUBLAS initialized, available GPU memory: 8170MB
1: CUBLAS initialized, available GPU memory: 8170MB
2: CUBLAS initialized, available GPU memory: 8170MB
3: CUBLAS initialized, available GPU memory: 8170MB


Basis set:       6-31g
Total atoms:     66
Total charge:    0
Total electrons: 244 (122-alpha, 122-beta)
Number electrons modeled by ECPs: 0
Total orbitals:  356
Total AO shells: 228 (164 S-shells; 64 P-shells; 0 D-shells; 0 F-shells; 0 G-shells)
Spin multiplicity: 1
Nuclear repulsion energy (QM atoms): 3507.639803597524 a.u.

DFTD Energy:    -0.5070920 hartree
=COSMO= Number of H atoms in QM atoms:34
=COSMO= Number of Heavy atoms in QM atoms:32
reached first line of InitCosmoSwigNoMatrix
q is allocated
B is allocated
Bz is allocated
z is allocated
c is allocated
=COSMO= No Matrix Cosmo Initialization finished.
=COSMO= ++++++++++++++++++++++++++++++ COSMO parameters ++++++++++++++++++++++++++++++
=COSMO= I. Cavity Information:
=COSMO= SAS(Solvent accesible surface) initialization finished
=COSMO= Time for initializing Molecular Surface:0.01927200 (sec)
=COSMO= Time for initializing cosmo calculation:0.00474000 (sec)
=COSMO= Cavity effective radius(Angstrom) (r_solv+r_vdw-dsc) was written into /tmp/lum/5ly6/refine12_weight_0.1_stpmax_8/ase/59/scr/ratom.txt
=COSMO= Solvent Dielectric Constant:78.390000
=COSMO= Cosmo Solvent radius:0.000000
=COSMO= Cosmo charge scaling method:0
=COSMO= Cavity built with Lebedev Grid
=COSMO= Grid points/QM Hydrogen: 110
=COSMO= Grid points/QM Heavy atom: 110
=COSMO= Herbert Switching-Gaussian method turned on
=COSMO= After removing points inside of SAS:
=COSMO= Total number of segments on molecular surface:3518
=COSMO= Number of segments belonging to QM atoms:3518
=COSMO= Total surface area of cavity: 516.7338(Angstrom^2)
=COSMO= Total volume of cavity: 293.6835 (Angstrom^3)
=COSMO= II. COSMO integral options:
=COSMO= Building COMSO c vector with original algorithm
=COSMO= COSMO one-electron integral threshold: 1e-12 
=COSMO= III. Linear solver options:
=COSMO= Initialize COSMO for A matrix in no matrix storage form
=COSMO= CG precondtioner:Jacobi
=COSMO= Tight CG convergence threshold:1e-06
=COSMO= CG dynamic threshold: on
=COSMO= Adjust CG convergence threshold dynamically
=COSMO= IV. PCM field read/write options:
=COSMO= PCM field is not written to files
=COSMO= No PCM field file is read in
=COSMO= ++++++++++++++++++++++++++++++++++++++++++++++++++++++++++++++++++++++++++++++++

                      *** Start SCF Iterations ***

 Iter     DIIS Error       Energy change         Energy              E_PCM      Time(s)
---------------------------------------------------------------------------------------
         >>> Purifying P... IDMP = 1.69e-14 <<<
THRESPDP set to 1.00e+00
   1     0.2609975630   -1543.8021948603   -1543.8021948603     -0.2006910436    0.34  
   2     0.2450230787      -7.6270164960   -1551.4292113562     -0.0769250426    0.61  
   3     0.0718758596      -1.2413930400   -1552.6706043963     -0.1430020287    0.76  
   4     0.0260362254      -0.1565366337   -1552.8271410300     -0.1161344776    0.49  
   5     0.0045674036      -0.0192777312   -1552.8464187612     -0.1278437942    0.39  
   6     0.0020482337      -0.0020139243   -1552.8484326855     -0.1299721838    0.41  
THRESPDP set to 1.05e-03
   7     0.0014660908      -0.0002396451   -1552.8486723306     -0.1311605069    0.39  
   8     0.0005007850      -0.0000689530   -1552.8487412836     -0.1316837873    0.32  
   9     0.0002126313      -0.0000110918   -1552.8487523754     -0.1318447961    0.31  
  10     0.0000878115      -0.0000014725   -1552.8487538480     -0.1319064586    0.31  
  11     0.0000342778      -0.0000001765   -1552.8487540244     -0.1319266636    0.31  
  12     0.0000184658      -0.0000002129   -1552.8487542373     -0.1319334343    0.26  
---------------------------------------------------------------------------------------
FINAL ENERGY: -1552.8487542373 a.u.
DISPERSION CONTRIBUTION TO ENERGY: -0.5070920095 a.u.
C-PCM contribution to final energy:-0.1319334343 a.u. ( already included in final energy )
Computing C-PCM contribution to gradient...
CENTER OF MASS: {57.830710, 64.532973, 47.012359} ANGS
DIPOLE MOMENT: {-2.652019, -2.655965, -11.108986} (|D| = 11.725908) DEBYE
Cannot open /tmp/lum/5ly6/refine12_weight_0.1_stpmax_8/ase/59/scr
Writing out molden info

Gradient units are Hartree/Bohr
---------------------------------------------------
        dE/dX            dE/dY            dE/dZ
    0.0820806098    -0.0817627122     0.0627031670
   -0.0391454108    -0.0797333981    -0.0026430146
    0.0657098455     0.1253058297    -0.0055322068
   -0.0875471572    -0.0966975380    -0.0085918687
    0.0569006888    -0.0139891707     0.0054969322
    0.1271685334    -0.0319814974    -0.0209596964
   -0.0479564369     0.0201407080     0.0294393715
   -0.0692240732    -0.0003324581    -0.0409995109
    0.0079215290     0.0180019569    -0.0455414800
    0.0240155645     0.0163264492    -0.0319566460
   -0.0208708515     0.0378498509     0.0031994390
   -0.0146805399    -0.0088375261     0.0155945252
    0.0064714567     0.0011627782     0.0101535928
   -0.0129397449     0.0027220601     0.0036898270
    0.0351693869     0.0151264801    -0.0019353566
    0.0113506846     0.0374956199     0.0687353959
   -0.0290615092    -0.0262114019    -0.0529585780
    0.0140060131    -0.0165679210     0.0004852610
   -0.0199927045    -0.0459326505    -0.0424971506
    0.0896740468     0.1093733346     0.0449674772
   -0.0922141360    -0.1145731687    -0.1511507804
    0.0544380149     0.0127403032     0.0718914019
    0.0554258412     0.0662970893     0.0813306117
   -0.0124146043    -0.0153019044    -0.0001861747
   -0.0019291463    -0.0195224674    -0.0146980201
    0.0176772644     0.0099982554     0.0121369005
    0.0009812662     0.0000523181     0.0021388251
   -0.0023958385    -0.0047130129     0.0165497733
   -0.0544270886    -0.0080779127    -0.0012708885
   -0.0295434287    -0.0086995045    -0.0358293961
   -0.0158874417    -0.0251399838    -0.0223235054
   -0.0640539123     0.0458137308     0.0524582470
   -0.0179873882     0.0961736637     0.0126342008
    0.0170378940    -0.0311694935     0.0205421531
   -0.0378863321     0.0173397593    -0.0213347640
   -0.0041136843    -0.0431705643     0.0002537913
    0.0849117267     0.0092691872     0.0075534122
    0.0439583079     0.0505385563     0.0293932063
    0.0043826074     0.0023544148    -0.0160797996
    0.0442679113    -0.0307731827    -0.0227413928
    0.0321799503    -0.0478541506    -0.0040723946
   -0.0101737230     0.0164303465    -0.0086601171
    0.0041149250     0.0014697173     0.0009164748
   -0.0649146403    -0.0232600388    -0.0264235469
   -0.0066013833    -0.0181496238     0.0083793646
   -0.0075981472     0.0032293141    -0.0031519457
   -0.0293861437    -0.0173533452    -0.0148210826
   -0.0053724360    -0.0057364925     0.0172318956
   -0.0082817362     0.0024891530    -0.0001735594
    0.0006716249     0.0050482312    -0.0058153741
    0.0579465065    -0.0030706040     0.0203622377
   -0.0151990991    -0.0220137805    -0.0214149281
    0.0132100440    -0.0953582177    -0.0254495103
   -0.0029002474     0.0708587641     0.1086542262
    0.0074891780     0.0731622796     0.0174105386
   -0.0603975478    -0.0639770158    -0.0192400599
    0.0047399737     0.0362867440    -0.0418102210
    0.0075991693     0.0131425212     0.0072589617
   -0.0097270874    -0.0153190279     0.0076407483
    0.0011215844    -0.0354612669    -0.0128976270
    0.0136916481     0.0438379086     0.0132085828
    0.0133845091    -0.0002514394     0.0046367149
   -0.0034445301     0.0144508389     0.0245467977
    0.0023693438    -0.0365706636    -0.0026499336
   -0.0987438729     0.0936138173     0.0187198417
   -0.0050556245     0.0194611541    -0.0745033673
---------------------------------------------------
Net gradient:  2.485296e-09 -1.542871e-10 -1.073275e-09
Net torque:    1.642723e-03 -8.009477e-06 -1.664417e-03

Total processing time: 5.71 sec 

 Job finished: Fri May 31 08:32:29 2019

