Startfile from command line: /home/lum/5ly6/refine11+10/ase/52/52_capping.sp


       ***********************************************************
       *                    TeraChem v1.93P                      *
       *                 Hg Version: 79b87f121f2d                *
       *                   Production Version                    *
       *                Compiled without textures                *
       *           Chemistry at the Speed of Graphics!           *
       ***********************************************************
       * This program may only be used in connection with        *
       * a valid license from PetaChem, LLC. Use of this program *
       * or results thereof indicates acceptance of all terms    *
       * and conditions stated in the license and that a valid   *
       * license agreement between the user and PetaChem, LLC    *
       * exists. PetaChem, LLC does not warrant the correctness  *
       * of results or their suitability for any purpose.        *
       * Please email bugs, suggestions, and comments to         *
       *                  help@petachem.com                      *
       *                                                         *
       ***********************************************************


       ***********************************************************
       *  Compiled by toddmtz      Wed Aug 16 03:32:31 PDT 2017  *
       *  Supported architectures: sm_20 sm_30 sm_50 sm_60       *
       *  Cuda compilation tools, release 8.0, V8.0.44           *
       ***********************************************************


 Job started   Fri May 24 13:15:29 2019
 On cu37 (available memory: 49513 MB)

######################################### RUNTIME INFO ##########################################
/public/qmsoft/TeraChem/bin/terachem /home/lum/5ly6/refine11+10/ase/52/52_capping.sp 

NVRM version: NVIDIA UNIX x86_64 Kernel Module  396.26  Mon Apr 30 18:01:39 PDT 2018
GCC version:  gcc version 4.8.5 20150623 (Red Hat 4.8.5-4) (GCC) 

	linux-vdso.so.1 (0x00007ffdf09e9000)
	libcurl.so.4 => /lib64/libcurl.so.4 (0x00002af9e3a53000)
	libintbox.so.1 => /public/qmsoft/TeraChem/lib/libintbox.so.1 (0x00002af9e3cbb000)
	libthcbox.so.1 => /public/qmsoft/TeraChem/lib/libthcbox.so.1 (0x00002afa038c9000)
	libgridbox.so.1 => /public/qmsoft/TeraChem/lib/libgridbox.so.1 (0x00002afa05433000)
	libdftbox.so.1 => /public/qmsoft/TeraChem/lib/libdftbox.so.1 (0x00002afa05924000)
	libcublas.so.8.0 => /public/qmsoft/TeraChem/lib/libcublas.so.8.0 (0x00002afa05c35000)
	libcufft.so.8.0 => /public/qmsoft/TeraChem/lib/libcufft.so.8.0 (0x00002afa085e5000)
	libcuda.so.1 => /public/qmsoft/TeraChem/lib/libcuda.so.1 (0x00002afa11433000)
	libcudart.so.8.0 => /public/qmsoft/TeraChem/lib/libcudart.so.8.0 (0x00002afa123b3000)
	libcrypto.so.10 => /lib64/libcrypto.so.10 (0x00002afa12619000)
	libssl.so.10 => /lib64/libssl.so.10 (0x00002afa12a00000)
	libm.so.6 => /lib64/libm.so.6 (0x00002afa12c6d000)
	libcilkrts.so.5 => /public/qmsoft/TeraChem/lib/libcilkrts.so.5 (0x00002afa12f6f000)
	libstdc++.so.6 => /lib64/libstdc++.so.6 (0x00002afa131b0000)
	libgcc_s.so.1 => /lib64/libgcc_s.so.1 (0x00002afa134b8000)
	libpthread.so.0 => /lib64/libpthread.so.0 (0x00002afa136ce000)
	libdl.so.2 => /lib64/libdl.so.2 (0x00002afa138ec000)
	libc.so.6 => /lib64/libc.so.6 (0x00002afa13af0000)
	/lib64/ld-linux-x86-64.so.2 (0x00002af9e3830000)
	libidn.so.11 => /lib64/libidn.so.11 (0x00002afa13e9d000)
	libssh2.so.1 => /lib64/libssh2.so.1 (0x00002afa140d0000)
	libssl3.so => /lib64/libssl3.so (0x00002afa142fa000)
	libsmime3.so => /lib64/libsmime3.so (0x00002afa1453c000)
	libnss3.so => /lib64/libnss3.so (0x00002afa14763000)
	libnssutil3.so => /lib64/libnssutil3.so (0x00002afa14a89000)
	libplds4.so => /lib64/libplds4.so (0x00002afa14cb5000)
	libplc4.so => /lib64/libplc4.so (0x00002afa14eb9000)
	libnspr4.so => /lib64/libnspr4.so (0x00002afa150be000)
	libgssapi_krb5.so.2 => /lib64/libgssapi_krb5.so.2 (0x00002afa152fc000)
	libkrb5.so.3 => /lib64/libkrb5.so.3 (0x00002afa15548000)
	libk5crypto.so.3 => /lib64/libk5crypto.so.3 (0x00002afa1582d000)
	libcom_err.so.2 => /lib64/libcom_err.so.2 (0x00002afa15a5f000)
	liblber-2.4.so.2 => /lib64/liblber-2.4.so.2 (0x00002afa15c63000)
	libldap-2.4.so.2 => /lib64/libldap-2.4.so.2 (0x00002afa15e72000)
	libz.so.1 => /lib64/libz.so.1 (0x00002afa160c5000)
	librt.so.1 => /lib64/librt.so.1 (0x00002afa162db000)
	libnvidia-fatbinaryloader.so.396.26 => /lib64/libnvidia-fatbinaryloader.so.396.26 (0x00002afa164e3000)
	libkrb5support.so.0 => /lib64/libkrb5support.so.0 (0x00002afa1672f000)
	libkeyutils.so.1 => /lib64/libkeyutils.so.1 (0x00002afa1693e000)
	libresolv.so.2 => /lib64/libresolv.so.2 (0x00002afa16b42000)
	libsasl2.so.3 => /lib64/libsasl2.so.3 (0x00002afa16d59000)
	libselinux.so.1 => /lib64/libselinux.so.1 (0x00002afa16f76000)
	libcrypt.so.1 => /lib64/libcrypt.so.1 (0x00002afa1719b000)
	libpcre.so.1 => /lib64/libpcre.so.1 (0x00002afa173d2000)
	liblzma.so.5 => /lib64/liblzma.so.5 (0x00002afa17633000)
#################################################################################################

       ********************** License Check **********************
       * Use license from: /public/qmsoft/TeraChem/license.dat
       * Available Host id: AC1F6B20F5BC
       * Available Host id: AC1F6B20F5BD
       * Available Host id: 525400A418C3
       * Available Host id: 525400A418C3
       * License Host id: AC1F6B20F5BC
       * License expires: 2019-10-21
       ********************** License OK *************************
Scratch directory: /tmp/lum/5ly6/refine11+10/ase/52/scr
Random number seed: 627036275

XYZ coordinates /home/lum/5ly6/refine11+10/ase/52/52_capping.xyz
Molden File Output: /tmp/lum/5ly6/refine11+10/ase/52/scr/52_capping.molden
Using basis set: 6-31g
Spin multiplicity: 1
DIIS will use up to 10 vectors.
WF convergence threshold: 3.00e-05
Using DIIS algorithm to converge WF
Maximum number of SCF iterations: 300
Incremental fock with rebuild every 8 iterations
Will switch to conventional Fock if diffuse functions are detected
X-matrix tolerance: 1.00e-04
PRECISION: DYNAMIC
DFT Functional requested: hf
Method: Hartree-Fock  with dispersion correction

*********************************************************
*                     WARNING                           *
* Dispersion correction is not supported for hf         *
*         Disabling dispersion correction               *
*********************************************************

Wavefunction: RESTRICTED
Initial guess generated by maximum overlap

********************************************
**** SINGLE POINT GRADIENT CALCULATIONS ****
********************************************
SCF:   Initial guess is taken from previous step
COSMO model for polarizable continuum model enabled

using 4 out of 4 CUDA devices
   Device 0:  GeForce GTX 1080 Ti, 11178MB, CC 6.1 -- CPU THREAD 0
   Device 1:  GeForce GTX 1080 Ti, 11178MB, CC 6.1 -- CPU THREAD 1
   Device 2:  GeForce GTX 1080 Ti, 11178MB, CC 6.1 -- CPU THREAD 2
   Device 3:  GeForce GTX 1080 Ti, 11178MB, CC 6.1 -- CPU THREAD 3
-------------------------------------------------------------------
Compiled with MAGMA support.  MAGMA parameters:
    Matrices larger than 5000 square will be treated with MAGMA
       (Change by setting the MagmaMinN environment variable)
    Magma will use 1 out of 4 GPUs
       (Change by setting the MagmaNGPUs environment variable)
-------------------------------------------------------------------
 CPU Memory Available: 8018.12 MegaWords 
 GPU Memory Available: 1141.31 MegaWords 
 Maximum recommended basis set size: 12200 basis functions
 (limited by GPU memory)
-------------------------------------------------------------------
Not using d-functions. Configuring GPUs accordingly.
0: CUBLAS initialized, available GPU memory: 8170MB
1: CUBLAS initialized, available GPU memory: 9198MB
2: CUBLAS initialized, available GPU memory: 9198MB
3: CUBLAS initialized, available GPU memory: 9198MB


Basis set:       6-31g
Total atoms:     278
Total charge:    0
Total electrons: 992 (496-alpha, 496-beta)
Number electrons modeled by ECPs: 0
Total orbitals:  1452
Total AO shells: 940 (684 S-shells; 256 P-shells; 0 D-shells; 0 F-shells; 0 G-shells)
Spin multiplicity: 1
Nuclear repulsion energy (QM atoms): 33998.980088887161 a.u.

=COSMO= Number of H atoms in QM atoms:150
=COSMO= Number of Heavy atoms in QM atoms:128
reached first line of InitCosmoSwigNoMatrix
q is allocated
B is allocated
Bz is allocated
z is allocated
c is allocated
=COSMO= No Matrix Cosmo Initialization finished.
=COSMO= ++++++++++++++++++++++++++++++ COSMO parameters ++++++++++++++++++++++++++++++
=COSMO= I. Cavity Information:
=COSMO= SAS(Solvent accesible surface) initialization finished
=COSMO= Time for initializing Molecular Surface:0.22689101 (sec)
=COSMO= Time for initializing cosmo calculation:0.07088000 (sec)
=COSMO= Cavity effective radius(Angstrom) (r_solv+r_vdw-dsc) was written into /tmp/lum/5ly6/refine11+10/ase/52/scr/ratom.txt
=COSMO= Solvent Dielectric Constant:78.390000
=COSMO= Cosmo Solvent radius:0.000000
=COSMO= Cosmo charge scaling method:0
=COSMO= Cavity built with Lebedev Grid
=COSMO= Grid points/QM Hydrogen: 110
=COSMO= Grid points/QM Heavy atom: 110
=COSMO= Herbert Switching-Gaussian method turned on
=COSMO= After removing points inside of SAS:
=COSMO= Total number of segments on molecular surface:15414
=COSMO= Number of segments belonging to QM atoms:15414
=COSMO= Total surface area of cavity: 2136.4534(Angstrom^2)
=COSMO= Total volume of cavity: 1209.5955 (Angstrom^3)
=COSMO= II. COSMO integral options:
=COSMO= Building COMSO c vector with original algorithm
=COSMO= COSMO one-electron integral threshold: 1e-12 
=COSMO= III. Linear solver options:
=COSMO= Initialize COSMO for A matrix in no matrix storage form
=COSMO= CG precondtioner:Jacobi
=COSMO= Tight CG convergence threshold:1e-06
=COSMO= CG dynamic threshold: on
=COSMO= Adjust CG convergence threshold dynamically
=COSMO= IV. PCM field read/write options:
=COSMO= PCM field is not written to files
=COSMO= No PCM field file is read in
=COSMO= ++++++++++++++++++++++++++++++++++++++++++++++++++++++++++++++++++++++++++++++++

                      *** Start SCF Iterations ***

 Iter     DIIS Error       Energy change         Energy              E_PCM      Time(s)
---------------------------------------------------------------------------------------
         >>> Purifying P... IDMP = 2.48e-14 <<<
THRESPDP set to 1.00e+00
   1     0.2958788991   -6218.8083688163   -6218.8083688163     -0.7386339218    3.33  
   2     0.2061268825     -31.2070435294   -6250.0154123457     -0.5359839477    3.50  
   3     0.0589601037      -4.2865341736   -6254.3019465192     -0.6090289765    3.39  
   4     0.0281470051      -0.4683792767   -6254.7703257960     -0.5739758881    3.16  
   5     0.0060791310      -0.0728267859   -6254.8431525819     -0.5979831251    3.09  
THRESPDP set to 1.34e-04
   6     0.0036524870      -0.0082772124   -6254.8514297943     -0.6018680550    4.73  
   7     0.0023908173      -0.0016529918   -6254.8530827861     -0.6045787262    4.00  
   8     0.0013489542      -0.0003477637   -6254.8534305498     -0.6056992295    3.73  
   9     0.0008121003      -0.0000470414   -6254.8534775912     -0.6060066125    3.60  
  10     0.0004093780      -0.0000108811   -6254.8534884723     -0.6060985702    3.25  
  11     0.0002411096      -0.0000024720   -6254.8534909443     -0.6061202863    3.03  
  12     0.0001131479      -0.0000008998   -6254.8534918442     -0.6061243743    3.12  
  13     0.0000477666      +0.0000002624   -6254.8534915818     -0.6061219888    3.06  
  14     0.0000148453      -0.0000011016   -6254.8534926834     -0.6061191236    4.00  
---------------------------------------------------------------------------------------
FINAL ENERGY: -6254.8534926834 a.u.
C-PCM contribution to final energy:-0.6061191236 a.u. ( already included in final energy )
Computing C-PCM contribution to gradient...
CENTER OF MASS: {43.983773, 41.278890, 47.606826} ANGS
DIPOLE MOMENT: {17.312799, 32.282763, -4.810572} (|D| = 36.946602) DEBYE
Cannot open /tmp/lum/5ly6/refine11+10/ase/52/scr
Writing out molden info

Gradient units are Hartree/Bohr
---------------------------------------------------
        dE/dX            dE/dY            dE/dZ
   -0.1161108777    -0.0210298918     0.0127451045
   -0.0119448497     0.0178522443    -0.0326468608
   -0.0118855627    -0.0030393884     0.0075934861
    0.0116197350    -0.0098788085     0.0014168402
    0.0099901988    -0.0124108510     0.0299052233
    0.0284355990     0.0268760085    -0.0202555339
   -0.0303347517     0.0177516040    -0.0366424413
   -0.0211168037    -0.0235203399     0.0120802073
   -0.0120544856    -0.0117185797     0.0061763871
    0.0075664277    -0.0074780410     0.0105009399
    0.0003493678    -0.0025391116    -0.0037295053
   -0.0035764633    -0.0140037327     0.0019887223
   -0.0211021766    -0.0056094552     0.0009021976
    0.0048938567    -0.0026452259    -0.0009126962
    0.0126975934    -0.0086681696     0.0265842969
    0.0025949254    -0.0055715611     0.0020048076
   -0.0001160132     0.0012097277    -0.0035434052
    0.0008352450     0.0125813611    -0.0021800007
    0.0144072463     0.0061766144    -0.0028563686
    0.0023283968     0.0163349352    -0.0089897120
    0.0069151035    -0.0142448332     0.0028560091
    0.0963606152     0.0222703106    -0.0136391996
   -0.0287463495     0.0178787025     0.0039279905
   -0.0131008049    -0.0128408609     0.0125894095
   -0.0014736560     0.0050793761    -0.0108422766
   -0.0176661090    -0.0192749881    -0.0164994603
   -0.0049640841     0.0015733846     0.0029848506
    0.0220720900     0.0161177360     0.0143563112
    0.0014078241    -0.0025824776     0.0018152912
   -0.0049984595     0.0012897955    -0.0045033556
    0.0056510786     0.0048402190    -0.0001329390
    0.0008522846     0.0049680174    -0.0053239046
    0.0024312613    -0.0010635451     0.0011014765
    0.0001066616    -0.0035343323     0.0052061052
   -0.0592930312    -0.0956357375    -0.0006960404
    0.0382254595    -0.0267123246     0.0058745058
    0.0606717776     0.0264492749     0.0329141750
    0.0008820668     0.0074597349    -0.0019204626
    0.0026624942    -0.0080534381     0.0143394723
   -0.0218593243     0.0082396515     0.0035125307
    0.0224975749    -0.0189330499    -0.0086208837
   -0.0157950191    -0.0029596367     0.0249651723
    0.0101585375     0.0049050680    -0.0070423034
    0.0035864512     0.0046510534     0.0109749421
   -0.0051568868    -0.0145979527    -0.0725155380
    0.0201892069    -0.0326229374     0.0087569494
   -0.0146765439     0.0054905136    -0.0066073308
   -0.0083295322     0.0027949135    -0.0041746431
    0.0028351985     0.0030976131    -0.0012222894
    0.0086429302    -0.0050445412    -0.0007594715
    0.0046206262     0.0028721965    -0.0026821411
    0.0005747839     0.0104403837    -0.0011990924
   -0.0101963776     0.0075641492     0.0000767209
    0.0088911983     0.0055753074    -0.0024261660
   -0.0083149119    -0.0057074079    -0.0006821202
   -0.0016723162    -0.0021217639    -0.0065065975
   -0.0128258142    -0.0056143226     0.0251537989
    0.0120766432     0.0144552109     0.0389017473
    0.0432508505     0.0587146780     0.0779962905
    0.0281709081     0.0023486733     0.0130543560
   -0.0244192958    -0.0156664067    -0.0237952020
    0.0116981406    -0.0023370942     0.0098409022
   -0.0070037308     0.0027505543     0.0095732246
    0.0152524021    -0.0001413029    -0.0174874807
    0.0042624992     0.0144478083    -0.0239523364
    0.0099042560     0.0126768969     0.0092705266
   -0.0070885961     0.0055486277    -0.0010188799
    0.0019211270     0.0021588719    -0.0035729896
   -0.0046176163    -0.0023463376     0.0098139739
   -0.0087020913     0.0034585575     0.0019947255
   -0.0010002569    -0.0012260148    -0.0014817990
   -0.0029114225    -0.0026713385     0.0143320523
    0.0005300054    -0.0101827465     0.0039614167
   -0.0001079346    -0.0009257085     0.0014485307
    0.0039260099     0.0268030402     0.0062471207
    0.0077747206    -0.0027331378    -0.0016475119
   -0.0241006703     0.0139414085    -0.0321735102
    0.0105958550    -0.0107591038     0.0181026996
   -0.0101870880    -0.0055006273     0.0036485465
    0.0089801099     0.0191535011    -0.0201145005
    0.0402154560     0.0130832533     0.0415973747
   -0.0157156294    -0.0051554936    -0.0154460821
    0.0036031905    -0.0058213172     0.0026011614
   -0.0038238373     0.0010626713    -0.0008344726
   -0.0000355412    -0.0018795911     0.0004249215
   -0.0073521573    -0.0041482703     0.0083861946
    0.0027586981     0.0002768465     0.0080235646
    0.0032276841    -0.0047835275    -0.0159616068
   -0.0111297103     0.0069574294    -0.0040404522
   -0.0263083013    -0.0147194469    -0.0182202902
    0.0079382418    -0.0051638228     0.0020534241
   -0.0010152290    -0.0009583813     0.0023343868
    0.0048357862     0.0025464199     0.0106535237
    0.0245989856    -0.0284664765     0.0335550669
    0.0025851324     0.0222437711     0.0110172026
   -0.0256600826     0.0091068069    -0.0516540827
    0.0239609223    -0.0262095302     0.0513869473
   -0.0167212714    -0.0038991103    -0.0196787890
    0.0060344702    -0.0223951408    -0.0116312808
    0.0191506280    -0.0093907905     0.0047365113
   -0.0160847239     0.0077896767    -0.0007178981
   -0.0048361332     0.0027768646    -0.0021537153
   -0.0141507066     0.0132991523    -0.0180449452
    0.0010840456     0.0011208715    -0.0023157291
    0.0001440160    -0.0001315681     0.0019043985
    0.0096454755     0.0063027549     0.0091892206
    0.0008457745     0.0135412102     0.0023800629
    0.0024647774     0.0020111670     0.0086324157
   -0.0247334822     0.0248046690    -0.0404602137
    0.0024497500    -0.0144033709     0.0294287626
    0.0034062323     0.0195442269    -0.0400272883
    0.0065278897    -0.0105970813     0.0300964392
    0.0047839077    -0.0010643683    -0.0007398885
   -0.0049890122     0.0168611703    -0.0024622242
    0.0144519268     0.0114658006    -0.0208400093
   -0.0361298806    -0.0238626949     0.0553736323
    0.0243232835     0.0082473540    -0.0314463805
    0.0461593452    -0.0630686351     0.0007577372
    0.0225970258     0.0195944284    -0.0448911326
    0.0196296142    -0.0150474825     0.0261189562
   -0.0048189171     0.0080331609    -0.0068332955
   -0.0027263031     0.0010808871    -0.0003327093
   -0.0016762386    -0.0009404158    -0.0003013351
    0.0044002841    -0.0042039212     0.0046467947
   -0.0030812860    -0.0054311047    -0.0022705299
    0.0026640418    -0.0015924002     0.0023037365
   -0.0002781505    -0.0012263959    -0.0016598838
   -0.0013907399     0.0125399674    -0.0085951895
   -0.0172253954     0.0247725594    -0.0058735457
   -0.0213464018     0.0160952981     0.0138458927
   -0.0100515575    -0.0172152877     0.0221546038
   -0.0177303402     0.0085270884     0.0162034262
   -0.0134843428     0.0023160614    -0.0206876876
    0.0153491228     0.0054923990     0.0279112406
   -0.0046132526    -0.0721285434     0.0812344908
   -0.0083438195     0.0007891528    -0.0464937857
    0.0021134670    -0.0004952114    -0.0005456608
    0.0123021375     0.0118080597    -0.0251043874
   -0.0057792425     0.0077169769     0.0072736458
   -0.0256139927    -0.0013184215     0.0074878361
    0.0230110477    -0.0304862930     0.0017321738
    0.0065352585    -0.0050984012     0.0162156752
   -0.0082077559     0.0050930309    -0.0148096348
   -0.0021104809     0.0022605395    -0.0010560858
   -0.0020938637    -0.0032205441     0.0011356392
    0.0044059036    -0.0031518331     0.0087111026
   -0.0081318527    -0.0107500956     0.0095782971
    0.0010153854    -0.0005534446    -0.0003756302
   -0.0001591344     0.0003864830    -0.0001668600
    0.0031086933     0.0039168788    -0.0047243217
    0.0136414026    -0.0047958452    -0.0068748656
   -0.0053652346     0.0126122699     0.0072915942
    0.0001478194     0.0152737641    -0.0102330022
   -0.0090594719     0.0011273294     0.0029288654
    0.0691088804    -0.0265693874     0.0950054760
    0.0170088106    -0.0037291411     0.0103246325
   -0.0079758319    -0.0617489963    -0.0709114051
   -0.0051912249     0.0089724092     0.0069552423
   -0.0090878683     0.0123273712    -0.0207794582
    0.0313530035    -0.0232578768     0.0261839009
   -0.0327070662     0.0125980974    -0.0420977912
    0.0101000900    -0.0121243541     0.0176924423
    0.0150797136     0.0033199101     0.0170213827
    0.0149554970     0.0018583484    -0.0001949866
   -0.0013258662    -0.0029691480     0.0069313309
   -0.0019380261    -0.0033616511     0.0070087905
    0.0046056017    -0.0073846693    -0.0021907036
    0.0012797194     0.0032735422    -0.0104653773
   -0.0154671871     0.0097508560     0.0022992119
   -0.0917706170    -0.0435481720    -0.0434137168
    0.0011483653    -0.0027764933     0.0108183899
    0.0050968585     0.0093160119    -0.0222020752
    0.0006815847    -0.0023762022     0.0078864052
   -0.0062290796    -0.0124338894    -0.0269592112
    0.0198251622     0.0102687592     0.0078823827
   -0.0054443529    -0.0282592580     0.0265225053
   -0.0108408085    -0.0098218877    -0.0244717616
    0.0008772863     0.0006254121    -0.0103927873
   -0.0025646018    -0.0038844462     0.0073281656
   -0.0056646811    -0.0007465874     0.0002686759
   -0.0057754649    -0.0017265062    -0.0058935689
   -0.0024291142    -0.0037666983     0.0028683592
    0.0052656953     0.0012086927    -0.0030930725
    0.0040257593     0.0089761136    -0.0143386973
    0.0017019655     0.0174911517     0.0005345947
    0.0028617284    -0.0128713756     0.0281058425
    0.0052789583     0.0118247179    -0.0013439132
    0.0215288692    -0.0178835780     0.0219252275
   -0.0142394098     0.0117623969    -0.0123707609
   -0.0161867739    -0.0203584960     0.0095052644
    0.0167953973     0.0114291842    -0.0135595641
   -0.0061272891    -0.0247526314     0.0410934549
   -0.0037030755     0.0161400539    -0.0308113055
   -0.0010791491     0.0030670424    -0.0047252418
   -0.0060899784     0.0025008012    -0.0159783808
   -0.0027041377     0.0011353708    -0.0039694559
   -0.0008672401     0.0037476805    -0.0053582045
    0.0076379413     0.0079912121     0.0031529576
    0.0004367334    -0.0005016884     0.0026743887
   -0.0036130198    -0.0017358473    -0.0001519076
   -0.0150217472     0.0059262622    -0.0211104664
   -0.0007743649     0.0026314265     0.0196799440
    0.0121677760     0.0081508235    -0.0031504348
   -0.0090668814     0.0043782769    -0.0075590353
   -0.0067526931    -0.0106805649    -0.0126665231
    0.0134095435    -0.0019040852     0.0127482649
    0.0084870909     0.0272704422    -0.0323230187
    0.0082992336    -0.0065426722     0.0079587805
   -0.0017364242     0.0004326901    -0.0048192267
    0.0030182724    -0.0029602369     0.0029920505
   -0.0077173882     0.0058374377    -0.0087449482
   -0.0129487496    -0.0052382906     0.0135262478
   -0.0034676965    -0.0033656062     0.0006046142
    0.0077446306    -0.0111823655     0.0166800880
    0.0004052825    -0.0200238353     0.0172102679
    0.0032228552     0.0115281260    -0.0098508846
    0.0110122170    -0.0008880992     0.0332819761
   -0.0050435386     0.0053480884    -0.0082604248
   -0.0091320457     0.0089398845    -0.0026129286
    0.0129978731     0.0041149813    -0.0210220137
   -0.0052173810    -0.0115787268     0.0320390411
    0.0134121018    -0.0036463313     0.0130035102
    0.0161126224     0.0003432292    -0.0208990784
   -0.0047634325     0.0029875203    -0.0068280993
   -0.0001071760    -0.0012836077     0.0032408586
    0.0052886542    -0.0052536429     0.0077412030
   -0.0003922071    -0.0019205402     0.0002583358
    0.0022963113    -0.0031247883     0.0041303063
   -0.0026409516    -0.0018653605     0.0007296052
   -0.0058843562     0.0088977913    -0.0142820622
   -0.0004018884    -0.0002439291    -0.0021270866
   -0.0052818217     0.0067560164    -0.0065547004
   -0.0078927764    -0.0026405027    -0.0031236429
   -0.0030631158     0.0099305790     0.0041387021
    0.0015793910    -0.0075411826     0.0128791986
   -0.0111476032    -0.0042311912    -0.0016947900
   -0.0071675073    -0.0060387584    -0.0307463276
   -0.0111770956     0.0098178838    -0.0200960180
    0.0214538830     0.0706023979    -0.0034466463
   -0.0054474375     0.0068133259    -0.0061873190
   -0.0085245578     0.0010670437     0.0049152789
    0.0356941881     0.0224365309     0.0157042098
    0.0073940250    -0.0049396307     0.0180355941
    0.0048734649    -0.0039351191     0.0071473953
    0.0029621796    -0.0099425902     0.0117387356
   -0.0014965863    -0.0009628880    -0.0016256616
   -0.0073375027    -0.0029541426     0.0040570251
   -0.0190738351    -0.0214678696    -0.0094931853
   -0.0068169844     0.0015192209    -0.0112531566
    0.0013345396     0.0008729133    -0.0022341640
   -0.0051212615     0.0027405109    -0.0128686126
   -0.0008337758    -0.0010938499    -0.0013378602
    0.0971126611    -0.0512968468     0.0414601977
    0.0392112613    -0.0072105914    -0.0207866308
   -0.0424429058     0.1082938818     0.0258208797
   -0.0083051260    -0.0428802960    -0.0230998005
   -0.0195695631     0.0008488859     0.0115085621
    0.0014092437    -0.0101570878     0.0028902040
   -0.0122045425     0.0247569002     0.0055143517
    0.0256515880    -0.0716744980    -0.0015880898
    0.0102192377    -0.0031917864     0.0082771943
   -0.0007961680     0.0017439007     0.0064838238
    0.0035430001    -0.0023168797     0.0026633881
    0.0004986607    -0.0004571977    -0.0003395186
    0.0063727840     0.0190753374    -0.0092837172
   -0.0187380895     0.0413903460     0.0035335812
    0.1329721007     0.0332316021    -0.0051497225
   -0.0683020207    -0.0263795712     0.0101336280
    0.0259209080     0.1336990634    -0.0156261908
   -0.0646492997    -0.0195747487    -0.0327537663
   -0.0636292166    -0.0824903024    -0.0885640170
    0.0076389464     0.0613674703    -0.0399597156
   -0.0881492897     0.0392615131    -0.0966336949
   -0.0002186297     0.0507614916     0.0551964332
    0.0935764227     0.0666723643     0.0746506240
   -0.0055117996    -0.0718190893     0.0177808283
   -0.1166330356     0.0550783811    -0.0505555509
    0.0346849778    -0.0629761887    -0.0027069912
---------------------------------------------------
Net gradient:  2.966239e-09 -3.916715e-09 -1.153310e-09
Net torque:   -6.583421e-03  3.887188e-03  2.234297e-03

Total processing time: 60.54 sec 

 Job finished: Fri May 24 13:16:40 2019

