Startfile from command line: /home/lum/3j63/refine6_0.5_0.5_x30/ase/7/7_capping.sp


       ***********************************************************
       *                    TeraChem v1.93P                      *
       *                 Hg Version: 79b87f121f2d                *
       *                   Production Version                    *
       *                Compiled without textures                *
       *           Chemistry at the Speed of Graphics!           *
       ***********************************************************
       * This program may only be used in connection with        *
       * a valid license from PetaChem, LLC. Use of this program *
       * or results thereof indicates acceptance of all terms    *
       * and conditions stated in the license and that a valid   *
       * license agreement between the user and PetaChem, LLC    *
       * exists. PetaChem, LLC does not warrant the correctness  *
       * of results or their suitability for any purpose.        *
       * Please email bugs, suggestions, and comments to         *
       *                  help@petachem.com                      *
       *                                                         *
       ***********************************************************


       ***********************************************************
       *  Compiled by toddmtz      Wed Aug 16 03:32:31 PDT 2017  *
       *  Supported architectures: sm_20 sm_30 sm_50 sm_60       *
       *  Cuda compilation tools, release 8.0, V8.0.44           *
       ***********************************************************


 Job started   Tue Apr 30 00:02:13 2019
 On cu36 (available memory: 61556 MB)

######################################### RUNTIME INFO ##########################################
/public/qmsoft/TeraChem/bin/terachem /home/lum/3j63/refine6_0.5_0.5_x30/ase/7/7_capping.sp 

NVRM version: NVIDIA UNIX x86_64 Kernel Module  396.26  Mon Apr 30 18:01:39 PDT 2018
GCC version:  gcc version 4.8.5 20150623 (Red Hat 4.8.5-4) (GCC) 

	linux-vdso.so.1 (0x00007ffd28ce2000)
	libcurl.so.4 => /lib64/libcurl.so.4 (0x00002b63a11c5000)
	libintbox.so.1 => /public/qmsoft/TeraChem/lib/libintbox.so.1 (0x00002b63a142d000)
	libthcbox.so.1 => /public/qmsoft/TeraChem/lib/libthcbox.so.1 (0x00002b63c103b000)
	libgridbox.so.1 => /public/qmsoft/TeraChem/lib/libgridbox.so.1 (0x00002b63c2ba5000)
	libdftbox.so.1 => /public/qmsoft/TeraChem/lib/libdftbox.so.1 (0x00002b63c3096000)
	libcublas.so.8.0 => /public/qmsoft/TeraChem/lib/libcublas.so.8.0 (0x00002b63c33a7000)
	libcufft.so.8.0 => /public/qmsoft/TeraChem/lib/libcufft.so.8.0 (0x00002b63c5d57000)
	libcuda.so.1 => /public/qmsoft/TeraChem/lib/libcuda.so.1 (0x00002b63ceba5000)
	libcudart.so.8.0 => /public/qmsoft/TeraChem/lib/libcudart.so.8.0 (0x00002b63cfb25000)
	libcrypto.so.10 => /lib64/libcrypto.so.10 (0x00002b63cfd8b000)
	libssl.so.10 => /lib64/libssl.so.10 (0x00002b63d0172000)
	libm.so.6 => /lib64/libm.so.6 (0x00002b63d03df000)
	libcilkrts.so.5 => /public/qmsoft/TeraChem/lib/libcilkrts.so.5 (0x00002b63d06e1000)
	libstdc++.so.6 => /lib64/libstdc++.so.6 (0x00002b63d0922000)
	libgcc_s.so.1 => /lib64/libgcc_s.so.1 (0x00002b63d0c2a000)
	libpthread.so.0 => /lib64/libpthread.so.0 (0x00002b63d0e40000)
	libdl.so.2 => /lib64/libdl.so.2 (0x00002b63d105e000)
	libc.so.6 => /lib64/libc.so.6 (0x00002b63d1262000)
	/lib64/ld-linux-x86-64.so.2 (0x00002b63a0fa2000)
	libidn.so.11 => /lib64/libidn.so.11 (0x00002b63d160f000)
	libssh2.so.1 => /lib64/libssh2.so.1 (0x00002b63d1842000)
	libssl3.so => /lib64/libssl3.so (0x00002b63d1a6c000)
	libsmime3.so => /lib64/libsmime3.so (0x00002b63d1cae000)
	libnss3.so => /lib64/libnss3.so (0x00002b63d1ed5000)
	libnssutil3.so => /lib64/libnssutil3.so (0x00002b63d21fb000)
	libplds4.so => /lib64/libplds4.so (0x00002b63d2427000)
	libplc4.so => /lib64/libplc4.so (0x00002b63d262b000)
	libnspr4.so => /lib64/libnspr4.so (0x00002b63d2830000)
	libgssapi_krb5.so.2 => /lib64/libgssapi_krb5.so.2 (0x00002b63d2a6e000)
	libkrb5.so.3 => /lib64/libkrb5.so.3 (0x00002b63d2cba000)
	libk5crypto.so.3 => /lib64/libk5crypto.so.3 (0x00002b63d2f9f000)
	libcom_err.so.2 => /lib64/libcom_err.so.2 (0x00002b63d31d1000)
	liblber-2.4.so.2 => /lib64/liblber-2.4.so.2 (0x00002b63d33d5000)
	libldap-2.4.so.2 => /lib64/libldap-2.4.so.2 (0x00002b63d35e4000)
	libz.so.1 => /lib64/libz.so.1 (0x00002b63d3837000)
	librt.so.1 => /lib64/librt.so.1 (0x00002b63d3a4d000)
	libnvidia-fatbinaryloader.so.396.26 => /lib64/libnvidia-fatbinaryloader.so.396.26 (0x00002b63d3c55000)
	libkrb5support.so.0 => /lib64/libkrb5support.so.0 (0x00002b63d3ea1000)
	libkeyutils.so.1 => /lib64/libkeyutils.so.1 (0x00002b63d40b0000)
	libresolv.so.2 => /lib64/libresolv.so.2 (0x00002b63d42b4000)
	libsasl2.so.3 => /lib64/libsasl2.so.3 (0x00002b63d44cb000)
	libselinux.so.1 => /lib64/libselinux.so.1 (0x00002b63d46e8000)
	libcrypt.so.1 => /lib64/libcrypt.so.1 (0x00002b63d490d000)
	libpcre.so.1 => /lib64/libpcre.so.1 (0x00002b63d4b44000)
	liblzma.so.5 => /lib64/liblzma.so.5 (0x00002b63d4da5000)
#################################################################################################

       ********************** License Check **********************
       * Use license from: /public/qmsoft/TeraChem/license.dat
       * Available Host id: AC1F6B20F5BA
       * Available Host id: AC1F6B20F5BB
       * Available Host id: 5254002FE74B
       * Available Host id: 5254002FE74B
       * License Host id: AC1F6B20F5BA
       * License expires: 2019-10-21
       ********************** License OK *************************
Scratch directory: /tmp/lum/3j63/refine6_0.5_0.5_x30/ase/7/scr
Random number seed: 1819925462

XYZ coordinates /home/lum/3j63/refine6_0.5_0.5_x30/ase/7/7_capping.xyz
Molden File Output: /tmp/lum/3j63/refine6_0.5_0.5_x30/ase/7/scr/7_capping.molden
Using basis set: 6-31g
Spin multiplicity: 1
DIIS will use up to 10 vectors.
WF convergence threshold: 3.00e-05
Using DIIS algorithm to converge WF
Maximum number of SCF iterations: 200
Incremental fock with rebuild every 8 iterations
Will switch to conventional Fock if diffuse functions are detected
X-matrix tolerance: 1.00e-04
PRECISION: DYNAMIC
DFT Functional requested: hf
Method: Hartree-Fock 
Wavefunction: RESTRICTED
Initial guess generated by maximum overlap

********************************************
**** SINGLE POINT GRADIENT CALCULATIONS ****
********************************************
SCF:   Initial guess is taken from previous step
COSMO model for polarizable continuum model enabled

using 4 out of 4 CUDA devices
   Device 0:  GeForce GTX 1080 Ti, 11178MB, CC 6.1 -- CPU THREAD 0
   Device 1:  GeForce GTX 1080 Ti, 11178MB, CC 6.1 -- CPU THREAD 1
   Device 2:  GeForce GTX 1080 Ti, 11178MB, CC 6.1 -- CPU THREAD 2
   Device 3:  GeForce GTX 1080 Ti, 11178MB, CC 6.1 -- CPU THREAD 3
-------------------------------------------------------------------
Compiled with MAGMA support.  MAGMA parameters:
    Matrices larger than 5000 square will be treated with MAGMA
       (Change by setting the MagmaMinN environment variable)
    Magma will use 1 out of 4 GPUs
       (Change by setting the MagmaNGPUs environment variable)
-------------------------------------------------------------------
 CPU Memory Available: 8018.12 MegaWords 
 GPU Memory Available: 1141.31 MegaWords 
 Maximum recommended basis set size: 12200 basis functions
 (limited by GPU memory)
-------------------------------------------------------------------
Not using d-functions. Configuring GPUs accordingly.
0: CUBLAS initialized, available GPU memory: 9669MB
1: CUBLAS initialized, available GPU memory: 9669MB
2: CUBLAS initialized, available GPU memory: 9669MB
3: CUBLAS initialized, available GPU memory: 9669MB


Basis set:       6-31g
Total atoms:     364
Total charge:    -3
Total electrons: 1332 (666-alpha, 666-beta)
Number electrons modeled by ECPs: 0
Total orbitals:  1929
Total AO shells: 1243 (900 S-shells; 343 P-shells; 0 D-shells; 0 F-shells; 0 G-shells)
Spin multiplicity: 1
Nuclear repulsion energy (QM atoms): 54773.436821049982 a.u.

=COSMO= Number of H atoms in QM atoms:193
=COSMO= Number of Heavy atoms in QM atoms:171
reached first line of InitCosmoSwigNoMatrix
q is allocated
B is allocated
Bz is allocated
z is allocated
c is allocated
=COSMO= No Matrix Cosmo Initialization finished.
=COSMO= ++++++++++++++++++++++++++++++ COSMO parameters ++++++++++++++++++++++++++++++
=COSMO= I. Cavity Information:
=COSMO= SAS(Solvent accesible surface) initialization finished
=COSMO= Time for initializing Molecular Surface:0.38368600 (sec)
=COSMO= Time for initializing cosmo calculation:0.15131200 (sec)
=COSMO= Cavity effective radius(Angstrom) (r_solv+r_vdw-dsc) was written into /tmp/lum/3j63/refine6_0.5_0.5_x30/ase/7/scr/ratom.txt
=COSMO= Solvent Dielectric Constant:78.390000
=COSMO= Cosmo Solvent radius:0.000000
=COSMO= Cosmo charge scaling method:0
=COSMO= Cavity built with Lebedev Grid
=COSMO= Grid points/QM Hydrogen: 110
=COSMO= Grid points/QM Heavy atom: 110
=COSMO= Herbert Switching-Gaussian method turned on
=COSMO= After removing points inside of SAS:
=COSMO= Total number of segments on molecular surface:19658
=COSMO= Number of segments belonging to QM atoms:19658
=COSMO= Total surface area of cavity: 2683.0906(Angstrom^2)
=COSMO= Total volume of cavity: 1538.8607 (Angstrom^3)
=COSMO= II. COSMO integral options:
=COSMO= Building COMSO c vector with original algorithm
=COSMO= COSMO one-electron integral threshold: 1e-12 
=COSMO= III. Linear solver options:
=COSMO= Initialize COSMO for A matrix in no matrix storage form
=COSMO= CG precondtioner:Jacobi
=COSMO= Tight CG convergence threshold:1e-06
=COSMO= CG dynamic threshold: on
=COSMO= Adjust CG convergence threshold dynamically
=COSMO= IV. PCM field read/write options:
=COSMO= PCM field is not written to files
=COSMO= No PCM field file is read in
=COSMO= ++++++++++++++++++++++++++++++++++++++++++++++++++++++++++++++++++++++++++++++++

                      *** Start SCF Iterations ***

 Iter     DIIS Error       Energy change         Energy              E_PCM      Time(s)
---------------------------------------------------------------------------------------
         >>> Purifying P... IDMP = 3.61e-14 <<<
THRESPDP set to 1.00e+00
   1     0.4192883105   -8658.7421601091   -8658.7421601091     -2.7332518627    5.49  
   2     0.5453538628     -17.6679228811   -8676.4100829902    -10.5720041413    5.88  
   3     0.4595604419     -21.1402575737   -8697.5503405638     -5.9991043892    5.88  
   4     0.3219167448     -17.6471159001   -8715.1974564639     -2.1024556117    5.66  
   5     0.2254766639      +1.5903663924   -8713.6070900715     -2.5038247550    5.62  
   6     0.0866636382      -4.5941801478   -8718.2012702193     -1.2009625385    5.57  
   7     0.0296381194      -0.1886455547   -8718.3899157740     -1.1794693881    4.93  
   8     0.0327717870      -0.0319214047   -8718.4218371787     -1.1733444433    4.79  
THRESPDP set to 8.20e-05
   9     0.0151960565      -0.0148011814   -8718.4366383601     -1.1690580026    5.67  
  10     0.0106692437      -0.0064900985   -8718.4431284586     -1.1646051099    4.74  
  11     0.0055070733      -0.0013805961   -8718.4445090547     -1.1633506385    4.51  
  12     0.0014861422      -0.0005117249   -8718.4450207796     -1.1618994471    4.45  
  13     0.0006699309      -0.0000746892   -8718.4450954688     -1.1614449915    4.50  
  14     0.0005270359      -0.0000144845   -8718.4451099532     -1.1614086217    4.30  
  15     0.0004159928      +0.0000004482   -8718.4451095050     -1.1613667535    4.17  
  16     0.0003312940      -0.0000053689   -8718.4451148739     -1.1613733644    4.04  
  17     0.0002067561      -0.0000041927   -8718.4451190667     -1.1613910536    5.54  
  18     0.0000953262      -0.0000034696   -8718.4451225363     -1.1613908844    4.04  
  19     0.0000304813      +0.0000013087   -8718.4451212275     -1.1613965806    4.20  
  20     0.0000165173      +0.0000095399   -8718.4451116877     -1.1613937327    3.25  
---------------------------------------------------------------------------------------
FINAL ENERGY: -8718.4451116877 a.u.
WARNING: Final energy is higher than the lowest energy by   1.0849e-05.
C-PCM contribution to final energy:-1.1613937327 a.u. ( already included in final energy )
Computing C-PCM contribution to gradient...
CENTER OF MASS: {20.868281, 11.754705, 17.810919} ANGS
DIPOLE MOMENT: {-20.312755, 64.326401, 48.835805} (|D| = 83.279227) DEBYE
Cannot open /tmp/lum/3j63/refine6_0.5_0.5_x30/ase/7/scr
Writing out molden info

Gradient units are Hartree/Bohr
---------------------------------------------------
        dE/dX            dE/dY            dE/dZ
   -0.0728472455     0.1942634290    -0.1876313853
    0.0849705239    -0.1246751056     0.0981269817
    0.0189455071     0.1323738721     0.1268003865
    0.0262079025     0.0000102638    -0.0398305709
    0.0140818786    -0.1319816276    -0.1813241794
   -0.0585899956     0.0029350892     0.1783581037
   -0.2534496128    -0.0073138365     0.0080095925
    0.0406147553     0.9962771622    -0.4708825100
    0.0839519816     0.0241288009     0.1728854884
   -0.0106322898     0.2067845340    -0.0906780973
    0.0118040245    -0.2264126933     0.0882600461
   -0.0002392201    -0.0321125358     0.1113681954
   -0.0083375274     0.0585283093    -0.0376391116
    0.0184355318     0.0374476000     0.0053836129
   -0.0307541932     0.0382048745     0.0580028532
    0.0133531654     0.0255700243    -0.0101090634
    0.0287593134     0.0087852212    -0.0420097916
    0.2176327771     0.0143231540    -0.0871420669
    0.0234433105    -0.0398440576     0.0015143760
   -0.0704488260    -0.9538028523     0.3670519704
   -0.0184635214    -0.0873691037    -0.0199433581
    0.0241524354    -0.0158542097     0.0706588499
   -0.0128066813     0.0823108678    -0.0483712159
   -0.0388646817     0.0042550216    -0.0832774537
   -0.1122520522    -0.1058941224     0.0093196954
   -0.1898470526     0.0633945780    -0.0561940136
    0.8682741903    -0.9685955939    -1.6779767397
   -1.1634674716     1.2944472198     1.6630534419
    0.1648847787     0.0229576290     0.4136201928
   -0.0949796492    -0.1884722262    -0.1238175302
   -0.1215705578     0.0530225807     0.0164133895
    0.1621196140     0.1233533068     0.0770579138
    0.0680841537    -0.0061747059    -0.0457033637
    0.0506345528    -0.0268812355     0.0098516577
    0.0117329858     0.0177853476    -0.3346845432
   -0.0518342200     0.0081045008    -0.0291020740
    0.4569481339    -0.5036132504     0.0576781573
   -0.0670406763     0.1626161960    -0.0703054277
    1.6380830102    -0.0322016277    -3.0701157002
   -1.6065570419     0.0057536989     3.0377159830
    0.0108888821     0.5444243624     0.4025801371
   -0.0814660856     0.0939255835     0.0535981503
    0.0314426671    -0.0477779513    -0.0040457538
   -0.0100987430    -0.0122150516    -0.0737157959
   -0.0650071962    -0.0562453485    -0.0044883330
    0.0955731217    -0.4871097277    -0.3000722265
   -2.2201691305     0.4989445787     7.9355199550
    0.3459096204    -0.2919629158    -0.0488479537
   -0.2788301662     0.2216133452     0.1459744008
    0.0754949115    -0.0013214397    -0.0790809481
    0.1541818833    -0.0434484262     0.1293231701
    0.0051888074    -0.0596263883    -0.0793556770
   -0.0718890556     0.1249654357     0.3338435244
    0.0798383047     0.1161824371     0.0197540845
    2.0852048711    -0.5044726511    -7.8386819405
   -0.0244001446     0.0480979174    -0.0764786220
   -0.0821765109     0.1081675047    -0.1855678173
    0.0005019435     0.0064359356     0.0088655993
    0.0079101754     0.0319531618     0.0232828282
   -0.0959080859    -0.1927993286    -0.1429752465
    0.0630868970    -0.0281312605    -0.0395688900
   -0.0035157736     0.0321417899    -0.0839883894
   -0.0105930837    -0.0019428196    -0.0073416945
   -0.0467889616    -0.0570074093     0.0361254804
   -0.0204230597    -0.0339587801    -0.0272134598
   -0.0385315865     0.0518763887     0.0030354258
   -0.0353768408    -0.1694272708     0.0988118687
    0.1224675992    -0.0482114224    -0.2079824965
   -0.0707321832     0.0229532260     0.0954576171
   -0.2376196031     0.0258841474    -0.1733425198
    0.0665270189    -0.0727446148    -0.1033806230
   -0.0539273179     0.0799987065     0.3423824396
    0.0622190517     0.1046707345     0.2535743791
    0.0068856311    -0.0122886288    -0.0020534442
    0.0347167538     0.0303011385    -0.0130683151
    0.0250461978     0.0191514991     0.0676681762
    0.1731886119     0.0817036016    -0.0063664379
   -0.0107867216     0.0357984803     0.0633452010
    0.0314460155    -0.0348745533    -0.0260411560
    0.0236125429     0.0372859647    -0.0583587933
   -0.0423049108    -0.0921678689    -0.2258897868
   -0.0000304477    -0.0096376593    -0.0169422415
   -0.0090226561    -0.0572092595    -0.1950398077
   -0.0352025256    -0.0178110525    -0.0204693701
   -2.3067503595     0.0104181743     0.7215589857
   -0.1138144434     0.0902319547     0.0751061050
   -0.0260299356     0.5029089664     0.1068853159
    0.0491419072    -0.0466518335    -0.0677219546
   -0.0301360220    -0.0908375533    -0.4399885897
   -0.4261391691    -0.0997472185     0.1845302311
   -0.0903217214     0.0777992023    -0.0231414636
    0.5236048412     0.0109399279    -0.1392512831
    2.3083675963     0.0334309264    -0.5378194527
    0.0574061696    -0.0795346879    -0.0229557643
    0.0447489057    -0.0140439628     0.0176113227
    0.0341996408     0.1185769737     0.3427075312
   -0.0514857367    -0.5420164894    -0.1299211264
    0.1057893515    -0.0731180888     0.1312821345
    1.2478370026     2.0703117537    -1.9946453838
   -1.2089569914    -2.0004631863     1.8892944655
    0.1032832429     0.2454293522    -0.1062941597
   -0.0151610543     0.0407886446     0.0404581351
   -0.0244414527    -0.0010167454    -0.0662434651
   -0.0541832226    -0.1523678312     0.1480259427
   -0.0315917555    -0.0120317740     0.0089365071
   -0.0302770461    -0.0263017267    -0.0633121984
   -0.2194916663    -0.2354493219     0.3115345626
    0.1180851455     0.2259062964    -0.3167053818
   -0.0057859789     0.0724256703     0.0483298877
    0.1037542347    -0.0152298319    -0.0086050551
   -0.1203849543     0.0986619967     0.1551975143
    0.0477621733    -0.1161976573    -0.0761878770
   -0.1450478867     0.2471450562    -0.0053413769
   -0.1671605409    -0.1652043355     0.0416279863
    0.1011535133     0.1659310423    -0.1855698354
   -0.0468614607    -0.1865656334     0.1747870223
    0.0183547645     0.0034526578    -0.0101492538
    0.0557613899    -0.0209894972    -0.0316424590
    0.0097279367    -0.0040485340     0.0114058064
   -0.0426748609    -0.1444141145    -0.0845004317
    0.0599371787    -0.0324073086    -0.0283133868
    0.1152558634    -0.0245390492     0.1168300376
    0.0237396321     0.0521964636     0.0233702525
    0.0645740722    -0.0104399193     0.0458727956
    0.0499809594     0.1125189167    -0.1082641085
   -0.7906348079     0.2110640293     0.1834118182
    0.2149343976    -0.0741637062    -0.2015422272
    0.2640722697    -0.4955202519    -0.2956528143
   -0.1978231862     0.4840794082     0.4745140531
    0.1794048146     0.0323578243     0.5572119053
   -0.0081885642     0.0806391722    -0.4051374782
    0.2456564751    -0.3599685958    -0.4078209600
   -0.3004922597     0.3116585565     0.3334375775
    0.0190510973     0.0367342599     0.0480968364
    0.6020725297    -0.2428432530    -0.1683585081
   -0.1679433841     0.0092167213    -0.0571546899
   -0.0836371742     0.0128916157    -0.0342432195
   -0.0060509818    -0.0256812153    -0.0616486476
   -0.0094706730    -0.0196446627    -0.0062666740
   -0.0415029602    -0.0469953876     0.0252581597
   -0.4847688265     1.2776951603     1.5075003901
   -0.0592508164     0.0506594984    -0.1583561288
    1.1095919420     1.1289173957     0.7367271923
   -0.0095560431    -0.0046681516    -0.0843276769
   -0.1991475874     0.3450927276     0.2321994608
    0.4099183168     0.3546280102    -0.1497140699
   -0.0680535903    -0.1021236637     0.0251979432
   -0.4496063224    -0.3460007795     0.2397587613
    0.4046815685    -1.1862392052    -1.5097101971
    0.0062404675    -0.0695064563    -0.0105905317
    0.0079080691    -0.5398304615    -0.0146162657
    0.0163368261    -0.0049309307    -0.0582505251
    0.2986288184     0.1590322390    -0.1684699102
    0.0440722331     0.1091292755    -0.0072616272
   -1.1038218787    -1.1385701349    -0.6766489330
   -0.1106809274    -0.0572760569     0.0348664645
   -0.0864982276     0.3130361737    -0.0959307090
    0.0270342233    -0.0897405806     0.0309404976
    0.5890355378     0.2916460520    -0.3068459942
   -0.1558980535    -0.0462717607     0.1286637405
    0.1766684682    -0.3419109571    -0.2101758693
    0.0820531280     0.0320065827     0.0389090264
    0.0178569187    -0.0004860383     0.0496075968
    0.0435398897    -0.0218628178     0.0699359545
   -0.3992074956    -0.2735660258     0.2221760814
   -0.0674879501    -0.0044523396     0.0017750608
    0.0532100412     0.0543604897    -0.0246228008
   -0.0230872572     0.0195907750     0.0580074467
   -0.0614605663     0.3405011639     0.0831492027
   -0.0451717856    -0.0365227992     0.0332696054
   -0.0062310072    -0.0108722909    -0.0591724828
   -0.0281005824    -0.0205806770     0.0140013588
   -0.0348888952     0.0009866609    -0.0117354749
    0.2938299660    -0.3418508830     0.0585807419
   -0.0419531281     0.0803023528    -0.1348033285
   -0.0602184759     0.1608157242     0.0820557260
    0.0706718339    -0.2042936270    -0.1246471560
    0.0542462356    -0.0515360083     0.2272694883
    0.1133340680     0.1548318709    -0.4472790589
   -0.1148967927    -0.0834800835    -0.0119295043
   -0.0505164066     0.0803023682    -0.0158481850
   -0.0438814011     0.0076248730     0.0027830252
   -0.0448151007     0.0313923767    -0.0033710341
   -0.1070189505    -0.1277688122     0.4034667216
    0.0108725567     0.0045888398    -0.0207345612
    0.0349180820     0.0930519948    -0.0090243273
    0.0293110115    -0.0188668172    -0.0042864443
   -0.2444112535    -0.5081082676    -0.2120522002
    0.1125504490     0.1412553204     0.0159334743
    0.0027104132    -0.2868860108     0.0747682430
   -0.0045661044     0.0870581949     0.0265567975
   -0.0465804290    -0.3334080857    -0.2108380590
    0.1529080767     0.2431464699     0.0363248299
   -1.3812818768     2.3657150173     0.0568762780
    0.0575700801    -0.0149002621     0.0257253738
    1.3080254987    -2.3620409690    -0.1392497023
    0.2770279473     0.5203286004     0.1204560488
   -0.0188234602    -0.0103670666     0.0036435187
   -0.0314367918     0.0735989190     0.2639089267
    0.0518224786     0.1135506749    -0.1236599026
   -0.0708670285    -0.1154493820     0.0958711307
   -0.0428954050    -0.0328437478    -0.0289597238
   -0.0018920630     0.2560851467    -0.0341128402
   -0.0802860838     0.1669697820     0.1190610772
    0.0832989482    -0.1177127775    -0.1638474230
   -0.0543350015     0.0657048178     0.0882048914
   -0.0150980362    -0.2072197565    -0.1747705961
   -0.3821845629     0.2541859649     0.2935193614
   -0.0985013719     0.0322316811     0.0495694101
    0.5206118683    -0.2593987806    -0.2055743866
   -0.0167447013    -0.1038591009    -0.0478932874
    0.1132044185    -0.0472098747    -0.0543505750
    0.1270704598     0.0828809105     0.0409605553
   -0.1073738757     0.0419732321     0.0381696610
    0.0016425008    -0.0160130192    -0.0152034248
   -0.0038711116    -0.0021054868    -0.0233311736
    0.0626297300    -0.0273813431    -0.0323257308
    0.0113418810     0.0017319153    -0.0050758831
   -0.0164862198     0.0021098031     0.0060630683
   -0.0307620111     0.0513973134     0.0059982881
   -0.0731273700    -0.0136325689    -0.0191463086
    0.1416391535     0.0131385902    -0.0989074623
   -0.1096435516    -0.1880173454    -0.0407439721
    0.0723702035     0.0159819992     0.0005553370
   -0.1151346906     0.0867661712     0.0206790472
    0.2014577135     0.1998741792    -0.1054254575
   -0.0452350164     0.0931465639     0.1084320288
   -0.0172104343     0.0757218593    -0.0162454909
   -0.0536340792    -0.0068648947     0.0048018263
   -0.0762795399    -0.0535865146     0.1594223404
    0.0014325500    -0.0524590343     0.0182326347
    0.8286979548    -0.6072236919    -0.2963381739
   -0.4705262050     0.0899333290    -0.0216961040
  -11.1914502940     4.7183763655     5.9006109327
   11.3941466927    -4.7847931893    -5.9596789749
   -0.0464454709    -0.2164017159    -0.1626916580
    0.0183536684     0.1479706758     0.0993568574
   -0.1407672307    -0.0792357071     0.1047569127
   -0.2739811326     0.0316203737     0.1705607385
   -0.7010991180     0.4919611249     0.2335053226
    0.3655277836     0.0519020898     0.1050302250
    0.0484841091     0.0089459836     0.0350236480
    0.0198894369     0.0260453194    -0.0056873879
    0.0175006412     0.0048560744    -0.0122374631
    0.0074409163     0.0018895963    -0.0103250833
    0.0332602026     0.0110349251     0.0082517373
    0.0957102860     0.0379266981    -0.0802986315
    0.0139960733    -0.0354134958    -0.0377054165
    0.2046051270     0.0791560463    -0.1608182810
    0.0258077195    -0.0697521041     0.0368890400
   -0.1657138868     0.0780487247     0.0588887451
    0.2063669307    -0.0073364253     0.1600315060
    0.1510384186    -0.1015726911    -0.1628436503
   -0.0786370217     0.0662089045     0.0282711629
   -0.5061470380     0.1357939154     0.1786808431
    3.6681427059    -0.7125096117    -0.6275527980
   -0.4486669124    -0.6634944360    -0.1403069887
    0.0239184528     0.0172936734    -0.0363768386
   -0.0375656827     0.0398234430    -0.0468375087
    0.3938704664    -0.0596959176    -0.1799783479
   -3.5964872035     0.6537580232     0.6419763468
    0.5590757138     0.5410062057     0.0332898265
    0.0006567596     0.0560050563     0.0152525270
   -0.0995164402     0.0318346221     0.0313128198
   -0.3195119634    -0.0180639607     0.6352240575
    0.7040166489     0.0420807248    -0.0406843110
    0.6112246541    -0.1261393507    -0.9163438459
   -0.7355190561     0.1531837977     0.9431334539
    0.0589838535    -0.0596001517    -0.0701379632
   -0.0019497969     0.0171890341     0.0278499053
   -0.1156841124     0.1049686776    -0.0466091843
    0.3614190388     0.1324696718    -0.5646067658
   -0.5738338626    -0.0768070000    -0.0395353036
   -0.0676451873    -0.0088897599     0.0172043973
    0.0036575716    -0.0025054023     0.0035892252
    0.0036904638    -0.0195648263     0.0149861915
    0.0343370634    -0.0016201980     0.0667406984
    0.0442986732    -0.0002934503    -0.0002046370
    0.0623234137    -0.2298210533    -0.1633225030
    0.0550605784     0.1901032954     0.1494246570
   -0.1618757830     0.0941923487     0.1650714248
    0.1381396967    -0.1870808961    -0.2238514276
   -0.1194073119    -0.0681845996    -0.0855867726
    0.3181984709     0.6023298022    -0.1811384927
   -0.0333662783    -0.5509071781     0.2650783423
    0.1693208767     0.5532647066    -0.1074187248
   -0.1108526219     0.0942666910    -0.1825909225
   -0.0107677446     0.0402031718     0.1004707659
    0.0368932028     0.0063759186    -0.0568488477
    0.0116084782     0.0245851973     0.0421991363
    0.0186483437     0.0423917217     0.0063632211
   -0.0244827311    -0.0432721713    -0.0228279360
   -0.2165028302    -0.5029288780     0.1964617517
   -0.0044992701    -0.1045261834     0.0574974740
   -0.0371028253    -0.0223954438    -0.0286876190
    2.2763839148    -0.1137138517    -3.6038155359
   -0.1774460343    -0.0501118605    -0.1339934585
    0.0776263207     0.1688075383     0.0112916004
   -0.0457000657    -0.0563649112     0.0502745326
   -0.0199999935     0.0138884998     0.2784206408
    0.0622262682    -0.0573623983    -0.0985810655
   -0.0064087009     0.0194861348     0.0375197716
   -0.0817092113    -0.1288321356    -0.0344207278
   -2.3374885955     0.1702843735     3.5939263367
    0.0565499337     0.0227463645     0.0220977505
    0.0514911606     0.0831662416    -0.1945879200
   -0.0077272043    -0.0466553874    -0.0497260064
   -0.0437894066     0.0449561614     0.0628821650
   -0.0122627316    -0.0086264027     0.0002545733
    0.0491375145     0.0151454689     0.0502171952
   -0.0019698197     0.0656969092    -0.0246904250
    0.0421082328     0.0207017051    -0.0125629431
    0.2328930203     0.0538422886    -0.3237135616
   -0.1739252817    -0.1009377610    -0.0009004313
   -0.9723066236    -0.4958314856     0.8438589630
    0.9376281910     0.5012498458    -0.7804697576
   -0.0960196465    -0.1312617548    -0.0962592665
   -0.3671374182     0.0505135025     0.1505219673
   -0.1495282938    -0.1146624592     0.0363835399
    0.0748380334     0.0294438190     0.0186919075
    0.2344244624     0.0673483440     0.0022394901
   -0.2965667932     0.0602294970     0.2391566861
    0.1081909400     0.0086060585     0.0205320625
    0.0168003449     0.0357873362     0.0542012186
    0.0834184414     0.0332850112     0.0041527611
    0.3508953296     0.1048432731    -0.0495998351
    0.0203972999    -0.0442115353    -0.0566018455
   -0.0958173087    -0.0204893249    -0.0028458565
   -0.0679651771     0.0136083238    -0.0787958265
    0.1047123800     0.0401025493    -0.0548197392
    0.0089413487     0.0888687165     0.0444169602
    0.1124649920     0.0062180439    -0.2144449149
   -0.0911682182    -0.0141449467     0.1534791958
    0.0659352116    -0.1255524808    -0.1083685076
    0.0597945962    -0.1942884092    -0.0964231315
   -0.0118449602     0.1841843828    -0.0242487808
    0.0276041246     0.1465139783     0.6055734147
   -0.0278309130    -0.0108423175     0.0361058059
   -0.0211812979    -0.0098950764     0.0023221035
   -0.1186837230     0.1172924150     0.0636164366
   -0.0063019893    -0.0072725932     0.0164231428
   -0.0483190761     0.0436182134     0.0413528605
    0.0060181032    -0.0202955983     0.0271435349
   -0.0275458422    -0.0299496544    -0.0019670371
    0.0308341912    -0.0356020241    -0.0208918363
   -0.0618358178    -0.0856580894    -0.4645060268
    0.0322098621    -0.0395001707    -0.0455671409
    0.0025091252     0.0102412274    -0.0332465922
    0.0279298716    -0.1391075588     0.0271821011
   -0.0678398827     0.0781409393     0.0283279308
   -0.1052963856    -0.0429042617     0.1007145181
   -0.0620362394    -0.0044490261     0.0330595975
   -0.0644572960    -0.1200293215    -0.0175725512
   -0.1916023276     0.0292041040     0.0176161534
   -0.0192069594    -0.1102693317     0.0843066744
   -0.0504919932     0.0340961158    -0.0398202285
   -0.1016146598    -0.1121656275    -0.0086927785
    0.0930390206    -0.0256391716    -0.0216837269
   -0.1298157497     0.0004393708     0.0338954047
    0.0364603062     0.0540151829     0.0417684191
    0.1405999043    -0.0923626602     0.0538056290
   -0.0259017610    -0.0724737704    -0.0045485032
    0.1155393268    -0.0626779701     0.0527499301
    0.0245615314    -0.0532709315     0.0420973605
---------------------------------------------------
Net gradient: -6.780995e-10 -4.729929e-10  2.312107e-09
Net torque:    1.017199e-02 -8.709142e-03 -7.564518e-04

Total processing time: 116.67 sec 

 Job finished: Tue Apr 30 00:04:21 2019

