Startfile from command line: /home/lum/5ly6/refine11+10/ase/67/67_capping.sp


       ***********************************************************
       *                    TeraChem v1.93P                      *
       *                 Hg Version: 79b87f121f2d                *
       *                   Production Version                    *
       *                Compiled without textures                *
       *           Chemistry at the Speed of Graphics!           *
       ***********************************************************
       * This program may only be used in connection with        *
       * a valid license from PetaChem, LLC. Use of this program *
       * or results thereof indicates acceptance of all terms    *
       * and conditions stated in the license and that a valid   *
       * license agreement between the user and PetaChem, LLC    *
       * exists. PetaChem, LLC does not warrant the correctness  *
       * of results or their suitability for any purpose.        *
       * Please email bugs, suggestions, and comments to         *
       *                  help@petachem.com                      *
       *                                                         *
       ***********************************************************


       ***********************************************************
       *  Compiled by toddmtz      Wed Aug 16 03:32:31 PDT 2017  *
       *  Supported architectures: sm_20 sm_30 sm_50 sm_60       *
       *  Cuda compilation tools, release 8.0, V8.0.44           *
       ***********************************************************


 Job started   Fri May 24 13:19:07 2019
 On cu33 (available memory: 49025 MB)

######################################### RUNTIME INFO ##########################################
/public/qmsoft/TeraChem/bin/terachem /home/lum/5ly6/refine11+10/ase/67/67_capping.sp 

NVRM version: NVIDIA UNIX x86_64 Kernel Module  396.26  Mon Apr 30 18:01:39 PDT 2018
GCC version:  gcc version 4.8.5 20150623 (Red Hat 4.8.5-4) (GCC) 

	linux-vdso.so.1 (0x00007ffd5aef7000)
	libcurl.so.4 => /lib64/libcurl.so.4 (0x00002b4babc96000)
	libintbox.so.1 => /public/qmsoft/TeraChem/lib/libintbox.so.1 (0x00002b4babefe000)
	libthcbox.so.1 => /public/qmsoft/TeraChem/lib/libthcbox.so.1 (0x00002b4bcbb0c000)
	libgridbox.so.1 => /public/qmsoft/TeraChem/lib/libgridbox.so.1 (0x00002b4bcd676000)
	libdftbox.so.1 => /public/qmsoft/TeraChem/lib/libdftbox.so.1 (0x00002b4bcdb67000)
	libcublas.so.8.0 => /public/qmsoft/TeraChem/lib/libcublas.so.8.0 (0x00002b4bcde78000)
	libcufft.so.8.0 => /public/qmsoft/TeraChem/lib/libcufft.so.8.0 (0x00002b4bd0828000)
	libcuda.so.1 => /public/qmsoft/TeraChem/lib/libcuda.so.1 (0x00002b4bd9676000)
	libcudart.so.8.0 => /public/qmsoft/TeraChem/lib/libcudart.so.8.0 (0x00002b4bda5f6000)
	libcrypto.so.10 => /lib64/libcrypto.so.10 (0x00002b4bda85c000)
	libssl.so.10 => /lib64/libssl.so.10 (0x00002b4bdac43000)
	libm.so.6 => /lib64/libm.so.6 (0x00002b4bdaeb0000)
	libcilkrts.so.5 => /public/qmsoft/TeraChem/lib/libcilkrts.so.5 (0x00002b4bdb1b2000)
	libstdc++.so.6 => /lib64/libstdc++.so.6 (0x00002b4bdb3f3000)
	libgcc_s.so.1 => /lib64/libgcc_s.so.1 (0x00002b4bdb6fb000)
	libpthread.so.0 => /lib64/libpthread.so.0 (0x00002b4bdb911000)
	libdl.so.2 => /lib64/libdl.so.2 (0x00002b4bdbb2f000)
	libc.so.6 => /lib64/libc.so.6 (0x00002b4bdbd33000)
	/lib64/ld-linux-x86-64.so.2 (0x00002b4baba73000)
	libidn.so.11 => /lib64/libidn.so.11 (0x00002b4bdc0e0000)
	libssh2.so.1 => /lib64/libssh2.so.1 (0x00002b4bdc313000)
	libssl3.so => /lib64/libssl3.so (0x00002b4bdc53d000)
	libsmime3.so => /lib64/libsmime3.so (0x00002b4bdc77f000)
	libnss3.so => /lib64/libnss3.so (0x00002b4bdc9a6000)
	libnssutil3.so => /lib64/libnssutil3.so (0x00002b4bdcccc000)
	libplds4.so => /lib64/libplds4.so (0x00002b4bdcef8000)
	libplc4.so => /lib64/libplc4.so (0x00002b4bdd0fc000)
	libnspr4.so => /lib64/libnspr4.so (0x00002b4bdd301000)
	libgssapi_krb5.so.2 => /lib64/libgssapi_krb5.so.2 (0x00002b4bdd53f000)
	libkrb5.so.3 => /lib64/libkrb5.so.3 (0x00002b4bdd78b000)
	libk5crypto.so.3 => /lib64/libk5crypto.so.3 (0x00002b4bdda70000)
	libcom_err.so.2 => /lib64/libcom_err.so.2 (0x00002b4bddca2000)
	liblber-2.4.so.2 => /lib64/liblber-2.4.so.2 (0x00002b4bddea6000)
	libldap-2.4.so.2 => /lib64/libldap-2.4.so.2 (0x00002b4bde0b5000)
	libz.so.1 => /lib64/libz.so.1 (0x00002b4bde308000)
	librt.so.1 => /lib64/librt.so.1 (0x00002b4bde51e000)
	libnvidia-fatbinaryloader.so.396.26 => /lib64/libnvidia-fatbinaryloader.so.396.26 (0x00002b4bde726000)
	libkrb5support.so.0 => /lib64/libkrb5support.so.0 (0x00002b4bde972000)
	libkeyutils.so.1 => /lib64/libkeyutils.so.1 (0x00002b4bdeb81000)
	libresolv.so.2 => /lib64/libresolv.so.2 (0x00002b4bded85000)
	libsasl2.so.3 => /lib64/libsasl2.so.3 (0x00002b4bdef9c000)
	libselinux.so.1 => /lib64/libselinux.so.1 (0x00002b4bdf1b9000)
	libcrypt.so.1 => /lib64/libcrypt.so.1 (0x00002b4bdf3de000)
	libpcre.so.1 => /lib64/libpcre.so.1 (0x00002b4bdf615000)
	liblzma.so.5 => /lib64/liblzma.so.5 (0x00002b4bdf876000)
#################################################################################################

       ********************** License Check **********************
       * Use license from: /public/qmsoft/TeraChem/license.dat
       * Available Host id: AC1F6B20BA82
       * Available Host id: AC1F6B20BA83
       * Available Host id: 52540000F6B3
       * Available Host id: 52540000F6B3
       * License Host id: AC1F6B20BA82
       * License expires: 2019-10-21
       ********************** License OK *************************
Scratch directory: /tmp/lum/5ly6/refine11+10/ase/67/scr
Random number seed: 625574825

XYZ coordinates /home/lum/5ly6/refine11+10/ase/67/67_capping.xyz
Molden File Output: /tmp/lum/5ly6/refine11+10/ase/67/scr/67_capping.molden
Using basis set: 6-31g
Spin multiplicity: 1
DIIS will use up to 10 vectors.
WF convergence threshold: 3.00e-05
Using DIIS algorithm to converge WF
Maximum number of SCF iterations: 300
Incremental fock with rebuild every 8 iterations
Will switch to conventional Fock if diffuse functions are detected
X-matrix tolerance: 1.00e-04
PRECISION: DYNAMIC
DFT Functional requested: hf
Method: Hartree-Fock  with dispersion correction

*********************************************************
*                     WARNING                           *
* Dispersion correction is not supported for hf         *
*         Disabling dispersion correction               *
*********************************************************

Wavefunction: RESTRICTED
Initial guess generated by maximum overlap

********************************************
**** SINGLE POINT GRADIENT CALCULATIONS ****
********************************************
SCF:   Initial guess is taken from previous step
COSMO model for polarizable continuum model enabled

using 4 out of 4 CUDA devices
   Device 0:  GeForce GTX 1080 Ti, 11178MB, CC 6.1 -- CPU THREAD 0
   Device 1:  GeForce GTX 1080 Ti, 11178MB, CC 6.1 -- CPU THREAD 1
   Device 2:  GeForce GTX 1080 Ti, 11178MB, CC 6.1 -- CPU THREAD 2
   Device 3:  GeForce GTX 1080 Ti, 11178MB, CC 6.1 -- CPU THREAD 3
-------------------------------------------------------------------
Compiled with MAGMA support.  MAGMA parameters:
    Matrices larger than 5000 square will be treated with MAGMA
       (Change by setting the MagmaMinN environment variable)
    Magma will use 1 out of 4 GPUs
       (Change by setting the MagmaNGPUs environment variable)
-------------------------------------------------------------------
 CPU Memory Available: 8018.12 MegaWords 
 GPU Memory Available: 1141.31 MegaWords 
 Maximum recommended basis set size: 12200 basis functions
 (limited by GPU memory)
-------------------------------------------------------------------
Not using d-functions. Configuring GPUs accordingly.
0: CUBLAS initialized, available GPU memory: 8170MB
1: CUBLAS initialized, available GPU memory: 8170MB
2: CUBLAS initialized, available GPU memory: 8168MB
3: CUBLAS initialized, available GPU memory: 8170MB


Basis set:       6-31g
Total atoms:     171
Total charge:    -1
Total electrons: 600 (300-alpha, 300-beta)
Number electrons modeled by ECPs: 0
Total orbitals:  885
Total AO shells: 575 (420 S-shells; 155 P-shells; 0 D-shells; 0 F-shells; 0 G-shells)
Spin multiplicity: 1
Nuclear repulsion energy (QM atoms): 14293.024352741249 a.u.

=COSMO= Number of H atoms in QM atoms:94
=COSMO= Number of Heavy atoms in QM atoms:77
reached first line of InitCosmoSwigNoMatrix
q is allocated
B is allocated
Bz is allocated
z is allocated
c is allocated
=COSMO= No Matrix Cosmo Initialization finished.
=COSMO= ++++++++++++++++++++++++++++++ COSMO parameters ++++++++++++++++++++++++++++++
=COSMO= I. Cavity Information:
=COSMO= SAS(Solvent accesible surface) initialization finished
=COSMO= Time for initializing Molecular Surface:0.08682600 (sec)
=COSMO= Time for initializing cosmo calculation:0.02705200 (sec)
=COSMO= Cavity effective radius(Angstrom) (r_solv+r_vdw-dsc) was written into /tmp/lum/5ly6/refine11+10/ase/67/scr/ratom.txt
=COSMO= Solvent Dielectric Constant:78.390000
=COSMO= Cosmo Solvent radius:0.000000
=COSMO= Cosmo charge scaling method:0
=COSMO= Cavity built with Lebedev Grid
=COSMO= Grid points/QM Hydrogen: 110
=COSMO= Grid points/QM Heavy atom: 110
=COSMO= Herbert Switching-Gaussian method turned on
=COSMO= After removing points inside of SAS:
=COSMO= Total number of segments on molecular surface:9552
=COSMO= Number of segments belonging to QM atoms:9552
=COSMO= Total surface area of cavity: 1381.7456(Angstrom^2)
=COSMO= Total volume of cavity: 794.7633 (Angstrom^3)
=COSMO= II. COSMO integral options:
=COSMO= Building COMSO c vector with original algorithm
=COSMO= COSMO one-electron integral threshold: 1e-12 
=COSMO= III. Linear solver options:
=COSMO= Initialize COSMO for A matrix in no matrix storage form
=COSMO= CG precondtioner:Jacobi
=COSMO= Tight CG convergence threshold:1e-06
=COSMO= CG dynamic threshold: on
=COSMO= Adjust CG convergence threshold dynamically
=COSMO= IV. PCM field read/write options:
=COSMO= PCM field is not written to files
=COSMO= No PCM field file is read in
=COSMO= ++++++++++++++++++++++++++++++++++++++++++++++++++++++++++++++++++++++++++++++++

                      *** Start SCF Iterations ***

 Iter     DIIS Error       Energy change         Energy              E_PCM      Time(s)
---------------------------------------------------------------------------------------
         >>> Purifying P... IDMP = 2.26e-14 <<<
THRESPDP set to 1.00e+00
   1     0.2764324302   -3900.9934987464   -3900.9934987464     -0.3430138073    1.77  
   2     0.1310940982     -18.3736749393   -3919.3671736857     -0.2803083601    1.86  
   3     0.0498065783      -2.2584389559   -3921.6256126416     -0.3161660079    1.88  
   4     0.0218227544      -0.2175799484   -3921.8431925900     -0.2951595928    1.66  
   5     0.0068906945      -0.0360216361   -3921.8792142261     -0.3144952768    1.83  
THRESPDP set to 2.67e-04
   6     0.0037228127      -0.0037250541   -3921.8829392802     -0.3180312539    1.40  
   7     0.0023813507      -0.0007848035   -3921.8837240837     -0.3201387126    1.72  
   8     0.0013626259      -0.0001869068   -3921.8839109905     -0.3210679182    1.28  
   9     0.0008378906      -0.0000309537   -3921.8839419442     -0.3213339156    1.14  
  10     0.0003832286      -0.0000096689   -3921.8839516131     -0.3214038454    1.10  
  11     0.0002172354      -0.0000007338   -3921.8839523469     -0.3214007970    1.04  
  12     0.0000901346      -0.0000009556   -3921.8839533024     -0.3213912944    1.02  
  13     0.0000302109      -0.0000005261   -3921.8839538285     -0.3213836070    1.00  
  14     0.0000085950      -0.0000000063   -3921.8839538348     -0.3213809589    1.24  
---------------------------------------------------------------------------------------
FINAL ENERGY: -3921.8839538348 a.u.
C-PCM contribution to final energy:-0.3213809589 a.u. ( already included in final energy )
Computing C-PCM contribution to gradient...
CENTER OF MASS: {16.657185, 17.070107, 47.083385} ANGS
DIPOLE MOMENT: {37.963477, 20.290587, 24.276447} (|D| = 49.419424) DEBYE
Cannot open /tmp/lum/5ly6/refine11+10/ase/67/scr
Writing out molden info

Gradient units are Hartree/Bohr
---------------------------------------------------
        dE/dX            dE/dY            dE/dZ
   -0.0569647098    -0.0306036223    -0.0653833450
   -0.0170268806     0.0138488985    -0.0131732125
    0.0071015576     0.0405842978     0.0543467910
   -0.0031787424     0.0082027154    -0.0002438169
   -0.0075797679    -0.0293927244    -0.0149103127
    0.0029704732    -0.0179143739    -0.0101173924
   -0.0106810952    -0.0084519617     0.0008443290
    0.0110459591     0.0427569277     0.0114733040
    0.0046785890    -0.0015460294    -0.0027100313
   -0.0051653994    -0.0451940509    -0.0215775858
   -0.0096943101     0.0222106264     0.0224618502
    0.0130074378     0.0253634072     0.0046855492
   -0.0160990882     0.0215045922    -0.0278958809
    0.0001573249    -0.0036394282    -0.0035253556
    0.0006867360     0.0169829430     0.0039159273
    0.0029637128     0.0012754425     0.0086948757
    0.0017106542     0.0044634243     0.0020751897
    0.0012314767    -0.0060227777    -0.0054844853
   -0.0013064584    -0.0006237719     0.0003841359
    0.0038125574     0.0156473837     0.0060789632
   -0.0085587408    -0.0242410263    -0.0090630043
   -0.0517859030    -0.0293490276     0.0949464852
   -0.0078163467    -0.0304556055     0.0291096670
    0.0548775952    -0.0571192845    -0.0512121248
   -0.0027681553     0.0090132448    -0.0006801642
   -0.0007181212    -0.0022871582     0.0019943030
    0.0152294485    -0.0008811775     0.0135633415
   -0.0038695052     0.0146697871    -0.0021648171
   -0.0039295239     0.0037481784     0.0183952540
   -0.0051159864     0.0115942800    -0.0035329535
   -0.0027802107     0.0033100419    -0.0015237525
   -0.0097803020     0.0005870812    -0.0015595869
    0.0006819768    -0.0004680649    -0.0047734430
   -0.0021667126     0.0052450826    -0.0037437140
    0.0023556757    -0.0009308160    -0.0001878374
    0.0026814076    -0.0053609342     0.0037445462
    0.0010758229    -0.0049177888    -0.0018884825
   -0.0533446079    -0.0431589549     0.0981047230
    0.0018898094    -0.0003112050     0.0026465407
    0.0360928824    -0.0845900795    -0.0356816102
   -0.0067470979     0.0390150431    -0.0074586713
    0.0002560086     0.0004174221     0.0088387733
    0.0049109222     0.0052167587    -0.0024816105
   -0.0015959741     0.0044158431    -0.0259841924
    0.0047629180     0.0024009366     0.0307680215
    0.0079199736     0.0008123655     0.0630909855
   -0.0068932576    -0.0174674502     0.0185347924
   -0.0168999110    -0.0176466495    -0.0579317272
   -0.0031295636     0.0105555096     0.0143243532
    0.0014214263    -0.0032020947     0.0053609338
    0.0007645656     0.0016428573    -0.0033349678
    0.0000425873    -0.0012107889     0.0003141153
   -0.0019032573    -0.0054097127     0.0048759478
   -0.0008689238     0.0013889267    -0.0141444951
   -0.0005099495     0.0043986311    -0.0275264954
    0.0043587249     0.0089045558    -0.0050156329
    0.0125504886     0.0174632129     0.0201934533
   -0.0521308148    -0.0225770478    -0.0941852560
   -0.0117886240    -0.0000256242    -0.0196085685
   -0.0050632542     0.0987353022     0.0474394955
    0.0119404092    -0.0324715906     0.0049128588
    0.0066036444     0.0108443962    -0.0222688330
    0.0115106933    -0.0176955356     0.0288838831
    0.0111811674     0.0098197871     0.0039612651
   -0.0086785899     0.0126003647    -0.0199774530
   -0.0010777802     0.0028798078    -0.0019547314
    0.0016817619    -0.0085932546     0.0041207181
    0.0019107683     0.0019441310    -0.0020510297
   -0.0082821444     0.0011038822    -0.0159436137
   -0.0029094579     0.0114452336    -0.0046781393
   -0.0072184237    -0.0058597125     0.0009691468
    0.0010141159    -0.0036080906     0.0014299509
    0.0020190891    -0.0007910414    -0.0009931939
   -0.0701822967     0.0930253381     0.0090223211
   -0.0294220188     0.0214420960    -0.0154493804
    0.0108347102    -0.0089940621     0.0463296032
   -0.0051848155     0.0048894693    -0.0377395011
    0.0141376829    -0.0248202109     0.0123872750
    0.0079966012    -0.0076868358     0.0006019218
   -0.0015353852     0.0010761401     0.0030944273
   -0.0169639536    -0.0321149045     0.0046172263
   -0.0118068228    -0.0014580630     0.0205871642
    0.0046135892    -0.0094052156     0.0070384934
   -0.0048200003     0.0018133051     0.0028099792
   -0.0083899248     0.0127776270    -0.0069386228
   -0.0057122687     0.0061261087    -0.0057929453
   -0.0017590284    -0.0010886383    -0.0000615597
    0.0041094472     0.0010266857    -0.0020018154
    0.0036355044     0.0130633321     0.0073868497
    0.0074751438     0.0152679329    -0.0102371494
    0.0027226170    -0.0073998709    -0.0166011915
    0.0053451056     0.0202428504    -0.0041803292
    0.0137123117    -0.0250524638    -0.0742667636
   -0.0115202464     0.0189708948     0.0614228210
   -0.0118970086    -0.0190551423     0.0009780428
    0.0063397182     0.0064041894     0.0168596457
    0.0144262752     0.0173869749    -0.0022471396
   -0.0006622230     0.0021737526     0.0081530937
   -0.0076111887    -0.0086315324     0.0085790795
   -0.0000495763     0.0024755837     0.0018213031
   -0.0028838204     0.0017268235    -0.0020121743
    0.0014592116     0.0021125675    -0.0044656662
    0.0015656144    -0.0048132610    -0.0065045554
    0.0004848253    -0.0016814403     0.0009407760
   -0.0005260132    -0.0014923612     0.0001694802
   -0.0084975479    -0.0072123833    -0.0037162644
    0.0057766962     0.0131586842     0.0287158377
   -0.0123465737    -0.0096516508    -0.0103520645
   -0.0097818666     0.0887293762     0.0125117437
   -0.0028237292    -0.0127253547    -0.0136155633
    0.0179761034    -0.0055640508     0.0158770931
    0.0020432326     0.0046988119    -0.0082427024
   -0.0189121195    -0.0101183703    -0.0203571216
    0.0056500947    -0.0086844275     0.0019898667
    0.0109540786     0.0164223365     0.0150809143
    0.0000951445    -0.0054996465    -0.0094078935
   -0.0002661319     0.0022362575     0.0002216204
   -0.0081434163     0.0034211549    -0.0095525682
   -0.0027358365     0.0025252029     0.0000221379
   -0.0001341774     0.0002944287     0.0002774151
   -0.0017122866    -0.0032587919     0.0068663244
   -0.0611367205     0.0734692821     0.0099315014
   -0.0174025314    -0.0067945633    -0.0221493443
    0.0044969495    -0.0058149109    -0.0379614619
   -0.0022248802     0.0080772720     0.0355059733
    0.0031632379     0.0200554464     0.0392076980
   -0.0147516809    -0.0147278731     0.0055248628
    0.0067441381     0.0128790152    -0.0157223008
    0.0112568108     0.0103742628    -0.0039583041
   -0.0331575213     0.0072934325    -0.0235205754
    0.0004418023     0.0006565727    -0.0010315003
   -0.0018247036    -0.0022264135    -0.0203076998
   -0.0004858191    -0.0051154960    -0.0024977735
   -0.0005540378     0.0021577807    -0.0029255126
   -0.0004620684    -0.0102525327     0.0065055883
   -0.0032300913    -0.0032272484     0.0008723567
    0.0024642188    -0.0005243072     0.0053097108
   -0.0002180544    -0.0073906020     0.0025993652
   -0.0012313468    -0.0009663422    -0.0013337392
   -0.0031067644     0.0018912188     0.0012955182
    0.0024939217    -0.0035353364    -0.0102245328
    0.0112906762     0.0024671236    -0.0008130766
   -0.0460693044     0.0577527231    -0.0733530604
   -0.0087267249    -0.0312280551     0.0175640065
   -0.0111377401    -0.0035566902     0.0183257521
   -0.0196561856     0.0037615442    -0.0346193623
    0.0107351859     0.0183786865    -0.0063887700
   -0.0037674135    -0.0145339248     0.0154789427
    0.0009964724     0.0027165746     0.0147313461
   -0.0017818868    -0.0003917558     0.0033215082
    0.0029085671     0.0036783990    -0.0004070840
    0.0162385046    -0.0040753204     0.0115600942
    0.0036186892     0.0036965625     0.0015265922
    0.0010158631    -0.0013407376     0.0006055093
   -0.0005642016    -0.0011409601    -0.0006500118
   -0.0081328679    -0.0111977786    -0.0001973575
   -0.0004917782     0.0022202901    -0.0008974062
   -0.0014676871     0.0005360848     0.0000941565
    0.0034360657     0.0079826681    -0.0008645474
    0.0845836248     0.0115693651     0.1085595829
    0.0002420282    -0.0536356879    -0.0523006336
    0.0505179669     0.0307660817    -0.1241861445
   -0.0387684956     0.0538234239     0.0325861142
    0.0470506120     0.0300508076    -0.1270479189
   -0.0300554456     0.0509677064     0.0424357244
    0.0516095286    -0.0026389300     0.1265424340
   -0.0010077333    -0.0632573330    -0.0367798303
    0.1041149298    -0.0866554726    -0.0294465695
    0.0154708188    -0.0710465779    -0.0012163317
    0.1100333003    -0.0808713376     0.0219418812
    0.0483435729    -0.0311502486     0.0492422022
---------------------------------------------------
Net gradient:  2.373782e-09  1.201621e-09  7.215223e-09
Net torque:    7.421773e-04 -8.257322e-04  2.223058e-03

Total processing time: 24.45 sec 

 Job finished: Fri May 24 13:19:41 2019

