Startfile from command line: /home/lum/3j63/opt2_clustering/ase/8/8_capping.sp


       ***********************************************************
       *                    TeraChem v1.93P                      *
       *                 Hg Version: 79b87f121f2d                *
       *                   Production Version                    *
       *                Compiled without textures                *
       *           Chemistry at the Speed of Graphics!           *
       ***********************************************************
       * This program may only be used in connection with        *
       * a valid license from PetaChem, LLC. Use of this program *
       * or results thereof indicates acceptance of all terms    *
       * and conditions stated in the license and that a valid   *
       * license agreement between the user and PetaChem, LLC    *
       * exists. PetaChem, LLC does not warrant the correctness  *
       * of results or their suitability for any purpose.        *
       * Please email bugs, suggestions, and comments to         *
       *                  help@petachem.com                      *
       *                                                         *
       ***********************************************************


       ***********************************************************
       *  Compiled by toddmtz      Wed Aug 16 03:32:31 PDT 2017  *
       *  Supported architectures: sm_20 sm_30 sm_50 sm_60       *
       *  Cuda compilation tools, release 8.0, V8.0.44           *
       ***********************************************************


 Job started   Sun Apr 28 08:51:45 2019
 On cu36 (available memory: 49836 MB)

######################################### RUNTIME INFO ##########################################
/public/qmsoft/TeraChem/bin/terachem /home/lum/3j63/opt2_clustering/ase/8/8_capping.sp 

NVRM version: NVIDIA UNIX x86_64 Kernel Module  396.26  Mon Apr 30 18:01:39 PDT 2018
GCC version:  gcc version 4.8.5 20150623 (Red Hat 4.8.5-4) (GCC) 

	linux-vdso.so.1 (0x00007ffc1d955000)
	libcurl.so.4 => /lib64/libcurl.so.4 (0x00002b8b88b80000)
	libintbox.so.1 => /public/qmsoft/TeraChem/lib/libintbox.so.1 (0x00002b8b88de8000)
	libthcbox.so.1 => /public/qmsoft/TeraChem/lib/libthcbox.so.1 (0x00002b8ba89f6000)
	libgridbox.so.1 => /public/qmsoft/TeraChem/lib/libgridbox.so.1 (0x00002b8baa560000)
	libdftbox.so.1 => /public/qmsoft/TeraChem/lib/libdftbox.so.1 (0x00002b8baaa51000)
	libcublas.so.8.0 => /public/qmsoft/TeraChem/lib/libcublas.so.8.0 (0x00002b8baad62000)
	libcufft.so.8.0 => /public/qmsoft/TeraChem/lib/libcufft.so.8.0 (0x00002b8bad712000)
	libcuda.so.1 => /public/qmsoft/TeraChem/lib/libcuda.so.1 (0x00002b8bb6560000)
	libcudart.so.8.0 => /public/qmsoft/TeraChem/lib/libcudart.so.8.0 (0x00002b8bb74e0000)
	libcrypto.so.10 => /lib64/libcrypto.so.10 (0x00002b8bb7746000)
	libssl.so.10 => /lib64/libssl.so.10 (0x00002b8bb7b2d000)
	libm.so.6 => /lib64/libm.so.6 (0x00002b8bb7d9a000)
	libcilkrts.so.5 => /public/qmsoft/TeraChem/lib/libcilkrts.so.5 (0x00002b8bb809c000)
	libstdc++.so.6 => /lib64/libstdc++.so.6 (0x00002b8bb82dd000)
	libgcc_s.so.1 => /lib64/libgcc_s.so.1 (0x00002b8bb85e5000)
	libpthread.so.0 => /lib64/libpthread.so.0 (0x00002b8bb87fb000)
	libdl.so.2 => /lib64/libdl.so.2 (0x00002b8bb8a19000)
	libc.so.6 => /lib64/libc.so.6 (0x00002b8bb8c1d000)
	/lib64/ld-linux-x86-64.so.2 (0x00002b8b8895d000)
	libidn.so.11 => /lib64/libidn.so.11 (0x00002b8bb8fca000)
	libssh2.so.1 => /lib64/libssh2.so.1 (0x00002b8bb91fd000)
	libssl3.so => /lib64/libssl3.so (0x00002b8bb9427000)
	libsmime3.so => /lib64/libsmime3.so (0x00002b8bb9669000)
	libnss3.so => /lib64/libnss3.so (0x00002b8bb9890000)
	libnssutil3.so => /lib64/libnssutil3.so (0x00002b8bb9bb6000)
	libplds4.so => /lib64/libplds4.so (0x00002b8bb9de2000)
	libplc4.so => /lib64/libplc4.so (0x00002b8bb9fe6000)
	libnspr4.so => /lib64/libnspr4.so (0x00002b8bba1eb000)
	libgssapi_krb5.so.2 => /lib64/libgssapi_krb5.so.2 (0x00002b8bba429000)
	libkrb5.so.3 => /lib64/libkrb5.so.3 (0x00002b8bba675000)
	libk5crypto.so.3 => /lib64/libk5crypto.so.3 (0x00002b8bba95a000)
	libcom_err.so.2 => /lib64/libcom_err.so.2 (0x00002b8bbab8c000)
	liblber-2.4.so.2 => /lib64/liblber-2.4.so.2 (0x00002b8bbad90000)
	libldap-2.4.so.2 => /lib64/libldap-2.4.so.2 (0x00002b8bbaf9f000)
	libz.so.1 => /lib64/libz.so.1 (0x00002b8bbb1f2000)
	librt.so.1 => /lib64/librt.so.1 (0x00002b8bbb408000)
	libnvidia-fatbinaryloader.so.396.26 => /lib64/libnvidia-fatbinaryloader.so.396.26 (0x00002b8bbb610000)
	libkrb5support.so.0 => /lib64/libkrb5support.so.0 (0x00002b8bbb85c000)
	libkeyutils.so.1 => /lib64/libkeyutils.so.1 (0x00002b8bbba6b000)
	libresolv.so.2 => /lib64/libresolv.so.2 (0x00002b8bbbc6f000)
	libsasl2.so.3 => /lib64/libsasl2.so.3 (0x00002b8bbbe86000)
	libselinux.so.1 => /lib64/libselinux.so.1 (0x00002b8bbc0a3000)
	libcrypt.so.1 => /lib64/libcrypt.so.1 (0x00002b8bbc2c8000)
	libpcre.so.1 => /lib64/libpcre.so.1 (0x00002b8bbc4ff000)
	liblzma.so.5 => /lib64/liblzma.so.5 (0x00002b8bbc760000)
#################################################################################################

       ********************** License Check **********************
       * Use license from: /public/qmsoft/TeraChem/license.dat
       * Available Host id: AC1F6B20F5BA
       * Available Host id: AC1F6B20F5BB
       * Available Host id: 5254002FE74B
       * Available Host id: 5254002FE74B
       * License Host id: AC1F6B20F5BA
       * License expires: 2019-10-21
       ********************** License OK *************************
  _________________________________
 |         DFTD3 V3.0 Rev 2        |
 | S.Grimme, University Bonn       |
 |           Aug  2013             |
  _________________________________
 
 Please cite DFT-D3 work done with this code as:
 S. Grimme, J. Antony, S. Ehrlich and H. Krieg,
 J. Chem. Phys. 132 (2010), 154104
 If used with BJ-damping cite also
 S. Grimme, S. Ehrlich and L. Goerigk,
 J. Comput. Chem. 32 (2011), 1456-1465
 For DFT-D2 the reference is
 S. Grimme, J. Comput. Chem., 27 (2006), 1787-1799
 
Scratch directory: /tmp/lum/3j63/opt2_clustering/ase/8/scr
Random number seed: 1536773263

XYZ coordinates /home/lum/3j63/opt2_clustering/ase/8/8_capping.xyz
Molden File Output: /tmp/lum/3j63/opt2_clustering/ase/8/scr/8_capping.molden
Using basis set: 6-31g
Spin multiplicity: 1
DIIS will use up to 10 vectors.
WF convergence threshold: 3.00e-05
Using DIIS algorithm to converge WF
Maximum number of SCF iterations: 200
Incremental fock with rebuild every 8 iterations
Will switch to conventional Fock if diffuse functions are detected
X-matrix tolerance: 1.00e-04
PRECISION: DYNAMIC
DFT Functional requested: hf
Method: Hartree-Fock  with dispersion correction
Wavefunction: RESTRICTED
Initial guess generated by maximum overlap

********************************************
**** SINGLE POINT GRADIENT CALCULATIONS ****
********************************************
SCF:   Initial guess is taken from previous step
COSMO model for polarizable continuum model enabled

using 4 out of 4 CUDA devices
   Device 0:  GeForce GTX 1080 Ti, 11178MB, CC 6.1 -- CPU THREAD 0
   Device 1:  GeForce GTX 1080 Ti, 11178MB, CC 6.1 -- CPU THREAD 1
   Device 2:  GeForce GTX 1080 Ti, 11178MB, CC 6.1 -- CPU THREAD 2
   Device 3:  GeForce GTX 1080 Ti, 11178MB, CC 6.1 -- CPU THREAD 3
-------------------------------------------------------------------
Compiled with MAGMA support.  MAGMA parameters:
    Matrices larger than 5000 square will be treated with MAGMA
       (Change by setting the MagmaMinN environment variable)
    Magma will use 1 out of 4 GPUs
       (Change by setting the MagmaNGPUs environment variable)
-------------------------------------------------------------------
 CPU Memory Available: 8018.12 MegaWords 
 GPU Memory Available: 1141.31 MegaWords 
 Maximum recommended basis set size: 12200 basis functions
 (limited by GPU memory)
-------------------------------------------------------------------
Not using d-functions. Configuring GPUs accordingly.
0: CUBLAS initialized, available GPU memory: 8170MB
1: CUBLAS initialized, available GPU memory: 8170MB
2: CUBLAS initialized, available GPU memory: 8170MB
3: CUBLAS initialized, available GPU memory: 8170MB


Basis set:       6-31g
Total atoms:     69
Total charge:    0
Total electrons: 270 (135-alpha, 135-beta)
Number electrons modeled by ECPs: 0
Total orbitals:  390
Total AO shells: 246 (174 S-shells; 72 P-shells; 0 D-shells; 0 F-shells; 0 G-shells)
Spin multiplicity: 1
Nuclear repulsion energy (QM atoms): 4234.020500013928 a.u.

DFTD Energy:    -0.5559607 hartree
=COSMO= Number of H atoms in QM atoms:33
=COSMO= Number of Heavy atoms in QM atoms:36
reached first line of InitCosmoSwigNoMatrix
q is allocated
B is allocated
Bz is allocated
z is allocated
c is allocated
=COSMO= No Matrix Cosmo Initialization finished.
=COSMO= ++++++++++++++++++++++++++++++ COSMO parameters ++++++++++++++++++++++++++++++
=COSMO= I. Cavity Information:
=COSMO= SAS(Solvent accesible surface) initialization finished
=COSMO= Time for initializing Molecular Surface:0.01560500 (sec)
=COSMO= Time for initializing cosmo calculation:0.00418900 (sec)
=COSMO= Cavity effective radius(Angstrom) (r_solv+r_vdw-dsc) was written into /tmp/lum/3j63/opt2_clustering/ase/8/scr/ratom.txt
=COSMO= Solvent Dielectric Constant:78.390000
=COSMO= Cosmo Solvent radius:0.000000
=COSMO= Cosmo charge scaling method:0
=COSMO= Cavity built with Lebedev Grid
=COSMO= Grid points/QM Hydrogen: 110
=COSMO= Grid points/QM Heavy atom: 110
=COSMO= Herbert Switching-Gaussian method turned on
=COSMO= After removing points inside of SAS:
=COSMO= Total number of segments on molecular surface:3740
=COSMO= Number of segments belonging to QM atoms:3740
=COSMO= Total surface area of cavity: 544.7658(Angstrom^2)
=COSMO= Total volume of cavity: 313.3219 (Angstrom^3)
=COSMO= II. COSMO integral options:
=COSMO= Building COMSO c vector with original algorithm
=COSMO= COSMO one-electron integral threshold: 1e-12 
=COSMO= III. Linear solver options:
=COSMO= Initialize COSMO for A matrix in no matrix storage form
=COSMO= CG precondtioner:Jacobi
=COSMO= Tight CG convergence threshold:1e-06
=COSMO= CG dynamic threshold: on
=COSMO= Adjust CG convergence threshold dynamically
=COSMO= IV. PCM field read/write options:
=COSMO= PCM field is not written to files
=COSMO= No PCM field file is read in
=COSMO= ++++++++++++++++++++++++++++++++++++++++++++++++++++++++++++++++++++++++++++++++

                      *** Start SCF Iterations ***

 Iter     DIIS Error       Energy change         Energy              E_PCM      Time(s)
---------------------------------------------------------------------------------------
         >>> Purifying P... IDMP = 2.45e-14 <<<
THRESPDP set to 1.00e+00
   1     0.2693102062   -1747.4927182309   -1747.4927182309     -0.2296316570    0.65  
   2     0.2074405294      -8.6652777661   -1756.1579959970     -0.1924789501    0.55  
   3     0.0672737679      -1.1143823335   -1757.2723783306     -0.2031270480    0.58  
   4     0.0228940714      -0.1428641434   -1757.4152424740     -0.1913517681    0.53  
   5     0.0066322563      -0.0211882823   -1757.4364307562     -0.1989702496    0.48  
   6     0.0038250065      -0.0022723903   -1757.4387031466     -0.2000058947    0.44  
   7     0.0014432326      -0.0004310725   -1757.4391342191     -0.2006771275    0.45  
THRESPDP set to 8.75e-04
   8     0.0006039365      -0.0000455887   -1757.4391798078     -0.2009026984    0.49  
   9     0.0002245923      -0.0000076037   -1757.4391874115     -0.2009813633    0.41  
  10     0.0000599746      -0.0000020748   -1757.4391894863     -0.2010103621    0.35  
  11     0.0000349668      +0.0000000175   -1757.4391894688     -0.2010183657    0.48  
  12     0.0000206967      +0.0000001841   -1757.4391892847     -0.2010214859    0.35  
---------------------------------------------------------------------------------------
FINAL ENERGY: -1757.4391892847 a.u.
DISPERSION CONTRIBUTION TO ENERGY: -0.5559607312 a.u.
C-PCM contribution to final energy:-0.2010214859 a.u. ( already included in final energy )
Computing C-PCM contribution to gradient...
CENTER OF MASS: {19.251316, 31.285561, 28.617022} ANGS
DIPOLE MOMENT: {-13.776836, -20.122310, -16.494934} (|D| = 29.441322) DEBYE

Running Mulliken population analysis...

Writing out molden info

Gradient units are Hartree/Bohr
---------------------------------------------------
        dE/dX            dE/dY            dE/dZ
   -0.0301296482     0.0259930791    -0.0936714841
   -0.0026237019     0.0130066865    -0.0131130720
    0.0029824587     0.0050107610     0.0037694315
    0.0003766132    -0.0014307410    -0.0022944054
    0.0048966617    -0.0082673667    -0.0065890359
   -0.0008856850    -0.0010840542    -0.0016775327
   -0.0007694235    -0.0013787635    -0.0011698316
    0.0050493735     0.0059208527     0.0032082026
   -0.0038902390    -0.0016541016    -0.0117982945
   -0.0011627334     0.0005463528     0.0011873030
    0.0090215152     0.0204759290     0.0048388861
   -0.0001225805     0.0027392316    -0.0192466700
    0.0006479555    -0.0006656684     0.0003034116
   -0.0005399790    -0.0010189912     0.0001319079
    0.0033834696     0.0009013249    -0.0014325342
    0.0004415279    -0.0002230458     0.0002225677
   -0.0000014196    -0.0002114813     0.0009055000
   -0.0000260688    -0.0004388780    -0.0006760051
    0.0001244850     0.0001759213     0.0000661127
   -0.0010417045    -0.0017723936     0.0015031978
    0.0004805903    -0.0000209290    -0.0000543000
   -0.0001677177     0.0004736418     0.0001577147
    0.0017534294     0.0014170199     0.0018434040
   -0.0081153561    -0.0216074451     0.0015029094
    0.0011029952    -0.0007925812     0.0010999599
   -0.0007966562     0.0000231775     0.0004151549
    0.0004870032     0.0002647816    -0.0001713396
   -0.0002375813    -0.0004475279     0.0001955781
    0.0002355870    -0.0008969129     0.0001416262
   -0.0001941672    -0.0001666283     0.0006716289
    0.0006854480    -0.0005012374    -0.0004645058
    0.0003513786     0.0001961983    -0.0004804674
   -0.0003500410    -0.0001343699    -0.0000571892
   -0.0001257077     0.0001141814    -0.0003100782
    0.0003998259    -0.0000334061     0.0000548720
   -0.0001639829    -0.0001763526     0.0000922519
    0.0002809908     0.0002195013    -0.0002268649
    0.0001074044     0.0000665541    -0.0002640230
   -0.0000214325     0.0001185601    -0.0001092281
   -0.0003851000    -0.0002150799    -0.0004372010
    0.0005011570     0.0019850869    -0.0003210194
    0.0005725801    -0.0025762856     0.0016254236
   -0.0004782254     0.0009981634    -0.0014936106
    0.0000337201     0.0001453460     0.0005535906
    0.0000164077     0.0002098803     0.0005777480
   -0.0006890913    -0.0001576952     0.0008336711
    0.0007453866    -0.0012815454     0.0003863478
   -0.0067957179    -0.0018813407     0.0015082781
    0.0450480747    -0.0805254264    -0.0009245336
    0.0074304876     0.0244883465    -0.0072942101
   -0.0004252887     0.0006165321     0.0003951192
   -0.0005523626     0.0006344396    -0.0005518068
    0.0010079508    -0.0004088575    -0.0000425720
    0.0000156474     0.0004464191    -0.0000199393
   -0.0010580500    -0.0002710856     0.0001820963
   -0.0006104607    -0.0001801303     0.0007140380
    0.0013323644    -0.0002521733    -0.0006700591
   -0.0001371670     0.0006414652    -0.0000475841
    0.0011834765     0.0002548656     0.0000017452
   -0.0008921795     0.0010671866     0.0004000137
    0.0001056714     0.0002109067     0.0004472482
   -0.0011247432     0.0008236626     0.0002492696
   -0.0003001414     0.0003772007     0.0005422367
   -0.0001798839    -0.0005249086    -0.0000062533
   -0.0000450948     0.0001797168     0.0005657163
   -0.0001900892    -0.0002713929    -0.0003621028
   -0.0007269697    -0.0006138675     0.0000307948
    0.0188999820    -0.0358710937     0.1296342660
   -0.0437452287     0.0572107833     0.0050185327
---------------------------------------------------
Net gradient: -5.365093e-10 -1.957794e-09  3.141646e-09
Net torque:    1.376726e-03 -4.804308e-04 -2.303251e-04

Total processing time: 6.66 sec 

 Job finished: Sun Apr 28 08:52:03 2019

