Startfile from command line: /home/lum/5ly6/refine12_weight_0.1_stpmax_8/ase/60/60_capping.sp


       ***********************************************************
       *                    TeraChem v1.93P                      *
       *                 Hg Version: 79b87f121f2d                *
       *                   Production Version                    *
       *                Compiled without textures                *
       *           Chemistry at the Speed of Graphics!           *
       ***********************************************************
       * This program may only be used in connection with        *
       * a valid license from PetaChem, LLC. Use of this program *
       * or results thereof indicates acceptance of all terms    *
       * and conditions stated in the license and that a valid   *
       * license agreement between the user and PetaChem, LLC    *
       * exists. PetaChem, LLC does not warrant the correctness  *
       * of results or their suitability for any purpose.        *
       * Please email bugs, suggestions, and comments to         *
       *                  help@petachem.com                      *
       *                                                         *
       ***********************************************************


       ***********************************************************
       *  Compiled by toddmtz      Wed Aug 16 03:32:31 PDT 2017  *
       *  Supported architectures: sm_20 sm_30 sm_50 sm_60       *
       *  Cuda compilation tools, release 8.0, V8.0.44           *
       ***********************************************************


 Job started   Fri May 31 08:34:24 2019
 On cu33 (available memory: 56944 MB)

######################################### RUNTIME INFO ##########################################
/public/qmsoft/TeraChem/bin/terachem /home/lum/5ly6/refine12_weight_0.1_stpmax_8/ase/60/60_capping.sp 

NVRM version: NVIDIA UNIX x86_64 Kernel Module  396.26  Mon Apr 30 18:01:39 PDT 2018
GCC version:  gcc version 4.8.5 20150623 (Red Hat 4.8.5-4) (GCC) 

	linux-vdso.so.1 (0x00007ffff2bee000)
	libcurl.so.4 => /lib64/libcurl.so.4 (0x00002ab05e926000)
	libintbox.so.1 => /public/qmsoft/TeraChem/lib/libintbox.so.1 (0x00002ab05eb8e000)
	libthcbox.so.1 => /public/qmsoft/TeraChem/lib/libthcbox.so.1 (0x00002ab07e79c000)
	libgridbox.so.1 => /public/qmsoft/TeraChem/lib/libgridbox.so.1 (0x00002ab080306000)
	libdftbox.so.1 => /public/qmsoft/TeraChem/lib/libdftbox.so.1 (0x00002ab0807f7000)
	libcublas.so.8.0 => /public/qmsoft/TeraChem/lib/libcublas.so.8.0 (0x00002ab080b08000)
	libcufft.so.8.0 => /public/qmsoft/TeraChem/lib/libcufft.so.8.0 (0x00002ab0834b8000)
	libcuda.so.1 => /public/qmsoft/TeraChem/lib/libcuda.so.1 (0x00002ab08c306000)
	libcudart.so.8.0 => /public/qmsoft/TeraChem/lib/libcudart.so.8.0 (0x00002ab08d286000)
	libcrypto.so.10 => /lib64/libcrypto.so.10 (0x00002ab08d4ec000)
	libssl.so.10 => /lib64/libssl.so.10 (0x00002ab08d8d3000)
	libm.so.6 => /lib64/libm.so.6 (0x00002ab08db40000)
	libcilkrts.so.5 => /public/qmsoft/TeraChem/lib/libcilkrts.so.5 (0x00002ab08de42000)
	libstdc++.so.6 => /lib64/libstdc++.so.6 (0x00002ab08e083000)
	libgcc_s.so.1 => /lib64/libgcc_s.so.1 (0x00002ab08e38b000)
	libpthread.so.0 => /lib64/libpthread.so.0 (0x00002ab08e5a1000)
	libdl.so.2 => /lib64/libdl.so.2 (0x00002ab08e7bf000)
	libc.so.6 => /lib64/libc.so.6 (0x00002ab08e9c3000)
	/lib64/ld-linux-x86-64.so.2 (0x00002ab05e703000)
	libidn.so.11 => /lib64/libidn.so.11 (0x00002ab08ed70000)
	libssh2.so.1 => /lib64/libssh2.so.1 (0x00002ab08efa3000)
	libssl3.so => /lib64/libssl3.so (0x00002ab08f1cd000)
	libsmime3.so => /lib64/libsmime3.so (0x00002ab08f40f000)
	libnss3.so => /lib64/libnss3.so (0x00002ab08f636000)
	libnssutil3.so => /lib64/libnssutil3.so (0x00002ab08f95c000)
	libplds4.so => /lib64/libplds4.so (0x00002ab08fb88000)
	libplc4.so => /lib64/libplc4.so (0x00002ab08fd8c000)
	libnspr4.so => /lib64/libnspr4.so (0x00002ab08ff91000)
	libgssapi_krb5.so.2 => /lib64/libgssapi_krb5.so.2 (0x00002ab0901cf000)
	libkrb5.so.3 => /lib64/libkrb5.so.3 (0x00002ab09041b000)
	libk5crypto.so.3 => /lib64/libk5crypto.so.3 (0x00002ab090700000)
	libcom_err.so.2 => /lib64/libcom_err.so.2 (0x00002ab090932000)
	liblber-2.4.so.2 => /lib64/liblber-2.4.so.2 (0x00002ab090b36000)
	libldap-2.4.so.2 => /lib64/libldap-2.4.so.2 (0x00002ab090d45000)
	libz.so.1 => /lib64/libz.so.1 (0x00002ab090f98000)
	librt.so.1 => /lib64/librt.so.1 (0x00002ab0911ae000)
	libnvidia-fatbinaryloader.so.396.26 => /lib64/libnvidia-fatbinaryloader.so.396.26 (0x00002ab0913b6000)
	libkrb5support.so.0 => /lib64/libkrb5support.so.0 (0x00002ab091602000)
	libkeyutils.so.1 => /lib64/libkeyutils.so.1 (0x00002ab091811000)
	libresolv.so.2 => /lib64/libresolv.so.2 (0x00002ab091a15000)
	libsasl2.so.3 => /lib64/libsasl2.so.3 (0x00002ab091c2c000)
	libselinux.so.1 => /lib64/libselinux.so.1 (0x00002ab091e49000)
	libcrypt.so.1 => /lib64/libcrypt.so.1 (0x00002ab09206e000)
	libpcre.so.1 => /lib64/libpcre.so.1 (0x00002ab0922a5000)
	liblzma.so.5 => /lib64/liblzma.so.5 (0x00002ab092506000)
#################################################################################################

       ********************** License Check **********************
       * Use license from: /public/qmsoft/TeraChem/license.dat
       * Available Host id: AC1F6B20BA82
       * Available Host id: AC1F6B20BA83
       * Available Host id: 52540000F6B3
       * Available Host id: 52540000F6B3
       * License Host id: AC1F6B20BA82
       * License expires: 2019-10-21
       ********************** License OK *************************
  _________________________________
 |         DFTD3 V3.0 Rev 2        |
 | S.Grimme, University Bonn       |
 |           Aug  2013             |
  _________________________________
 
 Please cite DFT-D3 work done with this code as:
 S. Grimme, J. Antony, S. Ehrlich and H. Krieg,
 J. Chem. Phys. 132 (2010), 154104
 If used with BJ-damping cite also
 S. Grimme, S. Ehrlich and L. Goerigk,
 J. Comput. Chem. 32 (2011), 1456-1465
 For DFT-D2 the reference is
 S. Grimme, J. Comput. Chem., 27 (2006), 1787-1799
 
Scratch directory: /tmp/lum/5ly6/refine12_weight_0.1_stpmax_8/ase/60/scr
Random number seed: 1357579298

XYZ coordinates /home/lum/5ly6/refine12_weight_0.1_stpmax_8/ase/60/60_capping.xyz
Molden File Output: /tmp/lum/5ly6/refine12_weight_0.1_stpmax_8/ase/60/scr/60_capping.molden
Using basis set: 6-31g
Spin multiplicity: 1
DIIS will use up to 10 vectors.
WF convergence threshold: 3.00e-05
Using DIIS algorithm to converge WF
Maximum number of SCF iterations: 300
Incremental fock with rebuild every 8 iterations
Will switch to conventional Fock if diffuse functions are detected
X-matrix tolerance: 1.00e-04
PRECISION: DYNAMIC
DFT Functional requested: hf
Method: Hartree-Fock  with dispersion correction
Wavefunction: RESTRICTED
Initial guess generated by maximum overlap

********************************************
**** SINGLE POINT GRADIENT CALCULATIONS ****
********************************************
SCF:   Initial guess is taken from previous step
COSMO model for polarizable continuum model enabled

using 4 out of 4 CUDA devices
   Device 0:  GeForce GTX 1080 Ti, 11178MB, CC 6.1 -- CPU THREAD 0
   Device 1:  GeForce GTX 1080 Ti, 11178MB, CC 6.1 -- CPU THREAD 1
   Device 2:  GeForce GTX 1080 Ti, 11178MB, CC 6.1 -- CPU THREAD 2
   Device 3:  GeForce GTX 1080 Ti, 11178MB, CC 6.1 -- CPU THREAD 3
-------------------------------------------------------------------
Compiled with MAGMA support.  MAGMA parameters:
    Matrices larger than 5000 square will be treated with MAGMA
       (Change by setting the MagmaMinN environment variable)
    Magma will use 1 out of 4 GPUs
       (Change by setting the MagmaNGPUs environment variable)
-------------------------------------------------------------------
 CPU Memory Available: 8018.12 MegaWords 
 GPU Memory Available: 1141.31 MegaWords 
 Maximum recommended basis set size: 12200 basis functions
 (limited by GPU memory)
-------------------------------------------------------------------
Not using d-functions. Configuring GPUs accordingly.
0: CUBLAS initialized, available GPU memory: 8374MB
1: CUBLAS initialized, available GPU memory: 8374MB
2: CUBLAS initialized, available GPU memory: 8372MB
3: CUBLAS initialized, available GPU memory: 8372MB


Basis set:       6-31g
Total atoms:     165
Total charge:    0
Total electrons: 596 (298-alpha, 298-beta)
Number electrons modeled by ECPs: 0
Total orbitals:  869
Total AO shells: 561 (407 S-shells; 154 P-shells; 0 D-shells; 0 F-shells; 0 G-shells)
Spin multiplicity: 1
Nuclear repulsion energy (QM atoms): 14965.376738220357 a.u.

DFTD Energy:    -1.2649262 hartree
=COSMO= Number of H atoms in QM atoms:88
=COSMO= Number of Heavy atoms in QM atoms:77
reached first line of InitCosmoSwigNoMatrix
q is allocated
B is allocated
Bz is allocated
z is allocated
c is allocated
=COSMO= No Matrix Cosmo Initialization finished.
=COSMO= ++++++++++++++++++++++++++++++ COSMO parameters ++++++++++++++++++++++++++++++
=COSMO= I. Cavity Information:
=COSMO= SAS(Solvent accesible surface) initialization finished
=COSMO= Time for initializing Molecular Surface:0.08171000 (sec)
=COSMO= Time for initializing cosmo calculation:0.02442300 (sec)
=COSMO= Cavity effective radius(Angstrom) (r_solv+r_vdw-dsc) was written into /tmp/lum/5ly6/refine12_weight_0.1_stpmax_8/ase/60/scr/ratom.txt
=COSMO= Solvent Dielectric Constant:78.390000
=COSMO= Cosmo Solvent radius:0.000000
=COSMO= Cosmo charge scaling method:0
=COSMO= Cavity built with Lebedev Grid
=COSMO= Grid points/QM Hydrogen: 110
=COSMO= Grid points/QM Heavy atom: 110
=COSMO= Herbert Switching-Gaussian method turned on
=COSMO= After removing points inside of SAS:
=COSMO= Total number of segments on molecular surface:8793
=COSMO= Number of segments belonging to QM atoms:8793
=COSMO= Total surface area of cavity: 1195.2167(Angstrom^2)
=COSMO= Total volume of cavity: 676.1780 (Angstrom^3)
=COSMO= II. COSMO integral options:
=COSMO= Building COMSO c vector with original algorithm
=COSMO= COSMO one-electron integral threshold: 1e-12 
=COSMO= III. Linear solver options:
=COSMO= Initialize COSMO for A matrix in no matrix storage form
=COSMO= CG precondtioner:Jacobi
=COSMO= Tight CG convergence threshold:1e-06
=COSMO= CG dynamic threshold: on
=COSMO= Adjust CG convergence threshold dynamically
=COSMO= IV. PCM field read/write options:
=COSMO= PCM field is not written to files
=COSMO= No PCM field file is read in
=COSMO= ++++++++++++++++++++++++++++++++++++++++++++++++++++++++++++++++++++++++++++++++

                      *** Start SCF Iterations ***

 Iter     DIIS Error       Energy change         Energy              E_PCM      Time(s)
---------------------------------------------------------------------------------------
         >>> Purifying P... IDMP = 2.35e-14 <<<
THRESPDP set to 1.00e+00
   1     0.2573907817   -3768.4691083827   -3768.4691083827     -0.4449919122    1.83  
   2     0.1783091584     -18.9343876762   -3787.4034960589     -0.3157859256    1.87  
   3     0.0609313717      -2.8574881870   -3790.2609842459     -0.3592636647    1.84  
   4     0.0267586446      -0.3261485250   -3790.5871327709     -0.3363435110    1.67  
   5     0.0062360701      -0.0493855433   -3790.6365183142     -0.3482789065    1.64  
THRESPDP set to 2.81e-04
   6     0.0036192652      -0.0044544680   -3790.6409727822     -0.3502754041    1.85  
   7     0.0021228121      -0.0008973239   -3790.6418701061     -0.3512300327    1.37  
   8     0.0011820656      -0.0001813039   -3790.6420514100     -0.3517283326    1.35  
   9     0.0006729746      -0.0000345515   -3790.6420859615     -0.3518761317    1.12  
  10     0.0003462396      -0.0000085593   -3790.6420945208     -0.3519165110    1.13  
  11     0.0001950107      -0.0000015419   -3790.6420960627     -0.3519323282    1.09  
  12     0.0000965756      -0.0000006457   -3790.6420967084     -0.3519360051    1.06  
  13     0.0000475727      -0.0000000234   -3790.6420967318     -0.3519360419    1.05  
  14     0.0000174921      -0.0000005370   -3790.6420972688     -0.3519348156    1.21  
---------------------------------------------------------------------------------------
FINAL ENERGY: -3790.6420972688 a.u.
DISPERSION CONTRIBUTION TO ENERGY: -1.2649262476 a.u.
C-PCM contribution to final energy:-0.3519348156 a.u. ( already included in final energy )
Computing C-PCM contribution to gradient...
CENTER OF MASS: {41.709697, 39.877120, 46.185237} ANGS
DIPOLE MOMENT: {20.279259, 17.224306, 18.556916} (|D| = 32.438930) DEBYE
Cannot open /tmp/lum/5ly6/refine12_weight_0.1_stpmax_8/ase/60/scr
Writing out molden info

Gradient units are Hartree/Bohr
---------------------------------------------------
        dE/dX            dE/dY            dE/dZ
    0.0222512658     0.1040407795     0.0645106399
    0.0467981528    -0.0267875756     0.0374154053
    0.0142669807    -0.2298713035     0.1249734122
   -0.0257925340     0.0369022817    -0.0630852268
   -0.0340016498    -0.0375240956    -0.0249115491
   -0.0143221998    -0.0023673475    -0.0232175716
    0.0346916318    -0.0367226185     0.0100233791
   -0.0306765144     0.0194583447    -0.0004967406
    0.0056451506     0.0227993829    -0.0107178544
    0.0185074190     0.0117200455     0.0118307101
   -0.0453071191     0.0202519743    -0.0181630165
    0.0025741927     0.0145819473    -0.0052824526
    0.0257836571     0.0154778846     0.0227323261
   -0.0003491666     0.0012536981     0.0025148893
    0.0056940310    -0.0003221175     0.0203857561
    0.0071412799     0.2340620413    -0.0744534106
   -0.0037659720    -0.0635968858     0.0346619315
   -0.0503415676     0.0014115846    -0.0738096949
    0.0179421786    -0.0045070070     0.0410793327
    0.0425042224     0.0585587054     0.0102243612
   -0.0671553677    -0.0452072100    -0.0800184974
   -0.0230225663     0.0770124366    -0.0149962105
    0.0805979695    -0.0975144882    -0.0011785610
   -0.0878856680     0.0437793099     0.0518245442
    0.0659940383    -0.0260984427    -0.0430922288
    0.1445126398    -0.0210783621    -0.1185250404
    0.0231389284    -0.0184844513     0.0188381658
   -0.0074543765     0.0161070468    -0.0105974705
   -0.0024351412    -0.0067870192     0.0081432917
   -0.0184472832    -0.0189647496    -0.0167059497
    0.0424583494    -0.0272753434     0.0450655347
    0.0164511598     0.0218410587     0.0227357173
    0.0167988041    -0.0102695706     0.0095369400
   -0.0049912510    -0.0098697636    -0.0018683942
   -0.0191530153     0.0293341768    -0.0045650007
   -0.0042044501     0.0021718801     0.0066287543
   -0.0358198163     0.0193419340     0.0240374098
   -0.0409447736    -0.0317997171     0.0455991287
   -0.0907277621     0.0505222148     0.0623025601
   -0.0049534459     0.0056936125    -0.0058643642
    0.0421899324    -0.0193839406    -0.0118835308
   -0.0162224586    -0.0528858097     0.0866385599
   -0.0009016580     0.0048727699    -0.0333859774
   -0.0594831708    -0.0513879660     0.0277252089
    0.0344483362     0.0414062251     0.0116726937
    0.0030053492     0.0206811629    -0.0200883577
    0.0879056041    -0.0066303237    -0.0206447527
   -0.0373804658    -0.0400878359     0.0425287921
    0.0153333367    -0.0067057073     0.0345858250
   -0.0133032371     0.0101776442    -0.0209712777
    0.0010580320     0.0047193098    -0.0033795316
    0.0322550223     0.0297232614    -0.0266761526
   -0.0051727913    -0.0019329753    -0.0069316506
   -0.0151236376    -0.0104418260     0.0124630056
   -0.0086343313    -0.0039700765    -0.0069904726
   -0.0097783115    -0.0139974378     0.0170784775
   -0.0174043330    -0.0134500997     0.0053866987
   -0.0430671693     0.0178148032     0.0104030217
    0.0009682498     0.0253304428     0.0004894453
    0.0075494858     0.0127568415    -0.0152889289
    0.0117806151    -0.0026455557    -0.0179835664
    0.1006964631    -0.0403804325     0.0873267610
   -0.0712047920     0.0032511918    -0.0321348578
    0.1129134649    -0.0776251425    -0.0234447038
   -0.0675409740     0.0376350769     0.0095074307
   -0.0342036327    -0.0051184690     0.0505794884
    0.0283614621    -0.0144141013     0.0807783279
   -0.0471547476    -0.0460026424    -0.0612301220
    0.0018938608     0.0150895810    -0.0006554065
    0.0318911966     0.0124485634     0.0429690997
    0.0096878930    -0.0009214501     0.0034462860
    0.0013860114    -0.0038487231     0.0051043417
    0.0067885726     0.0162559066    -0.0527264007
    0.0163067985    -0.0118590800    -0.0072735419
    0.0009944783     0.0263706898    -0.0517020132
   -0.0029112758     0.0017828441    -0.0013509396
   -0.1180532374     0.0033743985    -0.0609274170
    0.0751203151    -0.0249455131     0.0688240315
   -0.0285799657     0.0118660923    -0.0841904965
    0.0044539091    -0.0091299854     0.0314626208
   -0.0615877128     0.0327791342     0.0127189294
    0.0057229971    -0.0321668019     0.0012209899
    0.0113511633    -0.0805550932     0.0199231045
   -0.0089403363    -0.0144918257     0.0097333652
   -0.0014392919     0.0014258356    -0.0394997353
    0.0027510110    -0.0015853411    -0.0107584765
   -0.0000738449    -0.0059610650     0.0014479026
    0.0044411280     0.0048175793     0.0014033367
    0.0028299248     0.0054626515    -0.0059388737
   -0.0040536896     0.0085018977     0.0031975801
   -0.0000140505     0.0038959120    -0.0086489909
    0.0044176502     0.0623049858    -0.0098114949
   -0.0043258771    -0.0317093639     0.0571678292
   -0.0027841908     0.0519044338    -0.0148435068
    0.0604960334    -0.0511681061     0.0011387228
   -0.0312082090     0.0120946995    -0.0141817388
   -0.0208199804    -0.0032872135     0.0369651208
    0.0491900285    -0.0311109589     0.0218754330
   -0.1176784989     0.0794812806    -0.2035773276
    0.0571558956    -0.0813345237     0.1958574941
    0.0328149242     0.0013479726    -0.0019995748
   -0.0119791162     0.0043028875    -0.0316656837
    0.0065094326    -0.0126090526     0.0130543701
   -0.0122237539     0.0116777849    -0.0228006728
    0.0086263619     0.0020805606     0.0037938027
   -0.0172517079     0.0182848835    -0.0258306196
    0.0015060553     0.0002636434    -0.0016856102
   -0.0359748034     0.0049142810    -0.0181275518
    0.0385410187     0.0407558817     0.0418188700
   -0.0562361721     0.0151459173    -0.0523959399
    0.0437881240    -0.0345466619     0.0663823067
   -0.0141124858     0.0203497892     0.0079991624
   -0.0011975425     0.0028274519     0.0230286644
    0.0648416655    -0.0785602611    -0.0237713781
    0.0150691845    -0.0098046220     0.0074551808
   -0.0055356713    -0.0004075502    -0.0105992724
   -0.0106153086     0.0133827581    -0.0159234778
    0.0017434903    -0.0002831571    -0.0122694160
   -0.0237597244     0.0070032122     0.0163168235
   -0.0096351505     0.0092398120     0.0007507895
   -0.0065128529     0.0168322668    -0.0078063596
   -0.0311711477     0.0238860794    -0.0678353219
   -0.0174664365    -0.0569017683     0.0455958690
   -0.0814890520     0.1190207104    -0.0882521557
    0.0523236064    -0.0601877254     0.0573131282
    0.0097969521     0.0006413207    -0.0472964412
   -0.0215234173    -0.0149856059     0.0966558852
    0.0785954468     0.0287000064    -0.0479241608
   -0.0076849637    -0.0398910252    -0.0043742690
   -0.0016723687     0.0431434115     0.0296907654
    0.0248899908    -0.0095304241     0.0355462941
    0.0028648818     0.0118421076    -0.0121511730
    0.0057508354    -0.0026869979     0.0125480927
    0.0026715432    -0.0004651589    -0.0006876017
   -0.0101000109     0.0244155003    -0.0407910078
   -0.0050939564     0.0012663824    -0.0062895287
   -0.0012131927    -0.0100959160     0.0167815017
   -0.0305061113    -0.0078425094    -0.0073565971
   -0.0001914543     0.0078394534    -0.0068769016
   -0.0016735538     0.0023898986     0.0032166728
   -0.0031459124    -0.0293330934    -0.0050973850
   -0.0021427146     0.0098505009    -0.0122314212
    0.0033509446    -0.0010796624     0.0012592128
    0.1329051900    -0.1257209779     0.1640587446
   -0.0254498465    -0.0010630118    -0.0970208231
    0.1324325803    -0.0186882932     0.1704622913
   -0.0973897358     0.1013408661    -0.1832572142
   -0.0548441795     0.0362306761     0.0313169101
    0.0951334184     0.0609561624     0.0001412652
    0.0363532308    -0.0789059967     0.0327213294
   -0.0882449594     0.0850757674    -0.1071973787
    0.0009149236    -0.0061018121     0.0273465136
   -0.0033578905    -0.0037761569    -0.0075643214
   -0.0154275801    -0.0085288892     0.0179717593
   -0.0508016867    -0.0599966540    -0.0145892516
   -0.0040976950    -0.0035941986    -0.0055247025
    0.0171431693     0.0069784096    -0.0142434243
   -0.0097958818     0.0094634100    -0.0175768522
   -0.0298727221     0.0438427073    -0.0011162872
   -0.0394796819    -0.0891041734    -0.0963528081
    0.0172252513     0.0572438478    -0.0390178743
   -0.0873706765     0.0304141730    -0.0978046632
   -0.0008387128     0.0542773248     0.0467261215
    0.1131260465     0.0500482743     0.0406433803
   -0.0101371973    -0.0709488349     0.0346947765
---------------------------------------------------
Net gradient:  5.186292e-10  2.069817e-09 -8.833726e-10
Net torque:   -1.074095e-03 -6.624044e-04  3.504133e-04

Total processing time: 24.31 sec 

 Job finished: Fri May 31 08:34:59 2019

