Startfile from command line: /home/lum/5ly6/refine11+10/ase/61/61_capping.sp


       ***********************************************************
       *                    TeraChem v1.93P                      *
       *                 Hg Version: 79b87f121f2d                *
       *                   Production Version                    *
       *                Compiled without textures                *
       *           Chemistry at the Speed of Graphics!           *
       ***********************************************************
       * This program may only be used in connection with        *
       * a valid license from PetaChem, LLC. Use of this program *
       * or results thereof indicates acceptance of all terms    *
       * and conditions stated in the license and that a valid   *
       * license agreement between the user and PetaChem, LLC    *
       * exists. PetaChem, LLC does not warrant the correctness  *
       * of results or their suitability for any purpose.        *
       * Please email bugs, suggestions, and comments to         *
       *                  help@petachem.com                      *
       *                                                         *
       ***********************************************************


       ***********************************************************
       *  Compiled by toddmtz      Wed Aug 16 03:32:31 PDT 2017  *
       *  Supported architectures: sm_20 sm_30 sm_50 sm_60       *
       *  Cuda compilation tools, release 8.0, V8.0.44           *
       ***********************************************************


 Job started   Fri May 24 13:18:46 2019
 On cu35 (available memory: 57184 MB)

######################################### RUNTIME INFO ##########################################
/public/qmsoft/TeraChem/bin/terachem /home/lum/5ly6/refine11+10/ase/61/61_capping.sp 

NVRM version: NVIDIA UNIX x86_64 Kernel Module  396.26  Mon Apr 30 18:01:39 PDT 2018
GCC version:  gcc version 4.8.5 20150623 (Red Hat 4.8.5-4) (GCC) 

	linux-vdso.so.1 (0x00007ffc15d55000)
	libcurl.so.4 => /lib64/libcurl.so.4 (0x00002b7c3cf25000)
	libintbox.so.1 => /public/qmsoft/TeraChem/lib/libintbox.so.1 (0x00002b7c3d18d000)
	libthcbox.so.1 => /public/qmsoft/TeraChem/lib/libthcbox.so.1 (0x00002b7c5cd9b000)
	libgridbox.so.1 => /public/qmsoft/TeraChem/lib/libgridbox.so.1 (0x00002b7c5e905000)
	libdftbox.so.1 => /public/qmsoft/TeraChem/lib/libdftbox.so.1 (0x00002b7c5edf6000)
	libcublas.so.8.0 => /public/qmsoft/TeraChem/lib/libcublas.so.8.0 (0x00002b7c5f107000)
	libcufft.so.8.0 => /public/qmsoft/TeraChem/lib/libcufft.so.8.0 (0x00002b7c61ab7000)
	libcuda.so.1 => /public/qmsoft/TeraChem/lib/libcuda.so.1 (0x00002b7c6a905000)
	libcudart.so.8.0 => /public/qmsoft/TeraChem/lib/libcudart.so.8.0 (0x00002b7c6b885000)
	libcrypto.so.10 => /lib64/libcrypto.so.10 (0x00002b7c6baeb000)
	libssl.so.10 => /lib64/libssl.so.10 (0x00002b7c6bed2000)
	libm.so.6 => /lib64/libm.so.6 (0x00002b7c6c13f000)
	libcilkrts.so.5 => /public/qmsoft/TeraChem/lib/libcilkrts.so.5 (0x00002b7c6c441000)
	libstdc++.so.6 => /lib64/libstdc++.so.6 (0x00002b7c6c682000)
	libgcc_s.so.1 => /lib64/libgcc_s.so.1 (0x00002b7c6c98a000)
	libpthread.so.0 => /lib64/libpthread.so.0 (0x00002b7c6cba0000)
	libdl.so.2 => /lib64/libdl.so.2 (0x00002b7c6cdbe000)
	libc.so.6 => /lib64/libc.so.6 (0x00002b7c6cfc2000)
	/lib64/ld-linux-x86-64.so.2 (0x00002b7c3cd02000)
	libidn.so.11 => /lib64/libidn.so.11 (0x00002b7c6d36f000)
	libssh2.so.1 => /lib64/libssh2.so.1 (0x00002b7c6d5a2000)
	libssl3.so => /lib64/libssl3.so (0x00002b7c6d7cc000)
	libsmime3.so => /lib64/libsmime3.so (0x00002b7c6da0e000)
	libnss3.so => /lib64/libnss3.so (0x00002b7c6dc35000)
	libnssutil3.so => /lib64/libnssutil3.so (0x00002b7c6df5b000)
	libplds4.so => /lib64/libplds4.so (0x00002b7c6e187000)
	libplc4.so => /lib64/libplc4.so (0x00002b7c6e38b000)
	libnspr4.so => /lib64/libnspr4.so (0x00002b7c6e590000)
	libgssapi_krb5.so.2 => /lib64/libgssapi_krb5.so.2 (0x00002b7c6e7ce000)
	libkrb5.so.3 => /lib64/libkrb5.so.3 (0x00002b7c6ea1a000)
	libk5crypto.so.3 => /lib64/libk5crypto.so.3 (0x00002b7c6ecff000)
	libcom_err.so.2 => /lib64/libcom_err.so.2 (0x00002b7c6ef31000)
	liblber-2.4.so.2 => /lib64/liblber-2.4.so.2 (0x00002b7c6f135000)
	libldap-2.4.so.2 => /lib64/libldap-2.4.so.2 (0x00002b7c6f344000)
	libz.so.1 => /lib64/libz.so.1 (0x00002b7c6f597000)
	librt.so.1 => /lib64/librt.so.1 (0x00002b7c6f7ad000)
	libnvidia-fatbinaryloader.so.396.26 => /lib64/libnvidia-fatbinaryloader.so.396.26 (0x00002b7c6f9b5000)
	libkrb5support.so.0 => /lib64/libkrb5support.so.0 (0x00002b7c6fc01000)
	libkeyutils.so.1 => /lib64/libkeyutils.so.1 (0x00002b7c6fe10000)
	libresolv.so.2 => /lib64/libresolv.so.2 (0x00002b7c70014000)
	libsasl2.so.3 => /lib64/libsasl2.so.3 (0x00002b7c7022b000)
	libselinux.so.1 => /lib64/libselinux.so.1 (0x00002b7c70448000)
	libcrypt.so.1 => /lib64/libcrypt.so.1 (0x00002b7c7066d000)
	libpcre.so.1 => /lib64/libpcre.so.1 (0x00002b7c708a4000)
	liblzma.so.5 => /lib64/liblzma.so.5 (0x00002b7c70b05000)
#################################################################################################

       ********************** License Check **********************
       * Use license from: /public/qmsoft/TeraChem/license.dat
       * Available Host id: 0CC47AE5BB3E
       * Available Host id: 0CC47AE5BB3F
       * Available Host id: 5254009482E9
       * Available Host id: 5254009482E9
       * License Host id: 0CC47AE5BB3E
       * License expires: 2019-10-21
       ********************** License OK *************************
Scratch directory: /tmp/lum/5ly6/refine11+10/ase/61/scr
Random number seed: 1501726796

XYZ coordinates /home/lum/5ly6/refine11+10/ase/61/61_capping.xyz
Molden File Output: /tmp/lum/5ly6/refine11+10/ase/61/scr/61_capping.molden
Using basis set: 6-31g
Spin multiplicity: 1
DIIS will use up to 10 vectors.
WF convergence threshold: 3.00e-05
Using DIIS algorithm to converge WF
Maximum number of SCF iterations: 300
Incremental fock with rebuild every 8 iterations
Will switch to conventional Fock if diffuse functions are detected
X-matrix tolerance: 1.00e-04
PRECISION: DYNAMIC
DFT Functional requested: hf
Method: Hartree-Fock  with dispersion correction

*********************************************************
*                     WARNING                           *
* Dispersion correction is not supported for hf         *
*         Disabling dispersion correction               *
*********************************************************

Wavefunction: RESTRICTED
Initial guess generated by maximum overlap

********************************************
**** SINGLE POINT GRADIENT CALCULATIONS ****
********************************************
SCF:   Initial guess is taken from previous step
COSMO model for polarizable continuum model enabled

using 4 out of 4 CUDA devices
   Device 0:  GeForce GTX 1080 Ti, 11178MB, CC 6.1 -- CPU THREAD 0
   Device 1:  GeForce GTX 1080 Ti, 11178MB, CC 6.1 -- CPU THREAD 1
   Device 2:  GeForce GTX 1080 Ti, 11178MB, CC 6.1 -- CPU THREAD 2
   Device 3:  GeForce GTX 1080 Ti, 11178MB, CC 6.1 -- CPU THREAD 3
-------------------------------------------------------------------
Compiled with MAGMA support.  MAGMA parameters:
    Matrices larger than 5000 square will be treated with MAGMA
       (Change by setting the MagmaMinN environment variable)
    Magma will use 1 out of 4 GPUs
       (Change by setting the MagmaNGPUs environment variable)
-------------------------------------------------------------------
 CPU Memory Available: 8018.12 MegaWords 
 GPU Memory Available: 1141.31 MegaWords 
 Maximum recommended basis set size: 12200 basis functions
 (limited by GPU memory)
-------------------------------------------------------------------
Not using d-functions. Configuring GPUs accordingly.
0: CUBLAS initialized, available GPU memory: 9669MB
1: CUBLAS initialized, available GPU memory: 9669MB
2: CUBLAS initialized, available GPU memory: 9669MB
3: CUBLAS initialized, available GPU memory: 9669MB


Basis set:       6-31g
Total atoms:     364
Total charge:    0
Total electrons: 1320 (660-alpha, 660-beta)
Number electrons modeled by ECPs: 0
Total orbitals:  1929
Total AO shells: 1243 (900 S-shells; 343 P-shells; 0 D-shells; 0 F-shells; 0 G-shells)
Spin multiplicity: 1
Nuclear repulsion energy (QM atoms): 53719.474637651285 a.u.

=COSMO= Number of H atoms in QM atoms:193
=COSMO= Number of Heavy atoms in QM atoms:171
reached first line of InitCosmoSwigNoMatrix
q is allocated
B is allocated
Bz is allocated
z is allocated
c is allocated
=COSMO= No Matrix Cosmo Initialization finished.
=COSMO= ++++++++++++++++++++++++++++++ COSMO parameters ++++++++++++++++++++++++++++++
=COSMO= I. Cavity Information:
=COSMO= SAS(Solvent accesible surface) initialization finished
=COSMO= Time for initializing Molecular Surface:0.38379800 (sec)
=COSMO= Time for initializing cosmo calculation:0.18059200 (sec)
=COSMO= Cavity effective radius(Angstrom) (r_solv+r_vdw-dsc) was written into /tmp/lum/5ly6/refine11+10/ase/61/scr/ratom.txt
=COSMO= Solvent Dielectric Constant:78.390000
=COSMO= Cosmo Solvent radius:0.000000
=COSMO= Cosmo charge scaling method:0
=COSMO= Cavity built with Lebedev Grid
=COSMO= Grid points/QM Hydrogen: 110
=COSMO= Grid points/QM Heavy atom: 110
=COSMO= Herbert Switching-Gaussian method turned on
=COSMO= After removing points inside of SAS:
=COSMO= Total number of segments on molecular surface:20210
=COSMO= Number of segments belonging to QM atoms:20210
=COSMO= Total surface area of cavity: 2851.0371(Angstrom^2)
=COSMO= Total volume of cavity: 1629.9032 (Angstrom^3)
=COSMO= II. COSMO integral options:
=COSMO= Building COMSO c vector with original algorithm
=COSMO= COSMO one-electron integral threshold: 1e-12 
=COSMO= III. Linear solver options:
=COSMO= Initialize COSMO for A matrix in no matrix storage form
=COSMO= CG precondtioner:Jacobi
=COSMO= Tight CG convergence threshold:1e-06
=COSMO= CG dynamic threshold: on
=COSMO= Adjust CG convergence threshold dynamically
=COSMO= IV. PCM field read/write options:
=COSMO= PCM field is not written to files
=COSMO= No PCM field file is read in
=COSMO= ++++++++++++++++++++++++++++++++++++++++++++++++++++++++++++++++++++++++++++++++

                      *** Start SCF Iterations ***

 Iter     DIIS Error       Energy change         Energy              E_PCM      Time(s)
---------------------------------------------------------------------------------------
         >>> Purifying P... IDMP = 3.06e-14 <<<
THRESPDP set to 1.00e+00
   1     0.2500593923   -8524.3545268608   -8524.3545268608     -0.8181411637    7.43  
   2     0.1476687849     -40.9247010744   -8565.2792279352     -0.3988289311    7.96  
   3     0.0801280140      -5.8338096137   -8571.1130375490     -0.5760937645    7.60  
   4     0.0192426963      -0.7148417712   -8571.8278793202     -0.4862631744    6.95  
   5     0.0069393326      -0.1022620727   -8571.9301413929     -0.5302023957    6.27  
THRESPDP set to 8.41e-05
   6     0.0031029673      -0.0093788628   -8571.9395202557     -0.5355466321    6.13  
   7     0.0016392071      -0.0016815814   -8571.9412018371     -0.5393963232    5.32  
   8     0.0008959184      -0.0003508052   -8571.9415526422     -0.5409894371    4.92  
   9     0.0005508551      -0.0000640767   -8571.9416167189     -0.5415163985    4.84  
  10     0.0002861161      -0.0000157308   -8571.9416324497     -0.5417374535    4.68  
  11     0.0001702796      -0.0000021546   -8571.9416346042     -0.5417863724    4.46  
  12     0.0000868960      -0.0000005911   -8571.9416351953     -0.5417987194    4.33  
  13     0.0000462604      -0.0000001212   -8571.9416353165     -0.5417964843    4.17  
  14     0.0000169684      -0.0000007937   -8571.9416361101     -0.5417927820    4.94  
---------------------------------------------------------------------------------------
FINAL ENERGY: -8571.9416361101 a.u.
C-PCM contribution to final energy:-0.5417927820 a.u. ( already included in final energy )
Computing C-PCM contribution to gradient...
CENTER OF MASS: {19.844820, 24.257302, 44.829500} ANGS
DIPOLE MOMENT: {-23.942848, -38.210138, 18.837754} (|D| = 48.868555) DEBYE
Cannot open /tmp/lum/5ly6/refine11+10/ase/61/scr
Writing out molden info

Gradient units are Hartree/Bohr
---------------------------------------------------
        dE/dX            dE/dY            dE/dZ
    0.0592413198    -0.0958479078     0.0345372322
    0.0083215487     0.0194481185    -0.0113978348
    0.0298713427    -0.0696898706    -0.0608952615
   -0.0209366971     0.0480819727     0.0307050544
   -0.0134211171     0.0009747609     0.0368993767
    0.0242499472     0.0035080128    -0.0110794536
   -0.0188819011     0.0029408630     0.0059526223
    0.0200059900    -0.0232413956     0.0062322515
    0.0090975543    -0.0114045116     0.0117701733
    0.0007771100     0.0012012922     0.0005717126
    0.0102338240    -0.0030215645    -0.0079624230
    0.0004735669     0.0013654907    -0.0110239485
   -0.0051749783     0.0132471840    -0.0061420526
   -0.0157140333     0.0066308242     0.0029124623
   -0.0132068098     0.0302009860     0.0350229839
   -0.0065316904    -0.0052491749     0.0030095320
   -0.0125589623     0.0157378932     0.0106220787
    0.0041273085    -0.0088343584    -0.0085319704
    0.0133193196     0.0000627358     0.0023081349
   -0.0381154114     0.0409996518     0.0208096298
    0.0016844509     0.0049813470     0.0041988600
    0.0083776036    -0.0148113700    -0.0055165798
    0.0049614521    -0.0038401822    -0.0040608775
   -0.0012901044    -0.0025014610    -0.0046723265
    0.0305283474    -0.0344477889    -0.0241485915
   -0.0032852635    -0.0045314856     0.0012246976
    0.0005107485    -0.0015852794    -0.0003746437
    0.0003489144    -0.0008776894    -0.0000117143
    0.0145846072    -0.0278834381    -0.0154838871
    0.0051706369    -0.0076528893    -0.0055803531
   -0.0515126641     0.1040649013     0.0361196380
    0.0327054143    -0.0298152470    -0.0403913369
    0.0131210750    -0.0165383091     0.0149842692
   -0.0345604642     0.0111092170     0.0104150830
   -0.0083179217     0.0174682255     0.0136351608
   -0.0027627305     0.0079699514     0.0037527663
   -0.0055266213     0.0000477282    -0.0092171548
   -0.0000161928     0.0056616258    -0.0053514392
    0.0260159872    -0.0008174918    -0.0055173110
   -0.0522751578    -0.0285200696     0.0962360480
   -0.0011329843    -0.0329619839     0.0247717564
    0.0291741394     0.0127377435    -0.0485793524
   -0.0042966307    -0.0148859077     0.0131355534
   -0.0016535660    -0.0026772448     0.0022878477
    0.0155529968    -0.0011213831     0.0144005883
   -0.0038632150     0.0146269738    -0.0022398985
   -0.0038801934     0.0039333304     0.0186148014
   -0.0040918924     0.0110785711    -0.0050694227
   -0.0026471952     0.0034671568    -0.0016386000
   -0.0096912423     0.0005369571    -0.0018133136
    0.0013339285    -0.0004593121    -0.0056328996
   -0.0021700913     0.0053499113    -0.0037752500
    0.0022711119    -0.0009359487    -0.0002004510
    0.0027099127    -0.0053503688     0.0036880588
    0.0010855985    -0.0049160224    -0.0019278371
   -0.0298469895     0.0026939265     0.0387433253
    0.0182523785    -0.0215940003     0.0046266299
    0.0011185141     0.0560200239    -0.0038131818
    0.0028119574    -0.0357060962     0.0088771903
   -0.0142371097    -0.0154528372    -0.0129894203
   -0.0015994408     0.0017068092    -0.0139942598
    0.0145535175     0.0055468506     0.0118944892
   -0.0430494280    -0.0177265193    -0.0099398155
    0.0038128660     0.0057482649    -0.0073853602
   -0.0034107560     0.0116326946    -0.0074695269
    0.0014095920     0.0063111955     0.0104307027
   -0.0013351228     0.0078249793    -0.0006944556
    0.0096879628     0.0033783961    -0.0025644069
    0.0263072393     0.0103033417     0.0146675353
   -0.0056749095    -0.0275697115    -0.0148770362
   -0.0004292613     0.0150533834    -0.0037403765
    0.0337958647    -0.0881022627    -0.0319229029
   -0.0054540523     0.0366713828    -0.0092076413
   -0.0004673127    -0.0047357966     0.0016086260
    0.0024370821     0.0063696392    -0.0004296456
   -0.0017590576     0.0039496977    -0.0264160464
    0.0029683569     0.0029846391     0.0299167802
    0.0077070355     0.0010347109     0.0632644056
   -0.0069833041    -0.0176359634     0.0184768532
   -0.0168431641    -0.0179834490    -0.0583794393
    0.0005900050     0.0075468384     0.0018419289
    0.0014910072    -0.0048267066     0.0034199981
    0.0000217850     0.0012864684    -0.0027874177
    0.0006334602    -0.0010181772     0.0000600176
   -0.0018377763    -0.0054264785     0.0051376975
   -0.0017063431     0.0019368487    -0.0152521324
   -0.0012049868     0.0048077932    -0.0283518854
    0.0043595727     0.0087100574    -0.0049823634
    0.0127012870     0.0174874433     0.0202485138
   -0.0657805413    -0.0118449164    -0.0751678538
   -0.0008286899     0.0078985786    -0.0204635700
   -0.0031363668     0.0643987250     0.0108650369
    0.0070548898    -0.0260273274     0.0093147969
   -0.0041262015     0.0034762307    -0.0025381608
   -0.0182490034     0.0032774326    -0.0188848974
    0.0158520332     0.0000154886    -0.0153864727
    0.0265778225     0.0318215808     0.0110947407
   -0.0613703170    -0.0708763807     0.0126664214
    0.0318287885     0.0548131501    -0.0386980023
    0.0325355932     0.0249825246     0.0252271274
   -0.0078422433     0.0014510622    -0.0221046190
   -0.0014340033    -0.0118730963     0.0037857888
    0.0014259688    -0.0012186491    -0.0008689978
    0.0023445616    -0.0034327860     0.0044642572
    0.0004733827     0.0023731777     0.0039476209
    0.0055516361    -0.0065716285     0.0126634108
   -0.0058792373     0.0006935585     0.0070981712
    0.0003835475    -0.0041949102     0.0036247181
   -0.0093417426    -0.0037335682    -0.0209252885
    0.0030673280    -0.0044994530     0.0176940675
   -0.0064550273    -0.0158881784     0.0190375786
   -0.0182358138    -0.0172457102    -0.0061468590
    0.0007480065     0.0057096331    -0.0135829070
   -0.0045283550    -0.0590503967    -0.0232666791
    0.0196427413     0.0017020142     0.0024709207
   -0.0162526191     0.0445298633    -0.0165944364
    0.0108178799    -0.0273336021     0.0081276721
   -0.0172046613     0.0029238356     0.0117954955
    0.0062409820    -0.0118475808     0.0061574390
   -0.0060651262    -0.0025678753     0.0027517219
   -0.0019322540     0.0016302115    -0.0032331189
    0.0500421443     0.0073377589     0.0078139840
   -0.0041184674     0.0165851519    -0.0052981461
   -0.0013207324    -0.0008690475    -0.0009272211
    0.0039557641    -0.0051211512    -0.0066616428
    0.0007040843     0.0021805740    -0.0019116873
   -0.0017747591     0.0015451435    -0.0001628326
   -0.0007842184     0.0070663871    -0.0027832685
   -0.0104288474     0.0041693247    -0.0088414323
   -0.0317649830    -0.0078072496    -0.0004297926
    0.0073057017    -0.0292134477     0.0204925431
   -0.0119444298    -0.0150955486    -0.0096803664
    0.0122133823     0.0155990131     0.0176616627
   -0.0036103061     0.0007148137    -0.0033186224
    0.0016699982     0.0172054664    -0.0176103952
    0.0086808452    -0.0197243298     0.0274893544
    0.0104060938     0.0090286043     0.0051488187
   -0.0062168818     0.0163635373    -0.0033625874
   -0.0017131888     0.0060484428    -0.0000237684
    0.0025587154    -0.0083502186     0.0043497094
    0.0009861207     0.0022387734    -0.0009312411
   -0.0077250502     0.0013440666    -0.0152555302
   -0.0041988001     0.0131412932    -0.0050517136
   -0.0074375516    -0.0060212013     0.0002940422
    0.0008784977    -0.0027114096     0.0010012190
    0.0005829968    -0.0014387521    -0.0013659360
    0.0039795353    -0.0163528487    -0.0028723943
    0.0060250858    -0.0177976978    -0.0031207362
    0.0318815644    -0.0908740908     0.1175388683
   -0.0463853047     0.0712124782    -0.0404354101
   -0.0051522678     0.0052248019    -0.0270235691
   -0.0083096000     0.0111214451    -0.0171951733
   -0.0169414079    -0.0007078156     0.0329604782
    0.0042746623    -0.0090680018     0.0131726520
    0.0335223324    -0.0148406087    -0.0185827150
   -0.0068322336     0.0082204245    -0.0047892936
    0.0027524707    -0.0080095775     0.0121934409
   -0.0056973954     0.0007180318    -0.0034474742
   -0.0038263233     0.0066794385    -0.0036355561
   -0.0040961864     0.0099372831    -0.0044210150
    0.0041970074    -0.0072771943     0.0055721078
    0.0012459859     0.0035064282     0.0160215338
    0.0028988174     0.0023928058    -0.0116388959
   -0.0034361381     0.0043467751    -0.0038486554
   -0.0078026909     0.0068303493    -0.0038389608
    0.0007455827    -0.0008013206    -0.0001998414
    0.0001071883     0.0015330545     0.0062430106
   -0.0720132233    -0.0290315014     0.0647029454
   -0.0224969327     0.0222571659    -0.0008123815
   -0.0018572722     0.0152439409     0.0244082479
   -0.0001085132    -0.0108271745     0.0027229106
    0.0043146076    -0.0083011395     0.0162926346
   -0.0054318069    -0.0093744782     0.0169951826
    0.0118679182    -0.0143310433     0.0073753940
    0.0007121514     0.0023615131    -0.0000227293
    0.0018506181     0.0038228603    -0.0082815935
   -0.0007279524     0.0038198637    -0.0016080127
    0.0096687765    -0.0007798021    -0.0365821301
   -0.0113535562     0.0042990440     0.0052447900
    0.0126889041     0.0066043714     0.0239859581
   -0.0013264778    -0.0049770450     0.0002778287
    0.0029099658     0.0018957849     0.0328149920
   -0.0033325853     0.0008684658    -0.0027267912
   -0.0002270522    -0.0195968770    -0.0036289452
   -0.0005749495    -0.0033050600     0.0043231620
    0.0047320723    -0.0058842245     0.0023659329
   -0.0013525653     0.0036376458    -0.0198177350
    0.0011545650     0.0002167639    -0.0004828820
    0.0009598774    -0.0011133290     0.0001102776
   -0.0004389099    -0.0017139275    -0.0017152251
    0.0008357601     0.0014358705    -0.0001227102
   -0.0017101869     0.0041221354    -0.0069986036
    0.0029687954     0.0097456668     0.0066482251
   -0.0167530559    -0.0052857064    -0.0362597454
    0.0122374017     0.0101722724     0.0098246809
   -0.0043394596    -0.0107460033     0.0153951944
   -0.0020689324     0.0099783873    -0.0078248942
    0.0016189658    -0.0051156627    -0.0162854772
   -0.0164643233     0.0177426670     0.0015743919
   -0.0028200693     0.0008728463    -0.0036295510
    0.0078068952    -0.0014785218    -0.0021504250
    0.0019635969    -0.0043794578     0.0046477067
   -0.0011558160     0.0009332258    -0.0018811029
   -0.0019004412    -0.0018769564     0.0093014962
    0.0012421168    -0.0011783301     0.0022311621
    0.0084517784    -0.0100892171     0.0021703763
   -0.0004008391    -0.0005573552     0.0002711547
    0.0005776401     0.0009276175     0.0003010295
    0.0009869678    -0.0011260306     0.0030908671
   -0.0016929816    -0.0003463688    -0.0005909836
   -0.0010117874    -0.0006350179     0.0017905334
    0.0002540560     0.0009540286     0.0003073219
    0.0025071079     0.0047002182    -0.0079928427
   -0.0050917353     0.0056293304    -0.0143251008
   -0.0147255040    -0.0289382663     0.0491379385
    0.0087937271     0.0183772962    -0.0322410386
    0.0088930259    -0.0104402780    -0.0104958796
   -0.0117875861     0.0168103545     0.0149704265
    0.0240829419    -0.0119303351    -0.0051092328
   -0.0123496452    -0.0126806466     0.0043346340
    0.0003785616    -0.0049573088     0.0045290513
   -0.0000167358    -0.0022219233     0.0019684064
    0.0022777002     0.0018949222     0.0066124260
   -0.0010430242     0.0026296034     0.0014262718
    0.0003428982    -0.0036967170    -0.0071019006
   -0.0080777403    -0.0009133235     0.0054005046
   -0.0110070709     0.0054516840    -0.0044246754
   -0.0006485116     0.0003581367     0.0017318337
    0.0091992831     0.0029297712    -0.0060608691
    0.0015473237     0.0019162031     0.0021167252
    0.0022313473     0.0056356102     0.0004301302
    0.0174671079     0.0195680757     0.0087818828
   -0.0321165767    -0.0264695724     0.0069867426
    0.0198612758    -0.0072842282     0.0135941261
   -0.0061837752    -0.0026135382    -0.0190688806
    0.0004698976     0.0007976578    -0.0051054660
    0.0094757876     0.0001898711    -0.0093881332
    0.0071071797     0.0187679149    -0.0064930196
   -0.0014069866     0.0085465654     0.0130408623
   -0.0189212759    -0.0147459445    -0.0274905284
    0.0117742478     0.0185249674    -0.0277620127
    0.0074174343    -0.0027593302     0.0144310438
    0.0049590347    -0.0030868865    -0.0019552286
    0.0013886073     0.0117593206     0.0116604000
   -0.0017149703    -0.0026832117     0.0084762274
   -0.0062623806    -0.0134814634     0.0264863401
   -0.0104805127     0.0056145740    -0.0217778901
   -0.0645383187    -0.0699025126    -0.0699889853
    0.0021165446     0.0455062777     0.0345285573
   -0.0007459230    -0.0173223014     0.0028571913
   -0.0061144673     0.0192552213     0.0192559912
    0.0017645133    -0.0034552337    -0.0021435576
    0.0017128294    -0.0096458928    -0.0137876790
   -0.0036718959     0.0019137311    -0.0085713459
    0.0054682136     0.0035304735     0.0116337300
    0.0011443215     0.0013153313     0.0029240504
    0.0065393243     0.0055463731     0.0000671239
    0.0249082855    -0.0904190174    -0.0340140230
    0.0187877396    -0.0244850234     0.0073323073
   -0.1010719310     0.0307212814    -0.0102587047
    0.0282107965     0.0037462399     0.0223822965
    0.0095621345    -0.0277880288     0.0194091090
   -0.0053557688     0.0061187550    -0.0007779023
   -0.0116304616    -0.0078561469    -0.0019587164
   -0.0496494059    -0.0931942417     0.0512181899
   -0.0016641953    -0.0227684245     0.0216277737
    0.0244602991     0.0362544665     0.0183044600
   -0.0154039635    -0.0099103800    -0.0217466016
   -0.0138765004     0.0086105581    -0.0136769059
    0.0008616960    -0.0053796066    -0.0083838086
   -0.0240727486     0.0094172995    -0.0029292768
   -0.0131288446    -0.0079274769    -0.0171330192
   -0.0019034061     0.0027176706    -0.0049041858
    0.0035042467    -0.0061731876     0.0052438359
   -0.0037223710     0.0028551651     0.0046824129
    0.0021383418     0.0054015530     0.0014070525
    0.0014498250    -0.0019107183     0.0056729172
    0.0065162072    -0.0033565881    -0.0051226708
    0.0026527934    -0.0060842378     0.0061215844
    0.0140493125     0.0004512184     0.0040652312
   -0.0127159068    -0.0294494027    -0.0155659209
   -0.0127057927     0.0073561926    -0.0028114987
   -0.1001899741    -0.0449422804    -0.0074017742
    0.0293130381     0.0216188071     0.0294745187
    0.0069278965     0.0035927380     0.0063391992
    0.0022597635    -0.0019016196    -0.0174855441
    0.0035317708    -0.0048051020     0.0060433376
    0.0105938131     0.0048903587     0.0103769175
    0.0103040491    -0.0005487519     0.0012633999
   -0.0024452913    -0.0012173146    -0.0000378174
    0.0014524464    -0.0037182677     0.0050951764
   -0.0050512694     0.0013199454     0.0078707781
    0.0007822698     0.0002138385     0.0009270345
   -0.0020797819     0.0044597322    -0.0050235343
   -0.0013904616     0.0001192099    -0.0006586227
   -0.0000279876     0.0003388044    -0.0009598364
   -0.0699122986     0.0927525187     0.0090746003
   -0.0294762383     0.0213803842    -0.0154646254
    0.0104886246    -0.0069947969     0.0441038206
   -0.0048616492     0.0047379646    -0.0360942357
    0.0141328950    -0.0248685880     0.0124166866
    0.0080064869    -0.0074594863     0.0005771735
   -0.0025072309     0.0026045500     0.0012444127
   -0.0163280401    -0.0319924974     0.0048101209
   -0.0118199569    -0.0013888770     0.0206408867
    0.0046140865    -0.0094569596     0.0070220339
   -0.0048227900     0.0018065910     0.0027905420
   -0.0083754383     0.0128056333    -0.0069389839
   -0.0057813952     0.0068025633    -0.0063575372
   -0.0017918214    -0.0011234629    -0.0000760616
    0.0040833478     0.0010329277    -0.0019897326
    0.0036042868     0.0130677268     0.0073489473
    0.0073424881     0.0152930301    -0.0103678702
    0.0052828951    -0.0077418020    -0.0156082204
    0.0080296158     0.0265651994    -0.0021406331
   -0.0601703544    -0.0393967448    -0.0030285647
   -0.0085878132     0.0142629005     0.0355091921
   -0.0127430593    -0.0203061755     0.0007530132
    0.0062778812     0.0067609263     0.0166838869
    0.0146174643     0.0161492161    -0.0022256040
    0.0000044469     0.0025830151     0.0084110035
   -0.0089733448    -0.0092441993     0.0086338951
   -0.0000303309     0.0023485439     0.0018963242
   -0.0030271999     0.0016522060    -0.0021631036
    0.0015352716     0.0021733031    -0.0044739343
    0.0015692151    -0.0048370727    -0.0065013271
    0.0008150437    -0.0014476778     0.0009559663
   -0.0004548070    -0.0013344228     0.0003834385
   -0.0068428305    -0.0066369592    -0.0031134848
   -0.0594689091     0.0784884589     0.0090169390
   -0.0196764107    -0.0035126876    -0.0181857879
    0.0273884200    -0.0678109426     0.0397466273
   -0.0043086857     0.0092557954     0.0075778455
    0.0038292632     0.0200944297     0.0378337015
   -0.0150231546    -0.0148869119     0.0059540581
    0.0066965426     0.0139831826    -0.0163935678
    0.0113811626     0.0099029616    -0.0033579937
   -0.0331566604     0.0076433005    -0.0234636629
    0.0008202222    -0.0012324795    -0.0004873186
   -0.0019787988    -0.0023218359    -0.0202941407
   -0.0010870148    -0.0049814027    -0.0025329911
   -0.0005979549     0.0021954301    -0.0028339886
   -0.0005912299    -0.0103973255     0.0065509989
   -0.0030633319    -0.0031271135     0.0009832194
    0.0031646442     0.0004421080     0.0069215244
   -0.0002010526    -0.0062087809     0.0023939083
   -0.0012084187    -0.0009033138    -0.0017149948
   -0.0015701978     0.0000939347    -0.0001184875
   -0.0846315532     0.0964178431    -0.0503469275
    0.0187975461    -0.0700132812     0.0026961851
    0.0506029762     0.0309897549    -0.1240249004
   -0.0290658518     0.0512672750     0.0416357397
    0.0765127689     0.0143591985     0.1149415284
    0.0133308457     0.0237640503    -0.0666014161
    0.0802445608     0.0279546612    -0.1085988498
    0.0603828260     0.0224574006     0.0350913643
   -0.0320609205     0.1338925091     0.0030320094
    0.0690576302    -0.0254972886    -0.0033433213
    0.0723178359     0.1068632547    -0.0469800827
    0.0685312253     0.0230222881    -0.0168751803
    0.1039782214    -0.0867527172    -0.0295523246
    0.0627689510     0.0187768866    -0.0386492905
    0.1099171896    -0.0806268454     0.0219541199
   -0.0175104066     0.0537459120    -0.0493567965
---------------------------------------------------
Net gradient:  5.025711e-10  7.940072e-10  9.446088e-09
Net torque:   -6.297051e-04  1.663913e-04 -3.155732e-04

Total processing time: 100.18 sec 

 Job finished: Fri May 24 13:20:38 2019

