Startfile from command line: /home/lum/6i5a/refine6/ase/10/10_capping.sp


       ***********************************************************
       *                    TeraChem v1.93P                      *
       *                 Hg Version: 79b87f121f2d                *
       *                   Production Version                    *
       *                Compiled without textures                *
       *           Chemistry at the Speed of Graphics!           *
       ***********************************************************
       * This program may only be used in connection with        *
       * a valid license from PetaChem, LLC. Use of this program *
       * or results thereof indicates acceptance of all terms    *
       * and conditions stated in the license and that a valid   *
       * license agreement between the user and PetaChem, LLC    *
       * exists. PetaChem, LLC does not warrant the correctness  *
       * of results or their suitability for any purpose.        *
       * Please email bugs, suggestions, and comments to         *
       *                  help@petachem.com                      *
       *                                                         *
       ***********************************************************


       ***********************************************************
       *  Compiled by toddmtz      Wed Aug 16 03:32:31 PDT 2017  *
       *  Supported architectures: sm_20 sm_30 sm_50 sm_60       *
       *  Cuda compilation tools, release 8.0, V8.0.44           *
       ***********************************************************


 Job started   Mon May 27 13:03:09 2019
 On cu35 (available memory: 54552 MB)

######################################### RUNTIME INFO ##########################################
/public/qmsoft/TeraChem/bin/terachem /home/lum/6i5a/refine6/ase/10/10_capping.sp 

NVRM version: NVIDIA UNIX x86_64 Kernel Module  396.26  Mon Apr 30 18:01:39 PDT 2018
GCC version:  gcc version 4.8.5 20150623 (Red Hat 4.8.5-4) (GCC) 

	linux-vdso.so.1 (0x00007ffd18df0000)
	libcurl.so.4 => /lib64/libcurl.so.4 (0x00002afb9beaa000)
	libintbox.so.1 => /public/qmsoft/TeraChem/lib/libintbox.so.1 (0x00002afb9c112000)
	libthcbox.so.1 => /public/qmsoft/TeraChem/lib/libthcbox.so.1 (0x00002afbbbd20000)
	libgridbox.so.1 => /public/qmsoft/TeraChem/lib/libgridbox.so.1 (0x00002afbbd88a000)
	libdftbox.so.1 => /public/qmsoft/TeraChem/lib/libdftbox.so.1 (0x00002afbbdd7b000)
	libcublas.so.8.0 => /public/qmsoft/TeraChem/lib/libcublas.so.8.0 (0x00002afbbe08c000)
	libcufft.so.8.0 => /public/qmsoft/TeraChem/lib/libcufft.so.8.0 (0x00002afbc0a3c000)
	libcuda.so.1 => /public/qmsoft/TeraChem/lib/libcuda.so.1 (0x00002afbc988a000)
	libcudart.so.8.0 => /public/qmsoft/TeraChem/lib/libcudart.so.8.0 (0x00002afbca80a000)
	libcrypto.so.10 => /lib64/libcrypto.so.10 (0x00002afbcaa70000)
	libssl.so.10 => /lib64/libssl.so.10 (0x00002afbcae57000)
	libm.so.6 => /lib64/libm.so.6 (0x00002afbcb0c4000)
	libcilkrts.so.5 => /public/qmsoft/TeraChem/lib/libcilkrts.so.5 (0x00002afbcb3c6000)
	libstdc++.so.6 => /lib64/libstdc++.so.6 (0x00002afbcb607000)
	libgcc_s.so.1 => /lib64/libgcc_s.so.1 (0x00002afbcb90f000)
	libpthread.so.0 => /lib64/libpthread.so.0 (0x00002afbcbb25000)
	libdl.so.2 => /lib64/libdl.so.2 (0x00002afbcbd43000)
	libc.so.6 => /lib64/libc.so.6 (0x00002afbcbf47000)
	/lib64/ld-linux-x86-64.so.2 (0x00002afb9bc87000)
	libidn.so.11 => /lib64/libidn.so.11 (0x00002afbcc2f4000)
	libssh2.so.1 => /lib64/libssh2.so.1 (0x00002afbcc527000)
	libssl3.so => /lib64/libssl3.so (0x00002afbcc751000)
	libsmime3.so => /lib64/libsmime3.so (0x00002afbcc993000)
	libnss3.so => /lib64/libnss3.so (0x00002afbccbba000)
	libnssutil3.so => /lib64/libnssutil3.so (0x00002afbccee0000)
	libplds4.so => /lib64/libplds4.so (0x00002afbcd10c000)
	libplc4.so => /lib64/libplc4.so (0x00002afbcd310000)
	libnspr4.so => /lib64/libnspr4.so (0x00002afbcd515000)
	libgssapi_krb5.so.2 => /lib64/libgssapi_krb5.so.2 (0x00002afbcd753000)
	libkrb5.so.3 => /lib64/libkrb5.so.3 (0x00002afbcd99f000)
	libk5crypto.so.3 => /lib64/libk5crypto.so.3 (0x00002afbcdc84000)
	libcom_err.so.2 => /lib64/libcom_err.so.2 (0x00002afbcdeb6000)
	liblber-2.4.so.2 => /lib64/liblber-2.4.so.2 (0x00002afbce0ba000)
	libldap-2.4.so.2 => /lib64/libldap-2.4.so.2 (0x00002afbce2c9000)
	libz.so.1 => /lib64/libz.so.1 (0x00002afbce51c000)
	librt.so.1 => /lib64/librt.so.1 (0x00002afbce732000)
	libnvidia-fatbinaryloader.so.396.26 => /lib64/libnvidia-fatbinaryloader.so.396.26 (0x00002afbce93a000)
	libkrb5support.so.0 => /lib64/libkrb5support.so.0 (0x00002afbceb86000)
	libkeyutils.so.1 => /lib64/libkeyutils.so.1 (0x00002afbced95000)
	libresolv.so.2 => /lib64/libresolv.so.2 (0x00002afbcef99000)
	libsasl2.so.3 => /lib64/libsasl2.so.3 (0x00002afbcf1b0000)
	libselinux.so.1 => /lib64/libselinux.so.1 (0x00002afbcf3cd000)
	libcrypt.so.1 => /lib64/libcrypt.so.1 (0x00002afbcf5f2000)
	libpcre.so.1 => /lib64/libpcre.so.1 (0x00002afbcf829000)
	liblzma.so.5 => /lib64/liblzma.so.5 (0x00002afbcfa8a000)
#################################################################################################

       ********************** License Check **********************
       * Use license from: /public/qmsoft/TeraChem/license.dat
       * Available Host id: 0CC47AE5BB3E
       * Available Host id: 0CC47AE5BB3F
       * Available Host id: 5254009482E9
       * Available Host id: 5254009482E9
       * License Host id: 0CC47AE5BB3E
       * License expires: 2019-10-21
       ********************** License OK *************************
  _________________________________
 |         DFTD3 V3.0 Rev 2        |
 | S.Grimme, University Bonn       |
 |           Aug  2013             |
  _________________________________
 
 Please cite DFT-D3 work done with this code as:
 S. Grimme, J. Antony, S. Ehrlich and H. Krieg,
 J. Chem. Phys. 132 (2010), 154104
 If used with BJ-damping cite also
 S. Grimme, S. Ehrlich and L. Goerigk,
 J. Comput. Chem. 32 (2011), 1456-1465
 For DFT-D2 the reference is
 S. Grimme, J. Comput. Chem., 27 (2006), 1787-1799
 
Scratch directory: /tmp/lum/6i5a/refine6/ase/10/scr
Random number seed: 1452798674

XYZ coordinates /home/lum/6i5a/refine6/ase/10/10_capping.xyz
Molden File Output: /tmp/lum/6i5a/refine6/ase/10/scr/10_capping.molden
Using basis set: 6-31g
Spin multiplicity: 1
DIIS will use up to 10 vectors.
WF convergence threshold: 3.00e-05
Using DIIS algorithm to converge WF
Maximum number of SCF iterations: 300
Incremental fock with rebuild every 8 iterations
Will switch to conventional Fock if diffuse functions are detected
X-matrix tolerance: 1.00e-04
PRECISION: DYNAMIC
DFT Functional requested: hf
Method: Hartree-Fock  with dispersion correction
Wavefunction: RESTRICTED
Initial guess generated by maximum overlap

********************************************
**** SINGLE POINT GRADIENT CALCULATIONS ****
********************************************
SCF:   Initial guess is taken from previous step
COSMO model for polarizable continuum model enabled

using 4 out of 4 CUDA devices
   Device 0:  GeForce GTX 1080 Ti, 11178MB, CC 6.1 -- CPU THREAD 0
   Device 1:  GeForce GTX 1080 Ti, 11178MB, CC 6.1 -- CPU THREAD 1
   Device 2:  GeForce GTX 1080 Ti, 11178MB, CC 6.1 -- CPU THREAD 2
   Device 3:  GeForce GTX 1080 Ti, 11178MB, CC 6.1 -- CPU THREAD 3
-------------------------------------------------------------------
Compiled with MAGMA support.  MAGMA parameters:
    Matrices larger than 5000 square will be treated with MAGMA
       (Change by setting the MagmaMinN environment variable)
    Magma will use 1 out of 4 GPUs
       (Change by setting the MagmaNGPUs environment variable)
-------------------------------------------------------------------
 CPU Memory Available: 8018.12 MegaWords 
 GPU Memory Available: 1141.31 MegaWords 
 Maximum recommended basis set size: 12200 basis functions
 (limited by GPU memory)
-------------------------------------------------------------------
Not using d-functions. Configuring GPUs accordingly.
0: CUBLAS initialized, available GPU memory: 8170MB
1: CUBLAS initialized, available GPU memory: 8170MB
2: CUBLAS initialized, available GPU memory: 8342MB
3: CUBLAS initialized, available GPU memory: 8348MB


Basis set:       6-31g
Total atoms:     416
Total charge:    -1
Total electrons: 1530 (765-alpha, 765-beta)
Number electrons modeled by ECPs: 0
Total orbitals:  2246
Total AO shells: 1438 (1034 S-shells; 404 P-shells; 0 D-shells; 0 F-shells; 0 G-shells)
Spin multiplicity: 1
Nuclear repulsion energy (QM atoms): 74132.437870878159 a.u.

 --------------------------------------------------
 !! SOME DISTANCES VERY SHORT. CHECK COORDINATES !!
 --------------------------------------------------
    Atom1     Atom2       Rij      Threshold
 ---------- ---------- ---------- ----------
        1         2     2.06756    2.20720
        8        10     1.91193    2.26767
        9        20     1.37669    1.55713
       11        13     2.00604    2.26767
       25        32     1.47429    1.55713
       27        41     2.00407    2.20720
       30        36     1.53329    1.61761
       31        40     0.78622    1.61761
       41        53     1.47738    1.55713
       43        44     1.66286    2.08626
       46        48     2.13097    2.26767
       62        63     1.82868    2.20720
       69        70     2.11274    2.20720
       69        81     1.10064    1.55713
       71        82     1.09145    1.55713
       72        85     1.36315    1.55713
       86        98     0.68193    1.55713
       88        89     1.63354    2.08626
       90       100     1.61743    1.61761
       92        94     1.77305    2.26767
       93        95     2.26634    2.26767
       97       106     1.32607    1.43619
      107       115     1.54519    1.55713
      111       118     1.31676    1.61761
      114       120     1.34121    1.55713
      121       126     1.16188    1.55713
      123       124     1.95889    2.08626
      125       129     1.28815    1.61761
      132       133     1.89057    2.26767
      136       142     1.34949    1.61761
      147       155     0.73380    1.55713
      148       156     1.06658    1.61761
      149       150     1.86843    2.08626
      182       187     1.40372    1.61761
      184       190     1.25501    1.61761
      192       193     2.07716    2.20720
      199       209     1.20169    1.61761
      216       222     1.41012    1.61761
      233       239     1.22689    1.61761
      253       254     1.84119    2.08626
      257       266     1.53121    1.61761
      270       271     2.19445    2.20720
      272       289     1.58337    2.20720
      275       282     0.90639    1.61761
      276       285     1.45694    1.61761
      277       288     1.29559    1.61761
      290       294     1.59431    1.61761
      300       306     1.14430    1.61761
      303       309     0.99708    1.55713
      311       319     1.37613    1.61761
      314       321     1.59396    1.61761
      334       343     1.29315    1.61761
      345       353     0.68229    1.61761
      346       347     1.72726    2.08626
      351       360     1.27617    1.61761
      363       370     0.90465    1.55713
      364       371     1.56490    1.61761
      377       381     1.41124    1.55713
      384       385     1.89826    2.20720
      388       389     2.24441    2.26767
      388       399     1.60656    1.61761
      390       392     1.54546    2.26767
      391       393     1.67350    2.26767
      393       394     2.24828    2.26767
 --------------------------------------------------
DFTD Energy:    -3.7073862 hartree
=COSMO= Number of H atoms in QM atoms:214
=COSMO= Number of Heavy atoms in QM atoms:202
reached first line of InitCosmoSwigNoMatrix
q is allocated
B is allocated
Bz is allocated
z is allocated
c is allocated
=COSMO= No Matrix Cosmo Initialization finished.
=COSMO= ++++++++++++++++++++++++++++++ COSMO parameters ++++++++++++++++++++++++++++++
=COSMO= I. Cavity Information:
=COSMO= SAS(Solvent accesible surface) initialization finished
=COSMO= Time for initializing Molecular Surface:0.52855603 (sec)
=COSMO= Time for initializing cosmo calculation:0.17167700 (sec)
=COSMO= Cavity effective radius(Angstrom) (r_solv+r_vdw-dsc) was written into /tmp/lum/6i5a/refine6/ase/10/scr/ratom.txt
=COSMO= Solvent Dielectric Constant:78.390000
=COSMO= Cosmo Solvent radius:0.000000
=COSMO= Cosmo charge scaling method:0
=COSMO= Cavity built with Lebedev Grid
=COSMO= Grid points/QM Hydrogen: 110
=COSMO= Grid points/QM Heavy atom: 110
=COSMO= Herbert Switching-Gaussian method turned on
=COSMO= After removing points inside of SAS:
=COSMO= Total number of segments on molecular surface:20641
=COSMO= Number of segments belonging to QM atoms:20641
=COSMO= Total surface area of cavity: 2671.8960(Angstrom^2)
=COSMO= Total volume of cavity: 1546.0503 (Angstrom^3)
=COSMO= II. COSMO integral options:
=COSMO= Building COMSO c vector with original algorithm
=COSMO= COSMO one-electron integral threshold: 1e-12 
=COSMO= III. Linear solver options:
=COSMO= Initialize COSMO for A matrix in no matrix storage form
=COSMO= CG precondtioner:Jacobi
=COSMO= Tight CG convergence threshold:1e-06
=COSMO= CG dynamic threshold: on
=COSMO= Adjust CG convergence threshold dynamically
=COSMO= IV. PCM field read/write options:
=COSMO= PCM field is not written to files
=COSMO= No PCM field file is read in
=COSMO= ++++++++++++++++++++++++++++++++++++++++++++++++++++++++++++++++++++++++++++++++

                      *** Start SCF Iterations ***

 Iter     DIIS Error       Energy change         Energy              E_PCM      Time(s)
---------------------------------------------------------------------------------------
         >>> Purifying P... IDMP = 3.11e-14 <<<
THRESPDP set to 1.00e+00
   1     0.2796020148   -9511.1534676519   -9511.1534676519     -3.8919690862   12.59  
   2     0.3848281525      -1.7988042647   -9512.9522719166    -22.2992259780   13.35  
   3     0.4894390226     -10.6395059749   -9523.5917778915    -30.6803975163   13.48  
   4     0.2554305701     -48.9299833148   -9572.5217612063     -3.3737284428   12.76  
   5     0.3152495089     +13.3224095841   -9559.1993516222    -13.7750506457   13.36  
   6     0.1327629052     -19.2585821380   -9578.4579337602     -2.1778662728   12.75  
   7     0.0747428653      -3.8719927393   -9582.3299264995     -0.9440931679   11.82  
   8     0.0533640056      -0.4554659004   -9582.7853923999     -0.8096869757   11.34  
THRESPDP set to 7.13e-05
   9     0.0263704345      -0.2525664371   -9583.0379588370     -0.8080806516   12.04  
  10     0.0126104498      -0.0356645020   -9583.0736233390     -0.7951225327    7.57  
  11     0.0058603722      -0.0184698359   -9583.0920931749     -0.7859004501    8.16  
  12     0.0043648865      -0.0070551387   -9583.0991483135     -0.7802789519    7.87  
  13     0.0026183937      -0.0026616239   -9583.1018099374     -0.7775186793   11.22  
  14     0.0019433249      -0.0007881839   -9583.1025981213     -0.7755415170   10.32  
  15     0.0018377385      -0.0003001192   -9583.1028982405     -0.7742919071    9.56  
  16     0.0013909252      -0.0001930058   -9583.1030912463     -0.7734732934    9.18  
  17     0.0010078711      -0.0001324687   -9583.1032237150     -0.7724078317   14.01  
  18     0.0007197110      -0.0000497187   -9583.1032734336     -0.7719288700    9.03  
  19     0.0004897081      -0.0000282582   -9583.1033016919     -0.7717079750    9.51  
  20     0.0003172888      -0.0000119604   -9583.1033136523     -0.7716215725    9.51  
  21     0.0002311404      -0.0000043184   -9583.1033179708     -0.7715936968    9.55  
  22     0.0001532993      -0.0000041992   -9583.1033221700     -0.7716240836   10.53  
  23     0.0001055292      -0.0000023098   -9583.1033244798     -0.7716977386    9.69  
  24     0.0000817101      -0.0000018775   -9583.1033263573     -0.7717360355    9.39  
  25     0.0000543609      -0.0000010840   -9583.1033274413     -0.7718166737   14.15  
  26     0.0000335909      +0.0000011574   -9583.1033262839     -0.7718955775    9.38  
  27     0.0000194293      +0.0000004693   -9583.1033258147     -0.7719360602    8.21  
 --------------------------------------------------
 !! SOME DISTANCES VERY SHORT. CHECK COORDINATES !!
 --------------------------------------------------
    Atom1     Atom2       Rij      Threshold
 ---------- ---------- ---------- ----------
        1         2     2.06756    2.20720
        8        10     1.91193    2.26767
        9        20     1.37669    1.55713
       11        13     2.00604    2.26767
       25        32     1.47429    1.55713
       27        41     2.00407    2.20720
       30        36     1.53329    1.61761
       31        40     0.78622    1.61761
       41        53     1.47738    1.55713
       43        44     1.66286    2.08626
       46        48     2.13097    2.26767
       62        63     1.82868    2.20720
       69        70     2.11274    2.20720
       69        81     1.10064    1.55713
       71        82     1.09145    1.55713
       72        85     1.36315    1.55713
       86        98     0.68193    1.55713
       88        89     1.63354    2.08626
       90       100     1.61743    1.61761
       92        94     1.77305    2.26767
       93        95     2.26634    2.26767
       97       106     1.32607    1.43619
      107       115     1.54519    1.55713
      111       118     1.31676    1.61761
      114       120     1.34121    1.55713
      121       126     1.16188    1.55713
      123       124     1.95889    2.08626
      125       129     1.28815    1.61761
      132       133     1.89057    2.26767
      136       142     1.34949    1.61761
      147       155     0.73380    1.55713
      148       156     1.06658    1.61761
      149       150     1.86843    2.08626
      182       187     1.40372    1.61761
      184       190     1.25501    1.61761
      192       193     2.07716    2.20720
      199       209     1.20169    1.61761
      216       222     1.41012    1.61761
      233       239     1.22689    1.61761
      253       254     1.84119    2.08626
      257       266     1.53121    1.61761
      270       271     2.19445    2.20720
      272       289     1.58337    2.20720
      275       282     0.90639    1.61761
      276       285     1.45694    1.61761
      277       288     1.29559    1.61761
      290       294     1.59431    1.61761
      300       306     1.14430    1.61761
      303       309     0.99708    1.55713
      311       319     1.37613    1.61761
      314       321     1.59396    1.61761
      334       343     1.29315    1.61761
      345       353     0.68229    1.61761
      346       347     1.72726    2.08626
      351       360     1.27617    1.61761
      363       370     0.90465    1.55713
      364       371     1.56490    1.61761
      377       381     1.41124    1.55713
      384       385     1.89826    2.20720
      388       389     2.24441    2.26767
      388       399     1.60656    1.61761
      390       392     1.54546    2.26767
      391       393     1.67350    2.26767
      393       394     2.24828    2.26767
 --------------------------------------------------
---------------------------------------------------------------------------------------
FINAL ENERGY: -9583.1033258147 a.u.
DISPERSION CONTRIBUTION TO ENERGY: -3.7073861820 a.u.
C-PCM contribution to final energy:-0.7719360602 a.u. ( already included in final energy )
Computing C-PCM contribution to gradient...
CENTER OF MASS: {25.875101, 29.400793, 30.478305} ANGS
DIPOLE MOMENT: {-30.745061, -78.903081, 22.871800} (|D| = 87.715872) DEBYE
Cannot open /tmp/lum/6i5a/refine6/ase/10/scr
Writing out molden info

Gradient units are Hartree/Bohr
---------------------------------------------------
        dE/dX            dE/dY            dE/dZ
   -0.3835201350    -0.3461505795     0.3852772127
    0.2686305034     0.5343375746    -0.1334916653
    0.0194504741    -0.2601217458     0.0249487594
   -0.0237594801     0.1180111168    -0.0361995678
    0.4128552079    -0.1161790003    -0.0559665627
   -0.1131392359     0.0870390794    -0.2488958926
    0.0793107905     0.2307181513     0.0248453525
    0.4257462951    -0.2862704328     0.7226091606
    0.4280749486    -0.3014716097     0.7699720030
   -0.7040790419     0.1316630818    -1.0084830087
    0.4888951551     0.4825817289     0.3596055072
    0.1522367049     0.0907326425     0.1384615182
   -0.3339694577    -0.6477247446    -0.0835688169
   -0.2107864351    -0.1273800985    -0.1896173533
    0.0345286799     0.0619538204    -0.0087365439
    0.0151895134    -0.0560395318     0.0087649104
   -0.0138583800     0.0383885939    -0.0075958746
   -0.0729944901    -0.0162197775     0.0212810301
   -0.0098996628    -0.0789695505     0.0165856457
   -0.2896886066     0.2256939568    -0.5736824162
   -0.0357006550     0.0019381302    -0.0605630080
   -0.0530244792     0.0161257938    -0.0747664923
    0.0063904032     0.0862501460    -0.0224872521
    0.0444347219     0.0259950307     0.0493645274
    0.2085825336     0.0241651919    -0.4034334871
    0.1224710887     0.0771211358    -0.0719618515
   -0.4108609510     0.1789628985     0.6948022832
   -0.0047388099    -0.0084415623    -0.1322660193
    0.0424880367    -0.0403153064     0.2135294511
   -0.4881298292     0.2567647963    -0.0821792919
    2.1344614270    -3.5371099888    -4.1893310194
   -0.1099103172    -0.1928126001     0.4035567036
   -0.0100461793     0.0120213541     0.0542323083
   -0.0108651168     0.0170740019    -0.0565582520
   -0.0003916360    -0.0325173826     0.0033271997
    0.4120432180    -0.1407500014     0.0959431744
    0.0157504884    -0.0296675099    -0.0394536340
    0.0386016598     0.0828985752     0.0144385500
   -0.0136800003     0.0315493665     0.0868043330
   -2.1918467551     3.3557432640     3.9986762935
    0.3567372551    -0.1201259650    -0.1145559571
    0.3466360962    -0.1606151849     0.1361934851
    0.7626988331     0.5365984441     1.4378069093
   -0.8181115264    -0.4792838527    -1.4460741013
   -0.1529691006     0.0727274415    -0.0479641577
   -0.2245203345     0.0673483602     0.4841371776
    0.1036165026    -0.0914917346     0.1213589043
    0.2865349451    -0.0618893361    -0.3905911882
   -0.3366876791     0.0682582705    -0.1719519244
   -0.1602363959     0.0282816918    -0.2162298922
   -0.3437961269     0.0333511825     0.1326621090
    0.5742889973    -0.0750827160    -0.1107419761
   -0.1896444533     0.0536685391    -0.4137050188
   -0.0532328153     0.0106396233    -0.0561580712
    0.0516645330    -0.0106272833    -0.0220342837
    0.0173523056    -0.0004068492    -0.0175324329
    0.0296583919     0.0099206739    -0.0917766012
   -0.0072000365     0.0058419840    -0.0218996946
    0.1200914043     0.0120637244     0.1778929860
    0.0118973570    -0.0011702115     0.0156246374
   -0.0339443715     0.0047295266     0.1035455737
   -0.0127618142     1.4971938089    -0.0075160713
    0.2341017477    -1.2703535052     0.0249865751
   -0.0076328339    -0.0350423695    -0.0656851122
    0.0265078367     0.1312159173     0.0144733213
    0.1020681049     0.0025095882     0.1847179023
    0.0817150867     0.1381623175    -0.3065738784
   -0.2957402858    -0.2300280510    -0.1221370996
    0.0841332063     0.4737752460    -1.6466959795
    0.0743887576    -0.0783666549    -0.4013553323
    0.4364904105    -1.8987781352    -0.6696795612
   -0.0884950402     0.4249627155     0.6458470899
   -0.0258858175    -0.0738766798    -0.0638107572
   -0.1832608813    -0.1426135624    -0.0101336408
    0.0038589961     0.0044296595    -0.0503415939
   -0.0577108713    -0.0149553650    -0.0284287293
    0.1682751429     0.0080340664     0.1925819832
   -0.0321676763     0.0117319182     0.0475904357
    0.0680751449     0.0079059710     0.0596193402
   -0.0318181717     0.0071704074     0.0682099144
   -0.1510221371    -0.2486312989     1.9130619276
   -0.4228891814     1.7850288395     0.7842331230
   -0.0042442819     0.0608639099    -0.0228553658
    0.0089837952    -0.0902527824     0.0293789868
    0.0813596178    -0.3924506208    -0.5959662070
   -0.4980162683    -7.6944437922    -5.0931474921
    0.1316581619     0.1709375184    -0.0198149387
   -1.5233371113     0.1987597338     1.2418939727
    1.5229056938    -0.2225896727    -1.1094522370
   -0.1194077665    -0.4400033170    -0.0473000802
    0.0257039373     0.2224487294    -0.2100031810
   -0.1086226027     0.9107837673    -1.2175818457
   -0.0472995391     0.4590435116    -0.0860402583
    0.0866133232    -1.2262737322     1.1243993629
    0.0645297299    -0.1577024393     0.2617104236
    0.0081835064    -0.2248325921     0.1433198822
   -0.1240599264    -0.4542217868    -0.5856177091
    0.4054082615     7.4910698223     5.1229005280
   -0.0263645851    -0.0489348037     0.0368136860
    0.0468664495     0.3094095850     0.0645404671
   -0.0000879789     0.0051007469     0.0252278116
    0.0248688424     0.0200345077     0.0387635619
    0.0113479789    -0.0666646698    -0.0242210406
   -0.0114716445     0.0477325935    -0.0160758308
    0.0059386794     0.0407587914     0.0221468150
    0.1027474315     0.5123664421     0.5155521220
    0.2461708619     0.0075219381    -0.4090378417
   -0.2920111195    -0.3237151072     0.1702192956
    0.0120664025     0.1355278502     0.1834432891
    0.0306804239     0.0995766011    -0.1132720792
    0.5982866164     0.7164249736    -0.7133646154
   -0.1231815749    -0.3704685710     0.0877502245
    0.0462378515     0.1131076283     0.0156228360
   -0.3278541799    -0.4679449383    -0.2893100050
   -0.2443481401     0.0470577201     0.1965544558
    0.1678199647     0.1987711544    -0.1230093851
   -0.0198963883    -0.0432263958     0.0026029445
   -0.4737839866    -0.5203820773     0.6797693753
   -0.0327681811     0.0202101553    -0.1017515232
    0.3982457949     0.6174485233     0.3066806425
   -0.3871113023    -1.5692505107     0.6762136682
   -0.0010081391    -0.0026667204    -0.2723670318
   -0.1243322574     0.5851658534     0.0915290661
    0.0739764832    -0.4898933817    -0.0453278129
   -0.9577510188    -0.5202508513    -0.0708347702
    0.3220950954     1.3979135773    -0.5742012210
    0.0675509266    -0.0169682960     0.0421159041
   -0.0021933999     0.0724454242     0.0297927131
    1.0179628854     0.3353889116     0.1105775941
   -0.0733489476     0.0586126870    -0.0337365769
    0.3789245496     0.2476046510    -0.0390068216
    0.0290647871    -0.0536053332    -1.1046481849
   -0.3002583120    -0.1656878222     1.2399281480
    0.0243149713     0.0682209399    -0.0029309877
   -0.1540119103    -0.1373446208     0.2850172506
    0.2424800719     0.4283837542    -0.9114280908
    0.1045990178    -0.0839971318    -0.1952409065
   -0.0390458260    -0.0811303654    -0.0087927856
   -0.0144085810    -0.0290862040    -0.0067412402
    0.0205992428     0.0269939831     0.0090946228
   -0.0210350170    -0.0075261533     0.0304987892
   -0.1606824518    -0.4248618660     0.7478892695
   -0.0215168152     0.0335287024     0.0577969478
   -0.0745382332     0.0524107457    -0.0373222220
   -0.0183112874     0.0441951424     0.0259750593
    0.0519431676     0.0494861246     0.0041850299
   -1.9169447066    -6.4421769750     3.2575010274
    2.0784728765     1.2122911655     0.5491210472
    0.2676942522     0.5719759309    -0.4515436415
   -0.3549007824    -0.6386245310     0.4865641104
   -0.0910440118    -0.0478510415     0.1193973112
   -0.0086452790    -0.3217172720    -0.2203921442
    0.0739879173     0.3412705061    -0.0332790863
    0.0627309797     0.1794076271    -0.1187873874
    1.8812266435     6.3581390274    -3.3530776323
   -1.8739904523    -1.0686725202    -0.5662567293
   -0.0054657561    -0.0402189044    -0.0304095569
    0.0186117969     0.0339572926    -0.0423904254
   -0.0001669168     0.0607794286    -0.0137399796
    0.0338112954    -0.0435213712     0.0360709918
   -0.0008438235    -0.0200114478     0.0399038006
   -0.1280162430    -0.0819453411     0.1826426762
    0.0026282165    -0.0486614730     0.0056387162
   -0.0306192862    -0.0700311290     0.1056960946
   -0.0075289100    -0.0067205279     0.0121231026
    0.0679788733     0.2502782343    -0.1831407181
   -0.2522960488    -0.1618402703     0.0885039544
   -0.0094854346    -0.2370466960     0.0219787635
    0.0302252303     0.0989284955    -0.1148616886
    0.1407889619     0.2235609015    -0.2005845204
    0.1643057243    -0.0547475621     0.0802976988
    0.0511498527    -0.0120473060    -0.0733378606
   -0.1402996370    -0.0310807527     0.0561326776
   -0.0532691752    -0.0792784242     0.0490703393
    0.0077902945     0.0039571450     0.0287671878
    0.0175310953    -0.0355602664     0.0123310708
   -0.0067163175    -0.0166680203     0.0556619641
   -0.0078257027     0.1270379470     0.1872413471
    0.0283647393     0.2748653347    -0.2942967879
   -0.4219622983    -0.1563802084     0.1897918183
    0.0809861314    -0.0788246930     0.0200814882
   -0.1756201196     0.6982289657     0.1867162359
    0.1047974868    -0.0612938861     0.0369415693
    1.0153722281    -0.6771311280     0.4027100832
    0.2263910799    -0.1186291723     0.1465466341
    0.0510843333    -0.0175560112     0.0163492743
    0.0082520400    -0.7000784781    -0.1999636720
   -0.0182066139     0.0053736929    -0.0688219592
   -0.0245658225     0.0546779844    -0.0010700285
   -0.9021313551     0.6665180540    -0.4218387382
   -0.0743569332    -0.0436318732    -0.0045215156
    0.7091034646     0.2654283207    -0.3266147428
   -0.5239720622    -0.1695428522     0.2112331380
    0.0541847276     0.2444068988    -0.2145635603
   -0.1258653485    -0.2014308851     0.1552895026
    0.2323991204     0.0575877308    -0.1407435495
    0.1600403483     0.0764359011     0.0619283280
   -0.0593183446     0.0673708237     0.2359644791
    1.3432186028     0.2012887131    -0.6477486724
   -0.0190448503    -0.0632548169     0.0189770515
   -0.0376791424     0.0282712836     0.0018120536
   -0.0228975425     0.0123402077    -0.0093657723
   -0.1729740667    -0.0511307309     0.1308492826
   -0.0547990414    -0.0265204787     0.0205402058
   -0.0435800510     0.0084625081    -0.1682915266
   -0.0109563648    -0.0594159869    -0.0300956241
    0.0474107349     0.0117205190    -0.0470345133
   -0.0040735705    -0.0126772416     0.0711504051
   -1.3187249477    -0.3111846223     0.4685559387
   -0.0616224810     0.0478809365     0.0369751775
    0.0319972442    -0.0039407690     0.1739413662
   -0.1472163747    -0.0726160528    -0.1259215832
    0.1882466272     0.0028465056    -0.1281130026
   -0.0395181308    -0.0584012344     0.0827581468
    0.3098333261     0.0929973321     0.0035124712
   -0.5727406142     0.6539934897    -0.1007257046
   -0.1623763861    -0.1545658799     0.0706022936
    0.0081735007    -0.0055830357    -0.0293967528
   -0.0307203417    -0.0042854255     0.0007268548
   -0.0419940458    -0.0122227526     0.0197499427
    0.0116441022    -0.0576889841    -0.0133694975
    0.4099988412    -0.5667050282     0.1079966154
    0.0632083034     0.0031450229    -0.0007447075
    0.0740879506     0.1263708663     0.0615295851
    0.0247015003     0.0219338406    -0.0353986452
   -0.0145054450     0.0091557228    -0.0598079807
   -0.2131592286     0.0442652308     0.1202860345
    0.1506918421     0.0979255722     0.1128758408
   -0.2649532807    -0.4111390654     0.0023114077
    0.0342436891     0.0977284762    -0.0769916822
    0.1431837147    -0.0840437872     0.2071167656
   -0.0341927763     0.0497369367    -0.1379969310
    0.7249319034     1.1877104629     0.0741774227
    0.0279774019     0.0946137992    -0.1038677484
    0.0030332573     0.0094681826    -0.0512595710
   -0.0494476130     0.0151430322    -0.1598573205
    0.0196855846    -0.0285554590     0.0768456038
    0.0177817284    -0.0226493023    -0.0284802491
   -0.7514098234    -1.0839339219     0.0224903583
   -0.0223826925    -0.0213135363    -0.0687635793
    0.2138969861     0.2306407013     0.0876014107
   -0.2196612903     0.0889527662    -0.0298233632
    0.2016737451     0.0423741417    -0.1912348992
   -0.0674268941    -0.0549336697     0.0813003977
   -0.0103920784    -0.0654638547     0.0154009656
   -0.0333057935    -0.0527658296    -0.0013247775
    0.0847346387    -0.1259368135     0.0129112583
    0.0227570475     0.0305319736    -0.0034074572
   -0.0099139952     0.0023829527     0.0075325797
    0.0083284806    -0.0000000691     0.0047175643
   -0.1126797271    -0.2977752063     0.2260263950
    0.0087107778     0.1123930212     0.0195859730
    0.4089545399     0.5943553454    -0.5242719043
   -0.3824392367    -0.5625934934     0.5626099494
   -0.0281751313    -0.1860651311    -0.1854940716
   -0.1822165544     0.0285244791     0.2179239976
    0.3410156587    -0.0505357164     0.3471268131
   -0.1029986662     0.0070412880    -0.1147168375
    0.0405681773     0.2126001702    -0.1434748376
   -0.0050880193     0.0012729256    -0.0167773861
    0.0257154815     0.0105174258     0.0330503265
    0.1030901771     0.0772181760     0.0017332608
    0.0085288048    -0.0364977671    -0.0148885763
   -0.0593266338     0.0192318588     0.0791374297
   -0.0533651120     0.0633523452    -0.0103056107
   -0.1462719446    -0.0345326099    -0.4313627097
   -0.0107718237    -0.0092056066     0.0470881401
    0.0349351905    -0.0105125498     0.0376244327
    0.0648206057     0.0643274563    -0.0027748848
   -0.2162477520     0.1250322517    -0.4485751329
    0.1437509677    -0.1327457434     0.3362404009
   -1.2343043344     1.3358825870     2.1482741431
    0.0220010116     0.0116805836    -0.0637260575
   -0.0502551495    -0.0447114889    -0.0133742184
    1.3504820814    -2.3027446678     2.9221874037
   -0.4563110177     0.3031070199    -0.5405727066
    1.0379552094     0.5030777406     0.0136475246
    0.0012904473    -0.0385002167     0.0563826841
    0.0486821419    -0.0307601461    -0.0422961166
    0.0017312522     0.0062097836     0.0078733096
   -0.0261904744     0.0496949033    -0.0402298819
   -1.2045548642     2.2735832640    -2.7455054744
    0.0293618010    -0.0417625827     0.0207819170
   -0.0135373813     0.0090829786     0.0794180663
    0.3754614116    -0.2616571227     0.3930427424
   -0.0248400509    -0.0776803924    -0.0114660513
   -0.0567513210     0.0050717771    -0.0666801827
   -0.9692924382    -0.4096937459    -0.0118505308
    1.1979525270    -1.1282059975    -2.0550788470
   -0.2608721165    -0.0622747550    -0.3837110762
    0.2330558943    -0.1379371751     0.1489826421
   -0.0776773281     0.1410983407    -0.0931844576
   -0.0103015749    -0.0223253216     0.0387383813
    0.2106700229    -0.1410952416     0.2443823465
   -0.0218164668     0.0404250806     0.0813684294
    0.0061134923    -0.0197456021     0.1036140802
    0.0675970197    -0.2155528164    -0.0113785013
   -0.0089840947     0.1748660666    -0.0174650332
    0.0175912100    -0.0910064999     0.0746788435
   -0.7423531553     0.3312163133    -1.6835675696
   -0.0786819849     0.1661811720     0.0434736068
    0.1134799336    -0.0340008679     0.0561479290
   -2.4031282380     0.3923421100    -1.6051978316
    0.0376792407     0.0356738367    -0.0120139811
   -0.0316425984     0.0102692280    -0.0790241897
    0.7262676070    -0.2231169095     1.5543370134
   -0.0277393274    -0.0531030981     0.0578807452
    0.0740777082     0.0554413276     0.0590064519
    2.3253192566    -0.5727821448     1.4841102856
    0.1039777483     0.2671429456    -0.1449797293
   -0.7153997481    -0.3423547205     0.5052780736
    0.1590905188     0.1666474011    -0.1031386596
   -0.0461865715    -0.1802563154     0.0560234680
    0.4394079389     0.1469257074    -0.1666291864
   -0.0152032173    -0.1432383313     0.0221852838
    0.1921525828    -0.0802608916     0.1831263679
   -0.1043367813    -0.3211643952    -0.1509234022
   -0.0096283044    -0.1635919814     0.1469799163
    0.5050141080     0.2989522529    -0.5411154712
   -0.0678897927     0.0341226477     0.0094380442
   -0.2076979489    -0.1406955605     0.2533589147
   -0.0857432884     0.0721001341     0.0174133858
   -0.0089912726    -0.0038533872    -0.0421273633
   -0.0553379326     0.0736876405    -0.1960951421
   -0.0536277653     0.0524730396     0.0062065261
    0.0582120228     0.2111230458     0.1851325931
   -0.0350399971     0.0642291898     0.0010226798
    0.0661329396     0.0498796703    -0.0393868301
    0.0113623319     0.0413985200     0.1694787353
   -0.0459916221    -0.2919420187    -0.3683200126
   -0.0673984718     0.3550970056     0.2244740132
   -0.0241610855    -0.1539870159     0.0207479873
    0.1566126113     0.1066330966     0.0512723132
   -1.0815243867     0.4633039856    -0.2258802310
    0.0338257687    -0.3780985869     0.0811187576
    0.0367060914     0.2808018077    -0.0404521383
   -0.0185804590     0.0954187808    -0.0165081606
   -0.0067542166    -0.0015990364     0.0032323166
    0.0099156560    -0.0082689797     0.0563241230
    0.0253099700    -0.0338333934     0.0260977995
   -0.0145951101    -0.0367546393     0.0041197073
    0.0516549240     0.0041634551    -0.0208594963
    0.9241100602    -0.4598532159     0.2054985169
    0.1086722213     0.4013481136    -0.1572023647
   -3.7835826168    -7.4292690223    -0.8802076953
   -0.3558175650    -1.1189577661    -0.0564024240
    0.4481742533     1.1987691235     0.0730203159
    0.1105966832     0.0119413850    -0.1038168700
    0.0606224685     0.0146584601    -0.3473415144
    0.0568829883    -0.1951095710     0.2090327809
   -0.7005713410     0.7171405269    -0.6398045577
   -0.0378810642    -0.2256059823     0.1089921758
    3.6126573670     7.2478835594     0.9309154044
    0.0059727080     0.0076298458    -0.0059674224
   -0.0210266280     0.0437424329     0.0372696703
   -0.0107059351     0.0466804327     0.0641702106
   -0.0519327473     0.0289489253    -0.0077247283
   -0.0147980269     0.0049779292     0.0037881565
   -0.0139294896     0.0942774645     0.0694559142
    0.5710856136    -0.6585102901     0.7068840074
    0.0523937387    -0.0547498045    -0.0199353600
    0.0197008332    -0.0123587173    -0.0104043273
    3.4868907800     1.9147406799    -0.4873716299
   -0.2421622338    -0.3610455156     0.4761582733
    0.0048176656     0.0689998253    -0.0966547594
    0.0464256309     0.0462955999    -0.1017175286
    0.1885972808     0.0087192584     0.2668419680
   -0.1671120924    -0.1266719192    -0.2285515020
   -0.1355533058    -0.0156383049    -0.2702473892
   -3.3604262433    -1.9376022868     0.5808291352
    0.1091139614     0.2122556178    -0.3170479167
    0.0018293000     0.0513212083    -0.0566233236
    0.0106006738     0.0569774394    -0.0007245727
    0.0018214199     0.0162136065     0.0163813433
    0.1501287317    -0.0011261416     0.1847007858
   -0.0091246344    -0.0166324769     0.0229701596
   -0.1969033791    -0.2721804484     0.7267436288
    0.0154202904     0.1064807807    -0.1190557042
    0.1369280573    -0.1079758832     0.1310831367
   -0.0946980148     0.0251055591    -0.1311936066
    0.1217647314     0.1861582348    -0.5484788369
    0.0143313445     0.0030294713     0.0231578392
   -0.0098365646    -0.0599214407     0.0297901731
   -0.6653849915    -0.7101439190    -0.0771219571
    0.6135362030     0.9183663481     0.1140245246
   -0.0018743629    -0.1393094785    -0.0909609672
   -0.0724872208     0.0283865199     0.1401829915
   -0.2325742767    -0.0184818124     0.2318306196
    0.1657759692    -0.3218352419    -0.2702417706
   -1.1224090619     1.1782736124     2.5198373737
   -0.2833648014     1.9344679937     1.3122031335
    1.1322406831    -1.3036279189    -2.5379635712
    0.3076609340    -1.4394169749    -1.3394144025
   -0.1110551442    -0.3745252689     0.1458205876
    0.0457545961     0.1100993828    -0.0635393987
    0.0116868080    -0.0048822240    -0.0366948414
    0.0109181278     0.0293598401     0.0241211689
   -0.0013372984     0.0064802209    -0.0541811564
    0.1787033227     0.2868179151     0.0114242401
    0.0025329515    -0.0286509489     0.0167969289
    0.0025771746    -0.0836270952    -0.0012735908
    0.0148482271     0.0617206687    -0.0168331535
   -0.0283991471    -0.0012416721     0.0195271753
   -0.0367003063    -0.0461225580     0.0447883075
   -0.1404254215     0.0271622648    -0.0272183062
    0.0098005762     0.0809154360     0.0074658994
   -0.0888611290     0.0823514569    -0.0566590329
   -0.0648611953     0.0146562529    -0.0298610538
   -0.1294543756    -0.0068700821    -0.0500551117
   -0.0646878562    -0.0185638410     0.0199206134
   -0.0027999327    -0.0322941306    -0.1237194415
   -0.0470702517    -0.0535827055    -0.0102066378
   -0.0289404851     0.1357728047    -0.1058659929
   -0.0396114852     0.0579269029    -0.0066021209
    0.0373431419    -0.1468615350    -0.0747220127
    0.0323450683     0.0591032473    -0.0185914544
---------------------------------------------------
Net gradient:  2.809317e-09 -5.575933e-10 -6.969326e-10
Net torque:    5.850496e-03 -8.311342e-03 -9.143661e-04

Total processing time: 326.87 sec 

 Job finished: Mon May 27 13:08:49 2019

