Startfile from command line: /home/lum/6i5a/refine5_weight1_stpmax_0.7_d2/ase/3/3_capping.sp


       ***********************************************************
       *                    TeraChem v1.93P                      *
       *                 Hg Version: 79b87f121f2d                *
       *                   Production Version                    *
       *                Compiled without textures                *
       *           Chemistry at the Speed of Graphics!           *
       ***********************************************************
       * This program may only be used in connection with        *
       * a valid license from PetaChem, LLC. Use of this program *
       * or results thereof indicates acceptance of all terms    *
       * and conditions stated in the license and that a valid   *
       * license agreement between the user and PetaChem, LLC    *
       * exists. PetaChem, LLC does not warrant the correctness  *
       * of results or their suitability for any purpose.        *
       * Please email bugs, suggestions, and comments to         *
       *                  help@petachem.com                      *
       *                                                         *
       ***********************************************************


       ***********************************************************
       *  Compiled by toddmtz      Wed Aug 16 03:32:31 PDT 2017  *
       *  Supported architectures: sm_20 sm_30 sm_50 sm_60       *
       *  Cuda compilation tools, release 8.0, V8.0.44           *
       ***********************************************************


 Job started   Sun May 26 17:10:38 2019
 On cu37 (available memory: 54632 MB)

######################################### RUNTIME INFO ##########################################
/public/qmsoft/TeraChem/bin/terachem /home/lum/6i5a/refine5_weight1_stpmax_0.7_d2/ase/3/3_capping.sp 

NVRM version: NVIDIA UNIX x86_64 Kernel Module  396.26  Mon Apr 30 18:01:39 PDT 2018
GCC version:  gcc version 4.8.5 20150623 (Red Hat 4.8.5-4) (GCC) 

	linux-vdso.so.1 (0x00007ffcb7ba5000)
	libcurl.so.4 => /lib64/libcurl.so.4 (0x00002b4af67fc000)
	libintbox.so.1 => /public/qmsoft/TeraChem/lib/libintbox.so.1 (0x00002b4af6a64000)
	libthcbox.so.1 => /public/qmsoft/TeraChem/lib/libthcbox.so.1 (0x00002b4b16672000)
	libgridbox.so.1 => /public/qmsoft/TeraChem/lib/libgridbox.so.1 (0x00002b4b181dc000)
	libdftbox.so.1 => /public/qmsoft/TeraChem/lib/libdftbox.so.1 (0x00002b4b186cd000)
	libcublas.so.8.0 => /public/qmsoft/TeraChem/lib/libcublas.so.8.0 (0x00002b4b189de000)
	libcufft.so.8.0 => /public/qmsoft/TeraChem/lib/libcufft.so.8.0 (0x00002b4b1b38e000)
	libcuda.so.1 => /public/qmsoft/TeraChem/lib/libcuda.so.1 (0x00002b4b241dc000)
	libcudart.so.8.0 => /public/qmsoft/TeraChem/lib/libcudart.so.8.0 (0x00002b4b2515c000)
	libcrypto.so.10 => /lib64/libcrypto.so.10 (0x00002b4b253c2000)
	libssl.so.10 => /lib64/libssl.so.10 (0x00002b4b257a9000)
	libm.so.6 => /lib64/libm.so.6 (0x00002b4b25a16000)
	libcilkrts.so.5 => /public/qmsoft/TeraChem/lib/libcilkrts.so.5 (0x00002b4b25d18000)
	libstdc++.so.6 => /lib64/libstdc++.so.6 (0x00002b4b25f59000)
	libgcc_s.so.1 => /lib64/libgcc_s.so.1 (0x00002b4b26261000)
	libpthread.so.0 => /lib64/libpthread.so.0 (0x00002b4b26477000)
	libdl.so.2 => /lib64/libdl.so.2 (0x00002b4b26695000)
	libc.so.6 => /lib64/libc.so.6 (0x00002b4b26899000)
	/lib64/ld-linux-x86-64.so.2 (0x00002b4af65d9000)
	libidn.so.11 => /lib64/libidn.so.11 (0x00002b4b26c46000)
	libssh2.so.1 => /lib64/libssh2.so.1 (0x00002b4b26e79000)
	libssl3.so => /lib64/libssl3.so (0x00002b4b270a3000)
	libsmime3.so => /lib64/libsmime3.so (0x00002b4b272e5000)
	libnss3.so => /lib64/libnss3.so (0x00002b4b2750c000)
	libnssutil3.so => /lib64/libnssutil3.so (0x00002b4b27832000)
	libplds4.so => /lib64/libplds4.so (0x00002b4b27a5e000)
	libplc4.so => /lib64/libplc4.so (0x00002b4b27c62000)
	libnspr4.so => /lib64/libnspr4.so (0x00002b4b27e67000)
	libgssapi_krb5.so.2 => /lib64/libgssapi_krb5.so.2 (0x00002b4b280a5000)
	libkrb5.so.3 => /lib64/libkrb5.so.3 (0x00002b4b282f1000)
	libk5crypto.so.3 => /lib64/libk5crypto.so.3 (0x00002b4b285d6000)
	libcom_err.so.2 => /lib64/libcom_err.so.2 (0x00002b4b28808000)
	liblber-2.4.so.2 => /lib64/liblber-2.4.so.2 (0x00002b4b28a0c000)
	libldap-2.4.so.2 => /lib64/libldap-2.4.so.2 (0x00002b4b28c1b000)
	libz.so.1 => /lib64/libz.so.1 (0x00002b4b28e6e000)
	librt.so.1 => /lib64/librt.so.1 (0x00002b4b29084000)
	libnvidia-fatbinaryloader.so.396.26 => /lib64/libnvidia-fatbinaryloader.so.396.26 (0x00002b4b2928c000)
	libkrb5support.so.0 => /lib64/libkrb5support.so.0 (0x00002b4b294d8000)
	libkeyutils.so.1 => /lib64/libkeyutils.so.1 (0x00002b4b296e7000)
	libresolv.so.2 => /lib64/libresolv.so.2 (0x00002b4b298eb000)
	libsasl2.so.3 => /lib64/libsasl2.so.3 (0x00002b4b29b02000)
	libselinux.so.1 => /lib64/libselinux.so.1 (0x00002b4b29d1f000)
	libcrypt.so.1 => /lib64/libcrypt.so.1 (0x00002b4b29f44000)
	libpcre.so.1 => /lib64/libpcre.so.1 (0x00002b4b2a17b000)
	liblzma.so.5 => /lib64/liblzma.so.5 (0x00002b4b2a3dc000)
#################################################################################################

       ********************** License Check **********************
       * Use license from: /public/qmsoft/TeraChem/license.dat
       * Available Host id: AC1F6B20F5BC
       * Available Host id: AC1F6B20F5BD
       * Available Host id: 525400A418C3
       * Available Host id: 525400A418C3
       * License Host id: AC1F6B20F5BC
       * License expires: 2019-10-21
       ********************** License OK *************************
Scratch directory: /tmp/lum/6i5a/refine5_weight1_stpmax_0.7_d2/ase/3/scr
Random number seed: 999388333

XYZ coordinates /home/lum/6i5a/refine5_weight1_stpmax_0.7_d2/ase/3/3_capping.xyz
Molden File Output: /tmp/lum/6i5a/refine5_weight1_stpmax_0.7_d2/ase/3/scr/3_capping.molden
Using basis set: 6-31g
Spin multiplicity: 1
DIIS will use up to 10 vectors.
WF convergence threshold: 3.00e-05
Using DIIS algorithm to converge WF
Maximum number of SCF iterations: 300
Incremental fock with rebuild every 8 iterations
Will switch to conventional Fock if diffuse functions are detected
X-matrix tolerance: 1.00e-04
PRECISION: DYNAMIC
DFT Functional requested: hf
Method: Hartree-Fock  with dispersion correction

*********************************************************
*                     WARNING                           *
* Dispersion correction is not supported for hf         *
*         Disabling dispersion correction               *
*********************************************************

Wavefunction: RESTRICTED
Initial guess generated by maximum overlap

********************************************
**** SINGLE POINT GRADIENT CALCULATIONS ****
********************************************
SCF:   Initial guess is taken from previous step
COSMO model for polarizable continuum model enabled

using 4 out of 4 CUDA devices
   Device 0:  GeForce GTX 1080 Ti, 11178MB, CC 6.1 -- CPU THREAD 0
   Device 1:  GeForce GTX 1080 Ti, 11178MB, CC 6.1 -- CPU THREAD 1
   Device 2:  GeForce GTX 1080 Ti, 11178MB, CC 6.1 -- CPU THREAD 2
   Device 3:  GeForce GTX 1080 Ti, 11178MB, CC 6.1 -- CPU THREAD 3
-------------------------------------------------------------------
Compiled with MAGMA support.  MAGMA parameters:
    Matrices larger than 5000 square will be treated with MAGMA
       (Change by setting the MagmaMinN environment variable)
    Magma will use 1 out of 4 GPUs
       (Change by setting the MagmaNGPUs environment variable)
-------------------------------------------------------------------
 CPU Memory Available: 8018.12 MegaWords 
 GPU Memory Available: 1141.31 MegaWords 
 Maximum recommended basis set size: 12200 basis functions
 (limited by GPU memory)
-------------------------------------------------------------------
Not using d-functions. Configuring GPUs accordingly.
0: CUBLAS initialized, available GPU memory: 8170MB
1: CUBLAS initialized, available GPU memory: 8348MB
2: CUBLAS initialized, available GPU memory: 8346MB
3: CUBLAS initialized, available GPU memory: 8344MB


Basis set:       6-31g
Total atoms:     634
Total charge:    1
Total electrons: 2326 (1163-alpha, 1163-beta)
Number electrons modeled by ECPs: 0
Total orbitals:  3431
Total AO shells: 2195 (1577 S-shells; 618 P-shells; 0 D-shells; 0 F-shells; 0 G-shells)
Spin multiplicity: 1
Nuclear repulsion energy (QM atoms): 144474.460480457346 a.u.

=COSMO= Number of H atoms in QM atoms:325
=COSMO= Number of Heavy atoms in QM atoms:309
reached first line of InitCosmoSwigNoMatrix
q is allocated
B is allocated
Bz is allocated
z is allocated
c is allocated
=COSMO= No Matrix Cosmo Initialization finished.
=COSMO= ++++++++++++++++++++++++++++++ COSMO parameters ++++++++++++++++++++++++++++++
=COSMO= I. Cavity Information:
=COSMO= SAS(Solvent accesible surface) initialization finished
=COSMO= Time for initializing Molecular Surface:1.15320203 (sec)
=COSMO= Time for initializing cosmo calculation:0.38541299 (sec)
=COSMO= Cavity effective radius(Angstrom) (r_solv+r_vdw-dsc) was written into /tmp/lum/6i5a/refine5_weight1_stpmax_0.7_d2/ase/3/scr/ratom.txt
=COSMO= Solvent Dielectric Constant:78.390000
=COSMO= Cosmo Solvent radius:0.000000
=COSMO= Cosmo charge scaling method:0
=COSMO= Cavity built with Lebedev Grid
=COSMO= Grid points/QM Hydrogen: 110
=COSMO= Grid points/QM Heavy atom: 110
=COSMO= Herbert Switching-Gaussian method turned on
=COSMO= After removing points inside of SAS:
=COSMO= Total number of segments on molecular surface:33537
=COSMO= Number of segments belonging to QM atoms:33537
=COSMO= Total surface area of cavity: 4492.5225(Angstrom^2)
=COSMO= Total volume of cavity: 2606.5511 (Angstrom^3)
=COSMO= II. COSMO integral options:
=COSMO= Building COMSO c vector with original algorithm
=COSMO= COSMO one-electron integral threshold: 1e-12 
=COSMO= III. Linear solver options:
=COSMO= Initialize COSMO for A matrix in no matrix storage form
=COSMO= CG precondtioner:Jacobi
=COSMO= Tight CG convergence threshold:1e-06
=COSMO= CG dynamic threshold: on
=COSMO= Adjust CG convergence threshold dynamically
=COSMO= IV. PCM field read/write options:
=COSMO= PCM field is not written to files
=COSMO= No PCM field file is read in
=COSMO= ++++++++++++++++++++++++++++++++++++++++++++++++++++++++++++++++++++++++++++++++

************************************* WARNING *************************************
 4 out of 3431 eigenvalues of the overlap matrix are smaller than xtol = 1.0e-04
 and will be flushed to zero. In many cases this is caused by bad geometry of the
 molecule or the use of diffuse basis functions. If the SCF procedure does not
 converge, increase the threshold by setting 'xtol' to 1.0e-03 or 1.0e-02 and/or
 decrease the coulomb and exchange integral screening thresholds 'threall' 
 up to 1.0e-13 or 1.0e-14. In addition, you can try to loosen the the WF 
 convergence threshold, perform several geometry optimization steps, and run the 
 calculations again with the new geometry. You can also try to switch to double
 precision instead of mixed (default) or single precision.
***********************************************************************************


                      *** Start SCF Iterations ***

 Iter     DIIS Error       Energy change         Energy              E_PCM      Time(s)
---------------------------------------------------------------------------------------
         >>> Purifying P... IDMP = 1.08e-08 <<<
         >>> Purifying P... IDMP = 1.14e-14 <<<
THRESPDP set to 1.00e+00
   1     1.2869541438  -14356.2492908172  -14356.2492908172     -7.6306298940   28.32  
   2     0.5373641852     -31.3314258326  -14387.5807166498    -20.5833564091   31.66  
   3     0.5539662787     -46.4139029739  -14433.9946196237    -14.1228889698   33.24  
   4     0.2574291701     -35.3094807676  -14469.3041003912     -2.2856043744   30.24  
   5     0.2558394936      +0.0590130744  -14469.2450873168     -2.8659509950   30.42  
   6     0.1386740293      -3.2277415856  -14472.4728289024     -1.8116531299   29.44  
   7     0.0565268946      -0.5976501071  -14473.0704790096     -1.4553998112   28.66  
   8     0.0135305772      -0.1862260182  -14473.2567050277     -1.4049028733   27.67  
THRESPDP set to 3.88e-05
   9     0.0144335769      -0.0396307522  -14473.2963357799     -1.3932960527   26.17  
  10     0.0060870025      -0.0166143331  -14473.3129501130     -1.3851867293   20.49  
  11     0.0037501451      -0.0090527498  -14473.3220028628     -1.3797602920   19.10  
  12     0.0021266227      -0.0027336893  -14473.3247365521     -1.3769154902   18.51  
  13     0.0017665005      -0.0012857227  -14473.3260222749     -1.3749056842   18.98  
  14     0.0010137188      -0.0005134180  -14473.3265356928     -1.3740538527   17.71  
  15     0.0006083901      -0.0002380343  -14473.3267737272     -1.3742475681   18.22  
  16     0.0004389370      -0.0001143517  -14473.3268880789     -1.3746228075   18.08  
  17     0.0003543499      -0.0000525609  -14473.3269406398     -1.3752887036   23.00  
  18     0.0002967852      -0.0000267028  -14473.3269673426     -1.3758138824   17.27  
  19     0.0002483688      -0.0000139085  -14473.3269812511     -1.3761344032   16.46  
  20     0.0001982826      -0.0000119181  -14473.3269931691     -1.3763813956   17.54  
  21     0.0001452474      -0.0000076592  -14473.3270008283     -1.3765275022   16.92  
  22     0.0001024277      -0.0000040975  -14473.3270049258     -1.3766001035   16.86  
  23     0.0000594589      -0.0000025178  -14473.3270074436     -1.3766248279   16.99  
  24     0.0000351634      -0.0000012270  -14473.3270086706     -1.3766284151   16.53  
  25     0.0000220928      -0.0000007566  -14473.3270094273     -1.3766271574   18.81  
---------------------------------------------------------------------------------------
FINAL ENERGY: -14473.3270094273 a.u.
C-PCM contribution to final energy:-1.3766271574 a.u. ( already included in final energy )
Computing C-PCM contribution to gradient...
CENTER OF MASS: {22.330835, 23.672044, 25.703605} ANGS
DIPOLE MOMENT: {17.933941, -98.936346, -18.565430} (|D| = 102.248237) DEBYE
Cannot open /tmp/lum/6i5a/refine5_weight1_stpmax_0.7_d2/ase/3/scr
Writing out molden info

Gradient units are Hartree/Bohr
---------------------------------------------------
        dE/dX            dE/dY            dE/dZ
   -0.4201492989     0.1955445569     0.5773486146
    0.3248949552    -0.1329469857    -0.0263913181
   -0.2170635690    -0.0553172509     0.1019247471
    0.0533416880     0.0344074918    -0.0328277327
   -0.6662058135     0.4103885795     0.0648199756
    1.2552140874    -0.4616047443    -0.3680819486
   -0.1186815493    -0.1451077098     0.0257448168
    0.2811842977    -0.1853113878    -0.6602722540
   -0.0156041816     0.0213390132     0.0020881275
    0.5920801679    -0.2822398861    -0.1300976511
   -0.0071782260    -0.1214339974    -0.0830092482
   -0.0330466770     0.0221121685    -0.0160699640
   -1.1802738594     0.5359235023     0.5022496533
    0.0065044305     0.0222981388     0.0076865411
    0.0712159260     0.0042048557    -0.0007500475
   -0.0028262623     0.0201984785    -0.0178313295
   -0.3266072736     0.0108640830     0.1450328883
    0.2219227625     0.0334517957    -0.0174555944
    2.3208006657    -0.9477394000    -0.2530652625
   -2.2386504044     0.8780445325     0.1736245768
    0.0607164989     0.2179897211    -0.0046741731
    1.8062772984    -0.1017798938     0.1296431485
   -1.6820456090     0.0188537181    -0.2262173817
    0.0708486848     0.0837217949     0.1716794817
    0.5837892056    -0.0083374125     0.1952518558
    0.2309522325    -0.0233313207     0.0166917914
   -0.3636636073     0.0260086398    -0.0453217990
    0.2651638150     0.1523924801    -0.1774196628
   -0.1648548725    -0.1258905059    -0.0240261209
   -0.0765496269    -0.0544613182    -0.0048101889
    0.0294833881    -0.0814243714    -0.0260629224
   -0.1167213197     0.0348845939     0.1210162121
   -0.1011162042     0.0015006164    -0.0352694990
   -0.4793925354    -0.0528325050    -0.2178245675
    0.0529874383    -0.0009106432    -0.0163060138
   -0.0056472458    -0.0072195442    -0.0667715796
   -3.0067951598     1.5976134736     1.3511145008
    0.8257171022    -0.5776620882    -0.1017864119
   -0.0458574349    -0.0246729127     0.3117134346
    0.0119119837     0.0036425109    -0.1184213753
    0.0640017945    -0.0747978873    -0.1019235348
    0.0269687876    -0.1006731163     0.0382706311
    0.0355625181     0.1097768659     0.0619953894
   -0.0024935761     0.0840549814     0.0397995487
    2.8264687402    -1.4694189440    -1.2462280117
   -0.6846534110     0.4432063333     0.0402009088
   -0.0840670788     0.0468223715    -0.0039985435
    0.0123201889     0.0539658089     0.1082919299
   -0.0108121968    -0.0013683710    -0.0090531719
    0.0031461422    -0.0199993666     0.0081908562
   -0.0253019831    -0.0047261716    -0.0068114119
   -0.0030943366    -0.0444467367    -0.0598659251
   -0.0047571991     0.0115489832    -0.0111815076
   -0.0009359720    -0.0197169693    -0.0357817703
   -0.0267412290    -0.0122101626    -0.0076275466
    0.0471447608     0.1850441872    -0.3894600833
    0.3604095927    -0.0319037042     0.0137540411
   -0.5061763299     0.0221481692     0.1654996738
    0.1334714281    -0.1070172877     0.0417743504
   -0.0130154236     0.4975337727    -0.4328375503
    0.0023855926    -0.0124899627     0.0273965402
   -0.0020273704    -0.0358376305     0.0905950208
   -0.0346021238    -0.0132572145     0.0058498662
    0.0048465626    -0.5043185919     0.2979658181
   -0.0130534018    -0.0002613946     0.0476463896
    0.0119708814     0.0085549652     0.0109937330
    0.0214265897     0.2973923087    -0.1467285838
    0.1040455365     0.0661266461     0.2912729669
   -0.1763479600     0.0907900666    -0.1989550070
   -0.0551041467    -0.2990939581    -0.0154037593
    0.0136440776     0.0656862032     0.0876778925
    0.0714122805     0.0324266624     0.0102311586
    0.1830543205    -0.1681754086     0.0112699093
   -0.0062698428     0.0244700514    -0.0184226779
   -0.0382702588     0.0011201800    -0.0383402364
   -0.0100282073    -0.0327903664    -0.0153345483
   -0.0660300231    -0.0585065760    -0.0141302628
    0.1118525082     0.1869044144     0.2133279086
   -0.0223096434    -0.0075843016    -0.0518359552
   -0.1569966008     0.0995778326     0.0705708583
   -0.0242296653    -0.0164540216    -0.0676552768
    0.1203439205    -0.1769494576    -0.0547239007
   -0.0532748080    -0.0951859427    -0.0443992440
   -0.0058233619    -0.0204862970    -0.0286133680
   -0.0279921402     0.0152398773    -0.0100655372
   -0.0522589409     0.0384574265    -0.0106880954
    0.0271654988     0.0831618682     0.0068654806
    0.1013743232    -0.0483450239     0.1071464324
    0.6522702739     0.0737569350    -0.3913624647
   -0.6498271511    -0.1652317381     0.4312295391
   -0.0145110247     0.0041274812    -0.1138045530
   -0.1965774236    -0.0526858644    -0.2715932865
    0.2296113630     0.0194597557    -0.1121047899
   -0.3292502237     0.0750172140    -0.2916341786
    0.2712302754    -0.0916178350     0.4811417735
    0.3220809993    -0.0214715138     0.0580162225
    0.0644387825     0.0767819316    -0.1794237937
   -0.6462106066     0.0845777052    -0.4465000993
    0.5026622094    -0.1176079970     0.4610721729
    0.7096549142    -0.1556198440     0.6363966652
   -0.5719389898    -0.0029143674    -0.0847047443
   -0.0552381262    -0.0012002200    -0.0732885925
    0.0068387367     0.0341667053     0.0482038410
    0.1036413007     0.0432199523     0.3420585608
   -0.0472733634     0.0427615988     0.0103723342
    0.0979273988    -0.0710508573     0.3148544832
   -0.1060711158     0.0080648487    -0.0359732791
    0.0777410301    -0.0033342996    -0.0131918578
   -0.0010496393     0.0059438142    -0.0194059126
   -0.5097449303     0.0929223484    -0.5274353563
    0.0016618893     0.1079941791    -0.3126092398
    0.1375607239     0.0338733505     0.5278364247
   -0.1748319371    -0.0494489994     0.0344710894
   -0.0154774894    -0.4575301612     0.6818863553
    0.1201778674     0.4437639347    -0.7317081209
   -0.0267468350     0.0881197655     0.1406126852
    0.0128220234    -0.0000512360    -0.5932678598
    0.0204320797     0.0101230853    -0.0450752176
    0.0358207610    -0.0033627147    -0.0172288110
    0.0140553268    -0.0273860943    -0.0073722895
   -0.0098311670    -0.0161480587    -0.1033583051
   -0.0102841106     0.3666960438     0.0737379869
    1.1196575229     0.3377540179     0.2625574068
   -1.0643967005    -0.7611772685    -0.4879203218
    0.0506745548     0.0892806906     0.0104295368
   -0.1362783625    -0.0530963198    -0.1520513801
   -0.1085432757    -0.0091880632     0.1293432178
   -0.1623615341    -0.0671038995    -0.3004796438
   -0.8107137648    -0.3852900390    -0.5406820091
   -0.0486303593    -0.0673838723     0.0616000383
    0.0010150525     0.0177653031    -0.0388608596
    0.1025818731     0.0484656777     0.0925143692
    0.0308381876    -0.0065834580     0.0207767066
    0.0754018374     0.0143578461     0.0164390991
   -0.0071677854     0.0194434322     0.0556923432
   -0.0589518388    -0.0223768909     0.0527456496
    0.2249716360     0.0868837809     0.1404101683
    0.0528192724    -0.0741733107    -0.0666004917
    0.7191385224     0.5042602231     0.4988781279
    0.0480438910    -0.0397898969     0.0507398459
    0.0669792788    -0.1445024998    -0.0775606147
    0.0048340031    -0.2187090789     0.1721865117
   -2.6537602287    -7.2936257733     3.9270440618
    2.6834552628     7.3039991873    -3.9897973502
    0.0898062953     0.0156079571    -0.1084235302
    0.6710230944    -3.8605960266     3.1771049398
   -0.5811514943     3.8838139955    -3.1608974587
   -0.8005168877     1.3621233116    -2.3044414032
    0.0015775361     0.0313398827    -0.0405115719
    0.3823590665    -4.8853449973     4.7495012110
   -0.4401670706     4.8175634035    -4.7370643655
    0.0369131520     0.1093898224     0.0054211803
   -0.0976534069     0.1231497632    -0.0346256246
   -0.0337804524     0.0470545747     0.0006539413
   -0.0534953900    -0.0382500667     0.0080371974
   -0.0810268042    -0.0507236606     0.0124996440
    0.7901165509    -1.3181483491     2.2629462956
   -0.0063811565    -0.0416235602     0.0328983624
    0.0378672020     0.0569266139     0.0055897644
    0.0638531735     0.0068700317     0.0235138447
   -0.0097093194    -0.0896408098     0.0344522672
   -0.1138710292    -0.1692353449    -0.1488572141
    0.3681568460     0.0827566238    -0.0786801281
   -0.0584755009    -0.0212969424    -0.0259271008
   -0.1688140364     0.2333678619     0.1648202217
    0.7655945051     0.0251637244    -0.0526540376
    0.0142665507     0.0808548747    -0.0223031749
    0.0089267275     0.0115470003     0.0193110032
    0.2363609921     0.0491277571     0.0088048323
   -0.0706366824    -0.2098822946    -0.0636195971
   -0.7338726581    -0.0542496508    -0.0137305932
   -0.3197853250     0.0452573885     0.2469755710
    0.1696981084    -0.1483280107     0.0452492786
   -0.4343424044    -1.3874631947    -1.4464424430
    0.4913142888     1.5120494303     1.5765320415
   -0.4786606106     0.8519551299    -0.6400799254
    0.8315753786    -0.9554454072     0.6871481584
    0.1863276121    -0.1815818682    -0.1354542520
   -0.2402127432     0.2584062457     0.1445841969
    0.0226094127    -0.0277111101    -0.0025618172
    0.0636408628     0.0166944853    -0.0257456847
   -0.0862011315     0.0168144494    -0.0175707816
   -0.2103106150    -0.0321327842    -0.0519211430
   -0.0174805306    -0.0031014769     0.0063386799
   -0.0694054152     0.0326738687    -0.0271597414
   -0.0372612902     0.0637144838     0.0057315538
   -0.0604450358     0.0337897987    -0.1214529905
   -0.1858372999    -0.0788509807     0.1768426006
    0.1645165937     0.2313297487    -0.1139933929
    0.0210168831    -0.1530850488     0.0269565158
    0.1438558653     0.1702776407    -0.0135641408
   -0.1450258030    -0.1933134804     0.0957575998
   -0.1311717357    -0.1983749776    -0.0115018413
   -0.0017205903    -0.0412983357    -0.0234739292
    0.0165725238    -0.0302923173    -0.0821024595
   -0.0029182313     0.0068396355    -0.0036281154
   -0.0035420605     0.0118739127    -0.0105884787
    0.0180825711     0.0284739125     0.0027817526
    0.0029254934     0.0566648962    -0.0156789053
    0.0164925243     0.0096261166    -0.0017852975
   -0.0002692675     0.0502967168    -0.0119626511
    0.0914788262     0.0593542718    -0.0615284858
   -0.2110011285     0.2808192174     0.0149641524
    0.2979243739    -0.3243370414     0.1049973875
   -7.3072031246     4.8240098081   -11.9968175107
    7.2213185101    -4.8594397402    11.9453402974
    0.3931861052     0.1632706516     0.3206465868
   -0.3862029134     0.0083265290    -0.5890622638
   -0.0873517281    -0.6130678390     0.1141935770
    1.1984230249    -0.0429511458     1.2691464211
    0.0502546424     0.2612334843    -0.0581117039
   -1.1791210577     0.0425474234    -1.2185581971
   -0.2618518694     0.0661977552    -0.3043959659
    0.9433905952    -0.0352418442     0.9706223411
    0.1827949594    -0.0015962691     0.1551138970
   -0.0595631595     0.2279465360    -0.1329079874
   -0.0062372778    -0.2297693676     0.1016366657
   -0.0913048456     0.2056071963    -0.1503843834
    0.0111099256    -0.0291370223     0.0333366392
   -0.0560936794    -0.0315719646     0.0295219107
    0.0358564524     0.4174134572    -0.0516298648
    0.0308594479    -0.0885829789     0.0719137117
    0.1439852494    -0.0275573971     0.1856784183
   -0.8332173467    -0.1375468433    -0.8136367418
   -0.0035585686    -0.0425628042     0.0281751534
   -0.0902312218    -0.1077530559    -0.0474964304
    0.5231761559    -0.6345547018     0.6940647154
   -0.4646199941     0.4698083147    -0.3497230534
    0.0673935910     0.1203849963    -0.1945635755
   -0.0341548439    -0.0391535573     0.0402807326
    0.2460764232    -0.1992497611     0.2506052264
    0.3986225255     1.1470059984     0.7786305145
   -0.4181334935     0.2397993497     0.2019558941
    0.5549296144     0.7536782777     0.5859399760
    0.2931508419    -0.3480975750     0.3345394806
   -0.4474903341     0.7166343643    -0.6552350593
    0.2919519904    -0.4781277909     0.3532433400
   -0.1415958302     0.2142294874    -0.1576202908
   -0.0524419659    -0.0254327148    -0.0289412439
   -0.2923626503    -1.1398764207    -0.7545500654
   -0.0426006647    -0.0096218172    -0.0001422575
   -0.0161047847    -0.0403010071    -0.0039144604
    0.3320993487    -0.2297831994    -0.2562952565
    0.0198914518    -0.0485072306     0.0718836443
   -0.5321049824    -0.6037697755    -0.6467431294
    0.0212619016     0.0916828985    -0.0617635759
   -0.3873732952     0.0692926092    -0.3623232624
    0.0813612910     0.1259313946     0.0837073135
   -0.1069728692    -0.2609076950     0.3190398104
   -0.1190784246     0.1419324506    -0.4715845429
    0.1020229945    -0.1716856050     0.0344172346
    0.0356851445     0.0545929665    -0.1209253086
    0.3899186911     0.1792573836     0.3766786691
   -0.2285997272    -0.0830272486    -0.6302953985
   -0.0737342229    -0.1318579404     0.0175940338
    0.0019771009     0.0031390929     0.0224749839
   -0.0107273681    -0.0328840312    -0.0580996575
   -0.0775786582    -0.0194532495    -0.0087922192
    0.2729320204     0.0472785127     0.4946632933
   -0.0356572880     0.0464216048     0.0522333885
   -0.0110728685     0.0133675502     0.0032154724
    0.0161110326     0.0800284923    -0.0078119114
   -2.6739595283     1.0636213961     3.5477528847
    0.0029084447     0.0375363017    -0.1221339920
   -0.4645649514    -0.4441898889    -0.2205090962
    0.3276679535     0.4669224983     0.6978054857
    0.0327309750    -0.2436923962     0.1682449902
    0.6226678493    -0.0045687297     0.4698734065
    2.4859977592    -0.9403623358    -3.3981193243
    0.0276804007    -0.0300822853    -0.0351464862
    0.0318891114     0.0257834652    -0.0556722834
   -0.0068982207     0.0370267440    -0.0081459670
   -0.6575539048     0.1408360670    -0.5146767145
    0.1042336205     0.0115384702    -0.4566967584
   -0.1313698333    -0.1609742031    -0.1828120127
    0.3383685561    -0.1961767691     0.1765335836
   -0.0753958556     0.0767102641    -0.0460878579
   -0.0413888531     0.1179829742    -0.0213491823
    0.0306463712    -0.0986873836     0.0202035582
    0.5431828453     0.0166176202     0.0038031162
   -0.0248490715     0.1760343936     0.0516594442
    0.0102170582    -0.0198696464     0.0041871769
    0.0013276492    -0.0575057500     0.0306373278
   -0.0082455010     0.0200646929     0.0288796941
   -0.0303644048     0.0703184127    -0.0187848163
   -0.0564193590     0.0801147506     0.0012328004
   -0.4010775823    -0.0934745811     0.0276546323
   -0.2801836222     0.2335927592    -0.1089561403
   -0.0270791835    -0.1576445245     0.0853582040
   -0.0436982497     0.2395260728    -0.1395763186
    0.0671080625    -0.1475007354     0.0903718945
    0.0722624277    -0.0203832627     0.0174946618
   -0.0683870116     0.1104829996    -0.3679747238
   -0.0462330121     0.1766173408    -0.0182938838
   -0.0522668983     0.2131639201     0.0787895654
    0.1758014578    -0.6316811660     0.1847937829
    0.0368627061    -0.0963727627     0.0163403265
    0.0275605752    -0.0298495328     0.0018597234
   -0.0067609792    -0.0061690333     0.0093593963
   -0.0208112358     0.0117994419     0.0048097161
   -0.0019465719     0.0045006194     0.0598428726
    0.0244797236    -0.0274723099     0.0373863284
   -0.0147024695     0.0978835586     0.0471367014
   -0.0195462530     0.0901156779    -0.0633254410
   -2.8020287949     2.4197573072     0.4272759613
    0.0320179107     0.2103458769    -0.1649791911
    0.0432991337    -0.0146699467     0.1261883967
   -0.0114796093    -0.0706302685    -0.0883756585
   -0.2679348466    -0.3324472363     0.0578903647
    0.0281093112     0.1217261537     0.1295824725
    0.1305846486    -0.0099959351     0.2167924931
    2.8100075175    -2.4878264554    -0.4966186886
    0.0444506494    -0.0522213457    -0.0443876292
    0.0108960330     0.0600083699     0.0098893163
    0.0343754222     0.0038665797    -0.0186834937
   -0.0341011582    -0.0087240064    -0.0930771412
    0.0094849562    -0.0562784356    -0.0200007062
    0.0108510258     0.0419143683    -0.0730769942
   -0.0023538027    -0.0096001268    -0.0129668850
   -0.0723786869     0.0091504094    -0.0156723351
    0.0320424095     0.0864398232     0.0567184049
   -0.3406462565    -0.1110267332    -0.1181408862
    0.6718315550     0.3519355595    -0.3108761855
   -0.0422921757    -0.0786350621     0.0259272279
    0.0768294683     0.0534278020    -0.0673250626
   -0.0709144036     0.1035409854     0.1454426117
    0.4159746889    -0.1241780501     0.0661282278
    0.1790598087     0.1411272459     0.0204265584
   -0.4233734827    -0.4099714591    -0.1747383097
   -0.3166190561    -0.3615523087    -0.1365518247
    0.7196195132     0.4908665345     0.2047178026
    0.0844803611     0.0164075990    -0.1289187813
    0.0524095903    -0.0084676183     0.0323726939
   -0.0135203947    -0.0030667224     0.0128021195
   -0.0015917575    -0.0143174960     0.0311435991
   -0.0669007131     0.4075343687     0.0244142261
    0.0166717561    -0.0091004293     0.0047363595
    0.0741495258     0.0031293072     0.0031244219
    0.0388261332     0.0481642709     0.0295120162
   -0.5839825980    -0.2987558543    -0.1375713737
   -0.6166995592    -0.1581492418     0.3813614604
   -0.1537935255    -0.5226782561    -0.5952260870
   -0.0340207211     0.0038183195    -0.1914501724
    0.0319280091    -0.0115742888     0.1270049228
    0.2564595530    -0.1920679837    -0.2201632342
   -0.3754914935    -0.1955690772    -0.7003289490
    0.2461036813    -0.2172727814    -0.0815475333
    0.1385362340     0.4408559409     0.5623181172
    0.0055213639    -0.0115436905     0.0279188497
   -0.2218393651     0.2699783179     0.2355606204
    0.0486291751     0.0614685300     0.0215831384
    0.2410436786     0.1254587767     0.6484726984
   -0.0403906014     0.0627166498     0.0638591120
   -0.0727223408     0.0296275993    -0.0134077803
    0.0538412755    -0.1469523546    -0.1237166803
    0.0103762865     0.1442009645    -0.0000688065
    0.7234092155     3.3966980751    -2.8271087919
    0.1901153959     0.4841398647    -0.6451854604
   -0.0703580600     0.3443016642    -0.2149209141
   -0.2544126047    -0.2527793028     0.0510505947
    0.0853814927     0.1659059795     0.0288184832
   -0.2310446091    -0.0140559712    -0.0093499679
   -0.0749958987    -0.2834205155    -0.2379799433
   -0.0413067224    -0.0218807629     0.0671681498
   -0.0976795080    -0.0481728105     0.0538910553
    0.0013512553    -0.0247114808    -0.0061470610
    0.1315702973    -0.2460896484     0.2060500373
   -0.0880289572     0.1259986564    -0.1009909696
    0.2894845687     0.0227839077     0.0684612504
   -0.0270684344    -0.0233546083    -0.0144918251
   -0.0059301911    -0.0683177622    -0.0108521981
    0.1985600087     0.0883299063     0.0320941025
    0.0127085559    -0.0707301218    -0.0084398593
    0.0427946153    -0.0535602950     0.0698158938
    0.0988523967     0.0482194856     0.0234961330
   -0.0669954013     0.2700467888     0.1177808191
   -0.8916540941    -3.9927094979     3.4798884287
   -0.0258512455     0.0147879833    -0.2489778644
    0.0360713549    -0.0322394674     0.2152312313
   -0.0093515015     0.0118003427    -0.0757242000
    0.5107899332    -0.3097756303     0.1761064163
    0.1570548934     0.0446398938    -0.1291783492
   -0.6378553359     0.3609561562    -0.1353052454
    0.0073523480     0.0586591711    -0.0267342329
    0.0102075317    -0.0287864866     0.0636292836
   -0.0402427830    -0.0146295404     0.0130353035
   -0.0783426683    -0.0756597209     0.0107778732
   -0.0778802580     0.0456812496     0.0053230564
   -0.0141447232    -0.0238680448     0.0852825130
    0.0526335686     0.0408356618    -0.0163445267
    0.0573958661    -0.0258835503     0.0554057374
    0.0566677449    -0.0316847189    -0.0166254148
   -0.2895688093     0.1372952831    -0.0561264919
   -1.4424687208    -0.8858704064    -1.4489523642
    0.0192149192    -0.0532178379     0.1549559724
    0.0136083020     0.0355250788     0.0005401358
    0.2175524676     0.1344189628     0.3445333045
   -0.0446415325    -0.0138139561    -0.0327034285
   -0.4820123994     0.0902013148     0.2267389859
   -4.3263516313    -0.3240934960    -2.4136599724
    0.5436179801    -0.0719590031    -0.0527663013
    3.9093121334     0.4037100981     1.9992768526
    0.3794411400    -0.0632596945     0.3916935962
   -0.0551894029     0.0189470794    -0.1731363198
    0.0917931845    -0.0311823982     0.0467081452
    1.5803440897     0.7546338892     1.2610999011
   -0.0274822345     0.0123823981    -0.0096951748
   -0.1566673112    -0.1170907555    -0.2674849042
    0.0152445045    -0.0044373539    -0.0652122692
    0.0922461522    -0.0324208613     0.0742651426
   -0.0486666374    -0.0076711321    -0.0354190821
    0.0384019466    -0.0075874016    -0.0385679910
   -0.0241821643     0.0008894345     0.0972215814
   -0.1101056815     0.9987742205    -0.0416311791
    0.0631495514    -0.9664298285     0.0142962224
    0.1301741743     0.3544720778     0.1067821662
   -0.0340712399    -0.2694935428    -0.0817423280
   -0.0477587865     0.3354151969    -0.0286992169
    0.1210222453    -0.3025345487    -0.1090495916
    0.9158950115    -2.8241972036     3.1169130718
   -0.1840348267     0.3965345470     0.2465584115
    0.1854795123    -0.3232981217    -0.3998720326
   -0.6509886721     0.4090812329     0.3966346242
   -0.0340253465    -0.1272080608    -0.1539844586
   -0.0255765548    -0.0694813128    -0.0623330187
   -0.0018129611     0.0137655889     0.0310648428
   -0.0060007338     0.0054285419     0.0091281608
   -0.0522393043    -0.0498784969     0.0045884474
    0.0050887122    -0.0037290838     0.0348540532
   -0.0452010137     0.0344687415     0.0795994558
   -0.8183724416     2.8622941334    -2.9276640499
   -0.0276188547    -0.0181828506    -0.0951393889
    0.0161565311    -0.0037484964     0.0228704276
    0.0295681793    -0.1198012184    -0.0478796960
    0.5759679897    -0.2705895985    -0.2399832148
    0.0030833580     0.0004711676    -0.0113926908
    0.0179422863     0.0403377308     0.1116436854
   -0.0902796471    -0.5152344798    -0.1545844729
    0.1290700328     0.4927369343     0.1555971924
    0.5281771078    -0.1365143235    -0.0307583817
   -0.0499644567     0.0140876073     0.0776933665
   -0.0994345769     0.0043319950     0.0316276784
   -0.0002345415     0.2061472731    -0.0619108479
   -0.3770120700     1.0631036200    -0.9754817159
    0.0497478043    -0.4500976689     0.0026415303
    0.3565681419    -1.1534366183     0.8432705090
   -0.0394110061     0.4076494924     0.0385165486
    0.0431484390    -0.1087767979     0.1250303161
   -1.5619765282    -0.3381072748    -4.3774214123
   -0.0126891890     0.3814909075     0.1415615362
   -0.0169349944    -0.4033029305     0.0171386659
    0.0065567458    -0.0517343503     0.0099232645
    0.0441621607    -0.0269363980    -0.0462344835
    0.0107686863     0.0256446040     0.0497287080
   -0.0406371368     0.3237780831     0.0237475276
    0.0074058063    -0.0899224701    -0.0265173626
   -0.0010249923    -0.0739551201    -0.0144781787
    1.5653559400     0.2478059869     4.3374255665
   -0.4943841783     0.1923108937    -0.1140763605
   -0.0839428701     0.0286069663     0.0507758104
   -0.1361353498    -0.1455502998     0.3269744893
   -0.0445817560     0.0253386474     0.0033480725
    0.6398907999     0.7022629084    -0.4520011051
    0.6863016245     0.8631929652     0.1045540213
   -0.8373374919    -1.0456333944    -0.0988826907
    0.0734360881    -0.5990616188     0.8285954158
    0.0264074532    -0.0375537049    -0.0781462402
    0.0136028537     0.0294665633     0.0428400140
   -0.0107500879    -0.0204763383     0.0356517572
   -0.5084784322    -0.5622191293     0.4067813278
    0.0138847394     0.7846672213    -0.8268808212
   -0.0344238522    -0.0669241232    -0.0274895831
    0.1779878430     0.0424416543    -0.4177504348
   -0.0109141426    -0.0183700417    -0.0078063471
   -1.9031963914    16.9584148306     6.9003961988
    2.0132750120   -17.1361624449    -7.0049903651
    0.0477826910    -0.2205005463     0.0938044745
    0.0119542678    -0.0471861341     0.0169415865
    0.0247245311    -0.0022278100     0.0097945792
   -0.0307665875     0.0639351279     0.0267794908
    0.1258911374     0.0692368922    -0.0340265297
   -0.1314521894     0.0776360286    -0.0736902116
    0.0650473723    -0.0041851693    -0.1244391206
   -0.0387827575    -0.2558372334     0.3499392714
    0.4461415571     0.8528874855    -0.7943663733
   -0.7761525267    -0.8872636497     0.8628958352
    0.1557892387     0.2985368774    -0.6419136875
    0.5771063278     0.2831465348     0.1499071690
   -1.8805342580    -0.6967525623    -0.7193898186
   -0.3198478371    -0.2935197185    -0.0349368276
    0.0823181763     0.1263738151    -0.0015456976
    0.0224250684     0.0633623966    -0.0273165903
   -0.0413522341    -0.0255360697     0.0131971972
   -0.1968590022    -0.2191645575     0.5032176707
   -0.0287191643    -0.0646240268     0.0329293896
    0.0528416331     0.0287390750     0.0209402868
    1.6999113733     0.5584449745     0.7132324029
    0.0489926104     0.0654601699    -0.0292352029
   -0.1161572547     0.1061052588    -0.0225314892
    0.0066806755     0.0296301055    -0.0373314908
    0.0042112832    -0.0018167577    -0.0111984810
    0.2861887506     0.1632044101    -0.2100486544
    0.0901951766     0.3439464276    -0.1759462267
   -0.0636143362    -0.4758409579     0.0236966242
    0.0367425229     0.0430578327    -0.0553792640
   -0.6723779477     0.1313038125     4.4800401760
   -0.0456592404     0.2010038342    -0.3439174085
   -0.1465400120    -0.2587129223     0.3562475099
    0.2312658969     0.0692230474    -0.0987879292
   -0.0065578879    -0.0250389816     0.0413195928
    0.0380586560     0.0768230792     0.2912138715
   -0.0112869917    -0.0817100156    -0.0685991810
    0.6232454403    -0.1023665088    -4.2732125467
    0.0427442011    -0.1710216672     0.1470884193
   -0.1606414992    -0.2600954561    -0.0558411970
   -1.3514844016     0.5246456924     1.1170526843
    0.0476697131     0.0516203248    -0.0878215921
    0.0789642299     0.1618231549    -0.2510343469
   -0.0212870721     0.0586087946     0.2461142050
    0.0041783236     0.1624285136     0.0318486827
    0.1277076941     0.1932091483    -0.0796209440
    0.0742777273     0.0056645580    -0.0343907519
   -0.0434771572    -0.0123452746     0.0413914646
    0.0005505884    -0.0324169704    -0.0260558740
    0.0256768724    -0.0271109254    -0.0110142292
    0.0307891993     0.0009675988    -0.0129466756
   -0.0290699912    -0.0768425889    -0.0186325733
   -0.0224471697    -0.0053805900     0.0070666428
    0.0252372552    -0.0405702345     0.0305470035
    1.2876425074    -0.5632086796    -0.9201566240
   -0.4005737235    -0.3121920313    -1.7973816432
    0.1781696938     0.1064560191     0.1679179121
   -0.0645479495    -0.0750085373    -0.0394201708
   -0.0917701162    -0.0183740929     0.2957365783
    0.0724174105     0.2600739958    -0.1118735016
    0.1240611689    -0.2475685832    -0.2168398045
    0.0340840987     0.0253917830    -0.0849012416
    0.2778284889     0.2722683058     1.6101764184
   -0.0743352965    -0.0123653545    -0.1958110069
    0.0151519755    -0.0540218386     0.0847373252
   -0.0546362767    -0.0009812117     0.0495712097
    0.0021969541     0.0894214002     0.0346891432
    0.0349532171     0.0075451914     0.1223382881
   -0.0341222903    -0.1963105065     0.1062205761
    0.0346584105    -0.0357100760     0.0313291965
   -0.0520651835     0.1279126430     0.1966689949
    0.0179763981    -0.0172252873    -0.1107654748
   -0.1159899489     0.0360208185     0.1481470355
   -0.1212188186     0.0628494875    -0.0863173639
    0.1979641610    -1.4715487017     0.1333001903
   -0.3190296367     0.2402823866    -0.4495375189
    0.1234219766     0.1780671304    -0.1570028212
    0.0211661252    -0.0161668553    -0.0298330327
    0.1203276168     0.0108603729    -0.1690093003
    0.0462105115    -0.0508721803     0.0430132660
    0.0448692748    -0.0326066766     0.0746219022
   -0.1517240550     1.3632779534    -0.2574540540
   -0.0254349345     0.0203577794     0.0600742202
    0.0346055385     0.0338102439     0.0441092022
    0.0245247829    -0.0788629444    -0.0038926345
    0.2318604655    -0.1377849691     0.4607893306
    0.0393430907    -0.0146200952     0.0071000142
    0.2327158524    -0.0293367126    -0.0983676678
   -0.1046065428     0.7132875203    -0.4592776068
   -0.5186530708    -0.0141769008    -0.6923518523
    0.6265725718    -0.0696232860     0.7263350737
   -0.0628338113    -0.0432247444     0.0878199589
   -0.0658465683    -0.0318720018     0.0311434733
    0.0680577079    -0.6619309927     0.3756946561
   -0.1035781153    -0.0802629374     0.2508487340
    0.0391967910     0.0716893923    -0.1744904746
   -0.0031532443     0.0048882644     0.0591406827
   -0.0064028471    -0.0148981537     0.0114244069
   -0.0576358476    -0.1685293264     0.1524256797
    0.1079170646     2.0461078215    -0.9095404411
   -0.1540182195    -1.8632347623     0.9567290901
   -0.6795958309     1.7341921706     0.9876757338
    0.0782376685    -0.1713512240    -0.1323252888
    0.6769770921    -1.4073571254    -1.0043243333
   -0.0985666686    -0.3314729840     0.2049913977
   -0.5242023330    -0.5852761391     1.1598583332
   -0.0054394001     0.0268357808    -0.1051759940
    0.0270135214     0.0411938395     0.0252809192
    0.0043989203     0.0146423546    -0.0673063667
    0.0685261505     0.0710338485    -0.0238787121
    0.0268804518     0.0338553582    -0.0091458569
    0.0022181709    -0.0854535942    -0.0085645009
   -0.0024296312     0.0577534502     0.0052807274
    0.0164555425     0.0284155542    -0.0245023578
    0.5580558344     0.6111792550    -1.2338723926
    0.1378064756     0.0592092424     0.0921969409
   -0.0624523228     0.2025161497    -0.0372582761
    0.0651940235    -0.2526213708    -0.0600448375
   -0.0858827689     0.1228937998     0.0350093198
    0.0754975498    -0.7059215207    -0.1640401348
    0.1716282973    -0.2009781395     0.1827554190
    0.0504513336     0.2602536735     0.0633185154
    0.0252876493     0.1302362994    -0.0401279570
   -0.2774778408    -0.2831753712    -0.2582653547
    0.0107905331    -0.1843682366     0.0242643923
   -0.0876999998     0.3424048336    -0.0536512367
   -0.0233708455     0.0177533667     0.0222404790
    0.0156150819    -0.0677632748    -0.0026221767
    0.0247227221     0.0322293148     0.0228744134
   -0.2240075759     0.6473324769     0.0244559063
   -0.0710909058    -0.1172185884    -0.0624312486
   -0.0248822116     0.0007768474     0.0101036777
   -0.0074760195    -0.0111989106     0.0078790862
    0.0080886916     0.0378756040     0.0080449245
    0.3370200534    -0.0012962996     0.2526397013
    0.0789329403    -0.0202409918     0.1138409127
   -0.0646801252    -0.0137480291     0.0688748548
    0.0568106146    -0.0234439807     0.1218997566
   -0.0757001697     0.0238009813    -0.0013130133
   -0.1070595747     0.0737044856     0.0587135673
    0.0697579198    -0.0039277595     0.0105256770
    0.0693295854     0.1200263437     0.0938322462
   -0.0352031655     0.0553470115    -0.0317035139
    0.0784850315    -0.0274645465     0.1160830959
   -0.0360894743     0.0633678717     0.0358484652
    0.0090120931     0.1086935031     0.0857107080
   -0.1339764942     0.1782823116     0.1106675699
   -0.0831265744    -0.0151405325    -0.1160888071
   -0.0091556825    -0.0294075917    -0.0680176119
   -0.1312352223     0.0227980302    -0.0126360073
   -0.0507090620    -0.0178083015    -0.0514324885
   -0.1376130412     0.0179381637     0.0223782999
    0.0177552589    -0.0493395339    -0.0537433832
   -0.1164046351     0.0799809645     0.0334729139
   -0.0586893173     0.0538310063    -0.0070864452
    0.0164519297    -0.1068442456    -0.0866213180
    0.0106661814     0.0646659860    -0.0385914702
   -0.0625983766    -0.0972799498    -0.0759309825
    0.0061273957     0.0746040599     0.0045062720
---------------------------------------------------
Net gradient:  2.167674e-09  1.545496e-09  4.242859e-09
Net torque:    2.950435e-03 -4.726872e-03  7.346010e-03

Total processing time: 633.35 sec 

 Job finished: Sun May 26 17:21:28 2019

