Startfile from command line: /home/lum/5ly6/refine10_weight_0.1_stpmax_0.8_d2/ase/33/33_capping.sp


       ***********************************************************
       *                    TeraChem v1.93P                      *
       *                 Hg Version: 79b87f121f2d                *
       *                   Production Version                    *
       *                Compiled without textures                *
       *           Chemistry at the Speed of Graphics!           *
       ***********************************************************
       * This program may only be used in connection with        *
       * a valid license from PetaChem, LLC. Use of this program *
       * or results thereof indicates acceptance of all terms    *
       * and conditions stated in the license and that a valid   *
       * license agreement between the user and PetaChem, LLC    *
       * exists. PetaChem, LLC does not warrant the correctness  *
       * of results or their suitability for any purpose.        *
       * Please email bugs, suggestions, and comments to         *
       *                  help@petachem.com                      *
       *                                                         *
       ***********************************************************


       ***********************************************************
       *  Compiled by toddmtz      Wed Aug 16 03:32:31 PDT 2017  *
       *  Supported architectures: sm_20 sm_30 sm_50 sm_60       *
       *  Cuda compilation tools, release 8.0, V8.0.44           *
       ***********************************************************


 Job started   Mon May 20 14:05:56 2019
 On cu33 (available memory: 48630 MB)

######################################### RUNTIME INFO ##########################################
/public/qmsoft/TeraChem/bin/terachem /home/lum/5ly6/refine10_weight_0.1_stpmax_0.8_d2/ase/33/33_capping.sp 

NVRM version: NVIDIA UNIX x86_64 Kernel Module  396.26  Mon Apr 30 18:01:39 PDT 2018
GCC version:  gcc version 4.8.5 20150623 (Red Hat 4.8.5-4) (GCC) 

	linux-vdso.so.1 (0x00007ffc6d28b000)
	libcurl.so.4 => /lib64/libcurl.so.4 (0x00002b7e37f5d000)
	libintbox.so.1 => /public/qmsoft/TeraChem/lib/libintbox.so.1 (0x00002b7e381c5000)
	libthcbox.so.1 => /public/qmsoft/TeraChem/lib/libthcbox.so.1 (0x00002b7e57dd3000)
	libgridbox.so.1 => /public/qmsoft/TeraChem/lib/libgridbox.so.1 (0x00002b7e5993d000)
	libdftbox.so.1 => /public/qmsoft/TeraChem/lib/libdftbox.so.1 (0x00002b7e59e2e000)
	libcublas.so.8.0 => /public/qmsoft/TeraChem/lib/libcublas.so.8.0 (0x00002b7e5a13f000)
	libcufft.so.8.0 => /public/qmsoft/TeraChem/lib/libcufft.so.8.0 (0x00002b7e5caef000)
	libcuda.so.1 => /public/qmsoft/TeraChem/lib/libcuda.so.1 (0x00002b7e6593d000)
	libcudart.so.8.0 => /public/qmsoft/TeraChem/lib/libcudart.so.8.0 (0x00002b7e668bd000)
	libcrypto.so.10 => /lib64/libcrypto.so.10 (0x00002b7e66b23000)
	libssl.so.10 => /lib64/libssl.so.10 (0x00002b7e66f0a000)
	libm.so.6 => /lib64/libm.so.6 (0x00002b7e67177000)
	libcilkrts.so.5 => /public/qmsoft/TeraChem/lib/libcilkrts.so.5 (0x00002b7e67479000)
	libstdc++.so.6 => /lib64/libstdc++.so.6 (0x00002b7e676ba000)
	libgcc_s.so.1 => /lib64/libgcc_s.so.1 (0x00002b7e679c2000)
	libpthread.so.0 => /lib64/libpthread.so.0 (0x00002b7e67bd8000)
	libdl.so.2 => /lib64/libdl.so.2 (0x00002b7e67df6000)
	libc.so.6 => /lib64/libc.so.6 (0x00002b7e67ffa000)
	/lib64/ld-linux-x86-64.so.2 (0x00002b7e37d3a000)
	libidn.so.11 => /lib64/libidn.so.11 (0x00002b7e683a7000)
	libssh2.so.1 => /lib64/libssh2.so.1 (0x00002b7e685da000)
	libssl3.so => /lib64/libssl3.so (0x00002b7e68804000)
	libsmime3.so => /lib64/libsmime3.so (0x00002b7e68a46000)
	libnss3.so => /lib64/libnss3.so (0x00002b7e68c6d000)
	libnssutil3.so => /lib64/libnssutil3.so (0x00002b7e68f93000)
	libplds4.so => /lib64/libplds4.so (0x00002b7e691bf000)
	libplc4.so => /lib64/libplc4.so (0x00002b7e693c3000)
	libnspr4.so => /lib64/libnspr4.so (0x00002b7e695c8000)
	libgssapi_krb5.so.2 => /lib64/libgssapi_krb5.so.2 (0x00002b7e69806000)
	libkrb5.so.3 => /lib64/libkrb5.so.3 (0x00002b7e69a52000)
	libk5crypto.so.3 => /lib64/libk5crypto.so.3 (0x00002b7e69d37000)
	libcom_err.so.2 => /lib64/libcom_err.so.2 (0x00002b7e69f69000)
	liblber-2.4.so.2 => /lib64/liblber-2.4.so.2 (0x00002b7e6a16d000)
	libldap-2.4.so.2 => /lib64/libldap-2.4.so.2 (0x00002b7e6a37c000)
	libz.so.1 => /lib64/libz.so.1 (0x00002b7e6a5cf000)
	librt.so.1 => /lib64/librt.so.1 (0x00002b7e6a7e5000)
	libnvidia-fatbinaryloader.so.396.26 => /lib64/libnvidia-fatbinaryloader.so.396.26 (0x00002b7e6a9ed000)
	libkrb5support.so.0 => /lib64/libkrb5support.so.0 (0x00002b7e6ac39000)
	libkeyutils.so.1 => /lib64/libkeyutils.so.1 (0x00002b7e6ae48000)
	libresolv.so.2 => /lib64/libresolv.so.2 (0x00002b7e6b04c000)
	libsasl2.so.3 => /lib64/libsasl2.so.3 (0x00002b7e6b263000)
	libselinux.so.1 => /lib64/libselinux.so.1 (0x00002b7e6b480000)
	libcrypt.so.1 => /lib64/libcrypt.so.1 (0x00002b7e6b6a5000)
	libpcre.so.1 => /lib64/libpcre.so.1 (0x00002b7e6b8dc000)
	liblzma.so.5 => /lib64/liblzma.so.5 (0x00002b7e6bb3d000)
#################################################################################################

       ********************** License Check **********************
       * Use license from: /public/qmsoft/TeraChem/license.dat
       * Available Host id: AC1F6B20BA82
       * Available Host id: AC1F6B20BA83
       * Available Host id: 52540000F6B3
       * Available Host id: 52540000F6B3
       * License Host id: AC1F6B20BA82
       * License expires: 2019-10-21
       ********************** License OK *************************
Scratch directory: /tmp/lum/5ly6/refine10_weight_0.1_stpmax_0.8_d2/ase/33/scr
Random number seed: 112186002

XYZ coordinates /home/lum/5ly6/refine10_weight_0.1_stpmax_0.8_d2/ase/33/33_capping.xyz
Molden File Output: /tmp/lum/5ly6/refine10_weight_0.1_stpmax_0.8_d2/ase/33/scr/33_capping.molden
Using basis set: 6-31g
Spin multiplicity: 1
DIIS will use up to 10 vectors.
WF convergence threshold: 3.00e-05
Using DIIS algorithm to converge WF
Maximum number of SCF iterations: 300
Incremental fock with rebuild every 8 iterations
Will switch to conventional Fock if diffuse functions are detected
X-matrix tolerance: 1.00e-04
PRECISION: DYNAMIC
DFT Functional requested: hf
Method: Hartree-Fock  with dispersion correction

*********************************************************
*                     WARNING                           *
* Dispersion correction is not supported for hf         *
*         Disabling dispersion correction               *
*********************************************************

Wavefunction: RESTRICTED
Initial guess generated by maximum overlap

********************************************
**** SINGLE POINT GRADIENT CALCULATIONS ****
********************************************
SCF:   Initial guess is taken from previous step
COSMO model for polarizable continuum model enabled

using 4 out of 4 CUDA devices
   Device 0:  GeForce GTX 1080 Ti, 11178MB, CC 6.1 -- CPU THREAD 0
   Device 1:  GeForce GTX 1080 Ti, 11178MB, CC 6.1 -- CPU THREAD 1
   Device 2:  GeForce GTX 1080 Ti, 11178MB, CC 6.1 -- CPU THREAD 2
   Device 3:  GeForce GTX 1080 Ti, 11178MB, CC 6.1 -- CPU THREAD 3
-------------------------------------------------------------------
Compiled with MAGMA support.  MAGMA parameters:
    Matrices larger than 5000 square will be treated with MAGMA
       (Change by setting the MagmaMinN environment variable)
    Magma will use 1 out of 4 GPUs
       (Change by setting the MagmaNGPUs environment variable)
-------------------------------------------------------------------
 CPU Memory Available: 8018.12 MegaWords 
 GPU Memory Available: 1141.31 MegaWords 
 Maximum recommended basis set size: 12200 basis functions
 (limited by GPU memory)
-------------------------------------------------------------------
Not using d-functions. Configuring GPUs accordingly.
0: CUBLAS initialized, available GPU memory: 8170MB
1: CUBLAS initialized, available GPU memory: 8170MB
2: CUBLAS initialized, available GPU memory: 8170MB
3: CUBLAS initialized, available GPU memory: 8170MB


Basis set:       6-31g
Total atoms:     396
Total charge:    -1
Total electrons: 1426 (713-alpha, 713-beta)
Number electrons modeled by ECPs: 0
Total orbitals:  2101
Total AO shells: 1353 (979 S-shells; 374 P-shells; 0 D-shells; 0 F-shells; 0 G-shells)
Spin multiplicity: 1
Nuclear repulsion energy (QM atoms): 59413.827350990054 a.u.

=COSMO= Number of H atoms in QM atoms:209
=COSMO= Number of Heavy atoms in QM atoms:187
reached first line of InitCosmoSwigNoMatrix
q is allocated
B is allocated
Bz is allocated
z is allocated
c is allocated
=COSMO= No Matrix Cosmo Initialization finished.
=COSMO= ++++++++++++++++++++++++++++++ COSMO parameters ++++++++++++++++++++++++++++++
=COSMO= I. Cavity Information:
=COSMO= SAS(Solvent accesible surface) initialization finished
=COSMO= Time for initializing Molecular Surface:0.45322800 (sec)
=COSMO= Time for initializing cosmo calculation:0.14828000 (sec)
=COSMO= Cavity effective radius(Angstrom) (r_solv+r_vdw-dsc) was written into /tmp/lum/5ly6/refine10_weight_0.1_stpmax_0.8_d2/ase/33/scr/ratom.txt
=COSMO= Solvent Dielectric Constant:78.390000
=COSMO= Cosmo Solvent radius:0.000000
=COSMO= Cosmo charge scaling method:0
=COSMO= Cavity built with Lebedev Grid
=COSMO= Grid points/QM Hydrogen: 110
=COSMO= Grid points/QM Heavy atom: 110
=COSMO= Herbert Switching-Gaussian method turned on
=COSMO= After removing points inside of SAS:
=COSMO= Total number of segments on molecular surface:21799
=COSMO= Number of segments belonging to QM atoms:21799
=COSMO= Total surface area of cavity: 3080.7607(Angstrom^2)
=COSMO= Total volume of cavity: 1769.1247 (Angstrom^3)
=COSMO= II. COSMO integral options:
=COSMO= Building COMSO c vector with original algorithm
=COSMO= COSMO one-electron integral threshold: 1e-12 
=COSMO= III. Linear solver options:
=COSMO= Initialize COSMO for A matrix in no matrix storage form
=COSMO= CG precondtioner:Jacobi
=COSMO= Tight CG convergence threshold:1e-06
=COSMO= CG dynamic threshold: on
=COSMO= Adjust CG convergence threshold dynamically
=COSMO= IV. PCM field read/write options:
=COSMO= PCM field is not written to files
=COSMO= No PCM field file is read in
=COSMO= ++++++++++++++++++++++++++++++++++++++++++++++++++++++++++++++++++++++++++++++++

                      *** Start SCF Iterations ***

 Iter     DIIS Error       Energy change         Energy              E_PCM      Time(s)
---------------------------------------------------------------------------------------
         >>> Purifying P... IDMP = 4.29e-14 <<<
THRESPDP set to 1.00e+00
   1     0.4271003294   -8836.8990675171   -8836.8990675171     -0.7204751867    8.16  
   2     0.1391332177     -44.8073769281   -8881.7064444453     -0.5061780945   10.89  
   3     0.0606409372      -5.8468388957   -8887.5532833410     -0.5868089962    7.69  
   4     0.0216292735      -0.6852649447   -8888.2385482857     -0.5264287064   10.19  
   5     0.0063353051      -0.1072366232   -8888.3457849089     -0.5673702283    6.96  
THRESPDP set to 7.97e-05
   6     0.0044108506      -0.0107379729   -8888.3565228818     -0.5726168467   11.50  
   7     0.0026919153      -0.0019972148   -8888.3585200966     -0.5764919340    6.38  
   8     0.0015852642      -0.0004366531   -8888.3589567497     -0.5777616495    8.89  
   9     0.0009437556      -0.0000747628   -8888.3590315125     -0.5782093948    5.88  
  10     0.0004744247      -0.0000232524   -8888.3590547649     -0.5783777268    7.89  
  11     0.0002600801      -0.0000035195   -8888.3590582844     -0.5784118286    6.22  
  12     0.0001133313      -0.0000018271   -8888.3590601115     -0.5784186303    7.37  
  13     0.0000419422      -0.0000000414   -8888.3590601530     -0.5784116730    6.08  
  14     0.0000144462      -0.0000006602   -8888.3590608131     -0.5784055880    9.16  
---------------------------------------------------------------------------------------
FINAL ENERGY: -8888.3590608131 a.u.
C-PCM contribution to final energy:-0.5784055880 a.u. ( already included in final energy )
Computing C-PCM contribution to gradient...
CENTER OF MASS: {24.728663, 13.436466, 24.861328} ANGS
DIPOLE MOMENT: {-5.189732, 17.297656, -26.708098} (|D| = 32.240731) DEBYE
Cannot open /tmp/lum/5ly6/refine10_weight_0.1_stpmax_0.8_d2/ase/33/scr
Writing out molden info

Gradient units are Hartree/Bohr
---------------------------------------------------
        dE/dX            dE/dY            dE/dZ
    0.0614984826     0.0901783944    -0.0085287553
    0.0169885831    -0.0055778189     0.0134827173
   -0.0030481206     0.0145186344    -0.0252527337
   -0.0027859504     0.0001505208    -0.0018145180
    0.0155615407     0.0071866212     0.0009437583
    0.0000733413    -0.0077170094    -0.0002451345
    0.0062773251     0.0215412110    -0.0041345449
   -0.0000152539     0.0123843721    -0.0023426649
   -0.0299612542     0.0029953222    -0.0037161534
    0.0069036530    -0.0135251059     0.0015736199
   -0.0106910254    -0.0308625096     0.0050860388
    0.0319978083     0.0120865209    -0.0006664734
    0.0174148849     0.0100355261    -0.0014344370
   -0.0020125712     0.0029507064    -0.0027257037
   -0.0097056798     0.0012522239    -0.0023804895
   -0.0002500554    -0.0027040267    -0.0065713113
    0.0010645986    -0.0062766191     0.0005322694
    0.0017996882    -0.0007484643     0.0006428058
    0.0093776014    -0.0005957533     0.0010454234
   -0.0012249463     0.0033654498     0.0010791459
   -0.0202361702     0.0036376618    -0.0015236526
    0.0211702289    -0.0145100892     0.0472812198
   -0.0073545432    -0.0002584287    -0.0061191547
   -0.0010805615    -0.0089183769    -0.0166060265
    0.0127546274     0.0130495389     0.0196398058
   -0.0080993676     0.0028173140     0.0186638034
   -0.0068816001    -0.0020597528    -0.0134820446
   -0.0171158914    -0.0023392382    -0.0205935830
    0.0003406176    -0.0005502659     0.0010146074
    0.0024488837     0.0012583526    -0.0001615471
    0.0082431322    -0.0017236934    -0.0064050808
    0.0042145705     0.0039890984     0.0032088330
   -0.0150554066    -0.0107930420    -0.0150128151
    0.0156381433     0.0120106335     0.0096943617
   -0.0125768155    -0.0143239028    -0.0075325256
    0.0050009553     0.0049877706     0.0042138495
   -0.0059020484    -0.0085153108    -0.0044609549
    0.0145267368     0.0026511451    -0.0029126634
    0.0023859620     0.0065209524     0.0124258165
    0.0024531290     0.0011227402    -0.0036318830
    0.0046682643     0.0047692125     0.0087186735
   -0.0052742104    -0.0019473927    -0.0043049238
    0.0007133216     0.0012727716     0.0011952420
   -0.0024890616     0.0026297473     0.0050014951
   -0.0049241573    -0.0003093017    -0.0003749430
   -0.0016966416     0.0029392295    -0.0015265498
   -0.0014356079    -0.0059901213    -0.0009513905
   -0.0018683764    -0.0010787065    -0.0066717082
   -0.0005584265    -0.0016628552     0.0003680753
   -0.0002200768     0.0002203518    -0.0000397608
   -0.0044237950     0.0013288196     0.0000116783
    0.0100838705     0.0135218412    -0.0000779225
   -0.0106129703     0.0060084922     0.0140196194
    0.0097884338     0.0049812543     0.0036280224
    0.0011575792    -0.0009075756    -0.0028931410
    0.0049570302    -0.0142596143     0.0013535079
    0.0012453129     0.0184622840    -0.0075959057
   -0.0008879856    -0.0073444624     0.0067641566
   -0.0032497414    -0.0084723978    -0.0001230397
   -0.0026686989    -0.0041563526    -0.0010398115
   -0.0012625331    -0.0036069930    -0.0073173041
    0.0024246567     0.0081709047    -0.0018722059
   -0.0014778227     0.0001351969     0.0020110504
   -0.0102759040    -0.0217204437    -0.0187443645
    0.0032854601     0.0114422710    -0.0065135476
    0.0016660832    -0.0122412130     0.0003962325
   -0.0160537501     0.0121756869     0.0004881337
   -0.0030127210    -0.0157111418     0.0078877673
   -0.0113967420     0.0072516111    -0.0035128233
    0.0229848384    -0.0027038674     0.0004166248
    0.0067054752    -0.0126400265    -0.0006026439
    0.0000284046     0.0119938209     0.0129937102
   -0.0006047585     0.0007809414     0.0046136342
    0.0056588298     0.0047877844    -0.0048501034
    0.0007507978     0.0024446522     0.0002017655
    0.0006748521    -0.0019920473     0.0000912164
   -0.0049161478     0.0035051871     0.0029756717
   -0.0067569775     0.0056795755    -0.0053019724
   -0.0045147235    -0.0038693174     0.0047971701
   -0.0042993137     0.0071682549     0.0066441858
    0.0030589678     0.0029138693    -0.0044576162
   -0.0014466398    -0.0018437010    -0.0005303018
    0.0179055535    -0.0211999124    -0.0030316610
    0.0042395439     0.0029524700     0.0071993575
   -0.0078359356     0.0411940576    -0.0190627740
    0.0060169359    -0.0264620378     0.0034437127
   -0.0026447762     0.0088678531    -0.0041873006
   -0.0052200697    -0.0161645808    -0.0034690305
    0.0038400687     0.0257954878    -0.0061083713
   -0.0028604820     0.0018154958    -0.0041282974
    0.0005548946     0.0007872877     0.0027504642
   -0.0020133410    -0.0011080142     0.0029922915
    0.0023136112     0.0006829071     0.0019095252
   -0.0015408885     0.0013023670     0.0020977012
    0.0012648807    -0.0044589202     0.0101736994
   -0.0029253997    -0.0050522588    -0.0049308100
    0.0036341510    -0.0234997276     0.0159842445
   -0.0026577974     0.0028933255     0.0063175618
    0.0147103485    -0.0143029094     0.0115069060
   -0.0139012300     0.0092011298    -0.0023054755
   -0.0022708541     0.0095805570    -0.0015514943
   -0.0009132192    -0.0006508110    -0.0032301331
    0.0011989598     0.0013026106    -0.0006772501
    0.0045274553     0.0031797738    -0.0112585827
   -0.0262324654    -0.0015292069    -0.0111556637
   -0.0063795754     0.0066396317     0.0165101265
    0.0105663333    -0.0092916304    -0.0003390956
   -0.0000376214     0.0049011388    -0.0051010007
    0.0085494977    -0.0090797932     0.0004504365
    0.0000132612    -0.0047298310     0.0094758014
   -0.0123748586     0.0101191471     0.0026214329
   -0.0028629241     0.0006877362     0.0025148458
    0.0236442346     0.0002330797     0.0045328815
   -0.0012138111    -0.0023501843     0.0037198517
   -0.0002395134    -0.0001457527     0.0000728573
   -0.0015747484    -0.0005356437     0.0036958249
   -0.0025512123    -0.0003200388    -0.0010980326
   -0.0010694822     0.0029892530     0.0007685531
    0.0019020159     0.0030679178    -0.0089682715
    0.0021181752    -0.0003721763     0.0013952291
    0.0013299441     0.0005305656    -0.0012624318
    0.0079386231    -0.0030023513    -0.0026326682
   -0.0109573817     0.0091638073    -0.0245952847
   -0.0116852592    -0.0010306696     0.0012645798
    0.0507353273    -0.0479874420    -0.0325633213
    0.0032535413    -0.0014033508    -0.0005179584
   -0.0093938058    -0.0033215171     0.0223358845
    0.0090387623    -0.0074164874     0.0023046270
   -0.0029401540     0.0010786739     0.0004380369
    0.0038532326    -0.0018580979    -0.0107442073
    0.0065740292     0.0023893066    -0.0013419804
    0.0000704052     0.0020928695    -0.0013027209
   -0.1072394910     0.0273006475     0.0280856888
   -0.0180498052    -0.0077359601     0.0079757596
    0.0522796556    -0.0030548617    -0.0856418608
    0.0001308674     0.0120996164     0.0184795363
   -0.0154287916     0.0091892821     0.0032823610
   -0.0032891366    -0.0048091814    -0.0100860814
   -0.0152953685    -0.0153324839    -0.0099607313
    0.0021038203     0.0007966001    -0.0033470617
    0.0020692763     0.0007132163     0.0003057689
    0.0084901978    -0.0045929054    -0.0040400705
   -0.0017741200     0.0041048935    -0.0020461629
    0.0384663409    -0.0886202751    -0.0512492303
    0.0246086976    -0.0123420591    -0.0161368450
   -0.0486623253     0.0890304764    -0.0128691847
   -0.0019659521    -0.0164750041     0.0024769452
    0.0018073215     0.0142513765    -0.0184007577
   -0.0159822821    -0.0072999217    -0.0014432006
    0.0051338823    -0.0111776821     0.0069124918
    0.0211686193     0.0098428537    -0.0098013400
   -0.0019156151    -0.0005870890     0.0000851434
    0.0008717246    -0.0025642529     0.0016272167
    0.0029697971     0.0019064002     0.0033274907
    0.0083159784    -0.0030282922    -0.0007587800
    0.0011763107     0.0045827810     0.0007982283
   -0.0021123339    -0.0003511199    -0.0035184863
    0.0003617981     0.0051048137    -0.0010863735
   -0.0012572400     0.0013862697    -0.0000795849
   -0.0260176745     0.0211678190    -0.1074177736
   -0.0027152734    -0.0055074584     0.0042739052
    0.0169328175     0.0685914035     0.0598566628
   -0.0211764431    -0.0287676247    -0.0020589094
   -0.0054073702    -0.0027890788     0.0038478726
   -0.0036620366     0.0022300588    -0.0173447091
    0.0066651605     0.0062643387     0.0152616268
    0.0082749381     0.0081705079     0.0114630177
   -0.0018330118     0.0106412356    -0.0184395191
   -0.0040896363    -0.0047358501    -0.0038404153
    0.0073596140     0.0065358471    -0.0009750806
   -0.0020373172     0.0033468942    -0.0013895881
   -0.0004806349    -0.0019474744     0.0044135889
   -0.0005558424    -0.0035621092    -0.0042761044
   -0.0046340083    -0.0042845581    -0.0013033247
   -0.0000838708     0.0003374054    -0.0023799693
    0.0022975761    -0.0054378518    -0.0053748736
   -0.0015178934    -0.0019856152     0.0011660328
   -0.0077553989     0.0025152308    -0.0036739307
    0.0061041572    -0.0386888831    -0.1112928178
    0.0102663966    -0.0080873279    -0.0029331721
   -0.0497007814     0.0574809315     0.0319195144
    0.0066752185     0.0047236231     0.0019762481
   -0.0046329589     0.0018301882     0.0042234073
   -0.0006252607     0.0184718526    -0.0059513018
    0.0061186644    -0.0144956259    -0.0143579931
   -0.0158736116     0.0117578014     0.0374465090
    0.0034573613     0.0021216140    -0.0044983255
    0.0017244561    -0.0055169725    -0.0079023585
    0.0176964773    -0.0035815543    -0.0373992295
    0.0069809645     0.0034754036    -0.0109164369
   -0.0024880496    -0.0105792811     0.0071642934
   -0.0011725235    -0.0028764809    -0.0020201051
    0.0145334787     0.0087882573    -0.0112046629
   -0.0022793532    -0.0038711758    -0.0045289511
    0.0053743332    -0.0031923573    -0.0033170265
   -0.0001990553    -0.0002894281     0.0008988776
   -0.0000410811     0.0030231947     0.0010797992
   -0.0015925630    -0.0005173756     0.0041580451
   -0.0072786719    -0.0037334681     0.0158900829
   -0.0041245444    -0.0006986984     0.0069152913
   -0.0012704903     0.0041975483     0.0021277450
    0.0005500870     0.0043822112    -0.0010386661
    0.0174234696    -0.0580644353    -0.0911480996
   -0.0062448796    -0.0011910014    -0.0122665398
   -0.0932538064    -0.0174722653    -0.0405593212
    0.0160395867     0.0180804914     0.0353479233
    0.0102826760    -0.0014103088    -0.0066284158
   -0.0165627256     0.0107258819     0.0148428090
    0.0207624961     0.0069048762    -0.0261782686
    0.0091201970    -0.0164630137    -0.0073645415
   -0.0064031644     0.0150966155     0.0073116887
   -0.0155997649     0.0033559527     0.0176226082
    0.0080635907    -0.0014729799    -0.0085783587
   -0.0011838317    -0.0028573015     0.0020970344
    0.0082530798    -0.0004905526    -0.0180466373
   -0.0012996327    -0.0060779360    -0.0029824368
    0.0000717514    -0.0003266427     0.0008444087
   -0.0033383854     0.0048002361    -0.0040032461
   -0.0018477568    -0.0091276491     0.0032584292
   -0.0001937364    -0.0006683465     0.0001955189
   -0.0029185151    -0.0011637057     0.0027020598
    0.0012766945    -0.0026338772    -0.0006349952
    0.0004894261     0.0029728270    -0.0008324748
   -0.0284788982    -0.1044926005    -0.0367497231
    0.0004790094    -0.0040277593     0.0021893948
    0.0325413628    -0.0349855576     0.0664784266
   -0.0021751177     0.0076559492     0.0022407701
    0.0027357640    -0.0045625246    -0.0042130007
    0.0154377706     0.0275828523     0.0348012208
   -0.0219244751    -0.0147746038    -0.0325114042
    0.0243451306    -0.0057660358     0.0172880000
   -0.0059949253    -0.0028421555    -0.0185234636
   -0.0007465335    -0.0076112076    -0.0012041727
   -0.0002671961     0.0006595839    -0.0019350622
   -0.0108925370    -0.0024635347    -0.0048415829
   -0.0012868503     0.0049970933     0.0030189104
   -0.0159382215    -0.0053849272    -0.0187362332
   -0.0278230482    -0.0095691732    -0.1046046194
    0.0261861607    -0.0134926090    -0.0059586160
   -0.0024792893    -0.0000187387     0.0076046261
    0.0049742925    -0.0015192116    -0.0142304543
   -0.0272109201    -0.0003240304     0.0024307046
   -0.0039385617    -0.0033998791    -0.0012819583
    0.0189081248    -0.0035124787     0.0033772314
   -0.0052990155    -0.0047115488    -0.0183280515
   -0.0049538191     0.0000039776     0.0036859243
    0.0008718566    -0.0011034419    -0.0033140450
    0.0015500578    -0.0048874723    -0.0020636361
    0.0032726654     0.0005978620    -0.0008190191
    0.0007177363    -0.0000903993     0.0001958731
   -0.0039653920    -0.0020054783    -0.0007572664
   -0.0025948905     0.0002150772    -0.0032882745
   -0.0037493921     0.0026230401     0.0022132040
   -0.0177594312     0.0045518910    -0.0031603660
    0.0023008406    -0.0128340334    -0.0016749969
   -0.0902638455     0.0466670597     0.0492830334
    0.0506947303     0.0051689916    -0.0018039151
   -0.0059958764     0.0059770221    -0.0017578737
    0.0118961459     0.0139512821     0.0012110881
    0.0081900234    -0.0092122003     0.0008290548
    0.0010394915     0.0006783881    -0.0029818252
    0.0006479485     0.0004355754    -0.0001773182
   -0.0010252110    -0.0044710544     0.0010307608
   -0.0066580967    -0.0064891813    -0.0009729232
   -0.0012463763    -0.0023252636    -0.0028215583
   -0.0005727996     0.0011272979    -0.0003851721
   -0.0025188886     0.0030994054     0.0011532835
    0.0620245792     0.0816659437     0.0587184703
   -0.0063191804     0.0270289464     0.0167894031
   -0.0046172036     0.0448274653    -0.0894875777
   -0.0062738768    -0.0251454803     0.0092485553
   -0.0086870102    -0.0017638780    -0.0026446120
    0.0011715595     0.0078037463     0.0129538246
    0.0131496912    -0.0109930903     0.0068345343
    0.0028457982    -0.0073633250    -0.0119281098
    0.0022276078    -0.0061566023     0.0197968958
    0.0018517465    -0.0060315490     0.0043448974
    0.0029143677    -0.0052134777     0.0042120048
    0.0015509373     0.0025955406    -0.0060790193
   -0.0019933254    -0.0021459787    -0.0011645699
   -0.0093153666     0.0018622806    -0.0006208286
   -0.0011753410     0.0017422856     0.0000848194
   -0.0017546451     0.0059717030    -0.0046089891
    0.0007782978     0.0055155776     0.0017962435
   -0.0029612493    -0.0030931242     0.0056200479
   -0.0020284029     0.0024032761     0.0027510281
   -0.0946559865    -0.0387571356     0.0062830728
    0.0041715173    -0.0175915309    -0.0108250317
   -0.0140078903    -0.0039663061    -0.0008512322
    0.0071577599     0.0033644985     0.0051860443
   -0.0089532313    -0.0051982234    -0.0071973220
   -0.0162343873    -0.0216384618     0.0008071630
    0.0213453660     0.0134510702     0.0230110864
    0.0119403500     0.0122178297     0.0084111866
   -0.0043890717     0.0011604214    -0.0177234617
    0.0072685341     0.0024298959    -0.0022025851
   -0.0041525834    -0.0031730595     0.0019210046
   -0.0150343251    -0.0139749769     0.0124216625
   -0.0106593289    -0.0254331593    -0.0078175163
   -0.0013775170    -0.0012645797    -0.0031828735
   -0.0008485922     0.0014393896     0.0012150620
    0.0067457289     0.0074518906     0.0046931461
   -0.0083346328    -0.0051578895    -0.0076166174
   -0.0031454560    -0.0042419252     0.0011409759
    0.0010622883     0.0008757419     0.0013298076
   -0.0037900260    -0.0012322379    -0.0031752803
    0.0168001912     0.0127569157    -0.0092540727
    0.0235746150     0.0014185901    -0.0010494314
   -0.0059506071     0.0016555173     0.0021345577
   -0.0204300412    -0.0339347590    -0.0220578224
    0.0131028815     0.0212578337     0.0243449814
    0.0029548094    -0.0072625968    -0.0141506731
    0.0010711382     0.0271795576     0.0202836474
    0.0045869262    -0.0111591358     0.0172066816
   -0.0057832836    -0.0026650893    -0.0033418069
   -0.0012903664     0.0020165380     0.0015301098
   -0.0000251549     0.0013691161    -0.0002919469
   -0.0043255847    -0.0213179615    -0.0128295444
   -0.0043777291     0.0111770690    -0.0072448083
    0.0004045476     0.0000399325    -0.0059052565
   -0.0002623355     0.0002219462    -0.0009822690
    0.0058525238     0.0067445006    -0.0080867691
   -0.0050381485    -0.0048167774    -0.0097280399
   -0.0110355983    -0.0082504156    -0.0159022181
    0.0048475624     0.0000208263     0.0035283133
   -0.0053740313    -0.0041940537    -0.0052551755
   -0.0179728045    -0.0049013983    -0.0086316113
    0.0077526014     0.0013987526     0.0068292767
    0.0016502620     0.0041356495     0.0059313867
    0.0058929039     0.0056468289     0.0089774810
    0.0032034732     0.0038387999     0.0059448376
    0.0000959710     0.0020577614     0.0013568641
    0.0101950716    -0.0023396971    -0.0007728401
    0.0062994276     0.0048584651     0.0079945836
   -0.0007832771     0.0006092099    -0.0006426126
   -0.0034759787    -0.0029609350    -0.0028404611
   -0.0008857183     0.0000795266    -0.0008169625
    0.0131939717     0.0177880092     0.0269166313
    0.0047169818    -0.0132879817     0.0110566452
    0.0797223967     0.0214909075     0.0291722166
   -0.0084644263     0.0014446663    -0.0246975426
   -0.0086801057     0.0161182335    -0.0001237893
    0.0026459174    -0.0040155624     0.0056561802
   -0.0093543298    -0.0050571712    -0.0119786252
   -0.0077142155    -0.0050327084    -0.0074314033
    0.0031683694    -0.0027011186    -0.0013338999
    0.0005677747    -0.0010989573    -0.0027247023
   -0.0008897583     0.0004359026    -0.0022105091
    0.0740155468     0.0823855172    -0.0461127507
    0.0171774360     0.0100472081     0.0219980121
   -0.0063130324    -0.0133947449    -0.0134653968
    0.0067699283     0.0102910262     0.0091045888
   -0.0134768882    -0.0113323879    -0.0138396085
    0.0097161536     0.0003776011     0.0047869681
   -0.0098160066     0.0090291182    -0.0054664160
    0.0010610093    -0.0087676387    -0.0222260566
   -0.0047438656    -0.0048665659    -0.0169016781
    0.0106145327     0.0031957777    -0.0026155188
   -0.0017656285     0.0013703155     0.0017830818
    0.0008737505    -0.0002585313    -0.0003112443
   -0.0051909680    -0.0030815228     0.0015949870
    0.0008449091    -0.0063855852     0.0014384861
    0.0038991602    -0.0005045541    -0.0004725374
    0.0034134184    -0.0001173779     0.0063617426
   -0.0039437829    -0.0034187492    -0.0041248530
    0.0053351228    -0.0008521676     0.0079608546
   -0.0785455413    -0.0034460926    -0.0098184118
   -0.0017879233    -0.0059306096    -0.0032437636
    0.0145513583     0.0034649912     0.0004778309
    0.0010895929     0.0023325561     0.0027415203
    0.0003866971    -0.0044401542    -0.0071333248
   -0.0064255222    -0.0029053837     0.0013477615
   -0.0028899782     0.0032068585     0.0005625005
   -0.0029326552    -0.0024513489    -0.0046006158
   -0.0918588076    -0.0999672064     0.0154347606
   -0.0425509965     0.0524106194     0.0318312831
    0.1349255776    -0.0225311274    -0.0066081306
   -0.0402763291     0.0028557519     0.0628972648
   -0.0638815809     0.0822879527     0.0896810652
    0.0298467037    -0.0677415160     0.0092273291
    0.0398925755    -0.0250359955     0.1291764443
   -0.0010889079    -0.0483150338    -0.0566490707
   -0.0111016511     0.0404293005     0.1308691734
    0.0251638423    -0.0657404940    -0.0272784197
   -0.0129748886     0.0594111839     0.1236918801
    0.0735490976     0.0013604443     0.0125489819
    0.0444968916     0.1176854158     0.0551186068
   -0.0299909048     0.0295954330    -0.0621519073
    0.0308999300     0.0373370921     0.1293634977
    0.0460214592    -0.0430422522    -0.0373399549
   -0.0478978945    -0.0854656355    -0.0961071750
    0.0066020437    -0.0256811340     0.0684646141
    0.1089935057     0.0846600288     0.0022409125
   -0.0722670799    -0.0179076343    -0.0073085523
   -0.0894838150    -0.0753684203     0.0724445591
    0.0715070326     0.0143094160     0.0150680050
---------------------------------------------------
Net gradient: -2.085633e-10 -2.353449e-09  2.724610e-09
Net torque:   -6.866844e-04  2.613849e-04 -2.088388e-03

Total processing time: 139.19 sec 

 Job finished: Mon May 20 14:08:26 2019

