Startfile from command line: /home/lum/6i5a/refine6/ase/9/9_capping.sp


       ***********************************************************
       *                    TeraChem v1.93P                      *
       *                 Hg Version: 79b87f121f2d                *
       *                   Production Version                    *
       *                Compiled without textures                *
       *           Chemistry at the Speed of Graphics!           *
       ***********************************************************
       * This program may only be used in connection with        *
       * a valid license from PetaChem, LLC. Use of this program *
       * or results thereof indicates acceptance of all terms    *
       * and conditions stated in the license and that a valid   *
       * license agreement between the user and PetaChem, LLC    *
       * exists. PetaChem, LLC does not warrant the correctness  *
       * of results or their suitability for any purpose.        *
       * Please email bugs, suggestions, and comments to         *
       *                  help@petachem.com                      *
       *                                                         *
       ***********************************************************


       ***********************************************************
       *  Compiled by toddmtz      Wed Aug 16 03:32:31 PDT 2017  *
       *  Supported architectures: sm_20 sm_30 sm_50 sm_60       *
       *  Cuda compilation tools, release 8.0, V8.0.44           *
       ***********************************************************


 Job started   Mon May 27 13:00:48 2019
 On cu37 (available memory: 53308 MB)

######################################### RUNTIME INFO ##########################################
/public/qmsoft/TeraChem/bin/terachem /home/lum/6i5a/refine6/ase/9/9_capping.sp 

NVRM version: NVIDIA UNIX x86_64 Kernel Module  396.26  Mon Apr 30 18:01:39 PDT 2018
GCC version:  gcc version 4.8.5 20150623 (Red Hat 4.8.5-4) (GCC) 

	linux-vdso.so.1 (0x00007ffd6216e000)
	libcurl.so.4 => /lib64/libcurl.so.4 (0x00002b1493525000)
	libintbox.so.1 => /public/qmsoft/TeraChem/lib/libintbox.so.1 (0x00002b149378d000)
	libthcbox.so.1 => /public/qmsoft/TeraChem/lib/libthcbox.so.1 (0x00002b14b339b000)
	libgridbox.so.1 => /public/qmsoft/TeraChem/lib/libgridbox.so.1 (0x00002b14b4f05000)
	libdftbox.so.1 => /public/qmsoft/TeraChem/lib/libdftbox.so.1 (0x00002b14b53f6000)
	libcublas.so.8.0 => /public/qmsoft/TeraChem/lib/libcublas.so.8.0 (0x00002b14b5707000)
	libcufft.so.8.0 => /public/qmsoft/TeraChem/lib/libcufft.so.8.0 (0x00002b14b80b7000)
	libcuda.so.1 => /public/qmsoft/TeraChem/lib/libcuda.so.1 (0x00002b14c0f05000)
	libcudart.so.8.0 => /public/qmsoft/TeraChem/lib/libcudart.so.8.0 (0x00002b14c1e85000)
	libcrypto.so.10 => /lib64/libcrypto.so.10 (0x00002b14c20eb000)
	libssl.so.10 => /lib64/libssl.so.10 (0x00002b14c24d2000)
	libm.so.6 => /lib64/libm.so.6 (0x00002b14c273f000)
	libcilkrts.so.5 => /public/qmsoft/TeraChem/lib/libcilkrts.so.5 (0x00002b14c2a41000)
	libstdc++.so.6 => /lib64/libstdc++.so.6 (0x00002b14c2c82000)
	libgcc_s.so.1 => /lib64/libgcc_s.so.1 (0x00002b14c2f8a000)
	libpthread.so.0 => /lib64/libpthread.so.0 (0x00002b14c31a0000)
	libdl.so.2 => /lib64/libdl.so.2 (0x00002b14c33be000)
	libc.so.6 => /lib64/libc.so.6 (0x00002b14c35c2000)
	/lib64/ld-linux-x86-64.so.2 (0x00002b1493302000)
	libidn.so.11 => /lib64/libidn.so.11 (0x00002b14c396f000)
	libssh2.so.1 => /lib64/libssh2.so.1 (0x00002b14c3ba2000)
	libssl3.so => /lib64/libssl3.so (0x00002b14c3dcc000)
	libsmime3.so => /lib64/libsmime3.so (0x00002b14c400e000)
	libnss3.so => /lib64/libnss3.so (0x00002b14c4235000)
	libnssutil3.so => /lib64/libnssutil3.so (0x00002b14c455b000)
	libplds4.so => /lib64/libplds4.so (0x00002b14c4787000)
	libplc4.so => /lib64/libplc4.so (0x00002b14c498b000)
	libnspr4.so => /lib64/libnspr4.so (0x00002b14c4b90000)
	libgssapi_krb5.so.2 => /lib64/libgssapi_krb5.so.2 (0x00002b14c4dce000)
	libkrb5.so.3 => /lib64/libkrb5.so.3 (0x00002b14c501a000)
	libk5crypto.so.3 => /lib64/libk5crypto.so.3 (0x00002b14c52ff000)
	libcom_err.so.2 => /lib64/libcom_err.so.2 (0x00002b14c5531000)
	liblber-2.4.so.2 => /lib64/liblber-2.4.so.2 (0x00002b14c5735000)
	libldap-2.4.so.2 => /lib64/libldap-2.4.so.2 (0x00002b14c5944000)
	libz.so.1 => /lib64/libz.so.1 (0x00002b14c5b97000)
	librt.so.1 => /lib64/librt.so.1 (0x00002b14c5dad000)
	libnvidia-fatbinaryloader.so.396.26 => /lib64/libnvidia-fatbinaryloader.so.396.26 (0x00002b14c5fb5000)
	libkrb5support.so.0 => /lib64/libkrb5support.so.0 (0x00002b14c6201000)
	libkeyutils.so.1 => /lib64/libkeyutils.so.1 (0x00002b14c6410000)
	libresolv.so.2 => /lib64/libresolv.so.2 (0x00002b14c6614000)
	libsasl2.so.3 => /lib64/libsasl2.so.3 (0x00002b14c682b000)
	libselinux.so.1 => /lib64/libselinux.so.1 (0x00002b14c6a48000)
	libcrypt.so.1 => /lib64/libcrypt.so.1 (0x00002b14c6c6d000)
	libpcre.so.1 => /lib64/libpcre.so.1 (0x00002b14c6ea4000)
	liblzma.so.5 => /lib64/liblzma.so.5 (0x00002b14c7105000)
#################################################################################################

       ********************** License Check **********************
       * Use license from: /public/qmsoft/TeraChem/license.dat
       * Available Host id: AC1F6B20F5BC
       * Available Host id: AC1F6B20F5BD
       * Available Host id: 525400A418C3
       * Available Host id: 525400A418C3
       * License Host id: AC1F6B20F5BC
       * License expires: 2019-10-21
       ********************** License OK *************************
  _________________________________
 |         DFTD3 V3.0 Rev 2        |
 | S.Grimme, University Bonn       |
 |           Aug  2013             |
  _________________________________
 
 Please cite DFT-D3 work done with this code as:
 S. Grimme, J. Antony, S. Ehrlich and H. Krieg,
 J. Chem. Phys. 132 (2010), 154104
 If used with BJ-damping cite also
 S. Grimme, S. Ehrlich and L. Goerigk,
 J. Comput. Chem. 32 (2011), 1456-1465
 For DFT-D2 the reference is
 S. Grimme, J. Comput. Chem., 27 (2006), 1787-1799
 
Scratch directory: /tmp/lum/6i5a/refine6/ase/9/scr
Random number seed: 2128038358

XYZ coordinates /home/lum/6i5a/refine6/ase/9/9_capping.xyz
Molden File Output: /tmp/lum/6i5a/refine6/ase/9/scr/9_capping.molden
Using basis set: 6-31g
Spin multiplicity: 1
DIIS will use up to 10 vectors.
WF convergence threshold: 3.00e-05
Using DIIS algorithm to converge WF
Maximum number of SCF iterations: 300
Incremental fock with rebuild every 8 iterations
Will switch to conventional Fock if diffuse functions are detected
X-matrix tolerance: 1.00e-04
PRECISION: DYNAMIC
DFT Functional requested: hf
Method: Hartree-Fock  with dispersion correction
Wavefunction: RESTRICTED
Initial guess generated by maximum overlap

********************************************
**** SINGLE POINT GRADIENT CALCULATIONS ****
********************************************
SCF:   Initial guess is taken from previous step
COSMO model for polarizable continuum model enabled

using 4 out of 4 CUDA devices
   Device 0:  GeForce GTX 1080 Ti, 11178MB, CC 6.1 -- CPU THREAD 0
   Device 1:  GeForce GTX 1080 Ti, 11178MB, CC 6.1 -- CPU THREAD 1
   Device 2:  GeForce GTX 1080 Ti, 11178MB, CC 6.1 -- CPU THREAD 2
   Device 3:  GeForce GTX 1080 Ti, 11178MB, CC 6.1 -- CPU THREAD 3
-------------------------------------------------------------------
Compiled with MAGMA support.  MAGMA parameters:
    Matrices larger than 5000 square will be treated with MAGMA
       (Change by setting the MagmaMinN environment variable)
    Magma will use 1 out of 4 GPUs
       (Change by setting the MagmaNGPUs environment variable)
-------------------------------------------------------------------
 CPU Memory Available: 8018.12 MegaWords 
 GPU Memory Available: 1141.31 MegaWords 
 Maximum recommended basis set size: 12200 basis functions
 (limited by GPU memory)
-------------------------------------------------------------------
Not using d-functions. Configuring GPUs accordingly.
0: CUBLAS initialized, available GPU memory: 8348MB
1: CUBLAS initialized, available GPU memory: 8352MB
2: CUBLAS initialized, available GPU memory: 8354MB
3: CUBLAS initialized, available GPU memory: 8352MB


Basis set:       6-31g
Total atoms:     497
Total charge:    2
Total electrons: 1820 (910-alpha, 910-beta)
Number electrons modeled by ECPs: 0
Total orbitals:  2660
Total AO shells: 1708 (1232 S-shells; 476 P-shells; 0 D-shells; 0 F-shells; 0 G-shells)
Spin multiplicity: 1
Nuclear repulsion energy (QM atoms): 96816.036642808423 a.u.

 --------------------------------------------------
 !! SOME DISTANCES VERY SHORT. CHECK COORDINATES !!
 --------------------------------------------------
    Atom1     Atom2       Rij      Threshold
 ---------- ---------- ---------- ----------
        2        11     1.39645    1.61761
        9        17     0.85487    1.55713
       19        30     1.50248    1.61761
       20        38     1.96733    2.20720
       23        25     2.16267    2.26767
       24        33     1.59129    1.61761
       26        35     1.29337    1.61761
       27        36     1.24799    1.61761
       40        55     1.76294    2.20720
       42        49     1.48898    1.61761
       44        46     2.18155    2.20720
       46        54     1.49920    1.55713
       57        58     1.62034    2.08626
       60        65     1.13245    1.43619
       61        67     1.01239    1.61761
       70        79     1.53336    1.61761
       86        97     1.01539    1.55713
       88        89     1.36470    2.08626
       91       101     1.21103    1.61761
       92        93     2.02016    2.20720
       94        96     1.45279    2.20720
       96       108     1.50695    1.55713
      110       111     2.07716    2.20720
      117       127     1.20169    1.61761
      141       142     1.84119    2.08626
      145       154     1.53121    1.61761
      160       161     1.69888    2.08626
      162       165     1.39169    1.61761
      172       182     1.49390    1.61761
      175       177     1.06796    2.26767
      216       227     1.18577    1.55713
      217       228     1.22188    1.61761
      218       219     2.03463    2.08626
      223       224     1.95979    2.20720
      225       236     0.91720    1.55713
      225       237     1.42717    1.55713
      226       238     1.21915    1.55713
      242       243     2.06007    2.08626
      242       264     1.92188    2.20720
      250       262     1.11006    1.55713
      266       280     2.01651    2.20720
      269       275     1.57003    1.61761
      284       291     1.44943    1.61761
      285       287     1.40703    2.08626
      292       300     0.76803    1.55713
      296       302     1.41200    1.61761
      318       323     1.60324    1.61761
      320       325     1.39793    1.61761
      328       335     1.11645    1.55713
      330       331     2.01890    2.08626
      330       344     2.09932    2.20720
      332       334     2.16575    2.26767
      334       343     1.50397    1.61761
      346       347     1.98765    2.08626
      354       362     1.35483    1.55713
      355       356     1.99801    2.26767
      359       365     1.35621    1.61761
      360       369     1.51126    1.61761
      361       370     1.50053    1.61761
      373       384     1.47536    1.55713
      382       394     1.26222    1.55713
      383       395     1.13953    1.55713
      402       407     0.93237    1.43619
      419       427     1.59848    1.61761
      422       423     2.02148    2.26767
      423       429     1.60529    1.61761
      425       436     1.45958    1.61761
      437       445     1.40396    1.55713
      439       440     1.62085    2.08626
      441       448     1.24385    1.61761
      442       443     1.26683    2.08626
      444       449     0.57710    1.55713
      455       461     1.14430    1.61761
      458       464     0.99708    1.55713
      466       474     1.37613    1.61761
      469       476     1.59396    1.61761
 --------------------------------------------------
DFTD Energy:    -4.3416018 hartree
=COSMO= Number of H atoms in QM atoms:259
=COSMO= Number of Heavy atoms in QM atoms:238
reached first line of InitCosmoSwigNoMatrix
q is allocated
B is allocated
Bz is allocated
z is allocated
c is allocated
=COSMO= No Matrix Cosmo Initialization finished.
=COSMO= ++++++++++++++++++++++++++++++ COSMO parameters ++++++++++++++++++++++++++++++
=COSMO= I. Cavity Information:
=COSMO= SAS(Solvent accesible surface) initialization finished
=COSMO= Time for initializing Molecular Surface:0.74026501 (sec)
=COSMO= Time for initializing cosmo calculation:0.28125601 (sec)
=COSMO= Cavity effective radius(Angstrom) (r_solv+r_vdw-dsc) was written into /tmp/lum/6i5a/refine6/ase/9/scr/ratom.txt
=COSMO= Solvent Dielectric Constant:78.390000
=COSMO= Cosmo Solvent radius:0.000000
=COSMO= Cosmo charge scaling method:0
=COSMO= Cavity built with Lebedev Grid
=COSMO= Grid points/QM Hydrogen: 110
=COSMO= Grid points/QM Heavy atom: 110
=COSMO= Herbert Switching-Gaussian method turned on
=COSMO= After removing points inside of SAS:
=COSMO= Total number of segments on molecular surface:25148
=COSMO= Number of segments belonging to QM atoms:25148
=COSMO= Total surface area of cavity: 3138.0930(Angstrom^2)
=COSMO= Total volume of cavity: 1799.4956 (Angstrom^3)
=COSMO= II. COSMO integral options:
=COSMO= Building COMSO c vector with original algorithm
=COSMO= COSMO one-electron integral threshold: 1e-12 
=COSMO= III. Linear solver options:
=COSMO= Initialize COSMO for A matrix in no matrix storage form
=COSMO= CG precondtioner:Jacobi
=COSMO= Tight CG convergence threshold:1e-06
=COSMO= CG dynamic threshold: on
=COSMO= Adjust CG convergence threshold dynamically
=COSMO= IV. PCM field read/write options:
=COSMO= PCM field is not written to files
=COSMO= No PCM field file is read in
=COSMO= ++++++++++++++++++++++++++++++++++++++++++++++++++++++++++++++++++++++++++++++++

************************************* WARNING *************************************
 1 out of 2660 eigenvalues of the overlap matrix are smaller than xtol = 1.0e-04
 and will be flushed to zero. In many cases this is caused by bad geometry of the
 molecule or the use of diffuse basis functions. If the SCF procedure does not
 converge, increase the threshold by setting 'xtol' to 1.0e-03 or 1.0e-02 and/or
 decrease the coulomb and exchange integral screening thresholds 'threall' 
 up to 1.0e-13 or 1.0e-14. In addition, you can try to loosen the the WF 
 convergence threshold, perform several geometry optimization steps, and run the 
 calculations again with the new geometry. You can also try to switch to double
 precision instead of mixed (default) or single precision.
***********************************************************************************


                      *** Start SCF Iterations ***

 Iter     DIIS Error       Energy change         Energy              E_PCM      Time(s)
---------------------------------------------------------------------------------------
         >>> Purifying P... IDMP = 3.94e-10 <<<
         >>> Purifying P... IDMP = 4.55e-15 <<<
THRESPDP set to 1.00e+00
   1     0.3655862202  -11436.5881485104  -11436.5881485104     -4.0431103802   18.37  
   2     0.7360750769     -16.8952693818  -11453.4834178922    -16.1178411867   20.25  
   3     0.4316165232     -28.0207552229  -11481.5041731151    -20.2955060410   20.15  
   4     0.3007642265     -34.9331719752  -11516.4373450903     -3.4636721348   19.16  
   5     0.2364214988      +5.9586261308  -11510.4787189595    -10.3857532571   20.51  
   6     0.1920962890     -12.1600724715  -11522.6387914310     -1.8432139435   20.28  
   7     0.0684008216      -2.0623860903  -11524.7011775213     -1.3557580562   17.85  
   8     0.0239871567      -0.2105312192  -11524.9117087405     -1.2511469028   17.46  
THRESPDP set to 5.43e-05
   9     0.0186013521      -0.0539028533  -11524.9656115938     -1.2426200388   21.48  
  10     0.0063528245      -0.0211366911  -11524.9867482849     -1.2212881160   16.61  
  11     0.0064415197      -0.0071632925  -11524.9939115774     -1.2084940010   16.21  
  12     0.0030840965      -0.0025473593  -11524.9964589367     -1.1998118501   15.83  
  13     0.0033264250      -0.0011189616  -11524.9975778983     -1.1933546047   15.83  
  14     0.0021854298      -0.0006559497  -11524.9982338481     -1.1880405062   15.40  
  15     0.0013261275      -0.0002643633  -11524.9984982113     -1.1855688630   15.07  
  16     0.0011441323      -0.0001151350  -11524.9986133463     -1.1839375671   14.88  
  17     0.0010681132      -0.0000866084  -11524.9986999547     -1.1831483811   20.55  
  18     0.0009963731      -0.0000516973  -11524.9987516520     -1.1824657099   14.43  
  19     0.0009181677      -0.0000259050  -11524.9987775570     -1.1823335785   13.42  
  20     0.0008009180      -0.0000274459  -11524.9988050029     -1.1823507181   14.18  
  21     0.0006631520      -0.0000213499  -11524.9988263528     -1.1825244238   13.78  
  22     0.0004550486      -0.0000233438  -11524.9988496966     -1.1827160905   13.79  
  23     0.0002976811      -0.0000133364  -11524.9988630330     -1.1829033342   13.89  
  24     0.0001435480      -0.0000073499  -11524.9988703830     -1.1831595508   13.73  
  25     0.0000604344      -0.0000024582  -11524.9988728411     -1.1833135892   19.98  
  26     0.0000300208      +0.0000005267  -11524.9988723145     -1.1833753641   13.05  
  27     0.0000236457      +0.0000010422  -11524.9988712723     -1.1834159491   10.34  
 --------------------------------------------------
 !! SOME DISTANCES VERY SHORT. CHECK COORDINATES !!
 --------------------------------------------------
    Atom1     Atom2       Rij      Threshold
 ---------- ---------- ---------- ----------
        2        11     1.39645    1.61761
        9        17     0.85487    1.55713
       19        30     1.50248    1.61761
       20        38     1.96733    2.20720
       23        25     2.16267    2.26767
       24        33     1.59129    1.61761
       26        35     1.29337    1.61761
       27        36     1.24799    1.61761
       40        55     1.76294    2.20720
       42        49     1.48898    1.61761
       44        46     2.18155    2.20720
       46        54     1.49920    1.55713
       57        58     1.62034    2.08626
       60        65     1.13245    1.43619
       61        67     1.01239    1.61761
       70        79     1.53336    1.61761
       86        97     1.01539    1.55713
       88        89     1.36470    2.08626
       91       101     1.21103    1.61761
       92        93     2.02016    2.20720
       94        96     1.45279    2.20720
       96       108     1.50695    1.55713
      110       111     2.07716    2.20720
      117       127     1.20169    1.61761
      141       142     1.84119    2.08626
      145       154     1.53121    1.61761
      160       161     1.69888    2.08626
      162       165     1.39169    1.61761
      172       182     1.49390    1.61761
      175       177     1.06796    2.26767
      216       227     1.18577    1.55713
      217       228     1.22188    1.61761
      218       219     2.03463    2.08626
      223       224     1.95979    2.20720
      225       236     0.91720    1.55713
      225       237     1.42717    1.55713
      226       238     1.21915    1.55713
      242       243     2.06007    2.08626
      242       264     1.92188    2.20720
      250       262     1.11006    1.55713
      266       280     2.01651    2.20720
      269       275     1.57003    1.61761
      284       291     1.44943    1.61761
      285       287     1.40703    2.08626
      292       300     0.76803    1.55713
      296       302     1.41200    1.61761
      318       323     1.60324    1.61761
      320       325     1.39793    1.61761
      328       335     1.11645    1.55713
      330       331     2.01890    2.08626
      330       344     2.09932    2.20720
      332       334     2.16575    2.26767
      334       343     1.50397    1.61761
      346       347     1.98765    2.08626
      354       362     1.35483    1.55713
      355       356     1.99801    2.26767
      359       365     1.35621    1.61761
      360       369     1.51126    1.61761
      361       370     1.50053    1.61761
      373       384     1.47536    1.55713
      382       394     1.26222    1.55713
      383       395     1.13953    1.55713
      402       407     0.93237    1.43619
      419       427     1.59848    1.61761
      422       423     2.02148    2.26767
      423       429     1.60529    1.61761
      425       436     1.45958    1.61761
      437       445     1.40396    1.55713
      439       440     1.62085    2.08626
      441       448     1.24385    1.61761
      442       443     1.26683    2.08626
      444       449     0.57710    1.55713
      455       461     1.14430    1.61761
      458       464     0.99708    1.55713
      466       474     1.37613    1.61761
      469       476     1.59396    1.61761
 --------------------------------------------------
---------------------------------------------------------------------------------------
FINAL ENERGY: -11524.9988712723 a.u.
DISPERSION CONTRIBUTION TO ENERGY: -4.3416018426 a.u.
C-PCM contribution to final energy:-1.1834159491 a.u. ( already included in final energy )
Computing C-PCM contribution to gradient...
CENTER OF MASS: {33.799317, 43.873747, 25.151574} ANGS
DIPOLE MOMENT: {8.630991, 141.220053, -89.346966} (|D| = 167.333433) DEBYE
Cannot open /tmp/lum/6i5a/refine6/ase/9/scr
Writing out molden info

Gradient units are Hartree/Bohr
---------------------------------------------------
        dE/dX            dE/dY            dE/dZ
    0.1125750314    -0.0867988518    -0.0034763008
    0.3499267144    -0.0054517928     0.7439817643
    0.0256826684    -0.0764014061     0.1713108238
   -0.0805030392     0.0386017728    -0.1081896297
    0.3087316447     0.0137945201     0.0020246050
    0.0454505467     0.2447139035    -0.1199881516
   -0.2148567800    -0.3356566200    -0.3168536374
    0.0068885170     0.1372907411     0.0350728563
    0.4721185972     4.4479689937     1.9306629473
    0.0156253316    -0.0308251985     0.0181443956
   -0.4308658138     0.1199207935    -0.5937229613
   -0.0301684531    -0.0062490614    -0.0424439875
    0.0084556525    -0.0542953482     0.0187836164
    0.0142695456    -0.0718840182     0.0248632735
   -0.1700665291     0.0269961354     0.2711918986
   -0.0294083060    -0.0751252982    -0.0525614842
   -0.3699536288    -4.3601838095    -1.8074950989
    0.0447313544     0.1147422353    -0.2119530756
   -0.3530846195    -0.2253683308    -0.4191198563
    0.5167272548     0.4642161108    -0.0705608398
   -0.0400081131     0.0013184171     0.0216457172
   -0.0278497933    -0.2493922159    -0.0916243921
    0.2323919969    -0.1844515681     0.2361848950
   -0.1734668524     0.4475125887    -0.1594362847
   -0.3103732343     0.3395947714    -0.2822835728
   -0.8068574075    -0.5514248449    -0.8083869462
    0.8293554884    -0.6345188042     0.7500294625
    0.1127571860    -0.0430444873     0.1045687930
    0.0507339753    -0.0485536916     0.0811913023
    0.2403927512     0.1886857792     0.4068812815
    0.0367411104     0.0322680169     0.0619798718
   -0.0235995595     0.0439446365     0.0185402001
    0.2287297895    -0.1843757908     0.2021192001
    0.0430327115    -0.0170609251     0.0300283489
    0.6893655307     0.3852433886     0.7087835535
   -0.8281810658     0.4605307553    -0.7688818201
    0.0074219171     0.1196952833     0.0105632678
   -0.3823645932    -0.3710835039     0.0734034391
    0.0808338043     0.0328649420    -0.3565843359
    0.0892586055    -0.7048808328    -0.9225917471
    0.2226539386    -0.4032599128    -0.0239137785
    0.2085812548    -0.4015680600    -0.3171300849
   -0.0134658765     0.2226722442     0.0749277194
    0.2193176862     0.0887972872    -0.2181500269
   -0.0623988321    -0.0209816127     0.0598178372
   -0.2266610817     0.2064158918     0.2931971408
    0.0270192594    -0.0564931048     0.0049865079
   -0.0488272897     0.0123479372     0.0728523544
   -0.3631706852     0.1701535899     0.3522706089
   -0.0038476561     0.0696692548    -0.0008290672
   -0.0020022836    -0.0635577579    -0.0055498825
   -0.0495044142     0.0044809609     0.0301348221
    0.0441453071    -0.0283065292    -0.0491412188
    0.1115170984    -0.3495990896    -0.1782689324
   -0.2852964184     1.2592115841     1.2317552261
    0.2677457142    -0.3063316304    -0.2785766352
   -0.4729641928    -1.5864578721     1.0444120298
    0.3181785845     1.7309130238    -1.2494328388
   -0.2929811806     0.2330506249     0.0234232153
    0.8445052790    -0.5516076349     1.3671245278
   -0.5368931332     2.7784751361    -0.3055978120
    0.0286347285    -0.0504757826     0.0107870986
   -0.0057265872     0.0341968076     0.0321351834
    0.0287289218    -0.0094735157     0.1306223635
   -0.7965223458     0.4867076324    -1.3076267124
    0.0159638646    -0.0902990985    -0.0307099057
    0.5328649542    -2.5923858900     0.2860992880
    0.0103114765    -0.0630303181     0.0540979389
   -0.1534705254    -0.3743857158     0.1777648347
   -0.0851329983     0.0591879398     0.4942358449
    0.2841067052     0.0975959423    -0.1573150917
   -0.1334454835    -0.0655724791     0.0812706858
   -0.0610428386    -0.0707275409    -0.0295549024
   -0.0644332583    -0.0670407325     0.1154103742
    0.0135630353     0.2751246522     0.0285358524
    0.0384223907    -0.1993960041    -0.0729750731
    0.0255323776     0.0220946588    -0.0803376459
    0.0348124092     0.0970460159    -0.0508121702
    0.2640545252    -0.0001328721    -0.3579208295
    0.0002766429     0.0759081759     0.0296484481
    0.0354279351     0.0197962537    -0.0528719662
   -0.0042951820     0.0235897552    -0.0250804006
    0.0212479276     0.0022826154    -0.0252647721
    0.0086877173    -0.0714445243    -0.0199859383
   -0.0396550199     0.0107981953     0.0856198298
    1.0669876020     2.2279560305    -1.0488562009
    0.0270577025    -0.1972548323     0.1346259525
   -2.2308384991    -4.0733890146     2.0573537528
    2.2204737829     4.2204084070    -2.1860370139
    0.0116740478     0.2704268941    -0.2208778225
    0.6439695651    -0.8923841484     1.1151402401
   -0.1427617998     0.5527924705    -0.4707769601
    0.3237554751    -0.4669447427     0.3521355350
   -2.8758539430     1.6792318810    -1.8133478368
   -0.1678433326    -0.0933261413     0.0423631625
    2.5780551947    -1.5676818448     1.6677538844
   -0.9346437665    -2.2112597320     1.0780514502
   -0.0504134950     0.0278752878    -0.0829119978
    0.0201574512    -0.0897659483     0.1597895216
   -0.0087313290    -0.0237214529     0.0188189278
   -0.6505901125     0.7303092300    -0.9716088950
    0.0182941199     0.0421919161    -0.0535094049
   -0.0202213237    -0.0256371095     0.0416696451
   -0.0005725294     0.0178997822    -0.0215372391
   -0.0787561485     0.0127652591    -0.0198050753
   -0.0110257590     0.0246036117    -0.0173399339
    0.0415963170     0.0242767938    -0.0113076703
    0.3354577621    -0.0947721704     0.1449287485
   -0.0248914337    -0.0234081041     0.0118073729
    0.6112415721     0.1526930680    -0.1588277453
   -0.6299561824    -0.0807773983     0.2781586881
    0.0407065264     0.1875529725    -0.1656603302
   -0.1616067050    -0.2091636733     0.1180462431
    0.2313086174     0.0487204803    -0.1460441970
    0.1539350085     0.0824490424     0.0674383842
   -0.0614335624     0.0669254149     0.2322884199
    1.3460156017     0.2000978027    -0.6516187699
   -0.0027012162    -0.0874933897     0.0244186343
   -0.0421589637     0.0456258844     0.0118061985
   -0.0206635131     0.0138666518    -0.0084839913
   -0.1736932197    -0.0499577268     0.1300493861
   -0.0541890465    -0.0339040749     0.0200950283
   -0.0438747390     0.0080564775    -0.1687175893
   -0.0099067217    -0.0572456716    -0.0285406842
    0.0498570484     0.0116169281    -0.0479834568
   -0.0034215528    -0.0130020613     0.0729426338
   -1.3190208144    -0.3097709314     0.4694797228
   -0.0612441318     0.0475898773     0.0367343981
    0.0383019888     0.1629901071    -0.0131022178
   -0.2591332916     0.0972927200    -0.0581524108
    0.1992702940     0.0561529662    -0.1989959383
   -0.0690439446    -0.0664336236     0.0874874447
   -0.0202059393    -0.0791081789     0.0167054846
   -0.0491137876    -0.0477531030     0.0042134929
    0.0873867187    -0.1250157451     0.0111411409
    0.0192143874     0.0303743208    -0.0077502983
   -0.0077604735     0.0019364646     0.0079170694
    0.0078742868     0.0009303466     0.0062069442
   -0.1115523489    -0.3018002895     0.2303718662
   -0.0096003577     0.1100409121     0.0247021614
    0.3696550889     0.5432206690    -0.5897580892
   -0.4593215085    -0.5932794465     0.5943298603
   -0.0277306910    -0.1879039153    -0.1866079676
   -0.1832803518     0.0287826204     0.2138682347
    0.3400150622    -0.0499285460     0.3454653125
   -0.1032574637     0.0065599745    -0.1127168781
    0.0428684295     0.2130346208    -0.1440891570
   -0.0073467587     0.0032637953    -0.0195587739
    0.0255719602     0.0113627518     0.0338027121
    0.1038656406     0.0785152100     0.0012305376
    0.0088694521    -0.0355119608    -0.0133865822
   -0.0589844296     0.0186478568     0.0780015981
   -0.0523166227     0.0621893748    -0.0099191654
   -0.1457235444    -0.0342783299    -0.4297019338
   -0.0111405347    -0.0091812346     0.0471650361
    0.0339738465    -0.0106917636     0.0367121293
    0.0644620604     0.0642141183    -0.0029156042
   -0.1462596282     0.2029037861     0.0052557558
   -0.0519993524    -0.2260468323    -0.0805637935
    0.9168044699     1.1627947665    -0.4527548641
   -0.9622192659    -1.1579890985     0.4759630666
    0.7329472852     0.5209045890     0.0202996726
    0.0492781842    -0.0870869641     0.0464262365
    0.0014308762     0.0523517264     0.0047927529
   -0.6418985272    -0.3938605081     0.0485403570
   -0.0209282162    -0.0198732925    -0.0031991928
   -0.0144370184    -0.0521223963    -0.0384789487
    0.1109003245     0.1857174760     0.0831941286
   -0.1428182143     0.0417319524    -0.2036935861
   -0.1057657467    -0.0445794844     0.2489695069
    0.0846808808     0.0094428314    -0.1364255808
    0.1095601170     0.1697123377    -0.5067765625
    0.2711607943     0.0643325321    -0.0378761311
   -0.1031321495    -0.2905675548     0.1433564878
    6.5502998275    -8.0925537147     3.4337130831
   -0.2274759450     0.3209115308    -0.1002880444
   -6.2641044867     7.9893161988    -3.4612379371
   -0.3389290527     0.0355527936     0.0388222214
   -0.0536663772    -0.0874938048     0.0038933080
    0.0598911134    -0.0094516826     0.0420180316
   -0.0421601139     0.0152696830     0.0167671567
   -0.0316836781    -0.1521154160     0.5011220162
    0.0270026691    -0.0058237902     0.0103396786
    0.0186779791    -0.0024077372     0.0043641439
    0.0528838022    -0.0285081421    -0.0022987369
   -0.0372555050    -0.0273115208     0.0172249781
    0.0605875989     0.0089857933    -0.0215659000
    0.0494742508     0.2276635677     0.0703240909
   -0.0527152849    -0.1872393332     0.0284221307
   -0.1699520896     0.0967792714     0.0319276830
    0.1179950175    -0.0802910400    -0.0707078106
    0.1920977702    -0.2069316486    -0.0596436405
    0.1024268193     0.0331900467     0.1025519566
    0.1262458125    -0.0584503918     0.1364468682
   -0.0215375954    -0.0394955765     0.0281361300
   -0.0463822322     0.0135800251    -0.0072128693
   -0.1822155535     0.1644055855     0.0552669455
   -0.0995823273    -0.0066762395    -0.1173635618
   -0.0746742664    -0.0265842864    -0.0816358702
   -0.0019115731     0.0219600075    -0.0430395277
   -0.0529674184     0.0504968287     0.0011144911
    0.0375960372    -0.2312341790    -0.0754990144
   -0.0608376342     0.0495751651     0.1832340777
    0.0934273515     0.1797072959    -0.3316836124
    0.0073662177    -0.0776104149     0.0110667303
    0.1494495241    -0.0071025929    -0.2401698855
   -0.0829734773    -0.1926764114     0.2760455410
   -0.1084646814     0.1923362131    -0.0387929494
    0.0209752529     0.1079206232     0.0001567905
   -0.0182147632    -0.0119973585    -0.0480033380
   -0.0195479027     0.0026006888     0.0389688525
    0.0275239072     0.0826433693     0.0212708451
   -0.0381078934    -0.0239199166    -0.0029269584
    0.0092040051    -0.0344576809     0.0248991524
    0.0145646956    -0.0691342351    -0.0359762966
   -0.2805661961     1.4695354544    -0.4603170480
    1.2792851817    -0.5472327765     0.6021817711
    0.0463797997    -0.2836060926     0.2588675063
   -0.0599480235     0.2972935298    -0.1621900422
    0.0069038478    -0.1113597062     0.1734841798
    0.0175706741    -0.2110169194    -0.0110725362
   -0.0840324460     0.0231101145    -0.3189533523
    0.6620023490    -0.2442282803     0.1507717201
   -0.7070493721     0.1132885664    -0.1377067044
   -3.1683941970     0.3834530065    -0.5236521539
   -0.2630653033     1.2336905169    -0.2160493792
    0.1693692992    -1.3246094705     0.5146178880
   -1.1114925321     0.4613354552    -0.5873003117
    0.0193444284     0.0324706663    -0.0317544625
   -0.0602414399     0.0448348966    -0.0383629316
   -0.0114713183     0.0480501871     0.0167101959
    0.1019057693     0.0824323043     0.0174475637
   -0.0103189722    -0.0175662579     0.0750274605
   -0.0533932771     0.1499597455     0.0797740662
   -0.0071320867     0.0833354575    -0.0044781331
    3.6897375544    -0.3026512550     0.5910108294
   -0.5180081919    -0.1338056864    -0.0582658408
    0.4022468716    -1.1672215733     0.2414141992
   -0.0564479456     0.0038878263    -0.0110313490
   -0.2628980748    -0.3806082325    -0.0780430164
    0.2575034454     0.1721863756    -0.1092930164
    0.5074496599    -0.1661820144    -0.3836736056
    0.1307596125     0.4273531575    -0.2214786268
   -0.0452940011    -0.1318805125     0.1100684409
   -0.1568589954    -0.1655734952     0.0832814497
   -0.1817997849    -0.1693332063    -0.0189100634
    0.2442365808     0.0501957292    -0.2668422382
    0.0851790739     0.1242054299     0.1362415427
    0.0518175298     0.1251147748     0.1330600043
   -1.5599863522    -0.7289173379     1.0657382678
    0.0142397264     0.1131189017    -0.0312290743
   -0.0302729615     0.0160937281     0.0449202830
    0.0326727458     0.0245057312    -0.0489396511
    0.0439489692     0.1211347775     0.0608411424
    0.0899935536     0.0516468902    -0.1741520580
    0.0549667544     0.0650905343     0.0266388139
    0.0155823604     0.0308636505     0.0146902130
    0.0287181771     0.0356165752    -0.0548020382
   -0.0674058039    -0.0269281651     0.0790536911
   -0.0776116724    -0.0800829080    -0.0266279525
   -0.0050744240    -0.0154000996    -0.0219573956
    1.4461072821     0.6966645192    -0.9638022009
    0.0249030144    -0.0158863867    -0.0667305555
   -0.7727772839    -0.2805683399     0.7585408078
    0.1297756489    -0.0262470276    -0.0554454068
    0.2098977499     0.2598303144     0.2367963640
    0.0309874913    -0.0207306331     0.0172520715
    0.0947831405     0.1264896988     0.0718830614
    0.2242753406    -0.2378186121     0.2420009344
   -0.1380061997    -0.2221255583    -0.1014669248
    0.0516064621     0.0729087313    -0.0715300016
   -0.0671258160    -0.0381313870    -0.0213742354
   -0.0541628074    -0.0630100045    -0.0112071833
    0.0230290975     0.0354580210    -0.0598787086
   -0.3298325501     0.0476972071    -0.2028288365
    0.0729612580     0.1007747778     0.0370819713
    0.0143196255     0.0163542769     0.0016177266
    0.1052339298     0.1385340875     0.0376054126
   -0.0253869061     0.0558024989     0.0282603239
   -0.1726626471    -0.2733086244    -0.1347089446
   -0.0682727401    -0.0610517228    -0.0547066188
    0.1082526371     0.2256677912    -0.1871047653
    0.0574162765    -0.1557156830     0.0377654510
    0.2955216976    -0.2456145893     0.5123132167
    0.6657677206     4.3044827328     0.9741194722
    0.0092814084    -0.0061734516    -0.0387836947
   -0.6753055779    -4.2838899408    -0.9077367235
   -0.0178609277    -0.0432658292    -0.0111081890
   -0.0832024415     0.0497390816     0.0177331835
    0.0109667148     0.0004131933    -0.0166273601
   -0.2832177024     0.2399329282    -0.4884537597
   -0.0390742928     6.3754663353    -1.8269066776
    0.0930531980    -0.1261839430     0.2237844165
    0.0721655948     0.2608085617     0.0379782991
   -0.0173091303    -0.0917880143     0.0316302274
   -0.4120531701     0.1904818224    -0.6596550046
   -0.1270287049    -0.0371076573     0.0391946861
    0.1320599631     0.0003133206     0.0164934844
   -0.0049450241    -0.0069270480    -0.0303798043
   -0.1267253315    -6.2637169983     1.8142103520
   -0.0744765019     0.0078471009    -0.0908480062
    0.4623398064    -0.0798761413     0.5233711125
   -0.0243758123    -0.0394615655     0.0305230182
   -0.1115141806    -0.3634497331    -0.1151810667
    0.1527222041     0.0296918374     0.0918089191
    0.0432270471    -0.0856375255    -0.0196690541
    0.0050898220     0.1673712268    -0.0215732355
   -0.0486859209    -0.1868271683    -0.0421178335
    0.0041724884     0.0947528366    -0.0152287280
   -0.0151793875     0.0294215592    -0.0102065834
    0.0474079833     0.1050436467     0.0497034062
   -0.0433927244     0.0615931953    -0.0127847501
    0.0186072851     0.0245480141    -0.0246380172
   -0.1149974142     0.2884650420    -0.0137090663
   -0.0911681529    -0.1989307772    -0.2740389146
    0.0724221313    -0.0067073977     0.0842864218
   -0.0054909535    -0.1412937974    -0.0350607084
    0.1247661273     0.2584124456     0.2807882981
   -0.0538984136    -0.0663288238    -0.0359387775
    0.5293315665     0.4032665353    -0.4203211152
   -0.0363808587    -0.2600890798     0.0829190877
    0.0405543729     0.1728025115     0.1357537827
    0.0149773405    -0.2875645958    -0.1859157050
    0.0226776996     0.0475338815     0.0106282438
   -0.5669460118    -0.2255830531     0.4179200527
   -0.0057702893    -0.0395494101     0.0209421449
   -0.0095125760    -0.0698002749    -0.0306059889
   -0.2735037516     2.0363667900    -0.2386938389
    0.2356341471    -0.2695816575    -0.0310272813
   -0.2265705304    -0.3105007968     0.1577836272
   -0.2801639811     0.5225149333    -0.2849576277
    0.6076298322     0.4125942357    -0.2477274420
   -0.0567611893    -0.1370935234    -0.0080204547
   -0.5023151087    -0.0466791527    -0.3492027212
    0.2188217598    -1.7968080359     0.2629735043
   -0.1998281417     0.1121810324     0.0290544601
   -0.0737345991     0.0075451905     0.0161085020
    0.0141988639     0.0665183152     0.0313040193
    0.0012459841    -0.0080420444     0.0204787455
   -0.0111050218     0.0129825331    -0.0049842281
    0.0015081302     0.0278675126     0.0515134289
    0.0496059671    -0.0410862001     0.0286486795
   -0.0137335240    -0.2388625644     0.4369968796
    0.5316115454    -0.3778952341     0.1976067874
   -0.3731908119     0.2433871356    -0.0095447790
   -0.0238808323    -0.4033936935     0.2311571017
    0.0838983177     0.3544961136    -0.1240378119
    0.3541196206    -0.1637231445     0.1434062867
   -0.0184042498     0.0276643194    -0.0181400323
    0.0151897070     0.0118722396    -0.1513484900
   -0.0532171464    -0.0263976942     0.0045926039
   -0.0031025692     0.0181602936     0.0106822909
   -0.0243386118     0.0197447409    -0.0680818342
    0.1802398820     0.8096875713    -0.3761217767
    0.7030931209    -0.6515275486     0.4540570298
   -0.6295333005     0.4193081011    -0.3721633069
    0.0061155227     0.0576975978    -0.0300667370
   -0.0685930822     0.1126909320     0.0130530839
   -0.5851988467    -0.8257495792    -0.1735693095
   -0.4174298682    -0.4098416427     0.0460269803
   -0.4679457951     0.2696592522    -0.2611453969
   -0.2052047966    -0.6797384088     0.2667328309
   -0.0729965581     0.0020548150     0.0032278544
    0.0603298287     0.0247665942     0.0202761325
    0.5154299886     0.6688032209     0.0947310448
    0.0235111296     0.0681952648     0.0400724874
    0.0083745546     0.0276841428     0.0149986198
    0.0360978997     0.0062093339     0.0097483244
    0.3702038001     0.3110673351    -0.0633925231
    0.3873109008    -0.1643150797     0.2920153420
    0.0599566646     0.0146757755    -0.0069180946
    0.0388040604    -0.0544253532    -0.0240047890
    0.1193361839     0.5430324483    -0.0760507931
    0.0322460028    -0.2418350185    -0.0069486530
    0.1035927989     0.1507802248    -0.2826747656
   -0.0011065684    -0.1398401200     0.0786663704
   -0.1643504608     0.3383780144     0.1704818139
    0.0962182544    -0.1271068748    -0.0105193728
    0.1465913824     0.0732536468     0.1927695708
   -0.0718776380     0.2158063207    -0.1263977809
   -0.0097373402     0.0349845385    -0.2211725566
    0.4438432004    -0.9045358905    -0.5453973054
   -0.6332036799     0.9486712310    -1.0456225804
   -0.0716283293    -0.4452271322     0.0379832866
   -0.0205766957     0.1204409958     0.1097533155
    0.0246209928    -0.2512101357    -0.1280044921
    0.0577384623    -0.0428597510     0.0093405627
   -0.0124045105     0.0288096177     0.0042611458
   -0.0642132004     0.0388503358    -0.0278817085
    0.0160722733    -0.0830586851    -0.0109538091
   -0.1465361019     0.0647135951    -0.1340524902
    0.0546229360    -0.2008022921     0.1494290069
   -0.0182488261     0.0297497138     0.0333118433
   -0.3976461132     0.7904647313     0.6062067450
    0.7233034366    -1.1024113185     1.0392417043
   -0.0901239298     0.1672610896     0.0671958108
   -0.1334460674    -0.0573497969     0.3683846338
    0.1394808684    -0.1097654941    -0.1147470314
    0.0723332124     0.2744242013    -0.0889488907
   -0.0018259552    -0.0970015507     0.0393894145
    0.0397977424    -0.0492043972     0.2191850972
    0.0844944645     1.8878084935    -3.0923688920
    0.0116727580     0.0013182799    -0.0509449238
   -0.1260729740     0.0625694451    -0.0770926957
   -0.0628194362     0.0154552132    -0.0468609164
    0.0079495453     0.0037009355    -0.1060160788
   -0.0584885227    -1.8236220895     3.0369713217
   -0.1061919901    -0.2034841230     0.0733130165
    0.1080227736    -0.2131081430    -0.2467511532
   -0.1493913955    -0.0564463598     0.2216925144
    0.0487912059     0.1680008099    -0.0648242012
   -0.0182259526     0.2966050254     0.1114364359
    0.0099174258     0.0936323447    -0.0377162958
   -0.0086848829     0.0079535713     0.0672011477
   -0.0474326725    -0.0611446343    -0.0100136725
    0.1168123242    -0.1546673815    -0.1008252542
   -0.0177601102    -0.0228411109     0.0650357096
    0.1325528873     0.1745480114    -0.1760441721
   -0.0860414061    -0.3650885358     0.0423034640
   -0.2164549371     0.2397995277    -0.2960059473
   -0.0189677955    -0.1184237165     0.0308450990
   -0.6634552637     0.1167985023    -0.6693960720
    0.3177823741    -0.4000905473     0.5160442728
    0.3104305841     0.0536029003    -0.1437576539
    0.2906212710    -0.4560033030    -0.2439984974
   -0.0330578931    -0.0973266202     0.0573985583
    0.2128550561     0.2065731062     0.1614292121
    0.0700651624     0.0229296699     0.0250482927
    0.2000614954     0.2170924971     0.1574371140
   -0.0244654311     0.0476429440     0.0234837374
   -0.1197563814    -0.0523217379     0.2644333015
   -0.0751547791     0.0246378651    -0.1124998010
   -0.0580880687    -0.0336836598    -0.0010562567
    0.0849196018    -0.0315189723     0.0782832905
    0.0295726675     0.0669464242     0.0435794082
   -0.3949765513     0.4384667011     0.0753806892
    0.0799007533     0.6496828793    -0.0549177055
    0.1838184062    -0.1098529525    -0.0993991613
    0.2851163838    -1.8680816891     0.9942053067
   -0.2603412461     1.8159220347    -0.9504080425
   -0.8613692367     1.0693537268     0.2866400926
   -0.8639010903     0.9009889228     6.8874707862
    0.9410530648    -0.9879074342    -6.9572486812
    8.8078436662    -7.1542665142     8.1581155453
   -0.0295746497    -0.5992890698     0.1329625821
   -0.1166680136     0.0933369095     0.0591414546
    0.0378498294     0.0021343425    -0.0733286990
    0.7311444683    -0.9931702767    -0.1725856597
   -8.8536024197     7.1668979327    -7.9827233361
    0.0066775247     0.0136277491    -0.1179266205
   -0.0931123676    -0.0006400569     0.0679053614
    0.0658060461    -0.2259555165    -0.0219267148
   -0.0058222344     0.1766467263    -0.0150225827
    0.0193257689    -0.0892045099     0.0727560160
   -0.7571309430     0.3291971869    -1.6768702624
   -0.0816656521     0.1675314434     0.0475754354
    0.1152694616    -0.0357704365     0.0513090253
   -2.3987838428     0.3910829291    -1.6070926444
    0.0033545780     0.0327861211    -0.0212048285
   -0.0280711083     0.0134842983    -0.0820744233
    0.7266891403    -0.2249292833     1.5538337344
   -0.0295396293    -0.0512710349     0.0578232008
    0.0739596678     0.0554868048     0.0597023577
    2.3227754134    -0.5732362840     1.4848842450
    0.1083689365     0.2692187060    -0.1501954422
   -0.7181148241    -0.3459141153     0.5007576720
    0.1591287727     0.1694645168    -0.1021590421
   -0.0460900894    -0.1714646289     0.0591124526
    0.4401838421     0.1491444710    -0.1622647341
   -0.0173397539    -0.1481854686     0.0203524865
    0.1931116778    -0.0798813735     0.1845865471
   -0.1041853652    -0.3192756628    -0.1513854759
   -0.0158787756    -0.1652900567     0.1493648053
    0.5040357986     0.2997315423    -0.5396453796
   -0.0658311322     0.0335648146     0.0098207543
   -0.2094552544    -0.1415344964     0.2492787911
   -0.0864765897     0.0723929878     0.0174886499
   -0.0084124409    -0.0036624133    -0.0424324629
   -0.0557707038     0.0730993482    -0.1962919323
   -0.0544060461     0.0525326691     0.0060033723
    0.0583497695     0.2105725042     0.1858510084
   -0.0349735245     0.0638267788     0.0010385316
    0.0657790468     0.0493551195    -0.0391383683
   -0.1204138530     0.0519048900    -0.0612334113
   -0.0465940873     0.0138116292     0.0490869947
   -0.1236556151     0.0851881018    -0.0755394982
    0.0097827538    -0.1328655682     0.1398198099
    0.0730668660    -0.0725402989    -0.1059631056
    0.0759794534     0.0479629309     0.0230820767
    0.1325416408    -0.0065364462     0.0596731095
    0.0980091208     0.0595888993    -0.0158957814
    0.0903146201    -0.0692308410    -0.0667637435
    0.0520168651    -0.0391308372    -0.0330723069
    0.0699129530     0.0472520596    -0.1181006838
    0.0340020755    -0.0430835648     0.0443106002
    0.0329615183     0.0323562218     0.1261724472
   -0.0641427822    -0.0209778588     0.0200892449
---------------------------------------------------
Net gradient: -2.123857e-09  4.123903e-09  1.089809e-09
Net torque:    5.951882e-03  6.648158e-03  5.762297e-03

Total processing time: 497.63 sec 

 Job finished: Mon May 27 13:09:20 2019

