Startfile from command line: /home/lum/5ly6/refine11+10/ase/14/14_capping.sp


       ***********************************************************
       *                    TeraChem v1.93P                      *
       *                 Hg Version: 79b87f121f2d                *
       *                   Production Version                    *
       *                Compiled without textures                *
       *           Chemistry at the Speed of Graphics!           *
       ***********************************************************
       * This program may only be used in connection with        *
       * a valid license from PetaChem, LLC. Use of this program *
       * or results thereof indicates acceptance of all terms    *
       * and conditions stated in the license and that a valid   *
       * license agreement between the user and PetaChem, LLC    *
       * exists. PetaChem, LLC does not warrant the correctness  *
       * of results or their suitability for any purpose.        *
       * Please email bugs, suggestions, and comments to         *
       *                  help@petachem.com                      *
       *                                                         *
       ***********************************************************


       ***********************************************************
       *  Compiled by toddmtz      Wed Aug 16 03:32:31 PDT 2017  *
       *  Supported architectures: sm_20 sm_30 sm_50 sm_60       *
       *  Cuda compilation tools, release 8.0, V8.0.44           *
       ***********************************************************


 Job started   Fri May 24 13:28:55 2019
 On cu31 (available memory: 17030 MB)

######################################### RUNTIME INFO ##########################################
/public/qmsoft/TeraChem/bin/terachem /home/lum/5ly6/refine11+10/ase/14/14_capping.sp 

NVRM version: NVIDIA UNIX x86_64 Kernel Module  396.26  Mon Apr 30 18:01:39 PDT 2018
GCC version:  gcc version 4.8.5 20150623 (Red Hat 4.8.5-4) (GCC) 

	linux-vdso.so.1 (0x00007ffd26383000)
	libcurl.so.4 => /lib64/libcurl.so.4 (0x00002b79196b7000)
	libintbox.so.1 => /public/qmsoft/TeraChem/lib/libintbox.so.1 (0x00002b7919920000)
	libthcbox.so.1 => /public/qmsoft/TeraChem/lib/libthcbox.so.1 (0x00002b793952e000)
	libgridbox.so.1 => /public/qmsoft/TeraChem/lib/libgridbox.so.1 (0x00002b793b098000)
	libdftbox.so.1 => /public/qmsoft/TeraChem/lib/libdftbox.so.1 (0x00002b793b589000)
	libcublas.so.8.0 => /public/qmsoft/TeraChem/lib/libcublas.so.8.0 (0x00002b793b89a000)
	libcufft.so.8.0 => /public/qmsoft/TeraChem/lib/libcufft.so.8.0 (0x00002b793e24a000)
	libcuda.so.1 => /public/qmsoft/TeraChem/lib/libcuda.so.1 (0x00002b7947098000)
	libcudart.so.8.0 => /public/qmsoft/TeraChem/lib/libcudart.so.8.0 (0x00002b7948018000)
	libcrypto.so.10 => /lib64/libcrypto.so.10 (0x00002b794827e000)
	libssl.so.10 => /lib64/libssl.so.10 (0x00002b79486df000)
	libm.so.6 => /lib64/libm.so.6 (0x00002b7948951000)
	libcilkrts.so.5 => /public/qmsoft/TeraChem/lib/libcilkrts.so.5 (0x00002b7948c53000)
	libstdc++.so.6 => /lib64/libstdc++.so.6 (0x00002b7948e94000)
	libgcc_s.so.1 => /lib64/libgcc_s.so.1 (0x00002b794919b000)
	libpthread.so.0 => /lib64/libpthread.so.0 (0x00002b79493b1000)
	libdl.so.2 => /lib64/libdl.so.2 (0x00002b79495cf000)
	libc.so.6 => /lib64/libc.so.6 (0x00002b79497d3000)
	/lib64/ld-linux-x86-64.so.2 (0x00002b7919494000)
	libidn.so.11 => /lib64/libidn.so.11 (0x00002b7949b80000)
	libssh2.so.1 => /lib64/libssh2.so.1 (0x00002b7949db3000)
	libssl3.so => /lib64/libssl3.so (0x00002b7949fdd000)
	libsmime3.so => /lib64/libsmime3.so (0x00002b794a22f000)
	libnss3.so => /lib64/libnss3.so (0x00002b794a456000)
	libnssutil3.so => /lib64/libnssutil3.so (0x00002b794a783000)
	libplds4.so => /lib64/libplds4.so (0x00002b794a9b2000)
	libplc4.so => /lib64/libplc4.so (0x00002b794abb6000)
	libnspr4.so => /lib64/libnspr4.so (0x00002b794adbb000)
	libgssapi_krb5.so.2 => /lib64/libgssapi_krb5.so.2 (0x00002b794aff9000)
	libkrb5.so.3 => /lib64/libkrb5.so.3 (0x00002b794b246000)
	libk5crypto.so.3 => /lib64/libk5crypto.so.3 (0x00002b794b52e000)
	libcom_err.so.2 => /lib64/libcom_err.so.2 (0x00002b794b761000)
	liblber-2.4.so.2 => /lib64/liblber-2.4.so.2 (0x00002b794b965000)
	libldap-2.4.so.2 => /lib64/libldap-2.4.so.2 (0x00002b794bb74000)
	libz.so.1 => /lib64/libz.so.1 (0x00002b794bdc7000)
	librt.so.1 => /lib64/librt.so.1 (0x00002b794bfdd000)
	libnvidia-fatbinaryloader.so.396.26 => /lib64/libnvidia-fatbinaryloader.so.396.26 (0x00002b794c1e5000)
	libkrb5support.so.0 => /lib64/libkrb5support.so.0 (0x00002b794c431000)
	libkeyutils.so.1 => /lib64/libkeyutils.so.1 (0x00002b794c63f000)
	libresolv.so.2 => /lib64/libresolv.so.2 (0x00002b794c843000)
	libsasl2.so.3 => /lib64/libsasl2.so.3 (0x00002b794ca5a000)
	libselinux.so.1 => /lib64/libselinux.so.1 (0x00002b794cc77000)
	libcrypt.so.1 => /lib64/libcrypt.so.1 (0x00002b794ce9e000)
	libpcre.so.1 => /lib64/libpcre.so.1 (0x00002b794d0d5000)
#################################################################################################

       ********************** License Check **********************
       * Use license from: /public/qmsoft/TeraChem/license.dat
       * Available Host id: AC1F6B20BA08
       * Available Host id: AC1F6B20BA09
       * Available Host id: 5254003CDB46
       * Available Host id: 5254003CDB46
       * License Host id: AC1F6B20BA08
       * License expires: 2019-10-21
       ********************** License OK *************************
Scratch directory: /tmp/lum/5ly6/refine11+10/ase/14/scr
Random number seed: 1109446082

XYZ coordinates /home/lum/5ly6/refine11+10/ase/14/14_capping.xyz
Molden File Output: /tmp/lum/5ly6/refine11+10/ase/14/scr/14_capping.molden
Using basis set: 6-31g
Spin multiplicity: 1
DIIS will use up to 10 vectors.
WF convergence threshold: 3.00e-05
Using DIIS algorithm to converge WF
Maximum number of SCF iterations: 300
Incremental fock with rebuild every 8 iterations
Will switch to conventional Fock if diffuse functions are detected
X-matrix tolerance: 1.00e-04
PRECISION: DYNAMIC
DFT Functional requested: hf
Method: Hartree-Fock  with dispersion correction

*********************************************************
*                     WARNING                           *
* Dispersion correction is not supported for hf         *
*         Disabling dispersion correction               *
*********************************************************

Wavefunction: RESTRICTED
Initial guess generated by maximum overlap

********************************************
**** SINGLE POINT GRADIENT CALCULATIONS ****
********************************************
SCF:   Initial guess is taken from previous step
COSMO model for polarizable continuum model enabled

using 4 out of 4 CUDA devices
   Device 0:  GeForce GTX 1080 Ti, 11178MB, CC 6.1 -- CPU THREAD 0
   Device 1:  GeForce GTX 1080 Ti, 11178MB, CC 6.1 -- CPU THREAD 1
   Device 2:  GeForce GTX 1080 Ti, 11178MB, CC 6.1 -- CPU THREAD 2
   Device 3:  GeForce GTX 1080 Ti, 11178MB, CC 6.1 -- CPU THREAD 3
-------------------------------------------------------------------
Compiled with MAGMA support.  MAGMA parameters:
    Matrices larger than 5000 square will be treated with MAGMA
       (Change by setting the MagmaMinN environment variable)
    Magma will use 1 out of 4 GPUs
       (Change by setting the MagmaNGPUs environment variable)
-------------------------------------------------------------------
 CPU Memory Available: 8018.12 MegaWords 
 GPU Memory Available: 1141.31 MegaWords 
 Maximum recommended basis set size: 12200 basis functions
 (limited by GPU memory)
-------------------------------------------------------------------
Not using d-functions. Configuring GPUs accordingly.
0: CUBLAS initialized, available GPU memory: 8170MB
1: CUBLAS initialized, available GPU memory: 8170MB
2: CUBLAS initialized, available GPU memory: 8170MB
3: CUBLAS initialized, available GPU memory: 8170MB


Basis set:       6-31g
Total atoms:     354
Total charge:    -2
Total electrons: 1350 (675-alpha, 675-beta)
Number electrons modeled by ECPs: 0
Total orbitals:  1951
Total AO shells: 1241 (886 S-shells; 355 P-shells; 0 D-shells; 0 F-shells; 0 G-shells)
Spin multiplicity: 1
Nuclear repulsion energy (QM atoms): 55023.729481592381 a.u.

=COSMO= Number of H atoms in QM atoms:177
=COSMO= Number of Heavy atoms in QM atoms:177
reached first line of InitCosmoSwigNoMatrix
q is allocated
B is allocated
Bz is allocated
z is allocated
c is allocated
=COSMO= No Matrix Cosmo Initialization finished.
=COSMO= ++++++++++++++++++++++++++++++ COSMO parameters ++++++++++++++++++++++++++++++
=COSMO= I. Cavity Information:
=COSMO= SAS(Solvent accesible surface) initialization finished
=COSMO= Time for initializing Molecular Surface:0.36351401 (sec)
=COSMO= Time for initializing cosmo calculation:0.11573900 (sec)
=COSMO= Cavity effective radius(Angstrom) (r_solv+r_vdw-dsc) was written into /tmp/lum/5ly6/refine11+10/ase/14/scr/ratom.txt
=COSMO= Solvent Dielectric Constant:78.390000
=COSMO= Cosmo Solvent radius:0.000000
=COSMO= Cosmo charge scaling method:0
=COSMO= Cavity built with Lebedev Grid
=COSMO= Grid points/QM Hydrogen: 110
=COSMO= Grid points/QM Heavy atom: 110
=COSMO= Herbert Switching-Gaussian method turned on
=COSMO= After removing points inside of SAS:
=COSMO= Total number of segments on molecular surface:18851
=COSMO= Number of segments belonging to QM atoms:18851
=COSMO= Total surface area of cavity: 2682.1106(Angstrom^2)
=COSMO= Total volume of cavity: 1559.2757 (Angstrom^3)
=COSMO= II. COSMO integral options:
=COSMO= Building COMSO c vector with original algorithm
=COSMO= COSMO one-electron integral threshold: 1e-12 
=COSMO= III. Linear solver options:
=COSMO= Initialize COSMO for A matrix in no matrix storage form
=COSMO= CG precondtioner:Jacobi
=COSMO= Tight CG convergence threshold:1e-06
=COSMO= CG dynamic threshold: on
=COSMO= Adjust CG convergence threshold dynamically
=COSMO= IV. PCM field read/write options:
=COSMO= PCM field is not written to files
=COSMO= No PCM field file is read in
=COSMO= ++++++++++++++++++++++++++++++++++++++++++++++++++++++++++++++++++++++++++++++++

                      *** Start SCF Iterations ***

 Iter     DIIS Error       Energy change         Energy              E_PCM      Time(s)
---------------------------------------------------------------------------------------
         >>> Purifying P... IDMP = 4.01e-14 <<<
THRESPDP set to 1.00e+00
   1     0.3511947421   -8847.9750262776   -8847.9750262776     -2.4823827083    9.97  
   2     0.8771509136     -32.6165506826   -8880.5915769603     -4.1747936111    8.80  
   3     0.3392826131     -19.0354404091   -8899.6270173694     -3.0688382041    8.30  
   4     0.1011605654      -9.3438846721   -8908.9709020415     -1.2129071899    9.63  
   5     0.0440833093      -0.6516690364   -8909.6225710779     -1.1191246000    7.29  
   6     0.0300883858      -0.1425060014   -8909.7650770793     -1.1236395008    7.00  
   7     0.0161047756      -0.0354489250   -8909.8005260042     -1.1262202880    8.54  
THRESPDP set to 7.94e-05
   8     0.0086895817      -0.0178100385   -8909.8183360428     -1.1211641786    8.82  
   9     0.0054422342      -0.0078957029   -8909.8262317456     -1.1219563747    7.35  
  10     0.0034823657      -0.0040130509   -8909.8302447966     -1.1207990147    8.83  
  11     0.0018085513      -0.0008947854   -8909.8311395820     -1.1205309220    6.62  
  12     0.0007962511      -0.0002757664   -8909.8314153483     -1.1204157762    6.15  
  13     0.0004885940      -0.0000575352   -8909.8314728835     -1.1205159065    7.87  
  14     0.0002337501      -0.0000160509   -8909.8314889344     -1.1205772493    7.70  
  15     0.0001316641      -0.0000048941   -8909.8314938285     -1.1205944383    5.31  
  16     0.0001065875      -0.0000025544   -8909.8314963829     -1.1206085939    9.72  
  17     0.0000764450      -0.0000010067   -8909.8314973896     -1.1206054775    7.47  
  18     0.0000582248      -0.0000006451   -8909.8314980347     -1.1205914439    5.33  
  19     0.0000389764      -0.0000005351   -8909.8314985699     -1.1205911552    5.67  
  20     0.0000208616      -0.0000002246   -8909.8314987944     -1.1205861757    6.08  
---------------------------------------------------------------------------------------
FINAL ENERGY: -8909.8314987944 a.u.
C-PCM contribution to final energy:-1.1205861757 a.u. ( already included in final energy )
Computing C-PCM contribution to gradient...
CENTER OF MASS: {17.141555, 30.554474, 86.768749} ANGS
DIPOLE MOMENT: {-42.267995, -63.667597, 42.501557} (|D| = 87.444432) DEBYE
Cannot open /tmp/lum/5ly6/refine11+10/ase/14/scr
Writing out molden info

Gradient units are Hartree/Bohr
---------------------------------------------------
        dE/dX            dE/dY            dE/dZ
    9.6092954813   -24.2241758820    12.2810025091
    0.0044151050     0.1617276063    -0.1001660091
    0.3820542476    -0.6834233233     0.3347526270
   -0.4057813414     0.9677968060    -0.1452091665
   -0.1892616487     0.1112841655    -1.2840369214
    0.0401286260     0.0909005444    -0.0616654906
   -0.0381332158    -0.0163912281     0.0105619351
   -0.0038113433     1.4191676812    -0.6851402659
   -9.6029270554    24.0983570507   -12.3460370507
   -0.0384303180    -0.0523167361     0.0549651140
    0.0404701868    -0.0679586616    -0.0318859135
    0.0632627646    -0.0341844703     1.3195440119
    0.0124478994    -0.0479124680    -0.0054559859
   -0.0057638059    -0.0327180492     0.0829865175
   -0.0763224667    -0.0505376418     0.0022708140
   -0.0105112845    -0.0486840461     0.0885044714
    0.1233049643    -1.3106368400     0.5765695024
    0.0933877915    -0.4604695044    -0.1801708365
   -0.0300512796     0.2215609199    -0.0157682754
   -0.2245374667    -0.9926471550     1.4803966520
    0.1076034798    -0.1420416454     0.0234189303
    0.0989535502    -0.2132061588    -0.0134265530
   -0.1517841743     0.1553667504     0.0308013607
   -0.0734612865    -0.1149272795     0.0488343748
    0.0366615131     0.0446421617     0.0263764795
    0.0448057996     0.0481770602    -0.0604058855
   -0.0403378231     0.1107015374    -0.0154442269
    0.0205628615    -0.0456246337    -0.0091469970
   -0.0582377442     0.0359656015     0.0508891451
   -0.0236444228     0.0555808254    -0.0069211465
    0.0810762842    -0.0429164359    -0.0735422087
    0.0254247308    -0.0477458896     0.0057314121
    0.1594783640     1.1886138750    -1.5004215644
   -0.2200851340    -0.1353855480    -0.0799267299
    0.2301910808    -0.3376397729     0.2083186807
   -0.1112643430     0.2160184576    -0.0994255471
   -0.1563993620     0.2892790747     0.4601529958
   -0.0981934175     0.4425001438    -0.0357076175
   -0.2332513414    -0.2221267416     0.1772373703
    0.1259280518     0.2532444186    -0.3642202998
    0.2507522687     0.0171826091     0.0978489400
    0.0130362217    -0.0811256797     0.0453530500
    0.0121495780     0.0210672181     0.0106495125
    0.0060251180    -0.0615504959    -0.0153145909
    0.3044854103    -0.1441768820    -0.3990709514
   -0.0092017127    -0.3576085358     0.0891708366
    0.0230601498    -0.0434192542    -0.0681523031
   -0.0137836615    -0.0449464757     0.0756925234
   -0.0530299741    -0.0211526671     0.0099129182
   -0.7328351747     2.4729993078    -0.8057286088
    0.1019736121    -0.6010453993     0.1621622863
   -0.5783165457    -0.4831082725     1.3957539998
   -0.0265160969     0.0898992811    -0.0333386032
    0.2854092671    -0.0601264053     0.0014886209
   -0.2639552626    -0.0410408101    -0.3874095582
    0.3148118988     0.3694333036    -0.4922042584
    0.3474950884     0.0822765548     0.5395817211
    0.5849364045    -2.2838313463     0.6734176197
   -0.0279214607     0.4924047258    -0.1609438172
   -0.1199559902     0.1535120535     0.1828366103
    0.0190819740    -0.0412228628     0.0291888831
   -0.0122606042    -0.0170980095     0.0780262627
    0.0086225505    -0.0204543646     0.0194609038
   -0.0216447322    -0.0398898341     0.0037503934
   -0.2626529397    -0.2661809257     0.4880807612
   -0.1676865590    -0.0704885704    -0.4811867783
   -0.0335591277    -0.0221397587     0.0048581050
   -0.0748435616     0.0145355004    -0.0047390322
    0.4588258622     0.4647403505    -1.2104692664
   -0.0256330798     0.2003837619    -0.1712342395
    0.0386054699    -0.0391688307     0.0898960521
   -0.0044435494     0.0042847060    -0.0084138287
    0.3545851692    -1.0045648450     0.3118480459
   -0.2039375416     0.2187804661     0.0264918722
   -0.0241307999     0.0184616633    -0.2661564293
    0.1533949260    -0.0422969228     0.2745763212
    0.0336016919    -0.0137198513     0.0301314728
    0.0432142704    -0.0454628511    -0.0333249286
    0.0691380383    -0.1582599479     0.0413242522
   -0.2424620306     0.8627342626    -0.2882222437
   -0.0503540455     0.0278077863    -0.0113620638
    0.0381638634    -0.1608741578     0.0582639494
    0.0396617047    -0.0209520571    -0.0330923028
   -0.0120044387    -0.0147254645     0.0064018029
   -0.0067930525     0.0231247008     0.0369526423
   -0.0341384487     0.0355557883    -0.0226923080
    0.0119905270    -0.0025998163    -0.0453495569
   -0.0459144749    -0.0087474559    -0.0602385623
   -0.0056235117     0.0224329384    -0.0021810053
   -0.0030765204     0.0022209102     0.0097061147
   -0.1333336390     0.1629667161    -0.1466998379
    0.1147989519    -0.1870141357    -0.0028743161
   -0.1008878584     0.0358786873     0.1242513300
    0.0284782720    -0.0104748564    -0.0349956917
    0.2675956013     0.0949018794     0.6651045416
   -0.2379649072    -0.2393183044    -0.5267448713
    0.0132344319     0.0985900985    -0.1160039898
    0.0701851554    -0.1340523630     0.0763215555
   -0.0373017828     0.1380616047    -0.0460918791
   -0.0090744656     0.0045514407    -0.0557093230
    0.0307013077     0.0426632860     0.0114362093
   -0.0385973091     0.0355728207     0.0274009104
   -0.0214629413     0.0824962231    -0.0395521835
   -0.0519339964    -0.0472979305     0.0099699103
    0.0196515907    -0.0519693006     0.0336369877
    0.0207265167    -0.0025637745     0.0372657391
    0.2427011261    -0.3538986949    -0.0097983728
    0.1772022418    -0.0353808831     0.4780171542
   -0.3608308495    -0.1154733918    -0.6347914002
    0.0526556097    -0.0768711952     0.0423159895
    0.1453402226     0.0744773941    -0.0436803833
   -0.2630637297     0.5895252724    -0.0823850643
    0.0646753459    -0.0206441352    -0.0938393061
    0.2833111316    -0.1557659497    -0.3280316591
   -0.2981517854     0.1109100415    -0.3938515205
   -0.2077071509     0.3558487760    -0.0546547343
   -0.0139841794     0.0557754547     0.0106057228
    0.0076755166     0.0029515632     0.0093338405
   -0.0254816160    -0.0069040873    -0.0225806117
    0.1790106455    -0.5043482105     0.2328311700
    0.0335241571    -0.0340041198    -0.0514908770
   -0.0270523690    -0.0022671757    -0.0050210568
   -0.0107024500     0.0214979739     0.0546676056
   -0.0530243581     0.0636886138     0.0096479547
   -0.1847858073     0.0422001660     0.3114705059
    0.1971059423    -0.0151562130     0.3079561928
    0.0576386072    -0.0673129459     0.0179323825
   -0.0100860254    -0.0120976394     0.0651176705
   -0.4281479522     0.8169271655    -0.3847468964
   -0.2173459112     0.2982575682     0.3786066029
    0.4040003809    -0.4157250208    -0.2930988680
   -0.0846268531     0.1362568899    -0.0345109288
    0.0705051145    -0.3486042698    -0.2007765382
    0.1280278127    -0.0353725970     0.1815368947
    0.0512244812    -0.2165380599    -0.0113687802
   -0.1923040452     0.2927884078    -0.1745765618
   -0.1620059240     0.0754067395    -0.1885965560
    0.1785990007    -0.3941056474     0.1300592414
   -0.1819595898     0.1930348968    -0.1690220655
    0.4745276110    -0.7211126938     0.4904187401
   -0.0069923152     0.0189063765     0.0280343144
   -0.1998981818     0.1916015240     0.1951469798
   -0.0074606840     0.0789496250    -0.0352998750
    0.0060728368     0.2168480861     0.0765164446
    0.1337517714    -0.1677537456     0.1066699376
    0.0307520682    -0.0386690808     0.0266471371
   -0.0010194956     0.0840016471     0.0203970374
    0.0368327278     0.0122672518     0.0439108659
    0.1189486193    -0.3647304223     0.3232895803
   -0.1287912085     0.4323551500    -0.1153269272
    0.0175869634    -0.0710492788     0.0583944443
   -0.0049735223    -0.0237812871     0.0087975211
    0.0714655586    -0.7550911844     0.1886581717
    0.2263970020    -0.0478592947    -0.1772426068
   -0.1177305436    -0.2272805132    -0.2595794912
    0.1586086731     0.0688473456     0.3539444469
   -0.0405358853     0.4245490692    -0.2952103246
    0.0534365863    -0.2587629035     0.0762031423
    0.0072458247     0.6818690550    -0.0287036018
   -0.0404117074    -0.0099376737     0.0586720407
   -0.2161957526     0.0623612298    -0.0187891900
   -0.0215234422     0.0112041684     0.0123354988
    0.1109485603     0.1388166567     0.2351213485
    0.0007090621     0.0852181781    -0.0143237093
   -0.1439939877    -0.0948270070    -0.2165404202
    0.0203795452     0.0101482765    -0.0597530893
   -0.0374726289     0.0239291575    -0.0112978767
   -0.0498679379     0.1150282530    -0.1266676127
    0.0704782207     0.0776319385     0.1054301084
    0.4768745880    12.8298799878    -2.0543709156
   -0.4854633308   -12.8038934522     1.9985259256
   -0.1991372908     0.6293785760    -0.2652682471
   -0.7821144068     0.2198661691    -0.3960928386
    0.0643958843    -0.0713840781    -0.0216936534
    0.7066153727    -0.1603848274     0.4461867342
    0.0039765792    -0.1014937247     0.0102362833
    0.0097084668    -0.0501054483     0.0040596340
   -0.0093456430    -0.0284760147     0.0654306049
    0.2075342186    -0.5743814174     0.1246636517
    0.0222861781    -0.2243816120     0.0607204455
   -0.1179469894     0.3595191234     0.0040357380
    0.0214479675     0.1282344124    -0.0003066236
    0.0143209871    -0.1306805559     0.0468260245
   -0.0038902115    -0.2694086229    -0.1193558348
    0.2514714350     2.3744591016     0.1293327642
   -0.2004583824    -2.1963416850    -0.1810684456
   -0.1468100147    -0.6361662792    -0.0082858721
   -0.0732121517    -0.0573400918     0.1744482121
    0.0498155465     0.0291530440    -0.0775460572
    0.1869802073     0.1588366788    -0.2783052711
   -0.0014325516     0.1252201223    -0.0493440028
    0.0824524382    -0.2179421409     0.1052482928
   -0.0009658139     0.0433591369     0.0497530868
   -0.0313543355     0.0770468818    -0.0020904725
   -0.0004177765     0.0394906903     0.0499402289
    0.0654120251     0.4180129807     0.0590490466
    0.0122056373     0.0325068526    -0.0232422105
   -0.0234568790     0.0267127046     0.0525570833
   -0.1078911766    -0.1013308467     0.1341494441
   -0.0855790878    -0.1823634464    -0.1987579813
    0.0725572891     0.3016341352     0.0235239889
   -0.0384360246    -0.1390727643     0.2362067694
   -0.0190011818     0.0597018584    -0.0362009084
   -0.8366686211     2.6452240962    -0.8768956479
   -0.5155100141     0.1699910631    -0.2912242947
    0.0641024734    -0.0970606013    -0.0214702461
    0.3583173151     0.0309123693     0.3175364077
   -0.0005700731     0.0142954604     0.0012679612
    0.0423943060    -0.0804444865     0.0202531133
   -0.0112220247    -0.0544053709     0.0309574568
    0.8629805416    -2.5475170266     0.8518268741
   -0.0196173550    -0.0087339676    -0.0169746267
    0.0786256867    -0.1391148015     0.0097508155
    0.0985054671     0.1314885433    -0.3225305110
   -0.0175210387    -0.0900055888     0.2682794662
   -0.5502525990    -0.5906537136    -1.9152964997
   -0.0406791495     0.0590459468    -0.1019479519
    0.1171211525    -0.0647819260    -0.2263955400
    0.0004048841    -0.0637506220     0.0510930468
   -0.0309937452     0.0130934953    -0.0255441239
   -0.0727289999    -0.0519114651     0.1871795491
   -0.0020923955     0.0460918317     0.0365210589
   -0.0494773453     0.0650689071    -0.0300733828
    0.6343040636     0.4817394239     2.0308022683
   -0.1801185049     0.0717037965    -0.0608046671
   -0.2630090247     1.0560603532    -0.2266300948
    0.2901060620    -1.0084694582     0.1721693574
    0.0069814824     0.1452747059    -0.0222676859
    0.2358305177    -0.3141765931     0.1466271669
   -0.4157688290    -0.2223881156    -0.1050914165
   -0.0047776867     0.0193756516    -0.0167708592
    0.0614554839    -0.0184897064     0.0562091635
    0.0117808763    -0.0604767235    -0.0271216680
    0.0066110783     0.0130103573    -0.0081850881
   -0.2036676271     0.1959506711    -0.1204154330
   -0.0143556346     0.0625699901     0.0226852428
    0.3836657222     0.2296893867     0.0414797615
    0.0225026343    -0.0092920253     0.0169359770
    0.0113188402    -0.0144894067     0.0344991009
    0.0854172498    -0.0566992795    -0.1668123892
   -0.1954005899    -0.2665177807     0.0400909501
    0.0495641529    -0.5298734476     0.3115534484
    0.0339085005     0.6904074776    -0.0840664272
    0.0192872211    -0.0911812243     0.0818129977
    0.5230529596     0.8593220127    -0.8565465351
   -0.0553114603    -0.1650346471    -0.0525611366
   -0.4051624072    -0.6255646218     0.8797530943
    0.0588029605     0.1350463859     0.2748672892
   -0.0652093067    -0.1147026850    -0.1036465028
    0.0046503921    -0.0164464764    -0.0207669709
    0.0071129649     0.0834531111    -0.0088743657
   -0.0196604357     0.0386626885    -0.0269890445
    0.0121031356     0.0165907690    -0.0327328911
   -0.0060827483    -0.0065510263     0.0739000123
   -0.0574685245    -0.0931469779    -0.2190118816
    0.0218088007     0.0448758898    -0.0065500140
   -0.0358087979     0.4405257911    -0.1122720066
    0.1859268840    -0.1986888041    -0.1184396287
   -0.0597982213    -0.2415766823     0.1989481447
   -0.0005650392     0.1598829998    -0.0618248159
   -0.0822230642     0.0642678043    -0.2038669873
    0.0376258739    -0.1527916349     0.1389029746
    0.0284611921    -0.3407419853     0.0891336626
   -0.0741635315     0.1659991210    -0.0754448308
    0.0271840652     0.0863660277     0.0963267192
   -0.0200525487    -0.0179421735     0.0581831118
    0.0239228113     0.0375263312    -0.0936113380
   -0.0192181578    -0.1683005056    -0.1027486070
    0.1956939002    -0.0748720908     0.5569898108
   -0.2080218829     0.0948282696    -0.2278151641
   -0.1097776105     0.1914714762     0.0297767614
    0.1453398810     0.0562722184    -0.1644358185
   -0.8408678457    -0.5695666372     0.0666465007
   -0.0609742265     0.1378045446    -0.0508003758
   -0.0145362210     0.0599359986    -0.0559357140
    0.0113586008    -0.0123142138     0.0239242642
   -0.0103533494     0.0340254338     0.0529871660
    0.7662195988     0.5401346354    -0.0833589237
    0.1209075584    -0.4275479225    -0.1172900272
    0.0029437132     0.2444177248     0.0154076525
   -1.1312411205     2.9020492033     0.3428510017
    1.1754843176    -2.9587984077    -0.3718817009
   -0.1154536870     0.0610550666    -0.0192641299
   -0.0276984643     0.0290637335    -0.1673872183
   -0.0509443403    -0.0305778323     0.1318551120
    0.0826292731     0.0090248495     0.0202969635
   -0.0283824332     0.0505901719    -0.0221832887
   -0.0094485127    -0.0908580491    -0.0259013366
    0.0182264209    -0.0098555842     0.0051295999
    0.0162832360    -0.1053508473     0.0599960862
   -0.2868825052     0.1844138254     0.3102429927
    0.4286699606    -0.1661142342     0.2085683395
   -0.2829567509    -0.0012544875    -0.5757081474
    0.0683666406    -0.0937030970     0.0802269315
    0.0576254532     0.0887137094     0.0300612726
   -0.0759644234    -0.0167260894    -0.0418438510
    0.1178234410     0.0673113871     0.0141844972
   -0.0217307096    -0.0367138147     0.0209032933
   -0.0449096700    -0.0009997772    -0.0330015114
    0.0266441097    -0.0088387857    -0.0315565084
   -0.0037724953     0.0365277386    -0.0167410266
    0.0087499221    -0.0478220098     0.0016374806
    0.0224095972    -0.0138571977    -0.0271677961
    0.0047927592    -0.0286941634     0.0129064117
    0.0000390892     0.0032048619     0.0014489277
   -0.3747081838     0.5777131843    -0.4439705917
    0.1236090429    -0.1255685273    -0.0373070593
   -0.2200035172    -0.1943879578     0.5878879540
    0.0529624636    -0.0216150505    -0.0435488486
   -0.0300992610     0.1383984552    -0.1739339557
    0.0369298820     0.0419425702    -0.0044491542
    0.0892199459    -0.6258508307     0.1938244832
    0.3448171902    -0.4269422723     0.5341888177
   -0.0145256692     0.0448877962     0.0176753375
    0.0062493411    -0.0747485639     0.0458412267
   -0.0193832688    -0.0204145796    -0.0049377989
   -0.0065764079    -0.0073041721     0.0043258208
    0.0080592803    -0.0285571177     0.0200064121
    0.0208020297     0.0436614636    -0.0271169767
   -0.1338359198     0.5248817044    -0.0104509139
   -0.0252870668     0.0167214275    -0.0694526231
    0.0838975540     0.1331174078    -0.3925195500
   -0.1133715534     0.5923611394    -0.2635412053
    0.5476353251    -0.8531224867     0.3387396098
   -0.4797092158     0.7379823522    -0.2989816403
   -0.1160528358    -0.1590384846    -0.2833990318
    0.0132043873     0.0008899767     0.2660476487
   -0.5816859969    -0.2947731424    -0.0864296417
   -0.1802746774     0.6099100155    -0.2785453890
    0.8362079181    -0.4137591604     0.4215545723
   -0.0115567495     0.0349412452    -0.0238196240
    0.1722586438    -0.4546715077     0.1188486188
   -0.0132249147     0.0409078897     0.0005067368
   -0.0281805423     0.0381417672     0.0506756047
    0.0128463757     0.0037994465    -0.0160580646
    0.0540632216    -0.0123506336    -0.0366014912
   -0.0300086903     0.0901828492    -0.0359955537
   -0.0091890206     0.0420630502    -0.0154097466
   -0.0633639969     0.2010271827     0.1187857719
    0.0525008659    -0.4450266308     0.1664504170
   -0.1819368258     0.2310389469    -0.2170475049
    0.2776040209    -0.3209372624     0.2018254947
    0.0823017470    -0.0198916259     0.0952818144
    0.0274644883    -0.0459959478     0.0109838233
   -0.0799981749     0.3230930364    -0.1472672111
   -0.0389097899    -0.0103039286    -0.0890027214
   -0.0148855732     0.0057121610     0.0066402255
   -0.0146610193     0.0539767640    -0.0220085821
    0.0562587284     0.0146677375     0.0978897332
    0.0159549889     0.0059577660    -0.0729778198
   -0.0190836637    -0.1384927756    -0.0762363516
   -0.0481633975     0.0349617200     0.0439885013
    0.0918104025    -0.0030411938     0.1043698374
   -0.0777316385     0.0931984441    -0.1302389634
---------------------------------------------------
Net gradient: -6.412634e-11 -2.749997e-10  1.971070e-09
Net torque:   -1.178100e-03  3.740062e-03 -2.292456e-03

Total processing time: 179.22 sec 

 Job finished: Fri May 24 13:32:05 2019

