Startfile from command line: /home/lum/5ly6/refine11+10/ase/18/18_capping.sp


       ***********************************************************
       *                    TeraChem v1.93P                      *
       *                 Hg Version: 79b87f121f2d                *
       *                   Production Version                    *
       *                Compiled without textures                *
       *           Chemistry at the Speed of Graphics!           *
       ***********************************************************
       * This program may only be used in connection with        *
       * a valid license from PetaChem, LLC. Use of this program *
       * or results thereof indicates acceptance of all terms    *
       * and conditions stated in the license and that a valid   *
       * license agreement between the user and PetaChem, LLC    *
       * exists. PetaChem, LLC does not warrant the correctness  *
       * of results or their suitability for any purpose.        *
       * Please email bugs, suggestions, and comments to         *
       *                  help@petachem.com                      *
       *                                                         *
       ***********************************************************


       ***********************************************************
       *  Compiled by toddmtz      Wed Aug 16 03:32:31 PDT 2017  *
       *  Supported architectures: sm_20 sm_30 sm_50 sm_60       *
       *  Cuda compilation tools, release 8.0, V8.0.44           *
       ***********************************************************


 Job started   Fri May 24 13:32:17 2019
 On cu31 (available memory: 16378 MB)

######################################### RUNTIME INFO ##########################################
/public/qmsoft/TeraChem/bin/terachem /home/lum/5ly6/refine11+10/ase/18/18_capping.sp 

NVRM version: NVIDIA UNIX x86_64 Kernel Module  396.26  Mon Apr 30 18:01:39 PDT 2018
GCC version:  gcc version 4.8.5 20150623 (Red Hat 4.8.5-4) (GCC) 

	linux-vdso.so.1 (0x00007ffc35ffb000)
	libcurl.so.4 => /lib64/libcurl.so.4 (0x00002b88cfdf4000)
	libintbox.so.1 => /public/qmsoft/TeraChem/lib/libintbox.so.1 (0x00002b88d005d000)
	libthcbox.so.1 => /public/qmsoft/TeraChem/lib/libthcbox.so.1 (0x00002b88efc6b000)
	libgridbox.so.1 => /public/qmsoft/TeraChem/lib/libgridbox.so.1 (0x00002b88f17d5000)
	libdftbox.so.1 => /public/qmsoft/TeraChem/lib/libdftbox.so.1 (0x00002b88f1cc6000)
	libcublas.so.8.0 => /public/qmsoft/TeraChem/lib/libcublas.so.8.0 (0x00002b88f1fd7000)
	libcufft.so.8.0 => /public/qmsoft/TeraChem/lib/libcufft.so.8.0 (0x00002b88f4987000)
	libcuda.so.1 => /public/qmsoft/TeraChem/lib/libcuda.so.1 (0x00002b88fd7d5000)
	libcudart.so.8.0 => /public/qmsoft/TeraChem/lib/libcudart.so.8.0 (0x00002b88fe755000)
	libcrypto.so.10 => /lib64/libcrypto.so.10 (0x00002b88fe9bb000)
	libssl.so.10 => /lib64/libssl.so.10 (0x00002b88fee1c000)
	libm.so.6 => /lib64/libm.so.6 (0x00002b88ff08e000)
	libcilkrts.so.5 => /public/qmsoft/TeraChem/lib/libcilkrts.so.5 (0x00002b88ff390000)
	libstdc++.so.6 => /lib64/libstdc++.so.6 (0x00002b88ff5d1000)
	libgcc_s.so.1 => /lib64/libgcc_s.so.1 (0x00002b88ff8d8000)
	libpthread.so.0 => /lib64/libpthread.so.0 (0x00002b88ffaee000)
	libdl.so.2 => /lib64/libdl.so.2 (0x00002b88ffd0c000)
	libc.so.6 => /lib64/libc.so.6 (0x00002b88fff10000)
	/lib64/ld-linux-x86-64.so.2 (0x00002b88cfbd1000)
	libidn.so.11 => /lib64/libidn.so.11 (0x00002b89002bd000)
	libssh2.so.1 => /lib64/libssh2.so.1 (0x00002b89004f0000)
	libssl3.so => /lib64/libssl3.so (0x00002b890071a000)
	libsmime3.so => /lib64/libsmime3.so (0x00002b890096c000)
	libnss3.so => /lib64/libnss3.so (0x00002b8900b93000)
	libnssutil3.so => /lib64/libnssutil3.so (0x00002b8900ec0000)
	libplds4.so => /lib64/libplds4.so (0x00002b89010ef000)
	libplc4.so => /lib64/libplc4.so (0x00002b89012f3000)
	libnspr4.so => /lib64/libnspr4.so (0x00002b89014f8000)
	libgssapi_krb5.so.2 => /lib64/libgssapi_krb5.so.2 (0x00002b8901736000)
	libkrb5.so.3 => /lib64/libkrb5.so.3 (0x00002b8901983000)
	libk5crypto.so.3 => /lib64/libk5crypto.so.3 (0x00002b8901c6b000)
	libcom_err.so.2 => /lib64/libcom_err.so.2 (0x00002b8901e9e000)
	liblber-2.4.so.2 => /lib64/liblber-2.4.so.2 (0x00002b89020a2000)
	libldap-2.4.so.2 => /lib64/libldap-2.4.so.2 (0x00002b89022b1000)
	libz.so.1 => /lib64/libz.so.1 (0x00002b8902504000)
	librt.so.1 => /lib64/librt.so.1 (0x00002b890271a000)
	libnvidia-fatbinaryloader.so.396.26 => /lib64/libnvidia-fatbinaryloader.so.396.26 (0x00002b8902922000)
	libkrb5support.so.0 => /lib64/libkrb5support.so.0 (0x00002b8902b6e000)
	libkeyutils.so.1 => /lib64/libkeyutils.so.1 (0x00002b8902d7c000)
	libresolv.so.2 => /lib64/libresolv.so.2 (0x00002b8902f80000)
	libsasl2.so.3 => /lib64/libsasl2.so.3 (0x00002b8903197000)
	libselinux.so.1 => /lib64/libselinux.so.1 (0x00002b89033b4000)
	libcrypt.so.1 => /lib64/libcrypt.so.1 (0x00002b89035db000)
	libpcre.so.1 => /lib64/libpcre.so.1 (0x00002b8903812000)
#################################################################################################

       ********************** License Check **********************
       * Use license from: /public/qmsoft/TeraChem/license.dat
       * Available Host id: AC1F6B20BA08
       * Available Host id: AC1F6B20BA09
       * Available Host id: 5254003CDB46
       * Available Host id: 5254003CDB46
       * License Host id: AC1F6B20BA08
       * License expires: 2019-10-21
       ********************** License OK *************************
Scratch directory: /tmp/lum/5ly6/refine11+10/ase/18/scr
Random number seed: 764729090

XYZ coordinates /home/lum/5ly6/refine11+10/ase/18/18_capping.xyz
Molden File Output: /tmp/lum/5ly6/refine11+10/ase/18/scr/18_capping.molden
Using basis set: 6-31g
Spin multiplicity: 1
DIIS will use up to 10 vectors.
WF convergence threshold: 3.00e-05
Using DIIS algorithm to converge WF
Maximum number of SCF iterations: 300
Incremental fock with rebuild every 8 iterations
Will switch to conventional Fock if diffuse functions are detected
X-matrix tolerance: 1.00e-04
PRECISION: DYNAMIC
DFT Functional requested: hf
Method: Hartree-Fock  with dispersion correction

*********************************************************
*                     WARNING                           *
* Dispersion correction is not supported for hf         *
*         Disabling dispersion correction               *
*********************************************************

Wavefunction: RESTRICTED
Initial guess generated by maximum overlap

********************************************
**** SINGLE POINT GRADIENT CALCULATIONS ****
********************************************
SCF:   Initial guess is taken from previous step
COSMO model for polarizable continuum model enabled

using 4 out of 4 CUDA devices
   Device 0:  GeForce GTX 1080 Ti, 11178MB, CC 6.1 -- CPU THREAD 0
   Device 1:  GeForce GTX 1080 Ti, 11178MB, CC 6.1 -- CPU THREAD 1
   Device 2:  GeForce GTX 1080 Ti, 11178MB, CC 6.1 -- CPU THREAD 2
   Device 3:  GeForce GTX 1080 Ti, 11178MB, CC 6.1 -- CPU THREAD 3
-------------------------------------------------------------------
Compiled with MAGMA support.  MAGMA parameters:
    Matrices larger than 5000 square will be treated with MAGMA
       (Change by setting the MagmaMinN environment variable)
    Magma will use 1 out of 4 GPUs
       (Change by setting the MagmaNGPUs environment variable)
-------------------------------------------------------------------
 CPU Memory Available: 8018.12 MegaWords 
 GPU Memory Available: 1141.31 MegaWords 
 Maximum recommended basis set size: 12200 basis functions
 (limited by GPU memory)
-------------------------------------------------------------------
Not using d-functions. Configuring GPUs accordingly.
0: CUBLAS initialized, available GPU memory: 8170MB
1: CUBLAS initialized, available GPU memory: 8170MB
2: CUBLAS initialized, available GPU memory: 8170MB
3: CUBLAS initialized, available GPU memory: 8170MB


Basis set:       6-31g
Total atoms:     303
Total charge:    0
Total electrons: 1136 (568-alpha, 568-beta)
Number electrons modeled by ECPs: 0
Total orbitals:  1649
Total AO shells: 1053 (755 S-shells; 298 P-shells; 0 D-shells; 0 F-shells; 0 G-shells)
Spin multiplicity: 1
Nuclear repulsion energy (QM atoms): 41043.390247961659 a.u.

=COSMO= Number of H atoms in QM atoms:154
=COSMO= Number of Heavy atoms in QM atoms:149
reached first line of InitCosmoSwigNoMatrix
q is allocated
B is allocated
Bz is allocated
z is allocated
c is allocated
=COSMO= No Matrix Cosmo Initialization finished.
=COSMO= ++++++++++++++++++++++++++++++ COSMO parameters ++++++++++++++++++++++++++++++
=COSMO= I. Cavity Information:
=COSMO= SAS(Solvent accesible surface) initialization finished
=COSMO= Time for initializing Molecular Surface:0.26727802 (sec)
=COSMO= Time for initializing cosmo calculation:0.08754800 (sec)
=COSMO= Cavity effective radius(Angstrom) (r_solv+r_vdw-dsc) was written into /tmp/lum/5ly6/refine11+10/ase/18/scr/ratom.txt
=COSMO= Solvent Dielectric Constant:78.390000
=COSMO= Cosmo Solvent radius:0.000000
=COSMO= Cosmo charge scaling method:0
=COSMO= Cavity built with Lebedev Grid
=COSMO= Grid points/QM Hydrogen: 110
=COSMO= Grid points/QM Heavy atom: 110
=COSMO= Herbert Switching-Gaussian method turned on
=COSMO= After removing points inside of SAS:
=COSMO= Total number of segments on molecular surface:16512
=COSMO= Number of segments belonging to QM atoms:16512
=COSMO= Total surface area of cavity: 2383.0017(Angstrom^2)
=COSMO= Total volume of cavity: 1367.8263 (Angstrom^3)
=COSMO= II. COSMO integral options:
=COSMO= Building COMSO c vector with original algorithm
=COSMO= COSMO one-electron integral threshold: 1e-12 
=COSMO= III. Linear solver options:
=COSMO= Initialize COSMO for A matrix in no matrix storage form
=COSMO= CG precondtioner:Jacobi
=COSMO= Tight CG convergence threshold:1e-06
=COSMO= CG dynamic threshold: on
=COSMO= Adjust CG convergence threshold dynamically
=COSMO= IV. PCM field read/write options:
=COSMO= PCM field is not written to files
=COSMO= No PCM field file is read in
=COSMO= ++++++++++++++++++++++++++++++++++++++++++++++++++++++++++++++++++++++++++++++++

                      *** Start SCF Iterations ***

 Iter     DIIS Error       Energy change         Energy              E_PCM      Time(s)
---------------------------------------------------------------------------------------
         >>> Purifying P... IDMP = 2.89e-14 <<<
THRESPDP set to 1.00e+00
   1     0.9292413024   -7220.6853599987   -7220.6853599987     -2.6219050173    7.51  
   2     0.5445209485     -20.8692967969   -7241.5546567956     -6.5410662605    5.17  
   3     0.3999659654     -22.5294808170   -7264.0841376126     -4.1007955615    5.81  
   4     0.1407177852     -11.4136172428   -7275.4977548554     -1.2061506439    7.11  
   5     0.0738585147      -0.7489699961   -7276.2467248515     -1.0329864266    6.51  
   6     0.0181477074      -0.1332968762   -7276.3800217277     -1.0420395878    4.48  
   7     0.0133238754      -0.0292510321   -7276.4092727598     -1.0245530382    4.69  
THRESPDP set to 1.07e-04
   8     0.0051689063      -0.0127298075   -7276.4220025673     -1.0136443897    7.28  
   9     0.0034680726      -0.0051959064   -7276.4271984737     -1.0059520260    6.59  
  10     0.0019236853      -0.0025306669   -7276.4297291406     -0.9980698642    4.91  
  11     0.0011878772      -0.0004594941   -7276.4301886348     -0.9941886979    4.37  
  12     0.0006577765      -0.0000910606   -7276.4302796954     -0.9925463360    5.90  
  13     0.0004509887      -0.0000291907   -7276.4303088861     -0.9915697843    5.94  
  14     0.0001905402      -0.0000100647   -7276.4303189507     -0.9910432191    5.97  
  15     0.0000943925      -0.0000038281   -7276.4303227788     -0.9907575270    3.89  
  16     0.0000404891      -0.0000005417   -7276.4303233205     -0.9906691918    5.72  
  17     0.0000239078      -0.0000003049   -7276.4303236254     -0.9906222148    4.81  
---------------------------------------------------------------------------------------
FINAL ENERGY: -7276.4303236254 a.u.
C-PCM contribution to final energy:-0.9906222148 a.u. ( already included in final energy )
Computing C-PCM contribution to gradient...
CENTER OF MASS: {64.180227, 55.652238, 54.511477} ANGS
DIPOLE MOMENT: {35.155780, -50.102959, -70.678218} (|D| = 93.496769) DEBYE
Cannot open /tmp/lum/5ly6/refine11+10/ase/18/scr
Writing out molden info

Gradient units are Hartree/Bohr
---------------------------------------------------
        dE/dX            dE/dY            dE/dZ
    0.0478422716    -0.0188347593     0.0451870803
   -0.2929466218     0.1596025161     0.0339235945
   11.9668736046   -12.4670773920   -12.2913252264
  -11.9887504532    12.7678046759    12.3217969104
    0.7299206058    -0.1057443886     0.0308920331
   -0.6330935112     0.1752742650    -0.1464871147
   -0.3018117958     0.0931318479     0.4214021951
    0.4880160788    -0.0913393176    -0.5206956605
    0.0440320094     0.1848777339    -0.2488259459
   -0.0126916185    -0.0205239330     0.0414179471
    0.2017302844    -0.1463957330     0.0309854172
   -0.0091103498     0.0306599741     0.0104151445
   -0.0533636815    -0.0282067747     0.0271906884
    0.0173192990    -0.0621854028     0.0390062468
    0.0180902705    -0.0306341390    -0.0223255283
    0.1468265194    -0.0591152909    -0.3468106190
    0.0827315351    -0.0210159261     0.0159726745
   -0.5081507402     0.1467970143     0.4186520701
    0.0770968892    -0.0313452171     0.0700956505
    0.0268632165    -0.2535616246     0.1164246026
   -0.0588562259     0.0200421076     0.0845679493
   -0.0120065396     0.0103417798     0.0229805352
    0.1165293730    -0.0702536994    -0.0924770228
   -0.0583989279     0.2141615027     0.0847400059
   -0.0277685507    -0.0702146544    -0.0369889999
    0.0076062801    -0.0633482285     0.0107122867
    0.4591364919     0.3924019270    -0.4192433838
    0.0046218030    -0.0473253679    -0.0615163280
   -0.0900406265     0.0110640288     0.0524078408
    0.0537516445     0.0708266429     0.2057565522
   -0.0132822148    -0.0628761589     0.0699205298
   -0.0106220089    -0.0294701680    -0.0042425506
    0.0278484357    -0.0793035471     0.0120087515
   -0.4389523960    -0.3074191488     0.3416137746
   -0.0075912923    -0.0475715798    -0.1679036561
    0.0092287383    -0.0030708574    -0.0133143919
    1.7649135666     0.1174469077     0.4552424829
    0.2703872708     0.0012363949     0.0575353473
    0.8620574723     0.5625542302    -1.7503416386
   -1.0095639124     0.1338322119    -0.5452176019
   -0.2634513113     0.1691155423    -0.2331210663
    0.1668728430    -0.1562184880     0.1184189748
    0.0852651803     0.0333993767     0.0187564057
   -0.0491627047     0.0039005664    -0.0048017901
   -0.0928846237     0.0068647309    -0.0196632786
   -1.8616412081    -0.1117671031    -0.3427970832
   -0.0693746276    -0.0079261061    -0.0304590710
    0.0940392279    -0.1283013732     0.2190449535
    0.0434069089     0.0149654832    -0.0201818571
   -0.0681990019     0.0883535350    -0.1209975700
   -0.0282606605     0.0059522761     0.0281191502
    0.1521728474    -0.7235575400     2.3817144795
   -0.2722142615     0.0079126576    -0.1099176886
    0.6683298727     0.2410739519    -0.0240675205
   -0.0939454312     0.0308857202    -0.0008733503
    0.1120768114     0.0138527815    -0.1582743869
   -0.0155022513     0.2056653774    -0.0348258077
   -1.1029762523     0.4008085884    -0.1715898465
    0.2771593850     0.2074447928     0.4574412527
   -0.0362782143     0.0042593822    -0.0243544806
    0.0274017221     0.0043769734     0.0371614151
    0.0717672564    -0.0212025753     0.0496226852
   -0.0884543905    -0.0729948406     0.0896300491
   -0.0119807073    -0.0521397465     0.0116021223
    0.0204778298     0.0307342224    -0.0097441107
    0.9719703149    -0.5089644857     0.2223017452
    0.0543247809     0.0322330665    -0.0457676414
    0.0016124152    -0.0662749234    -0.0183171117
   -0.0254085886    -0.0187771072     0.0031715073
   -0.2004849074    -0.1305896472    -0.4057226295
   -0.3488558073    -0.3042656934     0.0249272665
    0.0029206154     0.0812137550     0.0436220381
    4.4000742289    -3.6954865836    -1.2522059538
   -4.4127921172     3.6809495045     1.2339182380
   -0.1033398002     0.4618008345    -0.3171552637
    0.0163319810    -0.6062542762     0.1410617468
   -0.1093980578     0.0252497109    -0.0173011792
   -0.0058259323     0.0198020335     0.0051882849
   -0.0114661586     0.0183387627     0.0182600940
    0.0412259487    -0.0093692375     0.0394899232
    0.0420115494     0.0905139409     0.0732448396
    0.0308053133    -0.0832228655    -0.0348714660
    0.0803288784     0.0213743605     0.0716149842
    1.7527094429    -0.0471898968     0.2136172264
   -0.0129357212     0.0340914660     0.0323024171
   -0.3480109138    -0.2664894660     0.0039373786
    0.1719655067    -0.5714755812    -0.3248572284
   -0.1217296173     0.4169427262     0.3464273882
    0.1057471614     0.0734676022    -0.3243127228
    0.0022063407     0.1005779420     0.0933692312
   -0.1143804967    -0.2155725203     0.3006723207
    0.0268842647     0.2939678621    -0.1591934704
   -0.0282659978    -0.0722352001     0.0901203648
   -0.0409026167     0.0441788774     0.0228465138
   -0.0091230007     0.0472860994     0.0063418438
    0.2193316141     0.2359983505    -0.0223591616
    0.0001805008     0.0298011328     0.0174921293
    0.0146998524     0.0416390520    -0.0083759942
    0.0051930209    -0.0419693993    -0.0091979122
    0.0131005377    -0.0800945371    -0.0378618171
   -0.0057097253     0.0305738051    -0.0095115635
   -0.0137508814     0.0099773745     0.0299550423
   -1.6861765222     0.0392068998    -0.1949379776
    0.0288753030    -0.2187208727    -0.1643872425
    0.0079833051     0.1321960157    -0.2682493581
    0.0334663039    -0.0022405470     0.1889732694
   -0.1492326384     0.0477345018     0.1132127231
    0.3736472137    -0.1618201916    -0.0115514571
   -0.0756084968     0.0322833889     0.0494894763
   -0.2456496216     0.1086568800    -0.1024253864
   -0.0132252407     0.0395428750    -0.0007065119
   -0.0271691319     0.0391943850     0.0599057326
   -0.0065509872     0.0064417149    -0.0062324892
    0.0592240039     0.0236505284    -0.0168798232
    0.1722889396     0.1380500504     0.6971382028
   -0.2416577632     0.0425186759    -0.1533232262
    0.5885510487    -0.6750511134     0.2295584593
   -0.0252033214     0.0354076138    -0.0932967521
    0.0980387992     0.0872381381    -0.1283282284
    0.0947289026    -0.0387894952     0.2130641703
   -0.0508601834     0.0422371478    -0.1693838919
   -0.6096823690     1.5127272931     3.8862855918
    0.1680382250    -0.0398226350     0.1898898507
    0.5153834181    -1.5089646269    -4.0533417407
   -0.1717944724    -0.2187532815    -0.5461993972
    0.1445329633    -0.0495654264     0.0547856240
   -0.0776280117     0.0339816282     0.0013373117
   -0.0043934572    -0.0924750195     0.0794020586
   -0.0395617211     0.0239605107    -0.0009254343
   -0.0178093120    -0.0169581549    -0.0376661405
   -0.0405432046     0.0160665309     0.0394764516
   -0.5345855862     0.6183842127    -0.2239745621
   -0.0659316855     0.1165321080     0.2210049021
    0.6594862170    -0.4642580480    -1.0897201451
   -0.7186703020     0.4052121191     1.0710271489
    0.0951196838    -0.3560544491    -0.0300705826
   -0.0620119232     0.1396065775     0.2309088085
    0.4689299655     0.5088054441     1.4664316476
   -0.5373671246    -0.5995174051    -1.6495337160
    0.5760735890    -0.1713521255     0.3960974055
    0.0244138603    -0.0177289958     0.0224868931
    0.0069872950     0.0127051792    -0.0512909111
    0.0134531697     0.0569918330     0.0103482504
    0.0610763896     0.1468220335    -0.1512276504
   -0.0361423655    -0.0392554019    -0.0314431955
    0.0097318069     0.0003914247    -0.0392265338
   -0.0313579096    -0.0292359412    -0.1058766996
   -0.5301764525     0.2719122809    -0.1436302776
   -0.1035465268    -0.2757577003    -0.2873941060
    0.3682794657     0.1855728200    -0.0999871511
   -0.0347520291     0.0076116074     0.1189186058
   -0.0483073655    -0.0765977929    -0.1118408398
   -0.0439042291     0.0677261518     0.0994830650
   -0.0553699524    -0.0042431782     0.0194138675
   -0.0748255462     0.0631125347     0.2109339245
    0.6900395143     1.2138062590     0.7015359115
   -0.0372072544     0.1938785755    -0.0290202397
    0.0463385338    -0.2918887156    -0.0243966014
   -0.0128073832     0.0460358800     0.0053728392
   -0.0647251863    -0.1164206485     0.0212763099
    0.1568671048     0.1831039624     0.0278859439
   -0.0401417577     0.0608190037    -0.0276574293
   -0.1131395503    -0.0244540712     0.0205985057
    0.2993631262     0.3868995057     0.4143833130
   -0.5760950577    -1.1522868606    -0.6378591636
   -0.0276110596    -0.0814039773    -0.0049389905
    0.0182102803     0.0296558689    -0.0036479773
    0.0045981874     0.0248271689    -0.0087496205
   -0.0376763538    -0.0510105499    -0.0481197692
   -0.0255895242    -0.1034831737     0.0519333067
    0.0036257773    -0.0258970164     0.0176825092
    0.0065216533    -0.0111303205    -0.0118569600
    0.0132293058    -0.0085987404     0.0037203377
    0.0396667013    -0.0063793058    -0.0462976085
   -0.2446231636    -0.2834232384    -0.3977988037
   -0.0308178774    -0.0629874481     0.0234889577
    0.0085047782    -0.0206489260    -0.0294803522
   -0.2539804215     0.0110300917     0.2243299679
   -0.0057300304    -0.3536438129    -0.2966570727
   -0.0613010366     0.1980100788    -0.1948877710
    0.0524380066    -0.1031601921     0.0236881514
    0.2911841404     0.1702579170    -0.1140696005
   -0.1236509539     0.2843996307     0.0205294443
   -0.9521857307     0.6070173093    -0.2938128820
    1.0189993251    -0.7252594482     0.3012165625
   -0.0325957380     0.1014836883     0.0040320196
    0.0014531184     0.0665898371    -0.0043940075
   -0.0257915948     0.0519157439     0.0276022925
   -0.0507848657    -0.0229681512     0.0422017180
    0.0991059825    -0.0823170127     0.1318599120
    0.0269586001    -0.0023388776    -0.0141865606
    0.0250543909    -0.0656095662     0.0409453981
   -0.3894251067     0.2650664272    -0.0069852784
   -0.2281933426     0.1048365803     0.0745895582
   -0.1010399877    -0.4601757620     0.6577687468
    0.5159725051    -0.1012230056     0.1751948382
    0.2348514632    -0.1005497123    -0.0393833906
    0.2286662299     0.4979592784     0.3722792414
   -0.1616571838    -0.0225140752    -0.1288557901
    0.3925340155    -0.2919599108     0.0681107048
    0.0634609707    -0.0272772245     0.0011436224
   -0.0137779578     0.0186166035    -0.0572814505
   -0.3388287893    -0.4078847691    -0.1919124961
    0.0073349606    -0.0641961114    -0.0116252223
   -0.0081406333    -0.0072538805    -0.0779508620
    0.0515110642     0.0448986023     0.0415394404
    0.0235252444    -0.0286591247     0.0852544771
    0.0455499018     0.0126221938    -0.0214601458
   -0.3498366005     0.5357155197    -0.8375074276
   -0.3888182214     0.0598036806    -0.1830989944
    1.3959769956     0.3293957990     0.6104853941
   -1.2631098582    -0.3526969594    -0.5010385695
    0.3009647697    -0.1474849617    -0.1258992304
   -0.0381480598     0.2935084177     0.2050304469
   -0.0544256401    -0.2478044752    -0.3278830688
    0.0889064287    -0.1319820053    -0.0801677620
    0.0393845214    -0.0191504764     0.0316776077
    0.2577615042     0.0043970776     0.0780042265
   -0.1877567105    -0.0022226564    -0.0958133824
   -0.0519298240    -0.0241525197     0.0493558143
   -0.0112339629    -0.0295565307     0.0440306259
    0.0123547776     0.1820804193     0.2464079945
    0.0399188227     0.0224168195     0.0221477878
    0.0026548432    -0.0021763126     0.0414102247
   -0.0198454831     0.0268395928     0.0528058796
   -0.0106348779     0.0118663550    -0.0124481484
   -0.0112520055     0.0349765518     0.0091570268
   -1.4649164668    -0.3557509738    -1.1330420358
   -0.1209642988     0.0755196300     0.0170393001
   -0.3050163711     0.0556677223     0.0632455945
    0.3796685863    -0.1305041896    -0.0355945230
   -0.7933393081     0.2250972421    -0.9056089456
    0.9101597686    -0.2759542964     0.8309367933
   -0.0161653185    -0.1379892565    -0.0751476569
    1.3465176018     0.3695656440     1.0355938190
    0.0865201021    -0.0118287961     0.0377425196
    0.0060260270    -0.0000500561     0.0251575133
   -0.0140706885    -0.0123525510     0.0439601470
   -0.0147445507     0.0782263556    -0.0028955782
    0.0047637105     0.0164606886    -0.0009677350
   -0.0245610163     0.0256090739     0.0800197631
    0.0309083388     0.0680758297    -0.0791900089
    0.3302642517    -0.2054172646     0.5195094336
   -0.4860861829     0.4083246460    -0.6161804846
    0.1356130000     0.0144387239     0.0956382921
   -0.0727341935    -0.1236833662    -0.0340881045
   -0.1445291019    -0.2999583980    -0.2440845555
    0.1386942718     0.2414413981     0.1775792853
    0.3192121740     1.2679977627     0.4081627532
   -0.0881342440    -0.1354828975    -0.0081009155
   -0.0276392862    -0.0318292773    -0.0322583224
    0.0329848155     0.0797501080     0.0254490948
   -0.0256832804     0.0273091495     0.0053308489
   -0.0518092542    -0.0214016486    -0.0922131179
   -0.2321308928    -1.1782390084    -0.2456200668
   -0.0644228064    -0.1967789032     0.0515678261
   -0.1036134247     0.0573111584    -0.0287436266
    1.0263823856    -0.6582404383     0.2593099623
    0.0143828750    -0.0040974233    -0.0184063676
    0.0967665595    -0.1312456602     0.0060631119
   -0.1945294800    -0.0740926467    -0.0014497208
    0.0868268237     0.2085694233    -0.0487728149
    0.0956498141     0.0513384085     0.0477825433
    0.0395366852     0.0069695084     0.0072925272
   -0.0279357183    -0.0013842273    -0.0112561626
    0.0742373761    -0.0003375311    -0.0825086917
    0.0089027248     0.0996615933     0.0334554431
    0.0702635780     0.0177036009     0.0205459049
   -0.0129048710    -0.0151522139     0.0030586223
   -0.1002587847    -0.0179060127    -0.0489466261
    0.0323325067    -0.1127135750     0.1069134839
   -1.1071901741     0.6504651595    -0.3239461457
   -0.2143855758    -0.2096800119    -0.1041376690
   -0.1400425756    -0.0521867361    -0.1419708714
    0.1390837579     0.0152999242     0.1109133358
    1.6513228100     1.9183701588     1.4422234339
   -0.2068714712    -0.3418044231     0.1645624622
   -0.0751233049     0.0558054986    -0.1384594174
    1.2405040762     0.5203027878    -0.2327886274
   -0.0008233657     0.7176378052     0.2374225376
    4.0597283912    -3.4973388284    -2.1874122714
   -1.2974313274     0.9175320962     0.8463569310
    0.0608071537     0.0407214603     0.0687619321
    0.1447690376     0.1010110075     0.1370081740
   -0.0620559408     0.0227561049    -0.0758154577
   -1.4485157496    -1.8421979638    -1.2984185304
    0.0705048795     0.0300221123     0.0082874210
    0.0158724422     0.2473943112    -0.1666449746
    0.0542809686     0.0744783397     0.0492878159
    0.0161445076    -0.1290220423     0.0601020207
   -1.1525027140    -0.9887483200     0.0545155769
    0.0322592928     0.0651258043     0.0152758737
   -4.0927084676     3.2580284653     2.1141912531
    1.1862555305    -0.9201302819    -0.8080387318
    0.0718714240    -0.0632434416    -0.0491198758
   -0.0071325355     0.0815859213    -0.1205416198
    0.0333992966    -0.3344716302    -0.0320819405
   -0.0913336486     0.1021643409    -0.0193404969
    0.0600032673    -0.0107693732     0.0380862858
    0.0779430061    -0.0237177796    -0.1033814618
   -0.0267717388     0.0638849954    -0.0384048771
    0.1293877962     0.0032852209     0.0521426023
    0.0284229794     0.0665461716    -0.0108162842
---------------------------------------------------
Net gradient:  1.039935e-09  6.572644e-10 -1.802140e-09
Net torque:    5.561160e-03  6.027582e-04  7.990114e-04

Total processing time: 114.13 sec 

 Job finished: Fri May 24 13:34:21 2019

