Startfile from command line: /home/lum/5ly6/refine12_weight_0.1_stpmax_8/ase/35/35_capping.sp


       ***********************************************************
       *                    TeraChem v1.93P                      *
       *                 Hg Version: 79b87f121f2d                *
       *                   Production Version                    *
       *                Compiled without textures                *
       *           Chemistry at the Speed of Graphics!           *
       ***********************************************************
       * This program may only be used in connection with        *
       * a valid license from PetaChem, LLC. Use of this program *
       * or results thereof indicates acceptance of all terms    *
       * and conditions stated in the license and that a valid   *
       * license agreement between the user and PetaChem, LLC    *
       * exists. PetaChem, LLC does not warrant the correctness  *
       * of results or their suitability for any purpose.        *
       * Please email bugs, suggestions, and comments to         *
       *                  help@petachem.com                      *
       *                                                         *
       ***********************************************************


       ***********************************************************
       *  Compiled by toddmtz      Wed Aug 16 03:32:31 PDT 2017  *
       *  Supported architectures: sm_20 sm_30 sm_50 sm_60       *
       *  Cuda compilation tools, release 8.0, V8.0.44           *
       ***********************************************************


 Job started   Fri May 31 08:28:14 2019
 On cu34 (available memory: 49871 MB)

######################################### RUNTIME INFO ##########################################
/public/qmsoft/TeraChem/bin/terachem /home/lum/5ly6/refine12_weight_0.1_stpmax_8/ase/35/35_capping.sp 

NVRM version: NVIDIA UNIX x86_64 Kernel Module  396.26  Mon Apr 30 18:01:39 PDT 2018
GCC version:  gcc version 4.8.5 20150623 (Red Hat 4.8.5-4) (GCC) 

	linux-vdso.so.1 (0x00007ffdb3fde000)
	libcurl.so.4 => /lib64/libcurl.so.4 (0x00002b238c98f000)
	libintbox.so.1 => /public/qmsoft/TeraChem/lib/libintbox.so.1 (0x00002b238cbf7000)
	libthcbox.so.1 => /public/qmsoft/TeraChem/lib/libthcbox.so.1 (0x00002b23ac805000)
	libgridbox.so.1 => /public/qmsoft/TeraChem/lib/libgridbox.so.1 (0x00002b23ae36f000)
	libdftbox.so.1 => /public/qmsoft/TeraChem/lib/libdftbox.so.1 (0x00002b23ae860000)
	libcublas.so.8.0 => /public/qmsoft/TeraChem/lib/libcublas.so.8.0 (0x00002b23aeb71000)
	libcufft.so.8.0 => /public/qmsoft/TeraChem/lib/libcufft.so.8.0 (0x00002b23b1521000)
	libcuda.so.1 => /public/qmsoft/TeraChem/lib/libcuda.so.1 (0x00002b23ba36f000)
	libcudart.so.8.0 => /public/qmsoft/TeraChem/lib/libcudart.so.8.0 (0x00002b23bb2ef000)
	libcrypto.so.10 => /lib64/libcrypto.so.10 (0x00002b23bb555000)
	libssl.so.10 => /lib64/libssl.so.10 (0x00002b23bb93c000)
	libm.so.6 => /lib64/libm.so.6 (0x00002b23bbba9000)
	libcilkrts.so.5 => /public/qmsoft/TeraChem/lib/libcilkrts.so.5 (0x00002b23bbeab000)
	libstdc++.so.6 => /lib64/libstdc++.so.6 (0x00002b23bc0ec000)
	libgcc_s.so.1 => /lib64/libgcc_s.so.1 (0x00002b23bc3f4000)
	libpthread.so.0 => /lib64/libpthread.so.0 (0x00002b23bc60a000)
	libdl.so.2 => /lib64/libdl.so.2 (0x00002b23bc828000)
	libc.so.6 => /lib64/libc.so.6 (0x00002b23bca2c000)
	/lib64/ld-linux-x86-64.so.2 (0x00002b238c76c000)
	libidn.so.11 => /lib64/libidn.so.11 (0x00002b23bcdd9000)
	libssh2.so.1 => /lib64/libssh2.so.1 (0x00002b23bd00c000)
	libssl3.so => /lib64/libssl3.so (0x00002b23bd236000)
	libsmime3.so => /lib64/libsmime3.so (0x00002b23bd478000)
	libnss3.so => /lib64/libnss3.so (0x00002b23bd69f000)
	libnssutil3.so => /lib64/libnssutil3.so (0x00002b23bd9c5000)
	libplds4.so => /lib64/libplds4.so (0x00002b23bdbf1000)
	libplc4.so => /lib64/libplc4.so (0x00002b23bddf5000)
	libnspr4.so => /lib64/libnspr4.so (0x00002b23bdffa000)
	libgssapi_krb5.so.2 => /lib64/libgssapi_krb5.so.2 (0x00002b23be238000)
	libkrb5.so.3 => /lib64/libkrb5.so.3 (0x00002b23be484000)
	libk5crypto.so.3 => /lib64/libk5crypto.so.3 (0x00002b23be769000)
	libcom_err.so.2 => /lib64/libcom_err.so.2 (0x00002b23be99b000)
	liblber-2.4.so.2 => /lib64/liblber-2.4.so.2 (0x00002b23beb9f000)
	libldap-2.4.so.2 => /lib64/libldap-2.4.so.2 (0x00002b23bedae000)
	libz.so.1 => /lib64/libz.so.1 (0x00002b23bf001000)
	librt.so.1 => /lib64/librt.so.1 (0x00002b23bf217000)
	libnvidia-fatbinaryloader.so.396.26 => /lib64/libnvidia-fatbinaryloader.so.396.26 (0x00002b23bf41f000)
	libkrb5support.so.0 => /lib64/libkrb5support.so.0 (0x00002b23bf66b000)
	libkeyutils.so.1 => /lib64/libkeyutils.so.1 (0x00002b23bf87a000)
	libresolv.so.2 => /lib64/libresolv.so.2 (0x00002b23bfa7e000)
	libsasl2.so.3 => /lib64/libsasl2.so.3 (0x00002b23bfc95000)
	libselinux.so.1 => /lib64/libselinux.so.1 (0x00002b23bfeb2000)
	libcrypt.so.1 => /lib64/libcrypt.so.1 (0x00002b23c00d7000)
	libpcre.so.1 => /lib64/libpcre.so.1 (0x00002b23c030e000)
	liblzma.so.5 => /lib64/liblzma.so.5 (0x00002b23c056f000)
#################################################################################################

       ********************** License Check **********************
       * Use license from: /public/qmsoft/TeraChem/license.dat
       * Available Host id: AC1F6B20BAE2
       * Available Host id: AC1F6B20BAE3
       * Available Host id: 52540093B9B0
       * Available Host id: 52540093B9B0
       * License Host id: AC1F6B20BAE2
       * License expires: 2019-10-21
       ********************** License OK *************************
  _________________________________
 |         DFTD3 V3.0 Rev 2        |
 | S.Grimme, University Bonn       |
 |           Aug  2013             |
  _________________________________
 
 Please cite DFT-D3 work done with this code as:
 S. Grimme, J. Antony, S. Ehrlich and H. Krieg,
 J. Chem. Phys. 132 (2010), 154104
 If used with BJ-damping cite also
 S. Grimme, S. Ehrlich and L. Goerigk,
 J. Comput. Chem. 32 (2011), 1456-1465
 For DFT-D2 the reference is
 S. Grimme, J. Comput. Chem., 27 (2006), 1787-1799
 
Scratch directory: /tmp/lum/5ly6/refine12_weight_0.1_stpmax_8/ase/35/scr
Random number seed: 1751625900

XYZ coordinates /home/lum/5ly6/refine12_weight_0.1_stpmax_8/ase/35/35_capping.xyz
Molden File Output: /tmp/lum/5ly6/refine12_weight_0.1_stpmax_8/ase/35/scr/35_capping.molden
Using basis set: 6-31g
Spin multiplicity: 1
DIIS will use up to 10 vectors.
WF convergence threshold: 3.00e-05
Using DIIS algorithm to converge WF
Maximum number of SCF iterations: 300
Incremental fock with rebuild every 8 iterations
Will switch to conventional Fock if diffuse functions are detected
X-matrix tolerance: 1.00e-04
PRECISION: DYNAMIC
DFT Functional requested: hf
Method: Hartree-Fock  with dispersion correction
Wavefunction: RESTRICTED
Initial guess generated by maximum overlap

********************************************
**** SINGLE POINT GRADIENT CALCULATIONS ****
********************************************
SCF:   Initial guess is taken from previous step
COSMO model for polarizable continuum model enabled

using 4 out of 4 CUDA devices
   Device 0:  GeForce GTX 1080 Ti, 11178MB, CC 6.1 -- CPU THREAD 0
   Device 1:  GeForce GTX 1080 Ti, 11178MB, CC 6.1 -- CPU THREAD 1
   Device 2:  GeForce GTX 1080 Ti, 11178MB, CC 6.1 -- CPU THREAD 2
   Device 3:  GeForce GTX 1080 Ti, 11178MB, CC 6.1 -- CPU THREAD 3
-------------------------------------------------------------------
Compiled with MAGMA support.  MAGMA parameters:
    Matrices larger than 5000 square will be treated with MAGMA
       (Change by setting the MagmaMinN environment variable)
    Magma will use 1 out of 4 GPUs
       (Change by setting the MagmaNGPUs environment variable)
-------------------------------------------------------------------
 CPU Memory Available: 8018.12 MegaWords 
 GPU Memory Available: 1141.31 MegaWords 
 Maximum recommended basis set size: 12200 basis functions
 (limited by GPU memory)
-------------------------------------------------------------------
Not using d-functions. Configuring GPUs accordingly.
0: CUBLAS initialized, available GPU memory: 8168MB
1: CUBLAS initialized, available GPU memory: 8168MB
2: CUBLAS initialized, available GPU memory: 8168MB
3: CUBLAS initialized, available GPU memory: 8168MB


Basis set:       6-31g
Total atoms:     305
Total charge:    -1
Total electrons: 1118 (559-alpha, 559-beta)
Number electrons modeled by ECPs: 0
Total orbitals:  1625
Total AO shells: 1045 (755 S-shells; 290 P-shells; 0 D-shells; 0 F-shells; 0 G-shells)
Spin multiplicity: 1
Nuclear repulsion energy (QM atoms): 42147.519517460583 a.u.

 --------------------------------------------------
 !! SOME DISTANCES VERY SHORT. CHECK COORDINATES !!
 --------------------------------------------------
    Atom1     Atom2       Rij      Threshold
 ---------- ---------- ---------- ----------
       76        96     2.19327    2.20720
 --------------------------------------------------
DFTD Energy:    -2.4569195 hartree
=COSMO= Number of H atoms in QM atoms:160
=COSMO= Number of Heavy atoms in QM atoms:145
reached first line of InitCosmoSwigNoMatrix
q is allocated
B is allocated
Bz is allocated
z is allocated
c is allocated
=COSMO= No Matrix Cosmo Initialization finished.
=COSMO= ++++++++++++++++++++++++++++++ COSMO parameters ++++++++++++++++++++++++++++++
=COSMO= I. Cavity Information:
=COSMO= SAS(Solvent accesible surface) initialization finished
=COSMO= Time for initializing Molecular Surface:0.27051401 (sec)
=COSMO= Time for initializing cosmo calculation:0.08220300 (sec)
=COSMO= Cavity effective radius(Angstrom) (r_solv+r_vdw-dsc) was written into /tmp/lum/5ly6/refine12_weight_0.1_stpmax_8/ase/35/scr/ratom.txt
=COSMO= Solvent Dielectric Constant:78.390000
=COSMO= Cosmo Solvent radius:0.000000
=COSMO= Cosmo charge scaling method:0
=COSMO= Cavity built with Lebedev Grid
=COSMO= Grid points/QM Hydrogen: 110
=COSMO= Grid points/QM Heavy atom: 110
=COSMO= Herbert Switching-Gaussian method turned on
=COSMO= After removing points inside of SAS:
=COSMO= Total number of segments on molecular surface:15599
=COSMO= Number of segments belonging to QM atoms:15599
=COSMO= Total surface area of cavity: 2058.8126(Angstrom^2)
=COSMO= Total volume of cavity: 1171.1178 (Angstrom^3)
=COSMO= II. COSMO integral options:
=COSMO= Building COMSO c vector with original algorithm
=COSMO= COSMO one-electron integral threshold: 1e-12 
=COSMO= III. Linear solver options:
=COSMO= Initialize COSMO for A matrix in no matrix storage form
=COSMO= CG precondtioner:Jacobi
=COSMO= Tight CG convergence threshold:1e-06
=COSMO= CG dynamic threshold: on
=COSMO= Adjust CG convergence threshold dynamically
=COSMO= IV. PCM field read/write options:
=COSMO= PCM field is not written to files
=COSMO= No PCM field file is read in
=COSMO= ++++++++++++++++++++++++++++++++++++++++++++++++++++++++++++++++++++++++++++++++

                      *** Start SCF Iterations ***

 Iter     DIIS Error       Energy change         Energy              E_PCM      Time(s)
---------------------------------------------------------------------------------------
         >>> Purifying P... IDMP = 3.65e-14 <<<
THRESPDP set to 1.00e+00
   1     0.1725310056   -7107.1756743999   -7107.1756743999     -0.9659927444    4.49  
   2     0.2155367671     -35.1628231064   -7142.3384975063     -0.7002173410    4.76  
   3     0.0606509535      -5.4901025963   -7147.8286001025     -0.7828921148    4.50  
   4     0.0292877078      -0.6696266081   -7148.4982267106     -0.7345603364    4.33  
   5     0.0053982784      -0.0915296796   -7148.5897563902     -0.7555454542    4.13  
THRESPDP set to 1.10e-04
   6     0.0022497775      -0.0095732109   -7148.5993296011     -0.7584886120    6.27  
   7     0.0016221864      -0.0015785727   -7148.6009081739     -0.7602279241    5.09  
   8     0.0006645775      -0.0003059949   -7148.6012141687     -0.7609939924    4.73  
   9     0.0003810031      -0.0000507631   -7148.6012649318     -0.7612317904    4.38  
  10     0.0001953725      -0.0000095537   -7148.6012744855     -0.7613097335    4.14  
  11     0.0001127889      -0.0000005447   -7148.6012750302     -0.7613453104    3.97  
  12     0.0000578225      -0.0000004033   -7148.6012754336     -0.7613549622    3.26  
  13     0.0000335682      -0.0000001790   -7148.6012756126     -0.7613587543    3.82  
  14     0.0000151952      -0.0000013100   -7148.6012769226     -0.7613586884    3.78  
 --------------------------------------------------
 !! SOME DISTANCES VERY SHORT. CHECK COORDINATES !!
 --------------------------------------------------
    Atom1     Atom2       Rij      Threshold
 ---------- ---------- ---------- ----------
       76        96     2.19327    2.20720
 --------------------------------------------------
---------------------------------------------------------------------------------------
FINAL ENERGY: -7148.6012769226 a.u.
DISPERSION CONTRIBUTION TO ENERGY: -2.4569194886 a.u.
C-PCM contribution to final energy:-0.7613586884 a.u. ( already included in final energy )
Computing C-PCM contribution to gradient...
CENTER OF MASS: {19.054115, 30.234519, 64.006796} ANGS
DIPOLE MOMENT: {91.055040, -13.132049, -82.752696} (|D| = 123.739564) DEBYE
Cannot open /tmp/lum/5ly6/refine12_weight_0.1_stpmax_8/ase/35/scr
Writing out molden info

Gradient units are Hartree/Bohr
---------------------------------------------------
        dE/dX            dE/dY            dE/dZ
   -0.0889633445     0.0620278165     0.0170167954
    0.0828140619     0.0405549189    -0.1052930412
   -0.0566236612    -0.0918083922     0.1273225492
    0.0045548252     0.0582028393    -0.0134906508
    0.0125294876     0.0151686536     0.0441621235
   -0.1001654198    -0.0148577736     0.0475640079
    0.0802023734     0.0168110181     0.0188267145
   -0.0205926063     0.0009364084    -0.0215006543
   -0.0006034429     0.0056270172    -0.0074257209
   -0.0009942628    -0.1058125125     0.0552151594
   -0.0194745953     0.0109940237    -0.0041444438
    0.0006993025    -0.0193694790    -0.0146290171
   -0.0082546210     0.0017849586    -0.0174417980
    0.0069555139    -0.0162686976    -0.0151654064
    0.0120098473     0.0078904269    -0.0205923374
    0.0003104972    -0.0366605296     0.0264125870
   -0.0058871794     0.1106397804    -0.0119245343
   -0.0604238453    -0.0217420881    -0.1354166525
    0.0004721707     0.0073526016     0.0042584557
    0.0166627366    -0.0315442989    -0.0134524273
    0.0070223812    -0.0327286073     0.0773048709
   -0.0246304861     0.0268395534    -0.0113323627
    0.0114761819     0.0360006045     0.0211044553
   -0.0746068654     0.0319887839    -0.0250170504
   -0.0063736647     0.0089557246     0.0035363285
    0.0181186961    -0.0438486900     0.0097510496
   -0.0001136837     0.0079883784     0.0009974564
   -0.0036645153     0.0022316834    -0.0059178706
   -0.0073545549     0.0149750362    -0.0058680461
    0.0097060255     0.0220939262    -0.0371446429
   -0.0046171433    -0.0070254479    -0.0028882030
    0.0107457293    -0.0183136710     0.0001152971
    0.0008369677    -0.0077446326    -0.0161923213
    0.0166111469    -0.0208715139    -0.0005862095
    0.0036905010    -0.0016307631     0.0004532155
    0.0114286396     0.0004893444     0.0217627066
    0.0356504382    -0.0353295864    -0.0006591488
    0.0593549015    -0.0376915098     0.1125742429
    0.0283077438    -0.0674841663     0.0110527413
   -0.0538220721     0.1474275603    -0.0393702293
    0.0077842675    -0.0449629376     0.0281024295
   -0.0315579333     0.0439216094     0.0030660132
    0.0061540992    -0.0265662375     0.0320920788
    0.0071326424     0.0235266909     0.1575885307
   -0.0399878533    -0.0017378432    -0.0551734027
    0.0868624308    -0.0397856871    -0.1489391874
   -0.0078021597     0.0279052777    -0.0052161524
   -0.0079108480     0.0198934559    -0.0027375018
    0.0016845092    -0.0083775782     0.0019990892
    0.0039073089    -0.0171799501    -0.0016392264
    0.0095251705     0.0034345126    -0.0301624691
   -0.0107035016     0.0208286188    -0.0078103617
    0.0168730750     0.0040474544     0.0429735915
   -0.0623836533     0.0113810175     0.0106784864
    0.1243148316    -0.3035209674     0.0833141142
   -0.0046765782     0.0851832533     0.0423112658
   -0.0165582941    -0.0425784107    -0.0500077063
   -0.0059797188     0.0366547732    -0.0200645659
   -0.0424486169    -0.0239525245    -0.0220697380
    0.0046704457     0.0424680858     0.0000095098
    0.0050533427    -0.0178726361    -0.0380056198
    0.0158893786     0.0184579424     0.0175442142
   -0.0637266773     0.1884857635    -0.1089018840
    0.0094073832    -0.0098023134    -0.0097077614
    0.0044073643    -0.0053169798     0.0051607447
    0.0040875570    -0.0295438846     0.0139191400
   -0.0021083721    -0.0017121222    -0.0025113142
   -0.0017705754     0.0008952916    -0.0008900999
    0.0037847057     0.0303228715     0.0264791290
    0.0043732759    -0.0107781801     0.0067885254
   -0.0064474757    -0.0216033884    -0.0216483243
   -0.0026950208     0.0071882988    -0.0036096908
   -0.0089651841    -0.0026747929     0.0078904948
    0.0776435002    -0.0379021763    -0.0938793450
    0.0074559431    -0.0973729185     0.0876627909
   -0.0366125973    -0.0883150115     0.2826152048
   -0.0190305518     0.0384381529    -0.0232310885
    0.0023785146     0.0221822311    -0.0394485171
    0.0356884396    -0.0229893037     0.0119507079
   -0.0403029947     0.0152005614     0.0001700310
   -0.0055218247     0.0462984428    -0.0004353650
   -0.0004262781     0.0651611691     0.0307956370
   -0.0007430355     0.0034812219    -0.0320233050
   -0.0008236111     0.0491885900    -0.0224274298
   -0.0040210507    -0.0016737454     0.0067940862
    0.0058139221     0.0033922535    -0.0022894662
   -0.0096155998    -0.0025003482     0.0076727589
   -0.0194620802     0.0091441221    -0.0039352955
    0.0207541632    -0.0082825837     0.0107380733
    0.0052035147    -0.0020343313    -0.0161810386
    0.0012457642    -0.0388447680    -0.0102362935
    0.0109906479    -0.0054245435     0.0011160080
   -0.0005840002    -0.0092471140    -0.0029999983
    0.0038846753    -0.0464206022    -0.0176907182
   -0.0011671848    -0.0062789667    -0.0005911519
    0.0713581219     0.0688465578    -0.3244631573
   -0.0068344391     0.0304735990     0.0087622715
    0.0226282017    -0.0040591657     0.0392529385
   -0.0231964045     0.0380035476    -0.0114798609
   -0.0469461672     0.0491257694     0.0901661132
   -0.0278335723     0.0087494992    -0.0176999015
    0.0658825368    -0.0192811041     0.0005478129
    0.0341096993    -0.0308233655     0.0417711195
    0.0084926787    -0.0329437646     0.0215084657
   -0.0010877715    -0.0231293235     0.0088054385
    0.0261106650    -0.0466206573    -0.0219353364
   -0.0026728946    -0.0062581571    -0.0427153751
   -0.0032476258     0.0017040006     0.0050812504
   -0.0049669383     0.0049251479    -0.0021781009
   -0.0199875385    -0.0061915363    -0.0098737479
   -0.0223238946     0.0167896860    -0.0026710163
    0.0071785587     0.0188154956    -0.0151143213
   -0.0235852457     0.0208758318    -0.0068506284
    0.0011288296    -0.0059044049    -0.0089987572
    0.0432409451    -0.0799707456    -0.0029744456
   -0.0821902834     0.0043157291     0.0234579196
    0.0646903848    -0.1244426940     0.0360947392
   -0.0271176722     0.0600030262    -0.0191805126
    0.0082259713     0.0371431592    -0.0081949666
    0.0476343894     0.0123020348    -0.0217790863
    0.0302690069    -0.0562837047    -0.0157595882
   -0.0138519759    -0.0220415498    -0.0122740854
   -0.0383016716     0.0617681939     0.0212687916
   -0.0257066270     0.0491480304    -0.0140014073
    0.0034592595     0.0242061867    -0.0022765253
    0.0014773756    -0.0082072986     0.0134713587
    0.0127031241    -0.0143948501    -0.0058692744
   -0.0003196713    -0.0065142851     0.0210262471
   -0.0180447930     0.0070782273     0.0082517091
    0.0094241902     0.0175039036    -0.0348411764
    0.0007428930     0.0391246545     0.0125081517
    0.0490673271    -0.0169656325     0.0969320131
   -0.0357150500     0.0907282761    -0.0279775182
   -0.0379689228    -0.0082828798    -0.0087817560
   -0.0676370800    -0.0327536903    -0.0122652304
    0.0574055001     0.0890726380    -0.0006319138
    0.0012052610     0.0017049089    -0.0114184126
   -0.0011037056    -0.0211900916     0.0026929547
    0.0049225075    -0.0033396387     0.0012375637
    0.0683223726     0.0311646874     0.0049723979
   -0.0411761555    -0.0211013170    -0.0066559563
   -0.0024055969    -0.0032362757     0.0023599949
   -0.0001406382    -0.0588317910     0.0112577575
    0.0225080880    -0.1313682639    -0.0403147763
   -0.0401387263    -0.0023743108    -0.0408582945
   -0.1022034232     0.1201912741     0.0040925353
    0.0928343541    -0.1080780314     0.0514583896
    0.0024769054     0.0481053596    -0.0441944594
    0.0658616749     0.0057269910     0.0187926670
    0.1087165719     0.0468280495    -0.0284699497
   -0.0133132640     0.0438759670    -0.0042770049
    0.0013764428    -0.0050349351    -0.0029667501
    0.0068943662    -0.0043685202     0.0368451884
   -0.0616735598    -0.0345601402    -0.0088050637
   -0.0870106080    -0.0375485276    -0.0142406214
   -0.0053838856    -0.0123105366     0.0059344229
   -0.0003993821    -0.0025706963     0.0344681358
    0.0064421545    -0.0040471494     0.0067339521
    0.0087972437     0.0294307929     0.0092111993
   -0.0106071335    -0.0029408241    -0.0178492620
   -0.0145022230     0.0444098128     0.0125579220
   -0.0105475027    -0.0392197361     0.0995422813
    0.0351681425    -0.0475449591    -0.0108742870
   -0.0027020550     0.0053304448    -0.0019367115
    0.0000636320     0.0004121909    -0.0084387028
   -0.0080608131     0.0041478568    -0.0439601126
   -0.0074068223     0.0417240344    -0.0162024977
   -0.0098422718     0.0304359179    -0.0156938523
   -0.0725847225     0.0441692748     0.0680021821
   -0.0044247038    -0.0402713455     0.0192867695
    0.0121816082     0.1173794448    -0.0347561927
   -0.0072726792    -0.0828408556     0.0271885242
   -0.0011186161    -0.0138847403    -0.0282611711
    0.0422796768     0.0468517759    -0.0038071255
    0.0133179691     0.0109960622    -0.0694406341
   -0.0360602835    -0.0138379244    -0.0294111105
   -0.0072723547    -0.0492294385     0.0263215030
   -0.0064786144     0.0166728613    -0.0054024970
   -0.0028680290    -0.0069393679     0.0164508002
   -0.0202153177    -0.0043094257    -0.0005826444
   -0.0113792767    -0.0122376931     0.0211277200
    0.0026622513     0.0004929268     0.0055894593
    0.0010104978     0.0129229950     0.0200450676
   -0.0169503581    -0.0205036320     0.0385017451
    0.0074533485     0.0077878799     0.0177028665
    0.0195820700    -0.0020025106     0.0054931798
    0.0030354735    -0.0035272100     0.0043471747
   -0.0063073547    -0.0459662926     0.0298630841
    0.0541768100     0.0386478942    -0.0106183622
   -0.0230779796    -0.0105096203    -0.0173141450
   -0.0002767966     0.0134986380    -0.0029419822
   -0.0964818708     0.0166786622     0.0340698442
    0.0404416450     0.0183608553    -0.0173481805
   -0.0755193799    -0.0508124921    -0.0499873140
   -0.0139052630     0.0640322806    -0.0150948787
    0.0014883643     0.0045773408    -0.0025662231
    0.0054931730    -0.0093992598     0.0004679241
    0.0075265275    -0.0189313398    -0.0198854884
    0.0148370254    -0.0135971275     0.0050882863
   -0.0016086224     0.0054876681     0.0006599730
    0.0061313099     0.0045394094     0.0022499708
    0.0657499697     0.0121913241     0.0365212244
    0.0013968021     0.0174370978     0.0146859862
   -0.0070867195    -0.0061170091     0.0121633949
    0.0002002096    -0.0260693787    -0.0210375460
    0.0127210693    -0.0317890379     0.0167510033
    0.0134232358    -0.0180122410     0.0130639416
    0.0299487087    -0.0231198669     0.0238801913
   -0.0194397959    -0.0654892540     0.0067223135
    0.0100215404     0.0298213704    -0.0077130872
   -0.0278165691    -0.0080165786     0.0003356251
    0.1374135149    -0.0874967430     0.0101322681
   -0.0350833784     0.0500338440    -0.0363360370
   -0.0814100567     0.0379111659     0.0141682315
   -0.0071280643     0.0197442134     0.0008693217
   -0.0139185496     0.0256955696    -0.0142419479
    0.0015505259     0.0010336709    -0.0038790841
   -0.0007820545     0.0072039374     0.0079342455
    0.0128746554     0.1037718361    -0.0487142450
   -0.0208495985    -0.0703055172    -0.0103500093
    0.0587927884     0.0816065830     0.0904379047
   -0.0139016498    -0.0375805134    -0.0014292647
    0.0096200515    -0.0253280837    -0.0095565775
   -0.0366334640    -0.0262275321    -0.0227646960
   -0.0078104497     0.0130331662    -0.0046830841
    0.0601167847     0.0192432229     0.0235379991
   -0.0034440282    -0.0574843030     0.0271208883
   -0.0088829099     0.0187388393    -0.0007952831
   -0.0014161391    -0.0000144906    -0.0021823719
   -0.0084022017     0.0223228940     0.0143157500
   -0.0098352546    -0.0122435133     0.0025848920
   -0.0061420847     0.0038962435    -0.0049066699
   -0.0477164827    -0.0596388640    -0.0793273126
    0.0465137380     0.0351456179     0.0188024871
    0.0381030048    -0.1617066007    -0.0164892591
   -0.0042713949     0.0658872731    -0.0183618257
   -0.0225296582     0.0183860129     0.0058363769
   -0.0772022397     0.0011615132     0.0122983018
   -0.0196280637     0.0001527653     0.0207009989
    0.0053601424     0.0363673806     0.0015934227
   -0.0036604675    -0.0012523911    -0.0099015777
    0.0031937903    -0.0103922587    -0.0021739586
    0.0683869446    -0.0066052018     0.0014793334
    0.0050804349     0.0007012482     0.0011720342
    0.0119888777     0.0047403902    -0.0290253360
    0.0025791864    -0.0064732916     0.0006811851
   -0.0160920475     0.1629100598    -0.0154743114
   -0.0516120943    -0.0683884636     0.0418162862
    0.0007353343     0.0487182833    -0.1352779835
   -0.0053621020    -0.0260728824     0.0170975599
    0.0645165616     0.0369655467     0.0560438716
   -0.0165681272     0.0189670010    -0.0766239154
    0.0775433752     0.0426471707     0.0867374201
   -0.0289213246     0.0227111666     0.0189214003
   -0.0420166875    -0.0693767101    -0.0875215211
   -0.0003094918    -0.0543581319     0.0255688089
   -0.0087657087     0.0290352905    -0.0067057601
   -0.0114062446    -0.0276758609    -0.0175312332
   -0.0127437246     0.0033386158    -0.0056058708
   -0.0012170324     0.0081423483     0.0089895220
    0.0063018322    -0.0242632880     0.0214460967
    0.0107561879    -0.0398730538     0.1271429628
    0.0166313193    -0.0004226575    -0.0307556226
   -0.0390762761     0.0122571000     0.0795870343
    0.0031510949     0.0052760540    -0.0155013302
    0.0093142286    -0.0317721061     0.0228003602
    0.0052826251     0.1115165503     0.0894336301
   -0.0206893017    -0.0099524713    -0.0180878427
    0.0014116533     0.0195147635    -0.0157612166
   -0.0147875106     0.0184963277    -0.0044383620
    0.0031332697     0.0093790768    -0.0162913667
   -0.0245645915    -0.0197551806    -0.0110703875
    0.0055741047    -0.0613676125    -0.0615252807
    0.0037555026    -0.0049659794    -0.0142679768
    0.0097696222     0.0057045686     0.0022925392
    0.0011728131     0.0026487466     0.0007584158
    0.0104764302    -0.0093496576     0.0059546308
    0.0430562266    -0.0175591927    -0.0879827184
   -0.0228156171     0.0149144926     0.0455488115
   -0.0000581512     0.0842408693    -0.1166619755
    0.0009361487    -0.0835978197     0.0421672818
   -0.0226018651     0.0306826030    -0.0168244964
    0.0428602870    -0.0521385394    -0.0405867059
    0.0757986997    -0.0354276367    -0.0344323244
    0.0866760941    -0.0129452505    -0.0217275249
   -0.0703701132     0.0826921910     0.0069154147
   -0.0033353034    -0.0026563628     0.0066821178
    0.0156717607    -0.0155009433     0.0037577582
    0.0022650251    -0.0048040361     0.0143287714
   -0.0009755527    -0.0091476079    -0.0038103409
   -0.0148292584     0.0011647789     0.0240342746
   -0.0064900709     0.0307650265     0.0152952886
   -0.0366724723     0.0284626905    -0.0328660421
   -0.0430119726     0.0025018965     0.0661793192
   -0.0048600736     0.0042568740    -0.0003504838
   -0.0485977538     0.0113179677     0.0350202346
    0.0035629120    -0.0553887025    -0.0030978747
    0.0025981425    -0.0048743978     0.0093487310
    0.0402733170    -0.0170370790    -0.0218722389
    0.0893218754     0.0309556969    -0.0975036362
    0.0191113221    -0.0195496067     0.0694986925
   -0.0876710616     0.0604282677     0.0873128321
    0.0180239511    -0.0660374789    -0.0364711383
    0.0866082296     0.0179841741    -0.1041182642
   -0.0063258197    -0.0110321353     0.0690414793
---------------------------------------------------
Net gradient:  8.086856e-10 -6.996269e-10 -3.767392e-09
Net torque:    3.979853e-03 -4.275583e-03 -3.919669e-04

Total processing time: 75.44 sec 

 Job finished: Fri May 31 08:29:43 2019

