Startfile from command line: /home/lum/6i5a/refine4_weight1_stpmax_0.7_d3/ase/10/10_capping.sp


       ***********************************************************
       *                    TeraChem v1.93P                      *
       *                 Hg Version: 79b87f121f2d                *
       *                   Production Version                    *
       *                Compiled without textures                *
       *           Chemistry at the Speed of Graphics!           *
       ***********************************************************
       * This program may only be used in connection with        *
       * a valid license from PetaChem, LLC. Use of this program *
       * or results thereof indicates acceptance of all terms    *
       * and conditions stated in the license and that a valid   *
       * license agreement between the user and PetaChem, LLC    *
       * exists. PetaChem, LLC does not warrant the correctness  *
       * of results or their suitability for any purpose.        *
       * Please email bugs, suggestions, and comments to         *
       *                  help@petachem.com                      *
       *                                                         *
       ***********************************************************


       ***********************************************************
       *  Compiled by toddmtz      Wed Aug 16 03:32:31 PDT 2017  *
       *  Supported architectures: sm_20 sm_30 sm_50 sm_60       *
       *  Cuda compilation tools, release 8.0, V8.0.44           *
       ***********************************************************


 Job started   Sat May 25 16:57:53 2019
 On cu35 (available memory: 57527 MB)

######################################### RUNTIME INFO ##########################################
/public/qmsoft/TeraChem/bin/terachem /home/lum/6i5a/refine4_weight1_stpmax_0.7_d3/ase/10/10_capping.sp 

NVRM version: NVIDIA UNIX x86_64 Kernel Module  396.26  Mon Apr 30 18:01:39 PDT 2018
GCC version:  gcc version 4.8.5 20150623 (Red Hat 4.8.5-4) (GCC) 

	linux-vdso.so.1 (0x00007ffc5ffde000)
	libcurl.so.4 => /lib64/libcurl.so.4 (0x00002b0578ccc000)
	libintbox.so.1 => /public/qmsoft/TeraChem/lib/libintbox.so.1 (0x00002b0578f34000)
	libthcbox.so.1 => /public/qmsoft/TeraChem/lib/libthcbox.so.1 (0x00002b0598b42000)
	libgridbox.so.1 => /public/qmsoft/TeraChem/lib/libgridbox.so.1 (0x00002b059a6ac000)
	libdftbox.so.1 => /public/qmsoft/TeraChem/lib/libdftbox.so.1 (0x00002b059ab9d000)
	libcublas.so.8.0 => /public/qmsoft/TeraChem/lib/libcublas.so.8.0 (0x00002b059aeae000)
	libcufft.so.8.0 => /public/qmsoft/TeraChem/lib/libcufft.so.8.0 (0x00002b059d85e000)
	libcuda.so.1 => /public/qmsoft/TeraChem/lib/libcuda.so.1 (0x00002b05a66ac000)
	libcudart.so.8.0 => /public/qmsoft/TeraChem/lib/libcudart.so.8.0 (0x00002b05a762c000)
	libcrypto.so.10 => /lib64/libcrypto.so.10 (0x00002b05a7892000)
	libssl.so.10 => /lib64/libssl.so.10 (0x00002b05a7c79000)
	libm.so.6 => /lib64/libm.so.6 (0x00002b05a7ee6000)
	libcilkrts.so.5 => /public/qmsoft/TeraChem/lib/libcilkrts.so.5 (0x00002b05a81e8000)
	libstdc++.so.6 => /lib64/libstdc++.so.6 (0x00002b05a8429000)
	libgcc_s.so.1 => /lib64/libgcc_s.so.1 (0x00002b05a8731000)
	libpthread.so.0 => /lib64/libpthread.so.0 (0x00002b05a8947000)
	libdl.so.2 => /lib64/libdl.so.2 (0x00002b05a8b65000)
	libc.so.6 => /lib64/libc.so.6 (0x00002b05a8d69000)
	/lib64/ld-linux-x86-64.so.2 (0x00002b0578aa9000)
	libidn.so.11 => /lib64/libidn.so.11 (0x00002b05a9116000)
	libssh2.so.1 => /lib64/libssh2.so.1 (0x00002b05a9349000)
	libssl3.so => /lib64/libssl3.so (0x00002b05a9573000)
	libsmime3.so => /lib64/libsmime3.so (0x00002b05a97b5000)
	libnss3.so => /lib64/libnss3.so (0x00002b05a99dc000)
	libnssutil3.so => /lib64/libnssutil3.so (0x00002b05a9d02000)
	libplds4.so => /lib64/libplds4.so (0x00002b05a9f2e000)
	libplc4.so => /lib64/libplc4.so (0x00002b05aa132000)
	libnspr4.so => /lib64/libnspr4.so (0x00002b05aa337000)
	libgssapi_krb5.so.2 => /lib64/libgssapi_krb5.so.2 (0x00002b05aa575000)
	libkrb5.so.3 => /lib64/libkrb5.so.3 (0x00002b05aa7c1000)
	libk5crypto.so.3 => /lib64/libk5crypto.so.3 (0x00002b05aaaa6000)
	libcom_err.so.2 => /lib64/libcom_err.so.2 (0x00002b05aacd8000)
	liblber-2.4.so.2 => /lib64/liblber-2.4.so.2 (0x00002b05aaedc000)
	libldap-2.4.so.2 => /lib64/libldap-2.4.so.2 (0x00002b05ab0eb000)
	libz.so.1 => /lib64/libz.so.1 (0x00002b05ab33e000)
	librt.so.1 => /lib64/librt.so.1 (0x00002b05ab554000)
	libnvidia-fatbinaryloader.so.396.26 => /lib64/libnvidia-fatbinaryloader.so.396.26 (0x00002b05ab75c000)
	libkrb5support.so.0 => /lib64/libkrb5support.so.0 (0x00002b05ab9a8000)
	libkeyutils.so.1 => /lib64/libkeyutils.so.1 (0x00002b05abbb7000)
	libresolv.so.2 => /lib64/libresolv.so.2 (0x00002b05abdbb000)
	libsasl2.so.3 => /lib64/libsasl2.so.3 (0x00002b05abfd2000)
	libselinux.so.1 => /lib64/libselinux.so.1 (0x00002b05ac1ef000)
	libcrypt.so.1 => /lib64/libcrypt.so.1 (0x00002b05ac414000)
	libpcre.so.1 => /lib64/libpcre.so.1 (0x00002b05ac64b000)
	liblzma.so.5 => /lib64/liblzma.so.5 (0x00002b05ac8ac000)
#################################################################################################

       ********************** License Check **********************
       * Use license from: /public/qmsoft/TeraChem/license.dat
       * Available Host id: 0CC47AE5BB3E
       * Available Host id: 0CC47AE5BB3F
       * Available Host id: 5254009482E9
       * Available Host id: 5254009482E9
       * License Host id: 0CC47AE5BB3E
       * License expires: 2019-10-21
       ********************** License OK *************************
  _________________________________
 |         DFTD3 V3.0 Rev 2        |
 | S.Grimme, University Bonn       |
 |           Aug  2013             |
  _________________________________
 
 Please cite DFT-D3 work done with this code as:
 S. Grimme, J. Antony, S. Ehrlich and H. Krieg,
 J. Chem. Phys. 132 (2010), 154104
 If used with BJ-damping cite also
 S. Grimme, S. Ehrlich and L. Goerigk,
 J. Comput. Chem. 32 (2011), 1456-1465
 For DFT-D2 the reference is
 S. Grimme, J. Comput. Chem., 27 (2006), 1787-1799
 
Scratch directory: /tmp/lum/6i5a/refine4_weight1_stpmax_0.7_d3/ase/10/scr
Random number seed: 107004545

XYZ coordinates /home/lum/6i5a/refine4_weight1_stpmax_0.7_d3/ase/10/10_capping.xyz
Molden File Output: /tmp/lum/6i5a/refine4_weight1_stpmax_0.7_d3/ase/10/scr/10_capping.molden
Using basis set: 6-31g
Spin multiplicity: 1
DIIS will use up to 10 vectors.
WF convergence threshold: 3.00e-05
Using DIIS algorithm to converge WF
Maximum number of SCF iterations: 300
Incremental fock with rebuild every 8 iterations
Will switch to conventional Fock if diffuse functions are detected
X-matrix tolerance: 1.00e-04
PRECISION: DYNAMIC
DFT Functional requested: hf
Method: Hartree-Fock  with dispersion correction
Wavefunction: RESTRICTED
Initial guess generated by maximum overlap

********************************************
**** SINGLE POINT GRADIENT CALCULATIONS ****
********************************************
SCF:   Initial guess is taken from previous step
COSMO model for polarizable continuum model enabled

using 4 out of 4 CUDA devices
   Device 0:  GeForce GTX 1080 Ti, 11178MB, CC 6.1 -- CPU THREAD 0
   Device 1:  GeForce GTX 1080 Ti, 11178MB, CC 6.1 -- CPU THREAD 1
   Device 2:  GeForce GTX 1080 Ti, 11178MB, CC 6.1 -- CPU THREAD 2
   Device 3:  GeForce GTX 1080 Ti, 11178MB, CC 6.1 -- CPU THREAD 3
-------------------------------------------------------------------
Compiled with MAGMA support.  MAGMA parameters:
    Matrices larger than 5000 square will be treated with MAGMA
       (Change by setting the MagmaMinN environment variable)
    Magma will use 1 out of 4 GPUs
       (Change by setting the MagmaNGPUs environment variable)
-------------------------------------------------------------------
 CPU Memory Available: 8018.12 MegaWords 
 GPU Memory Available: 1141.31 MegaWords 
 Maximum recommended basis set size: 12200 basis functions
 (limited by GPU memory)
-------------------------------------------------------------------
Not using d-functions. Configuring GPUs accordingly.
0: CUBLAS initialized, available GPU memory: 8344MB
1: CUBLAS initialized, available GPU memory: 8344MB
2: CUBLAS initialized, available GPU memory: 8346MB
3: CUBLAS initialized, available GPU memory: 8346MB


Basis set:       6-31g
Total atoms:     416
Total charge:    -1
Total electrons: 1530 (765-alpha, 765-beta)
Number electrons modeled by ECPs: 0
Total orbitals:  2246
Total AO shells: 1438 (1034 S-shells; 404 P-shells; 0 D-shells; 0 F-shells; 0 G-shells)
Spin multiplicity: 1
Nuclear repulsion energy (QM atoms): 74222.334794404975 a.u.

DFTD Energy:    -3.5612406 hartree
=COSMO= Number of H atoms in QM atoms:214
=COSMO= Number of Heavy atoms in QM atoms:202
reached first line of InitCosmoSwigNoMatrix
q is allocated
B is allocated
Bz is allocated
z is allocated
c is allocated
=COSMO= No Matrix Cosmo Initialization finished.
=COSMO= ++++++++++++++++++++++++++++++ COSMO parameters ++++++++++++++++++++++++++++++
=COSMO= I. Cavity Information:
=COSMO= SAS(Solvent accesible surface) initialization finished
=COSMO= Time for initializing Molecular Surface:0.50017899 (sec)
=COSMO= Time for initializing cosmo calculation:0.14760100 (sec)
=COSMO= Cavity effective radius(Angstrom) (r_solv+r_vdw-dsc) was written into /tmp/lum/6i5a/refine4_weight1_stpmax_0.7_d3/ase/10/scr/ratom.txt
=COSMO= Solvent Dielectric Constant:78.390000
=COSMO= Cosmo Solvent radius:0.000000
=COSMO= Cosmo charge scaling method:0
=COSMO= Cavity built with Lebedev Grid
=COSMO= Grid points/QM Hydrogen: 110
=COSMO= Grid points/QM Heavy atom: 110
=COSMO= Herbert Switching-Gaussian method turned on
=COSMO= After removing points inside of SAS:
=COSMO= Total number of segments on molecular surface:21175
=COSMO= Number of segments belonging to QM atoms:21175
=COSMO= Total surface area of cavity: 2660.6078(Angstrom^2)
=COSMO= Total volume of cavity: 1520.6569 (Angstrom^3)
=COSMO= II. COSMO integral options:
=COSMO= Building COMSO c vector with original algorithm
=COSMO= COSMO one-electron integral threshold: 1e-12 
=COSMO= III. Linear solver options:
=COSMO= Initialize COSMO for A matrix in no matrix storage form
=COSMO= CG precondtioner:Jacobi
=COSMO= Tight CG convergence threshold:1e-06
=COSMO= CG dynamic threshold: on
=COSMO= Adjust CG convergence threshold dynamically
=COSMO= IV. PCM field read/write options:
=COSMO= PCM field is not written to files
=COSMO= No PCM field file is read in
=COSMO= ++++++++++++++++++++++++++++++++++++++++++++++++++++++++++++++++++++++++++++++++

                      *** Start SCF Iterations ***

 Iter     DIIS Error       Energy change         Energy              E_PCM      Time(s)
---------------------------------------------------------------------------------------
         >>> Purifying P... IDMP = 3.99e-14 <<<
THRESPDP set to 1.00e+00
   1     0.2164808219   -9565.0261009084   -9565.0261009084     -0.8292500878   12.12  
   2     0.1746138703     -47.4354129698   -9612.4615138782     -0.4375635252   11.82  
   3     0.0534699652      -6.4579555535   -9618.9194694317     -0.6009865910   11.37  
   4     0.0243530189      -0.8389739037   -9619.7584433355     -0.5131935399   10.77  
   5     0.0053060163      -0.1200035647   -9619.8784469001     -0.5540397037   10.13  
THRESPDP set to 7.09e-05
   6     0.0030405363      -0.0111281141   -9619.8895750143     -0.5614723929   11.34  
   7     0.0016736458      -0.0021482389   -9619.8917232532     -0.5649492164    7.49  
   8     0.0008771981      -0.0004368071   -9619.8921600603     -0.5669204554    7.15  
   9     0.0005766986      -0.0000633911   -9619.8922234514     -0.5673061112    6.88  
  10     0.0003146704      -0.0000157366   -9619.8922391880     -0.5675097563    8.30  
  11     0.0001913043      -0.0000031073   -9619.8922422953     -0.5675413305    8.05  
  12     0.0000976355      -0.0000004068   -9619.8922427021     -0.5675496545    8.45  
  13     0.0000445072      -0.0000001490   -9619.8922428510     -0.5675464399    8.78  
  14     0.0000183773      -0.0000008142   -9619.8922436652     -0.5675423895   11.60  
---------------------------------------------------------------------------------------
FINAL ENERGY: -9619.8922436652 a.u.
DISPERSION CONTRIBUTION TO ENERGY: -3.5612405676 a.u.
C-PCM contribution to final energy:-0.5675423895 a.u. ( already included in final energy )
Computing C-PCM contribution to gradient...
CENTER OF MASS: {25.883105, 29.402569, 30.474795} ANGS
DIPOLE MOMENT: {-34.464954, -59.184652, -4.521854} (|D| = 68.637477) DEBYE
Cannot open /tmp/lum/6i5a/refine4_weight1_stpmax_0.7_d3/ase/10/scr
Writing out molden info

Gradient units are Hartree/Bohr
---------------------------------------------------
        dE/dX            dE/dY            dE/dZ
    0.0928878984     0.0016070683     0.0535291702
   -0.0136187438     0.0025991087     0.0174503684
    0.0215586665    -0.1163402065     0.0354438130
   -0.0312994815     0.0391473359    -0.0384464451
    0.0132164625    -0.0031222731    -0.0185630546
    0.0026386766    -0.0069399168     0.0098910623
   -0.0102248009    -0.0089612089    -0.0121909448
    0.0031739076     0.0240072297    -0.0056628110
    0.0192844044    -0.0060534941     0.0293869091
   -0.0078346735    -0.0165184313    -0.0048036971
   -0.0185634138    -0.0177715941    -0.0125141744
   -0.0030849419     0.0494350319    -0.0288610667
    0.0062129611     0.0094943055     0.0081196510
    0.0050374184    -0.0373938612     0.0243231732
    0.0217051056    -0.0095700674     0.0061254522
    0.0036880890    -0.0041183982     0.0013215698
   -0.0010872162     0.0005246663     0.0013237203
    0.0021716660    -0.0005010285    -0.0038858875
    0.0016074843     0.0067246941    -0.0005621233
   -0.0094877189     0.0066430445    -0.0158721574
    0.0072238025    -0.0002886135     0.0076293624
    0.0056466100    -0.0032194583     0.0083722866
   -0.0004477064     0.0006440213    -0.0026381581
   -0.0003396311     0.0017411131    -0.0011458199
    0.0726281906    -0.0444380998     0.0740191617
    0.0037764444    -0.0257318187    -0.0081359375
   -0.0070566121     0.0059075262     0.0687344521
   -0.0070718276     0.0010172318    -0.0327562585
    0.0012981407    -0.0075162259     0.0008466171
   -0.0027883340     0.0141213459     0.0004284326
    0.0006200276    -0.0230255315     0.0073094483
    0.0156012654    -0.0121405338    -0.0131631788
   -0.0014437248     0.0004627419     0.0051893008
   -0.0008400456     0.0019800719    -0.0055614671
   -0.0061445388    -0.0072726889     0.0008000244
    0.0060233327    -0.0037100266     0.0003508863
    0.0000280727    -0.0018604233    -0.0008736181
    0.0044076677     0.0072092185    -0.0018266039
   -0.0024311086     0.0055147910    -0.0108980454
   -0.0016804171     0.0065193388     0.0037887996
    0.0198924868    -0.0096775381    -0.0344469550
   -0.0096368664     0.0002378423     0.0116331001
    0.0015036727     0.0051624935    -0.0000457618
    0.0011916170    -0.0013672132     0.0032178604
    0.0031701462     0.0046146271    -0.0028061653
   -0.0111514223    -0.0017607392    -0.0083758622
   -0.0023201651     0.0020638440     0.0055669927
   -0.0003830532     0.0013566591    -0.0036813785
    0.0120975605    -0.0012410783     0.0128879645
    0.0035564628    -0.0006201974    -0.0002755336
   -0.0205484414     0.0017500615    -0.0064770988
    0.0241963344    -0.0036053511    -0.0111476617
    0.0010641400    -0.0009844597     0.0017761557
   -0.0017304592    -0.0012752605    -0.0051788518
   -0.0004935067    -0.0023805257    -0.0007415651
    0.0018247241     0.0010352060     0.0018071970
    0.0021637200    -0.0005988990    -0.0025808826
    0.0024138769    -0.0004702575     0.0047940248
   -0.0047517551    -0.0001642487    -0.0058404097
   -0.0009994327    -0.0002096640     0.0013472714
   -0.0056232656     0.0004419910     0.0113057155
   -0.0018902195     0.0129931053     0.0002918646
    0.0054278985    -0.0112958722     0.0042006175
   -0.0006260051     0.0096091428     0.0039513198
    0.0001611730    -0.0036993618    -0.0008391632
   -0.0163071625    -0.0075123429     0.0099189590
   -0.0277409868     0.0065930126     0.0130358412
   -0.0058885127     0.0043307747    -0.0016949892
    0.0034564360     0.0018442580    -0.0240566243
    0.0005773702    -0.0058462323     0.0065595745
   -0.0167843524     0.0552629566     0.0136222435
   -0.0048172246     0.0054660772     0.0321998245
   -0.0029222643    -0.0064765080    -0.0063917933
   -0.0009381506     0.0002330762     0.0006237152
    0.0063884172    -0.0039862867    -0.0087450406
    0.0098732289     0.0084507087    -0.0012633007
    0.0060584535    -0.0004549994     0.0058253338
    0.0147084878    -0.0060224971    -0.0173836464
    0.0048837087    -0.0009644127     0.0064535208
    0.0043987316    -0.0000382425    -0.0037989095
   -0.0009987514    -0.0057835358     0.0113770336
    0.0055966025    -0.0271235407     0.0029007421
    0.0087829586    -0.0168541853    -0.0184123661
    0.0017770697     0.0037413445    -0.0138614652
    0.0018864494    -0.0102740957    -0.0133578137
    0.0021761757    -0.0187910963    -0.0134421337
   -0.0096758869     0.0075716071     0.0035622060
    0.0169645603    -0.0062549898     0.0011057876
   -0.0058382617     0.0008509566     0.0038133848
    0.0077158274     0.0137491192    -0.0095226239
    0.0012223661    -0.0410821643    -0.0037022023
   -0.0004747465     0.0338746861     0.0082479374
   -0.0014700118     0.0251865188    -0.0041800567
   -0.0034515241    -0.0180817943    -0.0157634421
    0.0034283420    -0.0210221116     0.0152701235
    0.0064167780     0.0206009885     0.0278229556
   -0.0050385479    -0.0066957614    -0.0204016157
    0.0020412301     0.0108139121     0.0050594529
   -0.0006209524    -0.0020260304     0.0004264636
   -0.0026688098    -0.0070338559    -0.0021199192
   -0.0031715719     0.0012594355     0.0058386300
   -0.0011913448    -0.0054420989    -0.0074732589
   -0.0001204176    -0.0046802471     0.0001906568
    0.0002381865     0.0025599082     0.0010271024
   -0.0015559043    -0.0026703416    -0.0066067428
    0.0022313446     0.0090049575     0.0108929507
   -0.0148340009     0.0068148671     0.0020885622
   -0.0000089784    -0.0163709431     0.0095578070
    0.0080829517     0.0282136217    -0.0179689681
   -0.0048604414    -0.0200121110     0.0104559166
   -0.0088710009     0.0117880601    -0.0142069549
    0.0136764063     0.0080725315     0.0144337975
   -0.0063128668    -0.0066433136    -0.0056370535
   -0.0022555773    -0.0139860991     0.0105068793
    0.0063106541    -0.0011917850    -0.0062155123
    0.0039594909     0.0050562272    -0.0036251258
    0.0000772639    -0.0007383895     0.0009738077
   -0.0012495107    -0.0040640527     0.0033228372
   -0.0046491328     0.0031364704    -0.0131641867
    0.0041528729     0.0066780030     0.0029562042
   -0.0027503790    -0.0050368171     0.0041075778
   -0.0002410305     0.0068758108    -0.0043783897
   -0.0078022212    -0.0029244798    -0.0002595332
   -0.0025776788     0.0070951859     0.0007311277
    0.0073610997    -0.0083527082     0.0065324691
   -0.0002249043    -0.0004711549     0.0011135114
    0.0001318160    -0.0009226046     0.0000928653
   -0.0007873623     0.0022621126     0.0005673027
   -0.0013278383    -0.0003506902    -0.0000693793
   -0.0055682894     0.0038779593    -0.0030570846
    0.0283614339     0.0033776821     0.0038722177
   -0.0133809198    -0.0024539822    -0.0206166618
   -0.0067436668    -0.0067344996     0.0379622818
    0.0033467267     0.0103489393    -0.0058473212
   -0.0005833688    -0.0104440283    -0.0068083648
    0.0047722460     0.0046825102     0.0096220160
    0.0127692086     0.0054485342     0.0148418908
   -0.0024831779    -0.0016785952    -0.0005831183
   -0.0005783505     0.0039138570     0.0033105719
   -0.0011108692     0.0046534996     0.0027969382
   -0.0033956899     0.0017433164    -0.0017405364
   -0.0002235295     0.0002278444    -0.0015624119
    0.0012352742    -0.0045004814    -0.0038591669
   -0.0058397112     0.0036450920    -0.0032707509
    0.0006223245    -0.0049106260    -0.0045915079
   -0.0062001670    -0.0044096741    -0.0022509152
    0.0076190983    -0.0000775419    -0.0316512605
   -0.0108474957     0.0020089638     0.0024332246
    0.0022285545    -0.0139518956     0.0091908879
    0.0028326555     0.0079346252    -0.0058861478
    0.0041322571    -0.0031186719     0.0047983875
   -0.0035670418    -0.0000705071     0.0064506206
   -0.0089555240    -0.0034983322    -0.0049576832
   -0.0007308019     0.0052845731     0.0039197079
   -0.0024242831    -0.0046391058     0.0044802289
    0.0027462896     0.0008974358     0.0011146666
   -0.0030454185    -0.0009806518    -0.0003715749
    0.0000875015     0.0010718390    -0.0017959823
    0.0019634052     0.0028111995    -0.0047325455
    0.0027550681    -0.0020545201     0.0014704327
    0.0044496869     0.0023747445     0.0014232241
    0.0006902705     0.0010999586    -0.0008458651
    0.0016872091    -0.0024819887     0.0004798266
    0.0003289929     0.0004907141    -0.0014067098
   -0.0001761065    -0.0017170621    -0.0024158980
    0.0007100999     0.0082072332    -0.0032537429
   -0.0004402275    -0.0053483838    -0.0197567839
    0.0013673604     0.0043420051    -0.0165893884
   -0.0020534186    -0.0083012048     0.0143076616
    0.0121409405    -0.0088586792     0.0008933811
   -0.0065768261     0.0174502984    -0.0104207786
   -0.0028326883    -0.0118046110     0.0100066714
    0.0031059770     0.0001911111    -0.0010068396
   -0.0025501508    -0.0059767229     0.0043658707
   -0.0032477858     0.0030990385     0.0155217368
    0.0000476749     0.0034627489     0.0016012914
   -0.0021166387     0.0000316847     0.0006059633
    0.0025582465     0.0130205459     0.0005891369
    0.0001983973    -0.0048700735     0.0012597403
    0.0284195193    -0.0369397219     0.0057737082
    0.0004329665     0.0074634221    -0.0030768030
   -0.0170706116     0.0192497328     0.0078894063
    0.0096365504     0.0026408468    -0.0048244905
    0.0017775132    -0.0040288742     0.0022721013
   -0.0039443231     0.0007112446     0.0000269636
    0.0053244293    -0.0018307539     0.0011654993
    0.0060043397    -0.0156875685    -0.0044253909
   -0.0002468669    -0.0008178688     0.0019456122
   -0.0040719417     0.0013128929    -0.0001099927
   -0.0018600997     0.0009641665     0.0001519359
   -0.0014364928    -0.0015989344    -0.0001246459
   -0.0262544085     0.0477181584    -0.0104275373
   -0.0015538192    -0.0088434073     0.0003660170
   -0.0013656584    -0.0066933443     0.0205004401
    0.0068685436     0.0123648925    -0.0094588557
    0.0204386443     0.0116275372    -0.0147282213
    0.0077349313     0.0015481410     0.0088356965
   -0.0106872270    -0.0033269370    -0.0012389127
   -0.0146957407     0.0011626297    -0.0141591910
   -0.0016043885    -0.0169273609     0.0055806256
    0.0003434701     0.0021646257     0.0007743783
   -0.0035277009    -0.0054827778    -0.0007528573
   -0.0125385400    -0.0031509162     0.0077278336
   -0.0019878350    -0.0004109296     0.0017018616
    0.0005007065     0.0005368077     0.0009699884
    0.0019097502     0.0021767772     0.0011141794
    0.0051402695     0.0006090596    -0.0024103185
    0.0038128718    -0.0013163096     0.0105119263
    0.0041706759     0.0002718442    -0.0015942396
    0.0033267122    -0.0027006738     0.0010251249
   -0.0080089217    -0.0075271671    -0.0097506023
    0.0211592986    -0.0067732629    -0.0037124211
   -0.0121259632     0.0223251371    -0.0125523996
   -0.0096199609    -0.0173589719     0.0253611513
    0.0007559394    -0.0039001825    -0.0025219468
    0.0037649575     0.0100714806    -0.0015534971
    0.0097843945     0.0169231028     0.0171596996
    0.0002993053     0.0010101709     0.0018340836
   -0.0102263582    -0.0003581594     0.0045840168
   -0.0043177951    -0.0008127694     0.0028666950
   -0.0023452865    -0.0049175451    -0.0012975821
    0.0014117097    -0.0021237276     0.0005042292
   -0.0030157319    -0.0013420459     0.0021968047
   -0.0069220272    -0.0104089343    -0.0033679393
    0.0002795852    -0.0010159824    -0.0012262730
   -0.0034090782    -0.0004589586    -0.0109641364
    0.0256414091     0.0177131267    -0.0330605851
   -0.0094741630    -0.0123664713    -0.0027353066
    0.0029592470    -0.0190225778     0.0167545657
   -0.0009890272     0.0144175031    -0.0125123363
   -0.0029970308     0.0126692286     0.0046234145
    0.0012451940     0.0006172289    -0.0007868343
   -0.0017707717    -0.0134612849    -0.0003810406
   -0.0074973547    -0.0114489291     0.0158062830
    0.0026680189     0.0006585346     0.0037903587
   -0.0011990207    -0.0010743529    -0.0034013948
   -0.0001615142    -0.0003685501     0.0000918014
    0.0016706411     0.0010259862    -0.0009555324
    0.0031570764     0.0056688646     0.0011774041
    0.0002946666     0.0011844198     0.0006659272
    0.0051636873     0.0112063900    -0.0067320781
   -0.0091382610     0.0056498379     0.0077619017
    0.0308614165    -0.0696997762    -0.0094263516
    0.0014378034     0.0167860061    -0.0106734581
    0.0001448934     0.0187820380    -0.0040041240
   -0.0007711020    -0.0021292731     0.0020167281
    0.0018145579    -0.0051101911     0.0026576884
   -0.0041731052    -0.0072722851    -0.0004385992
   -0.0011795200    -0.0011999548     0.0017104211
    0.0056168061    -0.0088999097     0.0007808822
   -0.0267947946     0.0715386274    -0.0011222023
    0.0156093764     0.0120939419     0.0052908444
   -0.0535481835    -0.0395681163    -0.0053095932
    0.0040120563     0.0124967358    -0.0045112066
   -0.0003893084    -0.0023598116    -0.0041113436
   -0.0025202697     0.0026748335    -0.0028606421
    0.0030094053    -0.0034550870     0.0090593515
    0.0007290884    -0.0021447795    -0.0091025745
   -0.0025950406    -0.0205230357     0.0108570847
   -0.0071246211    -0.0084446916    -0.0008490834
    0.0008267275    -0.0004227057     0.0013719731
    0.0009472435     0.0000383340    -0.0001328003
    0.0020199652    -0.0015124848     0.0037449894
   -0.0003082356     0.0007613195     0.0000857388
    0.0001492681     0.0011285821    -0.0008445467
   -0.0043248156     0.0009779235    -0.0081325791
   -0.0036134669     0.0006533024     0.0055676370
    0.0018390216     0.0000101859     0.0026578403
    0.0017351857     0.0015756215     0.0000557535
    0.0569932037     0.0409036568     0.0063243144
   -0.0051150876    -0.0081387984    -0.0025284914
   -0.0008312768     0.0131339374    -0.0140475027
    0.0001214812    -0.0077526056     0.0122977534
   -0.0061050795     0.0100866749     0.0101285666
   -0.0031035783    -0.0033843876    -0.0130927552
    0.0061354172    -0.0108625982     0.0045184432
    0.0053752832    -0.0203610569     0.0001623462
   -0.0097297854    -0.0133935330     0.0081545152
    0.0003868499     0.0003589987     0.0001039807
    0.0041525269    -0.0002118290    -0.0059526601
   -0.0005906288    -0.0008898840    -0.0013198601
    0.0024816913    -0.0012646796     0.0044374065
   -0.0009460673     0.0081075451     0.0007111466
   -0.0014187414     0.0005442142     0.0006096687
   -0.0029198142     0.0028139715    -0.0041071013
   -0.0021873607     0.0157130532     0.0028927131
   -0.0022522242     0.0024478911    -0.0016530394
    0.0005506421     0.0013060278    -0.0002559125
    0.0029988500    -0.0037742659     0.0027888788
   -0.0087889401    -0.0109409193    -0.0118937040
    0.0572288252     0.0605900871    -0.0076115766
    0.0149333544    -0.0776117904     0.0404661619
   -0.0022791854    -0.0008758250    -0.0005022705
    0.0047193803     0.0008236275     0.0027404534
   -0.0032110732     0.0014081902     0.0066099120
    0.0908817317    -0.0053796404     0.0503106440
   -0.0074970893    -0.0098133092    -0.0121733308
   -0.0028713060    -0.0061344990    -0.0199407939
   -0.0017475059     0.0006392419     0.0028416252
    0.0059435084     0.0047813698    -0.0064814130
   -0.0265210680     0.0052392582    -0.0157247582
    0.0158090505     0.0016736097     0.0109602093
    0.0155414648    -0.0033686023     0.0110755851
    0.0185193554     0.0059146046     0.0006615453
    0.0103575202    -0.0018020873     0.0130107980
    0.0027128517    -0.0004940024     0.0022808522
    0.0039409410    -0.0007239251    -0.0005668834
   -0.0021544372    -0.0012802674    -0.0022315997
   -0.0051225472    -0.0004105645    -0.0046728010
    0.0109611079     0.0149694798     0.0227293936
   -0.0270169837    -0.0007851474     0.0132533416
    0.0724168621    -0.0032357719    -0.0191707372
    0.0068638974     0.0157057992    -0.0035615543
    0.0090628515     0.0022277489    -0.0105076127
   -0.0053970117     0.0060646496     0.0083162100
   -0.0013439665    -0.0127242725    -0.0124805893
    0.0058643006     0.0057710406    -0.0016558239
   -0.0045726709     0.0051727195    -0.0055317441
    0.0145435454     0.0033416567    -0.0090480496
   -0.0015396327     0.0004162358     0.0007891598
   -0.0041997235    -0.0012632907     0.0027568577
    0.0037347779    -0.0033435633    -0.0008058522
    0.0029369119     0.0067149880     0.0050183938
    0.0017070690    -0.0000382255     0.0035760528
   -0.0027946402     0.0042604045     0.0010426473
   -0.0009709975    -0.0030038086    -0.0023058601
   -0.0001343747    -0.0001269118     0.0003365296
   -0.0040891753    -0.0021718179     0.0021274140
    0.0241398509     0.0186575951     0.0878281253
    0.0132801941    -0.0040943849     0.0234719064
    0.0013210928     0.0054311595    -0.0119168813
   -0.0015148884     0.0003139578    -0.0012718112
    0.0103852275    -0.0003591746     0.0041779449
   -0.0046807616     0.0093105398     0.0019981518
   -0.0035634977    -0.0199847883     0.0043422045
    0.0027722276     0.0131270955    -0.0045267357
    0.0008925878     0.0004106073    -0.0024168492
    0.0160301700     0.0106062698     0.0155827242
   -0.0021543155     0.0029588769    -0.0073047468
   -0.0029617287     0.0036482824    -0.0079861964
    0.0017452336    -0.0011118934     0.0006673907
    0.0003417863     0.0004599738    -0.0008585663
    0.0036213020    -0.0016932904     0.0006102002
   -0.0087355120    -0.0287493904     0.0194944021
   -0.0162948821     0.0039410673    -0.0084549389
    0.0755661698     0.0714123276     0.0338535918
   -0.0073281439    -0.0365111750    -0.0010586343
    0.0088317268     0.0029804547     0.0008424130
   -0.0147955511    -0.0127623175    -0.0068799097
    0.0122007619    -0.0050839464     0.0000739030
    0.0135531466     0.0071786547    -0.0012462242
    0.0037476757     0.0177125582    -0.0080670689
    0.0077548195     0.0062818542     0.0018324648
   -0.0030389338    -0.0027810954     0.0011336931
   -0.0007275300    -0.0000761038     0.0000331471
    0.0006574835     0.0065291268     0.0044163773
   -0.0028899941     0.0014645722    -0.0008801518
   -0.0038062129    -0.0018478895    -0.0002789969
   -0.0015188406     0.0045930927     0.0034687650
   -0.0030449442     0.0015177925    -0.0017808905
   -0.0001023881    -0.0022200269    -0.0012985574
   -0.0023581860    -0.0013399874     0.0053271098
   -0.0003831629    -0.0689146377     0.0642898312
    0.0124178297    -0.0247172684     0.0137688719
    0.0314815227     0.0438911410    -0.1485355674
   -0.0357583186    -0.0440434327     0.1247984916
   -0.0001762812     0.0071180163     0.0092097742
    0.0016404954     0.0042197241    -0.0039669739
    0.0062374600    -0.0073694075     0.0059268704
    0.0180347278    -0.0124777269     0.0097484631
    0.0017705072     0.0006039517     0.0019619665
    0.0023019611     0.0031187586    -0.0044639542
   -0.0003955942    -0.0049729810    -0.0010787650
    0.0010016265     0.0004956882    -0.0000972838
   -0.0044112813     0.0005878919    -0.0048657669
    0.0010650940     0.0012137230    -0.0019442363
    0.0053797070     0.0014181915     0.0149049304
    0.0099632721     0.0186360941    -0.0135184950
    0.0714357580    -0.0714475471     0.0471965041
   -0.0274092748     0.0096385860    -0.0373973745
   -0.0032077005    -0.0026181693     0.0017560483
   -0.0074477214    -0.0020975872     0.0047134830
    0.0012172125    -0.0086273776     0.0048898175
   -0.0418616561     0.0836360141     0.0605041940
    0.0065673714     0.0004493063     0.0220423815
   -0.0370163915    -0.0869822547     0.0646188520
    0.0197697815     0.0123943253    -0.0437539494
    0.0012970653     0.0063093284    -0.0106971386
    0.0013231292    -0.0088420439    -0.0026698050
    0.0102250093     0.0133677736    -0.0153517324
    0.0003568246    -0.0166880514    -0.0053260662
   -0.0176796765    -0.0210286974     0.0274825104
   -0.0164018452     0.0149849736     0.0303433542
    0.0266489530     0.0000354575    -0.0448793157
   -0.0489506025    -0.0150235631     0.0705518269
    0.0007543200     0.0172807766     0.0106199819
    0.0000919258     0.0038605025    -0.0051314912
   -0.0011060103    -0.0007741519     0.0058946211
    0.0048924777     0.0022419146     0.0001170428
   -0.0039243961    -0.0039734767     0.0092742779
    0.0013188397     0.0039692194    -0.0009996033
    0.0032949553     0.0096046672    -0.0037000957
    0.0056473290    -0.0019143041    -0.0102048619
    0.0392796530     0.0199890514    -0.0546267831
   -0.1192523466     0.0193725900    -0.0629567543
    0.0097748713     0.0707636554     0.0029573471
   -0.0871730473     0.0854746718    -0.0588142624
   -0.0615042474     0.0306837255    -0.0329459279
   -0.1263201952     0.0016857469    -0.0485661301
   -0.0661247271    -0.0249650523     0.0230288203
   -0.0594099329    -0.0381669815    -0.1166987983
   -0.0565454662    -0.0368833106    -0.0265300457
   -0.0383708104     0.1062090549    -0.0744446500
   -0.0447022815     0.0541589219    -0.0119814672
    0.0295375356    -0.1043337707    -0.0802833300
    0.0148815676     0.0652751934    -0.0242289376
---------------------------------------------------
Net gradient: -1.158896e-09  3.069979e-09 -1.279670e-09
Net torque:    9.275224e-04 -5.459614e-05  4.130026e-03

Total processing time: 166.32 sec 

 Job finished: Sat May 25 17:00:51 2019

