Startfile from command line: /home/lum/6i5a/ase/8/8_capping.sp


       ***********************************************************
       *                    TeraChem v1.93P                      *
       *                 Hg Version: 79b87f121f2d                *
       *                   Production Version                    *
       *                Compiled without textures                *
       *           Chemistry at the Speed of Graphics!           *
       ***********************************************************
       * This program may only be used in connection with        *
       * a valid license from PetaChem, LLC. Use of this program *
       * or results thereof indicates acceptance of all terms    *
       * and conditions stated in the license and that a valid   *
       * license agreement between the user and PetaChem, LLC    *
       * exists. PetaChem, LLC does not warrant the correctness  *
       * of results or their suitability for any purpose.        *
       * Please email bugs, suggestions, and comments to         *
       *                  help@petachem.com                      *
       *                                                         *
       ***********************************************************


       ***********************************************************
       *  Compiled by toddmtz      Wed Aug 16 03:32:31 PDT 2017  *
       *  Supported architectures: sm_20 sm_30 sm_50 sm_60       *
       *  Cuda compilation tools, release 8.0, V8.0.44           *
       ***********************************************************


 Job started   Wed May  1 15:31:49 2019
 On cu35 (available memory: 57454 MB)

######################################### RUNTIME INFO ##########################################
/public/qmsoft/TeraChem/bin/terachem /home/lum/6i5a/ase/8/8_capping.sp 

NVRM version: NVIDIA UNIX x86_64 Kernel Module  396.26  Mon Apr 30 18:01:39 PDT 2018
GCC version:  gcc version 4.8.5 20150623 (Red Hat 4.8.5-4) (GCC) 

	linux-vdso.so.1 (0x00007ffc8f6f5000)
	libcurl.so.4 => /lib64/libcurl.so.4 (0x00002b5702bbe000)
	libintbox.so.1 => /public/qmsoft/TeraChem/lib/libintbox.so.1 (0x00002b5702e26000)
	libthcbox.so.1 => /public/qmsoft/TeraChem/lib/libthcbox.so.1 (0x00002b5722a34000)
	libgridbox.so.1 => /public/qmsoft/TeraChem/lib/libgridbox.so.1 (0x00002b572459e000)
	libdftbox.so.1 => /public/qmsoft/TeraChem/lib/libdftbox.so.1 (0x00002b5724a8f000)
	libcublas.so.8.0 => /public/qmsoft/TeraChem/lib/libcublas.so.8.0 (0x00002b5724da0000)
	libcufft.so.8.0 => /public/qmsoft/TeraChem/lib/libcufft.so.8.0 (0x00002b5727750000)
	libcuda.so.1 => /public/qmsoft/TeraChem/lib/libcuda.so.1 (0x00002b573059e000)
	libcudart.so.8.0 => /public/qmsoft/TeraChem/lib/libcudart.so.8.0 (0x00002b573151e000)
	libcrypto.so.10 => /lib64/libcrypto.so.10 (0x00002b5731784000)
	libssl.so.10 => /lib64/libssl.so.10 (0x00002b5731b6b000)
	libm.so.6 => /lib64/libm.so.6 (0x00002b5731dd8000)
	libcilkrts.so.5 => /public/qmsoft/TeraChem/lib/libcilkrts.so.5 (0x00002b57320da000)
	libstdc++.so.6 => /lib64/libstdc++.so.6 (0x00002b573231b000)
	libgcc_s.so.1 => /lib64/libgcc_s.so.1 (0x00002b5732623000)
	libpthread.so.0 => /lib64/libpthread.so.0 (0x00002b5732839000)
	libdl.so.2 => /lib64/libdl.so.2 (0x00002b5732a57000)
	libc.so.6 => /lib64/libc.so.6 (0x00002b5732c5b000)
	/lib64/ld-linux-x86-64.so.2 (0x00002b570299b000)
	libidn.so.11 => /lib64/libidn.so.11 (0x00002b5733008000)
	libssh2.so.1 => /lib64/libssh2.so.1 (0x00002b573323b000)
	libssl3.so => /lib64/libssl3.so (0x00002b5733465000)
	libsmime3.so => /lib64/libsmime3.so (0x00002b57336a7000)
	libnss3.so => /lib64/libnss3.so (0x00002b57338ce000)
	libnssutil3.so => /lib64/libnssutil3.so (0x00002b5733bf4000)
	libplds4.so => /lib64/libplds4.so (0x00002b5733e20000)
	libplc4.so => /lib64/libplc4.so (0x00002b5734024000)
	libnspr4.so => /lib64/libnspr4.so (0x00002b5734229000)
	libgssapi_krb5.so.2 => /lib64/libgssapi_krb5.so.2 (0x00002b5734467000)
	libkrb5.so.3 => /lib64/libkrb5.so.3 (0x00002b57346b3000)
	libk5crypto.so.3 => /lib64/libk5crypto.so.3 (0x00002b5734998000)
	libcom_err.so.2 => /lib64/libcom_err.so.2 (0x00002b5734bca000)
	liblber-2.4.so.2 => /lib64/liblber-2.4.so.2 (0x00002b5734dce000)
	libldap-2.4.so.2 => /lib64/libldap-2.4.so.2 (0x00002b5734fdd000)
	libz.so.1 => /lib64/libz.so.1 (0x00002b5735230000)
	librt.so.1 => /lib64/librt.so.1 (0x00002b5735446000)
	libnvidia-fatbinaryloader.so.396.26 => /lib64/libnvidia-fatbinaryloader.so.396.26 (0x00002b573564e000)
	libkrb5support.so.0 => /lib64/libkrb5support.so.0 (0x00002b573589a000)
	libkeyutils.so.1 => /lib64/libkeyutils.so.1 (0x00002b5735aa9000)
	libresolv.so.2 => /lib64/libresolv.so.2 (0x00002b5735cad000)
	libsasl2.so.3 => /lib64/libsasl2.so.3 (0x00002b5735ec4000)
	libselinux.so.1 => /lib64/libselinux.so.1 (0x00002b57360e1000)
	libcrypt.so.1 => /lib64/libcrypt.so.1 (0x00002b5736306000)
	libpcre.so.1 => /lib64/libpcre.so.1 (0x00002b573653d000)
	liblzma.so.5 => /lib64/liblzma.so.5 (0x00002b573679e000)
#################################################################################################

       ********************** License Check **********************
       * Use license from: /public/qmsoft/TeraChem/license.dat
       * Available Host id: 0CC47AE5BB3E
       * Available Host id: 0CC47AE5BB3F
       * Available Host id: 5254009482E9
       * Available Host id: 5254009482E9
       * License Host id: 0CC47AE5BB3E
       * License expires: 2019-10-21
       ********************** License OK *************************
Scratch directory: /tmp/lum/6i5a/ase/8/scr
Random number seed: 1894825601

XYZ coordinates /home/lum/6i5a/ase/8/8_capping.xyz
Molden File Output: /tmp/lum/6i5a/ase/8/scr/8_capping.molden
Using basis set: 6-31g
Spin multiplicity: 1
DIIS will use up to 10 vectors.
WF convergence threshold: 3.00e-05
Using DIIS algorithm to converge WF
Maximum number of SCF iterations: 500
Incremental fock with rebuild every 8 iterations
Will switch to conventional Fock if diffuse functions are detected
X-matrix tolerance: 1.00e-04
PRECISION: DYNAMIC
DFT Functional requested: hf
Method: Hartree-Fock 
Wavefunction: RESTRICTED
Initial guess generated by maximum overlap

********************************************
**** SINGLE POINT GRADIENT CALCULATIONS ****
********************************************
SCF:   Initial guess is taken from previous step
COSMO model for polarizable continuum model enabled

using 4 out of 4 CUDA devices
   Device 0:  GeForce GTX 1080 Ti, 11178MB, CC 6.1 -- CPU THREAD 0
   Device 1:  GeForce GTX 1080 Ti, 11178MB, CC 6.1 -- CPU THREAD 1
   Device 2:  GeForce GTX 1080 Ti, 11178MB, CC 6.1 -- CPU THREAD 2
   Device 3:  GeForce GTX 1080 Ti, 11178MB, CC 6.1 -- CPU THREAD 3
-------------------------------------------------------------------
Compiled with MAGMA support.  MAGMA parameters:
    Matrices larger than 5000 square will be treated with MAGMA
       (Change by setting the MagmaMinN environment variable)
    Magma will use 1 out of 4 GPUs
       (Change by setting the MagmaNGPUs environment variable)
-------------------------------------------------------------------
 CPU Memory Available: 8018.12 MegaWords 
 GPU Memory Available: 1141.31 MegaWords 
 Maximum recommended basis set size: 12200 basis functions
 (limited by GPU memory)
-------------------------------------------------------------------
Not using d-functions. Configuring GPUs accordingly.
0: CUBLAS initialized, available GPU memory: 8348MB
1: CUBLAS initialized, available GPU memory: 8346MB
2: CUBLAS initialized, available GPU memory: 8344MB
3: CUBLAS initialized, available GPU memory: 8344MB


Basis set:       6-31g
Total atoms:     457
Total charge:    -1
Total electrons: 1766 (883-alpha, 883-beta)
Number electrons modeled by ECPs: 0
Total orbitals:  2573
Total AO shells: 1625 (1151 S-shells; 474 P-shells; 0 D-shells; 0 F-shells; 0 G-shells)
Spin multiplicity: 1
Nuclear repulsion energy (QM atoms): 94247.616544864286 a.u.

=COSMO= Number of H atoms in QM atoms:220
=COSMO= Number of Heavy atoms in QM atoms:237
reached first line of InitCosmoSwigNoMatrix
q is allocated
B is allocated
Bz is allocated
z is allocated
c is allocated
=COSMO= No Matrix Cosmo Initialization finished.
=COSMO= ++++++++++++++++++++++++++++++ COSMO parameters ++++++++++++++++++++++++++++++
=COSMO= I. Cavity Information:
=COSMO= SAS(Solvent accesible surface) initialization finished
=COSMO= Time for initializing Molecular Surface:0.60240100 (sec)
=COSMO= Time for initializing cosmo calculation:0.19504201 (sec)
=COSMO= Cavity effective radius(Angstrom) (r_solv+r_vdw-dsc) was written into /tmp/lum/6i5a/ase/8/scr/ratom.txt
=COSMO= Solvent Dielectric Constant:78.390000
=COSMO= Cosmo Solvent radius:0.000000
=COSMO= Cosmo charge scaling method:0
=COSMO= Cavity built with Lebedev Grid
=COSMO= Grid points/QM Hydrogen: 110
=COSMO= Grid points/QM Heavy atom: 110
=COSMO= Herbert Switching-Gaussian method turned on
=COSMO= After removing points inside of SAS:
=COSMO= Total number of segments on molecular surface:24401
=COSMO= Number of segments belonging to QM atoms:24401
=COSMO= Total surface area of cavity: 3155.9779(Angstrom^2)
=COSMO= Total volume of cavity: 1828.2564 (Angstrom^3)
=COSMO= II. COSMO integral options:
=COSMO= Building COMSO c vector with original algorithm
=COSMO= COSMO one-electron integral threshold: 1e-12 
=COSMO= III. Linear solver options:
=COSMO= Initialize COSMO for A matrix in no matrix storage form
=COSMO= CG precondtioner:Jacobi
=COSMO= Tight CG convergence threshold:1e-06
=COSMO= CG dynamic threshold: on
=COSMO= Adjust CG convergence threshold dynamically
=COSMO= IV. PCM field read/write options:
=COSMO= PCM field is not written to files
=COSMO= No PCM field file is read in
=COSMO= ++++++++++++++++++++++++++++++++++++++++++++++++++++++++++++++++++++++++++++++++

                      *** Start SCF Iterations ***

 Iter     DIIS Error       Energy change         Energy              E_PCM      Time(s)
---------------------------------------------------------------------------------------
         >>> Purifying P... IDMP = 3.62e-14 <<<
THRESPDP set to 1.00e+00
   1     0.2384851053  -11239.0754778477  -11239.0754778477     -0.9620841881   15.33  
   2     0.1216984191     -55.6471056313  -11294.7225834789     -0.6405550083   15.12  
   3     0.0560987838      -7.0420120961  -11301.7645955750     -0.7032248896   14.74  
   4     0.0236821498      -0.9289647165  -11302.6935602915     -0.6385844283   13.47  
   5     0.0059074175      -0.1375871491  -11302.8311474406     -0.6738979636   12.58  
THRESPDP set to 5.59e-05
   6     0.0027547439      -0.0122479351  -11302.8433953758     -0.6794367040   14.91  
   7     0.0016883583      -0.0024840750  -11302.8458794508     -0.6827007408   10.89  
   8     0.0011117961      -0.0004786654  -11302.8463581161     -0.6841402214   10.07  
   9     0.0007549879      -0.0000685941  -11302.8464267103     -0.6844828774    9.07  
  10     0.0004216619      -0.0000171598  -11302.8464438700     -0.6846574114    9.74  
  11     0.0002588274      -0.0000001705  -11302.8464440406     -0.6847088703    9.81  
  12     0.0001341231      -0.0000032422  -11302.8464472828     -0.6847245185   10.41  
  13     0.0000693770      -0.0000240371  -11302.8464713199     -0.6847294753   10.31  
  14     0.0000304490      +0.0000176008  -11302.8464537190     -0.6847262337   14.01  
  15     0.0000147902      -0.0000144822  -11302.8464682013     -0.6847254554    8.20  
---------------------------------------------------------------------------------------
FINAL ENERGY: -11302.8464682013 a.u.
C-PCM contribution to final energy:-0.6847254554 a.u. ( already included in final energy )
Computing C-PCM contribution to gradient...
CENTER OF MASS: {19.795604, 13.226879, 29.017424} ANGS
DIPOLE MOMENT: {-21.923436, -30.322599, 24.706354} (|D| = 44.838610) DEBYE
Cannot open /tmp/lum/6i5a/ase/8/scr
Writing out molden info

Gradient units are Hartree/Bohr
---------------------------------------------------
        dE/dX            dE/dY            dE/dZ
    0.0915887930    -0.0419752055    -0.0248798870
    0.0036021989    -0.0451699694     0.0470839372
   -0.0441176932     0.0107762223     0.0365500148
    0.0108469238    -0.0141033025     0.0325178872
    0.0436115950    -0.0088726658     0.0126698242
   -0.0715030694    -0.0066224459     0.0154863353
    0.0148602651    -0.0008468673     0.0036529091
    0.0542818733     0.0167472266    -0.0329294080
   -0.0138199938    -0.0071111392     0.0135012998
   -0.0258974335    -0.0101635676     0.0235258990
    0.0032857246     0.0174226786    -0.0331528240
    0.0045037841    -0.0087346956     0.0128697287
    0.0140327007    -0.0277312863     0.0097495925
   -0.0007007794     0.0207921288    -0.0174125698
   -0.0022839858     0.0112174661    -0.0121503331
   -0.0017662410    -0.0058643284    -0.0069789123
    0.0002737453     0.0009148281    -0.0027445503
   -0.0008300719    -0.0062572760     0.0091458429
    0.0002591155     0.0005608251    -0.0001516331
    0.0040141679     0.0021190858    -0.0056141602
    0.0002562258     0.0051177378    -0.0065170039
    0.0321501790     0.0085133752     0.1122060322
   -0.0134916667    -0.0048120948     0.0098617739
    0.0240182198     0.0122976104    -0.0891446977
   -0.0659334655     0.0368579766     0.0448395902
   -0.0261975579     0.0195048053    -0.0101713039
   -0.0067967956     0.0080880316     0.0366394772
   -0.0091776587     0.0112304073    -0.0203331387
    0.0083915838     0.0012855721     0.0059200157
    0.0147496601     0.0039838467     0.0075891136
    0.0150908615     0.0052483506     0.0138579713
    0.0159336132     0.0007572953     0.0037172104
    0.0135228332     0.0000123944     0.0038428827
    0.0070167126    -0.0037822877    -0.0063167885
    0.0027534735    -0.0003141848    -0.0011209169
    0.0084805408    -0.0156444762    -0.0170400406
   -0.0073842919    -0.0021961124    -0.0027674950
   -0.0046772909    -0.0063925581     0.0024792692
    0.0269078414     0.0475732816     0.0577295414
   -0.0045451950     0.0301611086    -0.0143883867
   -0.0037617698     0.0068219884     0.0345147123
    0.0157356612    -0.0081337527    -0.0108642834
    0.0223782981     0.0246808530     0.0301406309
   -0.0598298232    -0.0102455102    -0.0390013097
    0.0509773505    -0.0050022242    -0.0036139653
   -0.0166066076     0.0148756977     0.0530082487
   -0.0247712296     0.0060630415     0.0253814229
    0.0735304473    -0.0235345884    -0.0711207008
   -0.0253893244     0.0030941759     0.0061145994
    0.0271219873     0.0335076375    -0.0059763221
    0.0071486583    -0.0008130199     0.0028739480
   -0.0152060794    -0.0068802798     0.0015479656
   -0.0010741885    -0.0009222159    -0.0058139253
   -0.0043796636     0.0004194722     0.0001959121
    0.0147196913    -0.0019335211    -0.0039840002
    0.0067542848    -0.0005989426    -0.0025767368
   -0.0331687701     0.0088369933     0.0260669987
    0.0026074469    -0.0031716915    -0.0110540693
    0.0045191845    -0.0364741208    -0.0625332698
    0.0176398288     0.0333423044     0.0354646434
    0.0077951183     0.0428908378    -0.0173556260
    0.0115028012     0.0200630096     0.0431147139
   -0.0055528889    -0.0036030154    -0.0084123803
    0.0128910727    -0.0247808908    -0.0355912721
    0.0239651401    -0.0581642166     0.0513263585
   -0.0238889482     0.0227625484     0.0039661217
   -0.0241158762     0.0109434732     0.0109859828
   -0.0017788373    -0.0005178950    -0.0018433050
   -0.0009073458     0.0010847979    -0.0007630753
   -0.0015477738     0.0027837803     0.0107778746
   -0.0025579461     0.0099133181     0.0203569621
    0.0068985861     0.0296269473    -0.0365815013
   -0.0236241790     0.0206935758    -0.0064942680
    0.0003577575     0.0066749178     0.0015975676
    0.0005902684    -0.0073659092     0.0042674318
    0.0015901492    -0.0029923710    -0.0045033678
    0.0061265629    -0.0000087917     0.0009619858
   -0.0823572820    -0.0266968669     0.0904369792
   -0.0052956910     0.0060502199    -0.0110142243
    0.0711849450     0.0012797457    -0.0228144251
    0.0053613049    -0.0044798387     0.0588501287
   -0.0067453555     0.0116554525     0.0130817099
   -0.0511903435     0.0057859717    -0.0306560660
    0.0319161082     0.0076805636    -0.0174048623
    0.0202614901    -0.0069770319     0.0260793364
    0.0537727544    -0.0011987799     0.0005864631
   -0.0274232398    -0.0105119164     0.0392704840
   -0.0172949454    -0.0024435496     0.0002084694
    0.0518430098    -0.0000636140    -0.0070520794
    0.0113848147     0.0038384049    -0.0054345346
   -0.0408314848     0.0077787078    -0.0390987424
   -0.0155017786     0.0009364733     0.0016029395
   -0.0006031717     0.0010316101     0.0140629651
   -0.0029719378    -0.0005719446    -0.0051356074
    0.0049785157     0.0003902240    -0.0012323662
    0.0047193410    -0.0033984843     0.0093843679
   -0.0338019170    -0.0020609957     0.0020398996
    0.0000831982     0.0014608735     0.0009230938
   -0.0101312054    -0.0000542763     0.0021566735
    0.0004739126    -0.0008758309    -0.0015516045
    0.0007318755    -0.0037296208     0.0136828139
    0.1079087077    -0.0478720947    -0.0710341624
    0.0092838368    -0.0794457607    -0.0136471142
   -0.0688512055    -0.0510932064    -0.0310333779
    0.0024841156     0.0152632727     0.0012086594
    0.0192618393     0.0178521514    -0.0136406372
   -0.0277528385     0.0396922043     0.0433741054
    0.0134915586    -0.0006510510     0.0132889231
   -0.0046472973     0.0413785545     0.0170502642
   -0.0057187027     0.0038152020     0.0045379120
   -0.0019486073    -0.0105233059     0.0006599416
    0.0067294541    -0.0183824324    -0.0371749916
    0.0157341749    -0.0142154413    -0.0019867055
   -0.0080127723     0.0093649337     0.0023030632
   -0.0082508215    -0.0038550621     0.0027257973
   -0.0884168224    -0.0218972273    -0.0390769123
   -0.0790212013     0.0236472414     0.0780584030
    0.0524027627     0.0307741191    -0.0032197500
   -0.0146366195    -0.0058060948     0.0079397277
   -0.0026684860    -0.0007444239    -0.0267753719
   -0.0433687623     0.0169139075     0.0138109171
   -0.0077194458    -0.0181214618    -0.0063007888
   -0.0027734967     0.0825134666     0.0117561355
    0.0031769036    -0.1266410095    -0.0243298640
   -0.0010716201     0.0987034859     0.0225182536
   -0.0012962984     0.0645166077     0.0089941696
   -0.0290752124     0.0457230944     0.0212271262
    0.0446943922    -0.0203553188    -0.0351700712
    0.0062557992     0.0037538767     0.0037686316
    0.0006194912    -0.0043264260    -0.0003310136
    0.0152584855     0.0052737666     0.0041449332
    0.0216716691    -0.0123264728    -0.0129503948
    0.0096999471     0.0060509973     0.0023734816
   -0.0000751071    -0.0011782683    -0.0004084880
    0.0024948959    -0.0315551929    -0.0224094461
    0.0000088536    -0.0063621571    -0.0110478419
   -0.0007632777    -0.0275999584     0.0149116670
    0.0004689389    -0.0240947170    -0.0094908333
    0.0003301079    -0.0215855831     0.0048889233
   -0.0348406265    -0.0193499184     0.0096928022
    0.0025111776     0.0285182628    -0.0330403883
    0.0149178935    -0.0545531042     0.0109332675
    0.0033423696     0.0446000399    -0.0125548547
   -0.0280947995     0.0119784970     0.0152821985
    0.0269359295    -0.0470681810    -0.0096185350
    0.0309675798     0.0815923503     0.0223198316
   -0.0321630469     0.0320711858     0.0050844147
   -0.0528054972    -0.0565581638    -0.0192671227
    0.0268357151     0.0022909135     0.0019614023
   -0.0309586594     0.0066339223     0.0016242760
    0.0118264037     0.0037771800    -0.0108135192
   -0.0009580747    -0.0150421939     0.0119494003
    0.0147221783    -0.0085513307    -0.0055148482
    0.0021945084     0.0013029931     0.0009128944
    0.0016545763    -0.0219125681    -0.0053160530
    0.0153735693    -0.0059097992    -0.0002372123
    0.0122958078    -0.0008174127     0.0010400990
   -0.0016392053    -0.0056955766    -0.0012842706
    0.0090670696     0.0081527440     0.0027735210
   -0.0216004168     0.0029590668     0.0121831380
   -0.0187089584    -0.0175130159    -0.0398679252
    0.0014509136     0.0250382621     0.0614400336
   -0.0014154447    -0.0100372209    -0.0346739072
    0.0124332184    -0.0268093927    -0.0318160425
   -0.0222535026     0.0199738789     0.0287854302
    0.0445642567    -0.0140604365    -0.0020679518
    0.0102830337     0.0188576692     0.0208634758
    0.0084069190     0.0099354147     0.0151789063
   -0.0122570754     0.0081638864     0.0143393882
    0.0011191917    -0.0011184011    -0.0022407538
   -0.0002121965    -0.0058074631    -0.0123935078
   -0.0016274536     0.0009433025    -0.0010119162
   -0.0183210164     0.0062393979    -0.0103144261
    0.0089868127    -0.0208238398    -0.0325524351
   -0.0038731798    -0.0080091793    -0.0263665179
    0.0126843695    -0.0003840730     0.0077509060
   -0.0019056233     0.0002744388     0.0039357388
    0.0357491107     0.0217634020     0.0189974882
   -0.0160141625     0.0299581893     0.0180467408
    0.0060580666     0.0081573720    -0.0010005129
    0.0042504198    -0.0376030657    -0.0165643363
   -0.0028269103     0.0025797794     0.0215170440
   -0.0052365075     0.0003289049     0.0090145873
   -0.0031638554    -0.0007045417    -0.0022950007
   -0.0247020880    -0.0069404033    -0.0073125928
   -0.0299224187    -0.0047192798    -0.0473281196
    0.0233225293    -0.0309486974     0.0294800770
    0.0064289209     0.0338611438     0.0025096402
   -0.0136332492    -0.0091454990    -0.0128018409
    0.0122185023     0.0197016421     0.0371612792
    0.0151505882    -0.0244606634    -0.0217610096
    0.0025362188     0.0043651584     0.0291152863
    0.0023015863     0.0094228538    -0.0211808809
    0.0003611269     0.0026425762    -0.0162150807
   -0.0181015968    -0.0032825966    -0.0100503022
   -0.0167746602     0.0122489791     0.0176536487
    0.0129640279    -0.0035355478     0.0147592899
    0.0247572073     0.0049079012     0.0094286386
   -0.0571676750    -0.0321354668     0.0035215319
    0.0260424049     0.0049720168    -0.0102979013
   -0.0030081850     0.0030838356    -0.0014346770
    0.0293322927     0.0131221620     0.0197659340
   -0.0051371771     0.0005288747    -0.0005816859
   -0.0232461078    -0.0147355807    -0.0193847590
   -0.0099626367    -0.0042517779    -0.0075000943
   -0.0131259088    -0.0019844556    -0.0038842702
    0.0005334384     0.0012351823    -0.0007256609
   -0.0013801817    -0.0040772995     0.0000606051
    0.0549210938     0.0322198424    -0.0111677951
    0.0023021906    -0.0113427191     0.0114039677
   -0.0569328277     0.0533467283     0.0258415762
    0.0014171617    -0.0021903886    -0.0001941001
    0.0088686769     0.0001340257    -0.0229976156
   -0.0145793931     0.0166469959     0.0170069879
    0.0302125644    -0.0495890079    -0.0038836634
   -0.0048891110    -0.0106998955     0.0311252229
   -0.0532672645     0.0790039046     0.0277775445
    0.0216874991    -0.0043124600    -0.0588294712
    0.0121273653     0.0007383465    -0.0595582084
   -0.0289474946    -0.0027976511     0.0145505168
   -0.0004605758    -0.0003620654     0.0007899332
   -0.0086195482    -0.0004585064     0.0060692950
   -0.0002115660    -0.0013261614     0.0019817646
   -0.0084690180     0.0068949535     0.0135769967
    0.0040254062    -0.0054395613    -0.0037852291
    0.0198846745    -0.0324312792    -0.0031576700
   -0.0133605259     0.0092227003     0.0246393709
    0.0021633643    -0.0125953749     0.0226923279
   -0.0326276526     0.0888311163     0.0501858568
    0.0027337526     0.0204773134     0.0055218187
   -0.0055053717    -0.0624810595    -0.0006284141
   -0.0049616658     0.0004448430     0.0169309671
   -0.0258750443    -0.0350798756     0.0257371572
    0.0437749012     0.0329172048    -0.0716093269
   -0.0537204060     0.0227926102     0.0895529469
   -0.0281129198    -0.0182114530     0.0526019137
    0.0265820717    -0.0503604889    -0.0409112825
    0.0052771343     0.0185889301    -0.0100112088
    0.0066231804    -0.0402188255    -0.0201420113
   -0.0043548481     0.0229030070     0.0121055238
    0.0004282623     0.0122589637     0.0249757539
    0.0003379299    -0.0037830538     0.0091921299
   -0.0001451533     0.0068254246    -0.0076640480
    0.0193132209     0.0229121153    -0.0076296623
    0.0153172960     0.0015820090    -0.0229564741
    0.0023868752     0.0109061827    -0.0056883195
   -0.0006128444     0.0082550770     0.0004214500
   -0.0002754096    -0.0039288858     0.0008506018
   -0.0042183735    -0.0012135404     0.0049344121
    0.0245942394     0.0706300430    -0.0417491615
   -0.0113640754    -0.0056948941     0.0200356993
    0.0351317271    -0.1070864337    -0.0619231858
   -0.0413583868     0.0338954349     0.0266343390
   -0.0178099748    -0.0556579395    -0.0422808449
    0.0116115431    -0.0090915688     0.0226505916
   -0.0105066339     0.0030616520     0.0000252089
    0.0462777817     0.0335481431    -0.1023631000
   -0.0089772135    -0.0070916336     0.0187698192
    0.0019384290     0.0040040871    -0.0067996439
   -0.0018487051     0.0312094858     0.0308016310
    0.0180711782     0.0135756976     0.0008857701
   -0.0056174314    -0.0250359143     0.0483799724
   -0.0460025452     0.0028145340     0.0344218139
    0.0578214065     0.0657598735     0.0199655173
   -0.0217785924    -0.0057914446    -0.0035482791
    0.0024186632     0.0027663377    -0.0304305107
    0.0069190516    -0.0024145467     0.0088791392
    0.0100905429    -0.0115238325     0.0115114690
    0.0175531860    -0.0319882492     0.0579428829
   -0.0493878496     0.0166466457    -0.0250587548
    0.0082801038    -0.0674598629    -0.0216260121
   -0.0034167264     0.0371084877     0.0671082419
    0.0002229448     0.0315713230    -0.0055728881
    0.0039900047    -0.0828113999    -0.0852750680
   -0.0225560221     0.0111086056     0.0122180285
    0.0013619448    -0.0032301433     0.0041874472
    0.0019878232     0.0024870494    -0.0030220714
   -0.0144093701     0.0111698898    -0.0091356766
    0.0086471775     0.0105495210    -0.0288663496
   -0.0193018157     0.0148746145    -0.0143128409
    0.0209140829    -0.0114325606     0.0093802980
    0.0167193959     0.0078706235     0.0001110937
   -0.0015129087     0.0192692944    -0.0035066037
   -0.0004146119    -0.0030749887     0.0064524526
    0.0004420051    -0.0160979022    -0.0093666229
   -0.0002852643     0.0173298958     0.0024821931
   -0.0031631667     0.0558816919     0.0544007634
   -0.0717384914     0.0059967189     0.0475487076
    0.0150759322    -0.0224034632    -0.0325714193
   -0.0887476236     0.0412663823     0.0613962228
    0.0704408539    -0.0170517129    -0.0426386784
   -0.0224481178     0.0073287459     0.0066329566
    0.0628489474    -0.0318260222     0.0543814819
    0.0471125700    -0.0048853737    -0.0138926640
    0.0098867418     0.0072713390    -0.0003505095
    0.0016244064    -0.0052087873    -0.0041009644
    0.0098168930     0.0032268155    -0.0001216294
   -0.0573233974     0.0291542665    -0.0494653243
    0.0683754160    -0.0339853624    -0.0570727070
    0.0271116749     0.0233011653     0.0199358038
    0.0027981866    -0.0062677928    -0.0281935016
   -0.0190029243     0.0198396893     0.0266978641
   -0.0544458314    -0.0277213202    -0.0051879029
    0.2029216411     0.0923670486     0.0308616360
   -0.0472997381     0.0102637528     0.0311067045
   -0.0075347117    -0.0018603239     0.0103984196
    0.0011149022     0.0060090988     0.0052953419
    0.0065150367    -0.0029892999     0.0030675328
   -0.1774701715    -0.0792540610    -0.0483981385
    0.0736645517    -0.0516257610    -0.0424390552
   -0.0278718739     0.0369084851     0.0215319144
   -0.0625252908     0.0780671033     0.0206389923
    0.0500767073    -0.0289269394    -0.0156659730
    0.0132140301     0.0135982342    -0.0031726386
   -0.0492556852     0.0472057453    -0.0295836226
    0.0813927211    -0.0596731531     0.0527709106
    0.0406514535    -0.0215364354     0.0284383107
   -0.0646276570     0.0243235944    -0.0413964027
   -0.0308536555     0.0443786606    -0.0198066304
    0.0380409066    -0.0388095414     0.0211349543
   -0.0420308977     0.0314239571     0.0364465295
   -0.0013329473    -0.0270220014    -0.0093382936
   -0.0002103943    -0.0015749721    -0.0006016660
    0.0024417242    -0.0133904591    -0.0024643664
   -0.0142318156    -0.0072611545    -0.0100103043
   -0.0050452498     0.0136058708    -0.0033496866
    0.0053679665    -0.0088903746     0.0029194187
    0.0015099660    -0.0004907873     0.0012038211
   -0.0118851261     0.0081266102    -0.0066606851
    0.0795157303    -0.1010662590    -0.0294349166
   -0.0349787000     0.0279305454     0.0009133812
    0.0720563693    -0.0112449014    -0.0130435865
   -0.0553143331     0.0073222673     0.0146092598
    0.0027083297     0.0148748281    -0.0194894211
   -0.0146624774    -0.0276299654     0.0237583317
    0.0035440487    -0.0019994244    -0.0341930302
   -0.0039341657     0.0112972065    -0.0053758891
    0.0023788880    -0.0043816024     0.0345087785
   -0.0570816169     0.0431444902     0.0209811054
    0.0123254168    -0.0113524616     0.0075411058
    0.0097159300    -0.0074644036     0.0032363008
   -0.0048374244    -0.0028913188     0.0024754898
    0.0004188887     0.0014705939    -0.0005669259
    0.0122294335     0.0163987961    -0.0091439732
   -0.0077600345     0.0008150822    -0.0062750605
   -0.0076480494     0.0019827519    -0.0019777174
   -0.0095751319     0.0181726248     0.0178591818
    0.0085164918    -0.0087684096    -0.0117576447
    0.0070067588     0.0018742350     0.0177551918
   -0.0368173832    -0.0406129262     0.0713201256
   -0.0000837221    -0.0010270987    -0.0011079883
    0.0036717081     0.0004197764     0.0000480684
    0.0103085587     0.0068397419    -0.0179468303
   -0.0002748605     0.0060592493     0.0012101159
    0.0227761023     0.0237621287    -0.0669663468
    0.0223140486    -0.0229388686    -0.0292904003
   -0.0007334378     0.0403447555     0.0062077132
    0.0582539580    -0.0667596461    -0.0258855865
   -0.0400688856     0.0508419366     0.0304795389
    0.0085857510    -0.0675710305     0.0114588684
   -0.0298101616     0.0422683966     0.0103483984
   -0.0170281912     0.0075418456     0.0167492023
    0.0006425504    -0.0015203238    -0.0053094042
    0.0006195596     0.0054382362    -0.0052000013
   -0.0023069517     0.0301087210     0.0058204625
    0.0123964452    -0.0281400694    -0.0173455407
   -0.0110337285    -0.0058147403    -0.0070327544
   -0.0164425534     0.0774091642     0.0006666415
    0.0638817427    -0.1370615079     0.0568734253
   -0.0374577142     0.0183844950    -0.0070473389
    0.0078676228     0.0319018366    -0.0115491739
    0.0188128468    -0.0312395645    -0.0051746130
    0.0021510139     0.0027668120     0.0062144011
    0.0117058486    -0.0475918719    -0.0108088442
    0.0086582036    -0.0036129006     0.0075470470
   -0.0136686071    -0.0078501429     0.0066048220
   -0.0170053744     0.0067967339    -0.0008483204
   -0.0589539222     0.1407112963    -0.0518502579
    0.0320722514    -0.0279633210     0.0044069025
   -0.0834718854    -0.0579955517    -0.0311543985
    0.0600244213     0.0416997682    -0.0000451006
    0.0342669755    -0.0188448852     0.0063025810
   -0.0076248875     0.0018045054    -0.0013084549
   -0.0142658451     0.0120033182     0.0070633181
    0.0659204369     0.0507869174     0.0369681984
   -0.0341288700    -0.0102179961     0.0007510875
    0.0159282781     0.0286152025     0.0106418776
    0.0052368223    -0.0044114090     0.0029350534
   -0.0041997476    -0.0037098569    -0.0343255467
   -0.0100460329    -0.0300765802    -0.0449055223
   -0.0052038849    -0.0261097247     0.0114591098
    0.0198995491     0.0184164882     0.0182703310
   -0.0389118326    -0.0263413402    -0.0003344254
    0.0146259073    -0.0023267502    -0.0026100725
    0.0039957448    -0.0005093716     0.0020498736
    0.0044647035     0.0172595103     0.0212595702
    0.0015301910     0.0198087600     0.0262040019
   -0.0037404745     0.0152535634    -0.0049304676
    0.0058697337     0.0027710476    -0.0004189447
   -0.0005123806     0.0037731774     0.0048788119
   -0.0013930559    -0.0026710867    -0.0010640899
   -0.0004851058    -0.0079088184    -0.0078256317
   -0.0028425600    -0.0014779608    -0.0007489897
   -0.0259464173    -0.0633759977    -0.0216434462
   -0.0101829656     0.0348609224     0.0010926270
    0.0136005493    -0.0063136369    -0.0020524221
   -0.0041702815     0.0026296935    -0.0025547272
    0.0328708117    -0.0032455424    -0.0005623066
   -0.0155499879    -0.0038001061     0.0225303227
   -0.0250794841    -0.0227066083     0.0150684689
    0.0054364162     0.0049590279     0.0031173425
    0.0033746592    -0.0039650564     0.0015884307
   -0.0145840799     0.0056568815    -0.0048991840
    0.0094187939     0.0044828067    -0.0091081553
   -0.0010976867    -0.0019593836    -0.0095123762
    0.0019073472     0.0020367352    -0.0010251794
    0.0174872340     0.0102532623    -0.0120176239
    0.0006705475     0.0012371698    -0.0027140305
    0.0013404307     0.0102370794     0.0001309744
    0.0008227684     0.0140621310     0.0296167252
    0.0089117334     0.0169223102    -0.0117758122
   -0.0774599886     0.0133251591    -0.1239653300
    0.0241122887    -0.0453668469     0.0619162021
    0.0010303933    -0.0365065504    -0.0049588497
   -0.0061422080     0.0583325228     0.0232916629
    0.0093921082    -0.0571068710     0.0053730642
   -0.0084467729     0.0486989952     0.0019513283
    0.0111993123    -0.0388459404    -0.0033377870
   -0.0058140785     0.0167099700     0.0105504161
    0.0147884818    -0.0749239002    -0.0031844140
   -0.0119799685     0.0776431017    -0.0490068158
    0.0018377510     0.0047990199    -0.0384096035
    0.0115044719    -0.0702596448     0.0849899088
   -0.0100745351     0.0029608088    -0.0103928695
    0.0020997853    -0.0069124698     0.0066473277
    0.0026342966     0.0077524840    -0.0012361357
   -0.0046987610     0.0104364485    -0.0069441153
   -0.0025434729     0.0155532771    -0.0116062833
   -0.0025819337     0.0124595438     0.0069896031
   -0.0035922664     0.0158001374     0.0159192671
    0.0012357634    -0.0062461357     0.0023390916
   -0.0003461921     0.0024857542     0.0017780866
   -0.0010235813     0.0115301319    -0.0318523050
   -0.1094216551     0.0848891255     0.0017759934
    0.0242822383     0.0093512567    -0.0731442483
   -0.0525235102    -0.0267849610    -0.1230902899
    0.0511393660    -0.0512156860     0.0280437805
   -0.0465501611    -0.1219329157    -0.0471363214
   -0.0219257434    -0.0700528515    -0.0291461368
    0.0998431150     0.0067684495    -0.0930675844
   -0.0663405165    -0.0003912576    -0.0365486317
   -0.1017461651     0.0549043988     0.0657688341
    0.0530658789     0.0460017810     0.0273528602
    0.1318880324    -0.0432416262     0.0031767668
    0.0522676441    -0.0442742102    -0.0297407716
    0.0231096413    -0.1055178377    -0.0848188373
    0.0463055267     0.0179099436     0.0518761048
---------------------------------------------------
Net gradient: -2.666525e-09  1.907443e-09 -2.787203e-10
Net torque:   -4.783295e-03  8.623241e-03  1.952191e-03

Total processing time: 217.73 sec 

 Job finished: Wed May  1 15:35:41 2019

