Startfile from command line: /home/lum/5ly6/refine10_weight_0.1_stpmax_0.8_d2/ase/36/36_capping.sp


       ***********************************************************
       *                    TeraChem v1.93P                      *
       *                 Hg Version: 79b87f121f2d                *
       *                   Production Version                    *
       *                Compiled without textures                *
       *           Chemistry at the Speed of Graphics!           *
       ***********************************************************
       * This program may only be used in connection with        *
       * a valid license from PetaChem, LLC. Use of this program *
       * or results thereof indicates acceptance of all terms    *
       * and conditions stated in the license and that a valid   *
       * license agreement between the user and PetaChem, LLC    *
       * exists. PetaChem, LLC does not warrant the correctness  *
       * of results or their suitability for any purpose.        *
       * Please email bugs, suggestions, and comments to         *
       *                  help@petachem.com                      *
       *                                                         *
       ***********************************************************


       ***********************************************************
       *  Compiled by toddmtz      Wed Aug 16 03:32:31 PDT 2017  *
       *  Supported architectures: sm_20 sm_30 sm_50 sm_60       *
       *  Cuda compilation tools, release 8.0, V8.0.44           *
       ***********************************************************


 Job started   Mon May 20 14:05:28 2019
 On cu37 (available memory: 46860 MB)

######################################### RUNTIME INFO ##########################################
/public/qmsoft/TeraChem/bin/terachem /home/lum/5ly6/refine10_weight_0.1_stpmax_0.8_d2/ase/36/36_capping.sp 

NVRM version: NVIDIA UNIX x86_64 Kernel Module  396.26  Mon Apr 30 18:01:39 PDT 2018
GCC version:  gcc version 4.8.5 20150623 (Red Hat 4.8.5-4) (GCC) 

	linux-vdso.so.1 (0x00007ffe645b1000)
	libcurl.so.4 => /lib64/libcurl.so.4 (0x00002b514eef5000)
	libintbox.so.1 => /public/qmsoft/TeraChem/lib/libintbox.so.1 (0x00002b514f15d000)
	libthcbox.so.1 => /public/qmsoft/TeraChem/lib/libthcbox.so.1 (0x00002b516ed6b000)
	libgridbox.so.1 => /public/qmsoft/TeraChem/lib/libgridbox.so.1 (0x00002b51708d5000)
	libdftbox.so.1 => /public/qmsoft/TeraChem/lib/libdftbox.so.1 (0x00002b5170dc6000)
	libcublas.so.8.0 => /public/qmsoft/TeraChem/lib/libcublas.so.8.0 (0x00002b51710d7000)
	libcufft.so.8.0 => /public/qmsoft/TeraChem/lib/libcufft.so.8.0 (0x00002b5173a87000)
	libcuda.so.1 => /public/qmsoft/TeraChem/lib/libcuda.so.1 (0x00002b517c8d5000)
	libcudart.so.8.0 => /public/qmsoft/TeraChem/lib/libcudart.so.8.0 (0x00002b517d855000)
	libcrypto.so.10 => /lib64/libcrypto.so.10 (0x00002b517dabb000)
	libssl.so.10 => /lib64/libssl.so.10 (0x00002b517dea2000)
	libm.so.6 => /lib64/libm.so.6 (0x00002b517e10f000)
	libcilkrts.so.5 => /public/qmsoft/TeraChem/lib/libcilkrts.so.5 (0x00002b517e411000)
	libstdc++.so.6 => /lib64/libstdc++.so.6 (0x00002b517e652000)
	libgcc_s.so.1 => /lib64/libgcc_s.so.1 (0x00002b517e95a000)
	libpthread.so.0 => /lib64/libpthread.so.0 (0x00002b517eb70000)
	libdl.so.2 => /lib64/libdl.so.2 (0x00002b517ed8e000)
	libc.so.6 => /lib64/libc.so.6 (0x00002b517ef92000)
	/lib64/ld-linux-x86-64.so.2 (0x00002b514ecd2000)
	libidn.so.11 => /lib64/libidn.so.11 (0x00002b517f33f000)
	libssh2.so.1 => /lib64/libssh2.so.1 (0x00002b517f572000)
	libssl3.so => /lib64/libssl3.so (0x00002b517f79c000)
	libsmime3.so => /lib64/libsmime3.so (0x00002b517f9de000)
	libnss3.so => /lib64/libnss3.so (0x00002b517fc05000)
	libnssutil3.so => /lib64/libnssutil3.so (0x00002b517ff2b000)
	libplds4.so => /lib64/libplds4.so (0x00002b5180157000)
	libplc4.so => /lib64/libplc4.so (0x00002b518035b000)
	libnspr4.so => /lib64/libnspr4.so (0x00002b5180560000)
	libgssapi_krb5.so.2 => /lib64/libgssapi_krb5.so.2 (0x00002b518079e000)
	libkrb5.so.3 => /lib64/libkrb5.so.3 (0x00002b51809ea000)
	libk5crypto.so.3 => /lib64/libk5crypto.so.3 (0x00002b5180ccf000)
	libcom_err.so.2 => /lib64/libcom_err.so.2 (0x00002b5180f01000)
	liblber-2.4.so.2 => /lib64/liblber-2.4.so.2 (0x00002b5181105000)
	libldap-2.4.so.2 => /lib64/libldap-2.4.so.2 (0x00002b5181314000)
	libz.so.1 => /lib64/libz.so.1 (0x00002b5181567000)
	librt.so.1 => /lib64/librt.so.1 (0x00002b518177d000)
	libnvidia-fatbinaryloader.so.396.26 => /lib64/libnvidia-fatbinaryloader.so.396.26 (0x00002b5181985000)
	libkrb5support.so.0 => /lib64/libkrb5support.so.0 (0x00002b5181bd1000)
	libkeyutils.so.1 => /lib64/libkeyutils.so.1 (0x00002b5181de0000)
	libresolv.so.2 => /lib64/libresolv.so.2 (0x00002b5181fe4000)
	libsasl2.so.3 => /lib64/libsasl2.so.3 (0x00002b51821fb000)
	libselinux.so.1 => /lib64/libselinux.so.1 (0x00002b5182418000)
	libcrypt.so.1 => /lib64/libcrypt.so.1 (0x00002b518263d000)
	libpcre.so.1 => /lib64/libpcre.so.1 (0x00002b5182874000)
	liblzma.so.5 => /lib64/liblzma.so.5 (0x00002b5182ad5000)
#################################################################################################

       ********************** License Check **********************
       * Use license from: /public/qmsoft/TeraChem/license.dat
       * Available Host id: AC1F6B20F5BC
       * Available Host id: AC1F6B20F5BD
       * Available Host id: 525400A418C3
       * Available Host id: 525400A418C3
       * License Host id: AC1F6B20F5BC
       * License expires: 2019-10-21
       ********************** License OK *************************
Scratch directory: /tmp/lum/5ly6/refine10_weight_0.1_stpmax_0.8_d2/ase/36/scr
Random number seed: 1902897144

XYZ coordinates /home/lum/5ly6/refine10_weight_0.1_stpmax_0.8_d2/ase/36/36_capping.xyz
Molden File Output: /tmp/lum/5ly6/refine10_weight_0.1_stpmax_0.8_d2/ase/36/scr/36_capping.molden
Using basis set: 6-31g
Spin multiplicity: 1
DIIS will use up to 10 vectors.
WF convergence threshold: 3.00e-05
Using DIIS algorithm to converge WF
Maximum number of SCF iterations: 300
Incremental fock with rebuild every 8 iterations
Will switch to conventional Fock if diffuse functions are detected
X-matrix tolerance: 1.00e-04
PRECISION: DYNAMIC
DFT Functional requested: hf
Method: Hartree-Fock  with dispersion correction

*********************************************************
*                     WARNING                           *
* Dispersion correction is not supported for hf         *
*         Disabling dispersion correction               *
*********************************************************

Wavefunction: RESTRICTED
Initial guess generated by maximum overlap

********************************************
**** SINGLE POINT GRADIENT CALCULATIONS ****
********************************************
SCF:   Initial guess is taken from previous step
COSMO model for polarizable continuum model enabled

using 4 out of 4 CUDA devices
   Device 0:  GeForce GTX 1080 Ti, 11178MB, CC 6.1 -- CPU THREAD 0
   Device 1:  GeForce GTX 1080 Ti, 11178MB, CC 6.1 -- CPU THREAD 1
   Device 2:  GeForce GTX 1080 Ti, 11178MB, CC 6.1 -- CPU THREAD 2
   Device 3:  GeForce GTX 1080 Ti, 11178MB, CC 6.1 -- CPU THREAD 3
-------------------------------------------------------------------
Compiled with MAGMA support.  MAGMA parameters:
    Matrices larger than 5000 square will be treated with MAGMA
       (Change by setting the MagmaMinN environment variable)
    Magma will use 1 out of 4 GPUs
       (Change by setting the MagmaNGPUs environment variable)
-------------------------------------------------------------------
 CPU Memory Available: 8018.12 MegaWords 
 GPU Memory Available: 1141.31 MegaWords 
 Maximum recommended basis set size: 12200 basis functions
 (limited by GPU memory)
-------------------------------------------------------------------
Not using d-functions. Configuring GPUs accordingly.
0: CUBLAS initialized, available GPU memory: 8170MB
1: CUBLAS initialized, available GPU memory: 8170MB
2: CUBLAS initialized, available GPU memory: 7990MB
3: CUBLAS initialized, available GPU memory: 8170MB


Basis set:       6-31g
Total atoms:     330
Total charge:    0
Total electrons: 1208 (604-alpha, 604-beta)
Number electrons modeled by ECPs: 0
Total orbitals:  1766
Total AO shells: 1134 (818 S-shells; 316 P-shells; 0 D-shells; 0 F-shells; 0 G-shells)
Spin multiplicity: 1
Nuclear repulsion energy (QM atoms): 46573.230790250207 a.u.

=COSMO= Number of H atoms in QM atoms:172
=COSMO= Number of Heavy atoms in QM atoms:158
reached first line of InitCosmoSwigNoMatrix
q is allocated
B is allocated
Bz is allocated
z is allocated
c is allocated
=COSMO= No Matrix Cosmo Initialization finished.
=COSMO= ++++++++++++++++++++++++++++++ COSMO parameters ++++++++++++++++++++++++++++++
=COSMO= I. Cavity Information:
=COSMO= SAS(Solvent accesible surface) initialization finished
=COSMO= Time for initializing Molecular Surface:0.31613300 (sec)
=COSMO= Time for initializing cosmo calculation:0.10451700 (sec)
=COSMO= Cavity effective radius(Angstrom) (r_solv+r_vdw-dsc) was written into /tmp/lum/5ly6/refine10_weight_0.1_stpmax_0.8_d2/ase/36/scr/ratom.txt
=COSMO= Solvent Dielectric Constant:78.390000
=COSMO= Cosmo Solvent radius:0.000000
=COSMO= Cosmo charge scaling method:0
=COSMO= Cavity built with Lebedev Grid
=COSMO= Grid points/QM Hydrogen: 110
=COSMO= Grid points/QM Heavy atom: 110
=COSMO= Herbert Switching-Gaussian method turned on
=COSMO= After removing points inside of SAS:
=COSMO= Total number of segments on molecular surface:17951
=COSMO= Number of segments belonging to QM atoms:17951
=COSMO= Total surface area of cavity: 2480.1962(Angstrom^2)
=COSMO= Total volume of cavity: 1409.6413 (Angstrom^3)
=COSMO= II. COSMO integral options:
=COSMO= Building COMSO c vector with original algorithm
=COSMO= COSMO one-electron integral threshold: 1e-12 
=COSMO= III. Linear solver options:
=COSMO= Initialize COSMO for A matrix in no matrix storage form
=COSMO= CG precondtioner:Jacobi
=COSMO= Tight CG convergence threshold:1e-06
=COSMO= CG dynamic threshold: on
=COSMO= Adjust CG convergence threshold dynamically
=COSMO= IV. PCM field read/write options:
=COSMO= PCM field is not written to files
=COSMO= No PCM field file is read in
=COSMO= ++++++++++++++++++++++++++++++++++++++++++++++++++++++++++++++++++++++++++++++++

                      *** Start SCF Iterations ***

 Iter     DIIS Error       Energy change         Energy              E_PCM      Time(s)
---------------------------------------------------------------------------------------
         >>> Purifying P... IDMP = 3.54e-14 <<<
THRESPDP set to 1.00e+00
   1     0.3104493344   -7610.5324311700   -7610.5324311700     -1.4123014155    8.33  
   2     0.1387423306     -37.7419901571   -7648.2744213270     -0.8682161583    4.91  
   3     0.0495440659      -5.5290959074   -7653.8035172344     -1.0870431988    4.95  
   4     0.0192182230      -0.6884422160   -7654.4919594505     -0.9848800469    4.75  
   5     0.0084946184      -0.0976636538   -7654.5896231043     -1.0273953923    4.52  
THRESPDP set to 9.94e-05
   6     0.0032595139      -0.0088173710   -7654.5984404753     -1.0322048650    4.98  
   7     0.0016874065      -0.0017597354   -7654.6002002107     -1.0358068801    5.14  
   8     0.0007333643      -0.0003139299   -7654.6005141406     -1.0372527303    5.63  
   9     0.0003324378      -0.0000479581   -7654.6005620986     -1.0376608826    6.55  
  10     0.0001112999      -0.0000091530   -7654.6005712516     -1.0378047352    6.14  
  11     0.0000413084      -0.0000019849   -7654.6005732365     -1.0378412923    5.13  
  12     0.0000186513      +0.0000001208   -7654.6005731157     -1.0378481755    2.86  
---------------------------------------------------------------------------------------
FINAL ENERGY: -7654.6005731157 a.u.
C-PCM contribution to final energy:-1.0378481755 a.u. ( already included in final energy )
Computing C-PCM contribution to gradient...
CENTER OF MASS: {48.385523, 29.267253, 38.407563} ANGS
DIPOLE MOMENT: {168.835657, -133.585660, -43.734042} (|D| = 219.689040) DEBYE
Cannot open /tmp/lum/5ly6/refine10_weight_0.1_stpmax_0.8_d2/ase/36/scr
Writing out molden info

Gradient units are Hartree/Bohr
---------------------------------------------------
        dE/dX            dE/dY            dE/dZ
   -0.0796015771    -0.0475447363    -0.0514995830
   -0.0031905952     0.0087582622    -0.0082453827
   -0.0199837683     0.0232085702     0.0255812440
    0.0189859831    -0.0132451764    -0.0239550708
   -0.0046621103    -0.0140441323    -0.0095868518
    0.0014757269    -0.0106500289     0.0306098383
   -0.0163016459     0.0183686905    -0.0042251971
    0.0094836344     0.0197908495     0.0068935878
   -0.0119756358    -0.0209641656    -0.0096006164
   -0.0135150822    -0.0060580647    -0.0119050312
   -0.0055634791    -0.0024042605     0.0002506266
    0.0010688403     0.0016382852    -0.0034438513
    0.0041808714     0.0050249343     0.0015682037
   -0.0030030067     0.0134209599    -0.0117059700
    0.0035848190    -0.0032912132    -0.0134917418
    0.0118463654    -0.0181350308    -0.0019215049
    0.0011240451    -0.0013421470     0.0003892924
    0.0003115510    -0.0034155413     0.0025960165
   -0.0066719777    -0.0106571340    -0.0041307846
    0.0021390436     0.0013143533     0.0004846057
    0.0031969356     0.0030391099     0.0035205566
    0.0070412117     0.0123030898     0.0018048069
   -0.0084360520    -0.0028713381     0.0076028658
   -0.0062805249     0.0021257963     0.0053413461
    0.0026411359    -0.0044239335    -0.0217701023
   -0.0049853717     0.0090663665     0.0137654644
    0.0008844306     0.0036992265    -0.0019070176
    0.0146380054     0.0084287418    -0.0027369272
   -0.0083602759     0.0107269305     0.0066661913
    0.0025435581    -0.0127404505    -0.0012487013
    0.0130504595    -0.0166558071     0.0222442936
    0.0086507068    -0.0018347772    -0.0070132663
    0.0017100841    -0.0025750621    -0.0009230593
    0.0006205061    -0.0000397333    -0.0001576662
   -0.0008420903    -0.0007579265     0.0016578923
   -0.0061877026    -0.0097957743     0.0062158992
   -0.0023034282     0.0000706377     0.0002350001
    0.0011008586    -0.0052819774    -0.0070929758
    0.0015329880    -0.0016794038    -0.0000963862
    0.0000904641     0.0058345921     0.0011846698
   -0.0037133410     0.0038594232    -0.0058730734
   -0.0074895536     0.0000373884    -0.0021789399
    0.0004187782     0.0112119201    -0.0050719306
   -0.0055074505     0.0052410425    -0.0123870347
   -0.0030617697    -0.0007255215    -0.0003583738
    0.0036328604    -0.0167176704     0.0075123743
    0.0123730231    -0.0339319678    -0.0005743330
   -0.0194739289     0.0297551535     0.0034865424
    0.0029459075     0.0016843469    -0.0029464022
   -0.0138244059     0.0016384071     0.0074040284
    0.0058535227    -0.0011417031     0.0115601562
    0.0170441454    -0.0004289784     0.0097930427
    0.0016076002    -0.0010769129    -0.0039731773
    0.0010558079     0.0111479477     0.0007572542
   -0.0008145283    -0.0005216016     0.0004206509
   -0.0000808035    -0.0006336564     0.0005273872
    0.0038446622     0.0000454733    -0.0055940702
   -0.0033092401     0.0030025357    -0.0056395897
   -0.0004677098    -0.0028773265    -0.0015463683
    0.0035112427     0.0000807761    -0.0047143077
   -0.0048333828     0.0041425450    -0.0062996433
   -0.0006995072    -0.0017275642    -0.0011101712
   -0.0087672570    -0.0028400396    -0.0016719083
    0.0141528402     0.0070204143    -0.0059384866
    0.0005238081    -0.0020702442     0.0058260261
   -0.0075045162    -0.0004861734    -0.0092878456
   -0.0044928841     0.0033556263     0.0022190974
    0.0036326630    -0.0015680078     0.0091102876
   -0.0082656818    -0.0021980772    -0.0099083194
    0.0000497374     0.0190071146    -0.0025713634
    0.0121814607    -0.0006174741     0.0116583817
   -0.0014841338    -0.0028128264    -0.0006919534
   -0.0026586044     0.0017016781    -0.0000649390
    0.0007684760    -0.0010667875    -0.0028986101
   -0.0020047300     0.0031275161    -0.0043986041
    0.0005267114     0.0027697028     0.0007552879
   -0.0058610183    -0.0034471958    -0.0010007756
    0.0042760908    -0.0054657560     0.0064482034
    0.0006719129    -0.0066751478    -0.0019504222
   -0.0065325131    -0.0021372087    -0.0002953819
   -0.0008842121     0.0011541695    -0.0009509601
    0.0004176702    -0.0005136881    -0.0031158440
    0.0346738317    -0.0181060154    -0.0057964856
   -0.0130078768     0.0000257772    -0.0013597235
    0.0032038826     0.0114038190     0.0017875722
   -0.0047677118    -0.0008761306    -0.0032124446
    0.0081723476    -0.0095076103    -0.0006202219
   -0.0101326654     0.0113138994     0.0098702118
    0.0118135486    -0.0092828094    -0.0015577000
   -0.0213616219     0.0126330944     0.0061667721
    0.0015555695     0.0012906469     0.0009088440
   -0.0036092175    -0.0000474710     0.0012481161
    0.0086697722    -0.0025835267    -0.0064296897
   -0.0054804755     0.0064223364    -0.0046827277
   -0.0011036609     0.0020852341     0.0018155950
   -0.0043997458     0.0001758530     0.0011811422
    0.0095980739    -0.0113303644     0.0088446449
   -0.0039449628     0.0069964887    -0.0182601822
    0.0187116081    -0.0201430556     0.0134435059
   -0.0161579372     0.0169273278    -0.0175344350
   -0.0179126035     0.0029153637     0.0107133692
    0.0089288071     0.0029852117    -0.0006897584
   -0.0036180109    -0.0068418408     0.0018446969
   -0.0094086486    -0.0039136063    -0.0038965859
    0.0037035270     0.0029394768     0.0022796169
    0.0038033639     0.0025249794     0.0013999663
   -0.0057218379    -0.0002088985    -0.0042895540
    0.0073132501     0.0004667801     0.0070025062
    0.0089029378    -0.0050499959    -0.0037514199
    0.0043919675     0.0003644351     0.0022743865
    0.0017870433     0.0003788071     0.0014100598
   -0.0027809831     0.0029179975    -0.0038381569
   -0.0005459757    -0.0003469546    -0.0001259640
   -0.0123405922     0.0075139473     0.0067090423
    0.0177197895    -0.0014479220     0.0113387470
   -0.0327092239    -0.0086831158    -0.0331544241
    0.0297493556    -0.0065464687     0.0198592261
    0.0048508900    -0.0090512762    -0.0047458998
   -0.0084980143    -0.0002748478     0.0245213334
   -0.0029816109    -0.0008535927    -0.0061062753
    0.0037038175    -0.0048592622     0.0009573807
    0.0140417653     0.0407715356    -0.0162990443
    0.0034878008    -0.0028830025     0.0014467407
   -0.0041401050     0.0039592386    -0.0041562582
   -0.0048747412     0.0053525320    -0.0046118906
   -0.0015757160     0.0002515439     0.0005449372
   -0.0023100595     0.0037536196    -0.0056632012
    0.0040864305    -0.0032800819    -0.0049594664
    0.0023765719    -0.0223510386     0.0046002167
   -0.0115303544    -0.0109768102     0.0092176549
   -0.0062409313     0.0265095457     0.0163192826
    0.0201438841    -0.0159409953    -0.0173721419
    0.0083373051     0.0418245413     0.0561263198
    0.0025023106     0.0079859006     0.0073742250
    0.0040257182    -0.0042211740     0.0005363979
   -0.0113496547    -0.0017553262    -0.0004456539
   -0.0051884574     0.0100858993    -0.0046280256
    0.0083186267    -0.0028510353    -0.1209372832
    0.0172514731    -0.0219609305    -0.0122525886
   -0.0252707799     0.0214236441     0.0168304291
    0.0129659110    -0.0095307909    -0.0112616773
    0.0040497192     0.0010122241     0.0056887837
   -0.0029462748    -0.0005433568     0.0090174278
    0.0000103251     0.0109061732    -0.0006733562
   -0.0206905166     0.0116933923    -0.0100070516
   -0.0042951946     0.0052809188     0.0015976373
   -0.0031039842    -0.0003058917    -0.0063900369
    0.0009946829     0.0028273938    -0.0014128740
    0.0018449578     0.0009826602     0.0003747224
   -0.0008994807    -0.0008833094    -0.0080889928
   -0.0043434653    -0.0080648442     0.0027057337
   -0.0011605713    -0.0009880280    -0.0004007514
    0.0007961221    -0.0025972970    -0.0012070071
    0.0144086454    -0.0079955039    -0.0061421711
   -0.0038661853     0.0054596731     0.0019800432
    0.0069467028    -0.0109085316    -0.0132112230
   -0.0086002524     0.0016930352     0.0027709175
   -0.0069009970    -0.0125406745     0.0107361439
    0.0036569513     0.0130120241    -0.0145039691
    0.0061559214     0.0095781762    -0.0009263069
   -0.0035211823     0.0013556863     0.0028690068
    0.0027371586    -0.0016242901    -0.0008492492
    0.0028242703     0.0027950374    -0.0008682221
    0.0005139515    -0.0016596173     0.0042939299
    0.0027984944    -0.0008400932     0.0091854602
   -0.0077520670    -0.0036342555     0.0005593146
   -0.0026831361    -0.0127103222    -0.0021978413
    0.0016922212     0.0019603017     0.0003251412
   -0.0021781795     0.0022384541     0.0017007474
   -0.0110958997     0.0083093039     0.0078824599
   -0.0014082700     0.0138356510    -0.0065713813
   -0.0078687910     0.0001527077     0.0246132320
   -0.0014812813     0.0121393938    -0.0117814376
    0.0110918796    -0.0170858304     0.0079679406
   -0.0115845289     0.0065878825    -0.0085861446
    0.0082516127    -0.0086714712     0.0058474578
   -0.0008441782     0.0012737684     0.0009475747
    0.0101147590    -0.0028306348    -0.0023085021
    0.0010294895    -0.0009915089    -0.0003967808
   -0.0028337983     0.0017918227     0.0017677853
   -0.0055137784     0.0035307877    -0.0035067352
    0.0129328737    -0.0092679344    -0.0170206149
    0.0039131384    -0.0136927819     0.0148288373
   -0.0072531357     0.0073840473    -0.0167078817
   -0.0007935219    -0.0038573963     0.0083167224
    0.0007660200     0.0021459513    -0.0206257843
   -0.0057274097    -0.0044023644     0.0157030090
   -0.0118021391    -0.0057717455    -0.0241617717
    0.0096823093     0.0005529956     0.0231201721
   -0.0010320886     0.0080430809    -0.0035228643
   -0.0014796800     0.0005510528     0.0004809097
   -0.0008734028     0.0050110527    -0.0034033369
   -0.0016875649     0.0013246630     0.0064826226
   -0.0008010227     0.0006372890     0.0022535872
    0.0043339515    -0.0003226652    -0.0051740755
    0.0059338563     0.0010766026     0.0018127339
    0.0117098193     0.0001340974    -0.0048515946
    0.0036629020     0.0050973246    -0.0084992490
   -0.0318925475    -0.0186607574     0.0013897824
    0.0257951114     0.0046799362    -0.0044202071
   -0.0174849581     0.0065086479     0.0062500432
    0.0031163475    -0.0046569820     0.0023748851
    0.0120881937    -0.0129511631     0.0036677246
   -0.0059336513    -0.0011569849     0.0093320157
   -0.0018212230     0.0022345007     0.0041206930
    0.0159959236     0.0010225459     0.0040677840
   -0.0001656248     0.0017781096    -0.0043185594
   -0.0019649284     0.0038647220    -0.0041570319
   -0.0010312485     0.0011613473     0.0008608975
   -0.0091452686     0.0006622228    -0.0008288580
   -0.0022524251     0.0118119748     0.0078466406
   -0.0072448587    -0.0000940480    -0.0139925854
    0.0028971660    -0.0070614882     0.0248659698
    0.0057184626     0.0037974323    -0.0052178334
   -0.0047481181    -0.0090047043     0.0094314025
   -0.0053656472     0.0032501137    -0.0041620186
   -0.0004419148     0.0145651481    -0.0159768012
    0.0180612028     0.0048957641     0.0116495109
    0.0064201717    -0.0008150591    -0.0017086859
    0.0064186669    -0.0015353815     0.0028431992
    0.0039305172     0.0022005853    -0.0019163156
   -0.0005696762     0.0038829001    -0.0024722613
    0.0032225012    -0.0039567220     0.0017147629
    0.0029100076     0.0022270741     0.0061793269
   -0.0061065828    -0.0057657256     0.0044222570
    0.0049212864    -0.0096988586     0.0053019392
   -0.0082704967    -0.0044323868    -0.0112971245
   -0.0014053329    -0.0001564033    -0.0006155254
   -0.0042659553     0.0014964253     0.0023663213
    0.0062533415     0.0156498415    -0.0362400572
    0.0081932750    -0.0031951358     0.0074631035
   -0.0367457650    -0.0350609793     0.0648093048
    0.0253945042     0.0201163368    -0.0446424302
    0.0019618586    -0.0114210222    -0.0038458789
   -0.0042594855     0.0070509713    -0.0097403399
   -0.0028964509     0.0038498214     0.0178884800
   -0.0194482827     0.0063161701    -0.0015628191
   -0.0120214211    -0.0093486116     0.0074080167
   -0.0019792398    -0.0014076484     0.0020624725
    0.0021888761     0.0053442034    -0.0012563643
   -0.0015029748     0.0005029241     0.0040985746
    0.0029082889    -0.0003219950     0.0038707913
    0.0042487468    -0.0048732214    -0.0018369801
    0.0024085824    -0.0006543707    -0.0078771725
   -0.0040378193    -0.0007878570    -0.0045569641
    0.0109529733    -0.0092260240    -0.0005421309
    0.0057993132     0.0009355262     0.0047575121
    0.0019375974     0.0017288500    -0.0004403955
    0.0191647450     0.0290065644    -0.0446285069
    0.0026282326     0.0016609523     0.0282773497
    0.0370606612    -0.0453275913    -0.0333579551
   -0.0372629019     0.0242354466     0.0150137745
    0.0035009651    -0.0016343226    -0.0135478612
    0.0126870718    -0.0076738439     0.0046688325
   -0.0239398260    -0.0016006387    -0.0331342420
    0.0083422992    -0.0085946175     0.0146129404
    0.0115936327     0.0085547114     0.0153637155
   -0.0145113103    -0.0114255074     0.0194777857
   -0.0019663831     0.0014586758    -0.0068225939
   -0.0000525183    -0.0002486797     0.0029415480
   -0.0051933141     0.0020471382     0.0021427901
    0.0003543835     0.0005092202    -0.0018023369
   -0.0081406082     0.0047084967     0.0022999720
    0.0072037238     0.0215555370     0.0239380629
    0.0099667533    -0.0161834550     0.0016848454
    0.0404258281     0.0585235584    -0.0418428950
    0.0019914535     0.0006208747     0.0032357356
   -0.0064532181     0.0043353045    -0.0085504437
    0.0210674778     0.0108838597     0.0220282295
   -0.0079054613    -0.0089386155    -0.0050147174
   -0.0104582341    -0.0256570996    -0.0103967920
   -0.0019052746    -0.0019711328    -0.0014287313
   -0.0040093091     0.0034062061     0.0014801711
    0.0025772433    -0.0017318856    -0.0002854566
    0.0014924474     0.0012033840     0.0015328818
   -0.0031897484     0.0154318780    -0.0045377049
    0.0044750629     0.0084388359     0.0046673290
    0.0314911549     0.0890198272     0.0817459297
    0.0014892902    -0.0017767333     0.0170689454
    0.0026320551    -0.1206974809     0.0512368691
   -0.0147389272     0.0465064616    -0.0552269828
   -0.0070161498    -0.0038278729     0.0016304827
    0.0126315596    -0.0051897849     0.0015797394
   -0.0130674991     0.0002545760     0.0014368932
    0.0007675145    -0.0184646761    -0.0133153938
   -0.0056489267     0.0154701916     0.0087496438
   -0.0108199142    -0.0094766008    -0.0266244264
    0.0073494937    -0.0047496284     0.0074174634
    0.0120203372     0.0062905579     0.0053882107
    0.0046783102     0.0042658636    -0.0052037145
   -0.0001443524     0.0010135247     0.0007869059
    0.0080995765    -0.0020058263     0.0002617032
   -0.0010952556     0.0013900779    -0.0000631225
   -0.0035534271    -0.0002785264     0.0000550856
    0.0007592064     0.0017915221    -0.0006819791
    0.0082368914     0.0035805399     0.0009237730
    0.0044500121     0.0008760591     0.0078426521
    0.0027422417     0.0106998252     0.0142910849
    0.0035118543    -0.0040913212     0.0021866720
   -0.0010932001     0.0010090500    -0.0030492048
   -0.0037072041     0.0050516894    -0.0011125629
   -0.0194176034    -0.1097030086     0.0460474447
    0.0008735405    -0.0145958956     0.0131004158
    0.0056280609     0.0721094128    -0.0039260468
   -0.0171091916    -0.0058662172     0.0505264723
   -0.0077985822    -0.0056805181     0.0029160537
   -0.0135940898     0.0175178452     0.0050007293
    0.0180868857    -0.0321817010    -0.0063938317
    0.0129526687    -0.0324549709    -0.0023586339
   -0.0326898631     0.0300651181     0.0124750938
   -0.0189143187     0.0299031017     0.0041854933
    0.0311503519    -0.0224550111    -0.0119667597
   -0.0078916481     0.0070710495     0.0039147442
    0.0000103194    -0.0125393619    -0.0026521587
   -0.0004295534    -0.0038784115    -0.0008967576
    0.0034403265     0.0027019024    -0.0025694374
   -0.0009117516    -0.0034433976    -0.0070131880
   -0.0075560906     0.0039591190     0.0028763513
    0.0020584141     0.0043190165    -0.0024123421
    0.0057109196     0.0022439389    -0.0028593268
    0.0067737290    -0.0044528671    -0.0031321124
    0.0035961765     0.0008295263    -0.0032318768
    0.1000075985     0.0490953777     0.0805144774
   -0.0153109298    -0.0531585974    -0.0524789075
    0.0107408680     0.0015522810     0.1385775574
   -0.0501863901    -0.0496809290     0.0248230286
   -0.0507599012    -0.0895141213    -0.0912360408
    0.0049364732     0.0724754952    -0.0036462094
    0.0212688640     0.1289349157    -0.0410128212
    0.0156217727    -0.0521092616    -0.0541173883
---------------------------------------------------
Net gradient:  7.025171e-10  3.334103e-10 -1.794672e-09
Net torque:   -1.909443e-03  3.473719e-03 -1.543837e-03

Total processing time: 83.87 sec 

 Job finished: Mon May 20 14:07:05 2019

