Startfile from command line: /home/lum/6i5a/refine6/ase/14/14_capping.sp


       ***********************************************************
       *                    TeraChem v1.93P                      *
       *                 Hg Version: 79b87f121f2d                *
       *                   Production Version                    *
       *                Compiled without textures                *
       *           Chemistry at the Speed of Graphics!           *
       ***********************************************************
       * This program may only be used in connection with        *
       * a valid license from PetaChem, LLC. Use of this program *
       * or results thereof indicates acceptance of all terms    *
       * and conditions stated in the license and that a valid   *
       * license agreement between the user and PetaChem, LLC    *
       * exists. PetaChem, LLC does not warrant the correctness  *
       * of results or their suitability for any purpose.        *
       * Please email bugs, suggestions, and comments to         *
       *                  help@petachem.com                      *
       *                                                         *
       ***********************************************************


       ***********************************************************
       *  Compiled by toddmtz      Wed Aug 16 03:32:31 PDT 2017  *
       *  Supported architectures: sm_20 sm_30 sm_50 sm_60       *
       *  Cuda compilation tools, release 8.0, V8.0.44           *
       ***********************************************************


 Job started   Mon May 27 13:05:31 2019
 On cu35 (available memory: 46282 MB)

######################################### RUNTIME INFO ##########################################
/public/qmsoft/TeraChem/bin/terachem /home/lum/6i5a/refine6/ase/14/14_capping.sp 

NVRM version: NVIDIA UNIX x86_64 Kernel Module  396.26  Mon Apr 30 18:01:39 PDT 2018
GCC version:  gcc version 4.8.5 20150623 (Red Hat 4.8.5-4) (GCC) 

	linux-vdso.so.1 (0x00007ffdb35af000)
	libcurl.so.4 => /lib64/libcurl.so.4 (0x00002b379a483000)
	libintbox.so.1 => /public/qmsoft/TeraChem/lib/libintbox.so.1 (0x00002b379a6eb000)
	libthcbox.so.1 => /public/qmsoft/TeraChem/lib/libthcbox.so.1 (0x00002b37ba2f9000)
	libgridbox.so.1 => /public/qmsoft/TeraChem/lib/libgridbox.so.1 (0x00002b37bbe63000)
	libdftbox.so.1 => /public/qmsoft/TeraChem/lib/libdftbox.so.1 (0x00002b37bc354000)
	libcublas.so.8.0 => /public/qmsoft/TeraChem/lib/libcublas.so.8.0 (0x00002b37bc665000)
	libcufft.so.8.0 => /public/qmsoft/TeraChem/lib/libcufft.so.8.0 (0x00002b37bf015000)
	libcuda.so.1 => /public/qmsoft/TeraChem/lib/libcuda.so.1 (0x00002b37c7e63000)
	libcudart.so.8.0 => /public/qmsoft/TeraChem/lib/libcudart.so.8.0 (0x00002b37c8de3000)
	libcrypto.so.10 => /lib64/libcrypto.so.10 (0x00002b37c9049000)
	libssl.so.10 => /lib64/libssl.so.10 (0x00002b37c9430000)
	libm.so.6 => /lib64/libm.so.6 (0x00002b37c969d000)
	libcilkrts.so.5 => /public/qmsoft/TeraChem/lib/libcilkrts.so.5 (0x00002b37c999f000)
	libstdc++.so.6 => /lib64/libstdc++.so.6 (0x00002b37c9be0000)
	libgcc_s.so.1 => /lib64/libgcc_s.so.1 (0x00002b37c9ee8000)
	libpthread.so.0 => /lib64/libpthread.so.0 (0x00002b37ca0fe000)
	libdl.so.2 => /lib64/libdl.so.2 (0x00002b37ca31c000)
	libc.so.6 => /lib64/libc.so.6 (0x00002b37ca520000)
	/lib64/ld-linux-x86-64.so.2 (0x00002b379a260000)
	libidn.so.11 => /lib64/libidn.so.11 (0x00002b37ca8cd000)
	libssh2.so.1 => /lib64/libssh2.so.1 (0x00002b37cab00000)
	libssl3.so => /lib64/libssl3.so (0x00002b37cad2a000)
	libsmime3.so => /lib64/libsmime3.so (0x00002b37caf6c000)
	libnss3.so => /lib64/libnss3.so (0x00002b37cb193000)
	libnssutil3.so => /lib64/libnssutil3.so (0x00002b37cb4b9000)
	libplds4.so => /lib64/libplds4.so (0x00002b37cb6e5000)
	libplc4.so => /lib64/libplc4.so (0x00002b37cb8e9000)
	libnspr4.so => /lib64/libnspr4.so (0x00002b37cbaee000)
	libgssapi_krb5.so.2 => /lib64/libgssapi_krb5.so.2 (0x00002b37cbd2c000)
	libkrb5.so.3 => /lib64/libkrb5.so.3 (0x00002b37cbf78000)
	libk5crypto.so.3 => /lib64/libk5crypto.so.3 (0x00002b37cc25d000)
	libcom_err.so.2 => /lib64/libcom_err.so.2 (0x00002b37cc48f000)
	liblber-2.4.so.2 => /lib64/liblber-2.4.so.2 (0x00002b37cc693000)
	libldap-2.4.so.2 => /lib64/libldap-2.4.so.2 (0x00002b37cc8a2000)
	libz.so.1 => /lib64/libz.so.1 (0x00002b37ccaf5000)
	librt.so.1 => /lib64/librt.so.1 (0x00002b37ccd0b000)
	libnvidia-fatbinaryloader.so.396.26 => /lib64/libnvidia-fatbinaryloader.so.396.26 (0x00002b37ccf13000)
	libkrb5support.so.0 => /lib64/libkrb5support.so.0 (0x00002b37cd15f000)
	libkeyutils.so.1 => /lib64/libkeyutils.so.1 (0x00002b37cd36e000)
	libresolv.so.2 => /lib64/libresolv.so.2 (0x00002b37cd572000)
	libsasl2.so.3 => /lib64/libsasl2.so.3 (0x00002b37cd789000)
	libselinux.so.1 => /lib64/libselinux.so.1 (0x00002b37cd9a6000)
	libcrypt.so.1 => /lib64/libcrypt.so.1 (0x00002b37cdbcb000)
	libpcre.so.1 => /lib64/libpcre.so.1 (0x00002b37cde02000)
	liblzma.so.5 => /lib64/liblzma.so.5 (0x00002b37ce063000)
#################################################################################################

       ********************** License Check **********************
       * Use license from: /public/qmsoft/TeraChem/license.dat
       * Available Host id: 0CC47AE5BB3E
       * Available Host id: 0CC47AE5BB3F
       * Available Host id: 5254009482E9
       * Available Host id: 5254009482E9
       * License Host id: 0CC47AE5BB3E
       * License expires: 2019-10-21
       ********************** License OK *************************
  _________________________________
 |         DFTD3 V3.0 Rev 2        |
 | S.Grimme, University Bonn       |
 |           Aug  2013             |
  _________________________________
 
 Please cite DFT-D3 work done with this code as:
 S. Grimme, J. Antony, S. Ehrlich and H. Krieg,
 J. Chem. Phys. 132 (2010), 154104
 If used with BJ-damping cite also
 S. Grimme, S. Ehrlich and L. Goerigk,
 J. Comput. Chem. 32 (2011), 1456-1465
 For DFT-D2 the reference is
 S. Grimme, J. Comput. Chem., 27 (2006), 1787-1799
 
Scratch directory: /tmp/lum/6i5a/refine6/ase/14/scr
Random number seed: 348369473

XYZ coordinates /home/lum/6i5a/refine6/ase/14/14_capping.xyz
Molden File Output: /tmp/lum/6i5a/refine6/ase/14/scr/14_capping.molden
Using basis set: 6-31g
Spin multiplicity: 1
DIIS will use up to 10 vectors.
WF convergence threshold: 3.00e-05
Using DIIS algorithm to converge WF
Maximum number of SCF iterations: 300
Incremental fock with rebuild every 8 iterations
Will switch to conventional Fock if diffuse functions are detected
X-matrix tolerance: 1.00e-04
PRECISION: DYNAMIC
DFT Functional requested: hf
Method: Hartree-Fock  with dispersion correction
Wavefunction: RESTRICTED
Initial guess generated by maximum overlap

********************************************
**** SINGLE POINT GRADIENT CALCULATIONS ****
********************************************
SCF:   Initial guess is taken from previous step
COSMO model for polarizable continuum model enabled

using 4 out of 4 CUDA devices
   Device 0:  GeForce GTX 1080 Ti, 11178MB, CC 6.1 -- CPU THREAD 0
   Device 1:  GeForce GTX 1080 Ti, 11178MB, CC 6.1 -- CPU THREAD 1
   Device 2:  GeForce GTX 1080 Ti, 11178MB, CC 6.1 -- CPU THREAD 2
   Device 3:  GeForce GTX 1080 Ti, 11178MB, CC 6.1 -- CPU THREAD 3
-------------------------------------------------------------------
Compiled with MAGMA support.  MAGMA parameters:
    Matrices larger than 5000 square will be treated with MAGMA
       (Change by setting the MagmaMinN environment variable)
    Magma will use 1 out of 4 GPUs
       (Change by setting the MagmaNGPUs environment variable)
-------------------------------------------------------------------
 CPU Memory Available: 8018.12 MegaWords 
 GPU Memory Available: 1141.31 MegaWords 
 Maximum recommended basis set size: 12200 basis functions
 (limited by GPU memory)
-------------------------------------------------------------------
Not using d-functions. Configuring GPUs accordingly.
0: CUBLAS initialized, available GPU memory: 8104MB
1: CUBLAS initialized, available GPU memory: 8112MB
2: CUBLAS initialized, available GPU memory: 8166MB
3: CUBLAS initialized, available GPU memory: 8168MB


Basis set:       6-31g
Total atoms:     413
Total charge:    1
Total electrons: 1456 (728-alpha, 728-beta)
Number electrons modeled by ECPs: 0
Total orbitals:  2156
Total AO shells: 1396 (1016 S-shells; 380 P-shells; 0 D-shells; 0 F-shells; 0 G-shells)
Spin multiplicity: 1
Nuclear repulsion energy (QM atoms): 66895.411980381468 a.u.

 --------------------------------------------------
 !! SOME DISTANCES VERY SHORT. CHECK COORDINATES !!
 --------------------------------------------------
    Atom1     Atom2       Rij      Threshold
 ---------- ---------- ---------- ----------
        2        13     1.50248    1.61761
        6         8     2.16267    2.26767
        7        16     1.59129    1.61761
        9        18     1.29337    1.61761
       10        19     1.24799    1.61761
       21        32     1.01539    1.55713
       23        24     1.36470    2.08626
       26        36     1.21103    1.61761
       27        28     2.02016    2.20720
       29        31     1.45279    2.20720
       31        43     1.50695    1.55713
       47        48     1.70314    2.08626
       61        70     1.36953    1.55713
       63        64     1.92746    2.08626
       65        72     1.52541    1.61761
       66        74     1.50531    1.61761
       69        76     1.09249    1.55713
       80        81     1.24081    2.08626
       82        91     1.39163    1.61761
       87        96     1.56199    1.61761
       88        97     1.36077    1.61761
       99       100     2.15760    2.26767
      109       110     1.82868    2.20720
      116       117     2.11274    2.20720
      116       128     1.10064    1.55713
      118       129     1.09145    1.55713
      119       132     1.36315    1.55713
      137       142     1.40372    1.61761
      139       145     1.25501    1.61761
      147       148     2.07716    2.20720
      154       164     1.20169    1.61761
      171       177     1.41012    1.61761
      188       194     1.22689    1.61761
      208       209     1.84119    2.08626
      212       221     1.53121    1.61761
      225       226     2.19445    2.20720
      227       244     1.58337    2.20720
      230       237     0.90639    1.61761
      231       240     1.45694    1.61761
      232       243     1.29559    1.61761
      245       249     1.59431    1.61761
      246       251     1.47673    2.20720
      253       254     1.69888    2.08626
      255       258     1.39169    1.61761
      263       281     1.96850    2.20720
      265       275     1.49390    1.61761
      268       270     1.06796    2.26767
      282       290     1.36979    1.61761
      319       320     1.98765    2.08626
      327       335     1.35483    1.55713
      328       329     1.99801    2.26767
      332       338     1.35621    1.61761
      333       342     1.51126    1.61761
      334       343     1.50053    1.61761
      357       365     1.59848    1.61761
      360       361     2.02148    2.26767
      361       367     1.60529    1.61761
      363       374     1.45958    1.61761
      376       384     1.37613    1.61761
      379       386     1.59396    1.61761
 --------------------------------------------------
DFTD Energy:    -3.5041827 hartree
=COSMO= Number of H atoms in QM atoms:223
=COSMO= Number of Heavy atoms in QM atoms:190
reached first line of InitCosmoSwigNoMatrix
q is allocated
B is allocated
Bz is allocated
z is allocated
c is allocated
=COSMO= No Matrix Cosmo Initialization finished.
=COSMO= ++++++++++++++++++++++++++++++ COSMO parameters ++++++++++++++++++++++++++++++
=COSMO= I. Cavity Information:
=COSMO= SAS(Solvent accesible surface) initialization finished
=COSMO= Time for initializing Molecular Surface:0.49407199 (sec)
=COSMO= Time for initializing cosmo calculation:0.15307201 (sec)
=COSMO= Cavity effective radius(Angstrom) (r_solv+r_vdw-dsc) was written into /tmp/lum/6i5a/refine6/ase/14/scr/ratom.txt
=COSMO= Solvent Dielectric Constant:78.390000
=COSMO= Cosmo Solvent radius:0.000000
=COSMO= Cosmo charge scaling method:0
=COSMO= Cavity built with Lebedev Grid
=COSMO= Grid points/QM Hydrogen: 110
=COSMO= Grid points/QM Heavy atom: 110
=COSMO= Herbert Switching-Gaussian method turned on
=COSMO= After removing points inside of SAS:
=COSMO= Total number of segments on molecular surface:21257
=COSMO= Number of segments belonging to QM atoms:21257
=COSMO= Total surface area of cavity: 2724.8908(Angstrom^2)
=COSMO= Total volume of cavity: 1569.7824 (Angstrom^3)
=COSMO= II. COSMO integral options:
=COSMO= Building COMSO c vector with original algorithm
=COSMO= COSMO one-electron integral threshold: 1e-12 
=COSMO= III. Linear solver options:
=COSMO= Initialize COSMO for A matrix in no matrix storage form
=COSMO= CG precondtioner:Jacobi
=COSMO= Tight CG convergence threshold:1e-06
=COSMO= CG dynamic threshold: on
=COSMO= Adjust CG convergence threshold dynamically
=COSMO= IV. PCM field read/write options:
=COSMO= PCM field is not written to files
=COSMO= No PCM field file is read in
=COSMO= ++++++++++++++++++++++++++++++++++++++++++++++++++++++++++++++++++++++++++++++++

************************************* WARNING *************************************
 1 out of 2156 eigenvalues of the overlap matrix are smaller than xtol = 1.0e-04
 and will be flushed to zero. In many cases this is caused by bad geometry of the
 molecule or the use of diffuse basis functions. If the SCF procedure does not
 converge, increase the threshold by setting 'xtol' to 1.0e-03 or 1.0e-02 and/or
 decrease the coulomb and exchange integral screening thresholds 'threall' 
 up to 1.0e-13 or 1.0e-14. In addition, you can try to loosen the the WF 
 convergence threshold, perform several geometry optimization steps, and run the 
 calculations again with the new geometry. You can also try to switch to double
 precision instead of mixed (default) or single precision.
***********************************************************************************


                      *** Start SCF Iterations ***

 Iter     DIIS Error       Energy change         Energy              E_PCM      Time(s)
---------------------------------------------------------------------------------------
         >>> Purifying P... IDMP = 2.87e-10 <<<
         >>> Purifying P... IDMP = 5.44e-15 <<<
THRESPDP set to 1.00e+00
   1     0.3393401374   -8898.3411841219   -8898.3411841219     -3.8850595346   11.74  
   2     0.6051840070      -5.3801225344   -8903.7213066564    -20.7821511946   12.13  
   3     0.4464453075     -28.4339437326   -8932.1552503890    -14.6929284983   12.09  
   4     0.2727130360     -33.5690934050   -8965.7243437940     -1.6997783828   11.71  
   5     0.2166030210      +1.8559755834   -8963.8683682106     -2.5333963176   10.86  
   6     0.1743597219      -4.5922183756   -8968.4605865863     -1.4087255769   10.88  
   7     0.0990146051      -0.5352021340   -8968.9957887203     -0.7953225158   10.90  
   8     0.0273875802      -0.2283917160   -8969.2241804363     -0.7735341665   10.25  
THRESPDP set to 7.86e-05
   9     0.0339522934      -0.0424036245   -8969.2665840608     -0.7676690236   12.47  
  10     0.0134215994      -0.0301476085   -8969.2967316693     -0.7714543382   10.21  
  11     0.0124711792      -0.0182625357   -8969.3149942050     -0.7743589144    9.57  
  12     0.0111082674      -0.0083767400   -8969.3233709450     -0.7758989435   10.85  
  13     0.0095218058      -0.0086609919   -8969.3320319369     -0.7763492022    9.59  
  14     0.0085375777      -0.0087101355   -8969.3407420724     -0.7761682014    9.67  
  15     0.0074216949      -0.0059639123   -8969.3467059847     -0.7764773166    6.80  
  16     0.0073939809      -0.0065295170   -8969.3532355017     -0.7763001442    8.43  
  17     0.0080842400      -0.0054283981   -8969.3586638998     -0.7759012104   12.11  
  18     0.0084230200      -0.0041693858   -8969.3628332856     -0.7762459345    6.87  
  19     0.0083931308      -0.0038183939   -8969.3666516795     -0.7756680749    6.77  
  20     0.0081277577      -0.0039601809   -8969.3706118605     -0.7755946575    7.20  
  21     0.0065992306      -0.0063363001   -8969.3769481606     -0.7746257183    7.46  
  22     0.0051161979      -0.0038984151   -8969.3808465756     -0.7744439639    7.31  
  23     0.0024961083      -0.0041831394   -8969.3850297150     -0.7748917037    7.37  
  24     0.0018400122      -0.0010955816   -8969.3861252967     -0.7751847237    7.16  
  25     0.0021700545      -0.0000106082   -8969.3861359048     -0.7753629805    8.44  
  26     0.0016016173      -0.0010355587   -8969.3871714635     -0.7766583255    7.19  
  27     0.0011702364      -0.0007836470   -8969.3879551105     -0.7777598049    7.17  
  28     0.0008802754      -0.0003235955   -8969.3882787061     -0.7784761762    7.02  
  29     0.0006804678      -0.0002200034   -8969.3884987094     -0.7791687167    7.18  
  30     0.0004387086      -0.0000918524   -8969.3885905619     -0.7795634219    6.93  
  31     0.0004102274      -0.0000261106   -8969.3886166725     -0.7796044416    6.60  
  32     0.0003203255      -0.0000369666   -8969.3886536390     -0.7797988362    6.68  
  33     0.0001946328      -0.0000192900   -8969.3886729290     -0.7799333110    8.77  
  34     0.0001471369      -0.0000066677   -8969.3886795966     -0.7799868539    6.50  
  35     0.0001011488      -0.0000039616   -8969.3886835582     -0.7799966511    6.58  
  36     0.0000615861      -0.0000016157   -8969.3886851739     -0.7800292372    6.45  
  37     0.0000384846      -0.0000004647   -8969.3886856385     -0.7799987998    6.15  
  38     0.0000245149      -0.0000002966   -8969.3886859351     -0.7800194552    5.14  
 --------------------------------------------------
 !! SOME DISTANCES VERY SHORT. CHECK COORDINATES !!
 --------------------------------------------------
    Atom1     Atom2       Rij      Threshold
 ---------- ---------- ---------- ----------
        2        13     1.50248    1.61761
        6         8     2.16267    2.26767
        7        16     1.59129    1.61761
        9        18     1.29337    1.61761
       10        19     1.24799    1.61761
       21        32     1.01539    1.55713
       23        24     1.36470    2.08626
       26        36     1.21103    1.61761
       27        28     2.02016    2.20720
       29        31     1.45279    2.20720
       31        43     1.50695    1.55713
       47        48     1.70314    2.08626
       61        70     1.36953    1.55713
       63        64     1.92746    2.08626
       65        72     1.52541    1.61761
       66        74     1.50531    1.61761
       69        76     1.09249    1.55713
       80        81     1.24081    2.08626
       82        91     1.39163    1.61761
       87        96     1.56199    1.61761
       88        97     1.36077    1.61761
       99       100     2.15760    2.26767
      109       110     1.82868    2.20720
      116       117     2.11274    2.20720
      116       128     1.10064    1.55713
      118       129     1.09145    1.55713
      119       132     1.36315    1.55713
      137       142     1.40372    1.61761
      139       145     1.25501    1.61761
      147       148     2.07716    2.20720
      154       164     1.20169    1.61761
      171       177     1.41012    1.61761
      188       194     1.22689    1.61761
      208       209     1.84119    2.08626
      212       221     1.53121    1.61761
      225       226     2.19445    2.20720
      227       244     1.58337    2.20720
      230       237     0.90639    1.61761
      231       240     1.45694    1.61761
      232       243     1.29559    1.61761
      245       249     1.59431    1.61761
      246       251     1.47673    2.20720
      253       254     1.69888    2.08626
      255       258     1.39169    1.61761
      263       281     1.96850    2.20720
      265       275     1.49390    1.61761
      268       270     1.06796    2.26767
      282       290     1.36979    1.61761
      319       320     1.98765    2.08626
      327       335     1.35483    1.55713
      328       329     1.99801    2.26767
      332       338     1.35621    1.61761
      333       342     1.51126    1.61761
      334       343     1.50053    1.61761
      357       365     1.59848    1.61761
      360       361     2.02148    2.26767
      361       367     1.60529    1.61761
      363       374     1.45958    1.61761
      376       384     1.37613    1.61761
      379       386     1.59396    1.61761
 --------------------------------------------------
---------------------------------------------------------------------------------------
FINAL ENERGY: -8969.3886859351 a.u.
DISPERSION CONTRIBUTION TO ENERGY: -3.5041827396 a.u.
C-PCM contribution to final energy:-0.7800194552 a.u. ( already included in final energy )
Computing C-PCM contribution to gradient...
CENTER OF MASS: {29.049572, 38.099095, 24.909281} ANGS
DIPOLE MOMENT: {20.956215, -38.620487, 23.755497} (|D| = 49.950261) DEBYE
Cannot open /tmp/lum/6i5a/refine6/ase/14/scr
Writing out molden info

Gradient units are Hartree/Bohr
---------------------------------------------------
        dE/dX            dE/dY            dE/dZ
   -0.0062648907     0.0100121005    -0.1649892741
   -0.3742671860    -0.2100972148    -0.4294616895
    0.2328896582     0.0139562656     0.0290227706
   -0.0600379327     0.0074868238    -0.0057590948
   -0.0161363595    -0.2507414973    -0.0938266125
    0.2306919728    -0.1867422742     0.2325044087
   -0.1735501896     0.4472937243    -0.1593859646
   -0.3093143313     0.3401089066    -0.2810051254
   -0.8045162438    -0.5520735057    -0.8064112017
    0.8294536444    -0.6342347333     0.7502710989
    0.1125343788    -0.0430739053     0.1046023580
    0.0565681484    -0.0458205025     0.0880244915
    0.2476123093     0.1938724351     0.3977310769
    0.0367556899     0.0332218152     0.0631342327
   -0.0205151223     0.0481039196     0.0145687807
    0.2280687975    -0.1840195701     0.2022067566
    0.0413740287    -0.0168723974     0.0298083768
    0.6874017462     0.3836851008     0.7054467987
   -0.8278269935     0.4610916638    -0.7684707764
    0.0073199999     0.1197290744     0.0106298671
    1.0722155035     2.2280175201    -1.0465759173
    0.0263644422    -0.1974412710     0.1318746852
   -2.2218696999    -4.0688433761     2.0557341926
    2.2123765937     4.2157841858    -2.1807838615
    0.0130065600     0.2716489510    -0.2218231597
    0.6429759821    -0.8923048731     1.1119270742
   -0.1237131149     0.5534867627    -0.4554110812
    0.3188146466    -0.4629448468     0.3430993852
   -2.9052673577     1.6954771198    -1.8209266146
   -0.1886196371    -0.0818515905     0.0316248025
    2.5799814068    -1.6005607915     1.6938494064
   -0.9388713887    -2.2121785216     1.0784232671
   -0.0509128817     0.0281393929    -0.0830731725
    0.0212186988    -0.0904055150     0.1592763308
   -0.0103042034    -0.0246228092     0.0193323356
   -0.6510206152     0.7312430598    -0.9722831978
    0.0163305026     0.0420307043    -0.0497050455
   -0.0215147673    -0.0249202019     0.0438047048
   -0.0180025519     0.0141300819    -0.0258321609
   -0.0799324735     0.0109143716    -0.0237670306
    0.0292736536    -0.0086551725     0.0116166051
    0.0408541390     0.0235040723    -0.0134644203
    0.3374172009    -0.0927985446     0.1424217219
   -0.0067188163    -0.0043220668    -0.0014272075
    0.0896376706    -0.0172470530    -0.1163364096
   -0.0819994586     0.0660290565     0.1490592925
   -0.6410554113    -1.1398432042     0.6121792033
    0.7015680515     1.0431920592    -0.6436271163
    0.1631069027     0.1376257727    -0.1805371382
   -0.3724248608     0.0163041928     0.1888216423
   -0.0222250314     0.0931935969     0.3311687247
   -0.0009867507    -0.0265432279    -0.0126591304
   -0.0225883065    -0.0464548320    -0.0110870377
    0.0455353760    -0.0989914894    -0.0358800617
    0.0400314789     0.0178411313    -0.0009363755
    0.2882473908    -0.0044781076    -0.1125864324
    0.0275417413    -0.0623741074    -0.0315284399
   -0.1616660958    -0.0263116740    -0.1285441631
    0.0164365415    -0.0661643501    -0.0368941419
   -0.0055456632     0.0084128152    -0.0607815836
    0.2758613843     0.6682603765    -0.3336813324
   -0.1258788687     0.0281266772     0.1224541671
   -0.2846720045    -0.4211579727     0.2572295302
    0.2859957170     0.3777112264    -0.3992319270
    0.3257225048     0.3501352258     0.1020464202
   -0.2518002707    -0.5220026731    -0.2134771056
   -0.0384095327     0.1475959488    -0.1761015496
    0.0277226524    -0.0636646757     0.0600222050
    1.0054437064    -1.1783775469     1.5232038431
   -0.2767310875    -0.5678345674     0.3008867678
    0.0139675114    -0.0062479474    -0.0010066255
   -0.1886004818    -0.3413292610    -0.2417845971
    0.0095878821    -0.0214172957     0.0877928114
    0.2059087867     0.4215398667     0.1805841366
    0.0239999132    -0.0025849331     0.0713060833
   -0.9934715107     1.1347133873    -1.3190056996
   -0.0113592290     0.0146358410    -0.0969956035
    0.0641560730    -0.0021682730     0.0660604443
   -0.0640835546     0.0756099441    -0.1824374094
   -3.2187300072    -6.7308401102     2.3773063841
    3.1870294849     6.7177640617    -2.3776213581
   -0.1442030203     0.7114165321    -0.2621333309
   -0.0951724044    -0.0031428555    -0.1218581229
   -0.1998108969    -0.3596611887     0.1518429424
   -0.0247697563     0.2676960292    -0.1613774092
    0.0144602500     0.1807049255    -0.1579242990
    0.2718052390     0.3396465433    -0.1090577659
    0.8072678496    -0.0819786398     0.4436723912
    0.0100538761    -0.0874039708    -0.0055125682
    0.0262971150    -0.0505417216     0.0180171885
    0.1275309987    -0.6584701383     0.3340348205
    0.0425125410    -0.0041048397    -0.0269152224
    0.2002354058     0.2097252460    -0.0052988778
    0.0648918427    -0.1769511431     0.1775906473
   -0.0032907603    -0.0416299397     0.0409916664
   -0.2692849458    -0.2992164592     0.0286514849
   -0.7744886854    -0.0457121166    -0.3031992554
    0.0643221821    -0.0668343821     0.0732964505
   -0.1118584436    -0.5582864141    -0.3095885739
    0.2266265706     0.5496172426     0.1811189004
   -0.1298077677    -0.0830533383     0.0168284545
    0.1344556830    -0.0611714903    -0.0548307562
   -0.1316663660     0.0162839142     0.0063969482
    0.0381869196     0.0690783680    -0.0223442859
    0.0053926978     0.0022435879     0.0543794231
   -0.0415526219    -0.0020372869     0.0062630520
   -0.0117846484     0.0713908771     0.0329271395
    0.0883385953    -0.0144798009     0.0118846215
   -0.0013082578     1.4606548076     0.0847741261
    0.2780119983    -1.2661064799     0.0011678990
   -0.1149064797    -0.1922928491    -0.0295478366
    0.0305416677     0.1354742718     0.0170394156
    0.1077724461    -0.0105977069     0.1814813454
    0.0837734422     0.1345335312    -0.3040148407
   -0.2950021155    -0.2217645855    -0.1237075399
    0.0859912679     0.4672268033    -1.6545998427
    0.0718775604    -0.0780617295    -0.3921977513
    0.4458954458    -1.9338379428    -0.6934103892
   -0.0888531317     0.4260742414     0.6424503117
    0.0025230108    -0.0765039188    -0.0554030876
   -0.1819777545    -0.1338874650    -0.0088855656
    0.0030116106     0.0062918718    -0.0510895816
   -0.0565033760    -0.0150144700    -0.0269921716
    0.1681022782     0.0073740478     0.1926771674
   -0.0314603083     0.0117036092     0.0476285995
    0.0689865503     0.0080410154     0.0597306640
   -0.0311173197     0.0056376113     0.0689537128
   -0.1504117269    -0.2485586688     1.9134038302
   -0.4218013308     1.7938778740     0.7812937174
   -0.0098653869     0.0705706571    -0.0087826399
    0.0091437184    -0.0893386010     0.0297185134
    0.0816254087    -0.3918408036    -0.5937707250
   -0.1055707011     0.0206674596     0.0533617819
    0.0232481966     0.2813874277    -0.3138103684
   -0.4038482755    -0.1557217306     0.1749253084
    0.0751634323    -0.0730729667     0.0242331576
   -0.1742011670     0.6895075037     0.1806693158
    0.1047047726    -0.0617695764     0.0240278364
    0.9960644489    -0.6883742229     0.3989825001
    0.2271884031    -0.1179471239     0.1454913482
    0.0500558850    -0.0177023456     0.0159314831
    0.0076930858    -0.6997866615    -0.2034463733
   -0.0165467239     0.0027917737    -0.0711136851
   -0.0243151536     0.0544466748    -0.0008293827
   -0.8997102637     0.6658151311    -0.4246390255
   -0.0732043004    -0.0407085377     0.0001236279
    0.6967689916     0.2560122438    -0.3185699173
   -0.5223070126    -0.1696156243     0.2104422245
    0.0479316463     0.2390082489    -0.2151229282
   -0.1221394372    -0.1976284702     0.1526677674
    0.2316107403     0.0560884895    -0.1419237019
    0.1557302798     0.0789848626     0.0668459028
   -0.0600289183     0.0678928167     0.2326457378
    1.3456665065     0.1990199939    -0.6546222511
   -0.0140905561    -0.0565956562     0.0236637304
   -0.0352483818     0.0301482483     0.0011843745
   -0.0213063428     0.0128394266    -0.0089755366
   -0.1731879191    -0.0512404422     0.1303091346
   -0.0541698760    -0.0333587324     0.0206602880
   -0.0436552972     0.0075883175    -0.1684942104
   -0.0102095115    -0.0572943447    -0.0285093130
    0.0482845122     0.0116598235    -0.0468546606
   -0.0029358283    -0.0125987143     0.0735542069
   -1.3198708565    -0.3099198674     0.4711178863
   -0.0613948359     0.0483051174     0.0370730763
    0.0365252974    -0.0010491389     0.1748899233
   -0.1473584631    -0.0722747672    -0.1251172491
    0.1819810659     0.0029018561    -0.1208205329
   -0.0364762849    -0.0555132298     0.0762957717
    0.3047898869     0.0925325684     0.0065503551
   -0.5755457955     0.6558307123    -0.0998144180
   -0.1643485837    -0.1530747663     0.0727625152
    0.0066703227    -0.0065080778    -0.0266315488
   -0.0301086395    -0.0039953580     0.0000331997
   -0.0373404419    -0.0137656560     0.0164842053
    0.0130564623    -0.0566778441    -0.0145213833
    0.4100351545    -0.5672633327     0.1092903739
    0.0628273814     0.0037326207    -0.0006849771
    0.0748118774     0.1264346431     0.0612686252
    0.0284036401     0.0212175603    -0.0366989397
   -0.0160185223     0.0092647628    -0.0602366004
   -0.2089516153     0.0497057421     0.1118257821
    0.1569992289     0.0999375256     0.1114807370
   -0.2647972832    -0.4152910874     0.0023318604
    0.0333241735     0.0986971103    -0.0778868935
    0.1355627161    -0.0973479970     0.2064450699
   -0.0359069787     0.0713861479    -0.1529672390
    0.7287831009     1.1905768732     0.0756415940
    0.0269023412     0.0925241377    -0.1004724875
    0.0023943629     0.0102612664    -0.0516071023
   -0.0481399527     0.0157339197    -0.1608458744
    0.0346240088    -0.0567352313     0.0952705795
    0.0178457464    -0.0231140226    -0.0287860044
   -0.7537817966    -1.0831349497     0.0223262227
   -0.0224429115    -0.0213110913    -0.0693877749
    0.2123468077     0.2309311911     0.0891156746
   -0.2184433853     0.0873661164    -0.0311836589
    0.1976007347     0.0609979523    -0.1945865024
   -0.0655317038    -0.0682332747     0.0930055096
   -0.0110490953    -0.0654439283     0.0151397976
   -0.0339880050    -0.0540868839    -0.0017709190
    0.0846345013    -0.1258708238     0.0134757623
    0.0228919603     0.0308332038    -0.0032605554
   -0.0098080032     0.0022622442     0.0080263602
    0.0081342935    -0.0000584526     0.0047709981
   -0.1105306322    -0.3045684437     0.2269783573
    0.0064399753     0.1109170655     0.0214990065
    0.4096162750     0.6032454430    -0.5234523515
   -0.3833222899    -0.5655782336     0.5609094086
   -0.0278862601    -0.1853305760    -0.1846047936
   -0.1817622383     0.0285846355     0.2152202386
    0.3402687621    -0.0484420930     0.3454013432
   -0.1022615894     0.0058970727    -0.1111824524
    0.0400948940     0.2121629044    -0.1441862166
   -0.0045958130     0.0023916912    -0.0173422099
    0.0260039970     0.0096999095     0.0337220962
    0.1030736306     0.0770897216     0.0021974580
    0.0086272294    -0.0359307801    -0.0132535126
   -0.0583724740     0.0183739782     0.0786169440
   -0.0523568988     0.0610241331    -0.0097681220
   -0.1457621770    -0.0344543399    -0.4296824016
   -0.0098322410    -0.0088249267     0.0472598454
    0.0327406133    -0.0103951773     0.0348323421
    0.0645022547     0.0639747703    -0.0025912530
   -0.2167085897     0.1223710768    -0.4503971222
    0.1431572617    -0.1291992993     0.3405255662
   -1.2383298521     1.3394056908     2.1523384768
    0.0248452454     0.0099923833    -0.0746171050
   -0.0496252791    -0.0450293488    -0.0140214153
    1.3498214468    -2.3027236458     2.9219835989
   -0.4563195331     0.3029931887    -0.5404944101
    1.0375972323     0.5029946257     0.0139612664
    0.0011987052    -0.0390548640     0.0565210046
    0.0476748583    -0.0325209190    -0.0433798463
    0.0022269754     0.0064146463     0.0077996828
   -0.0263730037     0.0495595557    -0.0401864290
   -1.2043445382     2.2732917095    -2.7453794653
    0.0293638262    -0.0418997545     0.0208512340
   -0.0134913092     0.0090659564     0.0793165322
    0.3754768975    -0.2616886483     0.3931153487
   -0.0248169587    -0.0779405441    -0.0110403139
   -0.0567826812     0.0049692249    -0.0664234563
   -0.9694121318    -0.4096495530    -0.0111619503
    1.1921478853    -1.1437076183    -2.0648392023
   -0.2282837977    -0.0573739045    -0.3781549361
    3.3534462420    -0.8796302484     1.6536752068
   -0.0171188559     0.0301189028     0.0060315349
   -0.0085652687    -0.0219318513     0.0396080378
    0.2094330847    -0.1394448535     0.2442029441
   -0.0226556871     0.0405159619     0.0815180754
   -3.2983740147     0.9481901148    -1.6297187809
   -0.0840048473    -0.2436916782    -0.1088882718
    0.9264275850     1.1671758600    -0.4210259682
   -0.9576538390    -1.1544854943     0.4619655195
    0.7388886337     0.5355437058     0.0159458691
    0.0188621108    -0.0470269211     0.0184371154
    0.0102303674     0.0700563388     0.0107234105
   -0.6403309862    -0.3980647260     0.0517674926
   -0.0228120730    -0.0203413967    -0.0036674787
   -0.0165945848    -0.0534217684    -0.0400420752
    0.1179856802     0.1789711886     0.0619377127
   -0.1917278480     0.0226034902    -0.2286546783
   -0.6124726636     0.1312778612     0.3838424180
    0.0318612022     0.0021979067    -0.0748365185
    0.1229690408     0.1661306978    -0.5097167419
    0.2597020346     0.0618576095    -0.0312337088
   -0.0924222661    -0.2886577900     0.1449762238
    6.6430566950    -8.1059702911     3.4388166566
   -0.2408985410     0.3101422891    -0.1040811135
   -6.3505418596     8.0093887130    -3.4636918714
   -0.3214854182     0.0291002294     0.0353071353
   -0.0493410110    -0.0809159301     0.0089337007
    0.0628741468    -0.0041638559     0.0446494387
   -0.0409102410     0.0144285555     0.0184378503
   -0.0321328521    -0.1521474626     0.4999160732
    0.0271594370    -0.0097396478     0.0094489152
   -0.0234125869    -0.0054402177     0.0094537134
    0.0545753938    -0.0262461394     0.0056706865
   -0.0154477575    -0.0017714775     0.0061459850
    0.0597678158     0.0064070251    -0.0241873195
    0.6437507005    -0.1569734839    -0.2602427198
    0.0344669151    -0.0122223610    -0.7892586946
   -0.0308132788    -0.4800584634    -0.0435429716
   -0.0649762614     0.1530675011     0.0539945389
   -0.0841925631    -0.3476110875    -0.0414696480
    0.2153659890     0.0844391963    -0.1114873955
   -0.0422982004    -0.0426801426     0.0865181379
   -0.1037576622    -0.0230848462     0.0355254725
    0.0036286662    -0.0186413321     0.0463417221
    0.0230997454     0.2360086572     0.7703293288
    0.0092366794     0.2857481792    -0.0226548852
   -0.0155510655     0.0246315040     0.0812052900
    0.1646439389     0.3573376398    -0.0296914564
   -0.0220281125    -0.1757060205    -0.0088847021
   -0.1719015430     0.1029747926     0.0353498390
    0.1153506468    -0.0809232628    -0.0671262647
    0.1954972666    -0.1990514039    -0.0636037041
    0.0988813407     0.0311042477     0.1027577385
    0.1289783613    -0.0594920915     0.1399123359
   -0.0345555035    -0.0364353432     0.0114383425
   -0.0460539671     0.0203759868    -0.0070816964
   -0.1831319135     0.1639634495     0.0548183569
   -0.1002526910    -0.0068764385    -0.1170163201
   -0.0740077528    -0.0257933796    -0.0815621978
   -0.0017515791     0.0221066710    -0.0435416688
   -0.0539042806     0.0515161467     0.0014027549
   -0.1142063544    -0.2281917595     0.0391520662
    0.1239854607     0.0232664820     0.1376178084
    0.0322970723    -0.0392296657    -0.0088148717
    0.0004295016     0.1347736614    -0.0204525908
   -0.0424436239    -0.1684243025    -0.0372838976
   -0.0047986130     0.1131241796    -0.0315272301
   -0.0143753765     0.0321020130    -0.0071871055
    0.0476318348     0.1031183714     0.0559688917
   -0.0442331178     0.0613621409    -0.0141866154
    0.0182035693     0.0238864035    -0.0205023785
    0.0943725304    -0.1448044968     0.1848880849
   -0.3245696166     0.2251656526    -0.0036887938
   -0.0207991460    -0.4109683364     0.2443245283
    0.0861240083     0.3533330093    -0.1285361426
    0.3548435596    -0.1522476475     0.1374934696
   -0.0416226042     0.0856609807    -0.0506034434
    0.0214690087     0.0078827863    -0.1514222339
   -0.0500105511    -0.0279153416     0.0058458703
   -0.0032732569     0.0166547267     0.0086877404
   -0.0242638024     0.0200798506    -0.0659543454
    0.1759874499     0.8141077927    -0.3756755750
    0.6756495027    -0.6489668860     0.4821107744
   -0.5052944506     0.4582862089    -0.4195634405
    0.0215966266     0.0995775496     0.0006649654
   -0.0657813063     0.1185498761     0.0122920106
   -0.5852492170    -0.8277064763    -0.1724292930
   -0.4185718702    -0.4112512961     0.0492809176
   -0.4678572299     0.2702250765    -0.2602283408
   -0.1999530581    -0.6791068902     0.2596580481
   -0.0714028003     0.0022902612     0.0086363493
    0.0615037627     0.0252386992     0.0226252418
    0.5150690097     0.6695305712     0.0944687590
    0.0241053929     0.0685253078     0.0394588098
    0.0086538859     0.0287018592     0.0152290435
    0.0360841321     0.0066738816     0.0106532024
    0.3699683052     0.3111597798    -0.0636892534
    0.3877180430    -0.1639346455     0.2919216334
    0.0593982473     0.0144062880    -0.0068542878
    0.0391657674    -0.0549185787    -0.0245320954
   -0.0913721051    -0.0933319031     0.1459778762
    0.1205625255    -0.2129457260    -0.2098755749
   -0.1350182675    -0.0675104896     0.2270709920
    0.0451727248     0.1714220695    -0.0674466761
   -0.0190275406     0.3020076460     0.1089784018
   -0.0025064328     0.0998143543    -0.0425556485
   -0.0063949031     0.0116582896     0.0677522583
   -0.0389158384    -0.0568625952    -0.0066416637
    0.1167899932    -0.1542994162    -0.1011706493
   -0.0194205348    -0.0228976166     0.0649586423
    0.1265896314     0.1749664143    -0.1724082333
   -0.0687567421    -0.3265993852     0.0198506459
   -0.1092315171     0.2665052479    -0.1403458296
   -0.0246250168    -0.1293309568     0.0261618026
   -0.6728109944     0.1126935254    -0.6516070990
    0.3202025578    -0.3968589340     0.5023501367
    0.3119531452     0.0534583952    -0.1439574365
    0.2874504657    -0.4603059003    -0.2411755109
   -0.0310539509    -0.0994401482     0.0582062686
    0.2177142595     0.2027747638     0.1632674699
    0.0711305408     0.0235523981     0.0270903810
    0.1990627116     0.2176632836     0.1586859294
   -0.0249841094     0.0464320045     0.0231841659
   -0.1194769324    -0.0526437125     0.2645803221
   -0.0747598453     0.0243987457    -0.1128536307
   -0.0580960978    -0.0338050732    -0.0012593830
    0.0860624343    -0.0308505446     0.0777507912
    0.0304649798     0.0682224035     0.0442806319
   -0.3942009368     0.4396926326     0.0743034565
   -0.0123851073     0.2484570458    -0.0862378243
   -0.7199393779    -0.3583641131     0.4855849379
    0.1610122208     0.1667110820    -0.0963387082
   -0.0474059161    -0.1698752471     0.0552898895
    0.4404842566     0.1544399331    -0.1604917760
   -0.0190908714    -0.1510330899     0.0213383957
    0.1918717671    -0.0789749321     0.1855686033
   -0.1038777159    -0.3168158570    -0.1522704999
   -0.0017222057    -0.1395086788     0.1801008866
    0.5066317189     0.3040839484    -0.5337526875
   -0.0651106809     0.0330496392     0.0097119770
   -0.2090360340    -0.1422813653     0.2493385764
   -0.0866981386     0.0729707019     0.0175418899
   -0.0075866912    -0.0035634785    -0.0426556463
   -0.0558044090     0.0728164913    -0.1963209061
   -0.0533262767     0.0514639654     0.0058238538
    0.0587423492     0.2096632285     0.1868638209
   -0.0348150881     0.0636407848     0.0012158701
    0.0652609361     0.0489407255    -0.0387214699
   -0.0282447668     0.0889791507     0.1085306143
   -0.0638505621    -0.0333908427    -0.0266706399
   -0.1233337376     0.0867951555    -0.0740654634
    0.0093031637    -0.1320426002     0.1384294043
   -0.0587343591     0.0713734059     0.0966596231
   -0.0088516041     0.0087438313     0.0772577860
   -0.1079871526     0.0764839340     0.0269801696
   -0.0422708613     0.0378093890     0.0451000758
   -0.1114994252     0.0890557387    -0.0535338459
    0.0618448777     0.0429649713    -0.0220272689
    0.0972952053     0.0230210448     0.0833036770
    0.0348134985    -0.0429455956     0.0436097625
    0.0633178271    -0.0374194534    -0.1117684489
   -0.0654992161    -0.0222082872     0.0251929653
   -0.0848224470    -0.0298607241    -0.1117361078
   -0.0636217709    -0.0458185009    -0.0328256956
    0.0021917089    -0.0387059667    -0.1236387415
   -0.0478638330    -0.0344673661    -0.0353831376
    0.0611283161    -0.0445904313    -0.1173979668
   -0.0639517004    -0.0201004173     0.0205515097
---------------------------------------------------
Net gradient:  1.605229e-09  2.973575e-09  1.968574e-09
Net torque:    9.698485e-04  2.744413e-03 -7.686784e-03

Total processing time: 356.68 sec 

 Job finished: Mon May 27 13:11:39 2019

